[2023-03-03T16:00:10.679+0100] {processor.py:154} INFO - Started process (PID=57091) to work on /Users/uab910/dev/nnam-poc/pyenv/lib/python3.10/site-packages/airflow/example_dags/plugins/workday.py
[2023-03-03T16:00:10.684+0100] {processor.py:756} INFO - Processing file /Users/uab910/dev/nnam-poc/pyenv/lib/python3.10/site-packages/airflow/example_dags/plugins/workday.py for tasks to queue
[2023-03-03T16:00:10.685+0100] {logging_mixin.py:137} INFO - [2023-03-03T16:00:10.684+0100] {dagbag.py:537} INFO - Filling up the DagBag from /Users/uab910/dev/nnam-poc/pyenv/lib/python3.10/site-packages/airflow/example_dags/plugins/workday.py
[2023-03-03T16:00:10.699+0100] {processor.py:768} WARNING - No viable dags retrieved from /Users/uab910/dev/nnam-poc/pyenv/lib/python3.10/site-packages/airflow/example_dags/plugins/workday.py
[2023-03-03T16:00:10.841+0100] {processor.py:176} INFO - Processing /Users/uab910/dev/nnam-poc/pyenv/lib/python3.10/site-packages/airflow/example_dags/plugins/workday.py took 0.163 seconds
[2023-03-03T16:02:07.895+0100] {processor.py:154} INFO - Started process (PID=57159) to work on /Users/uab910/dev/nnam-poc/pyenv/lib/python3.10/site-packages/airflow/example_dags/plugins/workday.py
[2023-03-03T16:02:07.900+0100] {processor.py:756} INFO - Processing file /Users/uab910/dev/nnam-poc/pyenv/lib/python3.10/site-packages/airflow/example_dags/plugins/workday.py for tasks to queue
[2023-03-03T16:02:07.900+0100] {logging_mixin.py:137} INFO - [2023-03-03T16:02:07.900+0100] {dagbag.py:537} INFO - Filling up the DagBag from /Users/uab910/dev/nnam-poc/pyenv/lib/python3.10/site-packages/airflow/example_dags/plugins/workday.py
[2023-03-03T16:02:07.915+0100] {processor.py:768} WARNING - No viable dags retrieved from /Users/uab910/dev/nnam-poc/pyenv/lib/python3.10/site-packages/airflow/example_dags/plugins/workday.py
[2023-03-03T16:02:08.056+0100] {processor.py:176} INFO - Processing /Users/uab910/dev/nnam-poc/pyenv/lib/python3.10/site-packages/airflow/example_dags/plugins/workday.py took 0.162 seconds
[2023-03-03T16:02:37.655+0100] {processor.py:154} INFO - Started process (PID=57211) to work on /Users/uab910/dev/nnam-poc/pyenv/lib/python3.10/site-packages/airflow/example_dags/plugins/workday.py
[2023-03-03T16:02:37.660+0100] {processor.py:756} INFO - Processing file /Users/uab910/dev/nnam-poc/pyenv/lib/python3.10/site-packages/airflow/example_dags/plugins/workday.py for tasks to queue
[2023-03-03T16:02:37.661+0100] {logging_mixin.py:137} INFO - [2023-03-03T16:02:37.661+0100] {dagbag.py:537} INFO - Filling up the DagBag from /Users/uab910/dev/nnam-poc/pyenv/lib/python3.10/site-packages/airflow/example_dags/plugins/workday.py
[2023-03-03T16:02:37.673+0100] {processor.py:768} WARNING - No viable dags retrieved from /Users/uab910/dev/nnam-poc/pyenv/lib/python3.10/site-packages/airflow/example_dags/plugins/workday.py
[2023-03-03T16:02:37.801+0100] {processor.py:176} INFO - Processing /Users/uab910/dev/nnam-poc/pyenv/lib/python3.10/site-packages/airflow/example_dags/plugins/workday.py took 0.146 seconds
[2023-03-03T16:03:53.732+0100] {processor.py:154} INFO - Started process (PID=57274) to work on /Users/uab910/dev/nnam-poc/pyenv/lib/python3.10/site-packages/airflow/example_dags/plugins/workday.py
[2023-03-03T16:03:53.737+0100] {processor.py:756} INFO - Processing file /Users/uab910/dev/nnam-poc/pyenv/lib/python3.10/site-packages/airflow/example_dags/plugins/workday.py for tasks to queue
[2023-03-03T16:03:53.737+0100] {logging_mixin.py:137} INFO - [2023-03-03T16:03:53.737+0100] {dagbag.py:537} INFO - Filling up the DagBag from /Users/uab910/dev/nnam-poc/pyenv/lib/python3.10/site-packages/airflow/example_dags/plugins/workday.py
[2023-03-03T16:03:53.752+0100] {processor.py:768} WARNING - No viable dags retrieved from /Users/uab910/dev/nnam-poc/pyenv/lib/python3.10/site-packages/airflow/example_dags/plugins/workday.py
[2023-03-03T16:03:53.885+0100] {processor.py:176} INFO - Processing /Users/uab910/dev/nnam-poc/pyenv/lib/python3.10/site-packages/airflow/example_dags/plugins/workday.py took 0.154 seconds
[2023-03-03T16:05:09.931+0100] {processor.py:154} INFO - Started process (PID=57324) to work on /Users/uab910/dev/nnam-poc/pyenv/lib/python3.10/site-packages/airflow/example_dags/plugins/workday.py
[2023-03-03T16:05:09.937+0100] {processor.py:756} INFO - Processing file /Users/uab910/dev/nnam-poc/pyenv/lib/python3.10/site-packages/airflow/example_dags/plugins/workday.py for tasks to queue
[2023-03-03T16:05:09.938+0100] {logging_mixin.py:137} INFO - [2023-03-03T16:05:09.938+0100] {dagbag.py:537} INFO - Filling up the DagBag from /Users/uab910/dev/nnam-poc/pyenv/lib/python3.10/site-packages/airflow/example_dags/plugins/workday.py
[2023-03-03T16:05:09.952+0100] {processor.py:768} WARNING - No viable dags retrieved from /Users/uab910/dev/nnam-poc/pyenv/lib/python3.10/site-packages/airflow/example_dags/plugins/workday.py
[2023-03-03T16:05:10.083+0100] {processor.py:176} INFO - Processing /Users/uab910/dev/nnam-poc/pyenv/lib/python3.10/site-packages/airflow/example_dags/plugins/workday.py took 0.152 seconds
[2023-03-03T16:06:27.202+0100] {processor.py:154} INFO - Started process (PID=57370) to work on /Users/uab910/dev/nnam-poc/pyenv/lib/python3.10/site-packages/airflow/example_dags/plugins/workday.py
[2023-03-03T16:06:27.208+0100] {processor.py:756} INFO - Processing file /Users/uab910/dev/nnam-poc/pyenv/lib/python3.10/site-packages/airflow/example_dags/plugins/workday.py for tasks to queue
[2023-03-03T16:06:27.208+0100] {logging_mixin.py:137} INFO - [2023-03-03T16:06:27.208+0100] {dagbag.py:537} INFO - Filling up the DagBag from /Users/uab910/dev/nnam-poc/pyenv/lib/python3.10/site-packages/airflow/example_dags/plugins/workday.py
[2023-03-03T16:06:27.231+0100] {processor.py:768} WARNING - No viable dags retrieved from /Users/uab910/dev/nnam-poc/pyenv/lib/python3.10/site-packages/airflow/example_dags/plugins/workday.py
[2023-03-03T16:06:27.363+0100] {processor.py:176} INFO - Processing /Users/uab910/dev/nnam-poc/pyenv/lib/python3.10/site-packages/airflow/example_dags/plugins/workday.py took 0.162 seconds
[2023-03-03T16:07:48.736+0100] {processor.py:154} INFO - Started process (PID=57422) to work on /Users/uab910/dev/nnam-poc/pyenv/lib/python3.10/site-packages/airflow/example_dags/plugins/workday.py
[2023-03-03T16:07:48.742+0100] {processor.py:756} INFO - Processing file /Users/uab910/dev/nnam-poc/pyenv/lib/python3.10/site-packages/airflow/example_dags/plugins/workday.py for tasks to queue
[2023-03-03T16:07:48.743+0100] {logging_mixin.py:137} INFO - [2023-03-03T16:07:48.742+0100] {dagbag.py:537} INFO - Filling up the DagBag from /Users/uab910/dev/nnam-poc/pyenv/lib/python3.10/site-packages/airflow/example_dags/plugins/workday.py
[2023-03-03T16:07:48.758+0100] {processor.py:768} WARNING - No viable dags retrieved from /Users/uab910/dev/nnam-poc/pyenv/lib/python3.10/site-packages/airflow/example_dags/plugins/workday.py
[2023-03-03T16:07:48.885+0100] {processor.py:176} INFO - Processing /Users/uab910/dev/nnam-poc/pyenv/lib/python3.10/site-packages/airflow/example_dags/plugins/workday.py took 0.150 seconds
[2023-03-03T16:09:04.943+0100] {processor.py:154} INFO - Started process (PID=57479) to work on /Users/uab910/dev/nnam-poc/pyenv/lib/python3.10/site-packages/airflow/example_dags/plugins/workday.py
[2023-03-03T16:09:04.949+0100] {processor.py:756} INFO - Processing file /Users/uab910/dev/nnam-poc/pyenv/lib/python3.10/site-packages/airflow/example_dags/plugins/workday.py for tasks to queue
[2023-03-03T16:09:04.949+0100] {logging_mixin.py:137} INFO - [2023-03-03T16:09:04.949+0100] {dagbag.py:537} INFO - Filling up the DagBag from /Users/uab910/dev/nnam-poc/pyenv/lib/python3.10/site-packages/airflow/example_dags/plugins/workday.py
[2023-03-03T16:09:04.965+0100] {processor.py:768} WARNING - No viable dags retrieved from /Users/uab910/dev/nnam-poc/pyenv/lib/python3.10/site-packages/airflow/example_dags/plugins/workday.py
[2023-03-03T16:09:05.092+0100] {processor.py:176} INFO - Processing /Users/uab910/dev/nnam-poc/pyenv/lib/python3.10/site-packages/airflow/example_dags/plugins/workday.py took 0.150 seconds
[2023-03-03T16:10:21.897+0100] {processor.py:154} INFO - Started process (PID=57518) to work on /Users/uab910/dev/nnam-poc/pyenv/lib/python3.10/site-packages/airflow/example_dags/plugins/workday.py
[2023-03-03T16:10:21.903+0100] {processor.py:756} INFO - Processing file /Users/uab910/dev/nnam-poc/pyenv/lib/python3.10/site-packages/airflow/example_dags/plugins/workday.py for tasks to queue
[2023-03-03T16:10:21.903+0100] {logging_mixin.py:137} INFO - [2023-03-03T16:10:21.903+0100] {dagbag.py:537} INFO - Filling up the DagBag from /Users/uab910/dev/nnam-poc/pyenv/lib/python3.10/site-packages/airflow/example_dags/plugins/workday.py
[2023-03-03T16:10:21.918+0100] {processor.py:768} WARNING - No viable dags retrieved from /Users/uab910/dev/nnam-poc/pyenv/lib/python3.10/site-packages/airflow/example_dags/plugins/workday.py
[2023-03-03T16:10:22.046+0100] {processor.py:176} INFO - Processing /Users/uab910/dev/nnam-poc/pyenv/lib/python3.10/site-packages/airflow/example_dags/plugins/workday.py took 0.150 seconds
[2023-03-03T16:11:39.621+0100] {processor.py:154} INFO - Started process (PID=57565) to work on /Users/uab910/dev/nnam-poc/pyenv/lib/python3.10/site-packages/airflow/example_dags/plugins/workday.py
[2023-03-03T16:11:39.626+0100] {processor.py:756} INFO - Processing file /Users/uab910/dev/nnam-poc/pyenv/lib/python3.10/site-packages/airflow/example_dags/plugins/workday.py for tasks to queue
[2023-03-03T16:11:39.627+0100] {logging_mixin.py:137} INFO - [2023-03-03T16:11:39.627+0100] {dagbag.py:537} INFO - Filling up the DagBag from /Users/uab910/dev/nnam-poc/pyenv/lib/python3.10/site-packages/airflow/example_dags/plugins/workday.py
[2023-03-03T16:11:39.643+0100] {processor.py:768} WARNING - No viable dags retrieved from /Users/uab910/dev/nnam-poc/pyenv/lib/python3.10/site-packages/airflow/example_dags/plugins/workday.py
[2023-03-03T16:11:39.768+0100] {processor.py:176} INFO - Processing /Users/uab910/dev/nnam-poc/pyenv/lib/python3.10/site-packages/airflow/example_dags/plugins/workday.py took 0.148 seconds
[2023-03-03T16:12:54.548+0100] {processor.py:154} INFO - Started process (PID=57604) to work on /Users/uab910/dev/nnam-poc/pyenv/lib/python3.10/site-packages/airflow/example_dags/plugins/workday.py
[2023-03-03T16:12:54.554+0100] {processor.py:756} INFO - Processing file /Users/uab910/dev/nnam-poc/pyenv/lib/python3.10/site-packages/airflow/example_dags/plugins/workday.py for tasks to queue
[2023-03-03T16:12:54.555+0100] {logging_mixin.py:137} INFO - [2023-03-03T16:12:54.554+0100] {dagbag.py:537} INFO - Filling up the DagBag from /Users/uab910/dev/nnam-poc/pyenv/lib/python3.10/site-packages/airflow/example_dags/plugins/workday.py
[2023-03-03T16:12:54.568+0100] {processor.py:768} WARNING - No viable dags retrieved from /Users/uab910/dev/nnam-poc/pyenv/lib/python3.10/site-packages/airflow/example_dags/plugins/workday.py
[2023-03-03T16:12:54.693+0100] {processor.py:176} INFO - Processing /Users/uab910/dev/nnam-poc/pyenv/lib/python3.10/site-packages/airflow/example_dags/plugins/workday.py took 0.145 seconds
[2023-03-03T16:14:09.293+0100] {processor.py:154} INFO - Started process (PID=57660) to work on /Users/uab910/dev/nnam-poc/pyenv/lib/python3.10/site-packages/airflow/example_dags/plugins/workday.py
[2023-03-03T16:14:09.298+0100] {processor.py:756} INFO - Processing file /Users/uab910/dev/nnam-poc/pyenv/lib/python3.10/site-packages/airflow/example_dags/plugins/workday.py for tasks to queue
[2023-03-03T16:14:09.298+0100] {logging_mixin.py:137} INFO - [2023-03-03T16:14:09.298+0100] {dagbag.py:537} INFO - Filling up the DagBag from /Users/uab910/dev/nnam-poc/pyenv/lib/python3.10/site-packages/airflow/example_dags/plugins/workday.py
[2023-03-03T16:14:09.312+0100] {processor.py:768} WARNING - No viable dags retrieved from /Users/uab910/dev/nnam-poc/pyenv/lib/python3.10/site-packages/airflow/example_dags/plugins/workday.py
[2023-03-03T16:14:09.462+0100] {processor.py:176} INFO - Processing /Users/uab910/dev/nnam-poc/pyenv/lib/python3.10/site-packages/airflow/example_dags/plugins/workday.py took 0.169 seconds
[2023-03-03T16:15:25.559+0100] {processor.py:154} INFO - Started process (PID=57727) to work on /Users/uab910/dev/nnam-poc/pyenv/lib/python3.10/site-packages/airflow/example_dags/plugins/workday.py
[2023-03-03T16:15:25.565+0100] {processor.py:756} INFO - Processing file /Users/uab910/dev/nnam-poc/pyenv/lib/python3.10/site-packages/airflow/example_dags/plugins/workday.py for tasks to queue
[2023-03-03T16:15:25.566+0100] {logging_mixin.py:137} INFO - [2023-03-03T16:15:25.566+0100] {dagbag.py:537} INFO - Filling up the DagBag from /Users/uab910/dev/nnam-poc/pyenv/lib/python3.10/site-packages/airflow/example_dags/plugins/workday.py
[2023-03-03T16:15:25.582+0100] {processor.py:768} WARNING - No viable dags retrieved from /Users/uab910/dev/nnam-poc/pyenv/lib/python3.10/site-packages/airflow/example_dags/plugins/workday.py
[2023-03-03T16:15:25.740+0100] {processor.py:176} INFO - Processing /Users/uab910/dev/nnam-poc/pyenv/lib/python3.10/site-packages/airflow/example_dags/plugins/workday.py took 0.182 seconds
[2023-03-03T16:16:46.979+0100] {processor.py:154} INFO - Started process (PID=57793) to work on /Users/uab910/dev/nnam-poc/pyenv/lib/python3.10/site-packages/airflow/example_dags/plugins/workday.py
[2023-03-03T16:16:46.983+0100] {processor.py:756} INFO - Processing file /Users/uab910/dev/nnam-poc/pyenv/lib/python3.10/site-packages/airflow/example_dags/plugins/workday.py for tasks to queue
[2023-03-03T16:16:46.984+0100] {logging_mixin.py:137} INFO - [2023-03-03T16:16:46.984+0100] {dagbag.py:537} INFO - Filling up the DagBag from /Users/uab910/dev/nnam-poc/pyenv/lib/python3.10/site-packages/airflow/example_dags/plugins/workday.py
[2023-03-03T16:16:46.998+0100] {processor.py:768} WARNING - No viable dags retrieved from /Users/uab910/dev/nnam-poc/pyenv/lib/python3.10/site-packages/airflow/example_dags/plugins/workday.py
[2023-03-03T16:16:47.122+0100] {processor.py:176} INFO - Processing /Users/uab910/dev/nnam-poc/pyenv/lib/python3.10/site-packages/airflow/example_dags/plugins/workday.py took 0.144 seconds
[2023-03-03T16:18:03.502+0100] {processor.py:154} INFO - Started process (PID=57860) to work on /Users/uab910/dev/nnam-poc/pyenv/lib/python3.10/site-packages/airflow/example_dags/plugins/workday.py
[2023-03-03T16:18:03.507+0100] {processor.py:756} INFO - Processing file /Users/uab910/dev/nnam-poc/pyenv/lib/python3.10/site-packages/airflow/example_dags/plugins/workday.py for tasks to queue
[2023-03-03T16:18:03.508+0100] {logging_mixin.py:137} INFO - [2023-03-03T16:18:03.508+0100] {dagbag.py:537} INFO - Filling up the DagBag from /Users/uab910/dev/nnam-poc/pyenv/lib/python3.10/site-packages/airflow/example_dags/plugins/workday.py
[2023-03-03T16:18:03.522+0100] {processor.py:768} WARNING - No viable dags retrieved from /Users/uab910/dev/nnam-poc/pyenv/lib/python3.10/site-packages/airflow/example_dags/plugins/workday.py
[2023-03-03T16:18:03.650+0100] {processor.py:176} INFO - Processing /Users/uab910/dev/nnam-poc/pyenv/lib/python3.10/site-packages/airflow/example_dags/plugins/workday.py took 0.149 seconds
[2023-03-03T16:19:22.533+0100] {processor.py:154} INFO - Started process (PID=57921) to work on /Users/uab910/dev/nnam-poc/pyenv/lib/python3.10/site-packages/airflow/example_dags/plugins/workday.py
[2023-03-03T16:19:22.538+0100] {processor.py:756} INFO - Processing file /Users/uab910/dev/nnam-poc/pyenv/lib/python3.10/site-packages/airflow/example_dags/plugins/workday.py for tasks to queue
[2023-03-03T16:19:22.538+0100] {logging_mixin.py:137} INFO - [2023-03-03T16:19:22.538+0100] {dagbag.py:537} INFO - Filling up the DagBag from /Users/uab910/dev/nnam-poc/pyenv/lib/python3.10/site-packages/airflow/example_dags/plugins/workday.py
[2023-03-03T16:19:22.553+0100] {processor.py:768} WARNING - No viable dags retrieved from /Users/uab910/dev/nnam-poc/pyenv/lib/python3.10/site-packages/airflow/example_dags/plugins/workday.py
[2023-03-03T16:19:22.678+0100] {processor.py:176} INFO - Processing /Users/uab910/dev/nnam-poc/pyenv/lib/python3.10/site-packages/airflow/example_dags/plugins/workday.py took 0.145 seconds
[2023-03-03T16:20:38.444+0100] {processor.py:154} INFO - Started process (PID=58002) to work on /Users/uab910/dev/nnam-poc/pyenv/lib/python3.10/site-packages/airflow/example_dags/plugins/workday.py
[2023-03-03T16:20:38.449+0100] {processor.py:756} INFO - Processing file /Users/uab910/dev/nnam-poc/pyenv/lib/python3.10/site-packages/airflow/example_dags/plugins/workday.py for tasks to queue
[2023-03-03T16:20:38.450+0100] {logging_mixin.py:137} INFO - [2023-03-03T16:20:38.450+0100] {dagbag.py:537} INFO - Filling up the DagBag from /Users/uab910/dev/nnam-poc/pyenv/lib/python3.10/site-packages/airflow/example_dags/plugins/workday.py
[2023-03-03T16:20:38.463+0100] {processor.py:768} WARNING - No viable dags retrieved from /Users/uab910/dev/nnam-poc/pyenv/lib/python3.10/site-packages/airflow/example_dags/plugins/workday.py
[2023-03-03T16:20:38.585+0100] {processor.py:176} INFO - Processing /Users/uab910/dev/nnam-poc/pyenv/lib/python3.10/site-packages/airflow/example_dags/plugins/workday.py took 0.142 seconds
[2023-03-03T16:22:01.683+0100] {processor.py:154} INFO - Started process (PID=58068) to work on /Users/uab910/dev/nnam-poc/pyenv/lib/python3.10/site-packages/airflow/example_dags/plugins/workday.py
[2023-03-03T16:22:01.688+0100] {processor.py:756} INFO - Processing file /Users/uab910/dev/nnam-poc/pyenv/lib/python3.10/site-packages/airflow/example_dags/plugins/workday.py for tasks to queue
[2023-03-03T16:22:01.688+0100] {logging_mixin.py:137} INFO - [2023-03-03T16:22:01.688+0100] {dagbag.py:537} INFO - Filling up the DagBag from /Users/uab910/dev/nnam-poc/pyenv/lib/python3.10/site-packages/airflow/example_dags/plugins/workday.py
[2023-03-03T16:22:01.711+0100] {processor.py:768} WARNING - No viable dags retrieved from /Users/uab910/dev/nnam-poc/pyenv/lib/python3.10/site-packages/airflow/example_dags/plugins/workday.py
[2023-03-03T16:22:01.845+0100] {processor.py:176} INFO - Processing /Users/uab910/dev/nnam-poc/pyenv/lib/python3.10/site-packages/airflow/example_dags/plugins/workday.py took 0.163 seconds
[2023-03-03T16:23:17.594+0100] {processor.py:154} INFO - Started process (PID=58135) to work on /Users/uab910/dev/nnam-poc/pyenv/lib/python3.10/site-packages/airflow/example_dags/plugins/workday.py
[2023-03-03T16:23:17.598+0100] {processor.py:756} INFO - Processing file /Users/uab910/dev/nnam-poc/pyenv/lib/python3.10/site-packages/airflow/example_dags/plugins/workday.py for tasks to queue
[2023-03-03T16:23:17.599+0100] {logging_mixin.py:137} INFO - [2023-03-03T16:23:17.598+0100] {dagbag.py:537} INFO - Filling up the DagBag from /Users/uab910/dev/nnam-poc/pyenv/lib/python3.10/site-packages/airflow/example_dags/plugins/workday.py
[2023-03-03T16:23:17.612+0100] {processor.py:768} WARNING - No viable dags retrieved from /Users/uab910/dev/nnam-poc/pyenv/lib/python3.10/site-packages/airflow/example_dags/plugins/workday.py
[2023-03-03T16:23:17.727+0100] {processor.py:176} INFO - Processing /Users/uab910/dev/nnam-poc/pyenv/lib/python3.10/site-packages/airflow/example_dags/plugins/workday.py took 0.134 seconds
[2023-03-03T16:24:33.756+0100] {processor.py:154} INFO - Started process (PID=58196) to work on /Users/uab910/dev/nnam-poc/pyenv/lib/python3.10/site-packages/airflow/example_dags/plugins/workday.py
[2023-03-03T16:24:33.761+0100] {processor.py:756} INFO - Processing file /Users/uab910/dev/nnam-poc/pyenv/lib/python3.10/site-packages/airflow/example_dags/plugins/workday.py for tasks to queue
[2023-03-03T16:24:33.762+0100] {logging_mixin.py:137} INFO - [2023-03-03T16:24:33.762+0100] {dagbag.py:537} INFO - Filling up the DagBag from /Users/uab910/dev/nnam-poc/pyenv/lib/python3.10/site-packages/airflow/example_dags/plugins/workday.py
[2023-03-03T16:24:33.775+0100] {processor.py:768} WARNING - No viable dags retrieved from /Users/uab910/dev/nnam-poc/pyenv/lib/python3.10/site-packages/airflow/example_dags/plugins/workday.py
[2023-03-03T16:24:33.904+0100] {processor.py:176} INFO - Processing /Users/uab910/dev/nnam-poc/pyenv/lib/python3.10/site-packages/airflow/example_dags/plugins/workday.py took 0.149 seconds
[2023-03-03T16:25:48.534+0100] {processor.py:154} INFO - Started process (PID=58236) to work on /Users/uab910/dev/nnam-poc/pyenv/lib/python3.10/site-packages/airflow/example_dags/plugins/workday.py
[2023-03-03T16:25:48.538+0100] {processor.py:756} INFO - Processing file /Users/uab910/dev/nnam-poc/pyenv/lib/python3.10/site-packages/airflow/example_dags/plugins/workday.py for tasks to queue
[2023-03-03T16:25:48.539+0100] {logging_mixin.py:137} INFO - [2023-03-03T16:25:48.539+0100] {dagbag.py:537} INFO - Filling up the DagBag from /Users/uab910/dev/nnam-poc/pyenv/lib/python3.10/site-packages/airflow/example_dags/plugins/workday.py
[2023-03-03T16:25:48.550+0100] {processor.py:768} WARNING - No viable dags retrieved from /Users/uab910/dev/nnam-poc/pyenv/lib/python3.10/site-packages/airflow/example_dags/plugins/workday.py
[2023-03-03T16:25:48.671+0100] {processor.py:176} INFO - Processing /Users/uab910/dev/nnam-poc/pyenv/lib/python3.10/site-packages/airflow/example_dags/plugins/workday.py took 0.138 seconds
[2023-03-03T16:27:02.125+0100] {processor.py:154} INFO - Started process (PID=58284) to work on /Users/uab910/dev/nnam-poc/pyenv/lib/python3.10/site-packages/airflow/example_dags/plugins/workday.py
[2023-03-03T16:27:02.130+0100] {processor.py:756} INFO - Processing file /Users/uab910/dev/nnam-poc/pyenv/lib/python3.10/site-packages/airflow/example_dags/plugins/workday.py for tasks to queue
[2023-03-03T16:27:02.130+0100] {logging_mixin.py:137} INFO - [2023-03-03T16:27:02.130+0100] {dagbag.py:537} INFO - Filling up the DagBag from /Users/uab910/dev/nnam-poc/pyenv/lib/python3.10/site-packages/airflow/example_dags/plugins/workday.py
[2023-03-03T16:27:02.143+0100] {processor.py:768} WARNING - No viable dags retrieved from /Users/uab910/dev/nnam-poc/pyenv/lib/python3.10/site-packages/airflow/example_dags/plugins/workday.py
[2023-03-03T16:27:02.279+0100] {processor.py:176} INFO - Processing /Users/uab910/dev/nnam-poc/pyenv/lib/python3.10/site-packages/airflow/example_dags/plugins/workday.py took 0.155 seconds
[2023-03-03T16:28:17.546+0100] {processor.py:154} INFO - Started process (PID=58324) to work on /Users/uab910/dev/nnam-poc/pyenv/lib/python3.10/site-packages/airflow/example_dags/plugins/workday.py
[2023-03-03T16:28:17.551+0100] {processor.py:756} INFO - Processing file /Users/uab910/dev/nnam-poc/pyenv/lib/python3.10/site-packages/airflow/example_dags/plugins/workday.py for tasks to queue
[2023-03-03T16:28:17.551+0100] {logging_mixin.py:137} INFO - [2023-03-03T16:28:17.551+0100] {dagbag.py:537} INFO - Filling up the DagBag from /Users/uab910/dev/nnam-poc/pyenv/lib/python3.10/site-packages/airflow/example_dags/plugins/workday.py
[2023-03-03T16:28:17.564+0100] {processor.py:768} WARNING - No viable dags retrieved from /Users/uab910/dev/nnam-poc/pyenv/lib/python3.10/site-packages/airflow/example_dags/plugins/workday.py
[2023-03-03T16:28:17.680+0100] {processor.py:176} INFO - Processing /Users/uab910/dev/nnam-poc/pyenv/lib/python3.10/site-packages/airflow/example_dags/plugins/workday.py took 0.134 seconds
[2023-03-03T16:29:35.118+0100] {processor.py:154} INFO - Started process (PID=58370) to work on /Users/uab910/dev/nnam-poc/pyenv/lib/python3.10/site-packages/airflow/example_dags/plugins/workday.py
[2023-03-03T16:29:35.124+0100] {processor.py:756} INFO - Processing file /Users/uab910/dev/nnam-poc/pyenv/lib/python3.10/site-packages/airflow/example_dags/plugins/workday.py for tasks to queue
[2023-03-03T16:29:35.124+0100] {logging_mixin.py:137} INFO - [2023-03-03T16:29:35.124+0100] {dagbag.py:537} INFO - Filling up the DagBag from /Users/uab910/dev/nnam-poc/pyenv/lib/python3.10/site-packages/airflow/example_dags/plugins/workday.py
[2023-03-03T16:29:35.138+0100] {processor.py:768} WARNING - No viable dags retrieved from /Users/uab910/dev/nnam-poc/pyenv/lib/python3.10/site-packages/airflow/example_dags/plugins/workday.py
[2023-03-03T16:29:35.267+0100] {processor.py:176} INFO - Processing /Users/uab910/dev/nnam-poc/pyenv/lib/python3.10/site-packages/airflow/example_dags/plugins/workday.py took 0.150 seconds
[2023-03-03T16:30:50.416+0100] {processor.py:154} INFO - Started process (PID=58411) to work on /Users/uab910/dev/nnam-poc/pyenv/lib/python3.10/site-packages/airflow/example_dags/plugins/workday.py
[2023-03-03T16:30:50.423+0100] {processor.py:756} INFO - Processing file /Users/uab910/dev/nnam-poc/pyenv/lib/python3.10/site-packages/airflow/example_dags/plugins/workday.py for tasks to queue
[2023-03-03T16:30:50.423+0100] {logging_mixin.py:137} INFO - [2023-03-03T16:30:50.423+0100] {dagbag.py:537} INFO - Filling up the DagBag from /Users/uab910/dev/nnam-poc/pyenv/lib/python3.10/site-packages/airflow/example_dags/plugins/workday.py
[2023-03-03T16:30:50.439+0100] {processor.py:768} WARNING - No viable dags retrieved from /Users/uab910/dev/nnam-poc/pyenv/lib/python3.10/site-packages/airflow/example_dags/plugins/workday.py
[2023-03-03T16:30:50.577+0100] {processor.py:176} INFO - Processing /Users/uab910/dev/nnam-poc/pyenv/lib/python3.10/site-packages/airflow/example_dags/plugins/workday.py took 0.161 seconds
[2023-03-03T16:32:07.409+0100] {processor.py:154} INFO - Started process (PID=58450) to work on /Users/uab910/dev/nnam-poc/pyenv/lib/python3.10/site-packages/airflow/example_dags/plugins/workday.py
[2023-03-03T16:32:07.415+0100] {processor.py:756} INFO - Processing file /Users/uab910/dev/nnam-poc/pyenv/lib/python3.10/site-packages/airflow/example_dags/plugins/workday.py for tasks to queue
[2023-03-03T16:32:07.415+0100] {logging_mixin.py:137} INFO - [2023-03-03T16:32:07.415+0100] {dagbag.py:537} INFO - Filling up the DagBag from /Users/uab910/dev/nnam-poc/pyenv/lib/python3.10/site-packages/airflow/example_dags/plugins/workday.py
[2023-03-03T16:32:07.432+0100] {processor.py:768} WARNING - No viable dags retrieved from /Users/uab910/dev/nnam-poc/pyenv/lib/python3.10/site-packages/airflow/example_dags/plugins/workday.py
[2023-03-03T16:32:07.559+0100] {processor.py:176} INFO - Processing /Users/uab910/dev/nnam-poc/pyenv/lib/python3.10/site-packages/airflow/example_dags/plugins/workday.py took 0.151 seconds
[2023-03-03T16:33:23.161+0100] {processor.py:154} INFO - Started process (PID=58488) to work on /Users/uab910/dev/nnam-poc/pyenv/lib/python3.10/site-packages/airflow/example_dags/plugins/workday.py
[2023-03-03T16:33:23.167+0100] {processor.py:756} INFO - Processing file /Users/uab910/dev/nnam-poc/pyenv/lib/python3.10/site-packages/airflow/example_dags/plugins/workday.py for tasks to queue
[2023-03-03T16:33:23.168+0100] {logging_mixin.py:137} INFO - [2023-03-03T16:33:23.168+0100] {dagbag.py:537} INFO - Filling up the DagBag from /Users/uab910/dev/nnam-poc/pyenv/lib/python3.10/site-packages/airflow/example_dags/plugins/workday.py
[2023-03-03T16:33:23.184+0100] {processor.py:768} WARNING - No viable dags retrieved from /Users/uab910/dev/nnam-poc/pyenv/lib/python3.10/site-packages/airflow/example_dags/plugins/workday.py
[2023-03-03T16:33:23.313+0100] {processor.py:176} INFO - Processing /Users/uab910/dev/nnam-poc/pyenv/lib/python3.10/site-packages/airflow/example_dags/plugins/workday.py took 0.152 seconds
[2023-03-03T16:34:40.572+0100] {processor.py:154} INFO - Started process (PID=58556) to work on /Users/uab910/dev/nnam-poc/pyenv/lib/python3.10/site-packages/airflow/example_dags/plugins/workday.py
[2023-03-03T16:34:40.577+0100] {processor.py:756} INFO - Processing file /Users/uab910/dev/nnam-poc/pyenv/lib/python3.10/site-packages/airflow/example_dags/plugins/workday.py for tasks to queue
[2023-03-03T16:34:40.578+0100] {logging_mixin.py:137} INFO - [2023-03-03T16:34:40.578+0100] {dagbag.py:537} INFO - Filling up the DagBag from /Users/uab910/dev/nnam-poc/pyenv/lib/python3.10/site-packages/airflow/example_dags/plugins/workday.py
[2023-03-03T16:34:40.591+0100] {processor.py:768} WARNING - No viable dags retrieved from /Users/uab910/dev/nnam-poc/pyenv/lib/python3.10/site-packages/airflow/example_dags/plugins/workday.py
[2023-03-03T16:34:40.714+0100] {processor.py:176} INFO - Processing /Users/uab910/dev/nnam-poc/pyenv/lib/python3.10/site-packages/airflow/example_dags/plugins/workday.py took 0.143 seconds
[2023-03-03T16:35:58.603+0100] {processor.py:154} INFO - Started process (PID=58595) to work on /Users/uab910/dev/nnam-poc/pyenv/lib/python3.10/site-packages/airflow/example_dags/plugins/workday.py
[2023-03-03T16:35:58.609+0100] {processor.py:756} INFO - Processing file /Users/uab910/dev/nnam-poc/pyenv/lib/python3.10/site-packages/airflow/example_dags/plugins/workday.py for tasks to queue
[2023-03-03T16:35:58.609+0100] {logging_mixin.py:137} INFO - [2023-03-03T16:35:58.609+0100] {dagbag.py:537} INFO - Filling up the DagBag from /Users/uab910/dev/nnam-poc/pyenv/lib/python3.10/site-packages/airflow/example_dags/plugins/workday.py
[2023-03-03T16:35:58.625+0100] {processor.py:768} WARNING - No viable dags retrieved from /Users/uab910/dev/nnam-poc/pyenv/lib/python3.10/site-packages/airflow/example_dags/plugins/workday.py
[2023-03-03T16:35:58.759+0100] {processor.py:176} INFO - Processing /Users/uab910/dev/nnam-poc/pyenv/lib/python3.10/site-packages/airflow/example_dags/plugins/workday.py took 0.157 seconds
[2023-03-03T16:37:14.167+0100] {processor.py:154} INFO - Started process (PID=58640) to work on /Users/uab910/dev/nnam-poc/pyenv/lib/python3.10/site-packages/airflow/example_dags/plugins/workday.py
[2023-03-03T16:37:14.174+0100] {processor.py:756} INFO - Processing file /Users/uab910/dev/nnam-poc/pyenv/lib/python3.10/site-packages/airflow/example_dags/plugins/workday.py for tasks to queue
[2023-03-03T16:37:14.174+0100] {logging_mixin.py:137} INFO - [2023-03-03T16:37:14.174+0100] {dagbag.py:537} INFO - Filling up the DagBag from /Users/uab910/dev/nnam-poc/pyenv/lib/python3.10/site-packages/airflow/example_dags/plugins/workday.py
[2023-03-03T16:37:14.192+0100] {processor.py:768} WARNING - No viable dags retrieved from /Users/uab910/dev/nnam-poc/pyenv/lib/python3.10/site-packages/airflow/example_dags/plugins/workday.py
[2023-03-03T16:37:14.358+0100] {processor.py:176} INFO - Processing /Users/uab910/dev/nnam-poc/pyenv/lib/python3.10/site-packages/airflow/example_dags/plugins/workday.py took 0.191 seconds
[2023-03-03T16:38:31.648+0100] {processor.py:154} INFO - Started process (PID=58681) to work on /Users/uab910/dev/nnam-poc/pyenv/lib/python3.10/site-packages/airflow/example_dags/plugins/workday.py
[2023-03-03T16:38:31.654+0100] {processor.py:756} INFO - Processing file /Users/uab910/dev/nnam-poc/pyenv/lib/python3.10/site-packages/airflow/example_dags/plugins/workday.py for tasks to queue
[2023-03-03T16:38:31.655+0100] {logging_mixin.py:137} INFO - [2023-03-03T16:38:31.655+0100] {dagbag.py:537} INFO - Filling up the DagBag from /Users/uab910/dev/nnam-poc/pyenv/lib/python3.10/site-packages/airflow/example_dags/plugins/workday.py
[2023-03-03T16:38:31.671+0100] {processor.py:768} WARNING - No viable dags retrieved from /Users/uab910/dev/nnam-poc/pyenv/lib/python3.10/site-packages/airflow/example_dags/plugins/workday.py
[2023-03-03T16:38:31.814+0100] {processor.py:176} INFO - Processing /Users/uab910/dev/nnam-poc/pyenv/lib/python3.10/site-packages/airflow/example_dags/plugins/workday.py took 0.167 seconds
[2023-03-03T16:39:21.663+0100] {processor.py:154} INFO - Started process (PID=58707) to work on /Users/uab910/dev/nnam-poc/pyenv/lib/python3.10/site-packages/airflow/example_dags/plugins/workday.py
[2023-03-03T16:39:21.670+0100] {processor.py:756} INFO - Processing file /Users/uab910/dev/nnam-poc/pyenv/lib/python3.10/site-packages/airflow/example_dags/plugins/workday.py for tasks to queue
[2023-03-03T16:39:21.670+0100] {logging_mixin.py:137} INFO - [2023-03-03T16:39:21.670+0100] {dagbag.py:537} INFO - Filling up the DagBag from /Users/uab910/dev/nnam-poc/pyenv/lib/python3.10/site-packages/airflow/example_dags/plugins/workday.py
[2023-03-03T16:39:21.686+0100] {processor.py:768} WARNING - No viable dags retrieved from /Users/uab910/dev/nnam-poc/pyenv/lib/python3.10/site-packages/airflow/example_dags/plugins/workday.py
[2023-03-03T16:39:21.840+0100] {processor.py:176} INFO - Processing /Users/uab910/dev/nnam-poc/pyenv/lib/python3.10/site-packages/airflow/example_dags/plugins/workday.py took 0.178 seconds
[2023-03-03T16:40:11.596+0100] {processor.py:154} INFO - Started process (PID=58734) to work on /Users/uab910/dev/nnam-poc/pyenv/lib/python3.10/site-packages/airflow/example_dags/plugins/workday.py
[2023-03-03T16:40:11.601+0100] {processor.py:756} INFO - Processing file /Users/uab910/dev/nnam-poc/pyenv/lib/python3.10/site-packages/airflow/example_dags/plugins/workday.py for tasks to queue
[2023-03-03T16:40:11.601+0100] {logging_mixin.py:137} INFO - [2023-03-03T16:40:11.601+0100] {dagbag.py:537} INFO - Filling up the DagBag from /Users/uab910/dev/nnam-poc/pyenv/lib/python3.10/site-packages/airflow/example_dags/plugins/workday.py
[2023-03-03T16:40:11.615+0100] {processor.py:768} WARNING - No viable dags retrieved from /Users/uab910/dev/nnam-poc/pyenv/lib/python3.10/site-packages/airflow/example_dags/plugins/workday.py
[2023-03-03T16:40:11.760+0100] {processor.py:176} INFO - Processing /Users/uab910/dev/nnam-poc/pyenv/lib/python3.10/site-packages/airflow/example_dags/plugins/workday.py took 0.165 seconds
[2023-03-03T16:40:58.792+0100] {processor.py:154} INFO - Started process (PID=58765) to work on /Users/uab910/dev/nnam-poc/pyenv/lib/python3.10/site-packages/airflow/example_dags/plugins/workday.py
[2023-03-03T16:40:58.798+0100] {processor.py:756} INFO - Processing file /Users/uab910/dev/nnam-poc/pyenv/lib/python3.10/site-packages/airflow/example_dags/plugins/workday.py for tasks to queue
[2023-03-03T16:40:58.798+0100] {logging_mixin.py:137} INFO - [2023-03-03T16:40:58.798+0100] {dagbag.py:537} INFO - Filling up the DagBag from /Users/uab910/dev/nnam-poc/pyenv/lib/python3.10/site-packages/airflow/example_dags/plugins/workday.py
[2023-03-03T16:40:58.812+0100] {processor.py:768} WARNING - No viable dags retrieved from /Users/uab910/dev/nnam-poc/pyenv/lib/python3.10/site-packages/airflow/example_dags/plugins/workday.py
[2023-03-03T16:40:58.938+0100] {processor.py:176} INFO - Processing /Users/uab910/dev/nnam-poc/pyenv/lib/python3.10/site-packages/airflow/example_dags/plugins/workday.py took 0.147 seconds
[2023-03-03T16:41:44.275+0100] {processor.py:154} INFO - Started process (PID=58787) to work on /Users/uab910/dev/nnam-poc/pyenv/lib/python3.10/site-packages/airflow/example_dags/plugins/workday.py
[2023-03-03T16:41:44.281+0100] {processor.py:756} INFO - Processing file /Users/uab910/dev/nnam-poc/pyenv/lib/python3.10/site-packages/airflow/example_dags/plugins/workday.py for tasks to queue
[2023-03-03T16:41:44.281+0100] {logging_mixin.py:137} INFO - [2023-03-03T16:41:44.281+0100] {dagbag.py:537} INFO - Filling up the DagBag from /Users/uab910/dev/nnam-poc/pyenv/lib/python3.10/site-packages/airflow/example_dags/plugins/workday.py
[2023-03-03T16:41:44.298+0100] {processor.py:768} WARNING - No viable dags retrieved from /Users/uab910/dev/nnam-poc/pyenv/lib/python3.10/site-packages/airflow/example_dags/plugins/workday.py
[2023-03-03T16:41:44.444+0100] {processor.py:176} INFO - Processing /Users/uab910/dev/nnam-poc/pyenv/lib/python3.10/site-packages/airflow/example_dags/plugins/workday.py took 0.170 seconds
[2023-03-03T16:42:28.313+0100] {processor.py:154} INFO - Started process (PID=58809) to work on /Users/uab910/dev/nnam-poc/pyenv/lib/python3.10/site-packages/airflow/example_dags/plugins/workday.py
[2023-03-03T16:42:28.318+0100] {processor.py:756} INFO - Processing file /Users/uab910/dev/nnam-poc/pyenv/lib/python3.10/site-packages/airflow/example_dags/plugins/workday.py for tasks to queue
[2023-03-03T16:42:28.319+0100] {logging_mixin.py:137} INFO - [2023-03-03T16:42:28.319+0100] {dagbag.py:537} INFO - Filling up the DagBag from /Users/uab910/dev/nnam-poc/pyenv/lib/python3.10/site-packages/airflow/example_dags/plugins/workday.py
[2023-03-03T16:42:28.334+0100] {processor.py:768} WARNING - No viable dags retrieved from /Users/uab910/dev/nnam-poc/pyenv/lib/python3.10/site-packages/airflow/example_dags/plugins/workday.py
[2023-03-03T16:42:28.457+0100] {processor.py:176} INFO - Processing /Users/uab910/dev/nnam-poc/pyenv/lib/python3.10/site-packages/airflow/example_dags/plugins/workday.py took 0.145 seconds
[2023-03-03T16:43:15.321+0100] {processor.py:154} INFO - Started process (PID=58831) to work on /Users/uab910/dev/nnam-poc/pyenv/lib/python3.10/site-packages/airflow/example_dags/plugins/workday.py
[2023-03-03T16:43:15.327+0100] {processor.py:756} INFO - Processing file /Users/uab910/dev/nnam-poc/pyenv/lib/python3.10/site-packages/airflow/example_dags/plugins/workday.py for tasks to queue
[2023-03-03T16:43:15.328+0100] {logging_mixin.py:137} INFO - [2023-03-03T16:43:15.327+0100] {dagbag.py:537} INFO - Filling up the DagBag from /Users/uab910/dev/nnam-poc/pyenv/lib/python3.10/site-packages/airflow/example_dags/plugins/workday.py
[2023-03-03T16:43:15.341+0100] {processor.py:768} WARNING - No viable dags retrieved from /Users/uab910/dev/nnam-poc/pyenv/lib/python3.10/site-packages/airflow/example_dags/plugins/workday.py
[2023-03-03T16:43:15.462+0100] {processor.py:176} INFO - Processing /Users/uab910/dev/nnam-poc/pyenv/lib/python3.10/site-packages/airflow/example_dags/plugins/workday.py took 0.142 seconds
[2023-03-03T16:44:02.938+0100] {processor.py:154} INFO - Started process (PID=58887) to work on /Users/uab910/dev/nnam-poc/pyenv/lib/python3.10/site-packages/airflow/example_dags/plugins/workday.py
[2023-03-03T16:44:02.945+0100] {processor.py:756} INFO - Processing file /Users/uab910/dev/nnam-poc/pyenv/lib/python3.10/site-packages/airflow/example_dags/plugins/workday.py for tasks to queue
[2023-03-03T16:44:02.946+0100] {logging_mixin.py:137} INFO - [2023-03-03T16:44:02.946+0100] {dagbag.py:537} INFO - Filling up the DagBag from /Users/uab910/dev/nnam-poc/pyenv/lib/python3.10/site-packages/airflow/example_dags/plugins/workday.py
[2023-03-03T16:44:02.962+0100] {processor.py:768} WARNING - No viable dags retrieved from /Users/uab910/dev/nnam-poc/pyenv/lib/python3.10/site-packages/airflow/example_dags/plugins/workday.py
[2023-03-03T16:44:03.124+0100] {processor.py:176} INFO - Processing /Users/uab910/dev/nnam-poc/pyenv/lib/python3.10/site-packages/airflow/example_dags/plugins/workday.py took 0.186 seconds
[2023-03-03T16:44:50.797+0100] {processor.py:154} INFO - Started process (PID=58911) to work on /Users/uab910/dev/nnam-poc/pyenv/lib/python3.10/site-packages/airflow/example_dags/plugins/workday.py
[2023-03-03T16:44:50.802+0100] {processor.py:756} INFO - Processing file /Users/uab910/dev/nnam-poc/pyenv/lib/python3.10/site-packages/airflow/example_dags/plugins/workday.py for tasks to queue
[2023-03-03T16:44:50.803+0100] {logging_mixin.py:137} INFO - [2023-03-03T16:44:50.802+0100] {dagbag.py:537} INFO - Filling up the DagBag from /Users/uab910/dev/nnam-poc/pyenv/lib/python3.10/site-packages/airflow/example_dags/plugins/workday.py
[2023-03-03T16:44:50.815+0100] {processor.py:768} WARNING - No viable dags retrieved from /Users/uab910/dev/nnam-poc/pyenv/lib/python3.10/site-packages/airflow/example_dags/plugins/workday.py
[2023-03-03T16:44:50.941+0100] {processor.py:176} INFO - Processing /Users/uab910/dev/nnam-poc/pyenv/lib/python3.10/site-packages/airflow/example_dags/plugins/workday.py took 0.145 seconds
[2023-03-03T16:45:37.873+0100] {processor.py:154} INFO - Started process (PID=58940) to work on /Users/uab910/dev/nnam-poc/pyenv/lib/python3.10/site-packages/airflow/example_dags/plugins/workday.py
[2023-03-03T16:45:37.879+0100] {processor.py:756} INFO - Processing file /Users/uab910/dev/nnam-poc/pyenv/lib/python3.10/site-packages/airflow/example_dags/plugins/workday.py for tasks to queue
[2023-03-03T16:45:37.879+0100] {logging_mixin.py:137} INFO - [2023-03-03T16:45:37.879+0100] {dagbag.py:537} INFO - Filling up the DagBag from /Users/uab910/dev/nnam-poc/pyenv/lib/python3.10/site-packages/airflow/example_dags/plugins/workday.py
[2023-03-03T16:45:37.894+0100] {processor.py:768} WARNING - No viable dags retrieved from /Users/uab910/dev/nnam-poc/pyenv/lib/python3.10/site-packages/airflow/example_dags/plugins/workday.py
[2023-03-03T16:45:38.011+0100] {processor.py:176} INFO - Processing /Users/uab910/dev/nnam-poc/pyenv/lib/python3.10/site-packages/airflow/example_dags/plugins/workday.py took 0.139 seconds
[2023-03-03T16:46:25.105+0100] {processor.py:154} INFO - Started process (PID=58985) to work on /Users/uab910/dev/nnam-poc/pyenv/lib/python3.10/site-packages/airflow/example_dags/plugins/workday.py
[2023-03-03T16:46:25.111+0100] {processor.py:756} INFO - Processing file /Users/uab910/dev/nnam-poc/pyenv/lib/python3.10/site-packages/airflow/example_dags/plugins/workday.py for tasks to queue
[2023-03-03T16:46:25.111+0100] {logging_mixin.py:137} INFO - [2023-03-03T16:46:25.111+0100] {dagbag.py:537} INFO - Filling up the DagBag from /Users/uab910/dev/nnam-poc/pyenv/lib/python3.10/site-packages/airflow/example_dags/plugins/workday.py
[2023-03-03T16:46:25.125+0100] {processor.py:768} WARNING - No viable dags retrieved from /Users/uab910/dev/nnam-poc/pyenv/lib/python3.10/site-packages/airflow/example_dags/plugins/workday.py
[2023-03-03T16:46:25.251+0100] {processor.py:176} INFO - Processing /Users/uab910/dev/nnam-poc/pyenv/lib/python3.10/site-packages/airflow/example_dags/plugins/workday.py took 0.146 seconds
[2023-03-03T16:47:11.078+0100] {processor.py:154} INFO - Started process (PID=59013) to work on /Users/uab910/dev/nnam-poc/pyenv/lib/python3.10/site-packages/airflow/example_dags/plugins/workday.py
[2023-03-03T16:47:11.083+0100] {processor.py:756} INFO - Processing file /Users/uab910/dev/nnam-poc/pyenv/lib/python3.10/site-packages/airflow/example_dags/plugins/workday.py for tasks to queue
[2023-03-03T16:47:11.084+0100] {logging_mixin.py:137} INFO - [2023-03-03T16:47:11.084+0100] {dagbag.py:537} INFO - Filling up the DagBag from /Users/uab910/dev/nnam-poc/pyenv/lib/python3.10/site-packages/airflow/example_dags/plugins/workday.py
[2023-03-03T16:47:11.099+0100] {processor.py:768} WARNING - No viable dags retrieved from /Users/uab910/dev/nnam-poc/pyenv/lib/python3.10/site-packages/airflow/example_dags/plugins/workday.py
[2023-03-03T16:47:11.250+0100] {processor.py:176} INFO - Processing /Users/uab910/dev/nnam-poc/pyenv/lib/python3.10/site-packages/airflow/example_dags/plugins/workday.py took 0.173 seconds
[2023-03-03T16:47:56.795+0100] {processor.py:154} INFO - Started process (PID=59043) to work on /Users/uab910/dev/nnam-poc/pyenv/lib/python3.10/site-packages/airflow/example_dags/plugins/workday.py
[2023-03-03T16:47:56.801+0100] {processor.py:756} INFO - Processing file /Users/uab910/dev/nnam-poc/pyenv/lib/python3.10/site-packages/airflow/example_dags/plugins/workday.py for tasks to queue
[2023-03-03T16:47:56.802+0100] {logging_mixin.py:137} INFO - [2023-03-03T16:47:56.802+0100] {dagbag.py:537} INFO - Filling up the DagBag from /Users/uab910/dev/nnam-poc/pyenv/lib/python3.10/site-packages/airflow/example_dags/plugins/workday.py
[2023-03-03T16:47:56.815+0100] {processor.py:768} WARNING - No viable dags retrieved from /Users/uab910/dev/nnam-poc/pyenv/lib/python3.10/site-packages/airflow/example_dags/plugins/workday.py
[2023-03-03T16:47:56.946+0100] {processor.py:176} INFO - Processing /Users/uab910/dev/nnam-poc/pyenv/lib/python3.10/site-packages/airflow/example_dags/plugins/workday.py took 0.152 seconds
[2023-03-03T16:48:42.331+0100] {processor.py:154} INFO - Started process (PID=59065) to work on /Users/uab910/dev/nnam-poc/pyenv/lib/python3.10/site-packages/airflow/example_dags/plugins/workday.py
[2023-03-03T16:48:42.337+0100] {processor.py:756} INFO - Processing file /Users/uab910/dev/nnam-poc/pyenv/lib/python3.10/site-packages/airflow/example_dags/plugins/workday.py for tasks to queue
[2023-03-03T16:48:42.338+0100] {logging_mixin.py:137} INFO - [2023-03-03T16:48:42.338+0100] {dagbag.py:537} INFO - Filling up the DagBag from /Users/uab910/dev/nnam-poc/pyenv/lib/python3.10/site-packages/airflow/example_dags/plugins/workday.py
[2023-03-03T16:48:42.353+0100] {processor.py:768} WARNING - No viable dags retrieved from /Users/uab910/dev/nnam-poc/pyenv/lib/python3.10/site-packages/airflow/example_dags/plugins/workday.py
[2023-03-03T16:48:42.485+0100] {processor.py:176} INFO - Processing /Users/uab910/dev/nnam-poc/pyenv/lib/python3.10/site-packages/airflow/example_dags/plugins/workday.py took 0.155 seconds
[2023-03-03T16:49:28.298+0100] {processor.py:154} INFO - Started process (PID=59088) to work on /Users/uab910/dev/nnam-poc/pyenv/lib/python3.10/site-packages/airflow/example_dags/plugins/workday.py
[2023-03-03T16:49:28.303+0100] {processor.py:756} INFO - Processing file /Users/uab910/dev/nnam-poc/pyenv/lib/python3.10/site-packages/airflow/example_dags/plugins/workday.py for tasks to queue
[2023-03-03T16:49:28.303+0100] {logging_mixin.py:137} INFO - [2023-03-03T16:49:28.303+0100] {dagbag.py:537} INFO - Filling up the DagBag from /Users/uab910/dev/nnam-poc/pyenv/lib/python3.10/site-packages/airflow/example_dags/plugins/workday.py
[2023-03-03T16:49:28.316+0100] {processor.py:768} WARNING - No viable dags retrieved from /Users/uab910/dev/nnam-poc/pyenv/lib/python3.10/site-packages/airflow/example_dags/plugins/workday.py
[2023-03-03T16:49:28.448+0100] {processor.py:176} INFO - Processing /Users/uab910/dev/nnam-poc/pyenv/lib/python3.10/site-packages/airflow/example_dags/plugins/workday.py took 0.151 seconds
[2023-03-03T16:50:15.701+0100] {processor.py:154} INFO - Started process (PID=59122) to work on /Users/uab910/dev/nnam-poc/pyenv/lib/python3.10/site-packages/airflow/example_dags/plugins/workday.py
[2023-03-03T16:50:15.706+0100] {processor.py:756} INFO - Processing file /Users/uab910/dev/nnam-poc/pyenv/lib/python3.10/site-packages/airflow/example_dags/plugins/workday.py for tasks to queue
[2023-03-03T16:50:15.706+0100] {logging_mixin.py:137} INFO - [2023-03-03T16:50:15.706+0100] {dagbag.py:537} INFO - Filling up the DagBag from /Users/uab910/dev/nnam-poc/pyenv/lib/python3.10/site-packages/airflow/example_dags/plugins/workday.py
[2023-03-03T16:50:15.717+0100] {processor.py:768} WARNING - No viable dags retrieved from /Users/uab910/dev/nnam-poc/pyenv/lib/python3.10/site-packages/airflow/example_dags/plugins/workday.py
[2023-03-03T16:50:15.836+0100] {processor.py:176} INFO - Processing /Users/uab910/dev/nnam-poc/pyenv/lib/python3.10/site-packages/airflow/example_dags/plugins/workday.py took 0.136 seconds
[2023-03-03T16:51:03.014+0100] {processor.py:154} INFO - Started process (PID=59157) to work on /Users/uab910/dev/nnam-poc/pyenv/lib/python3.10/site-packages/airflow/example_dags/plugins/workday.py
[2023-03-03T16:51:03.020+0100] {processor.py:756} INFO - Processing file /Users/uab910/dev/nnam-poc/pyenv/lib/python3.10/site-packages/airflow/example_dags/plugins/workday.py for tasks to queue
[2023-03-03T16:51:03.020+0100] {logging_mixin.py:137} INFO - [2023-03-03T16:51:03.020+0100] {dagbag.py:537} INFO - Filling up the DagBag from /Users/uab910/dev/nnam-poc/pyenv/lib/python3.10/site-packages/airflow/example_dags/plugins/workday.py
[2023-03-03T16:51:03.036+0100] {processor.py:768} WARNING - No viable dags retrieved from /Users/uab910/dev/nnam-poc/pyenv/lib/python3.10/site-packages/airflow/example_dags/plugins/workday.py
[2023-03-03T16:51:03.168+0100] {processor.py:176} INFO - Processing /Users/uab910/dev/nnam-poc/pyenv/lib/python3.10/site-packages/airflow/example_dags/plugins/workday.py took 0.155 seconds
[2023-03-03T16:51:49.428+0100] {processor.py:154} INFO - Started process (PID=59184) to work on /Users/uab910/dev/nnam-poc/pyenv/lib/python3.10/site-packages/airflow/example_dags/plugins/workday.py
[2023-03-03T16:51:49.433+0100] {processor.py:756} INFO - Processing file /Users/uab910/dev/nnam-poc/pyenv/lib/python3.10/site-packages/airflow/example_dags/plugins/workday.py for tasks to queue
[2023-03-03T16:51:49.434+0100] {logging_mixin.py:137} INFO - [2023-03-03T16:51:49.434+0100] {dagbag.py:537} INFO - Filling up the DagBag from /Users/uab910/dev/nnam-poc/pyenv/lib/python3.10/site-packages/airflow/example_dags/plugins/workday.py
[2023-03-03T16:51:49.447+0100] {processor.py:768} WARNING - No viable dags retrieved from /Users/uab910/dev/nnam-poc/pyenv/lib/python3.10/site-packages/airflow/example_dags/plugins/workday.py
[2023-03-03T16:51:49.592+0100] {processor.py:176} INFO - Processing /Users/uab910/dev/nnam-poc/pyenv/lib/python3.10/site-packages/airflow/example_dags/plugins/workday.py took 0.164 seconds
[2023-03-03T16:52:35.134+0100] {processor.py:154} INFO - Started process (PID=59207) to work on /Users/uab910/dev/nnam-poc/pyenv/lib/python3.10/site-packages/airflow/example_dags/plugins/workday.py
[2023-03-03T16:52:35.139+0100] {processor.py:756} INFO - Processing file /Users/uab910/dev/nnam-poc/pyenv/lib/python3.10/site-packages/airflow/example_dags/plugins/workday.py for tasks to queue
[2023-03-03T16:52:35.140+0100] {logging_mixin.py:137} INFO - [2023-03-03T16:52:35.140+0100] {dagbag.py:537} INFO - Filling up the DagBag from /Users/uab910/dev/nnam-poc/pyenv/lib/python3.10/site-packages/airflow/example_dags/plugins/workday.py
[2023-03-03T16:52:35.155+0100] {processor.py:768} WARNING - No viable dags retrieved from /Users/uab910/dev/nnam-poc/pyenv/lib/python3.10/site-packages/airflow/example_dags/plugins/workday.py
[2023-03-03T16:52:35.278+0100] {processor.py:176} INFO - Processing /Users/uab910/dev/nnam-poc/pyenv/lib/python3.10/site-packages/airflow/example_dags/plugins/workday.py took 0.145 seconds
[2023-03-03T16:53:20.063+0100] {processor.py:154} INFO - Started process (PID=59232) to work on /Users/uab910/dev/nnam-poc/pyenv/lib/python3.10/site-packages/airflow/example_dags/plugins/workday.py
[2023-03-03T16:53:20.069+0100] {processor.py:756} INFO - Processing file /Users/uab910/dev/nnam-poc/pyenv/lib/python3.10/site-packages/airflow/example_dags/plugins/workday.py for tasks to queue
[2023-03-03T16:53:20.069+0100] {logging_mixin.py:137} INFO - [2023-03-03T16:53:20.069+0100] {dagbag.py:537} INFO - Filling up the DagBag from /Users/uab910/dev/nnam-poc/pyenv/lib/python3.10/site-packages/airflow/example_dags/plugins/workday.py
[2023-03-03T16:53:20.083+0100] {processor.py:768} WARNING - No viable dags retrieved from /Users/uab910/dev/nnam-poc/pyenv/lib/python3.10/site-packages/airflow/example_dags/plugins/workday.py
[2023-03-03T16:53:20.208+0100] {processor.py:176} INFO - Processing /Users/uab910/dev/nnam-poc/pyenv/lib/python3.10/site-packages/airflow/example_dags/plugins/workday.py took 0.146 seconds
[2023-03-03T16:54:02.668+0100] {processor.py:154} INFO - Started process (PID=59269) to work on /Users/uab910/dev/nnam-poc/pyenv/lib/python3.10/site-packages/airflow/example_dags/plugins/workday.py
[2023-03-03T16:54:02.674+0100] {processor.py:756} INFO - Processing file /Users/uab910/dev/nnam-poc/pyenv/lib/python3.10/site-packages/airflow/example_dags/plugins/workday.py for tasks to queue
[2023-03-03T16:54:02.674+0100] {logging_mixin.py:137} INFO - [2023-03-03T16:54:02.674+0100] {dagbag.py:537} INFO - Filling up the DagBag from /Users/uab910/dev/nnam-poc/pyenv/lib/python3.10/site-packages/airflow/example_dags/plugins/workday.py
[2023-03-03T16:54:02.690+0100] {processor.py:768} WARNING - No viable dags retrieved from /Users/uab910/dev/nnam-poc/pyenv/lib/python3.10/site-packages/airflow/example_dags/plugins/workday.py
[2023-03-03T16:54:02.822+0100] {processor.py:176} INFO - Processing /Users/uab910/dev/nnam-poc/pyenv/lib/python3.10/site-packages/airflow/example_dags/plugins/workday.py took 0.155 seconds
[2023-03-03T16:54:48.259+0100] {processor.py:154} INFO - Started process (PID=59292) to work on /Users/uab910/dev/nnam-poc/pyenv/lib/python3.10/site-packages/airflow/example_dags/plugins/workday.py
[2023-03-03T16:54:48.264+0100] {processor.py:756} INFO - Processing file /Users/uab910/dev/nnam-poc/pyenv/lib/python3.10/site-packages/airflow/example_dags/plugins/workday.py for tasks to queue
[2023-03-03T16:54:48.265+0100] {logging_mixin.py:137} INFO - [2023-03-03T16:54:48.265+0100] {dagbag.py:537} INFO - Filling up the DagBag from /Users/uab910/dev/nnam-poc/pyenv/lib/python3.10/site-packages/airflow/example_dags/plugins/workday.py
[2023-03-03T16:54:48.280+0100] {processor.py:768} WARNING - No viable dags retrieved from /Users/uab910/dev/nnam-poc/pyenv/lib/python3.10/site-packages/airflow/example_dags/plugins/workday.py
[2023-03-03T16:54:48.434+0100] {processor.py:176} INFO - Processing /Users/uab910/dev/nnam-poc/pyenv/lib/python3.10/site-packages/airflow/example_dags/plugins/workday.py took 0.176 seconds
[2023-03-03T16:55:36.101+0100] {processor.py:154} INFO - Started process (PID=59316) to work on /Users/uab910/dev/nnam-poc/pyenv/lib/python3.10/site-packages/airflow/example_dags/plugins/workday.py
[2023-03-03T16:55:36.106+0100] {processor.py:756} INFO - Processing file /Users/uab910/dev/nnam-poc/pyenv/lib/python3.10/site-packages/airflow/example_dags/plugins/workday.py for tasks to queue
[2023-03-03T16:55:36.106+0100] {logging_mixin.py:137} INFO - [2023-03-03T16:55:36.106+0100] {dagbag.py:537} INFO - Filling up the DagBag from /Users/uab910/dev/nnam-poc/pyenv/lib/python3.10/site-packages/airflow/example_dags/plugins/workday.py
[2023-03-03T16:55:36.119+0100] {processor.py:768} WARNING - No viable dags retrieved from /Users/uab910/dev/nnam-poc/pyenv/lib/python3.10/site-packages/airflow/example_dags/plugins/workday.py
[2023-03-03T16:55:36.244+0100] {processor.py:176} INFO - Processing /Users/uab910/dev/nnam-poc/pyenv/lib/python3.10/site-packages/airflow/example_dags/plugins/workday.py took 0.144 seconds
[2023-03-03T16:56:22.958+0100] {processor.py:154} INFO - Started process (PID=59343) to work on /Users/uab910/dev/nnam-poc/pyenv/lib/python3.10/site-packages/airflow/example_dags/plugins/workday.py
[2023-03-03T16:56:22.963+0100] {processor.py:756} INFO - Processing file /Users/uab910/dev/nnam-poc/pyenv/lib/python3.10/site-packages/airflow/example_dags/plugins/workday.py for tasks to queue
[2023-03-03T16:56:22.963+0100] {logging_mixin.py:137} INFO - [2023-03-03T16:56:22.963+0100] {dagbag.py:537} INFO - Filling up the DagBag from /Users/uab910/dev/nnam-poc/pyenv/lib/python3.10/site-packages/airflow/example_dags/plugins/workday.py
[2023-03-03T16:56:22.976+0100] {processor.py:768} WARNING - No viable dags retrieved from /Users/uab910/dev/nnam-poc/pyenv/lib/python3.10/site-packages/airflow/example_dags/plugins/workday.py
[2023-03-03T16:56:23.100+0100] {processor.py:176} INFO - Processing /Users/uab910/dev/nnam-poc/pyenv/lib/python3.10/site-packages/airflow/example_dags/plugins/workday.py took 0.143 seconds
[2023-03-03T16:57:09.724+0100] {processor.py:154} INFO - Started process (PID=59365) to work on /Users/uab910/dev/nnam-poc/pyenv/lib/python3.10/site-packages/airflow/example_dags/plugins/workday.py
[2023-03-03T16:57:09.730+0100] {processor.py:756} INFO - Processing file /Users/uab910/dev/nnam-poc/pyenv/lib/python3.10/site-packages/airflow/example_dags/plugins/workday.py for tasks to queue
[2023-03-03T16:57:09.731+0100] {logging_mixin.py:137} INFO - [2023-03-03T16:57:09.731+0100] {dagbag.py:537} INFO - Filling up the DagBag from /Users/uab910/dev/nnam-poc/pyenv/lib/python3.10/site-packages/airflow/example_dags/plugins/workday.py
[2023-03-03T16:57:09.747+0100] {processor.py:768} WARNING - No viable dags retrieved from /Users/uab910/dev/nnam-poc/pyenv/lib/python3.10/site-packages/airflow/example_dags/plugins/workday.py
[2023-03-03T16:57:09.888+0100] {processor.py:176} INFO - Processing /Users/uab910/dev/nnam-poc/pyenv/lib/python3.10/site-packages/airflow/example_dags/plugins/workday.py took 0.165 seconds
[2023-03-03T16:57:56.243+0100] {processor.py:154} INFO - Started process (PID=59393) to work on /Users/uab910/dev/nnam-poc/pyenv/lib/python3.10/site-packages/airflow/example_dags/plugins/workday.py
[2023-03-03T16:57:56.248+0100] {processor.py:756} INFO - Processing file /Users/uab910/dev/nnam-poc/pyenv/lib/python3.10/site-packages/airflow/example_dags/plugins/workday.py for tasks to queue
[2023-03-03T16:57:56.248+0100] {logging_mixin.py:137} INFO - [2023-03-03T16:57:56.248+0100] {dagbag.py:537} INFO - Filling up the DagBag from /Users/uab910/dev/nnam-poc/pyenv/lib/python3.10/site-packages/airflow/example_dags/plugins/workday.py
[2023-03-03T16:57:56.261+0100] {processor.py:768} WARNING - No viable dags retrieved from /Users/uab910/dev/nnam-poc/pyenv/lib/python3.10/site-packages/airflow/example_dags/plugins/workday.py
[2023-03-03T16:57:56.382+0100] {processor.py:176} INFO - Processing /Users/uab910/dev/nnam-poc/pyenv/lib/python3.10/site-packages/airflow/example_dags/plugins/workday.py took 0.140 seconds
[2023-03-03T16:58:42.881+0100] {processor.py:154} INFO - Started process (PID=59414) to work on /Users/uab910/dev/nnam-poc/pyenv/lib/python3.10/site-packages/airflow/example_dags/plugins/workday.py
[2023-03-03T16:58:42.886+0100] {processor.py:756} INFO - Processing file /Users/uab910/dev/nnam-poc/pyenv/lib/python3.10/site-packages/airflow/example_dags/plugins/workday.py for tasks to queue
[2023-03-03T16:58:42.886+0100] {logging_mixin.py:137} INFO - [2023-03-03T16:58:42.886+0100] {dagbag.py:537} INFO - Filling up the DagBag from /Users/uab910/dev/nnam-poc/pyenv/lib/python3.10/site-packages/airflow/example_dags/plugins/workday.py
[2023-03-03T16:58:42.900+0100] {processor.py:768} WARNING - No viable dags retrieved from /Users/uab910/dev/nnam-poc/pyenv/lib/python3.10/site-packages/airflow/example_dags/plugins/workday.py
[2023-03-03T16:58:43.064+0100] {processor.py:176} INFO - Processing /Users/uab910/dev/nnam-poc/pyenv/lib/python3.10/site-packages/airflow/example_dags/plugins/workday.py took 0.184 seconds
[2023-03-03T16:59:30.236+0100] {processor.py:154} INFO - Started process (PID=59438) to work on /Users/uab910/dev/nnam-poc/pyenv/lib/python3.10/site-packages/airflow/example_dags/plugins/workday.py
[2023-03-03T16:59:30.241+0100] {processor.py:756} INFO - Processing file /Users/uab910/dev/nnam-poc/pyenv/lib/python3.10/site-packages/airflow/example_dags/plugins/workday.py for tasks to queue
[2023-03-03T16:59:30.242+0100] {logging_mixin.py:137} INFO - [2023-03-03T16:59:30.242+0100] {dagbag.py:537} INFO - Filling up the DagBag from /Users/uab910/dev/nnam-poc/pyenv/lib/python3.10/site-packages/airflow/example_dags/plugins/workday.py
[2023-03-03T16:59:30.255+0100] {processor.py:768} WARNING - No viable dags retrieved from /Users/uab910/dev/nnam-poc/pyenv/lib/python3.10/site-packages/airflow/example_dags/plugins/workday.py
[2023-03-03T16:59:30.383+0100] {processor.py:176} INFO - Processing /Users/uab910/dev/nnam-poc/pyenv/lib/python3.10/site-packages/airflow/example_dags/plugins/workday.py took 0.147 seconds
[2023-03-03T17:00:16.960+0100] {processor.py:154} INFO - Started process (PID=59460) to work on /Users/uab910/dev/nnam-poc/pyenv/lib/python3.10/site-packages/airflow/example_dags/plugins/workday.py
[2023-03-03T17:00:16.967+0100] {processor.py:756} INFO - Processing file /Users/uab910/dev/nnam-poc/pyenv/lib/python3.10/site-packages/airflow/example_dags/plugins/workday.py for tasks to queue
[2023-03-03T17:00:16.967+0100] {logging_mixin.py:137} INFO - [2023-03-03T17:00:16.967+0100] {dagbag.py:537} INFO - Filling up the DagBag from /Users/uab910/dev/nnam-poc/pyenv/lib/python3.10/site-packages/airflow/example_dags/plugins/workday.py
[2023-03-03T17:00:16.983+0100] {processor.py:768} WARNING - No viable dags retrieved from /Users/uab910/dev/nnam-poc/pyenv/lib/python3.10/site-packages/airflow/example_dags/plugins/workday.py
[2023-03-03T17:00:17.138+0100] {processor.py:176} INFO - Processing /Users/uab910/dev/nnam-poc/pyenv/lib/python3.10/site-packages/airflow/example_dags/plugins/workday.py took 0.179 seconds
[2023-03-03T17:01:03.277+0100] {processor.py:154} INFO - Started process (PID=59486) to work on /Users/uab910/dev/nnam-poc/pyenv/lib/python3.10/site-packages/airflow/example_dags/plugins/workday.py
[2023-03-03T17:01:03.282+0100] {processor.py:756} INFO - Processing file /Users/uab910/dev/nnam-poc/pyenv/lib/python3.10/site-packages/airflow/example_dags/plugins/workday.py for tasks to queue
[2023-03-03T17:01:03.283+0100] {logging_mixin.py:137} INFO - [2023-03-03T17:01:03.283+0100] {dagbag.py:537} INFO - Filling up the DagBag from /Users/uab910/dev/nnam-poc/pyenv/lib/python3.10/site-packages/airflow/example_dags/plugins/workday.py
[2023-03-03T17:01:03.297+0100] {processor.py:768} WARNING - No viable dags retrieved from /Users/uab910/dev/nnam-poc/pyenv/lib/python3.10/site-packages/airflow/example_dags/plugins/workday.py
[2023-03-03T17:01:03.419+0100] {processor.py:176} INFO - Processing /Users/uab910/dev/nnam-poc/pyenv/lib/python3.10/site-packages/airflow/example_dags/plugins/workday.py took 0.142 seconds
[2023-03-03T17:01:49.417+0100] {processor.py:154} INFO - Started process (PID=59511) to work on /Users/uab910/dev/nnam-poc/pyenv/lib/python3.10/site-packages/airflow/example_dags/plugins/workday.py
[2023-03-03T17:01:49.423+0100] {processor.py:756} INFO - Processing file /Users/uab910/dev/nnam-poc/pyenv/lib/python3.10/site-packages/airflow/example_dags/plugins/workday.py for tasks to queue
[2023-03-03T17:01:49.424+0100] {logging_mixin.py:137} INFO - [2023-03-03T17:01:49.423+0100] {dagbag.py:537} INFO - Filling up the DagBag from /Users/uab910/dev/nnam-poc/pyenv/lib/python3.10/site-packages/airflow/example_dags/plugins/workday.py
[2023-03-03T17:01:49.439+0100] {processor.py:768} WARNING - No viable dags retrieved from /Users/uab910/dev/nnam-poc/pyenv/lib/python3.10/site-packages/airflow/example_dags/plugins/workday.py
[2023-03-03T17:01:49.588+0100] {processor.py:176} INFO - Processing /Users/uab910/dev/nnam-poc/pyenv/lib/python3.10/site-packages/airflow/example_dags/plugins/workday.py took 0.171 seconds
[2023-03-03T17:02:35.573+0100] {processor.py:154} INFO - Started process (PID=59535) to work on /Users/uab910/dev/nnam-poc/pyenv/lib/python3.10/site-packages/airflow/example_dags/plugins/workday.py
[2023-03-03T17:02:35.578+0100] {processor.py:756} INFO - Processing file /Users/uab910/dev/nnam-poc/pyenv/lib/python3.10/site-packages/airflow/example_dags/plugins/workday.py for tasks to queue
[2023-03-03T17:02:35.578+0100] {logging_mixin.py:137} INFO - [2023-03-03T17:02:35.578+0100] {dagbag.py:537} INFO - Filling up the DagBag from /Users/uab910/dev/nnam-poc/pyenv/lib/python3.10/site-packages/airflow/example_dags/plugins/workday.py
[2023-03-03T17:02:35.590+0100] {processor.py:768} WARNING - No viable dags retrieved from /Users/uab910/dev/nnam-poc/pyenv/lib/python3.10/site-packages/airflow/example_dags/plugins/workday.py
[2023-03-03T17:02:35.706+0100] {processor.py:176} INFO - Processing /Users/uab910/dev/nnam-poc/pyenv/lib/python3.10/site-packages/airflow/example_dags/plugins/workday.py took 0.134 seconds
[2023-03-03T17:03:21.436+0100] {processor.py:154} INFO - Started process (PID=59559) to work on /Users/uab910/dev/nnam-poc/pyenv/lib/python3.10/site-packages/airflow/example_dags/plugins/workday.py
[2023-03-03T17:03:21.442+0100] {processor.py:756} INFO - Processing file /Users/uab910/dev/nnam-poc/pyenv/lib/python3.10/site-packages/airflow/example_dags/plugins/workday.py for tasks to queue
[2023-03-03T17:03:21.442+0100] {logging_mixin.py:137} INFO - [2023-03-03T17:03:21.442+0100] {dagbag.py:537} INFO - Filling up the DagBag from /Users/uab910/dev/nnam-poc/pyenv/lib/python3.10/site-packages/airflow/example_dags/plugins/workday.py
[2023-03-03T17:03:21.457+0100] {processor.py:768} WARNING - No viable dags retrieved from /Users/uab910/dev/nnam-poc/pyenv/lib/python3.10/site-packages/airflow/example_dags/plugins/workday.py
[2023-03-03T17:03:21.577+0100] {processor.py:176} INFO - Processing /Users/uab910/dev/nnam-poc/pyenv/lib/python3.10/site-packages/airflow/example_dags/plugins/workday.py took 0.142 seconds
[2023-03-03T17:04:07.701+0100] {processor.py:154} INFO - Started process (PID=59600) to work on /Users/uab910/dev/nnam-poc/pyenv/lib/python3.10/site-packages/airflow/example_dags/plugins/workday.py
[2023-03-03T17:04:07.706+0100] {processor.py:756} INFO - Processing file /Users/uab910/dev/nnam-poc/pyenv/lib/python3.10/site-packages/airflow/example_dags/plugins/workday.py for tasks to queue
[2023-03-03T17:04:07.707+0100] {logging_mixin.py:137} INFO - [2023-03-03T17:04:07.707+0100] {dagbag.py:537} INFO - Filling up the DagBag from /Users/uab910/dev/nnam-poc/pyenv/lib/python3.10/site-packages/airflow/example_dags/plugins/workday.py
[2023-03-03T17:04:07.720+0100] {processor.py:768} WARNING - No viable dags retrieved from /Users/uab910/dev/nnam-poc/pyenv/lib/python3.10/site-packages/airflow/example_dags/plugins/workday.py
[2023-03-03T17:04:07.840+0100] {processor.py:176} INFO - Processing /Users/uab910/dev/nnam-poc/pyenv/lib/python3.10/site-packages/airflow/example_dags/plugins/workday.py took 0.140 seconds
[2023-03-03T17:04:52.429+0100] {processor.py:154} INFO - Started process (PID=59624) to work on /Users/uab910/dev/nnam-poc/pyenv/lib/python3.10/site-packages/airflow/example_dags/plugins/workday.py
[2023-03-03T17:04:52.434+0100] {processor.py:756} INFO - Processing file /Users/uab910/dev/nnam-poc/pyenv/lib/python3.10/site-packages/airflow/example_dags/plugins/workday.py for tasks to queue
[2023-03-03T17:04:52.434+0100] {logging_mixin.py:137} INFO - [2023-03-03T17:04:52.434+0100] {dagbag.py:537} INFO - Filling up the DagBag from /Users/uab910/dev/nnam-poc/pyenv/lib/python3.10/site-packages/airflow/example_dags/plugins/workday.py
[2023-03-03T17:04:52.447+0100] {processor.py:768} WARNING - No viable dags retrieved from /Users/uab910/dev/nnam-poc/pyenv/lib/python3.10/site-packages/airflow/example_dags/plugins/workday.py
[2023-03-03T17:04:52.564+0100] {processor.py:176} INFO - Processing /Users/uab910/dev/nnam-poc/pyenv/lib/python3.10/site-packages/airflow/example_dags/plugins/workday.py took 0.136 seconds
[2023-03-03T17:05:35.900+0100] {processor.py:154} INFO - Started process (PID=59647) to work on /Users/uab910/dev/nnam-poc/pyenv/lib/python3.10/site-packages/airflow/example_dags/plugins/workday.py
[2023-03-03T17:05:35.904+0100] {processor.py:756} INFO - Processing file /Users/uab910/dev/nnam-poc/pyenv/lib/python3.10/site-packages/airflow/example_dags/plugins/workday.py for tasks to queue
[2023-03-03T17:05:35.904+0100] {logging_mixin.py:137} INFO - [2023-03-03T17:05:35.904+0100] {dagbag.py:537} INFO - Filling up the DagBag from /Users/uab910/dev/nnam-poc/pyenv/lib/python3.10/site-packages/airflow/example_dags/plugins/workday.py
[2023-03-03T17:05:35.917+0100] {processor.py:768} WARNING - No viable dags retrieved from /Users/uab910/dev/nnam-poc/pyenv/lib/python3.10/site-packages/airflow/example_dags/plugins/workday.py
[2023-03-03T17:05:36.036+0100] {processor.py:176} INFO - Processing /Users/uab910/dev/nnam-poc/pyenv/lib/python3.10/site-packages/airflow/example_dags/plugins/workday.py took 0.137 seconds
[2023-03-03T17:06:25.075+0100] {processor.py:154} INFO - Started process (PID=59678) to work on /Users/uab910/dev/nnam-poc/pyenv/lib/python3.10/site-packages/airflow/example_dags/plugins/workday.py
[2023-03-03T17:06:25.080+0100] {processor.py:756} INFO - Processing file /Users/uab910/dev/nnam-poc/pyenv/lib/python3.10/site-packages/airflow/example_dags/plugins/workday.py for tasks to queue
[2023-03-03T17:06:25.081+0100] {logging_mixin.py:137} INFO - [2023-03-03T17:06:25.080+0100] {dagbag.py:537} INFO - Filling up the DagBag from /Users/uab910/dev/nnam-poc/pyenv/lib/python3.10/site-packages/airflow/example_dags/plugins/workday.py
[2023-03-03T17:06:25.104+0100] {processor.py:768} WARNING - No viable dags retrieved from /Users/uab910/dev/nnam-poc/pyenv/lib/python3.10/site-packages/airflow/example_dags/plugins/workday.py
[2023-03-03T17:06:25.233+0100] {processor.py:176} INFO - Processing /Users/uab910/dev/nnam-poc/pyenv/lib/python3.10/site-packages/airflow/example_dags/plugins/workday.py took 0.160 seconds
[2023-03-03T17:07:12.702+0100] {processor.py:154} INFO - Started process (PID=59703) to work on /Users/uab910/dev/nnam-poc/pyenv/lib/python3.10/site-packages/airflow/example_dags/plugins/workday.py
[2023-03-03T17:07:12.708+0100] {processor.py:756} INFO - Processing file /Users/uab910/dev/nnam-poc/pyenv/lib/python3.10/site-packages/airflow/example_dags/plugins/workday.py for tasks to queue
[2023-03-03T17:07:12.708+0100] {logging_mixin.py:137} INFO - [2023-03-03T17:07:12.708+0100] {dagbag.py:537} INFO - Filling up the DagBag from /Users/uab910/dev/nnam-poc/pyenv/lib/python3.10/site-packages/airflow/example_dags/plugins/workday.py
[2023-03-03T17:07:12.723+0100] {processor.py:768} WARNING - No viable dags retrieved from /Users/uab910/dev/nnam-poc/pyenv/lib/python3.10/site-packages/airflow/example_dags/plugins/workday.py
[2023-03-03T17:07:12.863+0100] {processor.py:176} INFO - Processing /Users/uab910/dev/nnam-poc/pyenv/lib/python3.10/site-packages/airflow/example_dags/plugins/workday.py took 0.161 seconds
[2023-03-03T17:08:05.297+0100] {processor.py:154} INFO - Started process (PID=59737) to work on /Users/uab910/dev/nnam-poc/pyenv/lib/python3.10/site-packages/airflow/example_dags/plugins/workday.py
[2023-03-03T17:08:05.303+0100] {processor.py:756} INFO - Processing file /Users/uab910/dev/nnam-poc/pyenv/lib/python3.10/site-packages/airflow/example_dags/plugins/workday.py for tasks to queue
[2023-03-03T17:08:05.304+0100] {logging_mixin.py:137} INFO - [2023-03-03T17:08:05.304+0100] {dagbag.py:537} INFO - Filling up the DagBag from /Users/uab910/dev/nnam-poc/pyenv/lib/python3.10/site-packages/airflow/example_dags/plugins/workday.py
[2023-03-03T17:08:05.319+0100] {processor.py:768} WARNING - No viable dags retrieved from /Users/uab910/dev/nnam-poc/pyenv/lib/python3.10/site-packages/airflow/example_dags/plugins/workday.py
[2023-03-03T17:08:05.466+0100] {processor.py:176} INFO - Processing /Users/uab910/dev/nnam-poc/pyenv/lib/python3.10/site-packages/airflow/example_dags/plugins/workday.py took 0.169 seconds
[2023-03-03T17:08:56.517+0100] {processor.py:154} INFO - Started process (PID=59768) to work on /Users/uab910/dev/nnam-poc/pyenv/lib/python3.10/site-packages/airflow/example_dags/plugins/workday.py
[2023-03-03T17:08:56.523+0100] {processor.py:756} INFO - Processing file /Users/uab910/dev/nnam-poc/pyenv/lib/python3.10/site-packages/airflow/example_dags/plugins/workday.py for tasks to queue
[2023-03-03T17:08:56.524+0100] {logging_mixin.py:137} INFO - [2023-03-03T17:08:56.524+0100] {dagbag.py:537} INFO - Filling up the DagBag from /Users/uab910/dev/nnam-poc/pyenv/lib/python3.10/site-packages/airflow/example_dags/plugins/workday.py
[2023-03-03T17:08:56.540+0100] {processor.py:768} WARNING - No viable dags retrieved from /Users/uab910/dev/nnam-poc/pyenv/lib/python3.10/site-packages/airflow/example_dags/plugins/workday.py
[2023-03-03T17:08:56.661+0100] {processor.py:176} INFO - Processing /Users/uab910/dev/nnam-poc/pyenv/lib/python3.10/site-packages/airflow/example_dags/plugins/workday.py took 0.144 seconds
[2023-03-03T17:09:41.566+0100] {processor.py:154} INFO - Started process (PID=59794) to work on /Users/uab910/dev/nnam-poc/pyenv/lib/python3.10/site-packages/airflow/example_dags/plugins/workday.py
[2023-03-03T17:09:41.571+0100] {processor.py:756} INFO - Processing file /Users/uab910/dev/nnam-poc/pyenv/lib/python3.10/site-packages/airflow/example_dags/plugins/workday.py for tasks to queue
[2023-03-03T17:09:41.571+0100] {logging_mixin.py:137} INFO - [2023-03-03T17:09:41.571+0100] {dagbag.py:537} INFO - Filling up the DagBag from /Users/uab910/dev/nnam-poc/pyenv/lib/python3.10/site-packages/airflow/example_dags/plugins/workday.py
[2023-03-03T17:09:41.585+0100] {processor.py:768} WARNING - No viable dags retrieved from /Users/uab910/dev/nnam-poc/pyenv/lib/python3.10/site-packages/airflow/example_dags/plugins/workday.py
[2023-03-03T17:09:41.702+0100] {processor.py:176} INFO - Processing /Users/uab910/dev/nnam-poc/pyenv/lib/python3.10/site-packages/airflow/example_dags/plugins/workday.py took 0.137 seconds
[2023-03-03T17:10:24.989+0100] {processor.py:154} INFO - Started process (PID=59816) to work on /Users/uab910/dev/nnam-poc/pyenv/lib/python3.10/site-packages/airflow/example_dags/plugins/workday.py
[2023-03-03T17:10:24.993+0100] {processor.py:756} INFO - Processing file /Users/uab910/dev/nnam-poc/pyenv/lib/python3.10/site-packages/airflow/example_dags/plugins/workday.py for tasks to queue
[2023-03-03T17:10:24.993+0100] {logging_mixin.py:137} INFO - [2023-03-03T17:10:24.993+0100] {dagbag.py:537} INFO - Filling up the DagBag from /Users/uab910/dev/nnam-poc/pyenv/lib/python3.10/site-packages/airflow/example_dags/plugins/workday.py
[2023-03-03T17:10:25.004+0100] {processor.py:768} WARNING - No viable dags retrieved from /Users/uab910/dev/nnam-poc/pyenv/lib/python3.10/site-packages/airflow/example_dags/plugins/workday.py
[2023-03-03T17:10:25.120+0100] {processor.py:176} INFO - Processing /Users/uab910/dev/nnam-poc/pyenv/lib/python3.10/site-packages/airflow/example_dags/plugins/workday.py took 0.132 seconds
[2023-03-03T17:11:08.778+0100] {processor.py:154} INFO - Started process (PID=59842) to work on /Users/uab910/dev/nnam-poc/pyenv/lib/python3.10/site-packages/airflow/example_dags/plugins/workday.py
[2023-03-03T17:11:08.783+0100] {processor.py:756} INFO - Processing file /Users/uab910/dev/nnam-poc/pyenv/lib/python3.10/site-packages/airflow/example_dags/plugins/workday.py for tasks to queue
[2023-03-03T17:11:08.783+0100] {logging_mixin.py:137} INFO - [2023-03-03T17:11:08.783+0100] {dagbag.py:537} INFO - Filling up the DagBag from /Users/uab910/dev/nnam-poc/pyenv/lib/python3.10/site-packages/airflow/example_dags/plugins/workday.py
[2023-03-03T17:11:08.795+0100] {processor.py:768} WARNING - No viable dags retrieved from /Users/uab910/dev/nnam-poc/pyenv/lib/python3.10/site-packages/airflow/example_dags/plugins/workday.py
[2023-03-03T17:11:08.911+0100] {processor.py:176} INFO - Processing /Users/uab910/dev/nnam-poc/pyenv/lib/python3.10/site-packages/airflow/example_dags/plugins/workday.py took 0.134 seconds
[2023-03-03T17:11:52.330+0100] {processor.py:154} INFO - Started process (PID=59868) to work on /Users/uab910/dev/nnam-poc/pyenv/lib/python3.10/site-packages/airflow/example_dags/plugins/workday.py
[2023-03-03T17:11:52.334+0100] {processor.py:756} INFO - Processing file /Users/uab910/dev/nnam-poc/pyenv/lib/python3.10/site-packages/airflow/example_dags/plugins/workday.py for tasks to queue
[2023-03-03T17:11:52.334+0100] {logging_mixin.py:137} INFO - [2023-03-03T17:11:52.334+0100] {dagbag.py:537} INFO - Filling up the DagBag from /Users/uab910/dev/nnam-poc/pyenv/lib/python3.10/site-packages/airflow/example_dags/plugins/workday.py
[2023-03-03T17:11:52.345+0100] {processor.py:768} WARNING - No viable dags retrieved from /Users/uab910/dev/nnam-poc/pyenv/lib/python3.10/site-packages/airflow/example_dags/plugins/workday.py
[2023-03-03T17:11:52.460+0100] {processor.py:176} INFO - Processing /Users/uab910/dev/nnam-poc/pyenv/lib/python3.10/site-packages/airflow/example_dags/plugins/workday.py took 0.131 seconds
[2023-03-03T17:12:38.299+0100] {processor.py:154} INFO - Started process (PID=59907) to work on /Users/uab910/dev/nnam-poc/pyenv/lib/python3.10/site-packages/airflow/example_dags/plugins/workday.py
[2023-03-03T17:12:38.305+0100] {processor.py:756} INFO - Processing file /Users/uab910/dev/nnam-poc/pyenv/lib/python3.10/site-packages/airflow/example_dags/plugins/workday.py for tasks to queue
[2023-03-03T17:12:38.305+0100] {logging_mixin.py:137} INFO - [2023-03-03T17:12:38.305+0100] {dagbag.py:537} INFO - Filling up the DagBag from /Users/uab910/dev/nnam-poc/pyenv/lib/python3.10/site-packages/airflow/example_dags/plugins/workday.py
[2023-03-03T17:12:38.321+0100] {processor.py:768} WARNING - No viable dags retrieved from /Users/uab910/dev/nnam-poc/pyenv/lib/python3.10/site-packages/airflow/example_dags/plugins/workday.py
[2023-03-03T17:12:38.463+0100] {processor.py:176} INFO - Processing /Users/uab910/dev/nnam-poc/pyenv/lib/python3.10/site-packages/airflow/example_dags/plugins/workday.py took 0.165 seconds
[2023-03-03T17:13:22.659+0100] {processor.py:154} INFO - Started process (PID=59951) to work on /Users/uab910/dev/nnam-poc/pyenv/lib/python3.10/site-packages/airflow/example_dags/plugins/workday.py
[2023-03-03T17:13:22.664+0100] {processor.py:756} INFO - Processing file /Users/uab910/dev/nnam-poc/pyenv/lib/python3.10/site-packages/airflow/example_dags/plugins/workday.py for tasks to queue
[2023-03-03T17:13:22.665+0100] {logging_mixin.py:137} INFO - [2023-03-03T17:13:22.665+0100] {dagbag.py:537} INFO - Filling up the DagBag from /Users/uab910/dev/nnam-poc/pyenv/lib/python3.10/site-packages/airflow/example_dags/plugins/workday.py
[2023-03-03T17:13:22.677+0100] {processor.py:768} WARNING - No viable dags retrieved from /Users/uab910/dev/nnam-poc/pyenv/lib/python3.10/site-packages/airflow/example_dags/plugins/workday.py
[2023-03-03T17:13:22.797+0100] {processor.py:176} INFO - Processing /Users/uab910/dev/nnam-poc/pyenv/lib/python3.10/site-packages/airflow/example_dags/plugins/workday.py took 0.139 seconds
[2023-03-03T17:14:08.410+0100] {processor.py:154} INFO - Started process (PID=59988) to work on /Users/uab910/dev/nnam-poc/pyenv/lib/python3.10/site-packages/airflow/example_dags/plugins/workday.py
[2023-03-03T17:14:08.416+0100] {processor.py:756} INFO - Processing file /Users/uab910/dev/nnam-poc/pyenv/lib/python3.10/site-packages/airflow/example_dags/plugins/workday.py for tasks to queue
[2023-03-03T17:14:08.416+0100] {logging_mixin.py:137} INFO - [2023-03-03T17:14:08.416+0100] {dagbag.py:537} INFO - Filling up the DagBag from /Users/uab910/dev/nnam-poc/pyenv/lib/python3.10/site-packages/airflow/example_dags/plugins/workday.py
[2023-03-03T17:14:08.429+0100] {processor.py:768} WARNING - No viable dags retrieved from /Users/uab910/dev/nnam-poc/pyenv/lib/python3.10/site-packages/airflow/example_dags/plugins/workday.py
[2023-03-03T17:14:08.546+0100] {processor.py:176} INFO - Processing /Users/uab910/dev/nnam-poc/pyenv/lib/python3.10/site-packages/airflow/example_dags/plugins/workday.py took 0.137 seconds
[2023-03-03T17:14:54.823+0100] {processor.py:154} INFO - Started process (PID=60018) to work on /Users/uab910/dev/nnam-poc/pyenv/lib/python3.10/site-packages/airflow/example_dags/plugins/workday.py
[2023-03-03T17:14:54.828+0100] {processor.py:756} INFO - Processing file /Users/uab910/dev/nnam-poc/pyenv/lib/python3.10/site-packages/airflow/example_dags/plugins/workday.py for tasks to queue
[2023-03-03T17:14:54.829+0100] {logging_mixin.py:137} INFO - [2023-03-03T17:14:54.829+0100] {dagbag.py:537} INFO - Filling up the DagBag from /Users/uab910/dev/nnam-poc/pyenv/lib/python3.10/site-packages/airflow/example_dags/plugins/workday.py
[2023-03-03T17:14:54.842+0100] {processor.py:768} WARNING - No viable dags retrieved from /Users/uab910/dev/nnam-poc/pyenv/lib/python3.10/site-packages/airflow/example_dags/plugins/workday.py
[2023-03-03T17:14:54.975+0100] {processor.py:176} INFO - Processing /Users/uab910/dev/nnam-poc/pyenv/lib/python3.10/site-packages/airflow/example_dags/plugins/workday.py took 0.153 seconds
[2023-03-03T17:15:41.360+0100] {processor.py:154} INFO - Started process (PID=60044) to work on /Users/uab910/dev/nnam-poc/pyenv/lib/python3.10/site-packages/airflow/example_dags/plugins/workday.py
[2023-03-03T17:15:41.365+0100] {processor.py:756} INFO - Processing file /Users/uab910/dev/nnam-poc/pyenv/lib/python3.10/site-packages/airflow/example_dags/plugins/workday.py for tasks to queue
[2023-03-03T17:15:41.366+0100] {logging_mixin.py:137} INFO - [2023-03-03T17:15:41.366+0100] {dagbag.py:537} INFO - Filling up the DagBag from /Users/uab910/dev/nnam-poc/pyenv/lib/python3.10/site-packages/airflow/example_dags/plugins/workday.py
[2023-03-03T17:15:41.382+0100] {processor.py:768} WARNING - No viable dags retrieved from /Users/uab910/dev/nnam-poc/pyenv/lib/python3.10/site-packages/airflow/example_dags/plugins/workday.py
[2023-03-03T17:15:41.501+0100] {processor.py:176} INFO - Processing /Users/uab910/dev/nnam-poc/pyenv/lib/python3.10/site-packages/airflow/example_dags/plugins/workday.py took 0.142 seconds
[2023-03-03T17:16:28.022+0100] {processor.py:154} INFO - Started process (PID=60069) to work on /Users/uab910/dev/nnam-poc/pyenv/lib/python3.10/site-packages/airflow/example_dags/plugins/workday.py
[2023-03-03T17:16:28.027+0100] {processor.py:756} INFO - Processing file /Users/uab910/dev/nnam-poc/pyenv/lib/python3.10/site-packages/airflow/example_dags/plugins/workday.py for tasks to queue
[2023-03-03T17:16:28.028+0100] {logging_mixin.py:137} INFO - [2023-03-03T17:16:28.028+0100] {dagbag.py:537} INFO - Filling up the DagBag from /Users/uab910/dev/nnam-poc/pyenv/lib/python3.10/site-packages/airflow/example_dags/plugins/workday.py
[2023-03-03T17:16:28.041+0100] {processor.py:768} WARNING - No viable dags retrieved from /Users/uab910/dev/nnam-poc/pyenv/lib/python3.10/site-packages/airflow/example_dags/plugins/workday.py
[2023-03-03T17:16:28.164+0100] {processor.py:176} INFO - Processing /Users/uab910/dev/nnam-poc/pyenv/lib/python3.10/site-packages/airflow/example_dags/plugins/workday.py took 0.142 seconds
[2023-03-03T17:17:14.714+0100] {processor.py:154} INFO - Started process (PID=60099) to work on /Users/uab910/dev/nnam-poc/pyenv/lib/python3.10/site-packages/airflow/example_dags/plugins/workday.py
[2023-03-03T17:17:14.719+0100] {processor.py:756} INFO - Processing file /Users/uab910/dev/nnam-poc/pyenv/lib/python3.10/site-packages/airflow/example_dags/plugins/workday.py for tasks to queue
[2023-03-03T17:17:14.720+0100] {logging_mixin.py:137} INFO - [2023-03-03T17:17:14.719+0100] {dagbag.py:537} INFO - Filling up the DagBag from /Users/uab910/dev/nnam-poc/pyenv/lib/python3.10/site-packages/airflow/example_dags/plugins/workday.py
[2023-03-03T17:17:14.733+0100] {processor.py:768} WARNING - No viable dags retrieved from /Users/uab910/dev/nnam-poc/pyenv/lib/python3.10/site-packages/airflow/example_dags/plugins/workday.py
[2023-03-03T17:17:14.862+0100] {processor.py:176} INFO - Processing /Users/uab910/dev/nnam-poc/pyenv/lib/python3.10/site-packages/airflow/example_dags/plugins/workday.py took 0.148 seconds
[2023-03-03T17:17:58.140+0100] {processor.py:154} INFO - Started process (PID=60125) to work on /Users/uab910/dev/nnam-poc/pyenv/lib/python3.10/site-packages/airflow/example_dags/plugins/workday.py
[2023-03-03T17:17:58.146+0100] {processor.py:756} INFO - Processing file /Users/uab910/dev/nnam-poc/pyenv/lib/python3.10/site-packages/airflow/example_dags/plugins/workday.py for tasks to queue
[2023-03-03T17:17:58.147+0100] {logging_mixin.py:137} INFO - [2023-03-03T17:17:58.147+0100] {dagbag.py:537} INFO - Filling up the DagBag from /Users/uab910/dev/nnam-poc/pyenv/lib/python3.10/site-packages/airflow/example_dags/plugins/workday.py
[2023-03-03T17:17:58.161+0100] {processor.py:768} WARNING - No viable dags retrieved from /Users/uab910/dev/nnam-poc/pyenv/lib/python3.10/site-packages/airflow/example_dags/plugins/workday.py
[2023-03-03T17:17:58.306+0100] {processor.py:176} INFO - Processing /Users/uab910/dev/nnam-poc/pyenv/lib/python3.10/site-packages/airflow/example_dags/plugins/workday.py took 0.166 seconds
[2023-03-03T17:18:40.714+0100] {processor.py:154} INFO - Started process (PID=60149) to work on /Users/uab910/dev/nnam-poc/pyenv/lib/python3.10/site-packages/airflow/example_dags/plugins/workday.py
[2023-03-03T17:18:40.719+0100] {processor.py:756} INFO - Processing file /Users/uab910/dev/nnam-poc/pyenv/lib/python3.10/site-packages/airflow/example_dags/plugins/workday.py for tasks to queue
[2023-03-03T17:18:40.719+0100] {logging_mixin.py:137} INFO - [2023-03-03T17:18:40.719+0100] {dagbag.py:537} INFO - Filling up the DagBag from /Users/uab910/dev/nnam-poc/pyenv/lib/python3.10/site-packages/airflow/example_dags/plugins/workday.py
[2023-03-03T17:18:40.731+0100] {processor.py:768} WARNING - No viable dags retrieved from /Users/uab910/dev/nnam-poc/pyenv/lib/python3.10/site-packages/airflow/example_dags/plugins/workday.py
[2023-03-03T17:18:40.854+0100] {processor.py:176} INFO - Processing /Users/uab910/dev/nnam-poc/pyenv/lib/python3.10/site-packages/airflow/example_dags/plugins/workday.py took 0.141 seconds
[2023-03-03T17:19:28.090+0100] {processor.py:154} INFO - Started process (PID=60185) to work on /Users/uab910/dev/nnam-poc/pyenv/lib/python3.10/site-packages/airflow/example_dags/plugins/workday.py
[2023-03-03T17:19:28.096+0100] {processor.py:756} INFO - Processing file /Users/uab910/dev/nnam-poc/pyenv/lib/python3.10/site-packages/airflow/example_dags/plugins/workday.py for tasks to queue
[2023-03-03T17:19:28.097+0100] {logging_mixin.py:137} INFO - [2023-03-03T17:19:28.097+0100] {dagbag.py:537} INFO - Filling up the DagBag from /Users/uab910/dev/nnam-poc/pyenv/lib/python3.10/site-packages/airflow/example_dags/plugins/workday.py
[2023-03-03T17:19:28.111+0100] {processor.py:768} WARNING - No viable dags retrieved from /Users/uab910/dev/nnam-poc/pyenv/lib/python3.10/site-packages/airflow/example_dags/plugins/workday.py
[2023-03-03T17:19:28.239+0100] {processor.py:176} INFO - Processing /Users/uab910/dev/nnam-poc/pyenv/lib/python3.10/site-packages/airflow/example_dags/plugins/workday.py took 0.150 seconds
