[2023-03-03T16:00:08.607+0100] {processor.py:154} INFO - Started process (PID=57090) to work on /Users/uab910/dev/nnam-poc/pyenv/lib/python3.10/site-packages/airflow/example_dags/subdags/subdag.py
[2023-03-03T16:00:08.613+0100] {processor.py:756} INFO - Processing file /Users/uab910/dev/nnam-poc/pyenv/lib/python3.10/site-packages/airflow/example_dags/subdags/subdag.py for tasks to queue
[2023-03-03T16:00:08.613+0100] {logging_mixin.py:137} INFO - [2023-03-03T16:00:08.613+0100] {dagbag.py:537} INFO - Filling up the DagBag from /Users/uab910/dev/nnam-poc/pyenv/lib/python3.10/site-packages/airflow/example_dags/subdags/subdag.py
[2023-03-03T16:00:08.628+0100] {processor.py:768} WARNING - No viable dags retrieved from /Users/uab910/dev/nnam-poc/pyenv/lib/python3.10/site-packages/airflow/example_dags/subdags/subdag.py
[2023-03-03T16:00:08.755+0100] {processor.py:176} INFO - Processing /Users/uab910/dev/nnam-poc/pyenv/lib/python3.10/site-packages/airflow/example_dags/subdags/subdag.py took 0.149 seconds
[2023-03-03T16:02:05.882+0100] {processor.py:154} INFO - Started process (PID=57158) to work on /Users/uab910/dev/nnam-poc/pyenv/lib/python3.10/site-packages/airflow/example_dags/subdags/subdag.py
[2023-03-03T16:02:05.888+0100] {processor.py:756} INFO - Processing file /Users/uab910/dev/nnam-poc/pyenv/lib/python3.10/site-packages/airflow/example_dags/subdags/subdag.py for tasks to queue
[2023-03-03T16:02:05.889+0100] {logging_mixin.py:137} INFO - [2023-03-03T16:02:05.889+0100] {dagbag.py:537} INFO - Filling up the DagBag from /Users/uab910/dev/nnam-poc/pyenv/lib/python3.10/site-packages/airflow/example_dags/subdags/subdag.py
[2023-03-03T16:02:05.905+0100] {processor.py:768} WARNING - No viable dags retrieved from /Users/uab910/dev/nnam-poc/pyenv/lib/python3.10/site-packages/airflow/example_dags/subdags/subdag.py
[2023-03-03T16:02:06.062+0100] {processor.py:176} INFO - Processing /Users/uab910/dev/nnam-poc/pyenv/lib/python3.10/site-packages/airflow/example_dags/subdags/subdag.py took 0.181 seconds
[2023-03-03T16:02:35.552+0100] {processor.py:154} INFO - Started process (PID=57210) to work on /Users/uab910/dev/nnam-poc/pyenv/lib/python3.10/site-packages/airflow/example_dags/subdags/subdag.py
[2023-03-03T16:02:35.557+0100] {processor.py:756} INFO - Processing file /Users/uab910/dev/nnam-poc/pyenv/lib/python3.10/site-packages/airflow/example_dags/subdags/subdag.py for tasks to queue
[2023-03-03T16:02:35.557+0100] {logging_mixin.py:137} INFO - [2023-03-03T16:02:35.557+0100] {dagbag.py:537} INFO - Filling up the DagBag from /Users/uab910/dev/nnam-poc/pyenv/lib/python3.10/site-packages/airflow/example_dags/subdags/subdag.py
[2023-03-03T16:02:35.571+0100] {processor.py:768} WARNING - No viable dags retrieved from /Users/uab910/dev/nnam-poc/pyenv/lib/python3.10/site-packages/airflow/example_dags/subdags/subdag.py
[2023-03-03T16:02:35.685+0100] {processor.py:176} INFO - Processing /Users/uab910/dev/nnam-poc/pyenv/lib/python3.10/site-packages/airflow/example_dags/subdags/subdag.py took 0.134 seconds
[2023-03-03T16:03:52.359+0100] {processor.py:154} INFO - Started process (PID=57273) to work on /Users/uab910/dev/nnam-poc/pyenv/lib/python3.10/site-packages/airflow/example_dags/subdags/subdag.py
[2023-03-03T16:03:52.365+0100] {processor.py:756} INFO - Processing file /Users/uab910/dev/nnam-poc/pyenv/lib/python3.10/site-packages/airflow/example_dags/subdags/subdag.py for tasks to queue
[2023-03-03T16:03:52.365+0100] {logging_mixin.py:137} INFO - [2023-03-03T16:03:52.365+0100] {dagbag.py:537} INFO - Filling up the DagBag from /Users/uab910/dev/nnam-poc/pyenv/lib/python3.10/site-packages/airflow/example_dags/subdags/subdag.py
[2023-03-03T16:03:52.382+0100] {processor.py:768} WARNING - No viable dags retrieved from /Users/uab910/dev/nnam-poc/pyenv/lib/python3.10/site-packages/airflow/example_dags/subdags/subdag.py
[2023-03-03T16:03:52.507+0100] {processor.py:176} INFO - Processing /Users/uab910/dev/nnam-poc/pyenv/lib/python3.10/site-packages/airflow/example_dags/subdags/subdag.py took 0.148 seconds
[2023-03-03T16:05:07.815+0100] {processor.py:154} INFO - Started process (PID=57322) to work on /Users/uab910/dev/nnam-poc/pyenv/lib/python3.10/site-packages/airflow/example_dags/subdags/subdag.py
[2023-03-03T16:05:07.821+0100] {processor.py:756} INFO - Processing file /Users/uab910/dev/nnam-poc/pyenv/lib/python3.10/site-packages/airflow/example_dags/subdags/subdag.py for tasks to queue
[2023-03-03T16:05:07.822+0100] {logging_mixin.py:137} INFO - [2023-03-03T16:05:07.822+0100] {dagbag.py:537} INFO - Filling up the DagBag from /Users/uab910/dev/nnam-poc/pyenv/lib/python3.10/site-packages/airflow/example_dags/subdags/subdag.py
[2023-03-03T16:05:07.839+0100] {processor.py:768} WARNING - No viable dags retrieved from /Users/uab910/dev/nnam-poc/pyenv/lib/python3.10/site-packages/airflow/example_dags/subdags/subdag.py
[2023-03-03T16:05:07.975+0100] {processor.py:176} INFO - Processing /Users/uab910/dev/nnam-poc/pyenv/lib/python3.10/site-packages/airflow/example_dags/subdags/subdag.py took 0.161 seconds
[2023-03-03T16:06:25.118+0100] {processor.py:154} INFO - Started process (PID=57369) to work on /Users/uab910/dev/nnam-poc/pyenv/lib/python3.10/site-packages/airflow/example_dags/subdags/subdag.py
[2023-03-03T16:06:25.123+0100] {processor.py:756} INFO - Processing file /Users/uab910/dev/nnam-poc/pyenv/lib/python3.10/site-packages/airflow/example_dags/subdags/subdag.py for tasks to queue
[2023-03-03T16:06:25.124+0100] {logging_mixin.py:137} INFO - [2023-03-03T16:06:25.124+0100] {dagbag.py:537} INFO - Filling up the DagBag from /Users/uab910/dev/nnam-poc/pyenv/lib/python3.10/site-packages/airflow/example_dags/subdags/subdag.py
[2023-03-03T16:06:25.146+0100] {processor.py:768} WARNING - No viable dags retrieved from /Users/uab910/dev/nnam-poc/pyenv/lib/python3.10/site-packages/airflow/example_dags/subdags/subdag.py
[2023-03-03T16:06:25.276+0100] {processor.py:176} INFO - Processing /Users/uab910/dev/nnam-poc/pyenv/lib/python3.10/site-packages/airflow/example_dags/subdags/subdag.py took 0.159 seconds
[2023-03-03T16:07:46.668+0100] {processor.py:154} INFO - Started process (PID=57421) to work on /Users/uab910/dev/nnam-poc/pyenv/lib/python3.10/site-packages/airflow/example_dags/subdags/subdag.py
[2023-03-03T16:07:46.674+0100] {processor.py:756} INFO - Processing file /Users/uab910/dev/nnam-poc/pyenv/lib/python3.10/site-packages/airflow/example_dags/subdags/subdag.py for tasks to queue
[2023-03-03T16:07:46.675+0100] {logging_mixin.py:137} INFO - [2023-03-03T16:07:46.675+0100] {dagbag.py:537} INFO - Filling up the DagBag from /Users/uab910/dev/nnam-poc/pyenv/lib/python3.10/site-packages/airflow/example_dags/subdags/subdag.py
[2023-03-03T16:07:46.689+0100] {processor.py:768} WARNING - No viable dags retrieved from /Users/uab910/dev/nnam-poc/pyenv/lib/python3.10/site-packages/airflow/example_dags/subdags/subdag.py
[2023-03-03T16:07:46.812+0100] {processor.py:176} INFO - Processing /Users/uab910/dev/nnam-poc/pyenv/lib/python3.10/site-packages/airflow/example_dags/subdags/subdag.py took 0.144 seconds
[2023-03-03T16:09:02.837+0100] {processor.py:154} INFO - Started process (PID=57478) to work on /Users/uab910/dev/nnam-poc/pyenv/lib/python3.10/site-packages/airflow/example_dags/subdags/subdag.py
[2023-03-03T16:09:02.843+0100] {processor.py:756} INFO - Processing file /Users/uab910/dev/nnam-poc/pyenv/lib/python3.10/site-packages/airflow/example_dags/subdags/subdag.py for tasks to queue
[2023-03-03T16:09:02.843+0100] {logging_mixin.py:137} INFO - [2023-03-03T16:09:02.843+0100] {dagbag.py:537} INFO - Filling up the DagBag from /Users/uab910/dev/nnam-poc/pyenv/lib/python3.10/site-packages/airflow/example_dags/subdags/subdag.py
[2023-03-03T16:09:02.859+0100] {processor.py:768} WARNING - No viable dags retrieved from /Users/uab910/dev/nnam-poc/pyenv/lib/python3.10/site-packages/airflow/example_dags/subdags/subdag.py
[2023-03-03T16:09:02.987+0100] {processor.py:176} INFO - Processing /Users/uab910/dev/nnam-poc/pyenv/lib/python3.10/site-packages/airflow/example_dags/subdags/subdag.py took 0.151 seconds
[2023-03-03T16:10:19.778+0100] {processor.py:154} INFO - Started process (PID=57517) to work on /Users/uab910/dev/nnam-poc/pyenv/lib/python3.10/site-packages/airflow/example_dags/subdags/subdag.py
[2023-03-03T16:10:19.784+0100] {processor.py:756} INFO - Processing file /Users/uab910/dev/nnam-poc/pyenv/lib/python3.10/site-packages/airflow/example_dags/subdags/subdag.py for tasks to queue
[2023-03-03T16:10:19.784+0100] {logging_mixin.py:137} INFO - [2023-03-03T16:10:19.784+0100] {dagbag.py:537} INFO - Filling up the DagBag from /Users/uab910/dev/nnam-poc/pyenv/lib/python3.10/site-packages/airflow/example_dags/subdags/subdag.py
[2023-03-03T16:10:19.804+0100] {processor.py:768} WARNING - No viable dags retrieved from /Users/uab910/dev/nnam-poc/pyenv/lib/python3.10/site-packages/airflow/example_dags/subdags/subdag.py
[2023-03-03T16:10:19.936+0100] {processor.py:176} INFO - Processing /Users/uab910/dev/nnam-poc/pyenv/lib/python3.10/site-packages/airflow/example_dags/subdags/subdag.py took 0.159 seconds
[2023-03-03T16:11:38.525+0100] {processor.py:154} INFO - Started process (PID=57564) to work on /Users/uab910/dev/nnam-poc/pyenv/lib/python3.10/site-packages/airflow/example_dags/subdags/subdag.py
[2023-03-03T16:11:38.531+0100] {processor.py:756} INFO - Processing file /Users/uab910/dev/nnam-poc/pyenv/lib/python3.10/site-packages/airflow/example_dags/subdags/subdag.py for tasks to queue
[2023-03-03T16:11:38.531+0100] {logging_mixin.py:137} INFO - [2023-03-03T16:11:38.531+0100] {dagbag.py:537} INFO - Filling up the DagBag from /Users/uab910/dev/nnam-poc/pyenv/lib/python3.10/site-packages/airflow/example_dags/subdags/subdag.py
[2023-03-03T16:11:38.548+0100] {processor.py:768} WARNING - No viable dags retrieved from /Users/uab910/dev/nnam-poc/pyenv/lib/python3.10/site-packages/airflow/example_dags/subdags/subdag.py
[2023-03-03T16:11:38.675+0100] {processor.py:176} INFO - Processing /Users/uab910/dev/nnam-poc/pyenv/lib/python3.10/site-packages/airflow/example_dags/subdags/subdag.py took 0.151 seconds
[2023-03-03T16:12:52.824+0100] {processor.py:154} INFO - Started process (PID=57603) to work on /Users/uab910/dev/nnam-poc/pyenv/lib/python3.10/site-packages/airflow/example_dags/subdags/subdag.py
[2023-03-03T16:12:52.830+0100] {processor.py:756} INFO - Processing file /Users/uab910/dev/nnam-poc/pyenv/lib/python3.10/site-packages/airflow/example_dags/subdags/subdag.py for tasks to queue
[2023-03-03T16:12:52.831+0100] {logging_mixin.py:137} INFO - [2023-03-03T16:12:52.831+0100] {dagbag.py:537} INFO - Filling up the DagBag from /Users/uab910/dev/nnam-poc/pyenv/lib/python3.10/site-packages/airflow/example_dags/subdags/subdag.py
[2023-03-03T16:12:52.846+0100] {processor.py:768} WARNING - No viable dags retrieved from /Users/uab910/dev/nnam-poc/pyenv/lib/python3.10/site-packages/airflow/example_dags/subdags/subdag.py
[2023-03-03T16:12:52.976+0100] {processor.py:176} INFO - Processing /Users/uab910/dev/nnam-poc/pyenv/lib/python3.10/site-packages/airflow/example_dags/subdags/subdag.py took 0.153 seconds
[2023-03-03T16:14:07.189+0100] {processor.py:154} INFO - Started process (PID=57659) to work on /Users/uab910/dev/nnam-poc/pyenv/lib/python3.10/site-packages/airflow/example_dags/subdags/subdag.py
[2023-03-03T16:14:07.194+0100] {processor.py:756} INFO - Processing file /Users/uab910/dev/nnam-poc/pyenv/lib/python3.10/site-packages/airflow/example_dags/subdags/subdag.py for tasks to queue
[2023-03-03T16:14:07.195+0100] {logging_mixin.py:137} INFO - [2023-03-03T16:14:07.195+0100] {dagbag.py:537} INFO - Filling up the DagBag from /Users/uab910/dev/nnam-poc/pyenv/lib/python3.10/site-packages/airflow/example_dags/subdags/subdag.py
[2023-03-03T16:14:07.212+0100] {processor.py:768} WARNING - No viable dags retrieved from /Users/uab910/dev/nnam-poc/pyenv/lib/python3.10/site-packages/airflow/example_dags/subdags/subdag.py
[2023-03-03T16:14:07.342+0100] {processor.py:176} INFO - Processing /Users/uab910/dev/nnam-poc/pyenv/lib/python3.10/site-packages/airflow/example_dags/subdags/subdag.py took 0.154 seconds
[2023-03-03T16:15:23.678+0100] {processor.py:154} INFO - Started process (PID=57726) to work on /Users/uab910/dev/nnam-poc/pyenv/lib/python3.10/site-packages/airflow/example_dags/subdags/subdag.py
[2023-03-03T16:15:23.684+0100] {processor.py:756} INFO - Processing file /Users/uab910/dev/nnam-poc/pyenv/lib/python3.10/site-packages/airflow/example_dags/subdags/subdag.py for tasks to queue
[2023-03-03T16:15:23.684+0100] {logging_mixin.py:137} INFO - [2023-03-03T16:15:23.684+0100] {dagbag.py:537} INFO - Filling up the DagBag from /Users/uab910/dev/nnam-poc/pyenv/lib/python3.10/site-packages/airflow/example_dags/subdags/subdag.py
[2023-03-03T16:15:23.702+0100] {processor.py:768} WARNING - No viable dags retrieved from /Users/uab910/dev/nnam-poc/pyenv/lib/python3.10/site-packages/airflow/example_dags/subdags/subdag.py
[2023-03-03T16:15:23.828+0100] {processor.py:176} INFO - Processing /Users/uab910/dev/nnam-poc/pyenv/lib/python3.10/site-packages/airflow/example_dags/subdags/subdag.py took 0.151 seconds
[2023-03-03T16:16:44.919+0100] {processor.py:154} INFO - Started process (PID=57788) to work on /Users/uab910/dev/nnam-poc/pyenv/lib/python3.10/site-packages/airflow/example_dags/subdags/subdag.py
[2023-03-03T16:16:44.923+0100] {processor.py:756} INFO - Processing file /Users/uab910/dev/nnam-poc/pyenv/lib/python3.10/site-packages/airflow/example_dags/subdags/subdag.py for tasks to queue
[2023-03-03T16:16:44.924+0100] {logging_mixin.py:137} INFO - [2023-03-03T16:16:44.924+0100] {dagbag.py:537} INFO - Filling up the DagBag from /Users/uab910/dev/nnam-poc/pyenv/lib/python3.10/site-packages/airflow/example_dags/subdags/subdag.py
[2023-03-03T16:16:44.937+0100] {processor.py:768} WARNING - No viable dags retrieved from /Users/uab910/dev/nnam-poc/pyenv/lib/python3.10/site-packages/airflow/example_dags/subdags/subdag.py
[2023-03-03T16:16:45.062+0100] {processor.py:176} INFO - Processing /Users/uab910/dev/nnam-poc/pyenv/lib/python3.10/site-packages/airflow/example_dags/subdags/subdag.py took 0.144 seconds
[2023-03-03T16:18:01.442+0100] {processor.py:154} INFO - Started process (PID=57857) to work on /Users/uab910/dev/nnam-poc/pyenv/lib/python3.10/site-packages/airflow/example_dags/subdags/subdag.py
[2023-03-03T16:18:01.448+0100] {processor.py:756} INFO - Processing file /Users/uab910/dev/nnam-poc/pyenv/lib/python3.10/site-packages/airflow/example_dags/subdags/subdag.py for tasks to queue
[2023-03-03T16:18:01.448+0100] {logging_mixin.py:137} INFO - [2023-03-03T16:18:01.448+0100] {dagbag.py:537} INFO - Filling up the DagBag from /Users/uab910/dev/nnam-poc/pyenv/lib/python3.10/site-packages/airflow/example_dags/subdags/subdag.py
[2023-03-03T16:18:01.465+0100] {processor.py:768} WARNING - No viable dags retrieved from /Users/uab910/dev/nnam-poc/pyenv/lib/python3.10/site-packages/airflow/example_dags/subdags/subdag.py
[2023-03-03T16:18:01.607+0100] {processor.py:176} INFO - Processing /Users/uab910/dev/nnam-poc/pyenv/lib/python3.10/site-packages/airflow/example_dags/subdags/subdag.py took 0.166 seconds
[2023-03-03T16:19:20.762+0100] {processor.py:154} INFO - Started process (PID=57919) to work on /Users/uab910/dev/nnam-poc/pyenv/lib/python3.10/site-packages/airflow/example_dags/subdags/subdag.py
[2023-03-03T16:19:20.766+0100] {processor.py:756} INFO - Processing file /Users/uab910/dev/nnam-poc/pyenv/lib/python3.10/site-packages/airflow/example_dags/subdags/subdag.py for tasks to queue
[2023-03-03T16:19:20.766+0100] {logging_mixin.py:137} INFO - [2023-03-03T16:19:20.766+0100] {dagbag.py:537} INFO - Filling up the DagBag from /Users/uab910/dev/nnam-poc/pyenv/lib/python3.10/site-packages/airflow/example_dags/subdags/subdag.py
[2023-03-03T16:19:20.782+0100] {processor.py:768} WARNING - No viable dags retrieved from /Users/uab910/dev/nnam-poc/pyenv/lib/python3.10/site-packages/airflow/example_dags/subdags/subdag.py
[2023-03-03T16:19:20.902+0100] {processor.py:176} INFO - Processing /Users/uab910/dev/nnam-poc/pyenv/lib/python3.10/site-packages/airflow/example_dags/subdags/subdag.py took 0.141 seconds
[2023-03-03T16:20:36.355+0100] {processor.py:154} INFO - Started process (PID=58001) to work on /Users/uab910/dev/nnam-poc/pyenv/lib/python3.10/site-packages/airflow/example_dags/subdags/subdag.py
[2023-03-03T16:20:36.361+0100] {processor.py:756} INFO - Processing file /Users/uab910/dev/nnam-poc/pyenv/lib/python3.10/site-packages/airflow/example_dags/subdags/subdag.py for tasks to queue
[2023-03-03T16:20:36.361+0100] {logging_mixin.py:137} INFO - [2023-03-03T16:20:36.361+0100] {dagbag.py:537} INFO - Filling up the DagBag from /Users/uab910/dev/nnam-poc/pyenv/lib/python3.10/site-packages/airflow/example_dags/subdags/subdag.py
[2023-03-03T16:20:36.378+0100] {processor.py:768} WARNING - No viable dags retrieved from /Users/uab910/dev/nnam-poc/pyenv/lib/python3.10/site-packages/airflow/example_dags/subdags/subdag.py
[2023-03-03T16:20:36.502+0100] {processor.py:176} INFO - Processing /Users/uab910/dev/nnam-poc/pyenv/lib/python3.10/site-packages/airflow/example_dags/subdags/subdag.py took 0.148 seconds
[2023-03-03T16:21:59.894+0100] {processor.py:154} INFO - Started process (PID=58067) to work on /Users/uab910/dev/nnam-poc/pyenv/lib/python3.10/site-packages/airflow/example_dags/subdags/subdag.py
[2023-03-03T16:21:59.899+0100] {processor.py:756} INFO - Processing file /Users/uab910/dev/nnam-poc/pyenv/lib/python3.10/site-packages/airflow/example_dags/subdags/subdag.py for tasks to queue
[2023-03-03T16:21:59.900+0100] {logging_mixin.py:137} INFO - [2023-03-03T16:21:59.900+0100] {dagbag.py:537} INFO - Filling up the DagBag from /Users/uab910/dev/nnam-poc/pyenv/lib/python3.10/site-packages/airflow/example_dags/subdags/subdag.py
[2023-03-03T16:21:59.924+0100] {processor.py:768} WARNING - No viable dags retrieved from /Users/uab910/dev/nnam-poc/pyenv/lib/python3.10/site-packages/airflow/example_dags/subdags/subdag.py
[2023-03-03T16:22:00.075+0100] {processor.py:176} INFO - Processing /Users/uab910/dev/nnam-poc/pyenv/lib/python3.10/site-packages/airflow/example_dags/subdags/subdag.py took 0.181 seconds
[2023-03-03T16:23:15.555+0100] {processor.py:154} INFO - Started process (PID=58134) to work on /Users/uab910/dev/nnam-poc/pyenv/lib/python3.10/site-packages/airflow/example_dags/subdags/subdag.py
[2023-03-03T16:23:15.559+0100] {processor.py:756} INFO - Processing file /Users/uab910/dev/nnam-poc/pyenv/lib/python3.10/site-packages/airflow/example_dags/subdags/subdag.py for tasks to queue
[2023-03-03T16:23:15.560+0100] {logging_mixin.py:137} INFO - [2023-03-03T16:23:15.560+0100] {dagbag.py:537} INFO - Filling up the DagBag from /Users/uab910/dev/nnam-poc/pyenv/lib/python3.10/site-packages/airflow/example_dags/subdags/subdag.py
[2023-03-03T16:23:15.574+0100] {processor.py:768} WARNING - No viable dags retrieved from /Users/uab910/dev/nnam-poc/pyenv/lib/python3.10/site-packages/airflow/example_dags/subdags/subdag.py
[2023-03-03T16:23:15.693+0100] {processor.py:176} INFO - Processing /Users/uab910/dev/nnam-poc/pyenv/lib/python3.10/site-packages/airflow/example_dags/subdags/subdag.py took 0.139 seconds
[2023-03-03T16:24:32.254+0100] {processor.py:154} INFO - Started process (PID=58195) to work on /Users/uab910/dev/nnam-poc/pyenv/lib/python3.10/site-packages/airflow/example_dags/subdags/subdag.py
[2023-03-03T16:24:32.259+0100] {processor.py:756} INFO - Processing file /Users/uab910/dev/nnam-poc/pyenv/lib/python3.10/site-packages/airflow/example_dags/subdags/subdag.py for tasks to queue
[2023-03-03T16:24:32.260+0100] {logging_mixin.py:137} INFO - [2023-03-03T16:24:32.260+0100] {dagbag.py:537} INFO - Filling up the DagBag from /Users/uab910/dev/nnam-poc/pyenv/lib/python3.10/site-packages/airflow/example_dags/subdags/subdag.py
[2023-03-03T16:24:32.277+0100] {processor.py:768} WARNING - No viable dags retrieved from /Users/uab910/dev/nnam-poc/pyenv/lib/python3.10/site-packages/airflow/example_dags/subdags/subdag.py
[2023-03-03T16:24:32.424+0100] {processor.py:176} INFO - Processing /Users/uab910/dev/nnam-poc/pyenv/lib/python3.10/site-packages/airflow/example_dags/subdags/subdag.py took 0.171 seconds
[2023-03-03T16:25:46.481+0100] {processor.py:154} INFO - Started process (PID=58235) to work on /Users/uab910/dev/nnam-poc/pyenv/lib/python3.10/site-packages/airflow/example_dags/subdags/subdag.py
[2023-03-03T16:25:46.486+0100] {processor.py:756} INFO - Processing file /Users/uab910/dev/nnam-poc/pyenv/lib/python3.10/site-packages/airflow/example_dags/subdags/subdag.py for tasks to queue
[2023-03-03T16:25:46.486+0100] {logging_mixin.py:137} INFO - [2023-03-03T16:25:46.486+0100] {dagbag.py:537} INFO - Filling up the DagBag from /Users/uab910/dev/nnam-poc/pyenv/lib/python3.10/site-packages/airflow/example_dags/subdags/subdag.py
[2023-03-03T16:25:46.500+0100] {processor.py:768} WARNING - No viable dags retrieved from /Users/uab910/dev/nnam-poc/pyenv/lib/python3.10/site-packages/airflow/example_dags/subdags/subdag.py
[2023-03-03T16:25:46.617+0100] {processor.py:176} INFO - Processing /Users/uab910/dev/nnam-poc/pyenv/lib/python3.10/site-packages/airflow/example_dags/subdags/subdag.py took 0.137 seconds
[2023-03-03T16:27:00.020+0100] {processor.py:154} INFO - Started process (PID=58282) to work on /Users/uab910/dev/nnam-poc/pyenv/lib/python3.10/site-packages/airflow/example_dags/subdags/subdag.py
[2023-03-03T16:27:00.025+0100] {processor.py:756} INFO - Processing file /Users/uab910/dev/nnam-poc/pyenv/lib/python3.10/site-packages/airflow/example_dags/subdags/subdag.py for tasks to queue
[2023-03-03T16:27:00.025+0100] {logging_mixin.py:137} INFO - [2023-03-03T16:27:00.025+0100] {dagbag.py:537} INFO - Filling up the DagBag from /Users/uab910/dev/nnam-poc/pyenv/lib/python3.10/site-packages/airflow/example_dags/subdags/subdag.py
[2023-03-03T16:27:00.041+0100] {processor.py:768} WARNING - No viable dags retrieved from /Users/uab910/dev/nnam-poc/pyenv/lib/python3.10/site-packages/airflow/example_dags/subdags/subdag.py
[2023-03-03T16:27:00.171+0100] {processor.py:176} INFO - Processing /Users/uab910/dev/nnam-poc/pyenv/lib/python3.10/site-packages/airflow/example_dags/subdags/subdag.py took 0.152 seconds
[2023-03-03T16:28:16.398+0100] {processor.py:154} INFO - Started process (PID=58323) to work on /Users/uab910/dev/nnam-poc/pyenv/lib/python3.10/site-packages/airflow/example_dags/subdags/subdag.py
[2023-03-03T16:28:16.403+0100] {processor.py:756} INFO - Processing file /Users/uab910/dev/nnam-poc/pyenv/lib/python3.10/site-packages/airflow/example_dags/subdags/subdag.py for tasks to queue
[2023-03-03T16:28:16.403+0100] {logging_mixin.py:137} INFO - [2023-03-03T16:28:16.403+0100] {dagbag.py:537} INFO - Filling up the DagBag from /Users/uab910/dev/nnam-poc/pyenv/lib/python3.10/site-packages/airflow/example_dags/subdags/subdag.py
[2023-03-03T16:28:16.417+0100] {processor.py:768} WARNING - No viable dags retrieved from /Users/uab910/dev/nnam-poc/pyenv/lib/python3.10/site-packages/airflow/example_dags/subdags/subdag.py
[2023-03-03T16:28:16.558+0100] {processor.py:176} INFO - Processing /Users/uab910/dev/nnam-poc/pyenv/lib/python3.10/site-packages/airflow/example_dags/subdags/subdag.py took 0.161 seconds
[2023-03-03T16:29:32.995+0100] {processor.py:154} INFO - Started process (PID=58369) to work on /Users/uab910/dev/nnam-poc/pyenv/lib/python3.10/site-packages/airflow/example_dags/subdags/subdag.py
[2023-03-03T16:29:33.000+0100] {processor.py:756} INFO - Processing file /Users/uab910/dev/nnam-poc/pyenv/lib/python3.10/site-packages/airflow/example_dags/subdags/subdag.py for tasks to queue
[2023-03-03T16:29:33.001+0100] {logging_mixin.py:137} INFO - [2023-03-03T16:29:33.000+0100] {dagbag.py:537} INFO - Filling up the DagBag from /Users/uab910/dev/nnam-poc/pyenv/lib/python3.10/site-packages/airflow/example_dags/subdags/subdag.py
[2023-03-03T16:29:33.014+0100] {processor.py:768} WARNING - No viable dags retrieved from /Users/uab910/dev/nnam-poc/pyenv/lib/python3.10/site-packages/airflow/example_dags/subdags/subdag.py
[2023-03-03T16:29:33.140+0100] {processor.py:176} INFO - Processing /Users/uab910/dev/nnam-poc/pyenv/lib/python3.10/site-packages/airflow/example_dags/subdags/subdag.py took 0.145 seconds
[2023-03-03T16:30:48.492+0100] {processor.py:154} INFO - Started process (PID=58410) to work on /Users/uab910/dev/nnam-poc/pyenv/lib/python3.10/site-packages/airflow/example_dags/subdags/subdag.py
[2023-03-03T16:30:48.498+0100] {processor.py:756} INFO - Processing file /Users/uab910/dev/nnam-poc/pyenv/lib/python3.10/site-packages/airflow/example_dags/subdags/subdag.py for tasks to queue
[2023-03-03T16:30:48.499+0100] {logging_mixin.py:137} INFO - [2023-03-03T16:30:48.499+0100] {dagbag.py:537} INFO - Filling up the DagBag from /Users/uab910/dev/nnam-poc/pyenv/lib/python3.10/site-packages/airflow/example_dags/subdags/subdag.py
[2023-03-03T16:30:48.516+0100] {processor.py:768} WARNING - No viable dags retrieved from /Users/uab910/dev/nnam-poc/pyenv/lib/python3.10/site-packages/airflow/example_dags/subdags/subdag.py
[2023-03-03T16:30:48.663+0100] {processor.py:176} INFO - Processing /Users/uab910/dev/nnam-poc/pyenv/lib/python3.10/site-packages/airflow/example_dags/subdags/subdag.py took 0.172 seconds
[2023-03-03T16:32:05.291+0100] {processor.py:154} INFO - Started process (PID=58449) to work on /Users/uab910/dev/nnam-poc/pyenv/lib/python3.10/site-packages/airflow/example_dags/subdags/subdag.py
[2023-03-03T16:32:05.297+0100] {processor.py:756} INFO - Processing file /Users/uab910/dev/nnam-poc/pyenv/lib/python3.10/site-packages/airflow/example_dags/subdags/subdag.py for tasks to queue
[2023-03-03T16:32:05.298+0100] {logging_mixin.py:137} INFO - [2023-03-03T16:32:05.297+0100] {dagbag.py:537} INFO - Filling up the DagBag from /Users/uab910/dev/nnam-poc/pyenv/lib/python3.10/site-packages/airflow/example_dags/subdags/subdag.py
[2023-03-03T16:32:05.313+0100] {processor.py:768} WARNING - No viable dags retrieved from /Users/uab910/dev/nnam-poc/pyenv/lib/python3.10/site-packages/airflow/example_dags/subdags/subdag.py
[2023-03-03T16:32:05.439+0100] {processor.py:176} INFO - Processing /Users/uab910/dev/nnam-poc/pyenv/lib/python3.10/site-packages/airflow/example_dags/subdags/subdag.py took 0.148 seconds
[2023-03-03T16:33:21.484+0100] {processor.py:154} INFO - Started process (PID=58487) to work on /Users/uab910/dev/nnam-poc/pyenv/lib/python3.10/site-packages/airflow/example_dags/subdags/subdag.py
[2023-03-03T16:33:21.489+0100] {processor.py:756} INFO - Processing file /Users/uab910/dev/nnam-poc/pyenv/lib/python3.10/site-packages/airflow/example_dags/subdags/subdag.py for tasks to queue
[2023-03-03T16:33:21.490+0100] {logging_mixin.py:137} INFO - [2023-03-03T16:33:21.490+0100] {dagbag.py:537} INFO - Filling up the DagBag from /Users/uab910/dev/nnam-poc/pyenv/lib/python3.10/site-packages/airflow/example_dags/subdags/subdag.py
[2023-03-03T16:33:21.504+0100] {processor.py:768} WARNING - No viable dags retrieved from /Users/uab910/dev/nnam-poc/pyenv/lib/python3.10/site-packages/airflow/example_dags/subdags/subdag.py
[2023-03-03T16:33:21.625+0100] {processor.py:176} INFO - Processing /Users/uab910/dev/nnam-poc/pyenv/lib/python3.10/site-packages/airflow/example_dags/subdags/subdag.py took 0.142 seconds
[2023-03-03T16:34:38.426+0100] {processor.py:154} INFO - Started process (PID=58555) to work on /Users/uab910/dev/nnam-poc/pyenv/lib/python3.10/site-packages/airflow/example_dags/subdags/subdag.py
[2023-03-03T16:34:38.432+0100] {processor.py:756} INFO - Processing file /Users/uab910/dev/nnam-poc/pyenv/lib/python3.10/site-packages/airflow/example_dags/subdags/subdag.py for tasks to queue
[2023-03-03T16:34:38.432+0100] {logging_mixin.py:137} INFO - [2023-03-03T16:34:38.432+0100] {dagbag.py:537} INFO - Filling up the DagBag from /Users/uab910/dev/nnam-poc/pyenv/lib/python3.10/site-packages/airflow/example_dags/subdags/subdag.py
[2023-03-03T16:34:38.449+0100] {processor.py:768} WARNING - No viable dags retrieved from /Users/uab910/dev/nnam-poc/pyenv/lib/python3.10/site-packages/airflow/example_dags/subdags/subdag.py
[2023-03-03T16:34:38.573+0100] {processor.py:176} INFO - Processing /Users/uab910/dev/nnam-poc/pyenv/lib/python3.10/site-packages/airflow/example_dags/subdags/subdag.py took 0.148 seconds
[2023-03-03T16:35:56.432+0100] {processor.py:154} INFO - Started process (PID=58594) to work on /Users/uab910/dev/nnam-poc/pyenv/lib/python3.10/site-packages/airflow/example_dags/subdags/subdag.py
[2023-03-03T16:35:56.438+0100] {processor.py:756} INFO - Processing file /Users/uab910/dev/nnam-poc/pyenv/lib/python3.10/site-packages/airflow/example_dags/subdags/subdag.py for tasks to queue
[2023-03-03T16:35:56.439+0100] {logging_mixin.py:137} INFO - [2023-03-03T16:35:56.438+0100] {dagbag.py:537} INFO - Filling up the DagBag from /Users/uab910/dev/nnam-poc/pyenv/lib/python3.10/site-packages/airflow/example_dags/subdags/subdag.py
[2023-03-03T16:35:56.457+0100] {processor.py:768} WARNING - No viable dags retrieved from /Users/uab910/dev/nnam-poc/pyenv/lib/python3.10/site-packages/airflow/example_dags/subdags/subdag.py
[2023-03-03T16:35:56.589+0100] {processor.py:176} INFO - Processing /Users/uab910/dev/nnam-poc/pyenv/lib/python3.10/site-packages/airflow/example_dags/subdags/subdag.py took 0.158 seconds
[2023-03-03T16:37:11.827+0100] {processor.py:154} INFO - Started process (PID=58638) to work on /Users/uab910/dev/nnam-poc/pyenv/lib/python3.10/site-packages/airflow/example_dags/subdags/subdag.py
[2023-03-03T16:37:11.834+0100] {processor.py:756} INFO - Processing file /Users/uab910/dev/nnam-poc/pyenv/lib/python3.10/site-packages/airflow/example_dags/subdags/subdag.py for tasks to queue
[2023-03-03T16:37:11.834+0100] {logging_mixin.py:137} INFO - [2023-03-03T16:37:11.834+0100] {dagbag.py:537} INFO - Filling up the DagBag from /Users/uab910/dev/nnam-poc/pyenv/lib/python3.10/site-packages/airflow/example_dags/subdags/subdag.py
[2023-03-03T16:37:11.856+0100] {processor.py:768} WARNING - No viable dags retrieved from /Users/uab910/dev/nnam-poc/pyenv/lib/python3.10/site-packages/airflow/example_dags/subdags/subdag.py
[2023-03-03T16:37:12.006+0100] {processor.py:176} INFO - Processing /Users/uab910/dev/nnam-poc/pyenv/lib/python3.10/site-packages/airflow/example_dags/subdags/subdag.py took 0.179 seconds
[2023-03-03T16:38:29.557+0100] {processor.py:154} INFO - Started process (PID=58680) to work on /Users/uab910/dev/nnam-poc/pyenv/lib/python3.10/site-packages/airflow/example_dags/subdags/subdag.py
[2023-03-03T16:38:29.563+0100] {processor.py:756} INFO - Processing file /Users/uab910/dev/nnam-poc/pyenv/lib/python3.10/site-packages/airflow/example_dags/subdags/subdag.py for tasks to queue
[2023-03-03T16:38:29.563+0100] {logging_mixin.py:137} INFO - [2023-03-03T16:38:29.563+0100] {dagbag.py:537} INFO - Filling up the DagBag from /Users/uab910/dev/nnam-poc/pyenv/lib/python3.10/site-packages/airflow/example_dags/subdags/subdag.py
[2023-03-03T16:38:29.580+0100] {processor.py:768} WARNING - No viable dags retrieved from /Users/uab910/dev/nnam-poc/pyenv/lib/python3.10/site-packages/airflow/example_dags/subdags/subdag.py
[2023-03-03T16:38:29.700+0100] {processor.py:176} INFO - Processing /Users/uab910/dev/nnam-poc/pyenv/lib/python3.10/site-packages/airflow/example_dags/subdags/subdag.py took 0.143 seconds
[2023-03-03T16:39:19.946+0100] {processor.py:154} INFO - Started process (PID=58706) to work on /Users/uab910/dev/nnam-poc/pyenv/lib/python3.10/site-packages/airflow/example_dags/subdags/subdag.py
[2023-03-03T16:39:19.953+0100] {processor.py:756} INFO - Processing file /Users/uab910/dev/nnam-poc/pyenv/lib/python3.10/site-packages/airflow/example_dags/subdags/subdag.py for tasks to queue
[2023-03-03T16:39:19.953+0100] {logging_mixin.py:137} INFO - [2023-03-03T16:39:19.953+0100] {dagbag.py:537} INFO - Filling up the DagBag from /Users/uab910/dev/nnam-poc/pyenv/lib/python3.10/site-packages/airflow/example_dags/subdags/subdag.py
[2023-03-03T16:39:19.970+0100] {processor.py:768} WARNING - No viable dags retrieved from /Users/uab910/dev/nnam-poc/pyenv/lib/python3.10/site-packages/airflow/example_dags/subdags/subdag.py
[2023-03-03T16:39:20.118+0100] {processor.py:176} INFO - Processing /Users/uab910/dev/nnam-poc/pyenv/lib/python3.10/site-packages/airflow/example_dags/subdags/subdag.py took 0.172 seconds
[2023-03-03T16:40:09.864+0100] {processor.py:154} INFO - Started process (PID=58733) to work on /Users/uab910/dev/nnam-poc/pyenv/lib/python3.10/site-packages/airflow/example_dags/subdags/subdag.py
[2023-03-03T16:40:09.871+0100] {processor.py:756} INFO - Processing file /Users/uab910/dev/nnam-poc/pyenv/lib/python3.10/site-packages/airflow/example_dags/subdags/subdag.py for tasks to queue
[2023-03-03T16:40:09.872+0100] {logging_mixin.py:137} INFO - [2023-03-03T16:40:09.872+0100] {dagbag.py:537} INFO - Filling up the DagBag from /Users/uab910/dev/nnam-poc/pyenv/lib/python3.10/site-packages/airflow/example_dags/subdags/subdag.py
[2023-03-03T16:40:09.889+0100] {processor.py:768} WARNING - No viable dags retrieved from /Users/uab910/dev/nnam-poc/pyenv/lib/python3.10/site-packages/airflow/example_dags/subdags/subdag.py
[2023-03-03T16:40:10.041+0100] {processor.py:176} INFO - Processing /Users/uab910/dev/nnam-poc/pyenv/lib/python3.10/site-packages/airflow/example_dags/subdags/subdag.py took 0.178 seconds
[2023-03-03T16:40:56.752+0100] {processor.py:154} INFO - Started process (PID=58764) to work on /Users/uab910/dev/nnam-poc/pyenv/lib/python3.10/site-packages/airflow/example_dags/subdags/subdag.py
[2023-03-03T16:40:56.757+0100] {processor.py:756} INFO - Processing file /Users/uab910/dev/nnam-poc/pyenv/lib/python3.10/site-packages/airflow/example_dags/subdags/subdag.py for tasks to queue
[2023-03-03T16:40:56.758+0100] {logging_mixin.py:137} INFO - [2023-03-03T16:40:56.758+0100] {dagbag.py:537} INFO - Filling up the DagBag from /Users/uab910/dev/nnam-poc/pyenv/lib/python3.10/site-packages/airflow/example_dags/subdags/subdag.py
[2023-03-03T16:40:56.773+0100] {processor.py:768} WARNING - No viable dags retrieved from /Users/uab910/dev/nnam-poc/pyenv/lib/python3.10/site-packages/airflow/example_dags/subdags/subdag.py
[2023-03-03T16:40:56.894+0100] {processor.py:176} INFO - Processing /Users/uab910/dev/nnam-poc/pyenv/lib/python3.10/site-packages/airflow/example_dags/subdags/subdag.py took 0.143 seconds
[2023-03-03T16:41:42.143+0100] {processor.py:154} INFO - Started process (PID=58786) to work on /Users/uab910/dev/nnam-poc/pyenv/lib/python3.10/site-packages/airflow/example_dags/subdags/subdag.py
[2023-03-03T16:41:42.149+0100] {processor.py:756} INFO - Processing file /Users/uab910/dev/nnam-poc/pyenv/lib/python3.10/site-packages/airflow/example_dags/subdags/subdag.py for tasks to queue
[2023-03-03T16:41:42.149+0100] {logging_mixin.py:137} INFO - [2023-03-03T16:41:42.149+0100] {dagbag.py:537} INFO - Filling up the DagBag from /Users/uab910/dev/nnam-poc/pyenv/lib/python3.10/site-packages/airflow/example_dags/subdags/subdag.py
[2023-03-03T16:41:42.168+0100] {processor.py:768} WARNING - No viable dags retrieved from /Users/uab910/dev/nnam-poc/pyenv/lib/python3.10/site-packages/airflow/example_dags/subdags/subdag.py
[2023-03-03T16:41:42.297+0100] {processor.py:176} INFO - Processing /Users/uab910/dev/nnam-poc/pyenv/lib/python3.10/site-packages/airflow/example_dags/subdags/subdag.py took 0.154 seconds
[2023-03-03T16:42:26.879+0100] {processor.py:154} INFO - Started process (PID=58808) to work on /Users/uab910/dev/nnam-poc/pyenv/lib/python3.10/site-packages/airflow/example_dags/subdags/subdag.py
[2023-03-03T16:42:26.885+0100] {processor.py:756} INFO - Processing file /Users/uab910/dev/nnam-poc/pyenv/lib/python3.10/site-packages/airflow/example_dags/subdags/subdag.py for tasks to queue
[2023-03-03T16:42:26.885+0100] {logging_mixin.py:137} INFO - [2023-03-03T16:42:26.885+0100] {dagbag.py:537} INFO - Filling up the DagBag from /Users/uab910/dev/nnam-poc/pyenv/lib/python3.10/site-packages/airflow/example_dags/subdags/subdag.py
[2023-03-03T16:42:26.901+0100] {processor.py:768} WARNING - No viable dags retrieved from /Users/uab910/dev/nnam-poc/pyenv/lib/python3.10/site-packages/airflow/example_dags/subdags/subdag.py
[2023-03-03T16:42:27.022+0100] {processor.py:176} INFO - Processing /Users/uab910/dev/nnam-poc/pyenv/lib/python3.10/site-packages/airflow/example_dags/subdags/subdag.py took 0.143 seconds
[2023-03-03T16:43:13.276+0100] {processor.py:154} INFO - Started process (PID=58830) to work on /Users/uab910/dev/nnam-poc/pyenv/lib/python3.10/site-packages/airflow/example_dags/subdags/subdag.py
[2023-03-03T16:43:13.282+0100] {processor.py:756} INFO - Processing file /Users/uab910/dev/nnam-poc/pyenv/lib/python3.10/site-packages/airflow/example_dags/subdags/subdag.py for tasks to queue
[2023-03-03T16:43:13.282+0100] {logging_mixin.py:137} INFO - [2023-03-03T16:43:13.282+0100] {dagbag.py:537} INFO - Filling up the DagBag from /Users/uab910/dev/nnam-poc/pyenv/lib/python3.10/site-packages/airflow/example_dags/subdags/subdag.py
[2023-03-03T16:43:13.297+0100] {processor.py:768} WARNING - No viable dags retrieved from /Users/uab910/dev/nnam-poc/pyenv/lib/python3.10/site-packages/airflow/example_dags/subdags/subdag.py
[2023-03-03T16:43:13.419+0100] {processor.py:176} INFO - Processing /Users/uab910/dev/nnam-poc/pyenv/lib/python3.10/site-packages/airflow/example_dags/subdags/subdag.py took 0.144 seconds
[2023-03-03T16:44:00.813+0100] {processor.py:154} INFO - Started process (PID=58886) to work on /Users/uab910/dev/nnam-poc/pyenv/lib/python3.10/site-packages/airflow/example_dags/subdags/subdag.py
[2023-03-03T16:44:00.819+0100] {processor.py:756} INFO - Processing file /Users/uab910/dev/nnam-poc/pyenv/lib/python3.10/site-packages/airflow/example_dags/subdags/subdag.py for tasks to queue
[2023-03-03T16:44:00.820+0100] {logging_mixin.py:137} INFO - [2023-03-03T16:44:00.819+0100] {dagbag.py:537} INFO - Filling up the DagBag from /Users/uab910/dev/nnam-poc/pyenv/lib/python3.10/site-packages/airflow/example_dags/subdags/subdag.py
[2023-03-03T16:44:00.836+0100] {processor.py:768} WARNING - No viable dags retrieved from /Users/uab910/dev/nnam-poc/pyenv/lib/python3.10/site-packages/airflow/example_dags/subdags/subdag.py
[2023-03-03T16:44:00.964+0100] {processor.py:176} INFO - Processing /Users/uab910/dev/nnam-poc/pyenv/lib/python3.10/site-packages/airflow/example_dags/subdags/subdag.py took 0.151 seconds
[2023-03-03T16:44:48.787+0100] {processor.py:154} INFO - Started process (PID=58910) to work on /Users/uab910/dev/nnam-poc/pyenv/lib/python3.10/site-packages/airflow/example_dags/subdags/subdag.py
[2023-03-03T16:44:48.792+0100] {processor.py:756} INFO - Processing file /Users/uab910/dev/nnam-poc/pyenv/lib/python3.10/site-packages/airflow/example_dags/subdags/subdag.py for tasks to queue
[2023-03-03T16:44:48.792+0100] {logging_mixin.py:137} INFO - [2023-03-03T16:44:48.792+0100] {dagbag.py:537} INFO - Filling up the DagBag from /Users/uab910/dev/nnam-poc/pyenv/lib/python3.10/site-packages/airflow/example_dags/subdags/subdag.py
[2023-03-03T16:44:48.806+0100] {processor.py:768} WARNING - No viable dags retrieved from /Users/uab910/dev/nnam-poc/pyenv/lib/python3.10/site-packages/airflow/example_dags/subdags/subdag.py
[2023-03-03T16:44:48.923+0100] {processor.py:176} INFO - Processing /Users/uab910/dev/nnam-poc/pyenv/lib/python3.10/site-packages/airflow/example_dags/subdags/subdag.py took 0.137 seconds
[2023-03-03T16:45:36.199+0100] {processor.py:154} INFO - Started process (PID=58939) to work on /Users/uab910/dev/nnam-poc/pyenv/lib/python3.10/site-packages/airflow/example_dags/subdags/subdag.py
[2023-03-03T16:45:36.206+0100] {processor.py:756} INFO - Processing file /Users/uab910/dev/nnam-poc/pyenv/lib/python3.10/site-packages/airflow/example_dags/subdags/subdag.py for tasks to queue
[2023-03-03T16:45:36.207+0100] {logging_mixin.py:137} INFO - [2023-03-03T16:45:36.207+0100] {dagbag.py:537} INFO - Filling up the DagBag from /Users/uab910/dev/nnam-poc/pyenv/lib/python3.10/site-packages/airflow/example_dags/subdags/subdag.py
[2023-03-03T16:45:36.224+0100] {processor.py:768} WARNING - No viable dags retrieved from /Users/uab910/dev/nnam-poc/pyenv/lib/python3.10/site-packages/airflow/example_dags/subdags/subdag.py
[2023-03-03T16:45:36.378+0100] {processor.py:176} INFO - Processing /Users/uab910/dev/nnam-poc/pyenv/lib/python3.10/site-packages/airflow/example_dags/subdags/subdag.py took 0.179 seconds
[2023-03-03T16:46:22.893+0100] {processor.py:154} INFO - Started process (PID=58980) to work on /Users/uab910/dev/nnam-poc/pyenv/lib/python3.10/site-packages/airflow/example_dags/subdags/subdag.py
[2023-03-03T16:46:22.900+0100] {processor.py:756} INFO - Processing file /Users/uab910/dev/nnam-poc/pyenv/lib/python3.10/site-packages/airflow/example_dags/subdags/subdag.py for tasks to queue
[2023-03-03T16:46:22.900+0100] {logging_mixin.py:137} INFO - [2023-03-03T16:46:22.900+0100] {dagbag.py:537} INFO - Filling up the DagBag from /Users/uab910/dev/nnam-poc/pyenv/lib/python3.10/site-packages/airflow/example_dags/subdags/subdag.py
[2023-03-03T16:46:22.917+0100] {processor.py:768} WARNING - No viable dags retrieved from /Users/uab910/dev/nnam-poc/pyenv/lib/python3.10/site-packages/airflow/example_dags/subdags/subdag.py
[2023-03-03T16:46:23.059+0100] {processor.py:176} INFO - Processing /Users/uab910/dev/nnam-poc/pyenv/lib/python3.10/site-packages/airflow/example_dags/subdags/subdag.py took 0.167 seconds
[2023-03-03T16:47:08.988+0100] {processor.py:154} INFO - Started process (PID=59012) to work on /Users/uab910/dev/nnam-poc/pyenv/lib/python3.10/site-packages/airflow/example_dags/subdags/subdag.py
[2023-03-03T16:47:08.994+0100] {processor.py:756} INFO - Processing file /Users/uab910/dev/nnam-poc/pyenv/lib/python3.10/site-packages/airflow/example_dags/subdags/subdag.py for tasks to queue
[2023-03-03T16:47:08.994+0100] {logging_mixin.py:137} INFO - [2023-03-03T16:47:08.994+0100] {dagbag.py:537} INFO - Filling up the DagBag from /Users/uab910/dev/nnam-poc/pyenv/lib/python3.10/site-packages/airflow/example_dags/subdags/subdag.py
[2023-03-03T16:47:09.009+0100] {processor.py:768} WARNING - No viable dags retrieved from /Users/uab910/dev/nnam-poc/pyenv/lib/python3.10/site-packages/airflow/example_dags/subdags/subdag.py
[2023-03-03T16:47:09.129+0100] {processor.py:176} INFO - Processing /Users/uab910/dev/nnam-poc/pyenv/lib/python3.10/site-packages/airflow/example_dags/subdags/subdag.py took 0.141 seconds
[2023-03-03T16:47:54.634+0100] {processor.py:154} INFO - Started process (PID=59041) to work on /Users/uab910/dev/nnam-poc/pyenv/lib/python3.10/site-packages/airflow/example_dags/subdags/subdag.py
[2023-03-03T16:47:54.641+0100] {processor.py:756} INFO - Processing file /Users/uab910/dev/nnam-poc/pyenv/lib/python3.10/site-packages/airflow/example_dags/subdags/subdag.py for tasks to queue
[2023-03-03T16:47:54.641+0100] {logging_mixin.py:137} INFO - [2023-03-03T16:47:54.641+0100] {dagbag.py:537} INFO - Filling up the DagBag from /Users/uab910/dev/nnam-poc/pyenv/lib/python3.10/site-packages/airflow/example_dags/subdags/subdag.py
[2023-03-03T16:47:54.658+0100] {processor.py:768} WARNING - No viable dags retrieved from /Users/uab910/dev/nnam-poc/pyenv/lib/python3.10/site-packages/airflow/example_dags/subdags/subdag.py
[2023-03-03T16:47:54.788+0100] {processor.py:176} INFO - Processing /Users/uab910/dev/nnam-poc/pyenv/lib/python3.10/site-packages/airflow/example_dags/subdags/subdag.py took 0.155 seconds
[2023-03-03T16:48:40.191+0100] {processor.py:154} INFO - Started process (PID=59064) to work on /Users/uab910/dev/nnam-poc/pyenv/lib/python3.10/site-packages/airflow/example_dags/subdags/subdag.py
[2023-03-03T16:48:40.195+0100] {processor.py:756} INFO - Processing file /Users/uab910/dev/nnam-poc/pyenv/lib/python3.10/site-packages/airflow/example_dags/subdags/subdag.py for tasks to queue
[2023-03-03T16:48:40.196+0100] {logging_mixin.py:137} INFO - [2023-03-03T16:48:40.195+0100] {dagbag.py:537} INFO - Filling up the DagBag from /Users/uab910/dev/nnam-poc/pyenv/lib/python3.10/site-packages/airflow/example_dags/subdags/subdag.py
[2023-03-03T16:48:40.209+0100] {processor.py:768} WARNING - No viable dags retrieved from /Users/uab910/dev/nnam-poc/pyenv/lib/python3.10/site-packages/airflow/example_dags/subdags/subdag.py
[2023-03-03T16:48:40.333+0100] {processor.py:176} INFO - Processing /Users/uab910/dev/nnam-poc/pyenv/lib/python3.10/site-packages/airflow/example_dags/subdags/subdag.py took 0.142 seconds
[2023-03-03T16:49:26.068+0100] {processor.py:154} INFO - Started process (PID=59087) to work on /Users/uab910/dev/nnam-poc/pyenv/lib/python3.10/site-packages/airflow/example_dags/subdags/subdag.py
[2023-03-03T16:49:26.074+0100] {processor.py:756} INFO - Processing file /Users/uab910/dev/nnam-poc/pyenv/lib/python3.10/site-packages/airflow/example_dags/subdags/subdag.py for tasks to queue
[2023-03-03T16:49:26.074+0100] {logging_mixin.py:137} INFO - [2023-03-03T16:49:26.074+0100] {dagbag.py:537} INFO - Filling up the DagBag from /Users/uab910/dev/nnam-poc/pyenv/lib/python3.10/site-packages/airflow/example_dags/subdags/subdag.py
[2023-03-03T16:49:26.092+0100] {processor.py:768} WARNING - No viable dags retrieved from /Users/uab910/dev/nnam-poc/pyenv/lib/python3.10/site-packages/airflow/example_dags/subdags/subdag.py
[2023-03-03T16:49:26.239+0100] {processor.py:176} INFO - Processing /Users/uab910/dev/nnam-poc/pyenv/lib/python3.10/site-packages/airflow/example_dags/subdags/subdag.py took 0.172 seconds
[2023-03-03T16:50:14.613+0100] {processor.py:154} INFO - Started process (PID=59121) to work on /Users/uab910/dev/nnam-poc/pyenv/lib/python3.10/site-packages/airflow/example_dags/subdags/subdag.py
[2023-03-03T16:50:14.618+0100] {processor.py:756} INFO - Processing file /Users/uab910/dev/nnam-poc/pyenv/lib/python3.10/site-packages/airflow/example_dags/subdags/subdag.py for tasks to queue
[2023-03-03T16:50:14.618+0100] {logging_mixin.py:137} INFO - [2023-03-03T16:50:14.618+0100] {dagbag.py:537} INFO - Filling up the DagBag from /Users/uab910/dev/nnam-poc/pyenv/lib/python3.10/site-packages/airflow/example_dags/subdags/subdag.py
[2023-03-03T16:50:14.632+0100] {processor.py:768} WARNING - No viable dags retrieved from /Users/uab910/dev/nnam-poc/pyenv/lib/python3.10/site-packages/airflow/example_dags/subdags/subdag.py
[2023-03-03T16:50:14.756+0100] {processor.py:176} INFO - Processing /Users/uab910/dev/nnam-poc/pyenv/lib/python3.10/site-packages/airflow/example_dags/subdags/subdag.py took 0.143 seconds
[2023-03-03T16:51:00.858+0100] {processor.py:154} INFO - Started process (PID=59156) to work on /Users/uab910/dev/nnam-poc/pyenv/lib/python3.10/site-packages/airflow/example_dags/subdags/subdag.py
[2023-03-03T16:51:00.863+0100] {processor.py:756} INFO - Processing file /Users/uab910/dev/nnam-poc/pyenv/lib/python3.10/site-packages/airflow/example_dags/subdags/subdag.py for tasks to queue
[2023-03-03T16:51:00.863+0100] {logging_mixin.py:137} INFO - [2023-03-03T16:51:00.863+0100] {dagbag.py:537} INFO - Filling up the DagBag from /Users/uab910/dev/nnam-poc/pyenv/lib/python3.10/site-packages/airflow/example_dags/subdags/subdag.py
[2023-03-03T16:51:00.877+0100] {processor.py:768} WARNING - No viable dags retrieved from /Users/uab910/dev/nnam-poc/pyenv/lib/python3.10/site-packages/airflow/example_dags/subdags/subdag.py
[2023-03-03T16:51:00.994+0100] {processor.py:176} INFO - Processing /Users/uab910/dev/nnam-poc/pyenv/lib/python3.10/site-packages/airflow/example_dags/subdags/subdag.py took 0.136 seconds
[2023-03-03T16:51:47.298+0100] {processor.py:154} INFO - Started process (PID=59183) to work on /Users/uab910/dev/nnam-poc/pyenv/lib/python3.10/site-packages/airflow/example_dags/subdags/subdag.py
[2023-03-03T16:51:47.303+0100] {processor.py:756} INFO - Processing file /Users/uab910/dev/nnam-poc/pyenv/lib/python3.10/site-packages/airflow/example_dags/subdags/subdag.py for tasks to queue
[2023-03-03T16:51:47.303+0100] {logging_mixin.py:137} INFO - [2023-03-03T16:51:47.303+0100] {dagbag.py:537} INFO - Filling up the DagBag from /Users/uab910/dev/nnam-poc/pyenv/lib/python3.10/site-packages/airflow/example_dags/subdags/subdag.py
[2023-03-03T16:51:47.318+0100] {processor.py:768} WARNING - No viable dags retrieved from /Users/uab910/dev/nnam-poc/pyenv/lib/python3.10/site-packages/airflow/example_dags/subdags/subdag.py
[2023-03-03T16:51:47.442+0100] {processor.py:176} INFO - Processing /Users/uab910/dev/nnam-poc/pyenv/lib/python3.10/site-packages/airflow/example_dags/subdags/subdag.py took 0.144 seconds
[2023-03-03T16:52:33.097+0100] {processor.py:154} INFO - Started process (PID=59206) to work on /Users/uab910/dev/nnam-poc/pyenv/lib/python3.10/site-packages/airflow/example_dags/subdags/subdag.py
[2023-03-03T16:52:33.103+0100] {processor.py:756} INFO - Processing file /Users/uab910/dev/nnam-poc/pyenv/lib/python3.10/site-packages/airflow/example_dags/subdags/subdag.py for tasks to queue
[2023-03-03T16:52:33.104+0100] {logging_mixin.py:137} INFO - [2023-03-03T16:52:33.104+0100] {dagbag.py:537} INFO - Filling up the DagBag from /Users/uab910/dev/nnam-poc/pyenv/lib/python3.10/site-packages/airflow/example_dags/subdags/subdag.py
[2023-03-03T16:52:33.123+0100] {processor.py:768} WARNING - No viable dags retrieved from /Users/uab910/dev/nnam-poc/pyenv/lib/python3.10/site-packages/airflow/example_dags/subdags/subdag.py
[2023-03-03T16:52:33.245+0100] {processor.py:176} INFO - Processing /Users/uab910/dev/nnam-poc/pyenv/lib/python3.10/site-packages/airflow/example_dags/subdags/subdag.py took 0.148 seconds
[2023-03-03T16:53:18.461+0100] {processor.py:154} INFO - Started process (PID=59231) to work on /Users/uab910/dev/nnam-poc/pyenv/lib/python3.10/site-packages/airflow/example_dags/subdags/subdag.py
[2023-03-03T16:53:18.467+0100] {processor.py:756} INFO - Processing file /Users/uab910/dev/nnam-poc/pyenv/lib/python3.10/site-packages/airflow/example_dags/subdags/subdag.py for tasks to queue
[2023-03-03T16:53:18.468+0100] {logging_mixin.py:137} INFO - [2023-03-03T16:53:18.468+0100] {dagbag.py:537} INFO - Filling up the DagBag from /Users/uab910/dev/nnam-poc/pyenv/lib/python3.10/site-packages/airflow/example_dags/subdags/subdag.py
[2023-03-03T16:53:18.483+0100] {processor.py:768} WARNING - No viable dags retrieved from /Users/uab910/dev/nnam-poc/pyenv/lib/python3.10/site-packages/airflow/example_dags/subdags/subdag.py
[2023-03-03T16:53:18.606+0100] {processor.py:176} INFO - Processing /Users/uab910/dev/nnam-poc/pyenv/lib/python3.10/site-packages/airflow/example_dags/subdags/subdag.py took 0.146 seconds
[2023-03-03T16:54:00.542+0100] {processor.py:154} INFO - Started process (PID=59268) to work on /Users/uab910/dev/nnam-poc/pyenv/lib/python3.10/site-packages/airflow/example_dags/subdags/subdag.py
[2023-03-03T16:54:00.548+0100] {processor.py:756} INFO - Processing file /Users/uab910/dev/nnam-poc/pyenv/lib/python3.10/site-packages/airflow/example_dags/subdags/subdag.py for tasks to queue
[2023-03-03T16:54:00.548+0100] {logging_mixin.py:137} INFO - [2023-03-03T16:54:00.548+0100] {dagbag.py:537} INFO - Filling up the DagBag from /Users/uab910/dev/nnam-poc/pyenv/lib/python3.10/site-packages/airflow/example_dags/subdags/subdag.py
[2023-03-03T16:54:00.566+0100] {processor.py:768} WARNING - No viable dags retrieved from /Users/uab910/dev/nnam-poc/pyenv/lib/python3.10/site-packages/airflow/example_dags/subdags/subdag.py
[2023-03-03T16:54:00.692+0100] {processor.py:176} INFO - Processing /Users/uab910/dev/nnam-poc/pyenv/lib/python3.10/site-packages/airflow/example_dags/subdags/subdag.py took 0.151 seconds
[2023-03-03T16:54:46.111+0100] {processor.py:154} INFO - Started process (PID=59291) to work on /Users/uab910/dev/nnam-poc/pyenv/lib/python3.10/site-packages/airflow/example_dags/subdags/subdag.py
[2023-03-03T16:54:46.116+0100] {processor.py:756} INFO - Processing file /Users/uab910/dev/nnam-poc/pyenv/lib/python3.10/site-packages/airflow/example_dags/subdags/subdag.py for tasks to queue
[2023-03-03T16:54:46.116+0100] {logging_mixin.py:137} INFO - [2023-03-03T16:54:46.116+0100] {dagbag.py:537} INFO - Filling up the DagBag from /Users/uab910/dev/nnam-poc/pyenv/lib/python3.10/site-packages/airflow/example_dags/subdags/subdag.py
[2023-03-03T16:54:46.130+0100] {processor.py:768} WARNING - No viable dags retrieved from /Users/uab910/dev/nnam-poc/pyenv/lib/python3.10/site-packages/airflow/example_dags/subdags/subdag.py
[2023-03-03T16:54:46.256+0100] {processor.py:176} INFO - Processing /Users/uab910/dev/nnam-poc/pyenv/lib/python3.10/site-packages/airflow/example_dags/subdags/subdag.py took 0.145 seconds
[2023-03-03T16:55:33.993+0100] {processor.py:154} INFO - Started process (PID=59315) to work on /Users/uab910/dev/nnam-poc/pyenv/lib/python3.10/site-packages/airflow/example_dags/subdags/subdag.py
[2023-03-03T16:55:33.999+0100] {processor.py:756} INFO - Processing file /Users/uab910/dev/nnam-poc/pyenv/lib/python3.10/site-packages/airflow/example_dags/subdags/subdag.py for tasks to queue
[2023-03-03T16:55:33.999+0100] {logging_mixin.py:137} INFO - [2023-03-03T16:55:33.999+0100] {dagbag.py:537} INFO - Filling up the DagBag from /Users/uab910/dev/nnam-poc/pyenv/lib/python3.10/site-packages/airflow/example_dags/subdags/subdag.py
[2023-03-03T16:55:34.017+0100] {processor.py:768} WARNING - No viable dags retrieved from /Users/uab910/dev/nnam-poc/pyenv/lib/python3.10/site-packages/airflow/example_dags/subdags/subdag.py
[2023-03-03T16:55:34.149+0100] {processor.py:176} INFO - Processing /Users/uab910/dev/nnam-poc/pyenv/lib/python3.10/site-packages/airflow/example_dags/subdags/subdag.py took 0.157 seconds
[2023-03-03T16:56:21.359+0100] {processor.py:154} INFO - Started process (PID=59341) to work on /Users/uab910/dev/nnam-poc/pyenv/lib/python3.10/site-packages/airflow/example_dags/subdags/subdag.py
[2023-03-03T16:56:21.364+0100] {processor.py:756} INFO - Processing file /Users/uab910/dev/nnam-poc/pyenv/lib/python3.10/site-packages/airflow/example_dags/subdags/subdag.py for tasks to queue
[2023-03-03T16:56:21.365+0100] {logging_mixin.py:137} INFO - [2023-03-03T16:56:21.365+0100] {dagbag.py:537} INFO - Filling up the DagBag from /Users/uab910/dev/nnam-poc/pyenv/lib/python3.10/site-packages/airflow/example_dags/subdags/subdag.py
[2023-03-03T16:56:21.382+0100] {processor.py:768} WARNING - No viable dags retrieved from /Users/uab910/dev/nnam-poc/pyenv/lib/python3.10/site-packages/airflow/example_dags/subdags/subdag.py
[2023-03-03T16:56:21.535+0100] {processor.py:176} INFO - Processing /Users/uab910/dev/nnam-poc/pyenv/lib/python3.10/site-packages/airflow/example_dags/subdags/subdag.py took 0.177 seconds
[2023-03-03T16:57:08.046+0100] {processor.py:154} INFO - Started process (PID=59364) to work on /Users/uab910/dev/nnam-poc/pyenv/lib/python3.10/site-packages/airflow/example_dags/subdags/subdag.py
[2023-03-03T16:57:08.054+0100] {processor.py:756} INFO - Processing file /Users/uab910/dev/nnam-poc/pyenv/lib/python3.10/site-packages/airflow/example_dags/subdags/subdag.py for tasks to queue
[2023-03-03T16:57:08.055+0100] {logging_mixin.py:137} INFO - [2023-03-03T16:57:08.054+0100] {dagbag.py:537} INFO - Filling up the DagBag from /Users/uab910/dev/nnam-poc/pyenv/lib/python3.10/site-packages/airflow/example_dags/subdags/subdag.py
[2023-03-03T16:57:08.074+0100] {processor.py:768} WARNING - No viable dags retrieved from /Users/uab910/dev/nnam-poc/pyenv/lib/python3.10/site-packages/airflow/example_dags/subdags/subdag.py
[2023-03-03T16:57:08.255+0100] {processor.py:176} INFO - Processing /Users/uab910/dev/nnam-poc/pyenv/lib/python3.10/site-packages/airflow/example_dags/subdags/subdag.py took 0.210 seconds
[2023-03-03T16:57:54.226+0100] {processor.py:154} INFO - Started process (PID=59392) to work on /Users/uab910/dev/nnam-poc/pyenv/lib/python3.10/site-packages/airflow/example_dags/subdags/subdag.py
[2023-03-03T16:57:54.231+0100] {processor.py:756} INFO - Processing file /Users/uab910/dev/nnam-poc/pyenv/lib/python3.10/site-packages/airflow/example_dags/subdags/subdag.py for tasks to queue
[2023-03-03T16:57:54.231+0100] {logging_mixin.py:137} INFO - [2023-03-03T16:57:54.231+0100] {dagbag.py:537} INFO - Filling up the DagBag from /Users/uab910/dev/nnam-poc/pyenv/lib/python3.10/site-packages/airflow/example_dags/subdags/subdag.py
[2023-03-03T16:57:54.246+0100] {processor.py:768} WARNING - No viable dags retrieved from /Users/uab910/dev/nnam-poc/pyenv/lib/python3.10/site-packages/airflow/example_dags/subdags/subdag.py
[2023-03-03T16:57:54.362+0100] {processor.py:176} INFO - Processing /Users/uab910/dev/nnam-poc/pyenv/lib/python3.10/site-packages/airflow/example_dags/subdags/subdag.py took 0.136 seconds
[2023-03-03T16:58:41.328+0100] {processor.py:154} INFO - Started process (PID=59413) to work on /Users/uab910/dev/nnam-poc/pyenv/lib/python3.10/site-packages/airflow/example_dags/subdags/subdag.py
[2023-03-03T16:58:41.334+0100] {processor.py:756} INFO - Processing file /Users/uab910/dev/nnam-poc/pyenv/lib/python3.10/site-packages/airflow/example_dags/subdags/subdag.py for tasks to queue
[2023-03-03T16:58:41.334+0100] {logging_mixin.py:137} INFO - [2023-03-03T16:58:41.334+0100] {dagbag.py:537} INFO - Filling up the DagBag from /Users/uab910/dev/nnam-poc/pyenv/lib/python3.10/site-packages/airflow/example_dags/subdags/subdag.py
[2023-03-03T16:58:41.348+0100] {processor.py:768} WARNING - No viable dags retrieved from /Users/uab910/dev/nnam-poc/pyenv/lib/python3.10/site-packages/airflow/example_dags/subdags/subdag.py
[2023-03-03T16:58:41.466+0100] {processor.py:176} INFO - Processing /Users/uab910/dev/nnam-poc/pyenv/lib/python3.10/site-packages/airflow/example_dags/subdags/subdag.py took 0.138 seconds
[2023-03-03T16:59:28.177+0100] {processor.py:154} INFO - Started process (PID=59437) to work on /Users/uab910/dev/nnam-poc/pyenv/lib/python3.10/site-packages/airflow/example_dags/subdags/subdag.py
[2023-03-03T16:59:28.183+0100] {processor.py:756} INFO - Processing file /Users/uab910/dev/nnam-poc/pyenv/lib/python3.10/site-packages/airflow/example_dags/subdags/subdag.py for tasks to queue
[2023-03-03T16:59:28.183+0100] {logging_mixin.py:137} INFO - [2023-03-03T16:59:28.183+0100] {dagbag.py:537} INFO - Filling up the DagBag from /Users/uab910/dev/nnam-poc/pyenv/lib/python3.10/site-packages/airflow/example_dags/subdags/subdag.py
[2023-03-03T16:59:28.199+0100] {processor.py:768} WARNING - No viable dags retrieved from /Users/uab910/dev/nnam-poc/pyenv/lib/python3.10/site-packages/airflow/example_dags/subdags/subdag.py
[2023-03-03T16:59:28.325+0100] {processor.py:176} INFO - Processing /Users/uab910/dev/nnam-poc/pyenv/lib/python3.10/site-packages/airflow/example_dags/subdags/subdag.py took 0.149 seconds
[2023-03-03T17:00:14.720+0100] {processor.py:154} INFO - Started process (PID=59459) to work on /Users/uab910/dev/nnam-poc/pyenv/lib/python3.10/site-packages/airflow/example_dags/subdags/subdag.py
[2023-03-03T17:00:14.726+0100] {processor.py:756} INFO - Processing file /Users/uab910/dev/nnam-poc/pyenv/lib/python3.10/site-packages/airflow/example_dags/subdags/subdag.py for tasks to queue
[2023-03-03T17:00:14.727+0100] {logging_mixin.py:137} INFO - [2023-03-03T17:00:14.726+0100] {dagbag.py:537} INFO - Filling up the DagBag from /Users/uab910/dev/nnam-poc/pyenv/lib/python3.10/site-packages/airflow/example_dags/subdags/subdag.py
[2023-03-03T17:00:14.744+0100] {processor.py:768} WARNING - No viable dags retrieved from /Users/uab910/dev/nnam-poc/pyenv/lib/python3.10/site-packages/airflow/example_dags/subdags/subdag.py
[2023-03-03T17:00:14.870+0100] {processor.py:176} INFO - Processing /Users/uab910/dev/nnam-poc/pyenv/lib/python3.10/site-packages/airflow/example_dags/subdags/subdag.py took 0.150 seconds
[2023-03-03T17:01:01.513+0100] {processor.py:154} INFO - Started process (PID=59485) to work on /Users/uab910/dev/nnam-poc/pyenv/lib/python3.10/site-packages/airflow/example_dags/subdags/subdag.py
[2023-03-03T17:01:01.519+0100] {processor.py:756} INFO - Processing file /Users/uab910/dev/nnam-poc/pyenv/lib/python3.10/site-packages/airflow/example_dags/subdags/subdag.py for tasks to queue
[2023-03-03T17:01:01.520+0100] {logging_mixin.py:137} INFO - [2023-03-03T17:01:01.519+0100] {dagbag.py:537} INFO - Filling up the DagBag from /Users/uab910/dev/nnam-poc/pyenv/lib/python3.10/site-packages/airflow/example_dags/subdags/subdag.py
[2023-03-03T17:01:01.535+0100] {processor.py:768} WARNING - No viable dags retrieved from /Users/uab910/dev/nnam-poc/pyenv/lib/python3.10/site-packages/airflow/example_dags/subdags/subdag.py
[2023-03-03T17:01:01.654+0100] {processor.py:176} INFO - Processing /Users/uab910/dev/nnam-poc/pyenv/lib/python3.10/site-packages/airflow/example_dags/subdags/subdag.py took 0.142 seconds
[2023-03-03T17:01:47.335+0100] {processor.py:154} INFO - Started process (PID=59510) to work on /Users/uab910/dev/nnam-poc/pyenv/lib/python3.10/site-packages/airflow/example_dags/subdags/subdag.py
[2023-03-03T17:01:47.340+0100] {processor.py:756} INFO - Processing file /Users/uab910/dev/nnam-poc/pyenv/lib/python3.10/site-packages/airflow/example_dags/subdags/subdag.py for tasks to queue
[2023-03-03T17:01:47.341+0100] {logging_mixin.py:137} INFO - [2023-03-03T17:01:47.341+0100] {dagbag.py:537} INFO - Filling up the DagBag from /Users/uab910/dev/nnam-poc/pyenv/lib/python3.10/site-packages/airflow/example_dags/subdags/subdag.py
[2023-03-03T17:01:47.357+0100] {processor.py:768} WARNING - No viable dags retrieved from /Users/uab910/dev/nnam-poc/pyenv/lib/python3.10/site-packages/airflow/example_dags/subdags/subdag.py
[2023-03-03T17:01:47.480+0100] {processor.py:176} INFO - Processing /Users/uab910/dev/nnam-poc/pyenv/lib/python3.10/site-packages/airflow/example_dags/subdags/subdag.py took 0.145 seconds
[2023-03-03T17:02:33.552+0100] {processor.py:154} INFO - Started process (PID=59534) to work on /Users/uab910/dev/nnam-poc/pyenv/lib/python3.10/site-packages/airflow/example_dags/subdags/subdag.py
[2023-03-03T17:02:33.557+0100] {processor.py:756} INFO - Processing file /Users/uab910/dev/nnam-poc/pyenv/lib/python3.10/site-packages/airflow/example_dags/subdags/subdag.py for tasks to queue
[2023-03-03T17:02:33.558+0100] {logging_mixin.py:137} INFO - [2023-03-03T17:02:33.558+0100] {dagbag.py:537} INFO - Filling up the DagBag from /Users/uab910/dev/nnam-poc/pyenv/lib/python3.10/site-packages/airflow/example_dags/subdags/subdag.py
[2023-03-03T17:02:33.574+0100] {processor.py:768} WARNING - No viable dags retrieved from /Users/uab910/dev/nnam-poc/pyenv/lib/python3.10/site-packages/airflow/example_dags/subdags/subdag.py
[2023-03-03T17:02:33.695+0100] {processor.py:176} INFO - Processing /Users/uab910/dev/nnam-poc/pyenv/lib/python3.10/site-packages/airflow/example_dags/subdags/subdag.py took 0.144 seconds
[2023-03-03T17:03:19.377+0100] {processor.py:154} INFO - Started process (PID=59558) to work on /Users/uab910/dev/nnam-poc/pyenv/lib/python3.10/site-packages/airflow/example_dags/subdags/subdag.py
[2023-03-03T17:03:19.382+0100] {processor.py:756} INFO - Processing file /Users/uab910/dev/nnam-poc/pyenv/lib/python3.10/site-packages/airflow/example_dags/subdags/subdag.py for tasks to queue
[2023-03-03T17:03:19.382+0100] {logging_mixin.py:137} INFO - [2023-03-03T17:03:19.382+0100] {dagbag.py:537} INFO - Filling up the DagBag from /Users/uab910/dev/nnam-poc/pyenv/lib/python3.10/site-packages/airflow/example_dags/subdags/subdag.py
[2023-03-03T17:03:19.397+0100] {processor.py:768} WARNING - No viable dags retrieved from /Users/uab910/dev/nnam-poc/pyenv/lib/python3.10/site-packages/airflow/example_dags/subdags/subdag.py
[2023-03-03T17:03:19.528+0100] {processor.py:176} INFO - Processing /Users/uab910/dev/nnam-poc/pyenv/lib/python3.10/site-packages/airflow/example_dags/subdags/subdag.py took 0.152 seconds
[2023-03-03T17:04:05.718+0100] {processor.py:154} INFO - Started process (PID=59599) to work on /Users/uab910/dev/nnam-poc/pyenv/lib/python3.10/site-packages/airflow/example_dags/subdags/subdag.py
[2023-03-03T17:04:05.724+0100] {processor.py:756} INFO - Processing file /Users/uab910/dev/nnam-poc/pyenv/lib/python3.10/site-packages/airflow/example_dags/subdags/subdag.py for tasks to queue
[2023-03-03T17:04:05.725+0100] {logging_mixin.py:137} INFO - [2023-03-03T17:04:05.724+0100] {dagbag.py:537} INFO - Filling up the DagBag from /Users/uab910/dev/nnam-poc/pyenv/lib/python3.10/site-packages/airflow/example_dags/subdags/subdag.py
[2023-03-03T17:04:05.740+0100] {processor.py:768} WARNING - No viable dags retrieved from /Users/uab910/dev/nnam-poc/pyenv/lib/python3.10/site-packages/airflow/example_dags/subdags/subdag.py
[2023-03-03T17:04:05.857+0100] {processor.py:176} INFO - Processing /Users/uab910/dev/nnam-poc/pyenv/lib/python3.10/site-packages/airflow/example_dags/subdags/subdag.py took 0.140 seconds
[2023-03-03T17:04:50.370+0100] {processor.py:154} INFO - Started process (PID=59623) to work on /Users/uab910/dev/nnam-poc/pyenv/lib/python3.10/site-packages/airflow/example_dags/subdags/subdag.py
[2023-03-03T17:04:50.375+0100] {processor.py:756} INFO - Processing file /Users/uab910/dev/nnam-poc/pyenv/lib/python3.10/site-packages/airflow/example_dags/subdags/subdag.py for tasks to queue
[2023-03-03T17:04:50.375+0100] {logging_mixin.py:137} INFO - [2023-03-03T17:04:50.375+0100] {dagbag.py:537} INFO - Filling up the DagBag from /Users/uab910/dev/nnam-poc/pyenv/lib/python3.10/site-packages/airflow/example_dags/subdags/subdag.py
[2023-03-03T17:04:50.390+0100] {processor.py:768} WARNING - No viable dags retrieved from /Users/uab910/dev/nnam-poc/pyenv/lib/python3.10/site-packages/airflow/example_dags/subdags/subdag.py
[2023-03-03T17:04:50.507+0100] {processor.py:176} INFO - Processing /Users/uab910/dev/nnam-poc/pyenv/lib/python3.10/site-packages/airflow/example_dags/subdags/subdag.py took 0.138 seconds
[2023-03-03T17:05:34.734+0100] {processor.py:154} INFO - Started process (PID=59646) to work on /Users/uab910/dev/nnam-poc/pyenv/lib/python3.10/site-packages/airflow/example_dags/subdags/subdag.py
[2023-03-03T17:05:34.738+0100] {processor.py:756} INFO - Processing file /Users/uab910/dev/nnam-poc/pyenv/lib/python3.10/site-packages/airflow/example_dags/subdags/subdag.py for tasks to queue
[2023-03-03T17:05:34.739+0100] {logging_mixin.py:137} INFO - [2023-03-03T17:05:34.739+0100] {dagbag.py:537} INFO - Filling up the DagBag from /Users/uab910/dev/nnam-poc/pyenv/lib/python3.10/site-packages/airflow/example_dags/subdags/subdag.py
[2023-03-03T17:05:34.752+0100] {processor.py:768} WARNING - No viable dags retrieved from /Users/uab910/dev/nnam-poc/pyenv/lib/python3.10/site-packages/airflow/example_dags/subdags/subdag.py
[2023-03-03T17:05:34.870+0100] {processor.py:176} INFO - Processing /Users/uab910/dev/nnam-poc/pyenv/lib/python3.10/site-packages/airflow/example_dags/subdags/subdag.py took 0.136 seconds
[2023-03-03T17:06:23.002+0100] {processor.py:154} INFO - Started process (PID=59677) to work on /Users/uab910/dev/nnam-poc/pyenv/lib/python3.10/site-packages/airflow/example_dags/subdags/subdag.py
[2023-03-03T17:06:23.007+0100] {processor.py:756} INFO - Processing file /Users/uab910/dev/nnam-poc/pyenv/lib/python3.10/site-packages/airflow/example_dags/subdags/subdag.py for tasks to queue
[2023-03-03T17:06:23.008+0100] {logging_mixin.py:137} INFO - [2023-03-03T17:06:23.007+0100] {dagbag.py:537} INFO - Filling up the DagBag from /Users/uab910/dev/nnam-poc/pyenv/lib/python3.10/site-packages/airflow/example_dags/subdags/subdag.py
[2023-03-03T17:06:23.029+0100] {processor.py:768} WARNING - No viable dags retrieved from /Users/uab910/dev/nnam-poc/pyenv/lib/python3.10/site-packages/airflow/example_dags/subdags/subdag.py
[2023-03-03T17:06:23.156+0100] {processor.py:176} INFO - Processing /Users/uab910/dev/nnam-poc/pyenv/lib/python3.10/site-packages/airflow/example_dags/subdags/subdag.py took 0.155 seconds
[2023-03-03T17:07:10.869+0100] {processor.py:154} INFO - Started process (PID=59702) to work on /Users/uab910/dev/nnam-poc/pyenv/lib/python3.10/site-packages/airflow/example_dags/subdags/subdag.py
[2023-03-03T17:07:10.876+0100] {processor.py:756} INFO - Processing file /Users/uab910/dev/nnam-poc/pyenv/lib/python3.10/site-packages/airflow/example_dags/subdags/subdag.py for tasks to queue
[2023-03-03T17:07:10.876+0100] {logging_mixin.py:137} INFO - [2023-03-03T17:07:10.876+0100] {dagbag.py:537} INFO - Filling up the DagBag from /Users/uab910/dev/nnam-poc/pyenv/lib/python3.10/site-packages/airflow/example_dags/subdags/subdag.py
[2023-03-03T17:07:10.894+0100] {processor.py:768} WARNING - No viable dags retrieved from /Users/uab910/dev/nnam-poc/pyenv/lib/python3.10/site-packages/airflow/example_dags/subdags/subdag.py
[2023-03-03T17:07:11.053+0100] {processor.py:176} INFO - Processing /Users/uab910/dev/nnam-poc/pyenv/lib/python3.10/site-packages/airflow/example_dags/subdags/subdag.py took 0.184 seconds
[2023-03-03T17:08:03.144+0100] {processor.py:154} INFO - Started process (PID=59734) to work on /Users/uab910/dev/nnam-poc/pyenv/lib/python3.10/site-packages/airflow/example_dags/subdags/subdag.py
[2023-03-03T17:08:03.149+0100] {processor.py:756} INFO - Processing file /Users/uab910/dev/nnam-poc/pyenv/lib/python3.10/site-packages/airflow/example_dags/subdags/subdag.py for tasks to queue
[2023-03-03T17:08:03.150+0100] {logging_mixin.py:137} INFO - [2023-03-03T17:08:03.150+0100] {dagbag.py:537} INFO - Filling up the DagBag from /Users/uab910/dev/nnam-poc/pyenv/lib/python3.10/site-packages/airflow/example_dags/subdags/subdag.py
[2023-03-03T17:08:03.167+0100] {processor.py:768} WARNING - No viable dags retrieved from /Users/uab910/dev/nnam-poc/pyenv/lib/python3.10/site-packages/airflow/example_dags/subdags/subdag.py
[2023-03-03T17:08:03.301+0100] {processor.py:176} INFO - Processing /Users/uab910/dev/nnam-poc/pyenv/lib/python3.10/site-packages/airflow/example_dags/subdags/subdag.py took 0.158 seconds
[2023-03-03T17:08:54.460+0100] {processor.py:154} INFO - Started process (PID=59767) to work on /Users/uab910/dev/nnam-poc/pyenv/lib/python3.10/site-packages/airflow/example_dags/subdags/subdag.py
[2023-03-03T17:08:54.467+0100] {processor.py:756} INFO - Processing file /Users/uab910/dev/nnam-poc/pyenv/lib/python3.10/site-packages/airflow/example_dags/subdags/subdag.py for tasks to queue
[2023-03-03T17:08:54.467+0100] {logging_mixin.py:137} INFO - [2023-03-03T17:08:54.467+0100] {dagbag.py:537} INFO - Filling up the DagBag from /Users/uab910/dev/nnam-poc/pyenv/lib/python3.10/site-packages/airflow/example_dags/subdags/subdag.py
[2023-03-03T17:08:54.486+0100] {processor.py:768} WARNING - No viable dags retrieved from /Users/uab910/dev/nnam-poc/pyenv/lib/python3.10/site-packages/airflow/example_dags/subdags/subdag.py
[2023-03-03T17:08:54.626+0100] {processor.py:176} INFO - Processing /Users/uab910/dev/nnam-poc/pyenv/lib/python3.10/site-packages/airflow/example_dags/subdags/subdag.py took 0.167 seconds
[2023-03-03T17:09:39.493+0100] {processor.py:154} INFO - Started process (PID=59793) to work on /Users/uab910/dev/nnam-poc/pyenv/lib/python3.10/site-packages/airflow/example_dags/subdags/subdag.py
[2023-03-03T17:09:39.499+0100] {processor.py:756} INFO - Processing file /Users/uab910/dev/nnam-poc/pyenv/lib/python3.10/site-packages/airflow/example_dags/subdags/subdag.py for tasks to queue
[2023-03-03T17:09:39.500+0100] {logging_mixin.py:137} INFO - [2023-03-03T17:09:39.500+0100] {dagbag.py:537} INFO - Filling up the DagBag from /Users/uab910/dev/nnam-poc/pyenv/lib/python3.10/site-packages/airflow/example_dags/subdags/subdag.py
[2023-03-03T17:09:39.517+0100] {processor.py:768} WARNING - No viable dags retrieved from /Users/uab910/dev/nnam-poc/pyenv/lib/python3.10/site-packages/airflow/example_dags/subdags/subdag.py
[2023-03-03T17:09:39.654+0100] {processor.py:176} INFO - Processing /Users/uab910/dev/nnam-poc/pyenv/lib/python3.10/site-packages/airflow/example_dags/subdags/subdag.py took 0.162 seconds
[2023-03-03T17:10:22.964+0100] {processor.py:154} INFO - Started process (PID=59815) to work on /Users/uab910/dev/nnam-poc/pyenv/lib/python3.10/site-packages/airflow/example_dags/subdags/subdag.py
[2023-03-03T17:10:22.968+0100] {processor.py:756} INFO - Processing file /Users/uab910/dev/nnam-poc/pyenv/lib/python3.10/site-packages/airflow/example_dags/subdags/subdag.py for tasks to queue
[2023-03-03T17:10:22.968+0100] {logging_mixin.py:137} INFO - [2023-03-03T17:10:22.968+0100] {dagbag.py:537} INFO - Filling up the DagBag from /Users/uab910/dev/nnam-poc/pyenv/lib/python3.10/site-packages/airflow/example_dags/subdags/subdag.py
[2023-03-03T17:10:22.981+0100] {processor.py:768} WARNING - No viable dags retrieved from /Users/uab910/dev/nnam-poc/pyenv/lib/python3.10/site-packages/airflow/example_dags/subdags/subdag.py
[2023-03-03T17:10:23.097+0100] {processor.py:176} INFO - Processing /Users/uab910/dev/nnam-poc/pyenv/lib/python3.10/site-packages/airflow/example_dags/subdags/subdag.py took 0.134 seconds
[2023-03-03T17:11:06.746+0100] {processor.py:154} INFO - Started process (PID=59841) to work on /Users/uab910/dev/nnam-poc/pyenv/lib/python3.10/site-packages/airflow/example_dags/subdags/subdag.py
[2023-03-03T17:11:06.751+0100] {processor.py:756} INFO - Processing file /Users/uab910/dev/nnam-poc/pyenv/lib/python3.10/site-packages/airflow/example_dags/subdags/subdag.py for tasks to queue
[2023-03-03T17:11:06.752+0100] {logging_mixin.py:137} INFO - [2023-03-03T17:11:06.752+0100] {dagbag.py:537} INFO - Filling up the DagBag from /Users/uab910/dev/nnam-poc/pyenv/lib/python3.10/site-packages/airflow/example_dags/subdags/subdag.py
[2023-03-03T17:11:06.765+0100] {processor.py:768} WARNING - No viable dags retrieved from /Users/uab910/dev/nnam-poc/pyenv/lib/python3.10/site-packages/airflow/example_dags/subdags/subdag.py
[2023-03-03T17:11:06.890+0100] {processor.py:176} INFO - Processing /Users/uab910/dev/nnam-poc/pyenv/lib/python3.10/site-packages/airflow/example_dags/subdags/subdag.py took 0.144 seconds
[2023-03-03T17:11:50.301+0100] {processor.py:154} INFO - Started process (PID=59867) to work on /Users/uab910/dev/nnam-poc/pyenv/lib/python3.10/site-packages/airflow/example_dags/subdags/subdag.py
[2023-03-03T17:11:50.306+0100] {processor.py:756} INFO - Processing file /Users/uab910/dev/nnam-poc/pyenv/lib/python3.10/site-packages/airflow/example_dags/subdags/subdag.py for tasks to queue
[2023-03-03T17:11:50.306+0100] {logging_mixin.py:137} INFO - [2023-03-03T17:11:50.306+0100] {dagbag.py:537} INFO - Filling up the DagBag from /Users/uab910/dev/nnam-poc/pyenv/lib/python3.10/site-packages/airflow/example_dags/subdags/subdag.py
[2023-03-03T17:11:50.319+0100] {processor.py:768} WARNING - No viable dags retrieved from /Users/uab910/dev/nnam-poc/pyenv/lib/python3.10/site-packages/airflow/example_dags/subdags/subdag.py
[2023-03-03T17:11:50.435+0100] {processor.py:176} INFO - Processing /Users/uab910/dev/nnam-poc/pyenv/lib/python3.10/site-packages/airflow/example_dags/subdags/subdag.py took 0.134 seconds
[2023-03-03T17:12:36.198+0100] {processor.py:154} INFO - Started process (PID=59905) to work on /Users/uab910/dev/nnam-poc/pyenv/lib/python3.10/site-packages/airflow/example_dags/subdags/subdag.py
[2023-03-03T17:12:36.203+0100] {processor.py:756} INFO - Processing file /Users/uab910/dev/nnam-poc/pyenv/lib/python3.10/site-packages/airflow/example_dags/subdags/subdag.py for tasks to queue
[2023-03-03T17:12:36.204+0100] {logging_mixin.py:137} INFO - [2023-03-03T17:12:36.204+0100] {dagbag.py:537} INFO - Filling up the DagBag from /Users/uab910/dev/nnam-poc/pyenv/lib/python3.10/site-packages/airflow/example_dags/subdags/subdag.py
[2023-03-03T17:12:36.220+0100] {processor.py:768} WARNING - No viable dags retrieved from /Users/uab910/dev/nnam-poc/pyenv/lib/python3.10/site-packages/airflow/example_dags/subdags/subdag.py
[2023-03-03T17:12:36.349+0100] {processor.py:176} INFO - Processing /Users/uab910/dev/nnam-poc/pyenv/lib/python3.10/site-packages/airflow/example_dags/subdags/subdag.py took 0.152 seconds
[2023-03-03T17:13:20.543+0100] {processor.py:154} INFO - Started process (PID=59950) to work on /Users/uab910/dev/nnam-poc/pyenv/lib/python3.10/site-packages/airflow/example_dags/subdags/subdag.py
[2023-03-03T17:13:20.548+0100] {processor.py:756} INFO - Processing file /Users/uab910/dev/nnam-poc/pyenv/lib/python3.10/site-packages/airflow/example_dags/subdags/subdag.py for tasks to queue
[2023-03-03T17:13:20.548+0100] {logging_mixin.py:137} INFO - [2023-03-03T17:13:20.548+0100] {dagbag.py:537} INFO - Filling up the DagBag from /Users/uab910/dev/nnam-poc/pyenv/lib/python3.10/site-packages/airflow/example_dags/subdags/subdag.py
[2023-03-03T17:13:20.561+0100] {processor.py:768} WARNING - No viable dags retrieved from /Users/uab910/dev/nnam-poc/pyenv/lib/python3.10/site-packages/airflow/example_dags/subdags/subdag.py
[2023-03-03T17:13:20.681+0100] {processor.py:176} INFO - Processing /Users/uab910/dev/nnam-poc/pyenv/lib/python3.10/site-packages/airflow/example_dags/subdags/subdag.py took 0.139 seconds
[2023-03-03T17:14:06.335+0100] {processor.py:154} INFO - Started process (PID=59987) to work on /Users/uab910/dev/nnam-poc/pyenv/lib/python3.10/site-packages/airflow/example_dags/subdags/subdag.py
[2023-03-03T17:14:06.340+0100] {processor.py:756} INFO - Processing file /Users/uab910/dev/nnam-poc/pyenv/lib/python3.10/site-packages/airflow/example_dags/subdags/subdag.py for tasks to queue
[2023-03-03T17:14:06.341+0100] {logging_mixin.py:137} INFO - [2023-03-03T17:14:06.341+0100] {dagbag.py:537} INFO - Filling up the DagBag from /Users/uab910/dev/nnam-poc/pyenv/lib/python3.10/site-packages/airflow/example_dags/subdags/subdag.py
[2023-03-03T17:14:06.358+0100] {processor.py:768} WARNING - No viable dags retrieved from /Users/uab910/dev/nnam-poc/pyenv/lib/python3.10/site-packages/airflow/example_dags/subdags/subdag.py
[2023-03-03T17:14:06.516+0100] {processor.py:176} INFO - Processing /Users/uab910/dev/nnam-poc/pyenv/lib/python3.10/site-packages/airflow/example_dags/subdags/subdag.py took 0.182 seconds
[2023-03-03T17:14:52.852+0100] {processor.py:154} INFO - Started process (PID=60017) to work on /Users/uab910/dev/nnam-poc/pyenv/lib/python3.10/site-packages/airflow/example_dags/subdags/subdag.py
[2023-03-03T17:14:52.857+0100] {processor.py:756} INFO - Processing file /Users/uab910/dev/nnam-poc/pyenv/lib/python3.10/site-packages/airflow/example_dags/subdags/subdag.py for tasks to queue
[2023-03-03T17:14:52.857+0100] {logging_mixin.py:137} INFO - [2023-03-03T17:14:52.857+0100] {dagbag.py:537} INFO - Filling up the DagBag from /Users/uab910/dev/nnam-poc/pyenv/lib/python3.10/site-packages/airflow/example_dags/subdags/subdag.py
[2023-03-03T17:14:52.872+0100] {processor.py:768} WARNING - No viable dags retrieved from /Users/uab910/dev/nnam-poc/pyenv/lib/python3.10/site-packages/airflow/example_dags/subdags/subdag.py
[2023-03-03T17:14:52.996+0100] {processor.py:176} INFO - Processing /Users/uab910/dev/nnam-poc/pyenv/lib/python3.10/site-packages/airflow/example_dags/subdags/subdag.py took 0.145 seconds
[2023-03-03T17:15:39.288+0100] {processor.py:154} INFO - Started process (PID=60043) to work on /Users/uab910/dev/nnam-poc/pyenv/lib/python3.10/site-packages/airflow/example_dags/subdags/subdag.py
[2023-03-03T17:15:39.294+0100] {processor.py:756} INFO - Processing file /Users/uab910/dev/nnam-poc/pyenv/lib/python3.10/site-packages/airflow/example_dags/subdags/subdag.py for tasks to queue
[2023-03-03T17:15:39.295+0100] {logging_mixin.py:137} INFO - [2023-03-03T17:15:39.295+0100] {dagbag.py:537} INFO - Filling up the DagBag from /Users/uab910/dev/nnam-poc/pyenv/lib/python3.10/site-packages/airflow/example_dags/subdags/subdag.py
[2023-03-03T17:15:39.315+0100] {processor.py:768} WARNING - No viable dags retrieved from /Users/uab910/dev/nnam-poc/pyenv/lib/python3.10/site-packages/airflow/example_dags/subdags/subdag.py
[2023-03-03T17:15:39.444+0100] {processor.py:176} INFO - Processing /Users/uab910/dev/nnam-poc/pyenv/lib/python3.10/site-packages/airflow/example_dags/subdags/subdag.py took 0.157 seconds
[2023-03-03T17:16:26.164+0100] {processor.py:154} INFO - Started process (PID=60068) to work on /Users/uab910/dev/nnam-poc/pyenv/lib/python3.10/site-packages/airflow/example_dags/subdags/subdag.py
[2023-03-03T17:16:26.169+0100] {processor.py:756} INFO - Processing file /Users/uab910/dev/nnam-poc/pyenv/lib/python3.10/site-packages/airflow/example_dags/subdags/subdag.py for tasks to queue
[2023-03-03T17:16:26.169+0100] {logging_mixin.py:137} INFO - [2023-03-03T17:16:26.169+0100] {dagbag.py:537} INFO - Filling up the DagBag from /Users/uab910/dev/nnam-poc/pyenv/lib/python3.10/site-packages/airflow/example_dags/subdags/subdag.py
[2023-03-03T17:16:26.183+0100] {processor.py:768} WARNING - No viable dags retrieved from /Users/uab910/dev/nnam-poc/pyenv/lib/python3.10/site-packages/airflow/example_dags/subdags/subdag.py
[2023-03-03T17:16:26.310+0100] {processor.py:176} INFO - Processing /Users/uab910/dev/nnam-poc/pyenv/lib/python3.10/site-packages/airflow/example_dags/subdags/subdag.py took 0.146 seconds
[2023-03-03T17:17:12.636+0100] {processor.py:154} INFO - Started process (PID=60098) to work on /Users/uab910/dev/nnam-poc/pyenv/lib/python3.10/site-packages/airflow/example_dags/subdags/subdag.py
[2023-03-03T17:17:12.641+0100] {processor.py:756} INFO - Processing file /Users/uab910/dev/nnam-poc/pyenv/lib/python3.10/site-packages/airflow/example_dags/subdags/subdag.py for tasks to queue
[2023-03-03T17:17:12.641+0100] {logging_mixin.py:137} INFO - [2023-03-03T17:17:12.641+0100] {dagbag.py:537} INFO - Filling up the DagBag from /Users/uab910/dev/nnam-poc/pyenv/lib/python3.10/site-packages/airflow/example_dags/subdags/subdag.py
[2023-03-03T17:17:12.657+0100] {processor.py:768} WARNING - No viable dags retrieved from /Users/uab910/dev/nnam-poc/pyenv/lib/python3.10/site-packages/airflow/example_dags/subdags/subdag.py
[2023-03-03T17:17:12.777+0100] {processor.py:176} INFO - Processing /Users/uab910/dev/nnam-poc/pyenv/lib/python3.10/site-packages/airflow/example_dags/subdags/subdag.py took 0.141 seconds
[2023-03-03T17:17:56.946+0100] {processor.py:154} INFO - Started process (PID=60124) to work on /Users/uab910/dev/nnam-poc/pyenv/lib/python3.10/site-packages/airflow/example_dags/subdags/subdag.py
[2023-03-03T17:17:56.951+0100] {processor.py:756} INFO - Processing file /Users/uab910/dev/nnam-poc/pyenv/lib/python3.10/site-packages/airflow/example_dags/subdags/subdag.py for tasks to queue
[2023-03-03T17:17:56.952+0100] {logging_mixin.py:137} INFO - [2023-03-03T17:17:56.952+0100] {dagbag.py:537} INFO - Filling up the DagBag from /Users/uab910/dev/nnam-poc/pyenv/lib/python3.10/site-packages/airflow/example_dags/subdags/subdag.py
[2023-03-03T17:17:56.969+0100] {processor.py:768} WARNING - No viable dags retrieved from /Users/uab910/dev/nnam-poc/pyenv/lib/python3.10/site-packages/airflow/example_dags/subdags/subdag.py
[2023-03-03T17:17:57.093+0100] {processor.py:176} INFO - Processing /Users/uab910/dev/nnam-poc/pyenv/lib/python3.10/site-packages/airflow/example_dags/subdags/subdag.py took 0.147 seconds
[2023-03-03T17:18:39.656+0100] {processor.py:154} INFO - Started process (PID=60148) to work on /Users/uab910/dev/nnam-poc/pyenv/lib/python3.10/site-packages/airflow/example_dags/subdags/subdag.py
[2023-03-03T17:18:39.660+0100] {processor.py:756} INFO - Processing file /Users/uab910/dev/nnam-poc/pyenv/lib/python3.10/site-packages/airflow/example_dags/subdags/subdag.py for tasks to queue
[2023-03-03T17:18:39.661+0100] {logging_mixin.py:137} INFO - [2023-03-03T17:18:39.660+0100] {dagbag.py:537} INFO - Filling up the DagBag from /Users/uab910/dev/nnam-poc/pyenv/lib/python3.10/site-packages/airflow/example_dags/subdags/subdag.py
[2023-03-03T17:18:39.673+0100] {processor.py:768} WARNING - No viable dags retrieved from /Users/uab910/dev/nnam-poc/pyenv/lib/python3.10/site-packages/airflow/example_dags/subdags/subdag.py
[2023-03-03T17:18:39.789+0100] {processor.py:176} INFO - Processing /Users/uab910/dev/nnam-poc/pyenv/lib/python3.10/site-packages/airflow/example_dags/subdags/subdag.py took 0.133 seconds
[2023-03-03T17:19:26.042+0100] {processor.py:154} INFO - Started process (PID=60184) to work on /Users/uab910/dev/nnam-poc/pyenv/lib/python3.10/site-packages/airflow/example_dags/subdags/subdag.py
[2023-03-03T17:19:26.048+0100] {processor.py:756} INFO - Processing file /Users/uab910/dev/nnam-poc/pyenv/lib/python3.10/site-packages/airflow/example_dags/subdags/subdag.py for tasks to queue
[2023-03-03T17:19:26.049+0100] {logging_mixin.py:137} INFO - [2023-03-03T17:19:26.048+0100] {dagbag.py:537} INFO - Filling up the DagBag from /Users/uab910/dev/nnam-poc/pyenv/lib/python3.10/site-packages/airflow/example_dags/subdags/subdag.py
[2023-03-03T17:19:26.065+0100] {processor.py:768} WARNING - No viable dags retrieved from /Users/uab910/dev/nnam-poc/pyenv/lib/python3.10/site-packages/airflow/example_dags/subdags/subdag.py
[2023-03-03T17:19:26.185+0100] {processor.py:176} INFO - Processing /Users/uab910/dev/nnam-poc/pyenv/lib/python3.10/site-packages/airflow/example_dags/subdags/subdag.py took 0.144 seconds
