[2023-03-04T16:00:12.606+0100] {processor.py:154} INFO - Started process (PID=64204) to work on /Users/uab910/dev/nnam-poc/pyenv/lib/python3.10/site-packages/airflow/example_dags/example_branch_python_dop_operator_3.py
[2023-03-04T16:00:12.610+0100] {processor.py:756} INFO - Processing file /Users/uab910/dev/nnam-poc/pyenv/lib/python3.10/site-packages/airflow/example_dags/example_branch_python_dop_operator_3.py for tasks to queue
[2023-03-04T16:00:12.611+0100] {logging_mixin.py:137} INFO - [2023-03-04T16:00:12.611+0100] {dagbag.py:537} INFO - Filling up the DagBag from /Users/uab910/dev/nnam-poc/pyenv/lib/python3.10/site-packages/airflow/example_dags/example_branch_python_dop_operator_3.py
[2023-03-04T16:00:12.675+0100] {processor.py:766} INFO - DAG(s) dict_keys(['example_branch_dop_operator_v3']) retrieved from /Users/uab910/dev/nnam-poc/pyenv/lib/python3.10/site-packages/airflow/example_dags/example_branch_python_dop_operator_3.py
[2023-03-04T16:00:12.837+0100] {logging_mixin.py:137} INFO - [2023-03-04T16:00:12.837+0100] {dag.py:2585} INFO - Sync 1 DAGs
[2023-03-04T16:00:12.854+0100] {logging_mixin.py:137} INFO - [2023-03-04T16:00:12.854+0100] {dag.py:3336} INFO - Setting next_dagrun for example_branch_dop_operator_v3 to 2023-03-04T14:59:00+00:00, run_after=2023-03-04T15:00:00+00:00
[2023-03-04T16:00:12.869+0100] {processor.py:176} INFO - Processing /Users/uab910/dev/nnam-poc/pyenv/lib/python3.10/site-packages/airflow/example_dags/example_branch_python_dop_operator_3.py took 0.263 seconds
[2023-03-04T16:01:46.006+0100] {processor.py:154} INFO - Started process (PID=64264) to work on /Users/uab910/dev/nnam-poc/pyenv/lib/python3.10/site-packages/airflow/example_dags/example_branch_python_dop_operator_3.py
[2023-03-04T16:01:46.011+0100] {processor.py:756} INFO - Processing file /Users/uab910/dev/nnam-poc/pyenv/lib/python3.10/site-packages/airflow/example_dags/example_branch_python_dop_operator_3.py for tasks to queue
[2023-03-04T16:01:46.012+0100] {logging_mixin.py:137} INFO - [2023-03-04T16:01:46.011+0100] {dagbag.py:537} INFO - Filling up the DagBag from /Users/uab910/dev/nnam-poc/pyenv/lib/python3.10/site-packages/airflow/example_dags/example_branch_python_dop_operator_3.py
[2023-03-04T16:01:46.076+0100] {processor.py:766} INFO - DAG(s) dict_keys(['example_branch_dop_operator_v3']) retrieved from /Users/uab910/dev/nnam-poc/pyenv/lib/python3.10/site-packages/airflow/example_dags/example_branch_python_dop_operator_3.py
[2023-03-04T16:01:46.253+0100] {logging_mixin.py:137} INFO - [2023-03-04T16:01:46.253+0100] {dag.py:2585} INFO - Sync 1 DAGs
[2023-03-04T16:01:46.273+0100] {logging_mixin.py:137} INFO - [2023-03-04T16:01:46.273+0100] {dag.py:3336} INFO - Setting next_dagrun for example_branch_dop_operator_v3 to 2023-03-04T15:00:00+00:00, run_after=2023-03-04T15:01:00+00:00
[2023-03-04T16:01:46.290+0100] {processor.py:176} INFO - Processing /Users/uab910/dev/nnam-poc/pyenv/lib/python3.10/site-packages/airflow/example_dags/example_branch_python_dop_operator_3.py took 0.285 seconds
[2023-03-04T16:03:19.194+0100] {processor.py:154} INFO - Started process (PID=64344) to work on /Users/uab910/dev/nnam-poc/pyenv/lib/python3.10/site-packages/airflow/example_dags/example_branch_python_dop_operator_3.py
[2023-03-04T16:03:19.199+0100] {processor.py:756} INFO - Processing file /Users/uab910/dev/nnam-poc/pyenv/lib/python3.10/site-packages/airflow/example_dags/example_branch_python_dop_operator_3.py for tasks to queue
[2023-03-04T16:03:19.200+0100] {logging_mixin.py:137} INFO - [2023-03-04T16:03:19.199+0100] {dagbag.py:537} INFO - Filling up the DagBag from /Users/uab910/dev/nnam-poc/pyenv/lib/python3.10/site-packages/airflow/example_dags/example_branch_python_dop_operator_3.py
[2023-03-04T16:03:19.258+0100] {processor.py:766} INFO - DAG(s) dict_keys(['example_branch_dop_operator_v3']) retrieved from /Users/uab910/dev/nnam-poc/pyenv/lib/python3.10/site-packages/airflow/example_dags/example_branch_python_dop_operator_3.py
[2023-03-04T16:03:19.418+0100] {logging_mixin.py:137} INFO - [2023-03-04T16:03:19.418+0100] {dag.py:2585} INFO - Sync 1 DAGs
[2023-03-04T16:03:19.444+0100] {logging_mixin.py:137} INFO - [2023-03-04T16:03:19.444+0100] {dag.py:3336} INFO - Setting next_dagrun for example_branch_dop_operator_v3 to 2023-03-04T15:02:00+00:00, run_after=2023-03-04T15:03:00+00:00
[2023-03-04T16:03:19.462+0100] {processor.py:176} INFO - Processing /Users/uab910/dev/nnam-poc/pyenv/lib/python3.10/site-packages/airflow/example_dags/example_branch_python_dop_operator_3.py took 0.268 seconds
