[2023-03-04T15:59:46.588+0100] {processor.py:154} INFO - Started process (PID=64187) to work on /Users/uab910/dev/nnam-poc/pyenv/lib/python3.10/site-packages/airflow/example_dags/example_python_operator.py
[2023-03-04T15:59:46.594+0100] {processor.py:756} INFO - Processing file /Users/uab910/dev/nnam-poc/pyenv/lib/python3.10/site-packages/airflow/example_dags/example_python_operator.py for tasks to queue
[2023-03-04T15:59:46.594+0100] {logging_mixin.py:137} INFO - [2023-03-04T15:59:46.594+0100] {dagbag.py:537} INFO - Filling up the DagBag from /Users/uab910/dev/nnam-poc/pyenv/lib/python3.10/site-packages/airflow/example_dags/example_python_operator.py
[2023-03-04T15:59:46.649+0100] {logging_mixin.py:137} INFO - [2023-03-04T15:59:46.649+0100] {taskmixin.py:205} WARNING - Dependency <Task(_PythonDecoratedOperator): print_the_context>, log_sql_query already registered for DAG: example_python_operator
[2023-03-04T15:59:46.649+0100] {logging_mixin.py:137} INFO - [2023-03-04T15:59:46.649+0100] {taskmixin.py:205} WARNING - Dependency <Task(_PythonDecoratedOperator): log_sql_query>, print_the_context already registered for DAG: example_python_operator
[2023-03-04T15:59:46.650+0100] {logging_mixin.py:137} INFO - [2023-03-04T15:59:46.650+0100] {taskmixin.py:205} WARNING - Dependency <Task(_PythonDecoratedOperator): print_the_context>, log_sql_query already registered for DAG: example_python_operator
[2023-03-04T15:59:46.650+0100] {logging_mixin.py:137} INFO - [2023-03-04T15:59:46.650+0100] {taskmixin.py:205} WARNING - Dependency <Task(_PythonDecoratedOperator): log_sql_query>, print_the_context already registered for DAG: example_python_operator
[2023-03-04T15:59:46.651+0100] {logging_mixin.py:137} INFO - [2023-03-04T15:59:46.651+0100] {taskmixin.py:205} WARNING - Dependency <Task(_PythonDecoratedOperator): print_the_context>, log_sql_query already registered for DAG: example_python_operator
[2023-03-04T15:59:46.651+0100] {logging_mixin.py:137} INFO - [2023-03-04T15:59:46.651+0100] {taskmixin.py:205} WARNING - Dependency <Task(_PythonDecoratedOperator): log_sql_query>, print_the_context already registered for DAG: example_python_operator
[2023-03-04T15:59:46.651+0100] {logging_mixin.py:137} INFO - [2023-03-04T15:59:46.651+0100] {taskmixin.py:205} WARNING - Dependency <Task(_PythonDecoratedOperator): print_the_context>, log_sql_query already registered for DAG: example_python_operator
[2023-03-04T15:59:46.652+0100] {logging_mixin.py:137} INFO - [2023-03-04T15:59:46.652+0100] {taskmixin.py:205} WARNING - Dependency <Task(_PythonDecoratedOperator): log_sql_query>, print_the_context already registered for DAG: example_python_operator
[2023-03-04T15:59:46.652+0100] {logging_mixin.py:137} INFO - [2023-03-04T15:59:46.652+0100] {example_python_operator.py:85} WARNING - The virtalenv_python example task requires virtualenv, please install it.
[2023-03-04T15:59:46.664+0100] {processor.py:766} INFO - DAG(s) dict_keys(['example_python_operator']) retrieved from /Users/uab910/dev/nnam-poc/pyenv/lib/python3.10/site-packages/airflow/example_dags/example_python_operator.py
[2023-03-04T15:59:46.851+0100] {logging_mixin.py:137} INFO - [2023-03-04T15:59:46.851+0100] {dag.py:2585} INFO - Sync 1 DAGs
[2023-03-04T15:59:46.867+0100] {logging_mixin.py:137} INFO - [2023-03-04T15:59:46.867+0100] {dag.py:3336} INFO - Setting next_dagrun for example_python_operator to None, run_after=None
[2023-03-04T15:59:46.886+0100] {processor.py:176} INFO - Processing /Users/uab910/dev/nnam-poc/pyenv/lib/python3.10/site-packages/airflow/example_dags/example_python_operator.py took 0.298 seconds
[2023-03-04T16:01:04.351+0100] {processor.py:154} INFO - Started process (PID=64241) to work on /Users/uab910/dev/nnam-poc/pyenv/lib/python3.10/site-packages/airflow/example_dags/example_python_operator.py
[2023-03-04T16:01:04.358+0100] {processor.py:756} INFO - Processing file /Users/uab910/dev/nnam-poc/pyenv/lib/python3.10/site-packages/airflow/example_dags/example_python_operator.py for tasks to queue
[2023-03-04T16:01:04.358+0100] {logging_mixin.py:137} INFO - [2023-03-04T16:01:04.358+0100] {dagbag.py:537} INFO - Filling up the DagBag from /Users/uab910/dev/nnam-poc/pyenv/lib/python3.10/site-packages/airflow/example_dags/example_python_operator.py
[2023-03-04T16:01:04.427+0100] {logging_mixin.py:137} INFO - [2023-03-04T16:01:04.426+0100] {taskmixin.py:205} WARNING - Dependency <Task(_PythonDecoratedOperator): print_the_context>, log_sql_query already registered for DAG: example_python_operator
[2023-03-04T16:01:04.427+0100] {logging_mixin.py:137} INFO - [2023-03-04T16:01:04.427+0100] {taskmixin.py:205} WARNING - Dependency <Task(_PythonDecoratedOperator): log_sql_query>, print_the_context already registered for DAG: example_python_operator
[2023-03-04T16:01:04.428+0100] {logging_mixin.py:137} INFO - [2023-03-04T16:01:04.428+0100] {taskmixin.py:205} WARNING - Dependency <Task(_PythonDecoratedOperator): print_the_context>, log_sql_query already registered for DAG: example_python_operator
[2023-03-04T16:01:04.428+0100] {logging_mixin.py:137} INFO - [2023-03-04T16:01:04.428+0100] {taskmixin.py:205} WARNING - Dependency <Task(_PythonDecoratedOperator): log_sql_query>, print_the_context already registered for DAG: example_python_operator
[2023-03-04T16:01:04.429+0100] {logging_mixin.py:137} INFO - [2023-03-04T16:01:04.429+0100] {taskmixin.py:205} WARNING - Dependency <Task(_PythonDecoratedOperator): print_the_context>, log_sql_query already registered for DAG: example_python_operator
[2023-03-04T16:01:04.429+0100] {logging_mixin.py:137} INFO - [2023-03-04T16:01:04.429+0100] {taskmixin.py:205} WARNING - Dependency <Task(_PythonDecoratedOperator): log_sql_query>, print_the_context already registered for DAG: example_python_operator
[2023-03-04T16:01:04.430+0100] {logging_mixin.py:137} INFO - [2023-03-04T16:01:04.430+0100] {taskmixin.py:205} WARNING - Dependency <Task(_PythonDecoratedOperator): print_the_context>, log_sql_query already registered for DAG: example_python_operator
[2023-03-04T16:01:04.430+0100] {logging_mixin.py:137} INFO - [2023-03-04T16:01:04.430+0100] {taskmixin.py:205} WARNING - Dependency <Task(_PythonDecoratedOperator): log_sql_query>, print_the_context already registered for DAG: example_python_operator
[2023-03-04T16:01:04.431+0100] {logging_mixin.py:137} INFO - [2023-03-04T16:01:04.430+0100] {example_python_operator.py:85} WARNING - The virtalenv_python example task requires virtualenv, please install it.
[2023-03-04T16:01:04.445+0100] {processor.py:766} INFO - DAG(s) dict_keys(['example_python_operator']) retrieved from /Users/uab910/dev/nnam-poc/pyenv/lib/python3.10/site-packages/airflow/example_dags/example_python_operator.py
[2023-03-04T16:01:04.623+0100] {logging_mixin.py:137} INFO - [2023-03-04T16:01:04.623+0100] {dag.py:2585} INFO - Sync 1 DAGs
[2023-03-04T16:01:04.636+0100] {logging_mixin.py:137} INFO - [2023-03-04T16:01:04.636+0100] {dag.py:3336} INFO - Setting next_dagrun for example_python_operator to None, run_after=None
[2023-03-04T16:01:04.649+0100] {processor.py:176} INFO - Processing /Users/uab910/dev/nnam-poc/pyenv/lib/python3.10/site-packages/airflow/example_dags/example_python_operator.py took 0.300 seconds
[2023-03-04T16:02:36.535+0100] {processor.py:154} INFO - Started process (PID=64305) to work on /Users/uab910/dev/nnam-poc/pyenv/lib/python3.10/site-packages/airflow/example_dags/example_python_operator.py
[2023-03-04T16:02:36.541+0100] {processor.py:756} INFO - Processing file /Users/uab910/dev/nnam-poc/pyenv/lib/python3.10/site-packages/airflow/example_dags/example_python_operator.py for tasks to queue
[2023-03-04T16:02:36.541+0100] {logging_mixin.py:137} INFO - [2023-03-04T16:02:36.541+0100] {dagbag.py:537} INFO - Filling up the DagBag from /Users/uab910/dev/nnam-poc/pyenv/lib/python3.10/site-packages/airflow/example_dags/example_python_operator.py
[2023-03-04T16:02:36.588+0100] {logging_mixin.py:137} INFO - [2023-03-04T16:02:36.588+0100] {taskmixin.py:205} WARNING - Dependency <Task(_PythonDecoratedOperator): print_the_context>, log_sql_query already registered for DAG: example_python_operator
[2023-03-04T16:02:36.588+0100] {logging_mixin.py:137} INFO - [2023-03-04T16:02:36.588+0100] {taskmixin.py:205} WARNING - Dependency <Task(_PythonDecoratedOperator): log_sql_query>, print_the_context already registered for DAG: example_python_operator
[2023-03-04T16:02:36.589+0100] {logging_mixin.py:137} INFO - [2023-03-04T16:02:36.589+0100] {taskmixin.py:205} WARNING - Dependency <Task(_PythonDecoratedOperator): print_the_context>, log_sql_query already registered for DAG: example_python_operator
[2023-03-04T16:02:36.589+0100] {logging_mixin.py:137} INFO - [2023-03-04T16:02:36.589+0100] {taskmixin.py:205} WARNING - Dependency <Task(_PythonDecoratedOperator): log_sql_query>, print_the_context already registered for DAG: example_python_operator
[2023-03-04T16:02:36.590+0100] {logging_mixin.py:137} INFO - [2023-03-04T16:02:36.590+0100] {taskmixin.py:205} WARNING - Dependency <Task(_PythonDecoratedOperator): print_the_context>, log_sql_query already registered for DAG: example_python_operator
[2023-03-04T16:02:36.590+0100] {logging_mixin.py:137} INFO - [2023-03-04T16:02:36.590+0100] {taskmixin.py:205} WARNING - Dependency <Task(_PythonDecoratedOperator): log_sql_query>, print_the_context already registered for DAG: example_python_operator
[2023-03-04T16:02:36.591+0100] {logging_mixin.py:137} INFO - [2023-03-04T16:02:36.591+0100] {taskmixin.py:205} WARNING - Dependency <Task(_PythonDecoratedOperator): print_the_context>, log_sql_query already registered for DAG: example_python_operator
[2023-03-04T16:02:36.591+0100] {logging_mixin.py:137} INFO - [2023-03-04T16:02:36.591+0100] {taskmixin.py:205} WARNING - Dependency <Task(_PythonDecoratedOperator): log_sql_query>, print_the_context already registered for DAG: example_python_operator
[2023-03-04T16:02:36.592+0100] {logging_mixin.py:137} INFO - [2023-03-04T16:02:36.591+0100] {example_python_operator.py:85} WARNING - The virtalenv_python example task requires virtualenv, please install it.
[2023-03-04T16:02:36.606+0100] {processor.py:766} INFO - DAG(s) dict_keys(['example_python_operator']) retrieved from /Users/uab910/dev/nnam-poc/pyenv/lib/python3.10/site-packages/airflow/example_dags/example_python_operator.py
[2023-03-04T16:02:36.759+0100] {logging_mixin.py:137} INFO - [2023-03-04T16:02:36.759+0100] {dag.py:2585} INFO - Sync 1 DAGs
[2023-03-04T16:02:36.772+0100] {logging_mixin.py:137} INFO - [2023-03-04T16:02:36.771+0100] {dag.py:3336} INFO - Setting next_dagrun for example_python_operator to None, run_after=None
[2023-03-04T16:02:36.785+0100] {processor.py:176} INFO - Processing /Users/uab910/dev/nnam-poc/pyenv/lib/python3.10/site-packages/airflow/example_dags/example_python_operator.py took 0.251 seconds
[2023-03-04T16:04:07.968+0100] {processor.py:154} INFO - Started process (PID=64382) to work on /Users/uab910/dev/nnam-poc/pyenv/lib/python3.10/site-packages/airflow/example_dags/example_python_operator.py
[2023-03-04T16:04:07.973+0100] {processor.py:756} INFO - Processing file /Users/uab910/dev/nnam-poc/pyenv/lib/python3.10/site-packages/airflow/example_dags/example_python_operator.py for tasks to queue
[2023-03-04T16:04:07.974+0100] {logging_mixin.py:137} INFO - [2023-03-04T16:04:07.974+0100] {dagbag.py:537} INFO - Filling up the DagBag from /Users/uab910/dev/nnam-poc/pyenv/lib/python3.10/site-packages/airflow/example_dags/example_python_operator.py
[2023-03-04T16:04:08.020+0100] {logging_mixin.py:137} INFO - [2023-03-04T16:04:08.020+0100] {taskmixin.py:205} WARNING - Dependency <Task(_PythonDecoratedOperator): print_the_context>, log_sql_query already registered for DAG: example_python_operator
[2023-03-04T16:04:08.020+0100] {logging_mixin.py:137} INFO - [2023-03-04T16:04:08.020+0100] {taskmixin.py:205} WARNING - Dependency <Task(_PythonDecoratedOperator): log_sql_query>, print_the_context already registered for DAG: example_python_operator
[2023-03-04T16:04:08.021+0100] {logging_mixin.py:137} INFO - [2023-03-04T16:04:08.021+0100] {taskmixin.py:205} WARNING - Dependency <Task(_PythonDecoratedOperator): print_the_context>, log_sql_query already registered for DAG: example_python_operator
[2023-03-04T16:04:08.021+0100] {logging_mixin.py:137} INFO - [2023-03-04T16:04:08.021+0100] {taskmixin.py:205} WARNING - Dependency <Task(_PythonDecoratedOperator): log_sql_query>, print_the_context already registered for DAG: example_python_operator
[2023-03-04T16:04:08.021+0100] {logging_mixin.py:137} INFO - [2023-03-04T16:04:08.021+0100] {taskmixin.py:205} WARNING - Dependency <Task(_PythonDecoratedOperator): print_the_context>, log_sql_query already registered for DAG: example_python_operator
[2023-03-04T16:04:08.022+0100] {logging_mixin.py:137} INFO - [2023-03-04T16:04:08.022+0100] {taskmixin.py:205} WARNING - Dependency <Task(_PythonDecoratedOperator): log_sql_query>, print_the_context already registered for DAG: example_python_operator
[2023-03-04T16:04:08.022+0100] {logging_mixin.py:137} INFO - [2023-03-04T16:04:08.022+0100] {taskmixin.py:205} WARNING - Dependency <Task(_PythonDecoratedOperator): print_the_context>, log_sql_query already registered for DAG: example_python_operator
[2023-03-04T16:04:08.022+0100] {logging_mixin.py:137} INFO - [2023-03-04T16:04:08.022+0100] {taskmixin.py:205} WARNING - Dependency <Task(_PythonDecoratedOperator): log_sql_query>, print_the_context already registered for DAG: example_python_operator
[2023-03-04T16:04:08.023+0100] {logging_mixin.py:137} INFO - [2023-03-04T16:04:08.022+0100] {example_python_operator.py:85} WARNING - The virtalenv_python example task requires virtualenv, please install it.
[2023-03-04T16:04:08.033+0100] {processor.py:766} INFO - DAG(s) dict_keys(['example_python_operator']) retrieved from /Users/uab910/dev/nnam-poc/pyenv/lib/python3.10/site-packages/airflow/example_dags/example_python_operator.py
[2023-03-04T16:04:08.183+0100] {logging_mixin.py:137} INFO - [2023-03-04T16:04:08.183+0100] {dag.py:2585} INFO - Sync 1 DAGs
[2023-03-04T16:04:08.196+0100] {logging_mixin.py:137} INFO - [2023-03-04T16:04:08.196+0100] {dag.py:3336} INFO - Setting next_dagrun for example_python_operator to None, run_after=None
[2023-03-04T16:04:08.212+0100] {processor.py:176} INFO - Processing /Users/uab910/dev/nnam-poc/pyenv/lib/python3.10/site-packages/airflow/example_dags/example_python_operator.py took 0.245 seconds
