[2023-03-04T16:00:23.371+0100] {processor.py:154} INFO - Started process (PID=64212) to work on /Users/uab910/dev/nnam-poc/pyenv/lib/python3.10/site-packages/airflow/example_dags/example_branch_datetime_operator.py
[2023-03-04T16:00:23.376+0100] {processor.py:756} INFO - Processing file /Users/uab910/dev/nnam-poc/pyenv/lib/python3.10/site-packages/airflow/example_dags/example_branch_datetime_operator.py for tasks to queue
[2023-03-04T16:00:23.376+0100] {logging_mixin.py:137} INFO - [2023-03-04T16:00:23.376+0100] {dagbag.py:537} INFO - Filling up the DagBag from /Users/uab910/dev/nnam-poc/pyenv/lib/python3.10/site-packages/airflow/example_dags/example_branch_datetime_operator.py
[2023-03-04T16:00:23.415+0100] {processor.py:766} INFO - DAG(s) dict_keys(['example_branch_datetime_operator_3', 'example_branch_datetime_operator_2', 'example_branch_datetime_operator']) retrieved from /Users/uab910/dev/nnam-poc/pyenv/lib/python3.10/site-packages/airflow/example_dags/example_branch_datetime_operator.py
[2023-03-04T16:00:23.617+0100] {logging_mixin.py:137} INFO - [2023-03-04T16:00:23.617+0100] {dag.py:2585} INFO - Sync 3 DAGs
[2023-03-04T16:00:23.635+0100] {logging_mixin.py:137} INFO - [2023-03-04T16:00:23.635+0100] {dag.py:3336} INFO - Setting next_dagrun for example_branch_datetime_operator to 2023-03-03T00:00:00+00:00, run_after=2023-03-04T00:00:00+00:00
[2023-03-04T16:00:23.638+0100] {logging_mixin.py:137} INFO - [2023-03-04T16:00:23.638+0100] {dag.py:3336} INFO - Setting next_dagrun for example_branch_datetime_operator_2 to 2023-03-03T00:00:00+00:00, run_after=2023-03-04T00:00:00+00:00
[2023-03-04T16:00:23.641+0100] {logging_mixin.py:137} INFO - [2023-03-04T16:00:23.640+0100] {dag.py:3336} INFO - Setting next_dagrun for example_branch_datetime_operator_3 to 2023-03-03T00:00:00+00:00, run_after=2023-03-04T00:00:00+00:00
[2023-03-04T16:00:23.656+0100] {processor.py:176} INFO - Processing /Users/uab910/dev/nnam-poc/pyenv/lib/python3.10/site-packages/airflow/example_dags/example_branch_datetime_operator.py took 0.286 seconds
[2023-03-04T16:01:56.045+0100] {processor.py:154} INFO - Started process (PID=64269) to work on /Users/uab910/dev/nnam-poc/pyenv/lib/python3.10/site-packages/airflow/example_dags/example_branch_datetime_operator.py
[2023-03-04T16:01:56.052+0100] {processor.py:756} INFO - Processing file /Users/uab910/dev/nnam-poc/pyenv/lib/python3.10/site-packages/airflow/example_dags/example_branch_datetime_operator.py for tasks to queue
[2023-03-04T16:01:56.052+0100] {logging_mixin.py:137} INFO - [2023-03-04T16:01:56.052+0100] {dagbag.py:537} INFO - Filling up the DagBag from /Users/uab910/dev/nnam-poc/pyenv/lib/python3.10/site-packages/airflow/example_dags/example_branch_datetime_operator.py
[2023-03-04T16:01:56.091+0100] {processor.py:766} INFO - DAG(s) dict_keys(['example_branch_datetime_operator_3', 'example_branch_datetime_operator', 'example_branch_datetime_operator_2']) retrieved from /Users/uab910/dev/nnam-poc/pyenv/lib/python3.10/site-packages/airflow/example_dags/example_branch_datetime_operator.py
[2023-03-04T16:01:56.295+0100] {logging_mixin.py:137} INFO - [2023-03-04T16:01:56.295+0100] {dag.py:2585} INFO - Sync 3 DAGs
[2023-03-04T16:01:56.313+0100] {logging_mixin.py:137} INFO - [2023-03-04T16:01:56.313+0100] {dag.py:3336} INFO - Setting next_dagrun for example_branch_datetime_operator to 2023-03-03T00:00:00+00:00, run_after=2023-03-04T00:00:00+00:00
[2023-03-04T16:01:56.317+0100] {logging_mixin.py:137} INFO - [2023-03-04T16:01:56.317+0100] {dag.py:3336} INFO - Setting next_dagrun for example_branch_datetime_operator_2 to 2023-03-03T00:00:00+00:00, run_after=2023-03-04T00:00:00+00:00
[2023-03-04T16:01:56.319+0100] {logging_mixin.py:137} INFO - [2023-03-04T16:01:56.319+0100] {dag.py:3336} INFO - Setting next_dagrun for example_branch_datetime_operator_3 to 2023-03-03T00:00:00+00:00, run_after=2023-03-04T00:00:00+00:00
[2023-03-04T16:01:56.334+0100] {processor.py:176} INFO - Processing /Users/uab910/dev/nnam-poc/pyenv/lib/python3.10/site-packages/airflow/example_dags/example_branch_datetime_operator.py took 0.290 seconds
[2023-03-04T16:03:29.250+0100] {processor.py:154} INFO - Started process (PID=64354) to work on /Users/uab910/dev/nnam-poc/pyenv/lib/python3.10/site-packages/airflow/example_dags/example_branch_datetime_operator.py
[2023-03-04T16:03:29.256+0100] {processor.py:756} INFO - Processing file /Users/uab910/dev/nnam-poc/pyenv/lib/python3.10/site-packages/airflow/example_dags/example_branch_datetime_operator.py for tasks to queue
[2023-03-04T16:03:29.257+0100] {logging_mixin.py:137} INFO - [2023-03-04T16:03:29.257+0100] {dagbag.py:537} INFO - Filling up the DagBag from /Users/uab910/dev/nnam-poc/pyenv/lib/python3.10/site-packages/airflow/example_dags/example_branch_datetime_operator.py
[2023-03-04T16:03:29.299+0100] {processor.py:766} INFO - DAG(s) dict_keys(['example_branch_datetime_operator', 'example_branch_datetime_operator_3', 'example_branch_datetime_operator_2']) retrieved from /Users/uab910/dev/nnam-poc/pyenv/lib/python3.10/site-packages/airflow/example_dags/example_branch_datetime_operator.py
[2023-03-04T16:03:29.465+0100] {logging_mixin.py:137} INFO - [2023-03-04T16:03:29.465+0100] {dag.py:2585} INFO - Sync 3 DAGs
[2023-03-04T16:03:29.479+0100] {logging_mixin.py:137} INFO - [2023-03-04T16:03:29.479+0100] {dag.py:3336} INFO - Setting next_dagrun for example_branch_datetime_operator to 2023-03-03T00:00:00+00:00, run_after=2023-03-04T00:00:00+00:00
[2023-03-04T16:03:29.481+0100] {logging_mixin.py:137} INFO - [2023-03-04T16:03:29.481+0100] {dag.py:3336} INFO - Setting next_dagrun for example_branch_datetime_operator_2 to 2023-03-03T00:00:00+00:00, run_after=2023-03-04T00:00:00+00:00
[2023-03-04T16:03:29.483+0100] {logging_mixin.py:137} INFO - [2023-03-04T16:03:29.483+0100] {dag.py:3336} INFO - Setting next_dagrun for example_branch_datetime_operator_3 to 2023-03-03T00:00:00+00:00, run_after=2023-03-04T00:00:00+00:00
[2023-03-04T16:03:29.496+0100] {processor.py:176} INFO - Processing /Users/uab910/dev/nnam-poc/pyenv/lib/python3.10/site-packages/airflow/example_dags/example_branch_datetime_operator.py took 0.247 seconds
