[2023-03-04T16:00:19.469+0100] {processor.py:154} INFO - Started process (PID=64210) to work on /Users/uab910/dev/nnam-poc/pyenv/lib/python3.10/site-packages/airflow/example_dags/example_branch_labels.py
[2023-03-04T16:00:19.474+0100] {processor.py:756} INFO - Processing file /Users/uab910/dev/nnam-poc/pyenv/lib/python3.10/site-packages/airflow/example_dags/example_branch_labels.py for tasks to queue
[2023-03-04T16:00:19.474+0100] {logging_mixin.py:137} INFO - [2023-03-04T16:00:19.474+0100] {dagbag.py:537} INFO - Filling up the DagBag from /Users/uab910/dev/nnam-poc/pyenv/lib/python3.10/site-packages/airflow/example_dags/example_branch_labels.py
[2023-03-04T16:00:19.505+0100] {processor.py:766} INFO - DAG(s) dict_keys(['example_branch_labels']) retrieved from /Users/uab910/dev/nnam-poc/pyenv/lib/python3.10/site-packages/airflow/example_dags/example_branch_labels.py
[2023-03-04T16:00:19.671+0100] {logging_mixin.py:137} INFO - [2023-03-04T16:00:19.671+0100] {dag.py:2585} INFO - Sync 1 DAGs
[2023-03-04T16:00:19.685+0100] {logging_mixin.py:137} INFO - [2023-03-04T16:00:19.685+0100] {dag.py:3336} INFO - Setting next_dagrun for example_branch_labels to 2023-03-03T00:00:00+00:00, run_after=2023-03-04T00:00:00+00:00
[2023-03-04T16:00:19.699+0100] {processor.py:176} INFO - Processing /Users/uab910/dev/nnam-poc/pyenv/lib/python3.10/site-packages/airflow/example_dags/example_branch_labels.py took 0.230 seconds
[2023-03-04T16:01:51.671+0100] {processor.py:154} INFO - Started process (PID=64267) to work on /Users/uab910/dev/nnam-poc/pyenv/lib/python3.10/site-packages/airflow/example_dags/example_branch_labels.py
[2023-03-04T16:01:51.677+0100] {processor.py:756} INFO - Processing file /Users/uab910/dev/nnam-poc/pyenv/lib/python3.10/site-packages/airflow/example_dags/example_branch_labels.py for tasks to queue
[2023-03-04T16:01:51.677+0100] {logging_mixin.py:137} INFO - [2023-03-04T16:01:51.677+0100] {dagbag.py:537} INFO - Filling up the DagBag from /Users/uab910/dev/nnam-poc/pyenv/lib/python3.10/site-packages/airflow/example_dags/example_branch_labels.py
[2023-03-04T16:01:51.712+0100] {processor.py:766} INFO - DAG(s) dict_keys(['example_branch_labels']) retrieved from /Users/uab910/dev/nnam-poc/pyenv/lib/python3.10/site-packages/airflow/example_dags/example_branch_labels.py
[2023-03-04T16:01:51.922+0100] {logging_mixin.py:137} INFO - [2023-03-04T16:01:51.922+0100] {dag.py:2585} INFO - Sync 1 DAGs
[2023-03-04T16:01:51.940+0100] {logging_mixin.py:137} INFO - [2023-03-04T16:01:51.940+0100] {dag.py:3336} INFO - Setting next_dagrun for example_branch_labels to 2023-03-03T00:00:00+00:00, run_after=2023-03-04T00:00:00+00:00
[2023-03-04T16:01:51.959+0100] {processor.py:176} INFO - Processing /Users/uab910/dev/nnam-poc/pyenv/lib/python3.10/site-packages/airflow/example_dags/example_branch_labels.py took 0.289 seconds
[2023-03-04T16:03:25.197+0100] {processor.py:154} INFO - Started process (PID=64352) to work on /Users/uab910/dev/nnam-poc/pyenv/lib/python3.10/site-packages/airflow/example_dags/example_branch_labels.py
[2023-03-04T16:03:25.202+0100] {processor.py:756} INFO - Processing file /Users/uab910/dev/nnam-poc/pyenv/lib/python3.10/site-packages/airflow/example_dags/example_branch_labels.py for tasks to queue
[2023-03-04T16:03:25.203+0100] {logging_mixin.py:137} INFO - [2023-03-04T16:03:25.203+0100] {dagbag.py:537} INFO - Filling up the DagBag from /Users/uab910/dev/nnam-poc/pyenv/lib/python3.10/site-packages/airflow/example_dags/example_branch_labels.py
[2023-03-04T16:03:25.236+0100] {processor.py:766} INFO - DAG(s) dict_keys(['example_branch_labels']) retrieved from /Users/uab910/dev/nnam-poc/pyenv/lib/python3.10/site-packages/airflow/example_dags/example_branch_labels.py
[2023-03-04T16:03:25.403+0100] {logging_mixin.py:137} INFO - [2023-03-04T16:03:25.403+0100] {dag.py:2585} INFO - Sync 1 DAGs
[2023-03-04T16:03:25.417+0100] {logging_mixin.py:137} INFO - [2023-03-04T16:03:25.416+0100] {dag.py:3336} INFO - Setting next_dagrun for example_branch_labels to 2023-03-03T00:00:00+00:00, run_after=2023-03-04T00:00:00+00:00
[2023-03-04T16:03:25.432+0100] {processor.py:176} INFO - Processing /Users/uab910/dev/nnam-poc/pyenv/lib/python3.10/site-packages/airflow/example_dags/example_branch_labels.py took 0.236 seconds
