[2023-03-04T16:00:21.180+0100] {processor.py:154} INFO - Started process (PID=64211) to work on /Users/uab910/dev/nnam-poc/pyenv/lib/python3.10/site-packages/airflow/example_dags/example_branch_day_of_week_operator.py
[2023-03-04T16:00:21.185+0100] {processor.py:756} INFO - Processing file /Users/uab910/dev/nnam-poc/pyenv/lib/python3.10/site-packages/airflow/example_dags/example_branch_day_of_week_operator.py for tasks to queue
[2023-03-04T16:00:21.185+0100] {logging_mixin.py:137} INFO - [2023-03-04T16:00:21.185+0100] {dagbag.py:537} INFO - Filling up the DagBag from /Users/uab910/dev/nnam-poc/pyenv/lib/python3.10/site-packages/airflow/example_dags/example_branch_day_of_week_operator.py
[2023-03-04T16:00:21.224+0100] {processor.py:766} INFO - DAG(s) dict_keys(['example_weekday_branch_operator']) retrieved from /Users/uab910/dev/nnam-poc/pyenv/lib/python3.10/site-packages/airflow/example_dags/example_branch_day_of_week_operator.py
[2023-03-04T16:00:21.395+0100] {logging_mixin.py:137} INFO - [2023-03-04T16:00:21.395+0100] {dag.py:2585} INFO - Sync 1 DAGs
[2023-03-04T16:00:21.408+0100] {logging_mixin.py:137} INFO - [2023-03-04T16:00:21.408+0100] {dag.py:3336} INFO - Setting next_dagrun for example_weekday_branch_operator to 2023-03-03T00:00:00+00:00, run_after=2023-03-04T00:00:00+00:00
[2023-03-04T16:00:21.424+0100] {processor.py:176} INFO - Processing /Users/uab910/dev/nnam-poc/pyenv/lib/python3.10/site-packages/airflow/example_dags/example_branch_day_of_week_operator.py took 0.244 seconds
[2023-03-04T16:01:53.842+0100] {processor.py:154} INFO - Started process (PID=64268) to work on /Users/uab910/dev/nnam-poc/pyenv/lib/python3.10/site-packages/airflow/example_dags/example_branch_day_of_week_operator.py
[2023-03-04T16:01:53.847+0100] {processor.py:756} INFO - Processing file /Users/uab910/dev/nnam-poc/pyenv/lib/python3.10/site-packages/airflow/example_dags/example_branch_day_of_week_operator.py for tasks to queue
[2023-03-04T16:01:53.847+0100] {logging_mixin.py:137} INFO - [2023-03-04T16:01:53.847+0100] {dagbag.py:537} INFO - Filling up the DagBag from /Users/uab910/dev/nnam-poc/pyenv/lib/python3.10/site-packages/airflow/example_dags/example_branch_day_of_week_operator.py
[2023-03-04T16:01:53.882+0100] {processor.py:766} INFO - DAG(s) dict_keys(['example_weekday_branch_operator']) retrieved from /Users/uab910/dev/nnam-poc/pyenv/lib/python3.10/site-packages/airflow/example_dags/example_branch_day_of_week_operator.py
[2023-03-04T16:01:54.042+0100] {logging_mixin.py:137} INFO - [2023-03-04T16:01:54.042+0100] {dag.py:2585} INFO - Sync 1 DAGs
[2023-03-04T16:01:54.055+0100] {logging_mixin.py:137} INFO - [2023-03-04T16:01:54.055+0100] {dag.py:3336} INFO - Setting next_dagrun for example_weekday_branch_operator to 2023-03-03T00:00:00+00:00, run_after=2023-03-04T00:00:00+00:00
[2023-03-04T16:01:54.069+0100] {processor.py:176} INFO - Processing /Users/uab910/dev/nnam-poc/pyenv/lib/python3.10/site-packages/airflow/example_dags/example_branch_day_of_week_operator.py took 0.228 seconds
[2023-03-04T16:03:27.078+0100] {processor.py:154} INFO - Started process (PID=64353) to work on /Users/uab910/dev/nnam-poc/pyenv/lib/python3.10/site-packages/airflow/example_dags/example_branch_day_of_week_operator.py
[2023-03-04T16:03:27.083+0100] {processor.py:756} INFO - Processing file /Users/uab910/dev/nnam-poc/pyenv/lib/python3.10/site-packages/airflow/example_dags/example_branch_day_of_week_operator.py for tasks to queue
[2023-03-04T16:03:27.084+0100] {logging_mixin.py:137} INFO - [2023-03-04T16:03:27.084+0100] {dagbag.py:537} INFO - Filling up the DagBag from /Users/uab910/dev/nnam-poc/pyenv/lib/python3.10/site-packages/airflow/example_dags/example_branch_day_of_week_operator.py
[2023-03-04T16:03:27.120+0100] {processor.py:766} INFO - DAG(s) dict_keys(['example_weekday_branch_operator']) retrieved from /Users/uab910/dev/nnam-poc/pyenv/lib/python3.10/site-packages/airflow/example_dags/example_branch_day_of_week_operator.py
[2023-03-04T16:03:27.281+0100] {logging_mixin.py:137} INFO - [2023-03-04T16:03:27.280+0100] {dag.py:2585} INFO - Sync 1 DAGs
[2023-03-04T16:03:27.294+0100] {logging_mixin.py:137} INFO - [2023-03-04T16:03:27.294+0100] {dag.py:3336} INFO - Setting next_dagrun for example_weekday_branch_operator to 2023-03-03T00:00:00+00:00, run_after=2023-03-04T00:00:00+00:00
[2023-03-04T16:03:27.308+0100] {processor.py:176} INFO - Processing /Users/uab910/dev/nnam-poc/pyenv/lib/python3.10/site-packages/airflow/example_dags/example_branch_day_of_week_operator.py took 0.231 seconds
