[2023-03-04T15:59:50.643+0100] {processor.py:154} INFO - Started process (PID=64189) to work on /Users/uab910/dev/nnam-poc/pyenv/lib/python3.10/site-packages/airflow/example_dags/example_nested_branch_dag.py
[2023-03-04T15:59:50.648+0100] {processor.py:756} INFO - Processing file /Users/uab910/dev/nnam-poc/pyenv/lib/python3.10/site-packages/airflow/example_dags/example_nested_branch_dag.py for tasks to queue
[2023-03-04T15:59:50.649+0100] {logging_mixin.py:137} INFO - [2023-03-04T15:59:50.648+0100] {dagbag.py:537} INFO - Filling up the DagBag from /Users/uab910/dev/nnam-poc/pyenv/lib/python3.10/site-packages/airflow/example_dags/example_nested_branch_dag.py
[2023-03-04T15:59:50.708+0100] {processor.py:766} INFO - DAG(s) dict_keys(['example_nested_branch_dag']) retrieved from /Users/uab910/dev/nnam-poc/pyenv/lib/python3.10/site-packages/airflow/example_dags/example_nested_branch_dag.py
[2023-03-04T15:59:50.864+0100] {logging_mixin.py:137} INFO - [2023-03-04T15:59:50.864+0100] {dag.py:2585} INFO - Sync 1 DAGs
[2023-03-04T15:59:50.877+0100] {logging_mixin.py:137} INFO - [2023-03-04T15:59:50.877+0100] {dag.py:3336} INFO - Setting next_dagrun for example_nested_branch_dag to 2023-03-03T00:00:00+00:00, run_after=2023-03-04T00:00:00+00:00
[2023-03-04T15:59:50.892+0100] {processor.py:176} INFO - Processing /Users/uab910/dev/nnam-poc/pyenv/lib/python3.10/site-packages/airflow/example_dags/example_nested_branch_dag.py took 0.250 seconds
[2023-03-04T16:01:08.783+0100] {processor.py:154} INFO - Started process (PID=64243) to work on /Users/uab910/dev/nnam-poc/pyenv/lib/python3.10/site-packages/airflow/example_dags/example_nested_branch_dag.py
[2023-03-04T16:01:08.789+0100] {processor.py:756} INFO - Processing file /Users/uab910/dev/nnam-poc/pyenv/lib/python3.10/site-packages/airflow/example_dags/example_nested_branch_dag.py for tasks to queue
[2023-03-04T16:01:08.789+0100] {logging_mixin.py:137} INFO - [2023-03-04T16:01:08.789+0100] {dagbag.py:537} INFO - Filling up the DagBag from /Users/uab910/dev/nnam-poc/pyenv/lib/python3.10/site-packages/airflow/example_dags/example_nested_branch_dag.py
[2023-03-04T16:01:08.853+0100] {processor.py:766} INFO - DAG(s) dict_keys(['example_nested_branch_dag']) retrieved from /Users/uab910/dev/nnam-poc/pyenv/lib/python3.10/site-packages/airflow/example_dags/example_nested_branch_dag.py
[2023-03-04T16:01:09.033+0100] {logging_mixin.py:137} INFO - [2023-03-04T16:01:09.033+0100] {dag.py:2585} INFO - Sync 1 DAGs
[2023-03-04T16:01:09.049+0100] {logging_mixin.py:137} INFO - [2023-03-04T16:01:09.049+0100] {dag.py:3336} INFO - Setting next_dagrun for example_nested_branch_dag to 2023-03-03T00:00:00+00:00, run_after=2023-03-04T00:00:00+00:00
[2023-03-04T16:01:09.066+0100] {processor.py:176} INFO - Processing /Users/uab910/dev/nnam-poc/pyenv/lib/python3.10/site-packages/airflow/example_dags/example_nested_branch_dag.py took 0.284 seconds
[2023-03-04T16:02:40.898+0100] {processor.py:154} INFO - Started process (PID=64307) to work on /Users/uab910/dev/nnam-poc/pyenv/lib/python3.10/site-packages/airflow/example_dags/example_nested_branch_dag.py
[2023-03-04T16:02:40.904+0100] {processor.py:756} INFO - Processing file /Users/uab910/dev/nnam-poc/pyenv/lib/python3.10/site-packages/airflow/example_dags/example_nested_branch_dag.py for tasks to queue
[2023-03-04T16:02:40.904+0100] {logging_mixin.py:137} INFO - [2023-03-04T16:02:40.904+0100] {dagbag.py:537} INFO - Filling up the DagBag from /Users/uab910/dev/nnam-poc/pyenv/lib/python3.10/site-packages/airflow/example_dags/example_nested_branch_dag.py
[2023-03-04T16:02:40.961+0100] {processor.py:766} INFO - DAG(s) dict_keys(['example_nested_branch_dag']) retrieved from /Users/uab910/dev/nnam-poc/pyenv/lib/python3.10/site-packages/airflow/example_dags/example_nested_branch_dag.py
[2023-03-04T16:02:41.117+0100] {logging_mixin.py:137} INFO - [2023-03-04T16:02:41.117+0100] {dag.py:2585} INFO - Sync 1 DAGs
[2023-03-04T16:02:41.131+0100] {logging_mixin.py:137} INFO - [2023-03-04T16:02:41.130+0100] {dag.py:3336} INFO - Setting next_dagrun for example_nested_branch_dag to 2023-03-03T00:00:00+00:00, run_after=2023-03-04T00:00:00+00:00
[2023-03-04T16:02:41.145+0100] {processor.py:176} INFO - Processing /Users/uab910/dev/nnam-poc/pyenv/lib/python3.10/site-packages/airflow/example_dags/example_nested_branch_dag.py took 0.247 seconds
[2023-03-04T16:04:12.452+0100] {processor.py:154} INFO - Started process (PID=64386) to work on /Users/uab910/dev/nnam-poc/pyenv/lib/python3.10/site-packages/airflow/example_dags/example_nested_branch_dag.py
[2023-03-04T16:04:12.457+0100] {processor.py:756} INFO - Processing file /Users/uab910/dev/nnam-poc/pyenv/lib/python3.10/site-packages/airflow/example_dags/example_nested_branch_dag.py for tasks to queue
[2023-03-04T16:04:12.458+0100] {logging_mixin.py:137} INFO - [2023-03-04T16:04:12.458+0100] {dagbag.py:537} INFO - Filling up the DagBag from /Users/uab910/dev/nnam-poc/pyenv/lib/python3.10/site-packages/airflow/example_dags/example_nested_branch_dag.py
[2023-03-04T16:04:12.518+0100] {processor.py:766} INFO - DAG(s) dict_keys(['example_nested_branch_dag']) retrieved from /Users/uab910/dev/nnam-poc/pyenv/lib/python3.10/site-packages/airflow/example_dags/example_nested_branch_dag.py
[2023-03-04T16:04:12.677+0100] {logging_mixin.py:137} INFO - [2023-03-04T16:04:12.677+0100] {dag.py:2585} INFO - Sync 1 DAGs
[2023-03-04T16:04:12.690+0100] {logging_mixin.py:137} INFO - [2023-03-04T16:04:12.690+0100] {dag.py:3336} INFO - Setting next_dagrun for example_nested_branch_dag to 2023-03-03T00:00:00+00:00, run_after=2023-03-04T00:00:00+00:00
[2023-03-04T16:04:12.705+0100] {processor.py:176} INFO - Processing /Users/uab910/dev/nnam-poc/pyenv/lib/python3.10/site-packages/airflow/example_dags/example_nested_branch_dag.py took 0.254 seconds
