[2023-03-04T15:59:44.292+0100] {processor.py:154} INFO - Started process (PID=64186) to work on /Users/uab910/dev/nnam-poc/pyenv/lib/python3.10/site-packages/airflow/example_dags/example_short_circuit_decorator.py
[2023-03-04T15:59:44.298+0100] {processor.py:756} INFO - Processing file /Users/uab910/dev/nnam-poc/pyenv/lib/python3.10/site-packages/airflow/example_dags/example_short_circuit_decorator.py for tasks to queue
[2023-03-04T15:59:44.299+0100] {logging_mixin.py:137} INFO - [2023-03-04T15:59:44.299+0100] {dagbag.py:537} INFO - Filling up the DagBag from /Users/uab910/dev/nnam-poc/pyenv/lib/python3.10/site-packages/airflow/example_dags/example_short_circuit_decorator.py
[2023-03-04T15:59:44.367+0100] {processor.py:766} INFO - DAG(s) dict_keys(['example_short_circuit_decorator']) retrieved from /Users/uab910/dev/nnam-poc/pyenv/lib/python3.10/site-packages/airflow/example_dags/example_short_circuit_decorator.py
[2023-03-04T15:59:44.560+0100] {logging_mixin.py:137} INFO - [2023-03-04T15:59:44.560+0100] {dag.py:2585} INFO - Sync 1 DAGs
[2023-03-04T15:59:44.576+0100] {logging_mixin.py:137} INFO - [2023-03-04T15:59:44.576+0100] {dag.py:3336} INFO - Setting next_dagrun for example_short_circuit_decorator to 2023-03-03T14:59:44.576015+00:00, run_after=2023-03-04T14:59:44.576015+00:00
[2023-03-04T15:59:44.591+0100] {processor.py:176} INFO - Processing /Users/uab910/dev/nnam-poc/pyenv/lib/python3.10/site-packages/airflow/example_dags/example_short_circuit_decorator.py took 0.300 seconds
[2023-03-04T16:01:02.419+0100] {processor.py:154} INFO - Started process (PID=64240) to work on /Users/uab910/dev/nnam-poc/pyenv/lib/python3.10/site-packages/airflow/example_dags/example_short_circuit_decorator.py
[2023-03-04T16:01:02.423+0100] {processor.py:756} INFO - Processing file /Users/uab910/dev/nnam-poc/pyenv/lib/python3.10/site-packages/airflow/example_dags/example_short_circuit_decorator.py for tasks to queue
[2023-03-04T16:01:02.424+0100] {logging_mixin.py:137} INFO - [2023-03-04T16:01:02.424+0100] {dagbag.py:537} INFO - Filling up the DagBag from /Users/uab910/dev/nnam-poc/pyenv/lib/python3.10/site-packages/airflow/example_dags/example_short_circuit_decorator.py
[2023-03-04T16:01:02.484+0100] {processor.py:766} INFO - DAG(s) dict_keys(['example_short_circuit_decorator']) retrieved from /Users/uab910/dev/nnam-poc/pyenv/lib/python3.10/site-packages/airflow/example_dags/example_short_circuit_decorator.py
[2023-03-04T16:01:02.642+0100] {logging_mixin.py:137} INFO - [2023-03-04T16:01:02.642+0100] {dag.py:2585} INFO - Sync 1 DAGs
[2023-03-04T16:01:02.655+0100] {logging_mixin.py:137} INFO - [2023-03-04T16:01:02.655+0100] {dag.py:3336} INFO - Setting next_dagrun for example_short_circuit_decorator to 2023-03-03T15:01:02.655350+00:00, run_after=2023-03-04T15:01:02.655350+00:00
[2023-03-04T16:01:02.669+0100] {processor.py:176} INFO - Processing /Users/uab910/dev/nnam-poc/pyenv/lib/python3.10/site-packages/airflow/example_dags/example_short_circuit_decorator.py took 0.251 seconds
[2023-03-04T16:02:34.390+0100] {processor.py:154} INFO - Started process (PID=64304) to work on /Users/uab910/dev/nnam-poc/pyenv/lib/python3.10/site-packages/airflow/example_dags/example_short_circuit_decorator.py
[2023-03-04T16:02:34.396+0100] {processor.py:756} INFO - Processing file /Users/uab910/dev/nnam-poc/pyenv/lib/python3.10/site-packages/airflow/example_dags/example_short_circuit_decorator.py for tasks to queue
[2023-03-04T16:02:34.396+0100] {logging_mixin.py:137} INFO - [2023-03-04T16:02:34.396+0100] {dagbag.py:537} INFO - Filling up the DagBag from /Users/uab910/dev/nnam-poc/pyenv/lib/python3.10/site-packages/airflow/example_dags/example_short_circuit_decorator.py
[2023-03-04T16:02:34.459+0100] {processor.py:766} INFO - DAG(s) dict_keys(['example_short_circuit_decorator']) retrieved from /Users/uab910/dev/nnam-poc/pyenv/lib/python3.10/site-packages/airflow/example_dags/example_short_circuit_decorator.py
[2023-03-04T16:02:34.615+0100] {logging_mixin.py:137} INFO - [2023-03-04T16:02:34.615+0100] {dag.py:2585} INFO - Sync 1 DAGs
[2023-03-04T16:02:34.630+0100] {logging_mixin.py:137} INFO - [2023-03-04T16:02:34.630+0100] {dag.py:3336} INFO - Setting next_dagrun for example_short_circuit_decorator to 2023-03-03T15:02:34.630306+00:00, run_after=2023-03-04T15:02:34.630306+00:00
[2023-03-04T16:02:34.647+0100] {processor.py:176} INFO - Processing /Users/uab910/dev/nnam-poc/pyenv/lib/python3.10/site-packages/airflow/example_dags/example_short_circuit_decorator.py took 0.258 seconds
[2023-03-04T16:04:06.517+0100] {processor.py:154} INFO - Started process (PID=64381) to work on /Users/uab910/dev/nnam-poc/pyenv/lib/python3.10/site-packages/airflow/example_dags/example_short_circuit_decorator.py
[2023-03-04T16:04:06.523+0100] {processor.py:756} INFO - Processing file /Users/uab910/dev/nnam-poc/pyenv/lib/python3.10/site-packages/airflow/example_dags/example_short_circuit_decorator.py for tasks to queue
[2023-03-04T16:04:06.523+0100] {logging_mixin.py:137} INFO - [2023-03-04T16:04:06.523+0100] {dagbag.py:537} INFO - Filling up the DagBag from /Users/uab910/dev/nnam-poc/pyenv/lib/python3.10/site-packages/airflow/example_dags/example_short_circuit_decorator.py
[2023-03-04T16:04:06.580+0100] {processor.py:766} INFO - DAG(s) dict_keys(['example_short_circuit_decorator']) retrieved from /Users/uab910/dev/nnam-poc/pyenv/lib/python3.10/site-packages/airflow/example_dags/example_short_circuit_decorator.py
[2023-03-04T16:04:06.728+0100] {logging_mixin.py:137} INFO - [2023-03-04T16:04:06.728+0100] {dag.py:2585} INFO - Sync 1 DAGs
[2023-03-04T16:04:06.740+0100] {logging_mixin.py:137} INFO - [2023-03-04T16:04:06.740+0100] {dag.py:3336} INFO - Setting next_dagrun for example_short_circuit_decorator to 2023-03-03T15:04:06.740396+00:00, run_after=2023-03-04T15:04:06.740396+00:00
[2023-03-04T16:04:06.754+0100] {processor.py:176} INFO - Processing /Users/uab910/dev/nnam-poc/pyenv/lib/python3.10/site-packages/airflow/example_dags/example_short_circuit_decorator.py took 0.237 seconds
