[2023-03-04T16:00:10.419+0100] {processor.py:154} INFO - Started process (PID=64203) to work on /Users/uab910/dev/nnam-poc/pyenv/lib/python3.10/site-packages/airflow/example_dags/example_complex.py
[2023-03-04T16:00:10.425+0100] {processor.py:756} INFO - Processing file /Users/uab910/dev/nnam-poc/pyenv/lib/python3.10/site-packages/airflow/example_dags/example_complex.py for tasks to queue
[2023-03-04T16:00:10.425+0100] {logging_mixin.py:137} INFO - [2023-03-04T16:00:10.425+0100] {dagbag.py:537} INFO - Filling up the DagBag from /Users/uab910/dev/nnam-poc/pyenv/lib/python3.10/site-packages/airflow/example_dags/example_complex.py
[2023-03-04T16:00:10.452+0100] {logging_mixin.py:137} INFO - [2023-03-04T16:00:10.452+0100] {taskmixin.py:205} WARNING - Dependency <Task(BashOperator): create_entry_group>, delete_entry_group already registered for DAG: example_complex
[2023-03-04T16:00:10.453+0100] {logging_mixin.py:137} INFO - [2023-03-04T16:00:10.453+0100] {taskmixin.py:205} WARNING - Dependency <Task(BashOperator): delete_entry_group>, create_entry_group already registered for DAG: example_complex
[2023-03-04T16:00:10.453+0100] {logging_mixin.py:137} INFO - [2023-03-04T16:00:10.453+0100] {taskmixin.py:205} WARNING - Dependency <Task(BashOperator): create_entry_gcs>, delete_entry already registered for DAG: example_complex
[2023-03-04T16:00:10.453+0100] {logging_mixin.py:137} INFO - [2023-03-04T16:00:10.453+0100] {taskmixin.py:205} WARNING - Dependency <Task(BashOperator): delete_entry>, create_entry_gcs already registered for DAG: example_complex
[2023-03-04T16:00:10.453+0100] {logging_mixin.py:137} INFO - [2023-03-04T16:00:10.453+0100] {taskmixin.py:205} WARNING - Dependency <Task(BashOperator): create_tag>, delete_tag already registered for DAG: example_complex
[2023-03-04T16:00:10.454+0100] {logging_mixin.py:137} INFO - [2023-03-04T16:00:10.453+0100] {taskmixin.py:205} WARNING - Dependency <Task(BashOperator): delete_tag>, create_tag already registered for DAG: example_complex
[2023-03-04T16:00:10.466+0100] {processor.py:766} INFO - DAG(s) dict_keys(['example_complex']) retrieved from /Users/uab910/dev/nnam-poc/pyenv/lib/python3.10/site-packages/airflow/example_dags/example_complex.py
[2023-03-04T16:00:10.646+0100] {logging_mixin.py:137} INFO - [2023-03-04T16:00:10.646+0100] {dag.py:2585} INFO - Sync 1 DAGs
[2023-03-04T16:00:10.661+0100] {logging_mixin.py:137} INFO - [2023-03-04T16:00:10.660+0100] {dag.py:3336} INFO - Setting next_dagrun for example_complex to None, run_after=None
[2023-03-04T16:00:10.676+0100] {processor.py:176} INFO - Processing /Users/uab910/dev/nnam-poc/pyenv/lib/python3.10/site-packages/airflow/example_dags/example_complex.py took 0.258 seconds
[2023-03-04T16:01:43.846+0100] {processor.py:154} INFO - Started process (PID=64263) to work on /Users/uab910/dev/nnam-poc/pyenv/lib/python3.10/site-packages/airflow/example_dags/example_complex.py
[2023-03-04T16:01:43.852+0100] {processor.py:756} INFO - Processing file /Users/uab910/dev/nnam-poc/pyenv/lib/python3.10/site-packages/airflow/example_dags/example_complex.py for tasks to queue
[2023-03-04T16:01:43.852+0100] {logging_mixin.py:137} INFO - [2023-03-04T16:01:43.852+0100] {dagbag.py:537} INFO - Filling up the DagBag from /Users/uab910/dev/nnam-poc/pyenv/lib/python3.10/site-packages/airflow/example_dags/example_complex.py
[2023-03-04T16:01:43.877+0100] {logging_mixin.py:137} INFO - [2023-03-04T16:01:43.877+0100] {taskmixin.py:205} WARNING - Dependency <Task(BashOperator): create_entry_group>, delete_entry_group already registered for DAG: example_complex
[2023-03-04T16:01:43.877+0100] {logging_mixin.py:137} INFO - [2023-03-04T16:01:43.877+0100] {taskmixin.py:205} WARNING - Dependency <Task(BashOperator): delete_entry_group>, create_entry_group already registered for DAG: example_complex
[2023-03-04T16:01:43.877+0100] {logging_mixin.py:137} INFO - [2023-03-04T16:01:43.877+0100] {taskmixin.py:205} WARNING - Dependency <Task(BashOperator): create_entry_gcs>, delete_entry already registered for DAG: example_complex
[2023-03-04T16:01:43.877+0100] {logging_mixin.py:137} INFO - [2023-03-04T16:01:43.877+0100] {taskmixin.py:205} WARNING - Dependency <Task(BashOperator): delete_entry>, create_entry_gcs already registered for DAG: example_complex
[2023-03-04T16:01:43.878+0100] {logging_mixin.py:137} INFO - [2023-03-04T16:01:43.878+0100] {taskmixin.py:205} WARNING - Dependency <Task(BashOperator): create_tag>, delete_tag already registered for DAG: example_complex
[2023-03-04T16:01:43.878+0100] {logging_mixin.py:137} INFO - [2023-03-04T16:01:43.878+0100] {taskmixin.py:205} WARNING - Dependency <Task(BashOperator): delete_tag>, create_tag already registered for DAG: example_complex
[2023-03-04T16:01:43.891+0100] {processor.py:766} INFO - DAG(s) dict_keys(['example_complex']) retrieved from /Users/uab910/dev/nnam-poc/pyenv/lib/python3.10/site-packages/airflow/example_dags/example_complex.py
[2023-03-04T16:01:44.084+0100] {logging_mixin.py:137} INFO - [2023-03-04T16:01:44.083+0100] {dag.py:2585} INFO - Sync 1 DAGs
[2023-03-04T16:01:44.099+0100] {logging_mixin.py:137} INFO - [2023-03-04T16:01:44.099+0100] {dag.py:3336} INFO - Setting next_dagrun for example_complex to None, run_after=None
[2023-03-04T16:01:44.116+0100] {processor.py:176} INFO - Processing /Users/uab910/dev/nnam-poc/pyenv/lib/python3.10/site-packages/airflow/example_dags/example_complex.py took 0.270 seconds
[2023-03-04T16:03:16.941+0100] {processor.py:154} INFO - Started process (PID=64343) to work on /Users/uab910/dev/nnam-poc/pyenv/lib/python3.10/site-packages/airflow/example_dags/example_complex.py
[2023-03-04T16:03:16.947+0100] {processor.py:756} INFO - Processing file /Users/uab910/dev/nnam-poc/pyenv/lib/python3.10/site-packages/airflow/example_dags/example_complex.py for tasks to queue
[2023-03-04T16:03:16.947+0100] {logging_mixin.py:137} INFO - [2023-03-04T16:03:16.947+0100] {dagbag.py:537} INFO - Filling up the DagBag from /Users/uab910/dev/nnam-poc/pyenv/lib/python3.10/site-packages/airflow/example_dags/example_complex.py
[2023-03-04T16:03:16.973+0100] {logging_mixin.py:137} INFO - [2023-03-04T16:03:16.973+0100] {taskmixin.py:205} WARNING - Dependency <Task(BashOperator): create_entry_group>, delete_entry_group already registered for DAG: example_complex
[2023-03-04T16:03:16.973+0100] {logging_mixin.py:137} INFO - [2023-03-04T16:03:16.973+0100] {taskmixin.py:205} WARNING - Dependency <Task(BashOperator): delete_entry_group>, create_entry_group already registered for DAG: example_complex
[2023-03-04T16:03:16.973+0100] {logging_mixin.py:137} INFO - [2023-03-04T16:03:16.973+0100] {taskmixin.py:205} WARNING - Dependency <Task(BashOperator): create_entry_gcs>, delete_entry already registered for DAG: example_complex
[2023-03-04T16:03:16.974+0100] {logging_mixin.py:137} INFO - [2023-03-04T16:03:16.974+0100] {taskmixin.py:205} WARNING - Dependency <Task(BashOperator): delete_entry>, create_entry_gcs already registered for DAG: example_complex
[2023-03-04T16:03:16.974+0100] {logging_mixin.py:137} INFO - [2023-03-04T16:03:16.974+0100] {taskmixin.py:205} WARNING - Dependency <Task(BashOperator): create_tag>, delete_tag already registered for DAG: example_complex
[2023-03-04T16:03:16.974+0100] {logging_mixin.py:137} INFO - [2023-03-04T16:03:16.974+0100] {taskmixin.py:205} WARNING - Dependency <Task(BashOperator): delete_tag>, create_tag already registered for DAG: example_complex
[2023-03-04T16:03:16.988+0100] {processor.py:766} INFO - DAG(s) dict_keys(['example_complex']) retrieved from /Users/uab910/dev/nnam-poc/pyenv/lib/python3.10/site-packages/airflow/example_dags/example_complex.py
[2023-03-04T16:03:17.166+0100] {logging_mixin.py:137} INFO - [2023-03-04T16:03:17.166+0100] {dag.py:2585} INFO - Sync 1 DAGs
[2023-03-04T16:03:17.181+0100] {logging_mixin.py:137} INFO - [2023-03-04T16:03:17.181+0100] {dag.py:3336} INFO - Setting next_dagrun for example_complex to None, run_after=None
[2023-03-04T16:03:17.195+0100] {processor.py:176} INFO - Processing /Users/uab910/dev/nnam-poc/pyenv/lib/python3.10/site-packages/airflow/example_dags/example_complex.py took 0.254 seconds
