[2023-03-04T16:00:00.459+0100] {processor.py:154} INFO - Started process (PID=64194) to work on /Users/uab910/dev/nnam-poc/pyenv/lib/python3.10/site-packages/airflow/example_dags/example_external_task_marker_dag.py
[2023-03-04T16:00:00.463+0100] {processor.py:756} INFO - Processing file /Users/uab910/dev/nnam-poc/pyenv/lib/python3.10/site-packages/airflow/example_dags/example_external_task_marker_dag.py for tasks to queue
[2023-03-04T16:00:00.463+0100] {logging_mixin.py:137} INFO - [2023-03-04T16:00:00.463+0100] {dagbag.py:537} INFO - Filling up the DagBag from /Users/uab910/dev/nnam-poc/pyenv/lib/python3.10/site-packages/airflow/example_dags/example_external_task_marker_dag.py
[2023-03-04T16:00:00.490+0100] {processor.py:766} INFO - DAG(s) dict_keys(['example_external_task_marker_parent', 'example_external_task_marker_child']) retrieved from /Users/uab910/dev/nnam-poc/pyenv/lib/python3.10/site-packages/airflow/example_dags/example_external_task_marker_dag.py
[2023-03-04T16:00:01.580+0100] {logging_mixin.py:137} INFO - [2023-03-04T16:00:01.580+0100] {dag.py:2585} INFO - Sync 2 DAGs
[2023-03-04T16:00:01.641+0100] {logging_mixin.py:137} INFO - [2023-03-04T16:00:01.641+0100] {dag.py:3336} INFO - Setting next_dagrun for example_external_task_marker_child to None, run_after=None
[2023-03-04T16:00:01.644+0100] {logging_mixin.py:137} INFO - [2023-03-04T16:00:01.644+0100] {dag.py:3336} INFO - Setting next_dagrun for example_external_task_marker_parent to None, run_after=None
[2023-03-04T16:00:01.662+0100] {processor.py:176} INFO - Processing /Users/uab910/dev/nnam-poc/pyenv/lib/python3.10/site-packages/airflow/example_dags/example_external_task_marker_dag.py took 1.204 seconds
[2023-03-04T16:01:34.189+0100] {processor.py:154} INFO - Started process (PID=64260) to work on /Users/uab910/dev/nnam-poc/pyenv/lib/python3.10/site-packages/airflow/example_dags/example_external_task_marker_dag.py
[2023-03-04T16:01:34.194+0100] {processor.py:756} INFO - Processing file /Users/uab910/dev/nnam-poc/pyenv/lib/python3.10/site-packages/airflow/example_dags/example_external_task_marker_dag.py for tasks to queue
[2023-03-04T16:01:34.195+0100] {logging_mixin.py:137} INFO - [2023-03-04T16:01:34.194+0100] {dagbag.py:537} INFO - Filling up the DagBag from /Users/uab910/dev/nnam-poc/pyenv/lib/python3.10/site-packages/airflow/example_dags/example_external_task_marker_dag.py
[2023-03-04T16:01:34.224+0100] {processor.py:766} INFO - DAG(s) dict_keys(['example_external_task_marker_child', 'example_external_task_marker_parent']) retrieved from /Users/uab910/dev/nnam-poc/pyenv/lib/python3.10/site-packages/airflow/example_dags/example_external_task_marker_dag.py
[2023-03-04T16:01:35.547+0100] {logging_mixin.py:137} INFO - [2023-03-04T16:01:35.546+0100] {dag.py:2585} INFO - Sync 2 DAGs
[2023-03-04T16:01:35.595+0100] {logging_mixin.py:137} INFO - [2023-03-04T16:01:35.595+0100] {dag.py:3336} INFO - Setting next_dagrun for example_external_task_marker_child to None, run_after=None
[2023-03-04T16:01:35.597+0100] {logging_mixin.py:137} INFO - [2023-03-04T16:01:35.597+0100] {dag.py:3336} INFO - Setting next_dagrun for example_external_task_marker_parent to None, run_after=None
[2023-03-04T16:01:35.611+0100] {processor.py:176} INFO - Processing /Users/uab910/dev/nnam-poc/pyenv/lib/python3.10/site-packages/airflow/example_dags/example_external_task_marker_dag.py took 1.422 seconds
[2023-03-04T16:03:06.593+0100] {processor.py:154} INFO - Started process (PID=64334) to work on /Users/uab910/dev/nnam-poc/pyenv/lib/python3.10/site-packages/airflow/example_dags/example_external_task_marker_dag.py
[2023-03-04T16:03:06.598+0100] {processor.py:756} INFO - Processing file /Users/uab910/dev/nnam-poc/pyenv/lib/python3.10/site-packages/airflow/example_dags/example_external_task_marker_dag.py for tasks to queue
[2023-03-04T16:03:06.599+0100] {logging_mixin.py:137} INFO - [2023-03-04T16:03:06.599+0100] {dagbag.py:537} INFO - Filling up the DagBag from /Users/uab910/dev/nnam-poc/pyenv/lib/python3.10/site-packages/airflow/example_dags/example_external_task_marker_dag.py
[2023-03-04T16:03:06.632+0100] {processor.py:766} INFO - DAG(s) dict_keys(['example_external_task_marker_parent', 'example_external_task_marker_child']) retrieved from /Users/uab910/dev/nnam-poc/pyenv/lib/python3.10/site-packages/airflow/example_dags/example_external_task_marker_dag.py
[2023-03-04T16:03:07.934+0100] {logging_mixin.py:137} INFO - [2023-03-04T16:03:07.934+0100] {dag.py:2585} INFO - Sync 2 DAGs
[2023-03-04T16:03:08.003+0100] {logging_mixin.py:137} INFO - [2023-03-04T16:03:08.003+0100] {dag.py:3336} INFO - Setting next_dagrun for example_external_task_marker_child to None, run_after=None
[2023-03-04T16:03:08.006+0100] {logging_mixin.py:137} INFO - [2023-03-04T16:03:08.005+0100] {dag.py:3336} INFO - Setting next_dagrun for example_external_task_marker_parent to None, run_after=None
[2023-03-04T16:03:08.032+0100] {processor.py:176} INFO - Processing /Users/uab910/dev/nnam-poc/pyenv/lib/python3.10/site-packages/airflow/example_dags/example_external_task_marker_dag.py took 1.440 seconds
