[2023-03-04T16:00:03.825+0100] {processor.py:154} INFO - Started process (PID=64195) to work on /Users/uab910/dev/nnam-poc/pyenv/lib/python3.10/site-packages/airflow/example_dags/example_datasets.py
[2023-03-04T16:00:03.830+0100] {processor.py:756} INFO - Processing file /Users/uab910/dev/nnam-poc/pyenv/lib/python3.10/site-packages/airflow/example_dags/example_datasets.py for tasks to queue
[2023-03-04T16:00:03.831+0100] {logging_mixin.py:137} INFO - [2023-03-04T16:00:03.831+0100] {dagbag.py:537} INFO - Filling up the DagBag from /Users/uab910/dev/nnam-poc/pyenv/lib/python3.10/site-packages/airflow/example_dags/example_datasets.py
[2023-03-04T16:00:03.866+0100] {processor.py:766} INFO - DAG(s) dict_keys(['dataset_consumes_1', 'dataset_consumes_unknown_never_scheduled', 'dataset_consumes_1_never_scheduled', 'dataset_produces_1', 'dataset_produces_2', 'dataset_consumes_1_and_2']) retrieved from /Users/uab910/dev/nnam-poc/pyenv/lib/python3.10/site-packages/airflow/example_dags/example_datasets.py
[2023-03-04T16:00:05.360+0100] {logging_mixin.py:137} INFO - [2023-03-04T16:00:05.360+0100] {dag.py:2585} INFO - Sync 6 DAGs
[2023-03-04T16:00:05.430+0100] {logging_mixin.py:137} INFO - [2023-03-04T16:00:05.430+0100] {dag.py:3336} INFO - Setting next_dagrun for dataset_consumes_1 to None, run_after=None
[2023-03-04T16:00:05.433+0100] {logging_mixin.py:137} INFO - [2023-03-04T16:00:05.432+0100] {dag.py:3336} INFO - Setting next_dagrun for dataset_consumes_1_and_2 to None, run_after=None
[2023-03-04T16:00:05.434+0100] {logging_mixin.py:137} INFO - [2023-03-04T16:00:05.434+0100] {dag.py:3336} INFO - Setting next_dagrun for dataset_consumes_1_never_scheduled to None, run_after=None
[2023-03-04T16:00:05.435+0100] {logging_mixin.py:137} INFO - [2023-03-04T16:00:05.435+0100] {dag.py:3336} INFO - Setting next_dagrun for dataset_consumes_unknown_never_scheduled to None, run_after=None
[2023-03-04T16:00:05.437+0100] {logging_mixin.py:137} INFO - [2023-03-04T16:00:05.437+0100] {dag.py:3336} INFO - Setting next_dagrun for dataset_produces_1 to 2023-03-03T00:00:00+00:00, run_after=2023-03-04T00:00:00+00:00
[2023-03-04T16:00:05.438+0100] {logging_mixin.py:137} INFO - [2023-03-04T16:00:05.438+0100] {dag.py:3336} INFO - Setting next_dagrun for dataset_produces_2 to None, run_after=None
[2023-03-04T16:00:05.468+0100] {processor.py:176} INFO - Processing /Users/uab910/dev/nnam-poc/pyenv/lib/python3.10/site-packages/airflow/example_dags/example_datasets.py took 1.644 seconds
[2023-03-04T16:01:37.347+0100] {processor.py:154} INFO - Started process (PID=64261) to work on /Users/uab910/dev/nnam-poc/pyenv/lib/python3.10/site-packages/airflow/example_dags/example_datasets.py
[2023-03-04T16:01:37.354+0100] {processor.py:756} INFO - Processing file /Users/uab910/dev/nnam-poc/pyenv/lib/python3.10/site-packages/airflow/example_dags/example_datasets.py for tasks to queue
[2023-03-04T16:01:37.354+0100] {logging_mixin.py:137} INFO - [2023-03-04T16:01:37.354+0100] {dagbag.py:537} INFO - Filling up the DagBag from /Users/uab910/dev/nnam-poc/pyenv/lib/python3.10/site-packages/airflow/example_dags/example_datasets.py
[2023-03-04T16:01:37.393+0100] {processor.py:766} INFO - DAG(s) dict_keys(['dataset_consumes_unknown_never_scheduled', 'dataset_consumes_1_never_scheduled', 'dataset_produces_1', 'dataset_produces_2', 'dataset_consumes_1', 'dataset_consumes_1_and_2']) retrieved from /Users/uab910/dev/nnam-poc/pyenv/lib/python3.10/site-packages/airflow/example_dags/example_datasets.py
[2023-03-04T16:01:38.405+0100] {logging_mixin.py:137} INFO - [2023-03-04T16:01:38.404+0100] {dag.py:2585} INFO - Sync 6 DAGs
[2023-03-04T16:01:38.462+0100] {logging_mixin.py:137} INFO - [2023-03-04T16:01:38.462+0100] {dag.py:3336} INFO - Setting next_dagrun for dataset_consumes_1 to None, run_after=None
[2023-03-04T16:01:38.464+0100] {logging_mixin.py:137} INFO - [2023-03-04T16:01:38.464+0100] {dag.py:3336} INFO - Setting next_dagrun for dataset_consumes_1_and_2 to None, run_after=None
[2023-03-04T16:01:38.465+0100] {logging_mixin.py:137} INFO - [2023-03-04T16:01:38.465+0100] {dag.py:3336} INFO - Setting next_dagrun for dataset_consumes_1_never_scheduled to None, run_after=None
[2023-03-04T16:01:38.466+0100] {logging_mixin.py:137} INFO - [2023-03-04T16:01:38.466+0100] {dag.py:3336} INFO - Setting next_dagrun for dataset_consumes_unknown_never_scheduled to None, run_after=None
[2023-03-04T16:01:38.468+0100] {logging_mixin.py:137} INFO - [2023-03-04T16:01:38.468+0100] {dag.py:3336} INFO - Setting next_dagrun for dataset_produces_1 to 2023-03-03T00:00:00+00:00, run_after=2023-03-04T00:00:00+00:00
[2023-03-04T16:01:38.469+0100] {logging_mixin.py:137} INFO - [2023-03-04T16:01:38.469+0100] {dag.py:3336} INFO - Setting next_dagrun for dataset_produces_2 to None, run_after=None
[2023-03-04T16:01:38.498+0100] {processor.py:176} INFO - Processing /Users/uab910/dev/nnam-poc/pyenv/lib/python3.10/site-packages/airflow/example_dags/example_datasets.py took 1.151 seconds
[2023-03-04T16:03:10.254+0100] {processor.py:154} INFO - Started process (PID=64340) to work on /Users/uab910/dev/nnam-poc/pyenv/lib/python3.10/site-packages/airflow/example_dags/example_datasets.py
[2023-03-04T16:03:10.259+0100] {processor.py:756} INFO - Processing file /Users/uab910/dev/nnam-poc/pyenv/lib/python3.10/site-packages/airflow/example_dags/example_datasets.py for tasks to queue
[2023-03-04T16:03:10.260+0100] {logging_mixin.py:137} INFO - [2023-03-04T16:03:10.260+0100] {dagbag.py:537} INFO - Filling up the DagBag from /Users/uab910/dev/nnam-poc/pyenv/lib/python3.10/site-packages/airflow/example_dags/example_datasets.py
[2023-03-04T16:03:10.302+0100] {processor.py:766} INFO - DAG(s) dict_keys(['dataset_consumes_1', 'dataset_produces_2', 'dataset_consumes_unknown_never_scheduled', 'dataset_produces_1', 'dataset_consumes_1_never_scheduled', 'dataset_consumes_1_and_2']) retrieved from /Users/uab910/dev/nnam-poc/pyenv/lib/python3.10/site-packages/airflow/example_dags/example_datasets.py
[2023-03-04T16:03:11.495+0100] {logging_mixin.py:137} INFO - [2023-03-04T16:03:11.494+0100] {dag.py:2585} INFO - Sync 6 DAGs
[2023-03-04T16:03:11.559+0100] {logging_mixin.py:137} INFO - [2023-03-04T16:03:11.558+0100] {dag.py:3336} INFO - Setting next_dagrun for dataset_consumes_1 to None, run_after=None
[2023-03-04T16:03:11.561+0100] {logging_mixin.py:137} INFO - [2023-03-04T16:03:11.561+0100] {dag.py:3336} INFO - Setting next_dagrun for dataset_consumes_1_and_2 to None, run_after=None
[2023-03-04T16:03:11.562+0100] {logging_mixin.py:137} INFO - [2023-03-04T16:03:11.562+0100] {dag.py:3336} INFO - Setting next_dagrun for dataset_consumes_1_never_scheduled to None, run_after=None
[2023-03-04T16:03:11.563+0100] {logging_mixin.py:137} INFO - [2023-03-04T16:03:11.563+0100] {dag.py:3336} INFO - Setting next_dagrun for dataset_consumes_unknown_never_scheduled to None, run_after=None
[2023-03-04T16:03:11.566+0100] {logging_mixin.py:137} INFO - [2023-03-04T16:03:11.565+0100] {dag.py:3336} INFO - Setting next_dagrun for dataset_produces_1 to 2023-03-03T00:00:00+00:00, run_after=2023-03-04T00:00:00+00:00
[2023-03-04T16:03:11.567+0100] {logging_mixin.py:137} INFO - [2023-03-04T16:03:11.567+0100] {dag.py:3336} INFO - Setting next_dagrun for dataset_produces_2 to None, run_after=None
[2023-03-04T16:03:11.594+0100] {processor.py:176} INFO - Processing /Users/uab910/dev/nnam-poc/pyenv/lib/python3.10/site-packages/airflow/example_dags/example_datasets.py took 1.340 seconds
