[2023-03-04T16:00:17.317+0100] {processor.py:154} INFO - Started process (PID=64209) to work on /Users/uab910/dev/nnam-poc/pyenv/lib/python3.10/site-packages/airflow/example_dags/example_branch_operator.py
[2023-03-04T16:00:17.322+0100] {processor.py:756} INFO - Processing file /Users/uab910/dev/nnam-poc/pyenv/lib/python3.10/site-packages/airflow/example_dags/example_branch_operator.py for tasks to queue
[2023-03-04T16:00:17.322+0100] {logging_mixin.py:137} INFO - [2023-03-04T16:00:17.322+0100] {dagbag.py:537} INFO - Filling up the DagBag from /Users/uab910/dev/nnam-poc/pyenv/lib/python3.10/site-packages/airflow/example_dags/example_branch_operator.py
[2023-03-04T16:00:17.378+0100] {processor.py:766} INFO - DAG(s) dict_keys(['example_branch_operator']) retrieved from /Users/uab910/dev/nnam-poc/pyenv/lib/python3.10/site-packages/airflow/example_dags/example_branch_operator.py
[2023-03-04T16:00:17.561+0100] {logging_mixin.py:137} INFO - [2023-03-04T16:00:17.561+0100] {dag.py:2585} INFO - Sync 1 DAGs
[2023-03-04T16:00:17.576+0100] {logging_mixin.py:137} INFO - [2023-03-04T16:00:17.576+0100] {dag.py:3336} INFO - Setting next_dagrun for example_branch_operator to 2023-03-03T00:00:00+00:00, run_after=2023-03-04T00:00:00+00:00
[2023-03-04T16:00:17.591+0100] {processor.py:176} INFO - Processing /Users/uab910/dev/nnam-poc/pyenv/lib/python3.10/site-packages/airflow/example_dags/example_branch_operator.py took 0.275 seconds
[2023-03-04T16:01:49.514+0100] {processor.py:154} INFO - Started process (PID=64266) to work on /Users/uab910/dev/nnam-poc/pyenv/lib/python3.10/site-packages/airflow/example_dags/example_branch_operator.py
[2023-03-04T16:01:49.520+0100] {processor.py:756} INFO - Processing file /Users/uab910/dev/nnam-poc/pyenv/lib/python3.10/site-packages/airflow/example_dags/example_branch_operator.py for tasks to queue
[2023-03-04T16:01:49.520+0100] {logging_mixin.py:137} INFO - [2023-03-04T16:01:49.520+0100] {dagbag.py:537} INFO - Filling up the DagBag from /Users/uab910/dev/nnam-poc/pyenv/lib/python3.10/site-packages/airflow/example_dags/example_branch_operator.py
[2023-03-04T16:01:49.566+0100] {processor.py:766} INFO - DAG(s) dict_keys(['example_branch_operator']) retrieved from /Users/uab910/dev/nnam-poc/pyenv/lib/python3.10/site-packages/airflow/example_dags/example_branch_operator.py
[2023-03-04T16:01:49.724+0100] {logging_mixin.py:137} INFO - [2023-03-04T16:01:49.724+0100] {dag.py:2585} INFO - Sync 1 DAGs
[2023-03-04T16:01:49.737+0100] {logging_mixin.py:137} INFO - [2023-03-04T16:01:49.737+0100] {dag.py:3336} INFO - Setting next_dagrun for example_branch_operator to 2023-03-03T00:00:00+00:00, run_after=2023-03-04T00:00:00+00:00
[2023-03-04T16:01:49.752+0100] {processor.py:176} INFO - Processing /Users/uab910/dev/nnam-poc/pyenv/lib/python3.10/site-packages/airflow/example_dags/example_branch_operator.py took 0.238 seconds
[2023-03-04T16:03:23.058+0100] {processor.py:154} INFO - Started process (PID=64351) to work on /Users/uab910/dev/nnam-poc/pyenv/lib/python3.10/site-packages/airflow/example_dags/example_branch_operator.py
[2023-03-04T16:03:23.063+0100] {processor.py:756} INFO - Processing file /Users/uab910/dev/nnam-poc/pyenv/lib/python3.10/site-packages/airflow/example_dags/example_branch_operator.py for tasks to queue
[2023-03-04T16:03:23.063+0100] {logging_mixin.py:137} INFO - [2023-03-04T16:03:23.063+0100] {dagbag.py:537} INFO - Filling up the DagBag from /Users/uab910/dev/nnam-poc/pyenv/lib/python3.10/site-packages/airflow/example_dags/example_branch_operator.py
[2023-03-04T16:03:23.116+0100] {processor.py:766} INFO - DAG(s) dict_keys(['example_branch_operator']) retrieved from /Users/uab910/dev/nnam-poc/pyenv/lib/python3.10/site-packages/airflow/example_dags/example_branch_operator.py
[2023-03-04T16:03:23.272+0100] {logging_mixin.py:137} INFO - [2023-03-04T16:03:23.272+0100] {dag.py:2585} INFO - Sync 1 DAGs
[2023-03-04T16:03:23.286+0100] {logging_mixin.py:137} INFO - [2023-03-04T16:03:23.286+0100] {dag.py:3336} INFO - Setting next_dagrun for example_branch_operator to 2023-03-03T00:00:00+00:00, run_after=2023-03-04T00:00:00+00:00
[2023-03-04T16:03:23.301+0100] {processor.py:176} INFO - Processing /Users/uab910/dev/nnam-poc/pyenv/lib/python3.10/site-packages/airflow/example_dags/example_branch_operator.py took 0.243 seconds
