[2023-03-04T15:59:54.282+0100] {processor.py:154} INFO - Started process (PID=64191) to work on /Users/uab910/dev/nnam-poc/pyenv/lib/python3.10/site-packages/airflow/example_dags/example_latest_only_with_trigger.py
[2023-03-04T15:59:54.286+0100] {processor.py:756} INFO - Processing file /Users/uab910/dev/nnam-poc/pyenv/lib/python3.10/site-packages/airflow/example_dags/example_latest_only_with_trigger.py for tasks to queue
[2023-03-04T15:59:54.287+0100] {logging_mixin.py:137} INFO - [2023-03-04T15:59:54.286+0100] {dagbag.py:537} INFO - Filling up the DagBag from /Users/uab910/dev/nnam-poc/pyenv/lib/python3.10/site-packages/airflow/example_dags/example_latest_only_with_trigger.py
[2023-03-04T15:59:54.314+0100] {processor.py:766} INFO - DAG(s) dict_keys(['latest_only_with_trigger']) retrieved from /Users/uab910/dev/nnam-poc/pyenv/lib/python3.10/site-packages/airflow/example_dags/example_latest_only_with_trigger.py
[2023-03-04T15:59:54.481+0100] {logging_mixin.py:137} INFO - [2023-03-04T15:59:54.481+0100] {dag.py:2585} INFO - Sync 1 DAGs
[2023-03-04T15:59:54.497+0100] {logging_mixin.py:137} INFO - [2023-03-04T15:59:54.497+0100] {dag.py:3336} INFO - Setting next_dagrun for latest_only_with_trigger to 2023-03-04T10:59:54.497264+00:00, run_after=2023-03-04T14:59:54.497264+00:00
[2023-03-04T15:59:54.515+0100] {processor.py:176} INFO - Processing /Users/uab910/dev/nnam-poc/pyenv/lib/python3.10/site-packages/airflow/example_dags/example_latest_only_with_trigger.py took 0.233 seconds
[2023-03-04T16:01:12.634+0100] {processor.py:154} INFO - Started process (PID=64245) to work on /Users/uab910/dev/nnam-poc/pyenv/lib/python3.10/site-packages/airflow/example_dags/example_latest_only_with_trigger.py
[2023-03-04T16:01:12.639+0100] {processor.py:756} INFO - Processing file /Users/uab910/dev/nnam-poc/pyenv/lib/python3.10/site-packages/airflow/example_dags/example_latest_only_with_trigger.py for tasks to queue
[2023-03-04T16:01:12.639+0100] {logging_mixin.py:137} INFO - [2023-03-04T16:01:12.639+0100] {dagbag.py:537} INFO - Filling up the DagBag from /Users/uab910/dev/nnam-poc/pyenv/lib/python3.10/site-packages/airflow/example_dags/example_latest_only_with_trigger.py
[2023-03-04T16:01:12.667+0100] {processor.py:766} INFO - DAG(s) dict_keys(['latest_only_with_trigger']) retrieved from /Users/uab910/dev/nnam-poc/pyenv/lib/python3.10/site-packages/airflow/example_dags/example_latest_only_with_trigger.py
[2023-03-04T16:01:12.834+0100] {logging_mixin.py:137} INFO - [2023-03-04T16:01:12.834+0100] {dag.py:2585} INFO - Sync 1 DAGs
[2023-03-04T16:01:12.847+0100] {logging_mixin.py:137} INFO - [2023-03-04T16:01:12.847+0100] {dag.py:3336} INFO - Setting next_dagrun for latest_only_with_trigger to 2023-03-04T11:01:12.847587+00:00, run_after=2023-03-04T15:01:12.847587+00:00
[2023-03-04T16:01:12.861+0100] {processor.py:176} INFO - Processing /Users/uab910/dev/nnam-poc/pyenv/lib/python3.10/site-packages/airflow/example_dags/example_latest_only_with_trigger.py took 0.228 seconds
[2023-03-04T16:02:44.802+0100] {processor.py:154} INFO - Started process (PID=64309) to work on /Users/uab910/dev/nnam-poc/pyenv/lib/python3.10/site-packages/airflow/example_dags/example_latest_only_with_trigger.py
[2023-03-04T16:02:44.808+0100] {processor.py:756} INFO - Processing file /Users/uab910/dev/nnam-poc/pyenv/lib/python3.10/site-packages/airflow/example_dags/example_latest_only_with_trigger.py for tasks to queue
[2023-03-04T16:02:44.808+0100] {logging_mixin.py:137} INFO - [2023-03-04T16:02:44.808+0100] {dagbag.py:537} INFO - Filling up the DagBag from /Users/uab910/dev/nnam-poc/pyenv/lib/python3.10/site-packages/airflow/example_dags/example_latest_only_with_trigger.py
[2023-03-04T16:02:44.842+0100] {processor.py:766} INFO - DAG(s) dict_keys(['latest_only_with_trigger']) retrieved from /Users/uab910/dev/nnam-poc/pyenv/lib/python3.10/site-packages/airflow/example_dags/example_latest_only_with_trigger.py
[2023-03-04T16:02:45.024+0100] {logging_mixin.py:137} INFO - [2023-03-04T16:02:45.024+0100] {dag.py:2585} INFO - Sync 1 DAGs
[2023-03-04T16:02:45.037+0100] {logging_mixin.py:137} INFO - [2023-03-04T16:02:45.037+0100] {dag.py:3336} INFO - Setting next_dagrun for latest_only_with_trigger to 2023-03-04T11:02:45.037564+00:00, run_after=2023-03-04T15:02:45.037564+00:00
[2023-03-04T16:02:45.053+0100] {processor.py:176} INFO - Processing /Users/uab910/dev/nnam-poc/pyenv/lib/python3.10/site-packages/airflow/example_dags/example_latest_only_with_trigger.py took 0.251 seconds
[2023-03-04T16:04:16.194+0100] {processor.py:154} INFO - Started process (PID=64389) to work on /Users/uab910/dev/nnam-poc/pyenv/lib/python3.10/site-packages/airflow/example_dags/example_latest_only_with_trigger.py
[2023-03-04T16:04:16.199+0100] {processor.py:756} INFO - Processing file /Users/uab910/dev/nnam-poc/pyenv/lib/python3.10/site-packages/airflow/example_dags/example_latest_only_with_trigger.py for tasks to queue
[2023-03-04T16:04:16.199+0100] {logging_mixin.py:137} INFO - [2023-03-04T16:04:16.199+0100] {dagbag.py:537} INFO - Filling up the DagBag from /Users/uab910/dev/nnam-poc/pyenv/lib/python3.10/site-packages/airflow/example_dags/example_latest_only_with_trigger.py
[2023-03-04T16:04:16.228+0100] {processor.py:766} INFO - DAG(s) dict_keys(['latest_only_with_trigger']) retrieved from /Users/uab910/dev/nnam-poc/pyenv/lib/python3.10/site-packages/airflow/example_dags/example_latest_only_with_trigger.py
[2023-03-04T16:04:16.400+0100] {logging_mixin.py:137} INFO - [2023-03-04T16:04:16.400+0100] {dag.py:2585} INFO - Sync 1 DAGs
[2023-03-04T16:04:16.412+0100] {logging_mixin.py:137} INFO - [2023-03-04T16:04:16.412+0100] {dag.py:3336} INFO - Setting next_dagrun for latest_only_with_trigger to 2023-03-04T11:04:16.412496+00:00, run_after=2023-03-04T15:04:16.412496+00:00
[2023-03-04T16:04:16.426+0100] {processor.py:176} INFO - Processing /Users/uab910/dev/nnam-poc/pyenv/lib/python3.10/site-packages/airflow/example_dags/example_latest_only_with_trigger.py took 0.233 seconds
