[2023-03-04T16:00:07.513+0100] {processor.py:154} INFO - Started process (PID=64201) to work on /Users/uab910/dev/nnam-poc/pyenv/lib/python3.10/site-packages/airflow/example_dags/example_dag_decorator.py
[2023-03-04T16:00:07.518+0100] {processor.py:756} INFO - Processing file /Users/uab910/dev/nnam-poc/pyenv/lib/python3.10/site-packages/airflow/example_dags/example_dag_decorator.py for tasks to queue
[2023-03-04T16:00:07.518+0100] {logging_mixin.py:137} INFO - [2023-03-04T16:00:07.518+0100] {dagbag.py:537} INFO - Filling up the DagBag from /Users/uab910/dev/nnam-poc/pyenv/lib/python3.10/site-packages/airflow/example_dags/example_dag_decorator.py
[2023-03-04T16:00:07.748+0100] {logging_mixin.py:137} INFO - [2023-03-04T16:00:07.747+0100] {taskmixin.py:205} WARNING - Dependency <Task(_PythonDecoratedOperator): prepare_email>, send_email already registered for DAG: example_dag_decorator
[2023-03-04T16:00:07.748+0100] {logging_mixin.py:137} INFO - [2023-03-04T16:00:07.748+0100] {taskmixin.py:205} WARNING - Dependency <Task(EmailOperator): send_email>, prepare_email already registered for DAG: example_dag_decorator
[2023-03-04T16:00:07.784+0100] {processor.py:766} INFO - DAG(s) dict_keys(['example_dag_decorator']) retrieved from /Users/uab910/dev/nnam-poc/pyenv/lib/python3.10/site-packages/airflow/example_dags/example_dag_decorator.py
[2023-03-04T16:00:08.550+0100] {logging_mixin.py:137} INFO - [2023-03-04T16:00:08.550+0100] {dag.py:2585} INFO - Sync 1 DAGs
[2023-03-04T16:00:08.609+0100] {logging_mixin.py:137} INFO - [2023-03-04T16:00:08.608+0100] {dag.py:3336} INFO - Setting next_dagrun for example_dag_decorator to None, run_after=None
[2023-03-04T16:00:08.628+0100] {processor.py:176} INFO - Processing /Users/uab910/dev/nnam-poc/pyenv/lib/python3.10/site-packages/airflow/example_dags/example_dag_decorator.py took 1.115 seconds
[2023-03-04T16:01:40.529+0100] {processor.py:154} INFO - Started process (PID=64262) to work on /Users/uab910/dev/nnam-poc/pyenv/lib/python3.10/site-packages/airflow/example_dags/example_dag_decorator.py
[2023-03-04T16:01:40.535+0100] {processor.py:756} INFO - Processing file /Users/uab910/dev/nnam-poc/pyenv/lib/python3.10/site-packages/airflow/example_dags/example_dag_decorator.py for tasks to queue
[2023-03-04T16:01:40.535+0100] {logging_mixin.py:137} INFO - [2023-03-04T16:01:40.535+0100] {dagbag.py:537} INFO - Filling up the DagBag from /Users/uab910/dev/nnam-poc/pyenv/lib/python3.10/site-packages/airflow/example_dags/example_dag_decorator.py
[2023-03-04T16:01:40.782+0100] {logging_mixin.py:137} INFO - [2023-03-04T16:01:40.782+0100] {taskmixin.py:205} WARNING - Dependency <Task(_PythonDecoratedOperator): prepare_email>, send_email already registered for DAG: example_dag_decorator
[2023-03-04T16:01:40.782+0100] {logging_mixin.py:137} INFO - [2023-03-04T16:01:40.782+0100] {taskmixin.py:205} WARNING - Dependency <Task(EmailOperator): send_email>, prepare_email already registered for DAG: example_dag_decorator
[2023-03-04T16:01:40.822+0100] {processor.py:766} INFO - DAG(s) dict_keys(['example_dag_decorator']) retrieved from /Users/uab910/dev/nnam-poc/pyenv/lib/python3.10/site-packages/airflow/example_dags/example_dag_decorator.py
[2023-03-04T16:01:41.636+0100] {logging_mixin.py:137} INFO - [2023-03-04T16:01:41.636+0100] {dag.py:2585} INFO - Sync 1 DAGs
[2023-03-04T16:01:41.696+0100] {logging_mixin.py:137} INFO - [2023-03-04T16:01:41.696+0100] {dag.py:3336} INFO - Setting next_dagrun for example_dag_decorator to None, run_after=None
[2023-03-04T16:01:41.717+0100] {processor.py:176} INFO - Processing /Users/uab910/dev/nnam-poc/pyenv/lib/python3.10/site-packages/airflow/example_dags/example_dag_decorator.py took 1.189 seconds
[2023-03-04T16:03:13.666+0100] {processor.py:154} INFO - Started process (PID=64342) to work on /Users/uab910/dev/nnam-poc/pyenv/lib/python3.10/site-packages/airflow/example_dags/example_dag_decorator.py
[2023-03-04T16:03:13.671+0100] {processor.py:756} INFO - Processing file /Users/uab910/dev/nnam-poc/pyenv/lib/python3.10/site-packages/airflow/example_dags/example_dag_decorator.py for tasks to queue
[2023-03-04T16:03:13.672+0100] {logging_mixin.py:137} INFO - [2023-03-04T16:03:13.672+0100] {dagbag.py:537} INFO - Filling up the DagBag from /Users/uab910/dev/nnam-poc/pyenv/lib/python3.10/site-packages/airflow/example_dags/example_dag_decorator.py
[2023-03-04T16:03:13.923+0100] {logging_mixin.py:137} INFO - [2023-03-04T16:03:13.923+0100] {taskmixin.py:205} WARNING - Dependency <Task(_PythonDecoratedOperator): prepare_email>, send_email already registered for DAG: example_dag_decorator
[2023-03-04T16:03:13.923+0100] {logging_mixin.py:137} INFO - [2023-03-04T16:03:13.923+0100] {taskmixin.py:205} WARNING - Dependency <Task(EmailOperator): send_email>, prepare_email already registered for DAG: example_dag_decorator
[2023-03-04T16:03:13.971+0100] {processor.py:766} INFO - DAG(s) dict_keys(['example_dag_decorator']) retrieved from /Users/uab910/dev/nnam-poc/pyenv/lib/python3.10/site-packages/airflow/example_dags/example_dag_decorator.py
[2023-03-04T16:03:14.811+0100] {logging_mixin.py:137} INFO - [2023-03-04T16:03:14.811+0100] {dag.py:2585} INFO - Sync 1 DAGs
[2023-03-04T16:03:14.876+0100] {logging_mixin.py:137} INFO - [2023-03-04T16:03:14.875+0100] {dag.py:3336} INFO - Setting next_dagrun for example_dag_decorator to None, run_after=None
[2023-03-04T16:03:14.895+0100] {processor.py:176} INFO - Processing /Users/uab910/dev/nnam-poc/pyenv/lib/python3.10/site-packages/airflow/example_dags/example_dag_decorator.py took 1.230 seconds
