[2023-03-04T15:59:29.143+0100] {processor.py:154} INFO - Started process (PID=64167) to work on /Users/uab910/dev/nnam-poc/pyenv/lib/python3.10/site-packages/airflow/example_dags/example_time_delta_sensor_async.py
[2023-03-04T15:59:29.149+0100] {processor.py:756} INFO - Processing file /Users/uab910/dev/nnam-poc/pyenv/lib/python3.10/site-packages/airflow/example_dags/example_time_delta_sensor_async.py for tasks to queue
[2023-03-04T15:59:29.149+0100] {logging_mixin.py:137} INFO - [2023-03-04T15:59:29.149+0100] {dagbag.py:537} INFO - Filling up the DagBag from /Users/uab910/dev/nnam-poc/pyenv/lib/python3.10/site-packages/airflow/example_dags/example_time_delta_sensor_async.py
[2023-03-04T15:59:29.199+0100] {processor.py:766} INFO - DAG(s) dict_keys(['example_time_delta_sensor_async']) retrieved from /Users/uab910/dev/nnam-poc/pyenv/lib/python3.10/site-packages/airflow/example_dags/example_time_delta_sensor_async.py
[2023-03-04T15:59:29.254+0100] {logging_mixin.py:137} INFO - [2023-03-04T15:59:29.253+0100] {dag.py:2585} INFO - Sync 1 DAGs
[2023-03-04T15:59:29.451+0100] {logging_mixin.py:137} INFO - [2023-03-04T15:59:29.450+0100] {dag.py:3336} INFO - Setting next_dagrun for example_time_delta_sensor_async to None, run_after=None
[2023-03-04T15:59:29.480+0100] {processor.py:176} INFO - Processing /Users/uab910/dev/nnam-poc/pyenv/lib/python3.10/site-packages/airflow/example_dags/example_time_delta_sensor_async.py took 0.338 seconds
[2023-03-04T16:00:48.041+0100] {processor.py:154} INFO - Started process (PID=64232) to work on /Users/uab910/dev/nnam-poc/pyenv/lib/python3.10/site-packages/airflow/example_dags/example_time_delta_sensor_async.py
[2023-03-04T16:00:48.046+0100] {processor.py:756} INFO - Processing file /Users/uab910/dev/nnam-poc/pyenv/lib/python3.10/site-packages/airflow/example_dags/example_time_delta_sensor_async.py for tasks to queue
[2023-03-04T16:00:48.047+0100] {logging_mixin.py:137} INFO - [2023-03-04T16:00:48.047+0100] {dagbag.py:537} INFO - Filling up the DagBag from /Users/uab910/dev/nnam-poc/pyenv/lib/python3.10/site-packages/airflow/example_dags/example_time_delta_sensor_async.py
[2023-03-04T16:00:48.085+0100] {processor.py:766} INFO - DAG(s) dict_keys(['example_time_delta_sensor_async']) retrieved from /Users/uab910/dev/nnam-poc/pyenv/lib/python3.10/site-packages/airflow/example_dags/example_time_delta_sensor_async.py
[2023-03-04T16:00:48.424+0100] {logging_mixin.py:137} INFO - [2023-03-04T16:00:48.424+0100] {dag.py:2585} INFO - Sync 1 DAGs
[2023-03-04T16:00:48.438+0100] {logging_mixin.py:137} INFO - [2023-03-04T16:00:48.438+0100] {dag.py:3336} INFO - Setting next_dagrun for example_time_delta_sensor_async to None, run_after=None
[2023-03-04T16:00:48.453+0100] {processor.py:176} INFO - Processing /Users/uab910/dev/nnam-poc/pyenv/lib/python3.10/site-packages/airflow/example_dags/example_time_delta_sensor_async.py took 0.413 seconds
[2023-03-04T16:02:20.376+0100] {processor.py:154} INFO - Started process (PID=64297) to work on /Users/uab910/dev/nnam-poc/pyenv/lib/python3.10/site-packages/airflow/example_dags/example_time_delta_sensor_async.py
[2023-03-04T16:02:20.381+0100] {processor.py:756} INFO - Processing file /Users/uab910/dev/nnam-poc/pyenv/lib/python3.10/site-packages/airflow/example_dags/example_time_delta_sensor_async.py for tasks to queue
[2023-03-04T16:02:20.382+0100] {logging_mixin.py:137} INFO - [2023-03-04T16:02:20.382+0100] {dagbag.py:537} INFO - Filling up the DagBag from /Users/uab910/dev/nnam-poc/pyenv/lib/python3.10/site-packages/airflow/example_dags/example_time_delta_sensor_async.py
[2023-03-04T16:02:20.418+0100] {processor.py:766} INFO - DAG(s) dict_keys(['example_time_delta_sensor_async']) retrieved from /Users/uab910/dev/nnam-poc/pyenv/lib/python3.10/site-packages/airflow/example_dags/example_time_delta_sensor_async.py
[2023-03-04T16:02:20.731+0100] {logging_mixin.py:137} INFO - [2023-03-04T16:02:20.730+0100] {dag.py:2585} INFO - Sync 1 DAGs
[2023-03-04T16:02:20.743+0100] {logging_mixin.py:137} INFO - [2023-03-04T16:02:20.743+0100] {dag.py:3336} INFO - Setting next_dagrun for example_time_delta_sensor_async to None, run_after=None
[2023-03-04T16:02:20.758+0100] {processor.py:176} INFO - Processing /Users/uab910/dev/nnam-poc/pyenv/lib/python3.10/site-packages/airflow/example_dags/example_time_delta_sensor_async.py took 0.382 seconds
[2023-03-04T16:03:52.796+0100] {processor.py:154} INFO - Started process (PID=64368) to work on /Users/uab910/dev/nnam-poc/pyenv/lib/python3.10/site-packages/airflow/example_dags/example_time_delta_sensor_async.py
[2023-03-04T16:03:52.801+0100] {processor.py:756} INFO - Processing file /Users/uab910/dev/nnam-poc/pyenv/lib/python3.10/site-packages/airflow/example_dags/example_time_delta_sensor_async.py for tasks to queue
[2023-03-04T16:03:52.801+0100] {logging_mixin.py:137} INFO - [2023-03-04T16:03:52.801+0100] {dagbag.py:537} INFO - Filling up the DagBag from /Users/uab910/dev/nnam-poc/pyenv/lib/python3.10/site-packages/airflow/example_dags/example_time_delta_sensor_async.py
[2023-03-04T16:03:52.831+0100] {processor.py:766} INFO - DAG(s) dict_keys(['example_time_delta_sensor_async']) retrieved from /Users/uab910/dev/nnam-poc/pyenv/lib/python3.10/site-packages/airflow/example_dags/example_time_delta_sensor_async.py
[2023-03-04T16:03:53.128+0100] {logging_mixin.py:137} INFO - [2023-03-04T16:03:53.128+0100] {dag.py:2585} INFO - Sync 1 DAGs
[2023-03-04T16:03:53.140+0100] {logging_mixin.py:137} INFO - [2023-03-04T16:03:53.140+0100] {dag.py:3336} INFO - Setting next_dagrun for example_time_delta_sensor_async to None, run_after=None
[2023-03-04T16:03:53.154+0100] {processor.py:176} INFO - Processing /Users/uab910/dev/nnam-poc/pyenv/lib/python3.10/site-packages/airflow/example_dags/example_time_delta_sensor_async.py took 0.359 seconds
