[2023-03-04T15:59:31.952+0100] {processor.py:154} INFO - Started process (PID=64176) to work on /Users/uab910/dev/nnam-poc/pyenv/lib/python3.10/site-packages/airflow/example_dags/example_task_group_decorator.py
[2023-03-04T15:59:31.957+0100] {processor.py:756} INFO - Processing file /Users/uab910/dev/nnam-poc/pyenv/lib/python3.10/site-packages/airflow/example_dags/example_task_group_decorator.py for tasks to queue
[2023-03-04T15:59:31.958+0100] {logging_mixin.py:137} INFO - [2023-03-04T15:59:31.958+0100] {dagbag.py:537} INFO - Filling up the DagBag from /Users/uab910/dev/nnam-poc/pyenv/lib/python3.10/site-packages/airflow/example_dags/example_task_group_decorator.py
[2023-03-04T15:59:32.016+0100] {processor.py:766} INFO - DAG(s) dict_keys(['example_task_group_decorator']) retrieved from /Users/uab910/dev/nnam-poc/pyenv/lib/python3.10/site-packages/airflow/example_dags/example_task_group_decorator.py
[2023-03-04T15:59:32.050+0100] {logging_mixin.py:137} INFO - [2023-03-04T15:59:32.049+0100] {dag.py:2585} INFO - Sync 1 DAGs
[2023-03-04T15:59:32.143+0100] {logging_mixin.py:137} INFO - [2023-03-04T15:59:32.143+0100] {dag.py:3336} INFO - Setting next_dagrun for example_task_group_decorator to 2023-03-03T14:59:32.143330+00:00, run_after=2023-03-04T14:59:32.143330+00:00
[2023-03-04T15:59:32.157+0100] {processor.py:176} INFO - Processing /Users/uab910/dev/nnam-poc/pyenv/lib/python3.10/site-packages/airflow/example_dags/example_task_group_decorator.py took 0.206 seconds
[2023-03-04T16:00:50.356+0100] {processor.py:154} INFO - Started process (PID=64233) to work on /Users/uab910/dev/nnam-poc/pyenv/lib/python3.10/site-packages/airflow/example_dags/example_task_group_decorator.py
[2023-03-04T16:00:50.360+0100] {processor.py:756} INFO - Processing file /Users/uab910/dev/nnam-poc/pyenv/lib/python3.10/site-packages/airflow/example_dags/example_task_group_decorator.py for tasks to queue
[2023-03-04T16:00:50.360+0100] {logging_mixin.py:137} INFO - [2023-03-04T16:00:50.360+0100] {dagbag.py:537} INFO - Filling up the DagBag from /Users/uab910/dev/nnam-poc/pyenv/lib/python3.10/site-packages/airflow/example_dags/example_task_group_decorator.py
[2023-03-04T16:00:50.418+0100] {processor.py:766} INFO - DAG(s) dict_keys(['example_task_group_decorator']) retrieved from /Users/uab910/dev/nnam-poc/pyenv/lib/python3.10/site-packages/airflow/example_dags/example_task_group_decorator.py
[2023-03-04T16:00:50.578+0100] {logging_mixin.py:137} INFO - [2023-03-04T16:00:50.578+0100] {dag.py:2585} INFO - Sync 1 DAGs
[2023-03-04T16:00:50.590+0100] {logging_mixin.py:137} INFO - [2023-03-04T16:00:50.590+0100] {dag.py:3336} INFO - Setting next_dagrun for example_task_group_decorator to 2023-03-03T15:00:50.590619+00:00, run_after=2023-03-04T15:00:50.590619+00:00
[2023-03-04T16:00:50.605+0100] {processor.py:176} INFO - Processing /Users/uab910/dev/nnam-poc/pyenv/lib/python3.10/site-packages/airflow/example_dags/example_task_group_decorator.py took 0.249 seconds
[2023-03-04T16:02:22.659+0100] {processor.py:154} INFO - Started process (PID=64298) to work on /Users/uab910/dev/nnam-poc/pyenv/lib/python3.10/site-packages/airflow/example_dags/example_task_group_decorator.py
[2023-03-04T16:02:22.664+0100] {processor.py:756} INFO - Processing file /Users/uab910/dev/nnam-poc/pyenv/lib/python3.10/site-packages/airflow/example_dags/example_task_group_decorator.py for tasks to queue
[2023-03-04T16:02:22.665+0100] {logging_mixin.py:137} INFO - [2023-03-04T16:02:22.665+0100] {dagbag.py:537} INFO - Filling up the DagBag from /Users/uab910/dev/nnam-poc/pyenv/lib/python3.10/site-packages/airflow/example_dags/example_task_group_decorator.py
[2023-03-04T16:02:22.732+0100] {processor.py:766} INFO - DAG(s) dict_keys(['example_task_group_decorator']) retrieved from /Users/uab910/dev/nnam-poc/pyenv/lib/python3.10/site-packages/airflow/example_dags/example_task_group_decorator.py
[2023-03-04T16:02:22.885+0100] {logging_mixin.py:137} INFO - [2023-03-04T16:02:22.884+0100] {dag.py:2585} INFO - Sync 1 DAGs
[2023-03-04T16:02:22.897+0100] {logging_mixin.py:137} INFO - [2023-03-04T16:02:22.897+0100] {dag.py:3336} INFO - Setting next_dagrun for example_task_group_decorator to 2023-03-03T15:02:22.897091+00:00, run_after=2023-03-04T15:02:22.897091+00:00
[2023-03-04T16:02:22.911+0100] {processor.py:176} INFO - Processing /Users/uab910/dev/nnam-poc/pyenv/lib/python3.10/site-packages/airflow/example_dags/example_task_group_decorator.py took 0.253 seconds
[2023-03-04T16:03:54.504+0100] {processor.py:154} INFO - Started process (PID=64372) to work on /Users/uab910/dev/nnam-poc/pyenv/lib/python3.10/site-packages/airflow/example_dags/example_task_group_decorator.py
[2023-03-04T16:03:54.510+0100] {processor.py:756} INFO - Processing file /Users/uab910/dev/nnam-poc/pyenv/lib/python3.10/site-packages/airflow/example_dags/example_task_group_decorator.py for tasks to queue
[2023-03-04T16:03:54.511+0100] {logging_mixin.py:137} INFO - [2023-03-04T16:03:54.510+0100] {dagbag.py:537} INFO - Filling up the DagBag from /Users/uab910/dev/nnam-poc/pyenv/lib/python3.10/site-packages/airflow/example_dags/example_task_group_decorator.py
[2023-03-04T16:03:54.572+0100] {processor.py:766} INFO - DAG(s) dict_keys(['example_task_group_decorator']) retrieved from /Users/uab910/dev/nnam-poc/pyenv/lib/python3.10/site-packages/airflow/example_dags/example_task_group_decorator.py
[2023-03-04T16:03:54.722+0100] {logging_mixin.py:137} INFO - [2023-03-04T16:03:54.722+0100] {dag.py:2585} INFO - Sync 1 DAGs
[2023-03-04T16:03:54.735+0100] {logging_mixin.py:137} INFO - [2023-03-04T16:03:54.735+0100] {dag.py:3336} INFO - Setting next_dagrun for example_task_group_decorator to 2023-03-03T15:03:54.735130+00:00, run_after=2023-03-04T15:03:54.735130+00:00
[2023-03-04T16:03:54.749+0100] {processor.py:176} INFO - Processing /Users/uab910/dev/nnam-poc/pyenv/lib/python3.10/site-packages/airflow/example_dags/example_task_group_decorator.py took 0.245 seconds
