[2023-03-04T16:00:14.694+0100] {processor.py:154} INFO - Started process (PID=64205) to work on /Users/uab910/dev/nnam-poc/pyenv/lib/python3.10/site-packages/airflow/example_dags/example_branch_operator_decorator.py
[2023-03-04T16:00:14.700+0100] {processor.py:756} INFO - Processing file /Users/uab910/dev/nnam-poc/pyenv/lib/python3.10/site-packages/airflow/example_dags/example_branch_operator_decorator.py for tasks to queue
[2023-03-04T16:00:14.701+0100] {logging_mixin.py:137} INFO - [2023-03-04T16:00:14.701+0100] {dagbag.py:537} INFO - Filling up the DagBag from /Users/uab910/dev/nnam-poc/pyenv/lib/python3.10/site-packages/airflow/example_dags/example_branch_operator_decorator.py
[2023-03-04T16:00:14.766+0100] {processor.py:766} INFO - DAG(s) dict_keys(['example_branch_python_operator_decorator']) retrieved from /Users/uab910/dev/nnam-poc/pyenv/lib/python3.10/site-packages/airflow/example_dags/example_branch_operator_decorator.py
[2023-03-04T16:00:15.083+0100] {logging_mixin.py:137} INFO - [2023-03-04T16:00:15.083+0100] {dag.py:2585} INFO - Sync 1 DAGs
[2023-03-04T16:00:15.116+0100] {logging_mixin.py:137} INFO - [2023-03-04T16:00:15.115+0100] {dag.py:3336} INFO - Setting next_dagrun for example_branch_python_operator_decorator to 2023-03-03T00:00:00+00:00, run_after=2023-03-04T00:00:00+00:00
[2023-03-04T16:00:15.143+0100] {processor.py:176} INFO - Processing /Users/uab910/dev/nnam-poc/pyenv/lib/python3.10/site-packages/airflow/example_dags/example_branch_operator_decorator.py took 0.449 seconds
[2023-03-04T16:01:47.767+0100] {processor.py:154} INFO - Started process (PID=64265) to work on /Users/uab910/dev/nnam-poc/pyenv/lib/python3.10/site-packages/airflow/example_dags/example_branch_operator_decorator.py
[2023-03-04T16:01:47.772+0100] {processor.py:756} INFO - Processing file /Users/uab910/dev/nnam-poc/pyenv/lib/python3.10/site-packages/airflow/example_dags/example_branch_operator_decorator.py for tasks to queue
[2023-03-04T16:01:47.773+0100] {logging_mixin.py:137} INFO - [2023-03-04T16:01:47.772+0100] {dagbag.py:537} INFO - Filling up the DagBag from /Users/uab910/dev/nnam-poc/pyenv/lib/python3.10/site-packages/airflow/example_dags/example_branch_operator_decorator.py
[2023-03-04T16:01:47.836+0100] {processor.py:766} INFO - DAG(s) dict_keys(['example_branch_python_operator_decorator']) retrieved from /Users/uab910/dev/nnam-poc/pyenv/lib/python3.10/site-packages/airflow/example_dags/example_branch_operator_decorator.py
[2023-03-04T16:01:48.014+0100] {logging_mixin.py:137} INFO - [2023-03-04T16:01:48.014+0100] {dag.py:2585} INFO - Sync 1 DAGs
[2023-03-04T16:01:48.031+0100] {logging_mixin.py:137} INFO - [2023-03-04T16:01:48.031+0100] {dag.py:3336} INFO - Setting next_dagrun for example_branch_python_operator_decorator to 2023-03-03T00:00:00+00:00, run_after=2023-03-04T00:00:00+00:00
[2023-03-04T16:01:48.048+0100] {processor.py:176} INFO - Processing /Users/uab910/dev/nnam-poc/pyenv/lib/python3.10/site-packages/airflow/example_dags/example_branch_operator_decorator.py took 0.281 seconds
[2023-03-04T16:03:20.896+0100] {processor.py:154} INFO - Started process (PID=64350) to work on /Users/uab910/dev/nnam-poc/pyenv/lib/python3.10/site-packages/airflow/example_dags/example_branch_operator_decorator.py
[2023-03-04T16:03:20.900+0100] {processor.py:756} INFO - Processing file /Users/uab910/dev/nnam-poc/pyenv/lib/python3.10/site-packages/airflow/example_dags/example_branch_operator_decorator.py for tasks to queue
[2023-03-04T16:03:20.901+0100] {logging_mixin.py:137} INFO - [2023-03-04T16:03:20.901+0100] {dagbag.py:537} INFO - Filling up the DagBag from /Users/uab910/dev/nnam-poc/pyenv/lib/python3.10/site-packages/airflow/example_dags/example_branch_operator_decorator.py
[2023-03-04T16:03:20.961+0100] {processor.py:766} INFO - DAG(s) dict_keys(['example_branch_python_operator_decorator']) retrieved from /Users/uab910/dev/nnam-poc/pyenv/lib/python3.10/site-packages/airflow/example_dags/example_branch_operator_decorator.py
[2023-03-04T16:03:21.109+0100] {logging_mixin.py:137} INFO - [2023-03-04T16:03:21.109+0100] {dag.py:2585} INFO - Sync 1 DAGs
[2023-03-04T16:03:21.122+0100] {logging_mixin.py:137} INFO - [2023-03-04T16:03:21.122+0100] {dag.py:3336} INFO - Setting next_dagrun for example_branch_python_operator_decorator to 2023-03-03T00:00:00+00:00, run_after=2023-03-04T00:00:00+00:00
[2023-03-04T16:03:21.136+0100] {processor.py:176} INFO - Processing /Users/uab910/dev/nnam-poc/pyenv/lib/python3.10/site-packages/airflow/example_dags/example_branch_operator_decorator.py took 0.241 seconds
