[2023-03-04T15:59:26.226+0100] {processor.py:154} INFO - Started process (PID=64152) to work on /Users/uab910/dev/nnam-poc/pyenv/lib/python3.10/site-packages/airflow/example_dags/example_trigger_controller_dag.py
[2023-03-04T15:59:26.232+0100] {processor.py:756} INFO - Processing file /Users/uab910/dev/nnam-poc/pyenv/lib/python3.10/site-packages/airflow/example_dags/example_trigger_controller_dag.py for tasks to queue
[2023-03-04T15:59:26.232+0100] {logging_mixin.py:137} INFO - [2023-03-04T15:59:26.232+0100] {dagbag.py:537} INFO - Filling up the DagBag from /Users/uab910/dev/nnam-poc/pyenv/lib/python3.10/site-packages/airflow/example_dags/example_trigger_controller_dag.py
[2023-03-04T15:59:26.264+0100] {processor.py:766} INFO - DAG(s) dict_keys(['example_trigger_controller_dag']) retrieved from /Users/uab910/dev/nnam-poc/pyenv/lib/python3.10/site-packages/airflow/example_dags/example_trigger_controller_dag.py
[2023-03-04T15:59:26.311+0100] {logging_mixin.py:137} INFO - [2023-03-04T15:59:26.310+0100] {dag.py:2585} INFO - Sync 1 DAGs
[2023-03-04T15:59:26.445+0100] {logging_mixin.py:137} INFO - [2023-03-04T15:59:26.444+0100] {dag.py:3336} INFO - Setting next_dagrun for example_trigger_controller_dag to 2021-01-01T00:00:00+00:00, run_after=2021-01-01T00:00:00+00:00
[2023-03-04T15:59:26.464+0100] {processor.py:176} INFO - Processing /Users/uab910/dev/nnam-poc/pyenv/lib/python3.10/site-packages/airflow/example_dags/example_trigger_controller_dag.py took 0.239 seconds
[2023-03-04T16:00:45.899+0100] {processor.py:154} INFO - Started process (PID=64231) to work on /Users/uab910/dev/nnam-poc/pyenv/lib/python3.10/site-packages/airflow/example_dags/example_trigger_controller_dag.py
[2023-03-04T16:00:45.905+0100] {processor.py:756} INFO - Processing file /Users/uab910/dev/nnam-poc/pyenv/lib/python3.10/site-packages/airflow/example_dags/example_trigger_controller_dag.py for tasks to queue
[2023-03-04T16:00:45.905+0100] {logging_mixin.py:137} INFO - [2023-03-04T16:00:45.905+0100] {dagbag.py:537} INFO - Filling up the DagBag from /Users/uab910/dev/nnam-poc/pyenv/lib/python3.10/site-packages/airflow/example_dags/example_trigger_controller_dag.py
[2023-03-04T16:00:45.939+0100] {processor.py:766} INFO - DAG(s) dict_keys(['example_trigger_controller_dag']) retrieved from /Users/uab910/dev/nnam-poc/pyenv/lib/python3.10/site-packages/airflow/example_dags/example_trigger_controller_dag.py
[2023-03-04T16:00:46.125+0100] {logging_mixin.py:137} INFO - [2023-03-04T16:00:46.125+0100] {dag.py:2585} INFO - Sync 1 DAGs
[2023-03-04T16:00:46.137+0100] {logging_mixin.py:137} INFO - [2023-03-04T16:00:46.137+0100] {dag.py:3336} INFO - Setting next_dagrun for example_trigger_controller_dag to 2021-01-01T00:00:00+00:00, run_after=2021-01-01T00:00:00+00:00
[2023-03-04T16:00:46.151+0100] {processor.py:176} INFO - Processing /Users/uab910/dev/nnam-poc/pyenv/lib/python3.10/site-packages/airflow/example_dags/example_trigger_controller_dag.py took 0.253 seconds
[2023-03-04T16:02:18.274+0100] {processor.py:154} INFO - Started process (PID=64295) to work on /Users/uab910/dev/nnam-poc/pyenv/lib/python3.10/site-packages/airflow/example_dags/example_trigger_controller_dag.py
[2023-03-04T16:02:18.280+0100] {processor.py:756} INFO - Processing file /Users/uab910/dev/nnam-poc/pyenv/lib/python3.10/site-packages/airflow/example_dags/example_trigger_controller_dag.py for tasks to queue
[2023-03-04T16:02:18.280+0100] {logging_mixin.py:137} INFO - [2023-03-04T16:02:18.280+0100] {dagbag.py:537} INFO - Filling up the DagBag from /Users/uab910/dev/nnam-poc/pyenv/lib/python3.10/site-packages/airflow/example_dags/example_trigger_controller_dag.py
[2023-03-04T16:02:18.309+0100] {processor.py:766} INFO - DAG(s) dict_keys(['example_trigger_controller_dag']) retrieved from /Users/uab910/dev/nnam-poc/pyenv/lib/python3.10/site-packages/airflow/example_dags/example_trigger_controller_dag.py
[2023-03-04T16:02:18.474+0100] {logging_mixin.py:137} INFO - [2023-03-04T16:02:18.474+0100] {dag.py:2585} INFO - Sync 1 DAGs
[2023-03-04T16:02:18.487+0100] {logging_mixin.py:137} INFO - [2023-03-04T16:02:18.487+0100] {dag.py:3336} INFO - Setting next_dagrun for example_trigger_controller_dag to 2021-01-01T00:00:00+00:00, run_after=2021-01-01T00:00:00+00:00
[2023-03-04T16:02:18.501+0100] {processor.py:176} INFO - Processing /Users/uab910/dev/nnam-poc/pyenv/lib/python3.10/site-packages/airflow/example_dags/example_trigger_controller_dag.py took 0.227 seconds
[2023-03-04T16:03:50.692+0100] {processor.py:154} INFO - Started process (PID=64367) to work on /Users/uab910/dev/nnam-poc/pyenv/lib/python3.10/site-packages/airflow/example_dags/example_trigger_controller_dag.py
[2023-03-04T16:03:50.697+0100] {processor.py:756} INFO - Processing file /Users/uab910/dev/nnam-poc/pyenv/lib/python3.10/site-packages/airflow/example_dags/example_trigger_controller_dag.py for tasks to queue
[2023-03-04T16:03:50.697+0100] {logging_mixin.py:137} INFO - [2023-03-04T16:03:50.697+0100] {dagbag.py:537} INFO - Filling up the DagBag from /Users/uab910/dev/nnam-poc/pyenv/lib/python3.10/site-packages/airflow/example_dags/example_trigger_controller_dag.py
[2023-03-04T16:03:50.723+0100] {processor.py:766} INFO - DAG(s) dict_keys(['example_trigger_controller_dag']) retrieved from /Users/uab910/dev/nnam-poc/pyenv/lib/python3.10/site-packages/airflow/example_dags/example_trigger_controller_dag.py
[2023-03-04T16:03:50.893+0100] {logging_mixin.py:137} INFO - [2023-03-04T16:03:50.893+0100] {dag.py:2585} INFO - Sync 1 DAGs
[2023-03-04T16:03:50.905+0100] {logging_mixin.py:137} INFO - [2023-03-04T16:03:50.905+0100] {dag.py:3336} INFO - Setting next_dagrun for example_trigger_controller_dag to 2021-01-01T00:00:00+00:00, run_after=2021-01-01T00:00:00+00:00
[2023-03-04T16:03:50.918+0100] {processor.py:176} INFO - Processing /Users/uab910/dev/nnam-poc/pyenv/lib/python3.10/site-packages/airflow/example_dags/example_trigger_controller_dag.py took 0.227 seconds
