[2023-03-04T15:59:24.083+0100] {processor.py:154} INFO - Started process (PID=64150) to work on /Users/uab910/dev/nnam-poc/pyenv/lib/python3.10/site-packages/airflow/example_dags/example_trigger_target_dag.py
[2023-03-04T15:59:24.088+0100] {processor.py:756} INFO - Processing file /Users/uab910/dev/nnam-poc/pyenv/lib/python3.10/site-packages/airflow/example_dags/example_trigger_target_dag.py for tasks to queue
[2023-03-04T15:59:24.089+0100] {logging_mixin.py:137} INFO - [2023-03-04T15:59:24.089+0100] {dagbag.py:537} INFO - Filling up the DagBag from /Users/uab910/dev/nnam-poc/pyenv/lib/python3.10/site-packages/airflow/example_dags/example_trigger_target_dag.py
[2023-03-04T15:59:24.148+0100] {processor.py:766} INFO - DAG(s) dict_keys(['example_trigger_target_dag']) retrieved from /Users/uab910/dev/nnam-poc/pyenv/lib/python3.10/site-packages/airflow/example_dags/example_trigger_target_dag.py
[2023-03-04T15:59:24.184+0100] {logging_mixin.py:137} INFO - [2023-03-04T15:59:24.184+0100] {dag.py:2585} INFO - Sync 1 DAGs
[2023-03-04T15:59:24.268+0100] {logging_mixin.py:137} INFO - [2023-03-04T15:59:24.268+0100] {dag.py:3336} INFO - Setting next_dagrun for example_trigger_target_dag to None, run_after=None
[2023-03-04T15:59:24.281+0100] {processor.py:176} INFO - Processing /Users/uab910/dev/nnam-poc/pyenv/lib/python3.10/site-packages/airflow/example_dags/example_trigger_target_dag.py took 0.199 seconds
[2023-03-04T16:00:44.003+0100] {processor.py:154} INFO - Started process (PID=64230) to work on /Users/uab910/dev/nnam-poc/pyenv/lib/python3.10/site-packages/airflow/example_dags/example_trigger_target_dag.py
[2023-03-04T16:00:44.009+0100] {processor.py:756} INFO - Processing file /Users/uab910/dev/nnam-poc/pyenv/lib/python3.10/site-packages/airflow/example_dags/example_trigger_target_dag.py for tasks to queue
[2023-03-04T16:00:44.010+0100] {logging_mixin.py:137} INFO - [2023-03-04T16:00:44.010+0100] {dagbag.py:537} INFO - Filling up the DagBag from /Users/uab910/dev/nnam-poc/pyenv/lib/python3.10/site-packages/airflow/example_dags/example_trigger_target_dag.py
[2023-03-04T16:00:44.073+0100] {processor.py:766} INFO - DAG(s) dict_keys(['example_trigger_target_dag']) retrieved from /Users/uab910/dev/nnam-poc/pyenv/lib/python3.10/site-packages/airflow/example_dags/example_trigger_target_dag.py
[2023-03-04T16:00:44.245+0100] {logging_mixin.py:137} INFO - [2023-03-04T16:00:44.245+0100] {dag.py:2585} INFO - Sync 1 DAGs
[2023-03-04T16:00:44.258+0100] {logging_mixin.py:137} INFO - [2023-03-04T16:00:44.258+0100] {dag.py:3336} INFO - Setting next_dagrun for example_trigger_target_dag to None, run_after=None
[2023-03-04T16:00:44.272+0100] {processor.py:176} INFO - Processing /Users/uab910/dev/nnam-poc/pyenv/lib/python3.10/site-packages/airflow/example_dags/example_trigger_target_dag.py took 0.269 seconds
[2023-03-04T16:02:16.610+0100] {processor.py:154} INFO - Started process (PID=64294) to work on /Users/uab910/dev/nnam-poc/pyenv/lib/python3.10/site-packages/airflow/example_dags/example_trigger_target_dag.py
[2023-03-04T16:02:16.615+0100] {processor.py:756} INFO - Processing file /Users/uab910/dev/nnam-poc/pyenv/lib/python3.10/site-packages/airflow/example_dags/example_trigger_target_dag.py for tasks to queue
[2023-03-04T16:02:16.616+0100] {logging_mixin.py:137} INFO - [2023-03-04T16:02:16.615+0100] {dagbag.py:537} INFO - Filling up the DagBag from /Users/uab910/dev/nnam-poc/pyenv/lib/python3.10/site-packages/airflow/example_dags/example_trigger_target_dag.py
[2023-03-04T16:02:16.674+0100] {processor.py:766} INFO - DAG(s) dict_keys(['example_trigger_target_dag']) retrieved from /Users/uab910/dev/nnam-poc/pyenv/lib/python3.10/site-packages/airflow/example_dags/example_trigger_target_dag.py
[2023-03-04T16:02:16.846+0100] {logging_mixin.py:137} INFO - [2023-03-04T16:02:16.845+0100] {dag.py:2585} INFO - Sync 1 DAGs
[2023-03-04T16:02:16.858+0100] {logging_mixin.py:137} INFO - [2023-03-04T16:02:16.858+0100] {dag.py:3336} INFO - Setting next_dagrun for example_trigger_target_dag to None, run_after=None
[2023-03-04T16:02:16.872+0100] {processor.py:176} INFO - Processing /Users/uab910/dev/nnam-poc/pyenv/lib/python3.10/site-packages/airflow/example_dags/example_trigger_target_dag.py took 0.263 seconds
[2023-03-04T16:03:48.838+0100] {processor.py:154} INFO - Started process (PID=64366) to work on /Users/uab910/dev/nnam-poc/pyenv/lib/python3.10/site-packages/airflow/example_dags/example_trigger_target_dag.py
[2023-03-04T16:03:48.843+0100] {processor.py:756} INFO - Processing file /Users/uab910/dev/nnam-poc/pyenv/lib/python3.10/site-packages/airflow/example_dags/example_trigger_target_dag.py for tasks to queue
[2023-03-04T16:03:48.844+0100] {logging_mixin.py:137} INFO - [2023-03-04T16:03:48.844+0100] {dagbag.py:537} INFO - Filling up the DagBag from /Users/uab910/dev/nnam-poc/pyenv/lib/python3.10/site-packages/airflow/example_dags/example_trigger_target_dag.py
[2023-03-04T16:03:48.904+0100] {processor.py:766} INFO - DAG(s) dict_keys(['example_trigger_target_dag']) retrieved from /Users/uab910/dev/nnam-poc/pyenv/lib/python3.10/site-packages/airflow/example_dags/example_trigger_target_dag.py
[2023-03-04T16:03:49.054+0100] {logging_mixin.py:137} INFO - [2023-03-04T16:03:49.054+0100] {dag.py:2585} INFO - Sync 1 DAGs
[2023-03-04T16:03:49.066+0100] {logging_mixin.py:137} INFO - [2023-03-04T16:03:49.066+0100] {dag.py:3336} INFO - Setting next_dagrun for example_trigger_target_dag to None, run_after=None
[2023-03-04T16:03:49.080+0100] {processor.py:176} INFO - Processing /Users/uab910/dev/nnam-poc/pyenv/lib/python3.10/site-packages/airflow/example_dags/example_trigger_target_dag.py took 0.243 seconds
