[2023-03-04T15:59:42.064+0100] {processor.py:154} INFO - Started process (PID=64184) to work on /Users/uab910/dev/nnam-poc/pyenv/lib/python3.10/site-packages/airflow/example_dags/example_short_circuit_operator.py
[2023-03-04T15:59:42.069+0100] {processor.py:756} INFO - Processing file /Users/uab910/dev/nnam-poc/pyenv/lib/python3.10/site-packages/airflow/example_dags/example_short_circuit_operator.py for tasks to queue
[2023-03-04T15:59:42.069+0100] {logging_mixin.py:137} INFO - [2023-03-04T15:59:42.069+0100] {dagbag.py:537} INFO - Filling up the DagBag from /Users/uab910/dev/nnam-poc/pyenv/lib/python3.10/site-packages/airflow/example_dags/example_short_circuit_operator.py
[2023-03-04T15:59:42.116+0100] {processor.py:766} INFO - DAG(s) dict_keys(['example_short_circuit_operator']) retrieved from /Users/uab910/dev/nnam-poc/pyenv/lib/python3.10/site-packages/airflow/example_dags/example_short_circuit_operator.py
[2023-03-04T15:59:42.298+0100] {logging_mixin.py:137} INFO - [2023-03-04T15:59:42.298+0100] {dag.py:2585} INFO - Sync 1 DAGs
[2023-03-04T15:59:42.312+0100] {logging_mixin.py:137} INFO - [2023-03-04T15:59:42.312+0100] {dag.py:3336} INFO - Setting next_dagrun for example_short_circuit_operator to 2023-03-03T14:59:42.312204+00:00, run_after=2023-03-04T14:59:42.312204+00:00
[2023-03-04T15:59:42.329+0100] {processor.py:176} INFO - Processing /Users/uab910/dev/nnam-poc/pyenv/lib/python3.10/site-packages/airflow/example_dags/example_short_circuit_operator.py took 0.265 seconds
[2023-03-04T16:01:00.250+0100] {processor.py:154} INFO - Started process (PID=64239) to work on /Users/uab910/dev/nnam-poc/pyenv/lib/python3.10/site-packages/airflow/example_dags/example_short_circuit_operator.py
[2023-03-04T16:01:00.256+0100] {processor.py:756} INFO - Processing file /Users/uab910/dev/nnam-poc/pyenv/lib/python3.10/site-packages/airflow/example_dags/example_short_circuit_operator.py for tasks to queue
[2023-03-04T16:01:00.257+0100] {logging_mixin.py:137} INFO - [2023-03-04T16:01:00.256+0100] {dagbag.py:537} INFO - Filling up the DagBag from /Users/uab910/dev/nnam-poc/pyenv/lib/python3.10/site-packages/airflow/example_dags/example_short_circuit_operator.py
[2023-03-04T16:01:00.309+0100] {processor.py:766} INFO - DAG(s) dict_keys(['example_short_circuit_operator']) retrieved from /Users/uab910/dev/nnam-poc/pyenv/lib/python3.10/site-packages/airflow/example_dags/example_short_circuit_operator.py
[2023-03-04T16:01:00.478+0100] {logging_mixin.py:137} INFO - [2023-03-04T16:01:00.478+0100] {dag.py:2585} INFO - Sync 1 DAGs
[2023-03-04T16:01:00.493+0100] {logging_mixin.py:137} INFO - [2023-03-04T16:01:00.493+0100] {dag.py:3336} INFO - Setting next_dagrun for example_short_circuit_operator to 2023-03-03T15:01:00.493112+00:00, run_after=2023-03-04T15:01:00.493112+00:00
[2023-03-04T16:01:00.510+0100] {processor.py:176} INFO - Processing /Users/uab910/dev/nnam-poc/pyenv/lib/python3.10/site-packages/airflow/example_dags/example_short_circuit_operator.py took 0.261 seconds
[2023-03-04T16:02:32.724+0100] {processor.py:154} INFO - Started process (PID=64303) to work on /Users/uab910/dev/nnam-poc/pyenv/lib/python3.10/site-packages/airflow/example_dags/example_short_circuit_operator.py
[2023-03-04T16:02:32.730+0100] {processor.py:756} INFO - Processing file /Users/uab910/dev/nnam-poc/pyenv/lib/python3.10/site-packages/airflow/example_dags/example_short_circuit_operator.py for tasks to queue
[2023-03-04T16:02:32.731+0100] {logging_mixin.py:137} INFO - [2023-03-04T16:02:32.731+0100] {dagbag.py:537} INFO - Filling up the DagBag from /Users/uab910/dev/nnam-poc/pyenv/lib/python3.10/site-packages/airflow/example_dags/example_short_circuit_operator.py
[2023-03-04T16:02:32.781+0100] {processor.py:766} INFO - DAG(s) dict_keys(['example_short_circuit_operator']) retrieved from /Users/uab910/dev/nnam-poc/pyenv/lib/python3.10/site-packages/airflow/example_dags/example_short_circuit_operator.py
[2023-03-04T16:02:32.964+0100] {logging_mixin.py:137} INFO - [2023-03-04T16:02:32.963+0100] {dag.py:2585} INFO - Sync 1 DAGs
[2023-03-04T16:02:32.980+0100] {logging_mixin.py:137} INFO - [2023-03-04T16:02:32.980+0100] {dag.py:3336} INFO - Setting next_dagrun for example_short_circuit_operator to 2023-03-03T15:02:32.980694+00:00, run_after=2023-03-04T15:02:32.980694+00:00
[2023-03-04T16:02:33.000+0100] {processor.py:176} INFO - Processing /Users/uab910/dev/nnam-poc/pyenv/lib/python3.10/site-packages/airflow/example_dags/example_short_circuit_operator.py took 0.277 seconds
[2023-03-04T16:04:04.369+0100] {processor.py:154} INFO - Started process (PID=64379) to work on /Users/uab910/dev/nnam-poc/pyenv/lib/python3.10/site-packages/airflow/example_dags/example_short_circuit_operator.py
[2023-03-04T16:04:04.375+0100] {processor.py:756} INFO - Processing file /Users/uab910/dev/nnam-poc/pyenv/lib/python3.10/site-packages/airflow/example_dags/example_short_circuit_operator.py for tasks to queue
[2023-03-04T16:04:04.375+0100] {logging_mixin.py:137} INFO - [2023-03-04T16:04:04.375+0100] {dagbag.py:537} INFO - Filling up the DagBag from /Users/uab910/dev/nnam-poc/pyenv/lib/python3.10/site-packages/airflow/example_dags/example_short_circuit_operator.py
[2023-03-04T16:04:04.424+0100] {processor.py:766} INFO - DAG(s) dict_keys(['example_short_circuit_operator']) retrieved from /Users/uab910/dev/nnam-poc/pyenv/lib/python3.10/site-packages/airflow/example_dags/example_short_circuit_operator.py
[2023-03-04T16:04:04.588+0100] {logging_mixin.py:137} INFO - [2023-03-04T16:04:04.588+0100] {dag.py:2585} INFO - Sync 1 DAGs
[2023-03-04T16:04:04.602+0100] {logging_mixin.py:137} INFO - [2023-03-04T16:04:04.601+0100] {dag.py:3336} INFO - Setting next_dagrun for example_short_circuit_operator to 2023-03-03T15:04:04.601838+00:00, run_after=2023-03-04T15:04:04.601838+00:00
[2023-03-04T16:04:04.616+0100] {processor.py:176} INFO - Processing /Users/uab910/dev/nnam-poc/pyenv/lib/python3.10/site-packages/airflow/example_dags/example_short_circuit_operator.py took 0.248 seconds
