[2023-03-04T15:59:17.987+0100] {processor.py:154} INFO - Started process (PID=64146) to work on /Users/uab910/dev/nnam-poc/pyenv/lib/python3.10/site-packages/airflow/example_dags/tutorial.py
[2023-03-04T15:59:17.992+0100] {processor.py:756} INFO - Processing file /Users/uab910/dev/nnam-poc/pyenv/lib/python3.10/site-packages/airflow/example_dags/tutorial.py for tasks to queue
[2023-03-04T15:59:17.992+0100] {logging_mixin.py:137} INFO - [2023-03-04T15:59:17.992+0100] {dagbag.py:537} INFO - Filling up the DagBag from /Users/uab910/dev/nnam-poc/pyenv/lib/python3.10/site-packages/airflow/example_dags/tutorial.py
[2023-03-04T15:59:18.022+0100] {processor.py:766} INFO - DAG(s) dict_keys(['tutorial']) retrieved from /Users/uab910/dev/nnam-poc/pyenv/lib/python3.10/site-packages/airflow/example_dags/tutorial.py
[2023-03-04T15:59:18.058+0100] {logging_mixin.py:137} INFO - [2023-03-04T15:59:18.058+0100] {dag.py:2585} INFO - Sync 1 DAGs
[2023-03-04T15:59:18.158+0100] {logging_mixin.py:137} INFO - [2023-03-04T15:59:18.158+0100] {dag.py:3336} INFO - Setting next_dagrun for tutorial to 2023-03-03T14:59:18.158740+00:00, run_after=2023-03-04T14:59:18.158740+00:00
[2023-03-04T15:59:18.173+0100] {processor.py:176} INFO - Processing /Users/uab910/dev/nnam-poc/pyenv/lib/python3.10/site-packages/airflow/example_dags/tutorial.py took 0.186 seconds
[2023-03-04T16:00:38.165+0100] {processor.py:154} INFO - Started process (PID=64224) to work on /Users/uab910/dev/nnam-poc/pyenv/lib/python3.10/site-packages/airflow/example_dags/tutorial.py
[2023-03-04T16:00:38.175+0100] {processor.py:756} INFO - Processing file /Users/uab910/dev/nnam-poc/pyenv/lib/python3.10/site-packages/airflow/example_dags/tutorial.py for tasks to queue
[2023-03-04T16:00:38.175+0100] {logging_mixin.py:137} INFO - [2023-03-04T16:00:38.175+0100] {dagbag.py:537} INFO - Filling up the DagBag from /Users/uab910/dev/nnam-poc/pyenv/lib/python3.10/site-packages/airflow/example_dags/tutorial.py
[2023-03-04T16:00:38.234+0100] {processor.py:766} INFO - DAG(s) dict_keys(['tutorial']) retrieved from /Users/uab910/dev/nnam-poc/pyenv/lib/python3.10/site-packages/airflow/example_dags/tutorial.py
[2023-03-04T16:00:38.488+0100] {logging_mixin.py:137} INFO - [2023-03-04T16:00:38.488+0100] {dag.py:2585} INFO - Sync 1 DAGs
[2023-03-04T16:00:38.506+0100] {logging_mixin.py:137} INFO - [2023-03-04T16:00:38.506+0100] {dag.py:3336} INFO - Setting next_dagrun for tutorial to 2023-03-03T15:00:38.506069+00:00, run_after=2023-03-04T15:00:38.506069+00:00
[2023-03-04T16:00:38.526+0100] {processor.py:176} INFO - Processing /Users/uab910/dev/nnam-poc/pyenv/lib/python3.10/site-packages/airflow/example_dags/tutorial.py took 0.362 seconds
[2023-03-04T16:01:23.978+0100] {processor.py:154} INFO - Started process (PID=64253) to work on /Users/uab910/dev/nnam-poc/pyenv/lib/python3.10/site-packages/airflow/example_dags/tutorial.py
[2023-03-04T16:01:23.983+0100] {processor.py:756} INFO - Processing file /Users/uab910/dev/nnam-poc/pyenv/lib/python3.10/site-packages/airflow/example_dags/tutorial.py for tasks to queue
[2023-03-04T16:01:23.983+0100] {logging_mixin.py:137} INFO - [2023-03-04T16:01:23.983+0100] {dagbag.py:537} INFO - Filling up the DagBag from /Users/uab910/dev/nnam-poc/pyenv/lib/python3.10/site-packages/airflow/example_dags/tutorial.py
[2023-03-04T16:01:24.011+0100] {processor.py:766} INFO - DAG(s) dict_keys(['tutorial']) retrieved from /Users/uab910/dev/nnam-poc/pyenv/lib/python3.10/site-packages/airflow/example_dags/tutorial.py
[2023-03-04T16:01:24.181+0100] {logging_mixin.py:137} INFO - [2023-03-04T16:01:24.181+0100] {dag.py:2585} INFO - Sync 1 DAGs
[2023-03-04T16:01:24.193+0100] {logging_mixin.py:137} INFO - [2023-03-04T16:01:24.193+0100] {dag.py:3336} INFO - Setting next_dagrun for tutorial to 2023-03-03T15:01:24.193755+00:00, run_after=2023-03-04T15:01:24.193755+00:00
[2023-03-04T16:01:24.207+0100] {processor.py:176} INFO - Processing /Users/uab910/dev/nnam-poc/pyenv/lib/python3.10/site-packages/airflow/example_dags/tutorial.py took 0.230 seconds
[2023-03-04T16:02:10.059+0100] {processor.py:154} INFO - Started process (PID=64291) to work on /Users/uab910/dev/nnam-poc/pyenv/lib/python3.10/site-packages/airflow/example_dags/tutorial.py
[2023-03-04T16:02:10.065+0100] {processor.py:756} INFO - Processing file /Users/uab910/dev/nnam-poc/pyenv/lib/python3.10/site-packages/airflow/example_dags/tutorial.py for tasks to queue
[2023-03-04T16:02:10.066+0100] {logging_mixin.py:137} INFO - [2023-03-04T16:02:10.066+0100] {dagbag.py:537} INFO - Filling up the DagBag from /Users/uab910/dev/nnam-poc/pyenv/lib/python3.10/site-packages/airflow/example_dags/tutorial.py
[2023-03-04T16:02:10.106+0100] {processor.py:766} INFO - DAG(s) dict_keys(['tutorial']) retrieved from /Users/uab910/dev/nnam-poc/pyenv/lib/python3.10/site-packages/airflow/example_dags/tutorial.py
[2023-03-04T16:02:10.298+0100] {logging_mixin.py:137} INFO - [2023-03-04T16:02:10.298+0100] {dag.py:2585} INFO - Sync 1 DAGs
[2023-03-04T16:02:10.311+0100] {logging_mixin.py:137} INFO - [2023-03-04T16:02:10.311+0100] {dag.py:3336} INFO - Setting next_dagrun for tutorial to 2023-03-03T15:02:10.310979+00:00, run_after=2023-03-04T15:02:10.310979+00:00
[2023-03-04T16:02:10.327+0100] {processor.py:176} INFO - Processing /Users/uab910/dev/nnam-poc/pyenv/lib/python3.10/site-packages/airflow/example_dags/tutorial.py took 0.269 seconds
[2023-03-04T16:02:56.343+0100] {processor.py:154} INFO - Started process (PID=64329) to work on /Users/uab910/dev/nnam-poc/pyenv/lib/python3.10/site-packages/airflow/example_dags/tutorial.py
[2023-03-04T16:02:56.348+0100] {processor.py:756} INFO - Processing file /Users/uab910/dev/nnam-poc/pyenv/lib/python3.10/site-packages/airflow/example_dags/tutorial.py for tasks to queue
[2023-03-04T16:02:56.348+0100] {logging_mixin.py:137} INFO - [2023-03-04T16:02:56.348+0100] {dagbag.py:537} INFO - Filling up the DagBag from /Users/uab910/dev/nnam-poc/pyenv/lib/python3.10/site-packages/airflow/example_dags/tutorial.py
[2023-03-04T16:02:56.378+0100] {processor.py:766} INFO - DAG(s) dict_keys(['tutorial']) retrieved from /Users/uab910/dev/nnam-poc/pyenv/lib/python3.10/site-packages/airflow/example_dags/tutorial.py
[2023-03-04T16:02:56.581+0100] {logging_mixin.py:137} INFO - [2023-03-04T16:02:56.581+0100] {dag.py:2585} INFO - Sync 1 DAGs
[2023-03-04T16:02:56.596+0100] {logging_mixin.py:137} INFO - [2023-03-04T16:02:56.596+0100] {dag.py:3336} INFO - Setting next_dagrun for tutorial to 2023-03-03T15:02:56.595951+00:00, run_after=2023-03-04T15:02:56.595951+00:00
[2023-03-04T16:02:56.612+0100] {processor.py:176} INFO - Processing /Users/uab910/dev/nnam-poc/pyenv/lib/python3.10/site-packages/airflow/example_dags/tutorial.py took 0.269 seconds
[2023-03-04T16:03:42.662+0100] {processor.py:154} INFO - Started process (PID=64363) to work on /Users/uab910/dev/nnam-poc/pyenv/lib/python3.10/site-packages/airflow/example_dags/tutorial.py
[2023-03-04T16:03:42.668+0100] {processor.py:756} INFO - Processing file /Users/uab910/dev/nnam-poc/pyenv/lib/python3.10/site-packages/airflow/example_dags/tutorial.py for tasks to queue
[2023-03-04T16:03:42.669+0100] {logging_mixin.py:137} INFO - [2023-03-04T16:03:42.668+0100] {dagbag.py:537} INFO - Filling up the DagBag from /Users/uab910/dev/nnam-poc/pyenv/lib/python3.10/site-packages/airflow/example_dags/tutorial.py
[2023-03-04T16:03:42.702+0100] {processor.py:766} INFO - DAG(s) dict_keys(['tutorial']) retrieved from /Users/uab910/dev/nnam-poc/pyenv/lib/python3.10/site-packages/airflow/example_dags/tutorial.py
[2023-03-04T16:03:42.894+0100] {logging_mixin.py:137} INFO - [2023-03-04T16:03:42.894+0100] {dag.py:2585} INFO - Sync 1 DAGs
[2023-03-04T16:03:42.909+0100] {logging_mixin.py:137} INFO - [2023-03-04T16:03:42.909+0100] {dag.py:3336} INFO - Setting next_dagrun for tutorial to 2023-03-03T15:03:42.909740+00:00, run_after=2023-03-04T15:03:42.909740+00:00
[2023-03-04T16:03:42.926+0100] {processor.py:176} INFO - Processing /Users/uab910/dev/nnam-poc/pyenv/lib/python3.10/site-packages/airflow/example_dags/tutorial.py took 0.264 seconds
