[2023-03-03T16:01:23.299+0100] {processor.py:154} INFO - Started process (PID=57145) to work on /Users/uab910/dev/nnam-poc/pyenv/lib/python3.10/site-packages/airflow/example_dags/example_latest_only.py
[2023-03-03T16:01:23.304+0100] {processor.py:756} INFO - Processing file /Users/uab910/dev/nnam-poc/pyenv/lib/python3.10/site-packages/airflow/example_dags/example_latest_only.py for tasks to queue
[2023-03-03T16:01:23.305+0100] {logging_mixin.py:137} INFO - [2023-03-03T16:01:23.305+0100] {dagbag.py:537} INFO - Filling up the DagBag from /Users/uab910/dev/nnam-poc/pyenv/lib/python3.10/site-packages/airflow/example_dags/example_latest_only.py
[2023-03-03T16:01:23.339+0100] {processor.py:766} INFO - DAG(s) dict_keys(['latest_only']) retrieved from /Users/uab910/dev/nnam-poc/pyenv/lib/python3.10/site-packages/airflow/example_dags/example_latest_only.py
[2023-03-03T16:01:24.567+0100] {logging_mixin.py:137} INFO - [2023-03-03T16:01:24.567+0100] {manager.py:507} INFO - Created Permission View: can read on DAG:latest_only
[2023-03-03T16:01:24.575+0100] {logging_mixin.py:137} INFO - [2023-03-03T16:01:24.575+0100] {manager.py:507} INFO - Created Permission View: can edit on DAG:latest_only
[2023-03-03T16:01:24.581+0100] {logging_mixin.py:137} INFO - [2023-03-03T16:01:24.580+0100] {manager.py:507} INFO - Created Permission View: can delete on DAG:latest_only
[2023-03-03T16:01:24.581+0100] {logging_mixin.py:137} INFO - [2023-03-03T16:01:24.581+0100] {dag.py:2585} INFO - Sync 1 DAGs
[2023-03-03T16:01:24.590+0100] {logging_mixin.py:137} INFO - [2023-03-03T16:01:24.590+0100] {dag.py:2606} INFO - Creating ORM DAG for latest_only
[2023-03-03T16:01:24.596+0100] {logging_mixin.py:137} INFO - [2023-03-03T16:01:24.596+0100] {dag.py:3336} INFO - Setting next_dagrun for latest_only to 2023-03-03T11:01:24.596744+00:00, run_after=2023-03-03T15:01:24.596744+00:00
[2023-03-03T16:01:24.614+0100] {processor.py:176} INFO - Processing /Users/uab910/dev/nnam-poc/pyenv/lib/python3.10/site-packages/airflow/example_dags/example_latest_only.py took 1.315 seconds
[2023-03-03T16:03:22.132+0100] {processor.py:154} INFO - Started process (PID=57242) to work on /Users/uab910/dev/nnam-poc/pyenv/lib/python3.10/site-packages/airflow/example_dags/example_latest_only.py
[2023-03-03T16:03:22.137+0100] {processor.py:756} INFO - Processing file /Users/uab910/dev/nnam-poc/pyenv/lib/python3.10/site-packages/airflow/example_dags/example_latest_only.py for tasks to queue
[2023-03-03T16:03:22.138+0100] {logging_mixin.py:137} INFO - [2023-03-03T16:03:22.137+0100] {dagbag.py:537} INFO - Filling up the DagBag from /Users/uab910/dev/nnam-poc/pyenv/lib/python3.10/site-packages/airflow/example_dags/example_latest_only.py
[2023-03-03T16:03:22.168+0100] {processor.py:766} INFO - DAG(s) dict_keys(['latest_only']) retrieved from /Users/uab910/dev/nnam-poc/pyenv/lib/python3.10/site-packages/airflow/example_dags/example_latest_only.py
[2023-03-03T16:03:22.344+0100] {logging_mixin.py:137} INFO - [2023-03-03T16:03:22.344+0100] {dag.py:2585} INFO - Sync 1 DAGs
[2023-03-03T16:03:22.359+0100] {logging_mixin.py:137} INFO - [2023-03-03T16:03:22.359+0100] {dag.py:3336} INFO - Setting next_dagrun for latest_only to 2023-03-03T11:03:22.359051+00:00, run_after=2023-03-03T15:03:22.359051+00:00
[2023-03-03T16:03:22.376+0100] {processor.py:176} INFO - Processing /Users/uab910/dev/nnam-poc/pyenv/lib/python3.10/site-packages/airflow/example_dags/example_latest_only.py took 0.245 seconds
[2023-03-03T16:04:38.499+0100] {processor.py:154} INFO - Started process (PID=57301) to work on /Users/uab910/dev/nnam-poc/pyenv/lib/python3.10/site-packages/airflow/example_dags/example_latest_only.py
[2023-03-03T16:04:38.504+0100] {processor.py:756} INFO - Processing file /Users/uab910/dev/nnam-poc/pyenv/lib/python3.10/site-packages/airflow/example_dags/example_latest_only.py for tasks to queue
[2023-03-03T16:04:38.504+0100] {logging_mixin.py:137} INFO - [2023-03-03T16:04:38.504+0100] {dagbag.py:537} INFO - Filling up the DagBag from /Users/uab910/dev/nnam-poc/pyenv/lib/python3.10/site-packages/airflow/example_dags/example_latest_only.py
[2023-03-03T16:04:38.535+0100] {processor.py:766} INFO - DAG(s) dict_keys(['latest_only']) retrieved from /Users/uab910/dev/nnam-poc/pyenv/lib/python3.10/site-packages/airflow/example_dags/example_latest_only.py
[2023-03-03T16:04:38.719+0100] {logging_mixin.py:137} INFO - [2023-03-03T16:04:38.719+0100] {dag.py:2585} INFO - Sync 1 DAGs
[2023-03-03T16:04:38.733+0100] {logging_mixin.py:137} INFO - [2023-03-03T16:04:38.733+0100] {dag.py:3336} INFO - Setting next_dagrun for latest_only to 2023-03-03T11:04:38.733196+00:00, run_after=2023-03-03T15:04:38.733196+00:00
[2023-03-03T16:04:38.749+0100] {processor.py:176} INFO - Processing /Users/uab910/dev/nnam-poc/pyenv/lib/python3.10/site-packages/airflow/example_dags/example_latest_only.py took 0.250 seconds
[2023-03-03T16:05:52.134+0100] {processor.py:154} INFO - Started process (PID=57349) to work on /Users/uab910/dev/nnam-poc/pyenv/lib/python3.10/site-packages/airflow/example_dags/example_latest_only.py
[2023-03-03T16:05:52.140+0100] {processor.py:756} INFO - Processing file /Users/uab910/dev/nnam-poc/pyenv/lib/python3.10/site-packages/airflow/example_dags/example_latest_only.py for tasks to queue
[2023-03-03T16:05:52.141+0100] {logging_mixin.py:137} INFO - [2023-03-03T16:05:52.141+0100] {dagbag.py:537} INFO - Filling up the DagBag from /Users/uab910/dev/nnam-poc/pyenv/lib/python3.10/site-packages/airflow/example_dags/example_latest_only.py
[2023-03-03T16:05:52.173+0100] {processor.py:766} INFO - DAG(s) dict_keys(['latest_only']) retrieved from /Users/uab910/dev/nnam-poc/pyenv/lib/python3.10/site-packages/airflow/example_dags/example_latest_only.py
[2023-03-03T16:05:52.381+0100] {logging_mixin.py:137} INFO - [2023-03-03T16:05:52.380+0100] {dag.py:2585} INFO - Sync 1 DAGs
[2023-03-03T16:05:52.400+0100] {logging_mixin.py:137} INFO - [2023-03-03T16:05:52.399+0100] {dag.py:3336} INFO - Setting next_dagrun for latest_only to 2023-03-03T11:05:52.399683+00:00, run_after=2023-03-03T15:05:52.399683+00:00
[2023-03-03T16:05:52.419+0100] {processor.py:176} INFO - Processing /Users/uab910/dev/nnam-poc/pyenv/lib/python3.10/site-packages/airflow/example_dags/example_latest_only.py took 0.285 seconds
[2023-03-03T16:07:13.148+0100] {processor.py:154} INFO - Started process (PID=57404) to work on /Users/uab910/dev/nnam-poc/pyenv/lib/python3.10/site-packages/airflow/example_dags/example_latest_only.py
[2023-03-03T16:07:13.153+0100] {processor.py:756} INFO - Processing file /Users/uab910/dev/nnam-poc/pyenv/lib/python3.10/site-packages/airflow/example_dags/example_latest_only.py for tasks to queue
[2023-03-03T16:07:13.153+0100] {logging_mixin.py:137} INFO - [2023-03-03T16:07:13.153+0100] {dagbag.py:537} INFO - Filling up the DagBag from /Users/uab910/dev/nnam-poc/pyenv/lib/python3.10/site-packages/airflow/example_dags/example_latest_only.py
[2023-03-03T16:07:13.189+0100] {processor.py:766} INFO - DAG(s) dict_keys(['latest_only']) retrieved from /Users/uab910/dev/nnam-poc/pyenv/lib/python3.10/site-packages/airflow/example_dags/example_latest_only.py
[2023-03-03T16:07:13.476+0100] {logging_mixin.py:137} INFO - [2023-03-03T16:07:13.476+0100] {dag.py:2585} INFO - Sync 1 DAGs
[2023-03-03T16:07:13.495+0100] {logging_mixin.py:137} INFO - [2023-03-03T16:07:13.495+0100] {dag.py:3336} INFO - Setting next_dagrun for latest_only to 2023-03-03T11:07:13.494935+00:00, run_after=2023-03-03T15:07:13.494935+00:00
[2023-03-03T16:07:13.513+0100] {processor.py:176} INFO - Processing /Users/uab910/dev/nnam-poc/pyenv/lib/python3.10/site-packages/airflow/example_dags/example_latest_only.py took 0.366 seconds
[2023-03-03T16:08:33.505+0100] {processor.py:154} INFO - Started process (PID=57454) to work on /Users/uab910/dev/nnam-poc/pyenv/lib/python3.10/site-packages/airflow/example_dags/example_latest_only.py
[2023-03-03T16:08:33.511+0100] {processor.py:756} INFO - Processing file /Users/uab910/dev/nnam-poc/pyenv/lib/python3.10/site-packages/airflow/example_dags/example_latest_only.py for tasks to queue
[2023-03-03T16:08:33.511+0100] {logging_mixin.py:137} INFO - [2023-03-03T16:08:33.511+0100] {dagbag.py:537} INFO - Filling up the DagBag from /Users/uab910/dev/nnam-poc/pyenv/lib/python3.10/site-packages/airflow/example_dags/example_latest_only.py
[2023-03-03T16:08:33.545+0100] {processor.py:766} INFO - DAG(s) dict_keys(['latest_only']) retrieved from /Users/uab910/dev/nnam-poc/pyenv/lib/python3.10/site-packages/airflow/example_dags/example_latest_only.py
[2023-03-03T16:08:33.736+0100] {logging_mixin.py:137} INFO - [2023-03-03T16:08:33.736+0100] {dag.py:2585} INFO - Sync 1 DAGs
[2023-03-03T16:08:33.751+0100] {logging_mixin.py:137} INFO - [2023-03-03T16:08:33.750+0100] {dag.py:3336} INFO - Setting next_dagrun for latest_only to 2023-03-03T11:08:33.750867+00:00, run_after=2023-03-03T15:08:33.750867+00:00
[2023-03-03T16:08:33.766+0100] {processor.py:176} INFO - Processing /Users/uab910/dev/nnam-poc/pyenv/lib/python3.10/site-packages/airflow/example_dags/example_latest_only.py took 0.262 seconds
[2023-03-03T16:09:50.572+0100] {processor.py:154} INFO - Started process (PID=57504) to work on /Users/uab910/dev/nnam-poc/pyenv/lib/python3.10/site-packages/airflow/example_dags/example_latest_only.py
[2023-03-03T16:09:50.577+0100] {processor.py:756} INFO - Processing file /Users/uab910/dev/nnam-poc/pyenv/lib/python3.10/site-packages/airflow/example_dags/example_latest_only.py for tasks to queue
[2023-03-03T16:09:50.577+0100] {logging_mixin.py:137} INFO - [2023-03-03T16:09:50.577+0100] {dagbag.py:537} INFO - Filling up the DagBag from /Users/uab910/dev/nnam-poc/pyenv/lib/python3.10/site-packages/airflow/example_dags/example_latest_only.py
[2023-03-03T16:09:50.609+0100] {processor.py:766} INFO - DAG(s) dict_keys(['latest_only']) retrieved from /Users/uab910/dev/nnam-poc/pyenv/lib/python3.10/site-packages/airflow/example_dags/example_latest_only.py
[2023-03-03T16:09:50.782+0100] {logging_mixin.py:137} INFO - [2023-03-03T16:09:50.782+0100] {dag.py:2585} INFO - Sync 1 DAGs
[2023-03-03T16:09:50.796+0100] {logging_mixin.py:137} INFO - [2023-03-03T16:09:50.796+0100] {dag.py:3336} INFO - Setting next_dagrun for latest_only to 2023-03-03T11:09:50.796618+00:00, run_after=2023-03-03T15:09:50.796618+00:00
[2023-03-03T16:09:50.813+0100] {processor.py:176} INFO - Processing /Users/uab910/dev/nnam-poc/pyenv/lib/python3.10/site-packages/airflow/example_dags/example_latest_only.py took 0.242 seconds
[2023-03-03T16:11:07.228+0100] {processor.py:154} INFO - Started process (PID=57549) to work on /Users/uab910/dev/nnam-poc/pyenv/lib/python3.10/site-packages/airflow/example_dags/example_latest_only.py
[2023-03-03T16:11:07.234+0100] {processor.py:756} INFO - Processing file /Users/uab910/dev/nnam-poc/pyenv/lib/python3.10/site-packages/airflow/example_dags/example_latest_only.py for tasks to queue
[2023-03-03T16:11:07.235+0100] {logging_mixin.py:137} INFO - [2023-03-03T16:11:07.234+0100] {dagbag.py:537} INFO - Filling up the DagBag from /Users/uab910/dev/nnam-poc/pyenv/lib/python3.10/site-packages/airflow/example_dags/example_latest_only.py
[2023-03-03T16:11:07.266+0100] {processor.py:766} INFO - DAG(s) dict_keys(['latest_only']) retrieved from /Users/uab910/dev/nnam-poc/pyenv/lib/python3.10/site-packages/airflow/example_dags/example_latest_only.py
[2023-03-03T16:11:07.441+0100] {logging_mixin.py:137} INFO - [2023-03-03T16:11:07.441+0100] {dag.py:2585} INFO - Sync 1 DAGs
[2023-03-03T16:11:07.456+0100] {logging_mixin.py:137} INFO - [2023-03-03T16:11:07.456+0100] {dag.py:3336} INFO - Setting next_dagrun for latest_only to 2023-03-03T11:11:07.456196+00:00, run_after=2023-03-03T15:11:07.456196+00:00
[2023-03-03T16:11:07.472+0100] {processor.py:176} INFO - Processing /Users/uab910/dev/nnam-poc/pyenv/lib/python3.10/site-packages/airflow/example_dags/example_latest_only.py took 0.245 seconds
[2023-03-03T16:12:25.603+0100] {processor.py:154} INFO - Started process (PID=57588) to work on /Users/uab910/dev/nnam-poc/pyenv/lib/python3.10/site-packages/airflow/example_dags/example_latest_only.py
[2023-03-03T16:12:25.608+0100] {processor.py:756} INFO - Processing file /Users/uab910/dev/nnam-poc/pyenv/lib/python3.10/site-packages/airflow/example_dags/example_latest_only.py for tasks to queue
[2023-03-03T16:12:25.609+0100] {logging_mixin.py:137} INFO - [2023-03-03T16:12:25.609+0100] {dagbag.py:537} INFO - Filling up the DagBag from /Users/uab910/dev/nnam-poc/pyenv/lib/python3.10/site-packages/airflow/example_dags/example_latest_only.py
[2023-03-03T16:12:25.641+0100] {processor.py:766} INFO - DAG(s) dict_keys(['latest_only']) retrieved from /Users/uab910/dev/nnam-poc/pyenv/lib/python3.10/site-packages/airflow/example_dags/example_latest_only.py
[2023-03-03T16:12:25.825+0100] {logging_mixin.py:137} INFO - [2023-03-03T16:12:25.825+0100] {dag.py:2585} INFO - Sync 1 DAGs
[2023-03-03T16:12:25.840+0100] {logging_mixin.py:137} INFO - [2023-03-03T16:12:25.840+0100] {dag.py:3336} INFO - Setting next_dagrun for latest_only to 2023-03-03T11:12:25.840162+00:00, run_after=2023-03-03T15:12:25.840162+00:00
[2023-03-03T16:12:25.856+0100] {processor.py:176} INFO - Processing /Users/uab910/dev/nnam-poc/pyenv/lib/python3.10/site-packages/airflow/example_dags/example_latest_only.py took 0.255 seconds
[2023-03-03T16:13:37.947+0100] {processor.py:154} INFO - Started process (PID=57637) to work on /Users/uab910/dev/nnam-poc/pyenv/lib/python3.10/site-packages/airflow/example_dags/example_latest_only.py
[2023-03-03T16:13:37.952+0100] {processor.py:756} INFO - Processing file /Users/uab910/dev/nnam-poc/pyenv/lib/python3.10/site-packages/airflow/example_dags/example_latest_only.py for tasks to queue
[2023-03-03T16:13:37.953+0100] {logging_mixin.py:137} INFO - [2023-03-03T16:13:37.953+0100] {dagbag.py:537} INFO - Filling up the DagBag from /Users/uab910/dev/nnam-poc/pyenv/lib/python3.10/site-packages/airflow/example_dags/example_latest_only.py
[2023-03-03T16:13:37.985+0100] {processor.py:766} INFO - DAG(s) dict_keys(['latest_only']) retrieved from /Users/uab910/dev/nnam-poc/pyenv/lib/python3.10/site-packages/airflow/example_dags/example_latest_only.py
[2023-03-03T16:13:38.163+0100] {logging_mixin.py:137} INFO - [2023-03-03T16:13:38.163+0100] {dag.py:2585} INFO - Sync 1 DAGs
[2023-03-03T16:13:38.179+0100] {logging_mixin.py:137} INFO - [2023-03-03T16:13:38.179+0100] {dag.py:3336} INFO - Setting next_dagrun for latest_only to 2023-03-03T11:13:38.179435+00:00, run_after=2023-03-03T15:13:38.179435+00:00
[2023-03-03T16:13:38.195+0100] {processor.py:176} INFO - Processing /Users/uab910/dev/nnam-poc/pyenv/lib/python3.10/site-packages/airflow/example_dags/example_latest_only.py took 0.249 seconds
[2023-03-03T16:14:53.743+0100] {processor.py:154} INFO - Started process (PID=57693) to work on /Users/uab910/dev/nnam-poc/pyenv/lib/python3.10/site-packages/airflow/example_dags/example_latest_only.py
[2023-03-03T16:14:53.750+0100] {processor.py:756} INFO - Processing file /Users/uab910/dev/nnam-poc/pyenv/lib/python3.10/site-packages/airflow/example_dags/example_latest_only.py for tasks to queue
[2023-03-03T16:14:53.750+0100] {logging_mixin.py:137} INFO - [2023-03-03T16:14:53.750+0100] {dagbag.py:537} INFO - Filling up the DagBag from /Users/uab910/dev/nnam-poc/pyenv/lib/python3.10/site-packages/airflow/example_dags/example_latest_only.py
[2023-03-03T16:14:53.785+0100] {processor.py:766} INFO - DAG(s) dict_keys(['latest_only']) retrieved from /Users/uab910/dev/nnam-poc/pyenv/lib/python3.10/site-packages/airflow/example_dags/example_latest_only.py
[2023-03-03T16:14:53.980+0100] {logging_mixin.py:137} INFO - [2023-03-03T16:14:53.980+0100] {dag.py:2585} INFO - Sync 1 DAGs
[2023-03-03T16:14:53.997+0100] {logging_mixin.py:137} INFO - [2023-03-03T16:14:53.997+0100] {dag.py:3336} INFO - Setting next_dagrun for latest_only to 2023-03-03T11:14:53.997102+00:00, run_after=2023-03-03T15:14:53.997102+00:00
[2023-03-03T16:14:54.014+0100] {processor.py:176} INFO - Processing /Users/uab910/dev/nnam-poc/pyenv/lib/python3.10/site-packages/airflow/example_dags/example_latest_only.py took 0.272 seconds
[2023-03-03T16:16:11.943+0100] {processor.py:154} INFO - Started process (PID=57754) to work on /Users/uab910/dev/nnam-poc/pyenv/lib/python3.10/site-packages/airflow/example_dags/example_latest_only.py
[2023-03-03T16:16:11.948+0100] {processor.py:756} INFO - Processing file /Users/uab910/dev/nnam-poc/pyenv/lib/python3.10/site-packages/airflow/example_dags/example_latest_only.py for tasks to queue
[2023-03-03T16:16:11.948+0100] {logging_mixin.py:137} INFO - [2023-03-03T16:16:11.948+0100] {dagbag.py:537} INFO - Filling up the DagBag from /Users/uab910/dev/nnam-poc/pyenv/lib/python3.10/site-packages/airflow/example_dags/example_latest_only.py
[2023-03-03T16:16:11.980+0100] {processor.py:766} INFO - DAG(s) dict_keys(['latest_only']) retrieved from /Users/uab910/dev/nnam-poc/pyenv/lib/python3.10/site-packages/airflow/example_dags/example_latest_only.py
[2023-03-03T16:16:12.161+0100] {logging_mixin.py:137} INFO - [2023-03-03T16:16:12.161+0100] {dag.py:2585} INFO - Sync 1 DAGs
[2023-03-03T16:16:12.176+0100] {logging_mixin.py:137} INFO - [2023-03-03T16:16:12.176+0100] {dag.py:3336} INFO - Setting next_dagrun for latest_only to 2023-03-03T11:16:12.176383+00:00, run_after=2023-03-03T15:16:12.176383+00:00
[2023-03-03T16:16:12.192+0100] {processor.py:176} INFO - Processing /Users/uab910/dev/nnam-poc/pyenv/lib/python3.10/site-packages/airflow/example_dags/example_latest_only.py took 0.250 seconds
[2023-03-03T16:17:31.802+0100] {processor.py:154} INFO - Started process (PID=57843) to work on /Users/uab910/dev/nnam-poc/pyenv/lib/python3.10/site-packages/airflow/example_dags/example_latest_only.py
[2023-03-03T16:17:31.807+0100] {processor.py:756} INFO - Processing file /Users/uab910/dev/nnam-poc/pyenv/lib/python3.10/site-packages/airflow/example_dags/example_latest_only.py for tasks to queue
[2023-03-03T16:17:31.808+0100] {logging_mixin.py:137} INFO - [2023-03-03T16:17:31.808+0100] {dagbag.py:537} INFO - Filling up the DagBag from /Users/uab910/dev/nnam-poc/pyenv/lib/python3.10/site-packages/airflow/example_dags/example_latest_only.py
[2023-03-03T16:17:31.845+0100] {processor.py:766} INFO - DAG(s) dict_keys(['latest_only']) retrieved from /Users/uab910/dev/nnam-poc/pyenv/lib/python3.10/site-packages/airflow/example_dags/example_latest_only.py
[2023-03-03T16:17:32.026+0100] {logging_mixin.py:137} INFO - [2023-03-03T16:17:32.026+0100] {dag.py:2585} INFO - Sync 1 DAGs
[2023-03-03T16:17:32.040+0100] {logging_mixin.py:137} INFO - [2023-03-03T16:17:32.040+0100] {dag.py:3336} INFO - Setting next_dagrun for latest_only to 2023-03-03T11:17:32.039899+00:00, run_after=2023-03-03T15:17:32.039899+00:00
[2023-03-03T16:17:32.055+0100] {processor.py:176} INFO - Processing /Users/uab910/dev/nnam-poc/pyenv/lib/python3.10/site-packages/airflow/example_dags/example_latest_only.py took 0.254 seconds
[2023-03-03T16:18:50.623+0100] {processor.py:154} INFO - Started process (PID=57898) to work on /Users/uab910/dev/nnam-poc/pyenv/lib/python3.10/site-packages/airflow/example_dags/example_latest_only.py
[2023-03-03T16:18:50.629+0100] {processor.py:756} INFO - Processing file /Users/uab910/dev/nnam-poc/pyenv/lib/python3.10/site-packages/airflow/example_dags/example_latest_only.py for tasks to queue
[2023-03-03T16:18:50.630+0100] {logging_mixin.py:137} INFO - [2023-03-03T16:18:50.629+0100] {dagbag.py:537} INFO - Filling up the DagBag from /Users/uab910/dev/nnam-poc/pyenv/lib/python3.10/site-packages/airflow/example_dags/example_latest_only.py
[2023-03-03T16:18:50.666+0100] {processor.py:766} INFO - DAG(s) dict_keys(['latest_only']) retrieved from /Users/uab910/dev/nnam-poc/pyenv/lib/python3.10/site-packages/airflow/example_dags/example_latest_only.py
[2023-03-03T16:18:50.864+0100] {logging_mixin.py:137} INFO - [2023-03-03T16:18:50.864+0100] {dag.py:2585} INFO - Sync 1 DAGs
[2023-03-03T16:18:50.879+0100] {logging_mixin.py:137} INFO - [2023-03-03T16:18:50.879+0100] {dag.py:3336} INFO - Setting next_dagrun for latest_only to 2023-03-03T11:18:50.879469+00:00, run_after=2023-03-03T15:18:50.879469+00:00
[2023-03-03T16:18:50.897+0100] {processor.py:176} INFO - Processing /Users/uab910/dev/nnam-poc/pyenv/lib/python3.10/site-packages/airflow/example_dags/example_latest_only.py took 0.275 seconds
[2023-03-03T16:20:06.920+0100] {processor.py:154} INFO - Started process (PID=57955) to work on /Users/uab910/dev/nnam-poc/pyenv/lib/python3.10/site-packages/airflow/example_dags/example_latest_only.py
[2023-03-03T16:20:06.926+0100] {processor.py:756} INFO - Processing file /Users/uab910/dev/nnam-poc/pyenv/lib/python3.10/site-packages/airflow/example_dags/example_latest_only.py for tasks to queue
[2023-03-03T16:20:06.927+0100] {logging_mixin.py:137} INFO - [2023-03-03T16:20:06.926+0100] {dagbag.py:537} INFO - Filling up the DagBag from /Users/uab910/dev/nnam-poc/pyenv/lib/python3.10/site-packages/airflow/example_dags/example_latest_only.py
[2023-03-03T16:20:06.958+0100] {processor.py:766} INFO - DAG(s) dict_keys(['latest_only']) retrieved from /Users/uab910/dev/nnam-poc/pyenv/lib/python3.10/site-packages/airflow/example_dags/example_latest_only.py
[2023-03-03T16:20:07.127+0100] {logging_mixin.py:137} INFO - [2023-03-03T16:20:07.127+0100] {dag.py:2585} INFO - Sync 1 DAGs
[2023-03-03T16:20:07.141+0100] {logging_mixin.py:137} INFO - [2023-03-03T16:20:07.141+0100] {dag.py:3336} INFO - Setting next_dagrun for latest_only to 2023-03-03T11:20:07.141089+00:00, run_after=2023-03-03T15:20:07.141089+00:00
[2023-03-03T16:20:07.157+0100] {processor.py:176} INFO - Processing /Users/uab910/dev/nnam-poc/pyenv/lib/python3.10/site-packages/airflow/example_dags/example_latest_only.py took 0.237 seconds
[2023-03-03T16:21:27.845+0100] {processor.py:154} INFO - Started process (PID=58041) to work on /Users/uab910/dev/nnam-poc/pyenv/lib/python3.10/site-packages/airflow/example_dags/example_latest_only.py
[2023-03-03T16:21:27.851+0100] {processor.py:756} INFO - Processing file /Users/uab910/dev/nnam-poc/pyenv/lib/python3.10/site-packages/airflow/example_dags/example_latest_only.py for tasks to queue
[2023-03-03T16:21:27.851+0100] {logging_mixin.py:137} INFO - [2023-03-03T16:21:27.851+0100] {dagbag.py:537} INFO - Filling up the DagBag from /Users/uab910/dev/nnam-poc/pyenv/lib/python3.10/site-packages/airflow/example_dags/example_latest_only.py
[2023-03-03T16:21:27.891+0100] {processor.py:766} INFO - DAG(s) dict_keys(['latest_only']) retrieved from /Users/uab910/dev/nnam-poc/pyenv/lib/python3.10/site-packages/airflow/example_dags/example_latest_only.py
[2023-03-03T16:21:28.066+0100] {logging_mixin.py:137} INFO - [2023-03-03T16:21:28.066+0100] {dag.py:2585} INFO - Sync 1 DAGs
[2023-03-03T16:21:28.080+0100] {logging_mixin.py:137} INFO - [2023-03-03T16:21:28.080+0100] {dag.py:3336} INFO - Setting next_dagrun for latest_only to 2023-03-03T11:21:28.080433+00:00, run_after=2023-03-03T15:21:28.080433+00:00
[2023-03-03T16:21:28.097+0100] {processor.py:176} INFO - Processing /Users/uab910/dev/nnam-poc/pyenv/lib/python3.10/site-packages/airflow/example_dags/example_latest_only.py took 0.253 seconds
[2023-03-03T16:22:46.599+0100] {processor.py:154} INFO - Started process (PID=58093) to work on /Users/uab910/dev/nnam-poc/pyenv/lib/python3.10/site-packages/airflow/example_dags/example_latest_only.py
[2023-03-03T16:22:46.603+0100] {processor.py:756} INFO - Processing file /Users/uab910/dev/nnam-poc/pyenv/lib/python3.10/site-packages/airflow/example_dags/example_latest_only.py for tasks to queue
[2023-03-03T16:22:46.604+0100] {logging_mixin.py:137} INFO - [2023-03-03T16:22:46.604+0100] {dagbag.py:537} INFO - Filling up the DagBag from /Users/uab910/dev/nnam-poc/pyenv/lib/python3.10/site-packages/airflow/example_dags/example_latest_only.py
[2023-03-03T16:22:46.632+0100] {processor.py:766} INFO - DAG(s) dict_keys(['latest_only']) retrieved from /Users/uab910/dev/nnam-poc/pyenv/lib/python3.10/site-packages/airflow/example_dags/example_latest_only.py
[2023-03-03T16:22:46.798+0100] {logging_mixin.py:137} INFO - [2023-03-03T16:22:46.798+0100] {dag.py:2585} INFO - Sync 1 DAGs
[2023-03-03T16:22:46.812+0100] {logging_mixin.py:137} INFO - [2023-03-03T16:22:46.812+0100] {dag.py:3336} INFO - Setting next_dagrun for latest_only to 2023-03-03T11:22:46.812224+00:00, run_after=2023-03-03T15:22:46.812224+00:00
[2023-03-03T16:22:46.828+0100] {processor.py:176} INFO - Processing /Users/uab910/dev/nnam-poc/pyenv/lib/python3.10/site-packages/airflow/example_dags/example_latest_only.py took 0.229 seconds
[2023-03-03T16:24:01.811+0100] {processor.py:154} INFO - Started process (PID=58173) to work on /Users/uab910/dev/nnam-poc/pyenv/lib/python3.10/site-packages/airflow/example_dags/example_latest_only.py
[2023-03-03T16:24:01.817+0100] {processor.py:756} INFO - Processing file /Users/uab910/dev/nnam-poc/pyenv/lib/python3.10/site-packages/airflow/example_dags/example_latest_only.py for tasks to queue
[2023-03-03T16:24:01.818+0100] {logging_mixin.py:137} INFO - [2023-03-03T16:24:01.818+0100] {dagbag.py:537} INFO - Filling up the DagBag from /Users/uab910/dev/nnam-poc/pyenv/lib/python3.10/site-packages/airflow/example_dags/example_latest_only.py
[2023-03-03T16:24:01.854+0100] {processor.py:766} INFO - DAG(s) dict_keys(['latest_only']) retrieved from /Users/uab910/dev/nnam-poc/pyenv/lib/python3.10/site-packages/airflow/example_dags/example_latest_only.py
[2023-03-03T16:24:02.044+0100] {logging_mixin.py:137} INFO - [2023-03-03T16:24:02.044+0100] {dag.py:2585} INFO - Sync 1 DAGs
[2023-03-03T16:24:02.066+0100] {logging_mixin.py:137} INFO - [2023-03-03T16:24:02.065+0100] {dag.py:3336} INFO - Setting next_dagrun for latest_only to 2023-03-03T11:24:02.065795+00:00, run_after=2023-03-03T15:24:02.065795+00:00
[2023-03-03T16:24:02.085+0100] {processor.py:176} INFO - Processing /Users/uab910/dev/nnam-poc/pyenv/lib/python3.10/site-packages/airflow/example_dags/example_latest_only.py took 0.275 seconds
[2023-03-03T16:25:18.107+0100] {processor.py:154} INFO - Started process (PID=58221) to work on /Users/uab910/dev/nnam-poc/pyenv/lib/python3.10/site-packages/airflow/example_dags/example_latest_only.py
[2023-03-03T16:25:18.112+0100] {processor.py:756} INFO - Processing file /Users/uab910/dev/nnam-poc/pyenv/lib/python3.10/site-packages/airflow/example_dags/example_latest_only.py for tasks to queue
[2023-03-03T16:25:18.112+0100] {logging_mixin.py:137} INFO - [2023-03-03T16:25:18.112+0100] {dagbag.py:537} INFO - Filling up the DagBag from /Users/uab910/dev/nnam-poc/pyenv/lib/python3.10/site-packages/airflow/example_dags/example_latest_only.py
[2023-03-03T16:25:18.143+0100] {processor.py:766} INFO - DAG(s) dict_keys(['latest_only']) retrieved from /Users/uab910/dev/nnam-poc/pyenv/lib/python3.10/site-packages/airflow/example_dags/example_latest_only.py
[2023-03-03T16:25:18.311+0100] {logging_mixin.py:137} INFO - [2023-03-03T16:25:18.311+0100] {dag.py:2585} INFO - Sync 1 DAGs
[2023-03-03T16:25:18.326+0100] {logging_mixin.py:137} INFO - [2023-03-03T16:25:18.326+0100] {dag.py:3336} INFO - Setting next_dagrun for latest_only to 2023-03-03T11:25:18.326075+00:00, run_after=2023-03-03T15:25:18.326075+00:00
[2023-03-03T16:25:18.342+0100] {processor.py:176} INFO - Processing /Users/uab910/dev/nnam-poc/pyenv/lib/python3.10/site-packages/airflow/example_dags/example_latest_only.py took 0.236 seconds
[2023-03-03T16:26:32.972+0100] {processor.py:154} INFO - Started process (PID=58261) to work on /Users/uab910/dev/nnam-poc/pyenv/lib/python3.10/site-packages/airflow/example_dags/example_latest_only.py
[2023-03-03T16:26:32.976+0100] {processor.py:756} INFO - Processing file /Users/uab910/dev/nnam-poc/pyenv/lib/python3.10/site-packages/airflow/example_dags/example_latest_only.py for tasks to queue
[2023-03-03T16:26:32.977+0100] {logging_mixin.py:137} INFO - [2023-03-03T16:26:32.977+0100] {dagbag.py:537} INFO - Filling up the DagBag from /Users/uab910/dev/nnam-poc/pyenv/lib/python3.10/site-packages/airflow/example_dags/example_latest_only.py
[2023-03-03T16:26:33.005+0100] {processor.py:766} INFO - DAG(s) dict_keys(['latest_only']) retrieved from /Users/uab910/dev/nnam-poc/pyenv/lib/python3.10/site-packages/airflow/example_dags/example_latest_only.py
[2023-03-03T16:26:33.169+0100] {logging_mixin.py:137} INFO - [2023-03-03T16:26:33.169+0100] {dag.py:2585} INFO - Sync 1 DAGs
[2023-03-03T16:26:33.181+0100] {logging_mixin.py:137} INFO - [2023-03-03T16:26:33.181+0100] {dag.py:3336} INFO - Setting next_dagrun for latest_only to 2023-03-03T11:26:33.181552+00:00, run_after=2023-03-03T15:26:33.181552+00:00
[2023-03-03T16:26:33.195+0100] {processor.py:176} INFO - Processing /Users/uab910/dev/nnam-poc/pyenv/lib/python3.10/site-packages/airflow/example_dags/example_latest_only.py took 0.224 seconds
[2023-03-03T16:27:47.354+0100] {processor.py:154} INFO - Started process (PID=58310) to work on /Users/uab910/dev/nnam-poc/pyenv/lib/python3.10/site-packages/airflow/example_dags/example_latest_only.py
[2023-03-03T16:27:47.358+0100] {processor.py:756} INFO - Processing file /Users/uab910/dev/nnam-poc/pyenv/lib/python3.10/site-packages/airflow/example_dags/example_latest_only.py for tasks to queue
[2023-03-03T16:27:47.359+0100] {logging_mixin.py:137} INFO - [2023-03-03T16:27:47.358+0100] {dagbag.py:537} INFO - Filling up the DagBag from /Users/uab910/dev/nnam-poc/pyenv/lib/python3.10/site-packages/airflow/example_dags/example_latest_only.py
[2023-03-03T16:27:47.388+0100] {processor.py:766} INFO - DAG(s) dict_keys(['latest_only']) retrieved from /Users/uab910/dev/nnam-poc/pyenv/lib/python3.10/site-packages/airflow/example_dags/example_latest_only.py
[2023-03-03T16:27:47.567+0100] {logging_mixin.py:137} INFO - [2023-03-03T16:27:47.567+0100] {dag.py:2585} INFO - Sync 1 DAGs
[2023-03-03T16:27:47.582+0100] {logging_mixin.py:137} INFO - [2023-03-03T16:27:47.582+0100] {dag.py:3336} INFO - Setting next_dagrun for latest_only to 2023-03-03T11:27:47.582218+00:00, run_after=2023-03-03T15:27:47.582218+00:00
[2023-03-03T16:27:47.601+0100] {processor.py:176} INFO - Processing /Users/uab910/dev/nnam-poc/pyenv/lib/python3.10/site-packages/airflow/example_dags/example_latest_only.py took 0.248 seconds
[2023-03-03T16:29:02.845+0100] {processor.py:154} INFO - Started process (PID=58348) to work on /Users/uab910/dev/nnam-poc/pyenv/lib/python3.10/site-packages/airflow/example_dags/example_latest_only.py
[2023-03-03T16:29:02.850+0100] {processor.py:756} INFO - Processing file /Users/uab910/dev/nnam-poc/pyenv/lib/python3.10/site-packages/airflow/example_dags/example_latest_only.py for tasks to queue
[2023-03-03T16:29:02.850+0100] {logging_mixin.py:137} INFO - [2023-03-03T16:29:02.850+0100] {dagbag.py:537} INFO - Filling up the DagBag from /Users/uab910/dev/nnam-poc/pyenv/lib/python3.10/site-packages/airflow/example_dags/example_latest_only.py
[2023-03-03T16:29:02.882+0100] {processor.py:766} INFO - DAG(s) dict_keys(['latest_only']) retrieved from /Users/uab910/dev/nnam-poc/pyenv/lib/python3.10/site-packages/airflow/example_dags/example_latest_only.py
[2023-03-03T16:29:03.069+0100] {logging_mixin.py:137} INFO - [2023-03-03T16:29:03.068+0100] {dag.py:2585} INFO - Sync 1 DAGs
[2023-03-03T16:29:03.082+0100] {logging_mixin.py:137} INFO - [2023-03-03T16:29:03.082+0100] {dag.py:3336} INFO - Setting next_dagrun for latest_only to 2023-03-03T11:29:03.082279+00:00, run_after=2023-03-03T15:29:03.082279+00:00
[2023-03-03T16:29:03.098+0100] {processor.py:176} INFO - Processing /Users/uab910/dev/nnam-poc/pyenv/lib/python3.10/site-packages/airflow/example_dags/example_latest_only.py took 0.254 seconds
[2023-03-03T16:30:19.188+0100] {processor.py:154} INFO - Started process (PID=58394) to work on /Users/uab910/dev/nnam-poc/pyenv/lib/python3.10/site-packages/airflow/example_dags/example_latest_only.py
[2023-03-03T16:30:19.194+0100] {processor.py:756} INFO - Processing file /Users/uab910/dev/nnam-poc/pyenv/lib/python3.10/site-packages/airflow/example_dags/example_latest_only.py for tasks to queue
[2023-03-03T16:30:19.195+0100] {logging_mixin.py:137} INFO - [2023-03-03T16:30:19.195+0100] {dagbag.py:537} INFO - Filling up the DagBag from /Users/uab910/dev/nnam-poc/pyenv/lib/python3.10/site-packages/airflow/example_dags/example_latest_only.py
[2023-03-03T16:30:19.226+0100] {processor.py:766} INFO - DAG(s) dict_keys(['latest_only']) retrieved from /Users/uab910/dev/nnam-poc/pyenv/lib/python3.10/site-packages/airflow/example_dags/example_latest_only.py
[2023-03-03T16:30:19.394+0100] {logging_mixin.py:137} INFO - [2023-03-03T16:30:19.394+0100] {dag.py:2585} INFO - Sync 1 DAGs
[2023-03-03T16:30:19.407+0100] {logging_mixin.py:137} INFO - [2023-03-03T16:30:19.406+0100] {dag.py:3336} INFO - Setting next_dagrun for latest_only to 2023-03-03T11:30:19.406796+00:00, run_after=2023-03-03T15:30:19.406796+00:00
[2023-03-03T16:30:19.420+0100] {processor.py:176} INFO - Processing /Users/uab910/dev/nnam-poc/pyenv/lib/python3.10/site-packages/airflow/example_dags/example_latest_only.py took 0.233 seconds
[2023-03-03T16:31:35.133+0100] {processor.py:154} INFO - Started process (PID=58436) to work on /Users/uab910/dev/nnam-poc/pyenv/lib/python3.10/site-packages/airflow/example_dags/example_latest_only.py
[2023-03-03T16:31:35.139+0100] {processor.py:756} INFO - Processing file /Users/uab910/dev/nnam-poc/pyenv/lib/python3.10/site-packages/airflow/example_dags/example_latest_only.py for tasks to queue
[2023-03-03T16:31:35.139+0100] {logging_mixin.py:137} INFO - [2023-03-03T16:31:35.139+0100] {dagbag.py:537} INFO - Filling up the DagBag from /Users/uab910/dev/nnam-poc/pyenv/lib/python3.10/site-packages/airflow/example_dags/example_latest_only.py
[2023-03-03T16:31:35.171+0100] {processor.py:766} INFO - DAG(s) dict_keys(['latest_only']) retrieved from /Users/uab910/dev/nnam-poc/pyenv/lib/python3.10/site-packages/airflow/example_dags/example_latest_only.py
[2023-03-03T16:31:35.351+0100] {logging_mixin.py:137} INFO - [2023-03-03T16:31:35.351+0100] {dag.py:2585} INFO - Sync 1 DAGs
[2023-03-03T16:31:35.364+0100] {logging_mixin.py:137} INFO - [2023-03-03T16:31:35.363+0100] {dag.py:3336} INFO - Setting next_dagrun for latest_only to 2023-03-03T11:31:35.363835+00:00, run_after=2023-03-03T15:31:35.363835+00:00
[2023-03-03T16:31:35.378+0100] {processor.py:176} INFO - Processing /Users/uab910/dev/nnam-poc/pyenv/lib/python3.10/site-packages/airflow/example_dags/example_latest_only.py took 0.246 seconds
[2023-03-03T16:32:51.713+0100] {processor.py:154} INFO - Started process (PID=58474) to work on /Users/uab910/dev/nnam-poc/pyenv/lib/python3.10/site-packages/airflow/example_dags/example_latest_only.py
[2023-03-03T16:32:51.719+0100] {processor.py:756} INFO - Processing file /Users/uab910/dev/nnam-poc/pyenv/lib/python3.10/site-packages/airflow/example_dags/example_latest_only.py for tasks to queue
[2023-03-03T16:32:51.720+0100] {logging_mixin.py:137} INFO - [2023-03-03T16:32:51.720+0100] {dagbag.py:537} INFO - Filling up the DagBag from /Users/uab910/dev/nnam-poc/pyenv/lib/python3.10/site-packages/airflow/example_dags/example_latest_only.py
[2023-03-03T16:32:51.753+0100] {processor.py:766} INFO - DAG(s) dict_keys(['latest_only']) retrieved from /Users/uab910/dev/nnam-poc/pyenv/lib/python3.10/site-packages/airflow/example_dags/example_latest_only.py
[2023-03-03T16:32:51.936+0100] {logging_mixin.py:137} INFO - [2023-03-03T16:32:51.935+0100] {dag.py:2585} INFO - Sync 1 DAGs
[2023-03-03T16:32:51.948+0100] {logging_mixin.py:137} INFO - [2023-03-03T16:32:51.948+0100] {dag.py:3336} INFO - Setting next_dagrun for latest_only to 2023-03-03T11:32:51.948463+00:00, run_after=2023-03-03T15:32:51.948463+00:00
[2023-03-03T16:32:51.963+0100] {processor.py:176} INFO - Processing /Users/uab910/dev/nnam-poc/pyenv/lib/python3.10/site-packages/airflow/example_dags/example_latest_only.py took 0.251 seconds
[2023-03-03T16:34:09.597+0100] {processor.py:154} INFO - Started process (PID=58536) to work on /Users/uab910/dev/nnam-poc/pyenv/lib/python3.10/site-packages/airflow/example_dags/example_latest_only.py
[2023-03-03T16:34:09.604+0100] {processor.py:756} INFO - Processing file /Users/uab910/dev/nnam-poc/pyenv/lib/python3.10/site-packages/airflow/example_dags/example_latest_only.py for tasks to queue
[2023-03-03T16:34:09.604+0100] {logging_mixin.py:137} INFO - [2023-03-03T16:34:09.604+0100] {dagbag.py:537} INFO - Filling up the DagBag from /Users/uab910/dev/nnam-poc/pyenv/lib/python3.10/site-packages/airflow/example_dags/example_latest_only.py
[2023-03-03T16:34:09.638+0100] {processor.py:766} INFO - DAG(s) dict_keys(['latest_only']) retrieved from /Users/uab910/dev/nnam-poc/pyenv/lib/python3.10/site-packages/airflow/example_dags/example_latest_only.py
[2023-03-03T16:34:09.828+0100] {logging_mixin.py:137} INFO - [2023-03-03T16:34:09.828+0100] {dag.py:2585} INFO - Sync 1 DAGs
[2023-03-03T16:34:09.845+0100] {logging_mixin.py:137} INFO - [2023-03-03T16:34:09.845+0100] {dag.py:3336} INFO - Setting next_dagrun for latest_only to 2023-03-03T11:34:09.845058+00:00, run_after=2023-03-03T15:34:09.845058+00:00
[2023-03-03T16:34:09.864+0100] {processor.py:176} INFO - Processing /Users/uab910/dev/nnam-poc/pyenv/lib/python3.10/site-packages/airflow/example_dags/example_latest_only.py took 0.267 seconds
[2023-03-03T16:35:25.716+0100] {processor.py:154} INFO - Started process (PID=58580) to work on /Users/uab910/dev/nnam-poc/pyenv/lib/python3.10/site-packages/airflow/example_dags/example_latest_only.py
[2023-03-03T16:35:25.722+0100] {processor.py:756} INFO - Processing file /Users/uab910/dev/nnam-poc/pyenv/lib/python3.10/site-packages/airflow/example_dags/example_latest_only.py for tasks to queue
[2023-03-03T16:35:25.723+0100] {logging_mixin.py:137} INFO - [2023-03-03T16:35:25.722+0100] {dagbag.py:537} INFO - Filling up the DagBag from /Users/uab910/dev/nnam-poc/pyenv/lib/python3.10/site-packages/airflow/example_dags/example_latest_only.py
[2023-03-03T16:35:25.760+0100] {processor.py:766} INFO - DAG(s) dict_keys(['latest_only']) retrieved from /Users/uab910/dev/nnam-poc/pyenv/lib/python3.10/site-packages/airflow/example_dags/example_latest_only.py
[2023-03-03T16:35:25.991+0100] {logging_mixin.py:137} INFO - [2023-03-03T16:35:25.991+0100] {dag.py:2585} INFO - Sync 1 DAGs
[2023-03-03T16:35:26.008+0100] {logging_mixin.py:137} INFO - [2023-03-03T16:35:26.008+0100] {dag.py:3336} INFO - Setting next_dagrun for latest_only to 2023-03-03T11:35:26.008167+00:00, run_after=2023-03-03T15:35:26.008167+00:00
[2023-03-03T16:35:26.026+0100] {processor.py:176} INFO - Processing /Users/uab910/dev/nnam-poc/pyenv/lib/python3.10/site-packages/airflow/example_dags/example_latest_only.py took 0.310 seconds
[2023-03-03T16:36:42.552+0100] {processor.py:154} INFO - Started process (PID=58623) to work on /Users/uab910/dev/nnam-poc/pyenv/lib/python3.10/site-packages/airflow/example_dags/example_latest_only.py
[2023-03-03T16:36:42.557+0100] {processor.py:756} INFO - Processing file /Users/uab910/dev/nnam-poc/pyenv/lib/python3.10/site-packages/airflow/example_dags/example_latest_only.py for tasks to queue
[2023-03-03T16:36:42.558+0100] {logging_mixin.py:137} INFO - [2023-03-03T16:36:42.558+0100] {dagbag.py:537} INFO - Filling up the DagBag from /Users/uab910/dev/nnam-poc/pyenv/lib/python3.10/site-packages/airflow/example_dags/example_latest_only.py
[2023-03-03T16:36:42.588+0100] {processor.py:766} INFO - DAG(s) dict_keys(['latest_only']) retrieved from /Users/uab910/dev/nnam-poc/pyenv/lib/python3.10/site-packages/airflow/example_dags/example_latest_only.py
[2023-03-03T16:36:42.751+0100] {logging_mixin.py:137} INFO - [2023-03-03T16:36:42.751+0100] {dag.py:2585} INFO - Sync 1 DAGs
[2023-03-03T16:36:42.765+0100] {logging_mixin.py:137} INFO - [2023-03-03T16:36:42.764+0100] {dag.py:3336} INFO - Setting next_dagrun for latest_only to 2023-03-03T11:36:42.764815+00:00, run_after=2023-03-03T15:36:42.764815+00:00
[2023-03-03T16:36:42.780+0100] {processor.py:176} INFO - Processing /Users/uab910/dev/nnam-poc/pyenv/lib/python3.10/site-packages/airflow/example_dags/example_latest_only.py took 0.229 seconds
[2023-03-03T16:38:00.595+0100] {processor.py:154} INFO - Started process (PID=58666) to work on /Users/uab910/dev/nnam-poc/pyenv/lib/python3.10/site-packages/airflow/example_dags/example_latest_only.py
[2023-03-03T16:38:00.601+0100] {processor.py:756} INFO - Processing file /Users/uab910/dev/nnam-poc/pyenv/lib/python3.10/site-packages/airflow/example_dags/example_latest_only.py for tasks to queue
[2023-03-03T16:38:00.602+0100] {logging_mixin.py:137} INFO - [2023-03-03T16:38:00.602+0100] {dagbag.py:537} INFO - Filling up the DagBag from /Users/uab910/dev/nnam-poc/pyenv/lib/python3.10/site-packages/airflow/example_dags/example_latest_only.py
[2023-03-03T16:38:00.636+0100] {processor.py:766} INFO - DAG(s) dict_keys(['latest_only']) retrieved from /Users/uab910/dev/nnam-poc/pyenv/lib/python3.10/site-packages/airflow/example_dags/example_latest_only.py
[2023-03-03T16:38:00.856+0100] {logging_mixin.py:137} INFO - [2023-03-03T16:38:00.856+0100] {dag.py:2585} INFO - Sync 1 DAGs
[2023-03-03T16:38:00.877+0100] {logging_mixin.py:137} INFO - [2023-03-03T16:38:00.877+0100] {dag.py:3336} INFO - Setting next_dagrun for latest_only to 2023-03-03T11:38:00.876967+00:00, run_after=2023-03-03T15:38:00.876967+00:00
[2023-03-03T16:38:00.897+0100] {processor.py:176} INFO - Processing /Users/uab910/dev/nnam-poc/pyenv/lib/python3.10/site-packages/airflow/example_dags/example_latest_only.py took 0.303 seconds
[2023-03-03T16:39:17.639+0100] {processor.py:154} INFO - Started process (PID=58705) to work on /Users/uab910/dev/nnam-poc/pyenv/lib/python3.10/site-packages/airflow/example_dags/example_latest_only.py
[2023-03-03T16:39:17.645+0100] {processor.py:756} INFO - Processing file /Users/uab910/dev/nnam-poc/pyenv/lib/python3.10/site-packages/airflow/example_dags/example_latest_only.py for tasks to queue
[2023-03-03T16:39:17.646+0100] {logging_mixin.py:137} INFO - [2023-03-03T16:39:17.646+0100] {dagbag.py:537} INFO - Filling up the DagBag from /Users/uab910/dev/nnam-poc/pyenv/lib/python3.10/site-packages/airflow/example_dags/example_latest_only.py
[2023-03-03T16:39:17.682+0100] {processor.py:766} INFO - DAG(s) dict_keys(['latest_only']) retrieved from /Users/uab910/dev/nnam-poc/pyenv/lib/python3.10/site-packages/airflow/example_dags/example_latest_only.py
[2023-03-03T16:39:17.900+0100] {logging_mixin.py:137} INFO - [2023-03-03T16:39:17.900+0100] {dag.py:2585} INFO - Sync 1 DAGs
[2023-03-03T16:39:17.918+0100] {logging_mixin.py:137} INFO - [2023-03-03T16:39:17.918+0100] {dag.py:3336} INFO - Setting next_dagrun for latest_only to 2023-03-03T11:39:17.918361+00:00, run_after=2023-03-03T15:39:17.918361+00:00
[2023-03-03T16:39:17.936+0100] {processor.py:176} INFO - Processing /Users/uab910/dev/nnam-poc/pyenv/lib/python3.10/site-packages/airflow/example_dags/example_latest_only.py took 0.299 seconds
[2023-03-03T16:40:54.497+0100] {processor.py:154} INFO - Started process (PID=58763) to work on /Users/uab910/dev/nnam-poc/pyenv/lib/python3.10/site-packages/airflow/example_dags/example_latest_only.py
[2023-03-03T16:40:54.505+0100] {processor.py:756} INFO - Processing file /Users/uab910/dev/nnam-poc/pyenv/lib/python3.10/site-packages/airflow/example_dags/example_latest_only.py for tasks to queue
[2023-03-03T16:40:54.505+0100] {logging_mixin.py:137} INFO - [2023-03-03T16:40:54.505+0100] {dagbag.py:537} INFO - Filling up the DagBag from /Users/uab910/dev/nnam-poc/pyenv/lib/python3.10/site-packages/airflow/example_dags/example_latest_only.py
[2023-03-03T16:40:54.544+0100] {processor.py:766} INFO - DAG(s) dict_keys(['latest_only']) retrieved from /Users/uab910/dev/nnam-poc/pyenv/lib/python3.10/site-packages/airflow/example_dags/example_latest_only.py
[2023-03-03T16:40:54.758+0100] {logging_mixin.py:137} INFO - [2023-03-03T16:40:54.758+0100] {dag.py:2585} INFO - Sync 1 DAGs
[2023-03-03T16:40:54.776+0100] {logging_mixin.py:137} INFO - [2023-03-03T16:40:54.776+0100] {dag.py:3336} INFO - Setting next_dagrun for latest_only to 2023-03-03T11:40:54.775891+00:00, run_after=2023-03-03T15:40:54.775891+00:00
[2023-03-03T16:40:54.793+0100] {processor.py:176} INFO - Processing /Users/uab910/dev/nnam-poc/pyenv/lib/python3.10/site-packages/airflow/example_dags/example_latest_only.py took 0.297 seconds
[2023-03-03T16:42:25.066+0100] {processor.py:154} INFO - Started process (PID=58807) to work on /Users/uab910/dev/nnam-poc/pyenv/lib/python3.10/site-packages/airflow/example_dags/example_latest_only.py
[2023-03-03T16:42:25.072+0100] {processor.py:756} INFO - Processing file /Users/uab910/dev/nnam-poc/pyenv/lib/python3.10/site-packages/airflow/example_dags/example_latest_only.py for tasks to queue
[2023-03-03T16:42:25.072+0100] {logging_mixin.py:137} INFO - [2023-03-03T16:42:25.072+0100] {dagbag.py:537} INFO - Filling up the DagBag from /Users/uab910/dev/nnam-poc/pyenv/lib/python3.10/site-packages/airflow/example_dags/example_latest_only.py
[2023-03-03T16:42:25.106+0100] {processor.py:766} INFO - DAG(s) dict_keys(['latest_only']) retrieved from /Users/uab910/dev/nnam-poc/pyenv/lib/python3.10/site-packages/airflow/example_dags/example_latest_only.py
[2023-03-03T16:42:25.315+0100] {logging_mixin.py:137} INFO - [2023-03-03T16:42:25.315+0100] {dag.py:2585} INFO - Sync 1 DAGs
[2023-03-03T16:42:25.329+0100] {logging_mixin.py:137} INFO - [2023-03-03T16:42:25.329+0100] {dag.py:3336} INFO - Setting next_dagrun for latest_only to 2023-03-03T11:42:25.329631+00:00, run_after=2023-03-03T15:42:25.329631+00:00
[2023-03-03T16:42:25.346+0100] {processor.py:176} INFO - Processing /Users/uab910/dev/nnam-poc/pyenv/lib/python3.10/site-packages/airflow/example_dags/example_latest_only.py took 0.280 seconds
[2023-03-03T16:43:58.426+0100] {processor.py:154} INFO - Started process (PID=58884) to work on /Users/uab910/dev/nnam-poc/pyenv/lib/python3.10/site-packages/airflow/example_dags/example_latest_only.py
[2023-03-03T16:43:58.432+0100] {processor.py:756} INFO - Processing file /Users/uab910/dev/nnam-poc/pyenv/lib/python3.10/site-packages/airflow/example_dags/example_latest_only.py for tasks to queue
[2023-03-03T16:43:58.433+0100] {logging_mixin.py:137} INFO - [2023-03-03T16:43:58.433+0100] {dagbag.py:537} INFO - Filling up the DagBag from /Users/uab910/dev/nnam-poc/pyenv/lib/python3.10/site-packages/airflow/example_dags/example_latest_only.py
[2023-03-03T16:43:58.468+0100] {processor.py:766} INFO - DAG(s) dict_keys(['latest_only']) retrieved from /Users/uab910/dev/nnam-poc/pyenv/lib/python3.10/site-packages/airflow/example_dags/example_latest_only.py
[2023-03-03T16:43:58.657+0100] {logging_mixin.py:137} INFO - [2023-03-03T16:43:58.657+0100] {dag.py:2585} INFO - Sync 1 DAGs
[2023-03-03T16:43:58.672+0100] {logging_mixin.py:137} INFO - [2023-03-03T16:43:58.672+0100] {dag.py:3336} INFO - Setting next_dagrun for latest_only to 2023-03-03T11:43:58.672052+00:00, run_after=2023-03-03T15:43:58.672052+00:00
[2023-03-03T16:43:58.688+0100] {processor.py:176} INFO - Processing /Users/uab910/dev/nnam-poc/pyenv/lib/python3.10/site-packages/airflow/example_dags/example_latest_only.py took 0.263 seconds
[2023-03-03T16:45:33.895+0100] {processor.py:154} INFO - Started process (PID=58938) to work on /Users/uab910/dev/nnam-poc/pyenv/lib/python3.10/site-packages/airflow/example_dags/example_latest_only.py
[2023-03-03T16:45:33.901+0100] {processor.py:756} INFO - Processing file /Users/uab910/dev/nnam-poc/pyenv/lib/python3.10/site-packages/airflow/example_dags/example_latest_only.py for tasks to queue
[2023-03-03T16:45:33.902+0100] {logging_mixin.py:137} INFO - [2023-03-03T16:45:33.902+0100] {dagbag.py:537} INFO - Filling up the DagBag from /Users/uab910/dev/nnam-poc/pyenv/lib/python3.10/site-packages/airflow/example_dags/example_latest_only.py
[2023-03-03T16:45:33.936+0100] {processor.py:766} INFO - DAG(s) dict_keys(['latest_only']) retrieved from /Users/uab910/dev/nnam-poc/pyenv/lib/python3.10/site-packages/airflow/example_dags/example_latest_only.py
[2023-03-03T16:45:34.125+0100] {logging_mixin.py:137} INFO - [2023-03-03T16:45:34.125+0100] {dag.py:2585} INFO - Sync 1 DAGs
[2023-03-03T16:45:34.142+0100] {logging_mixin.py:137} INFO - [2023-03-03T16:45:34.142+0100] {dag.py:3336} INFO - Setting next_dagrun for latest_only to 2023-03-03T11:45:34.142243+00:00, run_after=2023-03-03T15:45:34.142243+00:00
[2023-03-03T16:45:34.161+0100] {processor.py:176} INFO - Processing /Users/uab910/dev/nnam-poc/pyenv/lib/python3.10/site-packages/airflow/example_dags/example_latest_only.py took 0.266 seconds
[2023-03-03T16:47:06.817+0100] {processor.py:154} INFO - Started process (PID=59010) to work on /Users/uab910/dev/nnam-poc/pyenv/lib/python3.10/site-packages/airflow/example_dags/example_latest_only.py
[2023-03-03T16:47:06.822+0100] {processor.py:756} INFO - Processing file /Users/uab910/dev/nnam-poc/pyenv/lib/python3.10/site-packages/airflow/example_dags/example_latest_only.py for tasks to queue
[2023-03-03T16:47:06.823+0100] {logging_mixin.py:137} INFO - [2023-03-03T16:47:06.823+0100] {dagbag.py:537} INFO - Filling up the DagBag from /Users/uab910/dev/nnam-poc/pyenv/lib/python3.10/site-packages/airflow/example_dags/example_latest_only.py
[2023-03-03T16:47:06.854+0100] {processor.py:766} INFO - DAG(s) dict_keys(['latest_only']) retrieved from /Users/uab910/dev/nnam-poc/pyenv/lib/python3.10/site-packages/airflow/example_dags/example_latest_only.py
[2023-03-03T16:47:07.023+0100] {logging_mixin.py:137} INFO - [2023-03-03T16:47:07.023+0100] {dag.py:2585} INFO - Sync 1 DAGs
[2023-03-03T16:47:07.035+0100] {logging_mixin.py:137} INFO - [2023-03-03T16:47:07.035+0100] {dag.py:3336} INFO - Setting next_dagrun for latest_only to 2023-03-03T11:47:07.035396+00:00, run_after=2023-03-03T15:47:07.035396+00:00
[2023-03-03T16:47:07.050+0100] {processor.py:176} INFO - Processing /Users/uab910/dev/nnam-poc/pyenv/lib/python3.10/site-packages/airflow/example_dags/example_latest_only.py took 0.233 seconds
[2023-03-03T16:48:37.971+0100] {processor.py:154} INFO - Started process (PID=59063) to work on /Users/uab910/dev/nnam-poc/pyenv/lib/python3.10/site-packages/airflow/example_dags/example_latest_only.py
[2023-03-03T16:48:37.977+0100] {processor.py:756} INFO - Processing file /Users/uab910/dev/nnam-poc/pyenv/lib/python3.10/site-packages/airflow/example_dags/example_latest_only.py for tasks to queue
[2023-03-03T16:48:37.978+0100] {logging_mixin.py:137} INFO - [2023-03-03T16:48:37.978+0100] {dagbag.py:537} INFO - Filling up the DagBag from /Users/uab910/dev/nnam-poc/pyenv/lib/python3.10/site-packages/airflow/example_dags/example_latest_only.py
[2023-03-03T16:48:38.011+0100] {processor.py:766} INFO - DAG(s) dict_keys(['latest_only']) retrieved from /Users/uab910/dev/nnam-poc/pyenv/lib/python3.10/site-packages/airflow/example_dags/example_latest_only.py
[2023-03-03T16:48:38.181+0100] {logging_mixin.py:137} INFO - [2023-03-03T16:48:38.181+0100] {dag.py:2585} INFO - Sync 1 DAGs
[2023-03-03T16:48:38.195+0100] {logging_mixin.py:137} INFO - [2023-03-03T16:48:38.194+0100] {dag.py:3336} INFO - Setting next_dagrun for latest_only to 2023-03-03T11:48:38.194809+00:00, run_after=2023-03-03T15:48:38.194809+00:00
[2023-03-03T16:48:38.212+0100] {processor.py:176} INFO - Processing /Users/uab910/dev/nnam-poc/pyenv/lib/python3.10/site-packages/airflow/example_dags/example_latest_only.py took 0.242 seconds
[2023-03-03T16:50:12.438+0100] {processor.py:154} INFO - Started process (PID=59120) to work on /Users/uab910/dev/nnam-poc/pyenv/lib/python3.10/site-packages/airflow/example_dags/example_latest_only.py
[2023-03-03T16:50:12.442+0100] {processor.py:756} INFO - Processing file /Users/uab910/dev/nnam-poc/pyenv/lib/python3.10/site-packages/airflow/example_dags/example_latest_only.py for tasks to queue
[2023-03-03T16:50:12.443+0100] {logging_mixin.py:137} INFO - [2023-03-03T16:50:12.442+0100] {dagbag.py:537} INFO - Filling up the DagBag from /Users/uab910/dev/nnam-poc/pyenv/lib/python3.10/site-packages/airflow/example_dags/example_latest_only.py
[2023-03-03T16:50:12.471+0100] {processor.py:766} INFO - DAG(s) dict_keys(['latest_only']) retrieved from /Users/uab910/dev/nnam-poc/pyenv/lib/python3.10/site-packages/airflow/example_dags/example_latest_only.py
[2023-03-03T16:50:12.644+0100] {logging_mixin.py:137} INFO - [2023-03-03T16:50:12.644+0100] {dag.py:2585} INFO - Sync 1 DAGs
[2023-03-03T16:50:12.658+0100] {logging_mixin.py:137} INFO - [2023-03-03T16:50:12.658+0100] {dag.py:3336} INFO - Setting next_dagrun for latest_only to 2023-03-03T11:50:12.658310+00:00, run_after=2023-03-03T15:50:12.658310+00:00
[2023-03-03T16:50:12.675+0100] {processor.py:176} INFO - Processing /Users/uab910/dev/nnam-poc/pyenv/lib/python3.10/site-packages/airflow/example_dags/example_latest_only.py took 0.238 seconds
[2023-03-03T16:51:45.924+0100] {processor.py:154} INFO - Started process (PID=59182) to work on /Users/uab910/dev/nnam-poc/pyenv/lib/python3.10/site-packages/airflow/example_dags/example_latest_only.py
[2023-03-03T16:51:45.929+0100] {processor.py:756} INFO - Processing file /Users/uab910/dev/nnam-poc/pyenv/lib/python3.10/site-packages/airflow/example_dags/example_latest_only.py for tasks to queue
[2023-03-03T16:51:45.929+0100] {logging_mixin.py:137} INFO - [2023-03-03T16:51:45.929+0100] {dagbag.py:537} INFO - Filling up the DagBag from /Users/uab910/dev/nnam-poc/pyenv/lib/python3.10/site-packages/airflow/example_dags/example_latest_only.py
[2023-03-03T16:51:45.960+0100] {processor.py:766} INFO - DAG(s) dict_keys(['latest_only']) retrieved from /Users/uab910/dev/nnam-poc/pyenv/lib/python3.10/site-packages/airflow/example_dags/example_latest_only.py
[2023-03-03T16:51:46.132+0100] {logging_mixin.py:137} INFO - [2023-03-03T16:51:46.132+0100] {dag.py:2585} INFO - Sync 1 DAGs
[2023-03-03T16:51:46.146+0100] {logging_mixin.py:137} INFO - [2023-03-03T16:51:46.146+0100] {dag.py:3336} INFO - Setting next_dagrun for latest_only to 2023-03-03T11:51:46.145917+00:00, run_after=2023-03-03T15:51:46.145917+00:00
[2023-03-03T16:51:46.161+0100] {processor.py:176} INFO - Processing /Users/uab910/dev/nnam-poc/pyenv/lib/python3.10/site-packages/airflow/example_dags/example_latest_only.py took 0.238 seconds
[2023-03-03T16:53:16.285+0100] {processor.py:154} INFO - Started process (PID=59230) to work on /Users/uab910/dev/nnam-poc/pyenv/lib/python3.10/site-packages/airflow/example_dags/example_latest_only.py
[2023-03-03T16:53:16.291+0100] {processor.py:756} INFO - Processing file /Users/uab910/dev/nnam-poc/pyenv/lib/python3.10/site-packages/airflow/example_dags/example_latest_only.py for tasks to queue
[2023-03-03T16:53:16.291+0100] {logging_mixin.py:137} INFO - [2023-03-03T16:53:16.291+0100] {dagbag.py:537} INFO - Filling up the DagBag from /Users/uab910/dev/nnam-poc/pyenv/lib/python3.10/site-packages/airflow/example_dags/example_latest_only.py
[2023-03-03T16:53:16.323+0100] {processor.py:766} INFO - DAG(s) dict_keys(['latest_only']) retrieved from /Users/uab910/dev/nnam-poc/pyenv/lib/python3.10/site-packages/airflow/example_dags/example_latest_only.py
[2023-03-03T16:53:16.493+0100] {logging_mixin.py:137} INFO - [2023-03-03T16:53:16.493+0100] {dag.py:2585} INFO - Sync 1 DAGs
[2023-03-03T16:53:16.506+0100] {logging_mixin.py:137} INFO - [2023-03-03T16:53:16.506+0100] {dag.py:3336} INFO - Setting next_dagrun for latest_only to 2023-03-03T11:53:16.506468+00:00, run_after=2023-03-03T15:53:16.506468+00:00
[2023-03-03T16:53:16.522+0100] {processor.py:176} INFO - Processing /Users/uab910/dev/nnam-poc/pyenv/lib/python3.10/site-packages/airflow/example_dags/example_latest_only.py took 0.238 seconds
[2023-03-03T16:54:43.948+0100] {processor.py:154} INFO - Started process (PID=59289) to work on /Users/uab910/dev/nnam-poc/pyenv/lib/python3.10/site-packages/airflow/example_dags/example_latest_only.py
[2023-03-03T16:54:43.954+0100] {processor.py:756} INFO - Processing file /Users/uab910/dev/nnam-poc/pyenv/lib/python3.10/site-packages/airflow/example_dags/example_latest_only.py for tasks to queue
[2023-03-03T16:54:43.955+0100] {logging_mixin.py:137} INFO - [2023-03-03T16:54:43.955+0100] {dagbag.py:537} INFO - Filling up the DagBag from /Users/uab910/dev/nnam-poc/pyenv/lib/python3.10/site-packages/airflow/example_dags/example_latest_only.py
[2023-03-03T16:54:43.988+0100] {processor.py:766} INFO - DAG(s) dict_keys(['latest_only']) retrieved from /Users/uab910/dev/nnam-poc/pyenv/lib/python3.10/site-packages/airflow/example_dags/example_latest_only.py
[2023-03-03T16:54:44.175+0100] {logging_mixin.py:137} INFO - [2023-03-03T16:54:44.175+0100] {dag.py:2585} INFO - Sync 1 DAGs
[2023-03-03T16:54:44.189+0100] {logging_mixin.py:137} INFO - [2023-03-03T16:54:44.189+0100] {dag.py:3336} INFO - Setting next_dagrun for latest_only to 2023-03-03T11:54:44.189610+00:00, run_after=2023-03-03T15:54:44.189610+00:00
[2023-03-03T16:54:44.205+0100] {processor.py:176} INFO - Processing /Users/uab910/dev/nnam-poc/pyenv/lib/python3.10/site-packages/airflow/example_dags/example_latest_only.py took 0.258 seconds
[2023-03-03T16:56:19.132+0100] {processor.py:154} INFO - Started process (PID=59339) to work on /Users/uab910/dev/nnam-poc/pyenv/lib/python3.10/site-packages/airflow/example_dags/example_latest_only.py
[2023-03-03T16:56:19.136+0100] {processor.py:756} INFO - Processing file /Users/uab910/dev/nnam-poc/pyenv/lib/python3.10/site-packages/airflow/example_dags/example_latest_only.py for tasks to queue
[2023-03-03T16:56:19.137+0100] {logging_mixin.py:137} INFO - [2023-03-03T16:56:19.137+0100] {dagbag.py:537} INFO - Filling up the DagBag from /Users/uab910/dev/nnam-poc/pyenv/lib/python3.10/site-packages/airflow/example_dags/example_latest_only.py
[2023-03-03T16:56:19.167+0100] {processor.py:766} INFO - DAG(s) dict_keys(['latest_only']) retrieved from /Users/uab910/dev/nnam-poc/pyenv/lib/python3.10/site-packages/airflow/example_dags/example_latest_only.py
[2023-03-03T16:56:19.340+0100] {logging_mixin.py:137} INFO - [2023-03-03T16:56:19.339+0100] {dag.py:2585} INFO - Sync 1 DAGs
[2023-03-03T16:56:19.353+0100] {logging_mixin.py:137} INFO - [2023-03-03T16:56:19.353+0100] {dag.py:3336} INFO - Setting next_dagrun for latest_only to 2023-03-03T11:56:19.353258+00:00, run_after=2023-03-03T15:56:19.353258+00:00
[2023-03-03T16:56:19.369+0100] {processor.py:176} INFO - Processing /Users/uab910/dev/nnam-poc/pyenv/lib/python3.10/site-packages/airflow/example_dags/example_latest_only.py took 0.237 seconds
[2023-03-03T16:57:52.063+0100] {processor.py:154} INFO - Started process (PID=59391) to work on /Users/uab910/dev/nnam-poc/pyenv/lib/python3.10/site-packages/airflow/example_dags/example_latest_only.py
[2023-03-03T16:57:52.069+0100] {processor.py:756} INFO - Processing file /Users/uab910/dev/nnam-poc/pyenv/lib/python3.10/site-packages/airflow/example_dags/example_latest_only.py for tasks to queue
[2023-03-03T16:57:52.069+0100] {logging_mixin.py:137} INFO - [2023-03-03T16:57:52.069+0100] {dagbag.py:537} INFO - Filling up the DagBag from /Users/uab910/dev/nnam-poc/pyenv/lib/python3.10/site-packages/airflow/example_dags/example_latest_only.py
[2023-03-03T16:57:52.099+0100] {processor.py:766} INFO - DAG(s) dict_keys(['latest_only']) retrieved from /Users/uab910/dev/nnam-poc/pyenv/lib/python3.10/site-packages/airflow/example_dags/example_latest_only.py
[2023-03-03T16:57:52.267+0100] {logging_mixin.py:137} INFO - [2023-03-03T16:57:52.267+0100] {dag.py:2585} INFO - Sync 1 DAGs
[2023-03-03T16:57:52.281+0100] {logging_mixin.py:137} INFO - [2023-03-03T16:57:52.281+0100] {dag.py:3336} INFO - Setting next_dagrun for latest_only to 2023-03-03T11:57:52.281539+00:00, run_after=2023-03-03T15:57:52.281539+00:00
[2023-03-03T16:57:52.297+0100] {processor.py:176} INFO - Processing /Users/uab910/dev/nnam-poc/pyenv/lib/python3.10/site-packages/airflow/example_dags/example_latest_only.py took 0.234 seconds
[2023-03-03T16:59:26.008+0100] {processor.py:154} INFO - Started process (PID=59436) to work on /Users/uab910/dev/nnam-poc/pyenv/lib/python3.10/site-packages/airflow/example_dags/example_latest_only.py
[2023-03-03T16:59:26.014+0100] {processor.py:756} INFO - Processing file /Users/uab910/dev/nnam-poc/pyenv/lib/python3.10/site-packages/airflow/example_dags/example_latest_only.py for tasks to queue
[2023-03-03T16:59:26.014+0100] {logging_mixin.py:137} INFO - [2023-03-03T16:59:26.014+0100] {dagbag.py:537} INFO - Filling up the DagBag from /Users/uab910/dev/nnam-poc/pyenv/lib/python3.10/site-packages/airflow/example_dags/example_latest_only.py
[2023-03-03T16:59:26.046+0100] {processor.py:766} INFO - DAG(s) dict_keys(['latest_only']) retrieved from /Users/uab910/dev/nnam-poc/pyenv/lib/python3.10/site-packages/airflow/example_dags/example_latest_only.py
[2023-03-03T16:59:26.226+0100] {logging_mixin.py:137} INFO - [2023-03-03T16:59:26.225+0100] {dag.py:2585} INFO - Sync 1 DAGs
[2023-03-03T16:59:26.241+0100] {logging_mixin.py:137} INFO - [2023-03-03T16:59:26.240+0100] {dag.py:3336} INFO - Setting next_dagrun for latest_only to 2023-03-03T11:59:26.240868+00:00, run_after=2023-03-03T15:59:26.240868+00:00
[2023-03-03T16:59:26.256+0100] {processor.py:176} INFO - Processing /Users/uab910/dev/nnam-poc/pyenv/lib/python3.10/site-packages/airflow/example_dags/example_latest_only.py took 0.249 seconds
[2023-03-03T17:00:59.377+0100] {processor.py:154} INFO - Started process (PID=59484) to work on /Users/uab910/dev/nnam-poc/pyenv/lib/python3.10/site-packages/airflow/example_dags/example_latest_only.py
[2023-03-03T17:00:59.383+0100] {processor.py:756} INFO - Processing file /Users/uab910/dev/nnam-poc/pyenv/lib/python3.10/site-packages/airflow/example_dags/example_latest_only.py for tasks to queue
[2023-03-03T17:00:59.383+0100] {logging_mixin.py:137} INFO - [2023-03-03T17:00:59.383+0100] {dagbag.py:537} INFO - Filling up the DagBag from /Users/uab910/dev/nnam-poc/pyenv/lib/python3.10/site-packages/airflow/example_dags/example_latest_only.py
[2023-03-03T17:00:59.413+0100] {processor.py:766} INFO - DAG(s) dict_keys(['latest_only']) retrieved from /Users/uab910/dev/nnam-poc/pyenv/lib/python3.10/site-packages/airflow/example_dags/example_latest_only.py
[2023-03-03T17:00:59.577+0100] {logging_mixin.py:137} INFO - [2023-03-03T17:00:59.577+0100] {dag.py:2585} INFO - Sync 1 DAGs
[2023-03-03T17:00:59.592+0100] {logging_mixin.py:137} INFO - [2023-03-03T17:00:59.592+0100] {dag.py:3336} INFO - Setting next_dagrun for latest_only to 2023-03-03T12:00:59.592018+00:00, run_after=2023-03-03T16:00:59.592018+00:00
[2023-03-03T17:00:59.609+0100] {processor.py:176} INFO - Processing /Users/uab910/dev/nnam-poc/pyenv/lib/python3.10/site-packages/airflow/example_dags/example_latest_only.py took 0.232 seconds
[2023-03-03T17:02:32.171+0100] {processor.py:154} INFO - Started process (PID=59533) to work on /Users/uab910/dev/nnam-poc/pyenv/lib/python3.10/site-packages/airflow/example_dags/example_latest_only.py
[2023-03-03T17:02:32.176+0100] {processor.py:756} INFO - Processing file /Users/uab910/dev/nnam-poc/pyenv/lib/python3.10/site-packages/airflow/example_dags/example_latest_only.py for tasks to queue
[2023-03-03T17:02:32.177+0100] {logging_mixin.py:137} INFO - [2023-03-03T17:02:32.177+0100] {dagbag.py:537} INFO - Filling up the DagBag from /Users/uab910/dev/nnam-poc/pyenv/lib/python3.10/site-packages/airflow/example_dags/example_latest_only.py
[2023-03-03T17:02:32.205+0100] {processor.py:766} INFO - DAG(s) dict_keys(['latest_only']) retrieved from /Users/uab910/dev/nnam-poc/pyenv/lib/python3.10/site-packages/airflow/example_dags/example_latest_only.py
[2023-03-03T17:02:32.367+0100] {logging_mixin.py:137} INFO - [2023-03-03T17:02:32.367+0100] {dag.py:2585} INFO - Sync 1 DAGs
[2023-03-03T17:02:32.380+0100] {logging_mixin.py:137} INFO - [2023-03-03T17:02:32.380+0100] {dag.py:3336} INFO - Setting next_dagrun for latest_only to 2023-03-03T12:02:32.380711+00:00, run_after=2023-03-03T16:02:32.380711+00:00
[2023-03-03T17:02:32.395+0100] {processor.py:176} INFO - Processing /Users/uab910/dev/nnam-poc/pyenv/lib/python3.10/site-packages/airflow/example_dags/example_latest_only.py took 0.225 seconds
[2023-03-03T17:04:03.707+0100] {processor.py:154} INFO - Started process (PID=59598) to work on /Users/uab910/dev/nnam-poc/pyenv/lib/python3.10/site-packages/airflow/example_dags/example_latest_only.py
[2023-03-03T17:04:03.712+0100] {processor.py:756} INFO - Processing file /Users/uab910/dev/nnam-poc/pyenv/lib/python3.10/site-packages/airflow/example_dags/example_latest_only.py for tasks to queue
[2023-03-03T17:04:03.712+0100] {logging_mixin.py:137} INFO - [2023-03-03T17:04:03.712+0100] {dagbag.py:537} INFO - Filling up the DagBag from /Users/uab910/dev/nnam-poc/pyenv/lib/python3.10/site-packages/airflow/example_dags/example_latest_only.py
[2023-03-03T17:04:03.752+0100] {processor.py:766} INFO - DAG(s) dict_keys(['latest_only']) retrieved from /Users/uab910/dev/nnam-poc/pyenv/lib/python3.10/site-packages/airflow/example_dags/example_latest_only.py
[2023-03-03T17:04:03.941+0100] {logging_mixin.py:137} INFO - [2023-03-03T17:04:03.940+0100] {dag.py:2585} INFO - Sync 1 DAGs
[2023-03-03T17:04:03.957+0100] {logging_mixin.py:137} INFO - [2023-03-03T17:04:03.957+0100] {dag.py:3336} INFO - Setting next_dagrun for latest_only to 2023-03-03T12:04:03.957428+00:00, run_after=2023-03-03T16:04:03.957428+00:00
[2023-03-03T17:04:03.976+0100] {processor.py:176} INFO - Processing /Users/uab910/dev/nnam-poc/pyenv/lib/python3.10/site-packages/airflow/example_dags/example_latest_only.py took 0.270 seconds
[2023-03-03T17:05:32.581+0100] {processor.py:154} INFO - Started process (PID=59645) to work on /Users/uab910/dev/nnam-poc/pyenv/lib/python3.10/site-packages/airflow/example_dags/example_latest_only.py
[2023-03-03T17:05:32.586+0100] {processor.py:756} INFO - Processing file /Users/uab910/dev/nnam-poc/pyenv/lib/python3.10/site-packages/airflow/example_dags/example_latest_only.py for tasks to queue
[2023-03-03T17:05:32.587+0100] {logging_mixin.py:137} INFO - [2023-03-03T17:05:32.586+0100] {dagbag.py:537} INFO - Filling up the DagBag from /Users/uab910/dev/nnam-poc/pyenv/lib/python3.10/site-packages/airflow/example_dags/example_latest_only.py
[2023-03-03T17:05:32.618+0100] {processor.py:766} INFO - DAG(s) dict_keys(['latest_only']) retrieved from /Users/uab910/dev/nnam-poc/pyenv/lib/python3.10/site-packages/airflow/example_dags/example_latest_only.py
[2023-03-03T17:05:32.794+0100] {logging_mixin.py:137} INFO - [2023-03-03T17:05:32.793+0100] {dag.py:2585} INFO - Sync 1 DAGs
[2023-03-03T17:05:32.806+0100] {logging_mixin.py:137} INFO - [2023-03-03T17:05:32.806+0100] {dag.py:3336} INFO - Setting next_dagrun for latest_only to 2023-03-03T12:05:32.806436+00:00, run_after=2023-03-03T16:05:32.806436+00:00
[2023-03-03T17:05:32.821+0100] {processor.py:176} INFO - Processing /Users/uab910/dev/nnam-poc/pyenv/lib/python3.10/site-packages/airflow/example_dags/example_latest_only.py took 0.240 seconds
[2023-03-03T17:07:08.696+0100] {processor.py:154} INFO - Started process (PID=59701) to work on /Users/uab910/dev/nnam-poc/pyenv/lib/python3.10/site-packages/airflow/example_dags/example_latest_only.py
[2023-03-03T17:07:08.701+0100] {processor.py:756} INFO - Processing file /Users/uab910/dev/nnam-poc/pyenv/lib/python3.10/site-packages/airflow/example_dags/example_latest_only.py for tasks to queue
[2023-03-03T17:07:08.702+0100] {logging_mixin.py:137} INFO - [2023-03-03T17:07:08.702+0100] {dagbag.py:537} INFO - Filling up the DagBag from /Users/uab910/dev/nnam-poc/pyenv/lib/python3.10/site-packages/airflow/example_dags/example_latest_only.py
[2023-03-03T17:07:08.740+0100] {processor.py:766} INFO - DAG(s) dict_keys(['latest_only']) retrieved from /Users/uab910/dev/nnam-poc/pyenv/lib/python3.10/site-packages/airflow/example_dags/example_latest_only.py
[2023-03-03T17:07:08.914+0100] {logging_mixin.py:137} INFO - [2023-03-03T17:07:08.914+0100] {dag.py:2585} INFO - Sync 1 DAGs
[2023-03-03T17:07:08.927+0100] {logging_mixin.py:137} INFO - [2023-03-03T17:07:08.927+0100] {dag.py:3336} INFO - Setting next_dagrun for latest_only to 2023-03-03T12:07:08.926962+00:00, run_after=2023-03-03T16:07:08.926962+00:00
[2023-03-03T17:07:08.942+0100] {processor.py:176} INFO - Processing /Users/uab910/dev/nnam-poc/pyenv/lib/python3.10/site-packages/airflow/example_dags/example_latest_only.py took 0.246 seconds
[2023-03-03T17:08:50.430+0100] {processor.py:154} INFO - Started process (PID=59765) to work on /Users/uab910/dev/nnam-poc/pyenv/lib/python3.10/site-packages/airflow/example_dags/example_latest_only.py
[2023-03-03T17:08:50.436+0100] {processor.py:756} INFO - Processing file /Users/uab910/dev/nnam-poc/pyenv/lib/python3.10/site-packages/airflow/example_dags/example_latest_only.py for tasks to queue
[2023-03-03T17:08:50.436+0100] {logging_mixin.py:137} INFO - [2023-03-03T17:08:50.436+0100] {dagbag.py:537} INFO - Filling up the DagBag from /Users/uab910/dev/nnam-poc/pyenv/lib/python3.10/site-packages/airflow/example_dags/example_latest_only.py
[2023-03-03T17:08:50.470+0100] {processor.py:766} INFO - DAG(s) dict_keys(['latest_only']) retrieved from /Users/uab910/dev/nnam-poc/pyenv/lib/python3.10/site-packages/airflow/example_dags/example_latest_only.py
[2023-03-03T17:08:50.675+0100] {logging_mixin.py:137} INFO - [2023-03-03T17:08:50.675+0100] {dag.py:2585} INFO - Sync 1 DAGs
[2023-03-03T17:08:50.694+0100] {logging_mixin.py:137} INFO - [2023-03-03T17:08:50.694+0100] {dag.py:3336} INFO - Setting next_dagrun for latest_only to 2023-03-03T12:08:50.694147+00:00, run_after=2023-03-03T16:08:50.694147+00:00
[2023-03-03T17:08:50.713+0100] {processor.py:176} INFO - Processing /Users/uab910/dev/nnam-poc/pyenv/lib/python3.10/site-packages/airflow/example_dags/example_latest_only.py took 0.284 seconds
[2023-03-03T17:10:19.033+0100] {processor.py:154} INFO - Started process (PID=59813) to work on /Users/uab910/dev/nnam-poc/pyenv/lib/python3.10/site-packages/airflow/example_dags/example_latest_only.py
[2023-03-03T17:10:19.039+0100] {processor.py:756} INFO - Processing file /Users/uab910/dev/nnam-poc/pyenv/lib/python3.10/site-packages/airflow/example_dags/example_latest_only.py for tasks to queue
[2023-03-03T17:10:19.039+0100] {logging_mixin.py:137} INFO - [2023-03-03T17:10:19.039+0100] {dagbag.py:537} INFO - Filling up the DagBag from /Users/uab910/dev/nnam-poc/pyenv/lib/python3.10/site-packages/airflow/example_dags/example_latest_only.py
[2023-03-03T17:10:19.069+0100] {processor.py:766} INFO - DAG(s) dict_keys(['latest_only']) retrieved from /Users/uab910/dev/nnam-poc/pyenv/lib/python3.10/site-packages/airflow/example_dags/example_latest_only.py
[2023-03-03T17:10:19.231+0100] {logging_mixin.py:137} INFO - [2023-03-03T17:10:19.231+0100] {dag.py:2585} INFO - Sync 1 DAGs
[2023-03-03T17:10:19.244+0100] {logging_mixin.py:137} INFO - [2023-03-03T17:10:19.244+0100] {dag.py:3336} INFO - Setting next_dagrun for latest_only to 2023-03-03T12:10:19.244283+00:00, run_after=2023-03-03T16:10:19.244283+00:00
[2023-03-03T17:10:19.258+0100] {processor.py:176} INFO - Processing /Users/uab910/dev/nnam-poc/pyenv/lib/python3.10/site-packages/airflow/example_dags/example_latest_only.py took 0.226 seconds
[2023-03-03T17:11:46.335+0100] {processor.py:154} INFO - Started process (PID=59865) to work on /Users/uab910/dev/nnam-poc/pyenv/lib/python3.10/site-packages/airflow/example_dags/example_latest_only.py
[2023-03-03T17:11:46.339+0100] {processor.py:756} INFO - Processing file /Users/uab910/dev/nnam-poc/pyenv/lib/python3.10/site-packages/airflow/example_dags/example_latest_only.py for tasks to queue
[2023-03-03T17:11:46.339+0100] {logging_mixin.py:137} INFO - [2023-03-03T17:11:46.339+0100] {dagbag.py:537} INFO - Filling up the DagBag from /Users/uab910/dev/nnam-poc/pyenv/lib/python3.10/site-packages/airflow/example_dags/example_latest_only.py
[2023-03-03T17:11:46.368+0100] {processor.py:766} INFO - DAG(s) dict_keys(['latest_only']) retrieved from /Users/uab910/dev/nnam-poc/pyenv/lib/python3.10/site-packages/airflow/example_dags/example_latest_only.py
[2023-03-03T17:11:46.543+0100] {logging_mixin.py:137} INFO - [2023-03-03T17:11:46.542+0100] {dag.py:2585} INFO - Sync 1 DAGs
[2023-03-03T17:11:46.557+0100] {logging_mixin.py:137} INFO - [2023-03-03T17:11:46.557+0100] {dag.py:3336} INFO - Setting next_dagrun for latest_only to 2023-03-03T12:11:46.557023+00:00, run_after=2023-03-03T16:11:46.557023+00:00
[2023-03-03T17:11:46.571+0100] {processor.py:176} INFO - Processing /Users/uab910/dev/nnam-poc/pyenv/lib/python3.10/site-packages/airflow/example_dags/example_latest_only.py took 0.237 seconds
[2023-03-03T17:13:16.597+0100] {processor.py:154} INFO - Started process (PID=59948) to work on /Users/uab910/dev/nnam-poc/pyenv/lib/python3.10/site-packages/airflow/example_dags/example_latest_only.py
[2023-03-03T17:13:16.602+0100] {processor.py:756} INFO - Processing file /Users/uab910/dev/nnam-poc/pyenv/lib/python3.10/site-packages/airflow/example_dags/example_latest_only.py for tasks to queue
[2023-03-03T17:13:16.602+0100] {logging_mixin.py:137} INFO - [2023-03-03T17:13:16.602+0100] {dagbag.py:537} INFO - Filling up the DagBag from /Users/uab910/dev/nnam-poc/pyenv/lib/python3.10/site-packages/airflow/example_dags/example_latest_only.py
[2023-03-03T17:13:16.628+0100] {processor.py:766} INFO - DAG(s) dict_keys(['latest_only']) retrieved from /Users/uab910/dev/nnam-poc/pyenv/lib/python3.10/site-packages/airflow/example_dags/example_latest_only.py
[2023-03-03T17:13:16.830+0100] {logging_mixin.py:137} INFO - [2023-03-03T17:13:16.830+0100] {dag.py:2585} INFO - Sync 1 DAGs
[2023-03-03T17:13:16.846+0100] {logging_mixin.py:137} INFO - [2023-03-03T17:13:16.846+0100] {dag.py:3336} INFO - Setting next_dagrun for latest_only to 2023-03-03T12:13:16.846065+00:00, run_after=2023-03-03T16:13:16.846065+00:00
[2023-03-03T17:13:16.863+0100] {processor.py:176} INFO - Processing /Users/uab910/dev/nnam-poc/pyenv/lib/python3.10/site-packages/airflow/example_dags/example_latest_only.py took 0.267 seconds
[2023-03-03T17:14:50.092+0100] {processor.py:154} INFO - Started process (PID=60015) to work on /Users/uab910/dev/nnam-poc/pyenv/lib/python3.10/site-packages/airflow/example_dags/example_latest_only.py
[2023-03-03T17:14:50.097+0100] {processor.py:756} INFO - Processing file /Users/uab910/dev/nnam-poc/pyenv/lib/python3.10/site-packages/airflow/example_dags/example_latest_only.py for tasks to queue
[2023-03-03T17:14:50.097+0100] {logging_mixin.py:137} INFO - [2023-03-03T17:14:50.097+0100] {dagbag.py:537} INFO - Filling up the DagBag from /Users/uab910/dev/nnam-poc/pyenv/lib/python3.10/site-packages/airflow/example_dags/example_latest_only.py
[2023-03-03T17:14:50.130+0100] {processor.py:766} INFO - DAG(s) dict_keys(['latest_only']) retrieved from /Users/uab910/dev/nnam-poc/pyenv/lib/python3.10/site-packages/airflow/example_dags/example_latest_only.py
[2023-03-03T17:14:50.297+0100] {logging_mixin.py:137} INFO - [2023-03-03T17:14:50.297+0100] {dag.py:2585} INFO - Sync 1 DAGs
[2023-03-03T17:14:50.310+0100] {logging_mixin.py:137} INFO - [2023-03-03T17:14:50.310+0100] {dag.py:3336} INFO - Setting next_dagrun for latest_only to 2023-03-03T12:14:50.310439+00:00, run_after=2023-03-03T16:14:50.310439+00:00
[2023-03-03T17:14:50.324+0100] {processor.py:176} INFO - Processing /Users/uab910/dev/nnam-poc/pyenv/lib/python3.10/site-packages/airflow/example_dags/example_latest_only.py took 0.233 seconds
[2023-03-03T17:16:21.782+0100] {processor.py:154} INFO - Started process (PID=60066) to work on /Users/uab910/dev/nnam-poc/pyenv/lib/python3.10/site-packages/airflow/example_dags/example_latest_only.py
[2023-03-03T17:16:21.787+0100] {processor.py:756} INFO - Processing file /Users/uab910/dev/nnam-poc/pyenv/lib/python3.10/site-packages/airflow/example_dags/example_latest_only.py for tasks to queue
[2023-03-03T17:16:21.788+0100] {logging_mixin.py:137} INFO - [2023-03-03T17:16:21.788+0100] {dagbag.py:537} INFO - Filling up the DagBag from /Users/uab910/dev/nnam-poc/pyenv/lib/python3.10/site-packages/airflow/example_dags/example_latest_only.py
[2023-03-03T17:16:21.819+0100] {processor.py:766} INFO - DAG(s) dict_keys(['latest_only']) retrieved from /Users/uab910/dev/nnam-poc/pyenv/lib/python3.10/site-packages/airflow/example_dags/example_latest_only.py
[2023-03-03T17:16:21.986+0100] {logging_mixin.py:137} INFO - [2023-03-03T17:16:21.985+0100] {dag.py:2585} INFO - Sync 1 DAGs
[2023-03-03T17:16:21.998+0100] {logging_mixin.py:137} INFO - [2023-03-03T17:16:21.998+0100] {dag.py:3336} INFO - Setting next_dagrun for latest_only to 2023-03-03T12:16:21.998632+00:00, run_after=2023-03-03T16:16:21.998632+00:00
[2023-03-03T17:16:22.013+0100] {processor.py:176} INFO - Processing /Users/uab910/dev/nnam-poc/pyenv/lib/python3.10/site-packages/airflow/example_dags/example_latest_only.py took 0.232 seconds
[2023-03-03T17:17:53.051+0100] {processor.py:154} INFO - Started process (PID=60122) to work on /Users/uab910/dev/nnam-poc/pyenv/lib/python3.10/site-packages/airflow/example_dags/example_latest_only.py
[2023-03-03T17:17:53.057+0100] {processor.py:756} INFO - Processing file /Users/uab910/dev/nnam-poc/pyenv/lib/python3.10/site-packages/airflow/example_dags/example_latest_only.py for tasks to queue
[2023-03-03T17:17:53.058+0100] {logging_mixin.py:137} INFO - [2023-03-03T17:17:53.058+0100] {dagbag.py:537} INFO - Filling up the DagBag from /Users/uab910/dev/nnam-poc/pyenv/lib/python3.10/site-packages/airflow/example_dags/example_latest_only.py
[2023-03-03T17:17:53.092+0100] {processor.py:766} INFO - DAG(s) dict_keys(['latest_only']) retrieved from /Users/uab910/dev/nnam-poc/pyenv/lib/python3.10/site-packages/airflow/example_dags/example_latest_only.py
[2023-03-03T17:17:53.285+0100] {logging_mixin.py:137} INFO - [2023-03-03T17:17:53.285+0100] {dag.py:2585} INFO - Sync 1 DAGs
[2023-03-03T17:17:53.300+0100] {logging_mixin.py:137} INFO - [2023-03-03T17:17:53.300+0100] {dag.py:3336} INFO - Setting next_dagrun for latest_only to 2023-03-03T12:17:53.300257+00:00, run_after=2023-03-03T16:17:53.300257+00:00
[2023-03-03T17:17:53.317+0100] {processor.py:176} INFO - Processing /Users/uab910/dev/nnam-poc/pyenv/lib/python3.10/site-packages/airflow/example_dags/example_latest_only.py took 0.267 seconds
[2023-03-03T17:19:22.143+0100] {processor.py:154} INFO - Started process (PID=60182) to work on /Users/uab910/dev/nnam-poc/pyenv/lib/python3.10/site-packages/airflow/example_dags/example_latest_only.py
[2023-03-03T17:19:22.149+0100] {processor.py:756} INFO - Processing file /Users/uab910/dev/nnam-poc/pyenv/lib/python3.10/site-packages/airflow/example_dags/example_latest_only.py for tasks to queue
[2023-03-03T17:19:22.149+0100] {logging_mixin.py:137} INFO - [2023-03-03T17:19:22.149+0100] {dagbag.py:537} INFO - Filling up the DagBag from /Users/uab910/dev/nnam-poc/pyenv/lib/python3.10/site-packages/airflow/example_dags/example_latest_only.py
[2023-03-03T17:19:22.184+0100] {processor.py:766} INFO - DAG(s) dict_keys(['latest_only']) retrieved from /Users/uab910/dev/nnam-poc/pyenv/lib/python3.10/site-packages/airflow/example_dags/example_latest_only.py
[2023-03-03T17:19:22.365+0100] {logging_mixin.py:137} INFO - [2023-03-03T17:19:22.365+0100] {dag.py:2585} INFO - Sync 1 DAGs
[2023-03-03T17:19:22.379+0100] {logging_mixin.py:137} INFO - [2023-03-03T17:19:22.379+0100] {dag.py:3336} INFO - Setting next_dagrun for latest_only to 2023-03-03T12:19:22.378898+00:00, run_after=2023-03-03T16:19:22.378898+00:00
[2023-03-03T17:19:22.395+0100] {processor.py:176} INFO - Processing /Users/uab910/dev/nnam-poc/pyenv/lib/python3.10/site-packages/airflow/example_dags/example_latest_only.py took 0.253 seconds
