[2023-03-03T16:00:36.246+0100] {processor.py:154} INFO - Started process (PID=57116) to work on /Users/uab910/dev/nnam-poc/pyenv/lib/python3.10/site-packages/airflow/example_dags/example_trigger_controller_dag.py
[2023-03-03T16:00:36.252+0100] {processor.py:756} INFO - Processing file /Users/uab910/dev/nnam-poc/pyenv/lib/python3.10/site-packages/airflow/example_dags/example_trigger_controller_dag.py for tasks to queue
[2023-03-03T16:00:36.252+0100] {logging_mixin.py:137} INFO - [2023-03-03T16:00:36.252+0100] {dagbag.py:537} INFO - Filling up the DagBag from /Users/uab910/dev/nnam-poc/pyenv/lib/python3.10/site-packages/airflow/example_dags/example_trigger_controller_dag.py
[2023-03-03T16:00:36.285+0100] {processor.py:766} INFO - DAG(s) dict_keys(['example_trigger_controller_dag']) retrieved from /Users/uab910/dev/nnam-poc/pyenv/lib/python3.10/site-packages/airflow/example_dags/example_trigger_controller_dag.py
[2023-03-03T16:00:37.556+0100] {logging_mixin.py:137} INFO - [2023-03-03T16:00:37.556+0100] {manager.py:507} INFO - Created Permission View: can delete on DAG:example_trigger_controller_dag
[2023-03-03T16:00:37.565+0100] {logging_mixin.py:137} INFO - [2023-03-03T16:00:37.565+0100] {manager.py:507} INFO - Created Permission View: can read on DAG:example_trigger_controller_dag
[2023-03-03T16:00:37.571+0100] {logging_mixin.py:137} INFO - [2023-03-03T16:00:37.571+0100] {manager.py:507} INFO - Created Permission View: can edit on DAG:example_trigger_controller_dag
[2023-03-03T16:00:37.571+0100] {logging_mixin.py:137} INFO - [2023-03-03T16:00:37.571+0100] {dag.py:2585} INFO - Sync 1 DAGs
[2023-03-03T16:00:37.581+0100] {logging_mixin.py:137} INFO - [2023-03-03T16:00:37.581+0100] {dag.py:2606} INFO - Creating ORM DAG for example_trigger_controller_dag
[2023-03-03T16:00:37.589+0100] {logging_mixin.py:137} INFO - [2023-03-03T16:00:37.589+0100] {dag.py:3336} INFO - Setting next_dagrun for example_trigger_controller_dag to 2021-01-01T00:00:00+00:00, run_after=2021-01-01T00:00:00+00:00
[2023-03-03T16:00:37.604+0100] {processor.py:176} INFO - Processing /Users/uab910/dev/nnam-poc/pyenv/lib/python3.10/site-packages/airflow/example_dags/example_trigger_controller_dag.py took 1.359 seconds
[2023-03-03T16:02:54.123+0100] {processor.py:154} INFO - Started process (PID=57227) to work on /Users/uab910/dev/nnam-poc/pyenv/lib/python3.10/site-packages/airflow/example_dags/example_trigger_controller_dag.py
[2023-03-03T16:02:54.128+0100] {processor.py:756} INFO - Processing file /Users/uab910/dev/nnam-poc/pyenv/lib/python3.10/site-packages/airflow/example_dags/example_trigger_controller_dag.py for tasks to queue
[2023-03-03T16:02:54.129+0100] {logging_mixin.py:137} INFO - [2023-03-03T16:02:54.128+0100] {dagbag.py:537} INFO - Filling up the DagBag from /Users/uab910/dev/nnam-poc/pyenv/lib/python3.10/site-packages/airflow/example_dags/example_trigger_controller_dag.py
[2023-03-03T16:02:54.159+0100] {processor.py:766} INFO - DAG(s) dict_keys(['example_trigger_controller_dag']) retrieved from /Users/uab910/dev/nnam-poc/pyenv/lib/python3.10/site-packages/airflow/example_dags/example_trigger_controller_dag.py
[2023-03-03T16:02:54.201+0100] {logging_mixin.py:137} INFO - [2023-03-03T16:02:54.201+0100] {dag.py:2585} INFO - Sync 1 DAGs
[2023-03-03T16:02:54.316+0100] {logging_mixin.py:137} INFO - [2023-03-03T16:02:54.315+0100] {dag.py:3336} INFO - Setting next_dagrun for example_trigger_controller_dag to 2021-01-01T00:00:00+00:00, run_after=2021-01-01T00:00:00+00:00
[2023-03-03T16:02:54.332+0100] {processor.py:176} INFO - Processing /Users/uab910/dev/nnam-poc/pyenv/lib/python3.10/site-packages/airflow/example_dags/example_trigger_controller_dag.py took 0.210 seconds
[2023-03-03T16:04:09.814+0100] {processor.py:154} INFO - Started process (PID=57282) to work on /Users/uab910/dev/nnam-poc/pyenv/lib/python3.10/site-packages/airflow/example_dags/example_trigger_controller_dag.py
[2023-03-03T16:04:09.820+0100] {processor.py:756} INFO - Processing file /Users/uab910/dev/nnam-poc/pyenv/lib/python3.10/site-packages/airflow/example_dags/example_trigger_controller_dag.py for tasks to queue
[2023-03-03T16:04:09.820+0100] {logging_mixin.py:137} INFO - [2023-03-03T16:04:09.820+0100] {dagbag.py:537} INFO - Filling up the DagBag from /Users/uab910/dev/nnam-poc/pyenv/lib/python3.10/site-packages/airflow/example_dags/example_trigger_controller_dag.py
[2023-03-03T16:04:09.851+0100] {processor.py:766} INFO - DAG(s) dict_keys(['example_trigger_controller_dag']) retrieved from /Users/uab910/dev/nnam-poc/pyenv/lib/python3.10/site-packages/airflow/example_dags/example_trigger_controller_dag.py
[2023-03-03T16:04:10.053+0100] {logging_mixin.py:137} INFO - [2023-03-03T16:04:10.053+0100] {dag.py:2585} INFO - Sync 1 DAGs
[2023-03-03T16:04:10.070+0100] {logging_mixin.py:137} INFO - [2023-03-03T16:04:10.069+0100] {dag.py:3336} INFO - Setting next_dagrun for example_trigger_controller_dag to 2021-01-01T00:00:00+00:00, run_after=2021-01-01T00:00:00+00:00
[2023-03-03T16:04:10.088+0100] {processor.py:176} INFO - Processing /Users/uab910/dev/nnam-poc/pyenv/lib/python3.10/site-packages/airflow/example_dags/example_trigger_controller_dag.py took 0.274 seconds
[2023-03-03T16:05:24.711+0100] {processor.py:154} INFO - Started process (PID=57332) to work on /Users/uab910/dev/nnam-poc/pyenv/lib/python3.10/site-packages/airflow/example_dags/example_trigger_controller_dag.py
[2023-03-03T16:05:24.717+0100] {processor.py:756} INFO - Processing file /Users/uab910/dev/nnam-poc/pyenv/lib/python3.10/site-packages/airflow/example_dags/example_trigger_controller_dag.py for tasks to queue
[2023-03-03T16:05:24.718+0100] {logging_mixin.py:137} INFO - [2023-03-03T16:05:24.717+0100] {dagbag.py:537} INFO - Filling up the DagBag from /Users/uab910/dev/nnam-poc/pyenv/lib/python3.10/site-packages/airflow/example_dags/example_trigger_controller_dag.py
[2023-03-03T16:05:24.751+0100] {processor.py:766} INFO - DAG(s) dict_keys(['example_trigger_controller_dag']) retrieved from /Users/uab910/dev/nnam-poc/pyenv/lib/python3.10/site-packages/airflow/example_dags/example_trigger_controller_dag.py
[2023-03-03T16:05:24.925+0100] {logging_mixin.py:137} INFO - [2023-03-03T16:05:24.925+0100] {dag.py:2585} INFO - Sync 1 DAGs
[2023-03-03T16:05:24.939+0100] {logging_mixin.py:137} INFO - [2023-03-03T16:05:24.939+0100] {dag.py:3336} INFO - Setting next_dagrun for example_trigger_controller_dag to 2021-01-01T00:00:00+00:00, run_after=2021-01-01T00:00:00+00:00
[2023-03-03T16:05:24.953+0100] {processor.py:176} INFO - Processing /Users/uab910/dev/nnam-poc/pyenv/lib/python3.10/site-packages/airflow/example_dags/example_trigger_controller_dag.py took 0.243 seconds
[2023-03-03T16:06:43.181+0100] {processor.py:154} INFO - Started process (PID=57378) to work on /Users/uab910/dev/nnam-poc/pyenv/lib/python3.10/site-packages/airflow/example_dags/example_trigger_controller_dag.py
[2023-03-03T16:06:43.186+0100] {processor.py:756} INFO - Processing file /Users/uab910/dev/nnam-poc/pyenv/lib/python3.10/site-packages/airflow/example_dags/example_trigger_controller_dag.py for tasks to queue
[2023-03-03T16:06:43.187+0100] {logging_mixin.py:137} INFO - [2023-03-03T16:06:43.187+0100] {dagbag.py:537} INFO - Filling up the DagBag from /Users/uab910/dev/nnam-poc/pyenv/lib/python3.10/site-packages/airflow/example_dags/example_trigger_controller_dag.py
[2023-03-03T16:06:43.228+0100] {processor.py:766} INFO - DAG(s) dict_keys(['example_trigger_controller_dag']) retrieved from /Users/uab910/dev/nnam-poc/pyenv/lib/python3.10/site-packages/airflow/example_dags/example_trigger_controller_dag.py
[2023-03-03T16:06:43.407+0100] {logging_mixin.py:137} INFO - [2023-03-03T16:06:43.407+0100] {dag.py:2585} INFO - Sync 1 DAGs
[2023-03-03T16:06:43.421+0100] {logging_mixin.py:137} INFO - [2023-03-03T16:06:43.421+0100] {dag.py:3336} INFO - Setting next_dagrun for example_trigger_controller_dag to 2021-01-01T00:00:00+00:00, run_after=2021-01-01T00:00:00+00:00
[2023-03-03T16:06:43.436+0100] {processor.py:176} INFO - Processing /Users/uab910/dev/nnam-poc/pyenv/lib/python3.10/site-packages/airflow/example_dags/example_trigger_controller_dag.py took 0.256 seconds
[2023-03-03T16:08:05.153+0100] {processor.py:154} INFO - Started process (PID=57431) to work on /Users/uab910/dev/nnam-poc/pyenv/lib/python3.10/site-packages/airflow/example_dags/example_trigger_controller_dag.py
[2023-03-03T16:08:05.157+0100] {processor.py:756} INFO - Processing file /Users/uab910/dev/nnam-poc/pyenv/lib/python3.10/site-packages/airflow/example_dags/example_trigger_controller_dag.py for tasks to queue
[2023-03-03T16:08:05.158+0100] {logging_mixin.py:137} INFO - [2023-03-03T16:08:05.158+0100] {dagbag.py:537} INFO - Filling up the DagBag from /Users/uab910/dev/nnam-poc/pyenv/lib/python3.10/site-packages/airflow/example_dags/example_trigger_controller_dag.py
[2023-03-03T16:08:05.186+0100] {processor.py:766} INFO - DAG(s) dict_keys(['example_trigger_controller_dag']) retrieved from /Users/uab910/dev/nnam-poc/pyenv/lib/python3.10/site-packages/airflow/example_dags/example_trigger_controller_dag.py
[2023-03-03T16:08:05.358+0100] {logging_mixin.py:137} INFO - [2023-03-03T16:08:05.358+0100] {dag.py:2585} INFO - Sync 1 DAGs
[2023-03-03T16:08:05.372+0100] {logging_mixin.py:137} INFO - [2023-03-03T16:08:05.372+0100] {dag.py:3336} INFO - Setting next_dagrun for example_trigger_controller_dag to 2021-01-01T00:00:00+00:00, run_after=2021-01-01T00:00:00+00:00
[2023-03-03T16:08:05.388+0100] {processor.py:176} INFO - Processing /Users/uab910/dev/nnam-poc/pyenv/lib/python3.10/site-packages/airflow/example_dags/example_trigger_controller_dag.py took 0.236 seconds
[2023-03-03T16:09:21.347+0100] {processor.py:154} INFO - Started process (PID=57488) to work on /Users/uab910/dev/nnam-poc/pyenv/lib/python3.10/site-packages/airflow/example_dags/example_trigger_controller_dag.py
[2023-03-03T16:09:21.353+0100] {processor.py:756} INFO - Processing file /Users/uab910/dev/nnam-poc/pyenv/lib/python3.10/site-packages/airflow/example_dags/example_trigger_controller_dag.py for tasks to queue
[2023-03-03T16:09:21.353+0100] {logging_mixin.py:137} INFO - [2023-03-03T16:09:21.353+0100] {dagbag.py:537} INFO - Filling up the DagBag from /Users/uab910/dev/nnam-poc/pyenv/lib/python3.10/site-packages/airflow/example_dags/example_trigger_controller_dag.py
[2023-03-03T16:09:21.384+0100] {processor.py:766} INFO - DAG(s) dict_keys(['example_trigger_controller_dag']) retrieved from /Users/uab910/dev/nnam-poc/pyenv/lib/python3.10/site-packages/airflow/example_dags/example_trigger_controller_dag.py
[2023-03-03T16:09:21.599+0100] {logging_mixin.py:137} INFO - [2023-03-03T16:09:21.599+0100] {dag.py:2585} INFO - Sync 1 DAGs
[2023-03-03T16:09:21.617+0100] {logging_mixin.py:137} INFO - [2023-03-03T16:09:21.617+0100] {dag.py:3336} INFO - Setting next_dagrun for example_trigger_controller_dag to 2021-01-01T00:00:00+00:00, run_after=2021-01-01T00:00:00+00:00
[2023-03-03T16:09:21.635+0100] {processor.py:176} INFO - Processing /Users/uab910/dev/nnam-poc/pyenv/lib/python3.10/site-packages/airflow/example_dags/example_trigger_controller_dag.py took 0.289 seconds
[2023-03-03T16:10:38.191+0100] {processor.py:154} INFO - Started process (PID=57528) to work on /Users/uab910/dev/nnam-poc/pyenv/lib/python3.10/site-packages/airflow/example_dags/example_trigger_controller_dag.py
[2023-03-03T16:10:38.198+0100] {processor.py:756} INFO - Processing file /Users/uab910/dev/nnam-poc/pyenv/lib/python3.10/site-packages/airflow/example_dags/example_trigger_controller_dag.py for tasks to queue
[2023-03-03T16:10:38.198+0100] {logging_mixin.py:137} INFO - [2023-03-03T16:10:38.198+0100] {dagbag.py:537} INFO - Filling up the DagBag from /Users/uab910/dev/nnam-poc/pyenv/lib/python3.10/site-packages/airflow/example_dags/example_trigger_controller_dag.py
[2023-03-03T16:10:38.235+0100] {processor.py:766} INFO - DAG(s) dict_keys(['example_trigger_controller_dag']) retrieved from /Users/uab910/dev/nnam-poc/pyenv/lib/python3.10/site-packages/airflow/example_dags/example_trigger_controller_dag.py
[2023-03-03T16:10:38.442+0100] {logging_mixin.py:137} INFO - [2023-03-03T16:10:38.442+0100] {dag.py:2585} INFO - Sync 1 DAGs
[2023-03-03T16:10:38.457+0100] {logging_mixin.py:137} INFO - [2023-03-03T16:10:38.457+0100] {dag.py:3336} INFO - Setting next_dagrun for example_trigger_controller_dag to 2021-01-01T00:00:00+00:00, run_after=2021-01-01T00:00:00+00:00
[2023-03-03T16:10:38.473+0100] {processor.py:176} INFO - Processing /Users/uab910/dev/nnam-poc/pyenv/lib/python3.10/site-packages/airflow/example_dags/example_trigger_controller_dag.py took 0.283 seconds
[2023-03-03T16:11:55.713+0100] {processor.py:154} INFO - Started process (PID=57573) to work on /Users/uab910/dev/nnam-poc/pyenv/lib/python3.10/site-packages/airflow/example_dags/example_trigger_controller_dag.py
[2023-03-03T16:11:55.719+0100] {processor.py:756} INFO - Processing file /Users/uab910/dev/nnam-poc/pyenv/lib/python3.10/site-packages/airflow/example_dags/example_trigger_controller_dag.py for tasks to queue
[2023-03-03T16:11:55.719+0100] {logging_mixin.py:137} INFO - [2023-03-03T16:11:55.719+0100] {dagbag.py:537} INFO - Filling up the DagBag from /Users/uab910/dev/nnam-poc/pyenv/lib/python3.10/site-packages/airflow/example_dags/example_trigger_controller_dag.py
[2023-03-03T16:11:55.750+0100] {processor.py:766} INFO - DAG(s) dict_keys(['example_trigger_controller_dag']) retrieved from /Users/uab910/dev/nnam-poc/pyenv/lib/python3.10/site-packages/airflow/example_dags/example_trigger_controller_dag.py
[2023-03-03T16:11:55.927+0100] {logging_mixin.py:137} INFO - [2023-03-03T16:11:55.927+0100] {dag.py:2585} INFO - Sync 1 DAGs
[2023-03-03T16:11:55.942+0100] {logging_mixin.py:137} INFO - [2023-03-03T16:11:55.942+0100] {dag.py:3336} INFO - Setting next_dagrun for example_trigger_controller_dag to 2021-01-01T00:00:00+00:00, run_after=2021-01-01T00:00:00+00:00
[2023-03-03T16:11:55.958+0100] {processor.py:176} INFO - Processing /Users/uab910/dev/nnam-poc/pyenv/lib/python3.10/site-packages/airflow/example_dags/example_trigger_controller_dag.py took 0.246 seconds
[2023-03-03T16:13:09.265+0100] {processor.py:154} INFO - Started process (PID=57612) to work on /Users/uab910/dev/nnam-poc/pyenv/lib/python3.10/site-packages/airflow/example_dags/example_trigger_controller_dag.py
[2023-03-03T16:13:09.271+0100] {processor.py:756} INFO - Processing file /Users/uab910/dev/nnam-poc/pyenv/lib/python3.10/site-packages/airflow/example_dags/example_trigger_controller_dag.py for tasks to queue
[2023-03-03T16:13:09.271+0100] {logging_mixin.py:137} INFO - [2023-03-03T16:13:09.271+0100] {dagbag.py:537} INFO - Filling up the DagBag from /Users/uab910/dev/nnam-poc/pyenv/lib/python3.10/site-packages/airflow/example_dags/example_trigger_controller_dag.py
[2023-03-03T16:13:09.300+0100] {processor.py:766} INFO - DAG(s) dict_keys(['example_trigger_controller_dag']) retrieved from /Users/uab910/dev/nnam-poc/pyenv/lib/python3.10/site-packages/airflow/example_dags/example_trigger_controller_dag.py
[2023-03-03T16:13:09.477+0100] {logging_mixin.py:137} INFO - [2023-03-03T16:13:09.477+0100] {dag.py:2585} INFO - Sync 1 DAGs
[2023-03-03T16:13:09.492+0100] {logging_mixin.py:137} INFO - [2023-03-03T16:13:09.492+0100] {dag.py:3336} INFO - Setting next_dagrun for example_trigger_controller_dag to 2021-01-01T00:00:00+00:00, run_after=2021-01-01T00:00:00+00:00
[2023-03-03T16:13:09.508+0100] {processor.py:176} INFO - Processing /Users/uab910/dev/nnam-poc/pyenv/lib/python3.10/site-packages/airflow/example_dags/example_trigger_controller_dag.py took 0.244 seconds
[2023-03-03T16:14:24.868+0100] {processor.py:154} INFO - Started process (PID=57673) to work on /Users/uab910/dev/nnam-poc/pyenv/lib/python3.10/site-packages/airflow/example_dags/example_trigger_controller_dag.py
[2023-03-03T16:14:24.873+0100] {processor.py:756} INFO - Processing file /Users/uab910/dev/nnam-poc/pyenv/lib/python3.10/site-packages/airflow/example_dags/example_trigger_controller_dag.py for tasks to queue
[2023-03-03T16:14:24.873+0100] {logging_mixin.py:137} INFO - [2023-03-03T16:14:24.873+0100] {dagbag.py:537} INFO - Filling up the DagBag from /Users/uab910/dev/nnam-poc/pyenv/lib/python3.10/site-packages/airflow/example_dags/example_trigger_controller_dag.py
[2023-03-03T16:14:24.905+0100] {processor.py:766} INFO - DAG(s) dict_keys(['example_trigger_controller_dag']) retrieved from /Users/uab910/dev/nnam-poc/pyenv/lib/python3.10/site-packages/airflow/example_dags/example_trigger_controller_dag.py
[2023-03-03T16:14:25.070+0100] {logging_mixin.py:137} INFO - [2023-03-03T16:14:25.070+0100] {dag.py:2585} INFO - Sync 1 DAGs
[2023-03-03T16:14:25.083+0100] {logging_mixin.py:137} INFO - [2023-03-03T16:14:25.083+0100] {dag.py:3336} INFO - Setting next_dagrun for example_trigger_controller_dag to 2021-01-01T00:00:00+00:00, run_after=2021-01-01T00:00:00+00:00
[2023-03-03T16:14:25.098+0100] {processor.py:176} INFO - Processing /Users/uab910/dev/nnam-poc/pyenv/lib/python3.10/site-packages/airflow/example_dags/example_trigger_controller_dag.py took 0.231 seconds
[2023-03-03T16:15:42.505+0100] {processor.py:154} INFO - Started process (PID=57736) to work on /Users/uab910/dev/nnam-poc/pyenv/lib/python3.10/site-packages/airflow/example_dags/example_trigger_controller_dag.py
[2023-03-03T16:15:42.511+0100] {processor.py:756} INFO - Processing file /Users/uab910/dev/nnam-poc/pyenv/lib/python3.10/site-packages/airflow/example_dags/example_trigger_controller_dag.py for tasks to queue
[2023-03-03T16:15:42.512+0100] {logging_mixin.py:137} INFO - [2023-03-03T16:15:42.512+0100] {dagbag.py:537} INFO - Filling up the DagBag from /Users/uab910/dev/nnam-poc/pyenv/lib/python3.10/site-packages/airflow/example_dags/example_trigger_controller_dag.py
[2023-03-03T16:15:42.545+0100] {processor.py:766} INFO - DAG(s) dict_keys(['example_trigger_controller_dag']) retrieved from /Users/uab910/dev/nnam-poc/pyenv/lib/python3.10/site-packages/airflow/example_dags/example_trigger_controller_dag.py
[2023-03-03T16:15:42.744+0100] {logging_mixin.py:137} INFO - [2023-03-03T16:15:42.744+0100] {dag.py:2585} INFO - Sync 1 DAGs
[2023-03-03T16:15:42.761+0100] {logging_mixin.py:137} INFO - [2023-03-03T16:15:42.761+0100] {dag.py:3336} INFO - Setting next_dagrun for example_trigger_controller_dag to 2021-01-01T00:00:00+00:00, run_after=2021-01-01T00:00:00+00:00
[2023-03-03T16:15:42.780+0100] {processor.py:176} INFO - Processing /Users/uab910/dev/nnam-poc/pyenv/lib/python3.10/site-packages/airflow/example_dags/example_trigger_controller_dag.py took 0.276 seconds
[2023-03-03T16:17:02.695+0100] {processor.py:154} INFO - Started process (PID=57821) to work on /Users/uab910/dev/nnam-poc/pyenv/lib/python3.10/site-packages/airflow/example_dags/example_trigger_controller_dag.py
[2023-03-03T16:17:02.701+0100] {processor.py:756} INFO - Processing file /Users/uab910/dev/nnam-poc/pyenv/lib/python3.10/site-packages/airflow/example_dags/example_trigger_controller_dag.py for tasks to queue
[2023-03-03T16:17:02.701+0100] {logging_mixin.py:137} INFO - [2023-03-03T16:17:02.701+0100] {dagbag.py:537} INFO - Filling up the DagBag from /Users/uab910/dev/nnam-poc/pyenv/lib/python3.10/site-packages/airflow/example_dags/example_trigger_controller_dag.py
[2023-03-03T16:17:02.732+0100] {processor.py:766} INFO - DAG(s) dict_keys(['example_trigger_controller_dag']) retrieved from /Users/uab910/dev/nnam-poc/pyenv/lib/python3.10/site-packages/airflow/example_dags/example_trigger_controller_dag.py
[2023-03-03T16:17:02.905+0100] {logging_mixin.py:137} INFO - [2023-03-03T16:17:02.904+0100] {dag.py:2585} INFO - Sync 1 DAGs
[2023-03-03T16:17:02.919+0100] {logging_mixin.py:137} INFO - [2023-03-03T16:17:02.919+0100] {dag.py:3336} INFO - Setting next_dagrun for example_trigger_controller_dag to 2021-01-01T00:00:00+00:00, run_after=2021-01-01T00:00:00+00:00
[2023-03-03T16:17:02.934+0100] {processor.py:176} INFO - Processing /Users/uab910/dev/nnam-poc/pyenv/lib/python3.10/site-packages/airflow/example_dags/example_trigger_controller_dag.py took 0.240 seconds
[2023-03-03T16:18:20.788+0100] {processor.py:154} INFO - Started process (PID=57872) to work on /Users/uab910/dev/nnam-poc/pyenv/lib/python3.10/site-packages/airflow/example_dags/example_trigger_controller_dag.py
[2023-03-03T16:18:20.794+0100] {processor.py:756} INFO - Processing file /Users/uab910/dev/nnam-poc/pyenv/lib/python3.10/site-packages/airflow/example_dags/example_trigger_controller_dag.py for tasks to queue
[2023-03-03T16:18:20.794+0100] {logging_mixin.py:137} INFO - [2023-03-03T16:18:20.794+0100] {dagbag.py:537} INFO - Filling up the DagBag from /Users/uab910/dev/nnam-poc/pyenv/lib/python3.10/site-packages/airflow/example_dags/example_trigger_controller_dag.py
[2023-03-03T16:18:20.826+0100] {processor.py:766} INFO - DAG(s) dict_keys(['example_trigger_controller_dag']) retrieved from /Users/uab910/dev/nnam-poc/pyenv/lib/python3.10/site-packages/airflow/example_dags/example_trigger_controller_dag.py
[2023-03-03T16:18:21.027+0100] {logging_mixin.py:137} INFO - [2023-03-03T16:18:21.027+0100] {dag.py:2585} INFO - Sync 1 DAGs
[2023-03-03T16:18:21.043+0100] {logging_mixin.py:137} INFO - [2023-03-03T16:18:21.043+0100] {dag.py:3336} INFO - Setting next_dagrun for example_trigger_controller_dag to 2021-01-01T00:00:00+00:00, run_after=2021-01-01T00:00:00+00:00
[2023-03-03T16:18:21.060+0100] {processor.py:176} INFO - Processing /Users/uab910/dev/nnam-poc/pyenv/lib/python3.10/site-packages/airflow/example_dags/example_trigger_controller_dag.py took 0.274 seconds
[2023-03-03T16:19:39.429+0100] {processor.py:154} INFO - Started process (PID=57932) to work on /Users/uab910/dev/nnam-poc/pyenv/lib/python3.10/site-packages/airflow/example_dags/example_trigger_controller_dag.py
[2023-03-03T16:19:39.434+0100] {processor.py:756} INFO - Processing file /Users/uab910/dev/nnam-poc/pyenv/lib/python3.10/site-packages/airflow/example_dags/example_trigger_controller_dag.py for tasks to queue
[2023-03-03T16:19:39.434+0100] {logging_mixin.py:137} INFO - [2023-03-03T16:19:39.434+0100] {dagbag.py:537} INFO - Filling up the DagBag from /Users/uab910/dev/nnam-poc/pyenv/lib/python3.10/site-packages/airflow/example_dags/example_trigger_controller_dag.py
[2023-03-03T16:19:39.464+0100] {processor.py:766} INFO - DAG(s) dict_keys(['example_trigger_controller_dag']) retrieved from /Users/uab910/dev/nnam-poc/pyenv/lib/python3.10/site-packages/airflow/example_dags/example_trigger_controller_dag.py
[2023-03-03T16:19:39.667+0100] {logging_mixin.py:137} INFO - [2023-03-03T16:19:39.667+0100] {dag.py:2585} INFO - Sync 1 DAGs
[2023-03-03T16:19:39.682+0100] {logging_mixin.py:137} INFO - [2023-03-03T16:19:39.682+0100] {dag.py:3336} INFO - Setting next_dagrun for example_trigger_controller_dag to 2021-01-01T00:00:00+00:00, run_after=2021-01-01T00:00:00+00:00
[2023-03-03T16:19:39.699+0100] {processor.py:176} INFO - Processing /Users/uab910/dev/nnam-poc/pyenv/lib/python3.10/site-packages/airflow/example_dags/example_trigger_controller_dag.py took 0.270 seconds
[2023-03-03T16:20:54.684+0100] {processor.py:154} INFO - Started process (PID=58016) to work on /Users/uab910/dev/nnam-poc/pyenv/lib/python3.10/site-packages/airflow/example_dags/example_trigger_controller_dag.py
[2023-03-03T16:20:54.688+0100] {processor.py:756} INFO - Processing file /Users/uab910/dev/nnam-poc/pyenv/lib/python3.10/site-packages/airflow/example_dags/example_trigger_controller_dag.py for tasks to queue
[2023-03-03T16:20:54.689+0100] {logging_mixin.py:137} INFO - [2023-03-03T16:20:54.689+0100] {dagbag.py:537} INFO - Filling up the DagBag from /Users/uab910/dev/nnam-poc/pyenv/lib/python3.10/site-packages/airflow/example_dags/example_trigger_controller_dag.py
[2023-03-03T16:20:54.719+0100] {processor.py:766} INFO - DAG(s) dict_keys(['example_trigger_controller_dag']) retrieved from /Users/uab910/dev/nnam-poc/pyenv/lib/python3.10/site-packages/airflow/example_dags/example_trigger_controller_dag.py
[2023-03-03T16:20:54.906+0100] {logging_mixin.py:137} INFO - [2023-03-03T16:20:54.905+0100] {dag.py:2585} INFO - Sync 1 DAGs
[2023-03-03T16:20:54.923+0100] {logging_mixin.py:137} INFO - [2023-03-03T16:20:54.923+0100] {dag.py:3336} INFO - Setting next_dagrun for example_trigger_controller_dag to 2021-01-01T00:00:00+00:00, run_after=2021-01-01T00:00:00+00:00
[2023-03-03T16:20:54.989+0100] {processor.py:176} INFO - Processing /Users/uab910/dev/nnam-poc/pyenv/lib/python3.10/site-packages/airflow/example_dags/example_trigger_controller_dag.py took 0.306 seconds
[2023-03-03T16:22:18.517+0100] {processor.py:154} INFO - Started process (PID=58078) to work on /Users/uab910/dev/nnam-poc/pyenv/lib/python3.10/site-packages/airflow/example_dags/example_trigger_controller_dag.py
[2023-03-03T16:22:18.523+0100] {processor.py:756} INFO - Processing file /Users/uab910/dev/nnam-poc/pyenv/lib/python3.10/site-packages/airflow/example_dags/example_trigger_controller_dag.py for tasks to queue
[2023-03-03T16:22:18.523+0100] {logging_mixin.py:137} INFO - [2023-03-03T16:22:18.523+0100] {dagbag.py:537} INFO - Filling up the DagBag from /Users/uab910/dev/nnam-poc/pyenv/lib/python3.10/site-packages/airflow/example_dags/example_trigger_controller_dag.py
[2023-03-03T16:22:18.561+0100] {processor.py:766} INFO - DAG(s) dict_keys(['example_trigger_controller_dag']) retrieved from /Users/uab910/dev/nnam-poc/pyenv/lib/python3.10/site-packages/airflow/example_dags/example_trigger_controller_dag.py
[2023-03-03T16:22:18.733+0100] {logging_mixin.py:137} INFO - [2023-03-03T16:22:18.732+0100] {dag.py:2585} INFO - Sync 1 DAGs
[2023-03-03T16:22:18.746+0100] {logging_mixin.py:137} INFO - [2023-03-03T16:22:18.746+0100] {dag.py:3336} INFO - Setting next_dagrun for example_trigger_controller_dag to 2021-01-01T00:00:00+00:00, run_after=2021-01-01T00:00:00+00:00
[2023-03-03T16:22:18.762+0100] {processor.py:176} INFO - Processing /Users/uab910/dev/nnam-poc/pyenv/lib/python3.10/site-packages/airflow/example_dags/example_trigger_controller_dag.py took 0.246 seconds
[2023-03-03T16:23:33.245+0100] {processor.py:154} INFO - Started process (PID=58144) to work on /Users/uab910/dev/nnam-poc/pyenv/lib/python3.10/site-packages/airflow/example_dags/example_trigger_controller_dag.py
[2023-03-03T16:23:33.250+0100] {processor.py:756} INFO - Processing file /Users/uab910/dev/nnam-poc/pyenv/lib/python3.10/site-packages/airflow/example_dags/example_trigger_controller_dag.py for tasks to queue
[2023-03-03T16:23:33.250+0100] {logging_mixin.py:137} INFO - [2023-03-03T16:23:33.250+0100] {dagbag.py:537} INFO - Filling up the DagBag from /Users/uab910/dev/nnam-poc/pyenv/lib/python3.10/site-packages/airflow/example_dags/example_trigger_controller_dag.py
[2023-03-03T16:23:33.280+0100] {processor.py:766} INFO - DAG(s) dict_keys(['example_trigger_controller_dag']) retrieved from /Users/uab910/dev/nnam-poc/pyenv/lib/python3.10/site-packages/airflow/example_dags/example_trigger_controller_dag.py
[2023-03-03T16:23:33.448+0100] {logging_mixin.py:137} INFO - [2023-03-03T16:23:33.448+0100] {dag.py:2585} INFO - Sync 1 DAGs
[2023-03-03T16:23:33.461+0100] {logging_mixin.py:137} INFO - [2023-03-03T16:23:33.460+0100] {dag.py:3336} INFO - Setting next_dagrun for example_trigger_controller_dag to 2021-01-01T00:00:00+00:00, run_after=2021-01-01T00:00:00+00:00
[2023-03-03T16:23:33.476+0100] {processor.py:176} INFO - Processing /Users/uab910/dev/nnam-poc/pyenv/lib/python3.10/site-packages/airflow/example_dags/example_trigger_controller_dag.py took 0.232 seconds
[2023-03-03T16:24:49.890+0100] {processor.py:154} INFO - Started process (PID=58206) to work on /Users/uab910/dev/nnam-poc/pyenv/lib/python3.10/site-packages/airflow/example_dags/example_trigger_controller_dag.py
[2023-03-03T16:24:49.895+0100] {processor.py:756} INFO - Processing file /Users/uab910/dev/nnam-poc/pyenv/lib/python3.10/site-packages/airflow/example_dags/example_trigger_controller_dag.py for tasks to queue
[2023-03-03T16:24:49.896+0100] {logging_mixin.py:137} INFO - [2023-03-03T16:24:49.896+0100] {dagbag.py:537} INFO - Filling up the DagBag from /Users/uab910/dev/nnam-poc/pyenv/lib/python3.10/site-packages/airflow/example_dags/example_trigger_controller_dag.py
[2023-03-03T16:24:49.926+0100] {processor.py:766} INFO - DAG(s) dict_keys(['example_trigger_controller_dag']) retrieved from /Users/uab910/dev/nnam-poc/pyenv/lib/python3.10/site-packages/airflow/example_dags/example_trigger_controller_dag.py
[2023-03-03T16:24:50.126+0100] {logging_mixin.py:137} INFO - [2023-03-03T16:24:50.126+0100] {dag.py:2585} INFO - Sync 1 DAGs
[2023-03-03T16:24:50.142+0100] {logging_mixin.py:137} INFO - [2023-03-03T16:24:50.142+0100] {dag.py:3336} INFO - Setting next_dagrun for example_trigger_controller_dag to 2021-01-01T00:00:00+00:00, run_after=2021-01-01T00:00:00+00:00
[2023-03-03T16:24:50.161+0100] {processor.py:176} INFO - Processing /Users/uab910/dev/nnam-poc/pyenv/lib/python3.10/site-packages/airflow/example_dags/example_trigger_controller_dag.py took 0.271 seconds
[2023-03-03T16:26:04.892+0100] {processor.py:154} INFO - Started process (PID=58245) to work on /Users/uab910/dev/nnam-poc/pyenv/lib/python3.10/site-packages/airflow/example_dags/example_trigger_controller_dag.py
[2023-03-03T16:26:04.897+0100] {processor.py:756} INFO - Processing file /Users/uab910/dev/nnam-poc/pyenv/lib/python3.10/site-packages/airflow/example_dags/example_trigger_controller_dag.py for tasks to queue
[2023-03-03T16:26:04.897+0100] {logging_mixin.py:137} INFO - [2023-03-03T16:26:04.897+0100] {dagbag.py:537} INFO - Filling up the DagBag from /Users/uab910/dev/nnam-poc/pyenv/lib/python3.10/site-packages/airflow/example_dags/example_trigger_controller_dag.py
[2023-03-03T16:26:04.924+0100] {processor.py:766} INFO - DAG(s) dict_keys(['example_trigger_controller_dag']) retrieved from /Users/uab910/dev/nnam-poc/pyenv/lib/python3.10/site-packages/airflow/example_dags/example_trigger_controller_dag.py
[2023-03-03T16:26:05.093+0100] {logging_mixin.py:137} INFO - [2023-03-03T16:26:05.093+0100] {dag.py:2585} INFO - Sync 1 DAGs
[2023-03-03T16:26:05.105+0100] {logging_mixin.py:137} INFO - [2023-03-03T16:26:05.105+0100] {dag.py:3336} INFO - Setting next_dagrun for example_trigger_controller_dag to 2021-01-01T00:00:00+00:00, run_after=2021-01-01T00:00:00+00:00
[2023-03-03T16:26:05.122+0100] {processor.py:176} INFO - Processing /Users/uab910/dev/nnam-poc/pyenv/lib/python3.10/site-packages/airflow/example_dags/example_trigger_controller_dag.py took 0.231 seconds
[2023-03-03T16:27:18.546+0100] {processor.py:154} INFO - Started process (PID=58294) to work on /Users/uab910/dev/nnam-poc/pyenv/lib/python3.10/site-packages/airflow/example_dags/example_trigger_controller_dag.py
[2023-03-03T16:27:18.552+0100] {processor.py:756} INFO - Processing file /Users/uab910/dev/nnam-poc/pyenv/lib/python3.10/site-packages/airflow/example_dags/example_trigger_controller_dag.py for tasks to queue
[2023-03-03T16:27:18.552+0100] {logging_mixin.py:137} INFO - [2023-03-03T16:27:18.552+0100] {dagbag.py:537} INFO - Filling up the DagBag from /Users/uab910/dev/nnam-poc/pyenv/lib/python3.10/site-packages/airflow/example_dags/example_trigger_controller_dag.py
[2023-03-03T16:27:18.581+0100] {processor.py:766} INFO - DAG(s) dict_keys(['example_trigger_controller_dag']) retrieved from /Users/uab910/dev/nnam-poc/pyenv/lib/python3.10/site-packages/airflow/example_dags/example_trigger_controller_dag.py
[2023-03-03T16:27:18.764+0100] {logging_mixin.py:137} INFO - [2023-03-03T16:27:18.764+0100] {dag.py:2585} INFO - Sync 1 DAGs
[2023-03-03T16:27:18.780+0100] {logging_mixin.py:137} INFO - [2023-03-03T16:27:18.779+0100] {dag.py:3336} INFO - Setting next_dagrun for example_trigger_controller_dag to 2021-01-01T00:00:00+00:00, run_after=2021-01-01T00:00:00+00:00
[2023-03-03T16:27:18.800+0100] {processor.py:176} INFO - Processing /Users/uab910/dev/nnam-poc/pyenv/lib/python3.10/site-packages/airflow/example_dags/example_trigger_controller_dag.py took 0.255 seconds
[2023-03-03T16:28:33.579+0100] {processor.py:154} INFO - Started process (PID=58332) to work on /Users/uab910/dev/nnam-poc/pyenv/lib/python3.10/site-packages/airflow/example_dags/example_trigger_controller_dag.py
[2023-03-03T16:28:33.584+0100] {processor.py:756} INFO - Processing file /Users/uab910/dev/nnam-poc/pyenv/lib/python3.10/site-packages/airflow/example_dags/example_trigger_controller_dag.py for tasks to queue
[2023-03-03T16:28:33.585+0100] {logging_mixin.py:137} INFO - [2023-03-03T16:28:33.585+0100] {dagbag.py:537} INFO - Filling up the DagBag from /Users/uab910/dev/nnam-poc/pyenv/lib/python3.10/site-packages/airflow/example_dags/example_trigger_controller_dag.py
[2023-03-03T16:28:33.616+0100] {processor.py:766} INFO - DAG(s) dict_keys(['example_trigger_controller_dag']) retrieved from /Users/uab910/dev/nnam-poc/pyenv/lib/python3.10/site-packages/airflow/example_dags/example_trigger_controller_dag.py
[2023-03-03T16:28:33.803+0100] {logging_mixin.py:137} INFO - [2023-03-03T16:28:33.802+0100] {dag.py:2585} INFO - Sync 1 DAGs
[2023-03-03T16:28:33.815+0100] {logging_mixin.py:137} INFO - [2023-03-03T16:28:33.815+0100] {dag.py:3336} INFO - Setting next_dagrun for example_trigger_controller_dag to 2021-01-01T00:00:00+00:00, run_after=2021-01-01T00:00:00+00:00
[2023-03-03T16:28:33.829+0100] {processor.py:176} INFO - Processing /Users/uab910/dev/nnam-poc/pyenv/lib/python3.10/site-packages/airflow/example_dags/example_trigger_controller_dag.py took 0.250 seconds
[2023-03-03T16:29:50.587+0100] {processor.py:154} INFO - Started process (PID=58378) to work on /Users/uab910/dev/nnam-poc/pyenv/lib/python3.10/site-packages/airflow/example_dags/example_trigger_controller_dag.py
[2023-03-03T16:29:50.592+0100] {processor.py:756} INFO - Processing file /Users/uab910/dev/nnam-poc/pyenv/lib/python3.10/site-packages/airflow/example_dags/example_trigger_controller_dag.py for tasks to queue
[2023-03-03T16:29:50.592+0100] {logging_mixin.py:137} INFO - [2023-03-03T16:29:50.592+0100] {dagbag.py:537} INFO - Filling up the DagBag from /Users/uab910/dev/nnam-poc/pyenv/lib/python3.10/site-packages/airflow/example_dags/example_trigger_controller_dag.py
[2023-03-03T16:29:50.620+0100] {processor.py:766} INFO - DAG(s) dict_keys(['example_trigger_controller_dag']) retrieved from /Users/uab910/dev/nnam-poc/pyenv/lib/python3.10/site-packages/airflow/example_dags/example_trigger_controller_dag.py
[2023-03-03T16:29:50.798+0100] {logging_mixin.py:137} INFO - [2023-03-03T16:29:50.798+0100] {dag.py:2585} INFO - Sync 1 DAGs
[2023-03-03T16:29:50.812+0100] {logging_mixin.py:137} INFO - [2023-03-03T16:29:50.812+0100] {dag.py:3336} INFO - Setting next_dagrun for example_trigger_controller_dag to 2021-01-01T00:00:00+00:00, run_after=2021-01-01T00:00:00+00:00
[2023-03-03T16:29:50.828+0100] {processor.py:176} INFO - Processing /Users/uab910/dev/nnam-poc/pyenv/lib/python3.10/site-packages/airflow/example_dags/example_trigger_controller_dag.py took 0.241 seconds
[2023-03-03T16:31:07.080+0100] {processor.py:154} INFO - Started process (PID=58422) to work on /Users/uab910/dev/nnam-poc/pyenv/lib/python3.10/site-packages/airflow/example_dags/example_trigger_controller_dag.py
[2023-03-03T16:31:07.086+0100] {processor.py:756} INFO - Processing file /Users/uab910/dev/nnam-poc/pyenv/lib/python3.10/site-packages/airflow/example_dags/example_trigger_controller_dag.py for tasks to queue
[2023-03-03T16:31:07.086+0100] {logging_mixin.py:137} INFO - [2023-03-03T16:31:07.086+0100] {dagbag.py:537} INFO - Filling up the DagBag from /Users/uab910/dev/nnam-poc/pyenv/lib/python3.10/site-packages/airflow/example_dags/example_trigger_controller_dag.py
[2023-03-03T16:31:07.119+0100] {processor.py:766} INFO - DAG(s) dict_keys(['example_trigger_controller_dag']) retrieved from /Users/uab910/dev/nnam-poc/pyenv/lib/python3.10/site-packages/airflow/example_dags/example_trigger_controller_dag.py
[2023-03-03T16:31:07.287+0100] {logging_mixin.py:137} INFO - [2023-03-03T16:31:07.287+0100] {dag.py:2585} INFO - Sync 1 DAGs
[2023-03-03T16:31:07.299+0100] {logging_mixin.py:137} INFO - [2023-03-03T16:31:07.299+0100] {dag.py:3336} INFO - Setting next_dagrun for example_trigger_controller_dag to 2021-01-01T00:00:00+00:00, run_after=2021-01-01T00:00:00+00:00
[2023-03-03T16:31:07.316+0100] {processor.py:176} INFO - Processing /Users/uab910/dev/nnam-poc/pyenv/lib/python3.10/site-packages/airflow/example_dags/example_trigger_controller_dag.py took 0.237 seconds
[2023-03-03T16:32:23.323+0100] {processor.py:154} INFO - Started process (PID=58458) to work on /Users/uab910/dev/nnam-poc/pyenv/lib/python3.10/site-packages/airflow/example_dags/example_trigger_controller_dag.py
[2023-03-03T16:32:23.327+0100] {processor.py:756} INFO - Processing file /Users/uab910/dev/nnam-poc/pyenv/lib/python3.10/site-packages/airflow/example_dags/example_trigger_controller_dag.py for tasks to queue
[2023-03-03T16:32:23.328+0100] {logging_mixin.py:137} INFO - [2023-03-03T16:32:23.328+0100] {dagbag.py:537} INFO - Filling up the DagBag from /Users/uab910/dev/nnam-poc/pyenv/lib/python3.10/site-packages/airflow/example_dags/example_trigger_controller_dag.py
[2023-03-03T16:32:23.357+0100] {processor.py:766} INFO - DAG(s) dict_keys(['example_trigger_controller_dag']) retrieved from /Users/uab910/dev/nnam-poc/pyenv/lib/python3.10/site-packages/airflow/example_dags/example_trigger_controller_dag.py
[2023-03-03T16:32:23.521+0100] {logging_mixin.py:137} INFO - [2023-03-03T16:32:23.521+0100] {dag.py:2585} INFO - Sync 1 DAGs
[2023-03-03T16:32:23.537+0100] {logging_mixin.py:137} INFO - [2023-03-03T16:32:23.537+0100] {dag.py:3336} INFO - Setting next_dagrun for example_trigger_controller_dag to 2021-01-01T00:00:00+00:00, run_after=2021-01-01T00:00:00+00:00
[2023-03-03T16:32:23.553+0100] {processor.py:176} INFO - Processing /Users/uab910/dev/nnam-poc/pyenv/lib/python3.10/site-packages/airflow/example_dags/example_trigger_controller_dag.py took 0.231 seconds
[2023-03-03T16:33:39.222+0100] {processor.py:154} INFO - Started process (PID=58509) to work on /Users/uab910/dev/nnam-poc/pyenv/lib/python3.10/site-packages/airflow/example_dags/example_trigger_controller_dag.py
[2023-03-03T16:33:39.227+0100] {processor.py:756} INFO - Processing file /Users/uab910/dev/nnam-poc/pyenv/lib/python3.10/site-packages/airflow/example_dags/example_trigger_controller_dag.py for tasks to queue
[2023-03-03T16:33:39.228+0100] {logging_mixin.py:137} INFO - [2023-03-03T16:33:39.228+0100] {dagbag.py:537} INFO - Filling up the DagBag from /Users/uab910/dev/nnam-poc/pyenv/lib/python3.10/site-packages/airflow/example_dags/example_trigger_controller_dag.py
[2023-03-03T16:33:39.263+0100] {processor.py:766} INFO - DAG(s) dict_keys(['example_trigger_controller_dag']) retrieved from /Users/uab910/dev/nnam-poc/pyenv/lib/python3.10/site-packages/airflow/example_dags/example_trigger_controller_dag.py
[2023-03-03T16:33:39.440+0100] {logging_mixin.py:137} INFO - [2023-03-03T16:33:39.440+0100] {dag.py:2585} INFO - Sync 1 DAGs
[2023-03-03T16:33:39.453+0100] {logging_mixin.py:137} INFO - [2023-03-03T16:33:39.452+0100] {dag.py:3336} INFO - Setting next_dagrun for example_trigger_controller_dag to 2021-01-01T00:00:00+00:00, run_after=2021-01-01T00:00:00+00:00
[2023-03-03T16:33:39.467+0100] {processor.py:176} INFO - Processing /Users/uab910/dev/nnam-poc/pyenv/lib/python3.10/site-packages/airflow/example_dags/example_trigger_controller_dag.py took 0.247 seconds
[2023-03-03T16:34:57.073+0100] {processor.py:154} INFO - Started process (PID=58564) to work on /Users/uab910/dev/nnam-poc/pyenv/lib/python3.10/site-packages/airflow/example_dags/example_trigger_controller_dag.py
[2023-03-03T16:34:57.078+0100] {processor.py:756} INFO - Processing file /Users/uab910/dev/nnam-poc/pyenv/lib/python3.10/site-packages/airflow/example_dags/example_trigger_controller_dag.py for tasks to queue
[2023-03-03T16:34:57.078+0100] {logging_mixin.py:137} INFO - [2023-03-03T16:34:57.078+0100] {dagbag.py:537} INFO - Filling up the DagBag from /Users/uab910/dev/nnam-poc/pyenv/lib/python3.10/site-packages/airflow/example_dags/example_trigger_controller_dag.py
[2023-03-03T16:34:57.108+0100] {processor.py:766} INFO - DAG(s) dict_keys(['example_trigger_controller_dag']) retrieved from /Users/uab910/dev/nnam-poc/pyenv/lib/python3.10/site-packages/airflow/example_dags/example_trigger_controller_dag.py
[2023-03-03T16:34:57.283+0100] {logging_mixin.py:137} INFO - [2023-03-03T16:34:57.282+0100] {dag.py:2585} INFO - Sync 1 DAGs
[2023-03-03T16:34:57.296+0100] {logging_mixin.py:137} INFO - [2023-03-03T16:34:57.296+0100] {dag.py:3336} INFO - Setting next_dagrun for example_trigger_controller_dag to 2021-01-01T00:00:00+00:00, run_after=2021-01-01T00:00:00+00:00
[2023-03-03T16:34:57.311+0100] {processor.py:176} INFO - Processing /Users/uab910/dev/nnam-poc/pyenv/lib/python3.10/site-packages/airflow/example_dags/example_trigger_controller_dag.py took 0.239 seconds
[2023-03-03T16:36:13.668+0100] {processor.py:154} INFO - Started process (PID=58603) to work on /Users/uab910/dev/nnam-poc/pyenv/lib/python3.10/site-packages/airflow/example_dags/example_trigger_controller_dag.py
[2023-03-03T16:36:13.674+0100] {processor.py:756} INFO - Processing file /Users/uab910/dev/nnam-poc/pyenv/lib/python3.10/site-packages/airflow/example_dags/example_trigger_controller_dag.py for tasks to queue
[2023-03-03T16:36:13.675+0100] {logging_mixin.py:137} INFO - [2023-03-03T16:36:13.675+0100] {dagbag.py:537} INFO - Filling up the DagBag from /Users/uab910/dev/nnam-poc/pyenv/lib/python3.10/site-packages/airflow/example_dags/example_trigger_controller_dag.py
[2023-03-03T16:36:13.708+0100] {processor.py:766} INFO - DAG(s) dict_keys(['example_trigger_controller_dag']) retrieved from /Users/uab910/dev/nnam-poc/pyenv/lib/python3.10/site-packages/airflow/example_dags/example_trigger_controller_dag.py
[2023-03-03T16:36:13.934+0100] {logging_mixin.py:137} INFO - [2023-03-03T16:36:13.933+0100] {dag.py:2585} INFO - Sync 1 DAGs
[2023-03-03T16:36:13.954+0100] {logging_mixin.py:137} INFO - [2023-03-03T16:36:13.954+0100] {dag.py:3336} INFO - Setting next_dagrun for example_trigger_controller_dag to 2021-01-01T00:00:00+00:00, run_after=2021-01-01T00:00:00+00:00
[2023-03-03T16:36:13.974+0100] {processor.py:176} INFO - Processing /Users/uab910/dev/nnam-poc/pyenv/lib/python3.10/site-packages/airflow/example_dags/example_trigger_controller_dag.py took 0.307 seconds
[2023-03-03T16:37:30.070+0100] {processor.py:154} INFO - Started process (PID=58649) to work on /Users/uab910/dev/nnam-poc/pyenv/lib/python3.10/site-packages/airflow/example_dags/example_trigger_controller_dag.py
[2023-03-03T16:37:30.076+0100] {processor.py:756} INFO - Processing file /Users/uab910/dev/nnam-poc/pyenv/lib/python3.10/site-packages/airflow/example_dags/example_trigger_controller_dag.py for tasks to queue
[2023-03-03T16:37:30.077+0100] {logging_mixin.py:137} INFO - [2023-03-03T16:37:30.076+0100] {dagbag.py:537} INFO - Filling up the DagBag from /Users/uab910/dev/nnam-poc/pyenv/lib/python3.10/site-packages/airflow/example_dags/example_trigger_controller_dag.py
[2023-03-03T16:37:30.109+0100] {processor.py:766} INFO - DAG(s) dict_keys(['example_trigger_controller_dag']) retrieved from /Users/uab910/dev/nnam-poc/pyenv/lib/python3.10/site-packages/airflow/example_dags/example_trigger_controller_dag.py
[2023-03-03T16:37:30.321+0100] {logging_mixin.py:137} INFO - [2023-03-03T16:37:30.320+0100] {dag.py:2585} INFO - Sync 1 DAGs
[2023-03-03T16:37:30.335+0100] {logging_mixin.py:137} INFO - [2023-03-03T16:37:30.335+0100] {dag.py:3336} INFO - Setting next_dagrun for example_trigger_controller_dag to 2021-01-01T00:00:00+00:00, run_after=2021-01-01T00:00:00+00:00
[2023-03-03T16:37:30.351+0100] {processor.py:176} INFO - Processing /Users/uab910/dev/nnam-poc/pyenv/lib/python3.10/site-packages/airflow/example_dags/example_trigger_controller_dag.py took 0.282 seconds
[2023-03-03T16:38:48.635+0100] {processor.py:154} INFO - Started process (PID=58690) to work on /Users/uab910/dev/nnam-poc/pyenv/lib/python3.10/site-packages/airflow/example_dags/example_trigger_controller_dag.py
[2023-03-03T16:38:48.641+0100] {processor.py:756} INFO - Processing file /Users/uab910/dev/nnam-poc/pyenv/lib/python3.10/site-packages/airflow/example_dags/example_trigger_controller_dag.py for tasks to queue
[2023-03-03T16:38:48.642+0100] {logging_mixin.py:137} INFO - [2023-03-03T16:38:48.642+0100] {dagbag.py:537} INFO - Filling up the DagBag from /Users/uab910/dev/nnam-poc/pyenv/lib/python3.10/site-packages/airflow/example_dags/example_trigger_controller_dag.py
[2023-03-03T16:38:48.676+0100] {processor.py:766} INFO - DAG(s) dict_keys(['example_trigger_controller_dag']) retrieved from /Users/uab910/dev/nnam-poc/pyenv/lib/python3.10/site-packages/airflow/example_dags/example_trigger_controller_dag.py
[2023-03-03T16:38:48.856+0100] {logging_mixin.py:137} INFO - [2023-03-03T16:38:48.856+0100] {dag.py:2585} INFO - Sync 1 DAGs
[2023-03-03T16:38:48.872+0100] {logging_mixin.py:137} INFO - [2023-03-03T16:38:48.872+0100] {dag.py:3336} INFO - Setting next_dagrun for example_trigger_controller_dag to 2021-01-01T00:00:00+00:00, run_after=2021-01-01T00:00:00+00:00
[2023-03-03T16:38:48.888+0100] {processor.py:176} INFO - Processing /Users/uab910/dev/nnam-poc/pyenv/lib/python3.10/site-packages/airflow/example_dags/example_trigger_controller_dag.py took 0.253 seconds
[2023-03-03T16:39:39.216+0100] {processor.py:154} INFO - Started process (PID=58718) to work on /Users/uab910/dev/nnam-poc/pyenv/lib/python3.10/site-packages/airflow/example_dags/example_trigger_controller_dag.py
[2023-03-03T16:39:39.222+0100] {processor.py:756} INFO - Processing file /Users/uab910/dev/nnam-poc/pyenv/lib/python3.10/site-packages/airflow/example_dags/example_trigger_controller_dag.py for tasks to queue
[2023-03-03T16:39:39.223+0100] {logging_mixin.py:137} INFO - [2023-03-03T16:39:39.222+0100] {dagbag.py:537} INFO - Filling up the DagBag from /Users/uab910/dev/nnam-poc/pyenv/lib/python3.10/site-packages/airflow/example_dags/example_trigger_controller_dag.py
[2023-03-03T16:39:39.255+0100] {processor.py:766} INFO - DAG(s) dict_keys(['example_trigger_controller_dag']) retrieved from /Users/uab910/dev/nnam-poc/pyenv/lib/python3.10/site-packages/airflow/example_dags/example_trigger_controller_dag.py
[2023-03-03T16:39:39.461+0100] {logging_mixin.py:137} INFO - [2023-03-03T16:39:39.461+0100] {dag.py:2585} INFO - Sync 1 DAGs
[2023-03-03T16:39:39.478+0100] {logging_mixin.py:137} INFO - [2023-03-03T16:39:39.478+0100] {dag.py:3336} INFO - Setting next_dagrun for example_trigger_controller_dag to 2021-01-01T00:00:00+00:00, run_after=2021-01-01T00:00:00+00:00
[2023-03-03T16:39:39.496+0100] {processor.py:176} INFO - Processing /Users/uab910/dev/nnam-poc/pyenv/lib/python3.10/site-packages/airflow/example_dags/example_trigger_controller_dag.py took 0.281 seconds
[2023-03-03T16:41:13.189+0100] {processor.py:154} INFO - Started process (PID=58772) to work on /Users/uab910/dev/nnam-poc/pyenv/lib/python3.10/site-packages/airflow/example_dags/example_trigger_controller_dag.py
[2023-03-03T16:41:13.196+0100] {processor.py:756} INFO - Processing file /Users/uab910/dev/nnam-poc/pyenv/lib/python3.10/site-packages/airflow/example_dags/example_trigger_controller_dag.py for tasks to queue
[2023-03-03T16:41:13.196+0100] {logging_mixin.py:137} INFO - [2023-03-03T16:41:13.196+0100] {dagbag.py:537} INFO - Filling up the DagBag from /Users/uab910/dev/nnam-poc/pyenv/lib/python3.10/site-packages/airflow/example_dags/example_trigger_controller_dag.py
[2023-03-03T16:41:13.232+0100] {processor.py:766} INFO - DAG(s) dict_keys(['example_trigger_controller_dag']) retrieved from /Users/uab910/dev/nnam-poc/pyenv/lib/python3.10/site-packages/airflow/example_dags/example_trigger_controller_dag.py
[2023-03-03T16:41:13.436+0100] {logging_mixin.py:137} INFO - [2023-03-03T16:41:13.436+0100] {dag.py:2585} INFO - Sync 1 DAGs
[2023-03-03T16:41:13.449+0100] {logging_mixin.py:137} INFO - [2023-03-03T16:41:13.449+0100] {dag.py:3336} INFO - Setting next_dagrun for example_trigger_controller_dag to 2021-01-01T00:00:00+00:00, run_after=2021-01-01T00:00:00+00:00
[2023-03-03T16:41:13.465+0100] {processor.py:176} INFO - Processing /Users/uab910/dev/nnam-poc/pyenv/lib/python3.10/site-packages/airflow/example_dags/example_trigger_controller_dag.py took 0.276 seconds
[2023-03-03T16:42:43.271+0100] {processor.py:154} INFO - Started process (PID=58816) to work on /Users/uab910/dev/nnam-poc/pyenv/lib/python3.10/site-packages/airflow/example_dags/example_trigger_controller_dag.py
[2023-03-03T16:42:43.277+0100] {processor.py:756} INFO - Processing file /Users/uab910/dev/nnam-poc/pyenv/lib/python3.10/site-packages/airflow/example_dags/example_trigger_controller_dag.py for tasks to queue
[2023-03-03T16:42:43.278+0100] {logging_mixin.py:137} INFO - [2023-03-03T16:42:43.278+0100] {dagbag.py:537} INFO - Filling up the DagBag from /Users/uab910/dev/nnam-poc/pyenv/lib/python3.10/site-packages/airflow/example_dags/example_trigger_controller_dag.py
[2023-03-03T16:42:43.308+0100] {processor.py:766} INFO - DAG(s) dict_keys(['example_trigger_controller_dag']) retrieved from /Users/uab910/dev/nnam-poc/pyenv/lib/python3.10/site-packages/airflow/example_dags/example_trigger_controller_dag.py
[2023-03-03T16:42:43.489+0100] {logging_mixin.py:137} INFO - [2023-03-03T16:42:43.489+0100] {dag.py:2585} INFO - Sync 1 DAGs
[2023-03-03T16:42:43.509+0100] {logging_mixin.py:137} INFO - [2023-03-03T16:42:43.508+0100] {dag.py:3336} INFO - Setting next_dagrun for example_trigger_controller_dag to 2021-01-01T00:00:00+00:00, run_after=2021-01-01T00:00:00+00:00
[2023-03-03T16:42:43.527+0100] {processor.py:176} INFO - Processing /Users/uab910/dev/nnam-poc/pyenv/lib/python3.10/site-packages/airflow/example_dags/example_trigger_controller_dag.py took 0.256 seconds
[2023-03-03T16:44:19.019+0100] {processor.py:154} INFO - Started process (PID=58895) to work on /Users/uab910/dev/nnam-poc/pyenv/lib/python3.10/site-packages/airflow/example_dags/example_trigger_controller_dag.py
[2023-03-03T16:44:19.025+0100] {processor.py:756} INFO - Processing file /Users/uab910/dev/nnam-poc/pyenv/lib/python3.10/site-packages/airflow/example_dags/example_trigger_controller_dag.py for tasks to queue
[2023-03-03T16:44:19.025+0100] {logging_mixin.py:137} INFO - [2023-03-03T16:44:19.025+0100] {dagbag.py:537} INFO - Filling up the DagBag from /Users/uab910/dev/nnam-poc/pyenv/lib/python3.10/site-packages/airflow/example_dags/example_trigger_controller_dag.py
[2023-03-03T16:44:19.057+0100] {processor.py:766} INFO - DAG(s) dict_keys(['example_trigger_controller_dag']) retrieved from /Users/uab910/dev/nnam-poc/pyenv/lib/python3.10/site-packages/airflow/example_dags/example_trigger_controller_dag.py
[2023-03-03T16:44:19.226+0100] {logging_mixin.py:137} INFO - [2023-03-03T16:44:19.226+0100] {dag.py:2585} INFO - Sync 1 DAGs
[2023-03-03T16:44:19.240+0100] {logging_mixin.py:137} INFO - [2023-03-03T16:44:19.240+0100] {dag.py:3336} INFO - Setting next_dagrun for example_trigger_controller_dag to 2021-01-01T00:00:00+00:00, run_after=2021-01-01T00:00:00+00:00
[2023-03-03T16:44:19.255+0100] {processor.py:176} INFO - Processing /Users/uab910/dev/nnam-poc/pyenv/lib/python3.10/site-packages/airflow/example_dags/example_trigger_controller_dag.py took 0.237 seconds
[2023-03-03T16:45:52.792+0100] {processor.py:154} INFO - Started process (PID=58955) to work on /Users/uab910/dev/nnam-poc/pyenv/lib/python3.10/site-packages/airflow/example_dags/example_trigger_controller_dag.py
[2023-03-03T16:45:52.798+0100] {processor.py:756} INFO - Processing file /Users/uab910/dev/nnam-poc/pyenv/lib/python3.10/site-packages/airflow/example_dags/example_trigger_controller_dag.py for tasks to queue
[2023-03-03T16:45:52.798+0100] {logging_mixin.py:137} INFO - [2023-03-03T16:45:52.798+0100] {dagbag.py:537} INFO - Filling up the DagBag from /Users/uab910/dev/nnam-poc/pyenv/lib/python3.10/site-packages/airflow/example_dags/example_trigger_controller_dag.py
[2023-03-03T16:45:52.838+0100] {processor.py:766} INFO - DAG(s) dict_keys(['example_trigger_controller_dag']) retrieved from /Users/uab910/dev/nnam-poc/pyenv/lib/python3.10/site-packages/airflow/example_dags/example_trigger_controller_dag.py
[2023-03-03T16:45:53.042+0100] {logging_mixin.py:137} INFO - [2023-03-03T16:45:53.042+0100] {dag.py:2585} INFO - Sync 1 DAGs
[2023-03-03T16:45:53.056+0100] {logging_mixin.py:137} INFO - [2023-03-03T16:45:53.056+0100] {dag.py:3336} INFO - Setting next_dagrun for example_trigger_controller_dag to 2021-01-01T00:00:00+00:00, run_after=2021-01-01T00:00:00+00:00
[2023-03-03T16:45:53.072+0100] {processor.py:176} INFO - Processing /Users/uab910/dev/nnam-poc/pyenv/lib/python3.10/site-packages/airflow/example_dags/example_trigger_controller_dag.py took 0.280 seconds
[2023-03-03T16:47:25.918+0100] {processor.py:154} INFO - Started process (PID=59021) to work on /Users/uab910/dev/nnam-poc/pyenv/lib/python3.10/site-packages/airflow/example_dags/example_trigger_controller_dag.py
[2023-03-03T16:47:25.925+0100] {processor.py:756} INFO - Processing file /Users/uab910/dev/nnam-poc/pyenv/lib/python3.10/site-packages/airflow/example_dags/example_trigger_controller_dag.py for tasks to queue
[2023-03-03T16:47:25.925+0100] {logging_mixin.py:137} INFO - [2023-03-03T16:47:25.925+0100] {dagbag.py:537} INFO - Filling up the DagBag from /Users/uab910/dev/nnam-poc/pyenv/lib/python3.10/site-packages/airflow/example_dags/example_trigger_controller_dag.py
[2023-03-03T16:47:25.960+0100] {processor.py:766} INFO - DAG(s) dict_keys(['example_trigger_controller_dag']) retrieved from /Users/uab910/dev/nnam-poc/pyenv/lib/python3.10/site-packages/airflow/example_dags/example_trigger_controller_dag.py
[2023-03-03T16:47:26.162+0100] {logging_mixin.py:137} INFO - [2023-03-03T16:47:26.162+0100] {dag.py:2585} INFO - Sync 1 DAGs
[2023-03-03T16:47:26.176+0100] {logging_mixin.py:137} INFO - [2023-03-03T16:47:26.176+0100] {dag.py:3336} INFO - Setting next_dagrun for example_trigger_controller_dag to 2021-01-01T00:00:00+00:00, run_after=2021-01-01T00:00:00+00:00
[2023-03-03T16:47:26.196+0100] {processor.py:176} INFO - Processing /Users/uab910/dev/nnam-poc/pyenv/lib/python3.10/site-packages/airflow/example_dags/example_trigger_controller_dag.py took 0.278 seconds
[2023-03-03T16:48:56.658+0100] {processor.py:154} INFO - Started process (PID=59073) to work on /Users/uab910/dev/nnam-poc/pyenv/lib/python3.10/site-packages/airflow/example_dags/example_trigger_controller_dag.py
[2023-03-03T16:48:56.663+0100] {processor.py:756} INFO - Processing file /Users/uab910/dev/nnam-poc/pyenv/lib/python3.10/site-packages/airflow/example_dags/example_trigger_controller_dag.py for tasks to queue
[2023-03-03T16:48:56.663+0100] {logging_mixin.py:137} INFO - [2023-03-03T16:48:56.663+0100] {dagbag.py:537} INFO - Filling up the DagBag from /Users/uab910/dev/nnam-poc/pyenv/lib/python3.10/site-packages/airflow/example_dags/example_trigger_controller_dag.py
[2023-03-03T16:48:56.692+0100] {processor.py:766} INFO - DAG(s) dict_keys(['example_trigger_controller_dag']) retrieved from /Users/uab910/dev/nnam-poc/pyenv/lib/python3.10/site-packages/airflow/example_dags/example_trigger_controller_dag.py
[2023-03-03T16:48:56.853+0100] {logging_mixin.py:137} INFO - [2023-03-03T16:48:56.853+0100] {dag.py:2585} INFO - Sync 1 DAGs
[2023-03-03T16:48:56.865+0100] {logging_mixin.py:137} INFO - [2023-03-03T16:48:56.865+0100] {dag.py:3336} INFO - Setting next_dagrun for example_trigger_controller_dag to 2021-01-01T00:00:00+00:00, run_after=2021-01-01T00:00:00+00:00
[2023-03-03T16:48:56.880+0100] {processor.py:176} INFO - Processing /Users/uab910/dev/nnam-poc/pyenv/lib/python3.10/site-packages/airflow/example_dags/example_trigger_controller_dag.py took 0.222 seconds
[2023-03-03T16:50:31.002+0100] {processor.py:154} INFO - Started process (PID=59134) to work on /Users/uab910/dev/nnam-poc/pyenv/lib/python3.10/site-packages/airflow/example_dags/example_trigger_controller_dag.py
[2023-03-03T16:50:31.007+0100] {processor.py:756} INFO - Processing file /Users/uab910/dev/nnam-poc/pyenv/lib/python3.10/site-packages/airflow/example_dags/example_trigger_controller_dag.py for tasks to queue
[2023-03-03T16:50:31.008+0100] {logging_mixin.py:137} INFO - [2023-03-03T16:50:31.008+0100] {dagbag.py:537} INFO - Filling up the DagBag from /Users/uab910/dev/nnam-poc/pyenv/lib/python3.10/site-packages/airflow/example_dags/example_trigger_controller_dag.py
[2023-03-03T16:50:31.037+0100] {processor.py:766} INFO - DAG(s) dict_keys(['example_trigger_controller_dag']) retrieved from /Users/uab910/dev/nnam-poc/pyenv/lib/python3.10/site-packages/airflow/example_dags/example_trigger_controller_dag.py
[2023-03-03T16:50:31.199+0100] {logging_mixin.py:137} INFO - [2023-03-03T16:50:31.199+0100] {dag.py:2585} INFO - Sync 1 DAGs
[2023-03-03T16:50:31.212+0100] {logging_mixin.py:137} INFO - [2023-03-03T16:50:31.211+0100] {dag.py:3336} INFO - Setting next_dagrun for example_trigger_controller_dag to 2021-01-01T00:00:00+00:00, run_after=2021-01-01T00:00:00+00:00
[2023-03-03T16:50:31.226+0100] {processor.py:176} INFO - Processing /Users/uab910/dev/nnam-poc/pyenv/lib/python3.10/site-packages/airflow/example_dags/example_trigger_controller_dag.py took 0.224 seconds
[2023-03-03T16:52:03.448+0100] {processor.py:154} INFO - Started process (PID=59192) to work on /Users/uab910/dev/nnam-poc/pyenv/lib/python3.10/site-packages/airflow/example_dags/example_trigger_controller_dag.py
[2023-03-03T16:52:03.454+0100] {processor.py:756} INFO - Processing file /Users/uab910/dev/nnam-poc/pyenv/lib/python3.10/site-packages/airflow/example_dags/example_trigger_controller_dag.py for tasks to queue
[2023-03-03T16:52:03.455+0100] {logging_mixin.py:137} INFO - [2023-03-03T16:52:03.455+0100] {dagbag.py:537} INFO - Filling up the DagBag from /Users/uab910/dev/nnam-poc/pyenv/lib/python3.10/site-packages/airflow/example_dags/example_trigger_controller_dag.py
[2023-03-03T16:52:03.488+0100] {processor.py:766} INFO - DAG(s) dict_keys(['example_trigger_controller_dag']) retrieved from /Users/uab910/dev/nnam-poc/pyenv/lib/python3.10/site-packages/airflow/example_dags/example_trigger_controller_dag.py
[2023-03-03T16:52:03.687+0100] {logging_mixin.py:137} INFO - [2023-03-03T16:52:03.687+0100] {dag.py:2585} INFO - Sync 1 DAGs
[2023-03-03T16:52:03.702+0100] {logging_mixin.py:137} INFO - [2023-03-03T16:52:03.702+0100] {dag.py:3336} INFO - Setting next_dagrun for example_trigger_controller_dag to 2021-01-01T00:00:00+00:00, run_after=2021-01-01T00:00:00+00:00
[2023-03-03T16:52:03.720+0100] {processor.py:176} INFO - Processing /Users/uab910/dev/nnam-poc/pyenv/lib/python3.10/site-packages/airflow/example_dags/example_trigger_controller_dag.py took 0.272 seconds
[2023-03-03T16:53:32.519+0100] {processor.py:154} INFO - Started process (PID=59238) to work on /Users/uab910/dev/nnam-poc/pyenv/lib/python3.10/site-packages/airflow/example_dags/example_trigger_controller_dag.py
[2023-03-03T16:53:32.524+0100] {processor.py:756} INFO - Processing file /Users/uab910/dev/nnam-poc/pyenv/lib/python3.10/site-packages/airflow/example_dags/example_trigger_controller_dag.py for tasks to queue
[2023-03-03T16:53:32.525+0100] {logging_mixin.py:137} INFO - [2023-03-03T16:53:32.525+0100] {dagbag.py:537} INFO - Filling up the DagBag from /Users/uab910/dev/nnam-poc/pyenv/lib/python3.10/site-packages/airflow/example_dags/example_trigger_controller_dag.py
[2023-03-03T16:53:32.554+0100] {processor.py:766} INFO - DAG(s) dict_keys(['example_trigger_controller_dag']) retrieved from /Users/uab910/dev/nnam-poc/pyenv/lib/python3.10/site-packages/airflow/example_dags/example_trigger_controller_dag.py
[2023-03-03T16:53:32.741+0100] {logging_mixin.py:137} INFO - [2023-03-03T16:53:32.741+0100] {dag.py:2585} INFO - Sync 1 DAGs
[2023-03-03T16:53:32.757+0100] {logging_mixin.py:137} INFO - [2023-03-03T16:53:32.757+0100] {dag.py:3336} INFO - Setting next_dagrun for example_trigger_controller_dag to 2021-01-01T00:00:00+00:00, run_after=2021-01-01T00:00:00+00:00
[2023-03-03T16:53:32.775+0100] {processor.py:176} INFO - Processing /Users/uab910/dev/nnam-poc/pyenv/lib/python3.10/site-packages/airflow/example_dags/example_trigger_controller_dag.py took 0.256 seconds
[2023-03-03T16:55:04.510+0100] {processor.py:154} INFO - Started process (PID=59301) to work on /Users/uab910/dev/nnam-poc/pyenv/lib/python3.10/site-packages/airflow/example_dags/example_trigger_controller_dag.py
[2023-03-03T16:55:04.515+0100] {processor.py:756} INFO - Processing file /Users/uab910/dev/nnam-poc/pyenv/lib/python3.10/site-packages/airflow/example_dags/example_trigger_controller_dag.py for tasks to queue
[2023-03-03T16:55:04.516+0100] {logging_mixin.py:137} INFO - [2023-03-03T16:55:04.516+0100] {dagbag.py:537} INFO - Filling up the DagBag from /Users/uab910/dev/nnam-poc/pyenv/lib/python3.10/site-packages/airflow/example_dags/example_trigger_controller_dag.py
[2023-03-03T16:55:04.548+0100] {processor.py:766} INFO - DAG(s) dict_keys(['example_trigger_controller_dag']) retrieved from /Users/uab910/dev/nnam-poc/pyenv/lib/python3.10/site-packages/airflow/example_dags/example_trigger_controller_dag.py
[2023-03-03T16:55:04.746+0100] {logging_mixin.py:137} INFO - [2023-03-03T16:55:04.746+0100] {dag.py:2585} INFO - Sync 1 DAGs
[2023-03-03T16:55:04.762+0100] {logging_mixin.py:137} INFO - [2023-03-03T16:55:04.762+0100] {dag.py:3336} INFO - Setting next_dagrun for example_trigger_controller_dag to 2021-01-01T00:00:00+00:00, run_after=2021-01-01T00:00:00+00:00
[2023-03-03T16:55:04.780+0100] {processor.py:176} INFO - Processing /Users/uab910/dev/nnam-poc/pyenv/lib/python3.10/site-packages/airflow/example_dags/example_trigger_controller_dag.py took 0.271 seconds
[2023-03-03T16:56:37.452+0100] {processor.py:154} INFO - Started process (PID=59351) to work on /Users/uab910/dev/nnam-poc/pyenv/lib/python3.10/site-packages/airflow/example_dags/example_trigger_controller_dag.py
[2023-03-03T16:56:37.457+0100] {processor.py:756} INFO - Processing file /Users/uab910/dev/nnam-poc/pyenv/lib/python3.10/site-packages/airflow/example_dags/example_trigger_controller_dag.py for tasks to queue
[2023-03-03T16:56:37.457+0100] {logging_mixin.py:137} INFO - [2023-03-03T16:56:37.457+0100] {dagbag.py:537} INFO - Filling up the DagBag from /Users/uab910/dev/nnam-poc/pyenv/lib/python3.10/site-packages/airflow/example_dags/example_trigger_controller_dag.py
[2023-03-03T16:56:37.483+0100] {processor.py:766} INFO - DAG(s) dict_keys(['example_trigger_controller_dag']) retrieved from /Users/uab910/dev/nnam-poc/pyenv/lib/python3.10/site-packages/airflow/example_dags/example_trigger_controller_dag.py
[2023-03-03T16:56:37.662+0100] {logging_mixin.py:137} INFO - [2023-03-03T16:56:37.661+0100] {dag.py:2585} INFO - Sync 1 DAGs
[2023-03-03T16:56:37.676+0100] {logging_mixin.py:137} INFO - [2023-03-03T16:56:37.675+0100] {dag.py:3336} INFO - Setting next_dagrun for example_trigger_controller_dag to 2021-01-01T00:00:00+00:00, run_after=2021-01-01T00:00:00+00:00
[2023-03-03T16:56:37.692+0100] {processor.py:176} INFO - Processing /Users/uab910/dev/nnam-poc/pyenv/lib/python3.10/site-packages/airflow/example_dags/example_trigger_controller_dag.py took 0.241 seconds
[2023-03-03T16:58:10.243+0100] {processor.py:154} INFO - Started process (PID=59400) to work on /Users/uab910/dev/nnam-poc/pyenv/lib/python3.10/site-packages/airflow/example_dags/example_trigger_controller_dag.py
[2023-03-03T16:58:10.248+0100] {processor.py:756} INFO - Processing file /Users/uab910/dev/nnam-poc/pyenv/lib/python3.10/site-packages/airflow/example_dags/example_trigger_controller_dag.py for tasks to queue
[2023-03-03T16:58:10.248+0100] {logging_mixin.py:137} INFO - [2023-03-03T16:58:10.248+0100] {dagbag.py:537} INFO - Filling up the DagBag from /Users/uab910/dev/nnam-poc/pyenv/lib/python3.10/site-packages/airflow/example_dags/example_trigger_controller_dag.py
[2023-03-03T16:58:10.278+0100] {processor.py:766} INFO - DAG(s) dict_keys(['example_trigger_controller_dag']) retrieved from /Users/uab910/dev/nnam-poc/pyenv/lib/python3.10/site-packages/airflow/example_dags/example_trigger_controller_dag.py
[2023-03-03T16:58:10.443+0100] {logging_mixin.py:137} INFO - [2023-03-03T16:58:10.443+0100] {dag.py:2585} INFO - Sync 1 DAGs
[2023-03-03T16:58:10.455+0100] {logging_mixin.py:137} INFO - [2023-03-03T16:58:10.455+0100] {dag.py:3336} INFO - Setting next_dagrun for example_trigger_controller_dag to 2021-01-01T00:00:00+00:00, run_after=2021-01-01T00:00:00+00:00
[2023-03-03T16:58:10.472+0100] {processor.py:176} INFO - Processing /Users/uab910/dev/nnam-poc/pyenv/lib/python3.10/site-packages/airflow/example_dags/example_trigger_controller_dag.py took 0.230 seconds
[2023-03-03T16:59:44.626+0100] {processor.py:154} INFO - Started process (PID=59445) to work on /Users/uab910/dev/nnam-poc/pyenv/lib/python3.10/site-packages/airflow/example_dags/example_trigger_controller_dag.py
[2023-03-03T16:59:44.633+0100] {processor.py:756} INFO - Processing file /Users/uab910/dev/nnam-poc/pyenv/lib/python3.10/site-packages/airflow/example_dags/example_trigger_controller_dag.py for tasks to queue
[2023-03-03T16:59:44.633+0100] {logging_mixin.py:137} INFO - [2023-03-03T16:59:44.633+0100] {dagbag.py:537} INFO - Filling up the DagBag from /Users/uab910/dev/nnam-poc/pyenv/lib/python3.10/site-packages/airflow/example_dags/example_trigger_controller_dag.py
[2023-03-03T16:59:44.665+0100] {processor.py:766} INFO - DAG(s) dict_keys(['example_trigger_controller_dag']) retrieved from /Users/uab910/dev/nnam-poc/pyenv/lib/python3.10/site-packages/airflow/example_dags/example_trigger_controller_dag.py
[2023-03-03T16:59:44.838+0100] {logging_mixin.py:137} INFO - [2023-03-03T16:59:44.838+0100] {dag.py:2585} INFO - Sync 1 DAGs
[2023-03-03T16:59:44.853+0100] {logging_mixin.py:137} INFO - [2023-03-03T16:59:44.853+0100] {dag.py:3336} INFO - Setting next_dagrun for example_trigger_controller_dag to 2021-01-01T00:00:00+00:00, run_after=2021-01-01T00:00:00+00:00
[2023-03-03T16:59:44.870+0100] {processor.py:176} INFO - Processing /Users/uab910/dev/nnam-poc/pyenv/lib/python3.10/site-packages/airflow/example_dags/example_trigger_controller_dag.py took 0.244 seconds
[2023-03-03T17:01:18.299+0100] {processor.py:154} INFO - Started process (PID=59495) to work on /Users/uab910/dev/nnam-poc/pyenv/lib/python3.10/site-packages/airflow/example_dags/example_trigger_controller_dag.py
[2023-03-03T17:01:18.307+0100] {processor.py:756} INFO - Processing file /Users/uab910/dev/nnam-poc/pyenv/lib/python3.10/site-packages/airflow/example_dags/example_trigger_controller_dag.py for tasks to queue
[2023-03-03T17:01:18.307+0100] {logging_mixin.py:137} INFO - [2023-03-03T17:01:18.307+0100] {dagbag.py:537} INFO - Filling up the DagBag from /Users/uab910/dev/nnam-poc/pyenv/lib/python3.10/site-packages/airflow/example_dags/example_trigger_controller_dag.py
[2023-03-03T17:01:18.350+0100] {processor.py:766} INFO - DAG(s) dict_keys(['example_trigger_controller_dag']) retrieved from /Users/uab910/dev/nnam-poc/pyenv/lib/python3.10/site-packages/airflow/example_dags/example_trigger_controller_dag.py
[2023-03-03T17:01:18.590+0100] {logging_mixin.py:137} INFO - [2023-03-03T17:01:18.590+0100] {dag.py:2585} INFO - Sync 1 DAGs
[2023-03-03T17:01:18.606+0100] {logging_mixin.py:137} INFO - [2023-03-03T17:01:18.605+0100] {dag.py:3336} INFO - Setting next_dagrun for example_trigger_controller_dag to 2021-01-01T00:00:00+00:00, run_after=2021-01-01T00:00:00+00:00
[2023-03-03T17:01:18.623+0100] {processor.py:176} INFO - Processing /Users/uab910/dev/nnam-poc/pyenv/lib/python3.10/site-packages/airflow/example_dags/example_trigger_controller_dag.py took 0.325 seconds
[2023-03-03T17:02:50.185+0100] {processor.py:154} INFO - Started process (PID=59543) to work on /Users/uab910/dev/nnam-poc/pyenv/lib/python3.10/site-packages/airflow/example_dags/example_trigger_controller_dag.py
[2023-03-03T17:02:50.190+0100] {processor.py:756} INFO - Processing file /Users/uab910/dev/nnam-poc/pyenv/lib/python3.10/site-packages/airflow/example_dags/example_trigger_controller_dag.py for tasks to queue
[2023-03-03T17:02:50.190+0100] {logging_mixin.py:137} INFO - [2023-03-03T17:02:50.190+0100] {dagbag.py:537} INFO - Filling up the DagBag from /Users/uab910/dev/nnam-poc/pyenv/lib/python3.10/site-packages/airflow/example_dags/example_trigger_controller_dag.py
[2023-03-03T17:02:50.216+0100] {processor.py:766} INFO - DAG(s) dict_keys(['example_trigger_controller_dag']) retrieved from /Users/uab910/dev/nnam-poc/pyenv/lib/python3.10/site-packages/airflow/example_dags/example_trigger_controller_dag.py
[2023-03-03T17:02:50.384+0100] {logging_mixin.py:137} INFO - [2023-03-03T17:02:50.384+0100] {dag.py:2585} INFO - Sync 1 DAGs
[2023-03-03T17:02:50.396+0100] {logging_mixin.py:137} INFO - [2023-03-03T17:02:50.396+0100] {dag.py:3336} INFO - Setting next_dagrun for example_trigger_controller_dag to 2021-01-01T00:00:00+00:00, run_after=2021-01-01T00:00:00+00:00
[2023-03-03T17:02:50.410+0100] {processor.py:176} INFO - Processing /Users/uab910/dev/nnam-poc/pyenv/lib/python3.10/site-packages/airflow/example_dags/example_trigger_controller_dag.py took 0.226 seconds
[2023-03-03T17:04:21.758+0100] {processor.py:154} INFO - Started process (PID=59607) to work on /Users/uab910/dev/nnam-poc/pyenv/lib/python3.10/site-packages/airflow/example_dags/example_trigger_controller_dag.py
[2023-03-03T17:04:21.764+0100] {processor.py:756} INFO - Processing file /Users/uab910/dev/nnam-poc/pyenv/lib/python3.10/site-packages/airflow/example_dags/example_trigger_controller_dag.py for tasks to queue
[2023-03-03T17:04:21.764+0100] {logging_mixin.py:137} INFO - [2023-03-03T17:04:21.764+0100] {dagbag.py:537} INFO - Filling up the DagBag from /Users/uab910/dev/nnam-poc/pyenv/lib/python3.10/site-packages/airflow/example_dags/example_trigger_controller_dag.py
[2023-03-03T17:04:21.800+0100] {processor.py:766} INFO - DAG(s) dict_keys(['example_trigger_controller_dag']) retrieved from /Users/uab910/dev/nnam-poc/pyenv/lib/python3.10/site-packages/airflow/example_dags/example_trigger_controller_dag.py
[2023-03-03T17:04:22.002+0100] {logging_mixin.py:137} INFO - [2023-03-03T17:04:22.001+0100] {dag.py:2585} INFO - Sync 1 DAGs
[2023-03-03T17:04:22.017+0100] {logging_mixin.py:137} INFO - [2023-03-03T17:04:22.017+0100] {dag.py:3336} INFO - Setting next_dagrun for example_trigger_controller_dag to 2021-01-01T00:00:00+00:00, run_after=2021-01-01T00:00:00+00:00
[2023-03-03T17:04:22.035+0100] {processor.py:176} INFO - Processing /Users/uab910/dev/nnam-poc/pyenv/lib/python3.10/site-packages/airflow/example_dags/example_trigger_controller_dag.py took 0.278 seconds
[2023-03-03T17:05:50.373+0100] {processor.py:154} INFO - Started process (PID=59655) to work on /Users/uab910/dev/nnam-poc/pyenv/lib/python3.10/site-packages/airflow/example_dags/example_trigger_controller_dag.py
[2023-03-03T17:05:50.379+0100] {processor.py:756} INFO - Processing file /Users/uab910/dev/nnam-poc/pyenv/lib/python3.10/site-packages/airflow/example_dags/example_trigger_controller_dag.py for tasks to queue
[2023-03-03T17:05:50.380+0100] {logging_mixin.py:137} INFO - [2023-03-03T17:05:50.380+0100] {dagbag.py:537} INFO - Filling up the DagBag from /Users/uab910/dev/nnam-poc/pyenv/lib/python3.10/site-packages/airflow/example_dags/example_trigger_controller_dag.py
[2023-03-03T17:05:50.413+0100] {processor.py:766} INFO - DAG(s) dict_keys(['example_trigger_controller_dag']) retrieved from /Users/uab910/dev/nnam-poc/pyenv/lib/python3.10/site-packages/airflow/example_dags/example_trigger_controller_dag.py
[2023-03-03T17:05:50.581+0100] {logging_mixin.py:137} INFO - [2023-03-03T17:05:50.581+0100] {dag.py:2585} INFO - Sync 1 DAGs
[2023-03-03T17:05:50.594+0100] {logging_mixin.py:137} INFO - [2023-03-03T17:05:50.594+0100] {dag.py:3336} INFO - Setting next_dagrun for example_trigger_controller_dag to 2021-01-01T00:00:00+00:00, run_after=2021-01-01T00:00:00+00:00
[2023-03-03T17:05:50.611+0100] {processor.py:176} INFO - Processing /Users/uab910/dev/nnam-poc/pyenv/lib/python3.10/site-packages/airflow/example_dags/example_trigger_controller_dag.py took 0.239 seconds
[2023-03-03T17:07:29.339+0100] {processor.py:154} INFO - Started process (PID=59711) to work on /Users/uab910/dev/nnam-poc/pyenv/lib/python3.10/site-packages/airflow/example_dags/example_trigger_controller_dag.py
[2023-03-03T17:07:29.344+0100] {processor.py:756} INFO - Processing file /Users/uab910/dev/nnam-poc/pyenv/lib/python3.10/site-packages/airflow/example_dags/example_trigger_controller_dag.py for tasks to queue
[2023-03-03T17:07:29.344+0100] {logging_mixin.py:137} INFO - [2023-03-03T17:07:29.344+0100] {dagbag.py:537} INFO - Filling up the DagBag from /Users/uab910/dev/nnam-poc/pyenv/lib/python3.10/site-packages/airflow/example_dags/example_trigger_controller_dag.py
[2023-03-03T17:07:29.378+0100] {processor.py:766} INFO - DAG(s) dict_keys(['example_trigger_controller_dag']) retrieved from /Users/uab910/dev/nnam-poc/pyenv/lib/python3.10/site-packages/airflow/example_dags/example_trigger_controller_dag.py
[2023-03-03T17:07:29.535+0100] {logging_mixin.py:137} INFO - [2023-03-03T17:07:29.535+0100] {dag.py:2585} INFO - Sync 1 DAGs
[2023-03-03T17:07:29.548+0100] {logging_mixin.py:137} INFO - [2023-03-03T17:07:29.548+0100] {dag.py:3336} INFO - Setting next_dagrun for example_trigger_controller_dag to 2021-01-01T00:00:00+00:00, run_after=2021-01-01T00:00:00+00:00
[2023-03-03T17:07:29.561+0100] {processor.py:176} INFO - Processing /Users/uab910/dev/nnam-poc/pyenv/lib/python3.10/site-packages/airflow/example_dags/example_trigger_controller_dag.py took 0.223 seconds
[2023-03-03T17:08:21.853+0100] {processor.py:154} INFO - Started process (PID=59750) to work on /Users/uab910/dev/nnam-poc/pyenv/lib/python3.10/site-packages/airflow/example_dags/example_trigger_controller_dag.py
[2023-03-03T17:08:21.859+0100] {processor.py:756} INFO - Processing file /Users/uab910/dev/nnam-poc/pyenv/lib/python3.10/site-packages/airflow/example_dags/example_trigger_controller_dag.py for tasks to queue
[2023-03-03T17:08:21.860+0100] {logging_mixin.py:137} INFO - [2023-03-03T17:08:21.860+0100] {dagbag.py:537} INFO - Filling up the DagBag from /Users/uab910/dev/nnam-poc/pyenv/lib/python3.10/site-packages/airflow/example_dags/example_trigger_controller_dag.py
[2023-03-03T17:08:21.896+0100] {processor.py:766} INFO - DAG(s) dict_keys(['example_trigger_controller_dag']) retrieved from /Users/uab910/dev/nnam-poc/pyenv/lib/python3.10/site-packages/airflow/example_dags/example_trigger_controller_dag.py
[2023-03-03T17:08:22.142+0100] {logging_mixin.py:137} INFO - [2023-03-03T17:08:22.142+0100] {dag.py:2585} INFO - Sync 1 DAGs
[2023-03-03T17:08:22.160+0100] {logging_mixin.py:137} INFO - [2023-03-03T17:08:22.159+0100] {dag.py:3336} INFO - Setting next_dagrun for example_trigger_controller_dag to 2021-01-01T00:00:00+00:00, run_after=2021-01-01T00:00:00+00:00
[2023-03-03T17:08:22.177+0100] {processor.py:176} INFO - Processing /Users/uab910/dev/nnam-poc/pyenv/lib/python3.10/site-packages/airflow/example_dags/example_trigger_controller_dag.py took 0.325 seconds
[2023-03-03T17:09:12.439+0100] {processor.py:154} INFO - Started process (PID=59780) to work on /Users/uab910/dev/nnam-poc/pyenv/lib/python3.10/site-packages/airflow/example_dags/example_trigger_controller_dag.py
[2023-03-03T17:09:12.445+0100] {processor.py:756} INFO - Processing file /Users/uab910/dev/nnam-poc/pyenv/lib/python3.10/site-packages/airflow/example_dags/example_trigger_controller_dag.py for tasks to queue
[2023-03-03T17:09:12.445+0100] {logging_mixin.py:137} INFO - [2023-03-03T17:09:12.445+0100] {dagbag.py:537} INFO - Filling up the DagBag from /Users/uab910/dev/nnam-poc/pyenv/lib/python3.10/site-packages/airflow/example_dags/example_trigger_controller_dag.py
[2023-03-03T17:09:12.478+0100] {processor.py:766} INFO - DAG(s) dict_keys(['example_trigger_controller_dag']) retrieved from /Users/uab910/dev/nnam-poc/pyenv/lib/python3.10/site-packages/airflow/example_dags/example_trigger_controller_dag.py
[2023-03-03T17:09:12.669+0100] {logging_mixin.py:137} INFO - [2023-03-03T17:09:12.669+0100] {dag.py:2585} INFO - Sync 1 DAGs
[2023-03-03T17:09:12.683+0100] {logging_mixin.py:137} INFO - [2023-03-03T17:09:12.683+0100] {dag.py:3336} INFO - Setting next_dagrun for example_trigger_controller_dag to 2021-01-01T00:00:00+00:00, run_after=2021-01-01T00:00:00+00:00
[2023-03-03T17:09:12.700+0100] {processor.py:176} INFO - Processing /Users/uab910/dev/nnam-poc/pyenv/lib/python3.10/site-packages/airflow/example_dags/example_trigger_controller_dag.py took 0.262 seconds
[2023-03-03T17:10:40.547+0100] {processor.py:154} INFO - Started process (PID=59827) to work on /Users/uab910/dev/nnam-poc/pyenv/lib/python3.10/site-packages/airflow/example_dags/example_trigger_controller_dag.py
[2023-03-03T17:10:40.553+0100] {processor.py:756} INFO - Processing file /Users/uab910/dev/nnam-poc/pyenv/lib/python3.10/site-packages/airflow/example_dags/example_trigger_controller_dag.py for tasks to queue
[2023-03-03T17:10:40.553+0100] {logging_mixin.py:137} INFO - [2023-03-03T17:10:40.553+0100] {dagbag.py:537} INFO - Filling up the DagBag from /Users/uab910/dev/nnam-poc/pyenv/lib/python3.10/site-packages/airflow/example_dags/example_trigger_controller_dag.py
[2023-03-03T17:10:40.584+0100] {processor.py:766} INFO - DAG(s) dict_keys(['example_trigger_controller_dag']) retrieved from /Users/uab910/dev/nnam-poc/pyenv/lib/python3.10/site-packages/airflow/example_dags/example_trigger_controller_dag.py
[2023-03-03T17:10:40.758+0100] {logging_mixin.py:137} INFO - [2023-03-03T17:10:40.758+0100] {dag.py:2585} INFO - Sync 1 DAGs
[2023-03-03T17:10:40.771+0100] {logging_mixin.py:137} INFO - [2023-03-03T17:10:40.771+0100] {dag.py:3336} INFO - Setting next_dagrun for example_trigger_controller_dag to 2021-01-01T00:00:00+00:00, run_after=2021-01-01T00:00:00+00:00
[2023-03-03T17:10:40.785+0100] {processor.py:176} INFO - Processing /Users/uab910/dev/nnam-poc/pyenv/lib/python3.10/site-packages/airflow/example_dags/example_trigger_controller_dag.py took 0.238 seconds
[2023-03-03T17:12:10.043+0100] {processor.py:154} INFO - Started process (PID=59884) to work on /Users/uab910/dev/nnam-poc/pyenv/lib/python3.10/site-packages/airflow/example_dags/example_trigger_controller_dag.py
[2023-03-03T17:12:10.048+0100] {processor.py:756} INFO - Processing file /Users/uab910/dev/nnam-poc/pyenv/lib/python3.10/site-packages/airflow/example_dags/example_trigger_controller_dag.py for tasks to queue
[2023-03-03T17:12:10.048+0100] {logging_mixin.py:137} INFO - [2023-03-03T17:12:10.048+0100] {dagbag.py:537} INFO - Filling up the DagBag from /Users/uab910/dev/nnam-poc/pyenv/lib/python3.10/site-packages/airflow/example_dags/example_trigger_controller_dag.py
[2023-03-03T17:12:10.077+0100] {processor.py:766} INFO - DAG(s) dict_keys(['example_trigger_controller_dag']) retrieved from /Users/uab910/dev/nnam-poc/pyenv/lib/python3.10/site-packages/airflow/example_dags/example_trigger_controller_dag.py
[2023-03-03T17:12:10.280+0100] {logging_mixin.py:137} INFO - [2023-03-03T17:12:10.280+0100] {dag.py:2585} INFO - Sync 1 DAGs
[2023-03-03T17:12:10.295+0100] {logging_mixin.py:137} INFO - [2023-03-03T17:12:10.295+0100] {dag.py:3336} INFO - Setting next_dagrun for example_trigger_controller_dag to 2021-01-01T00:00:00+00:00, run_after=2021-01-01T00:00:00+00:00
[2023-03-03T17:12:10.315+0100] {processor.py:176} INFO - Processing /Users/uab910/dev/nnam-poc/pyenv/lib/python3.10/site-packages/airflow/example_dags/example_trigger_controller_dag.py took 0.273 seconds
[2023-03-03T17:13:39.111+0100] {processor.py:154} INFO - Started process (PID=59959) to work on /Users/uab910/dev/nnam-poc/pyenv/lib/python3.10/site-packages/airflow/example_dags/example_trigger_controller_dag.py
[2023-03-03T17:13:39.121+0100] {processor.py:756} INFO - Processing file /Users/uab910/dev/nnam-poc/pyenv/lib/python3.10/site-packages/airflow/example_dags/example_trigger_controller_dag.py for tasks to queue
[2023-03-03T17:13:39.122+0100] {logging_mixin.py:137} INFO - [2023-03-03T17:13:39.122+0100] {dagbag.py:537} INFO - Filling up the DagBag from /Users/uab910/dev/nnam-poc/pyenv/lib/python3.10/site-packages/airflow/example_dags/example_trigger_controller_dag.py
[2023-03-03T17:13:39.170+0100] {processor.py:766} INFO - DAG(s) dict_keys(['example_trigger_controller_dag']) retrieved from /Users/uab910/dev/nnam-poc/pyenv/lib/python3.10/site-packages/airflow/example_dags/example_trigger_controller_dag.py
[2023-03-03T17:13:39.402+0100] {logging_mixin.py:137} INFO - [2023-03-03T17:13:39.402+0100] {dag.py:2585} INFO - Sync 1 DAGs
[2023-03-03T17:13:39.420+0100] {logging_mixin.py:137} INFO - [2023-03-03T17:13:39.420+0100] {dag.py:3336} INFO - Setting next_dagrun for example_trigger_controller_dag to 2021-01-01T00:00:00+00:00, run_after=2021-01-01T00:00:00+00:00
[2023-03-03T17:13:39.438+0100] {processor.py:176} INFO - Processing /Users/uab910/dev/nnam-poc/pyenv/lib/python3.10/site-packages/airflow/example_dags/example_trigger_controller_dag.py took 0.328 seconds
[2023-03-03T17:15:11.186+0100] {processor.py:154} INFO - Started process (PID=60028) to work on /Users/uab910/dev/nnam-poc/pyenv/lib/python3.10/site-packages/airflow/example_dags/example_trigger_controller_dag.py
[2023-03-03T17:15:11.192+0100] {processor.py:756} INFO - Processing file /Users/uab910/dev/nnam-poc/pyenv/lib/python3.10/site-packages/airflow/example_dags/example_trigger_controller_dag.py for tasks to queue
[2023-03-03T17:15:11.192+0100] {logging_mixin.py:137} INFO - [2023-03-03T17:15:11.192+0100] {dagbag.py:537} INFO - Filling up the DagBag from /Users/uab910/dev/nnam-poc/pyenv/lib/python3.10/site-packages/airflow/example_dags/example_trigger_controller_dag.py
[2023-03-03T17:15:11.226+0100] {processor.py:766} INFO - DAG(s) dict_keys(['example_trigger_controller_dag']) retrieved from /Users/uab910/dev/nnam-poc/pyenv/lib/python3.10/site-packages/airflow/example_dags/example_trigger_controller_dag.py
[2023-03-03T17:15:11.426+0100] {logging_mixin.py:137} INFO - [2023-03-03T17:15:11.426+0100] {dag.py:2585} INFO - Sync 1 DAGs
[2023-03-03T17:15:11.441+0100] {logging_mixin.py:137} INFO - [2023-03-03T17:15:11.441+0100] {dag.py:3336} INFO - Setting next_dagrun for example_trigger_controller_dag to 2021-01-01T00:00:00+00:00, run_after=2021-01-01T00:00:00+00:00
[2023-03-03T17:15:11.456+0100] {processor.py:176} INFO - Processing /Users/uab910/dev/nnam-poc/pyenv/lib/python3.10/site-packages/airflow/example_dags/example_trigger_controller_dag.py took 0.271 seconds
[2023-03-03T17:16:45.151+0100] {processor.py:154} INFO - Started process (PID=60084) to work on /Users/uab910/dev/nnam-poc/pyenv/lib/python3.10/site-packages/airflow/example_dags/example_trigger_controller_dag.py
[2023-03-03T17:16:45.156+0100] {processor.py:756} INFO - Processing file /Users/uab910/dev/nnam-poc/pyenv/lib/python3.10/site-packages/airflow/example_dags/example_trigger_controller_dag.py for tasks to queue
[2023-03-03T17:16:45.157+0100] {logging_mixin.py:137} INFO - [2023-03-03T17:16:45.157+0100] {dagbag.py:537} INFO - Filling up the DagBag from /Users/uab910/dev/nnam-poc/pyenv/lib/python3.10/site-packages/airflow/example_dags/example_trigger_controller_dag.py
[2023-03-03T17:16:45.186+0100] {processor.py:766} INFO - DAG(s) dict_keys(['example_trigger_controller_dag']) retrieved from /Users/uab910/dev/nnam-poc/pyenv/lib/python3.10/site-packages/airflow/example_dags/example_trigger_controller_dag.py
[2023-03-03T17:16:45.362+0100] {logging_mixin.py:137} INFO - [2023-03-03T17:16:45.362+0100] {dag.py:2585} INFO - Sync 1 DAGs
[2023-03-03T17:16:45.374+0100] {logging_mixin.py:137} INFO - [2023-03-03T17:16:45.374+0100] {dag.py:3336} INFO - Setting next_dagrun for example_trigger_controller_dag to 2021-01-01T00:00:00+00:00, run_after=2021-01-01T00:00:00+00:00
[2023-03-03T17:16:45.389+0100] {processor.py:176} INFO - Processing /Users/uab910/dev/nnam-poc/pyenv/lib/python3.10/site-packages/airflow/example_dags/example_trigger_controller_dag.py took 0.238 seconds
[2023-03-03T17:18:12.513+0100] {processor.py:154} INFO - Started process (PID=60135) to work on /Users/uab910/dev/nnam-poc/pyenv/lib/python3.10/site-packages/airflow/example_dags/example_trigger_controller_dag.py
[2023-03-03T17:18:12.520+0100] {processor.py:756} INFO - Processing file /Users/uab910/dev/nnam-poc/pyenv/lib/python3.10/site-packages/airflow/example_dags/example_trigger_controller_dag.py for tasks to queue
[2023-03-03T17:18:12.520+0100] {logging_mixin.py:137} INFO - [2023-03-03T17:18:12.520+0100] {dagbag.py:537} INFO - Filling up the DagBag from /Users/uab910/dev/nnam-poc/pyenv/lib/python3.10/site-packages/airflow/example_dags/example_trigger_controller_dag.py
[2023-03-03T17:18:12.551+0100] {processor.py:766} INFO - DAG(s) dict_keys(['example_trigger_controller_dag']) retrieved from /Users/uab910/dev/nnam-poc/pyenv/lib/python3.10/site-packages/airflow/example_dags/example_trigger_controller_dag.py
[2023-03-03T17:18:12.732+0100] {logging_mixin.py:137} INFO - [2023-03-03T17:18:12.732+0100] {dag.py:2585} INFO - Sync 1 DAGs
[2023-03-03T17:18:12.745+0100] {logging_mixin.py:137} INFO - [2023-03-03T17:18:12.745+0100] {dag.py:3336} INFO - Setting next_dagrun for example_trigger_controller_dag to 2021-01-01T00:00:00+00:00, run_after=2021-01-01T00:00:00+00:00
[2023-03-03T17:18:12.761+0100] {processor.py:176} INFO - Processing /Users/uab910/dev/nnam-poc/pyenv/lib/python3.10/site-packages/airflow/example_dags/example_trigger_controller_dag.py took 0.248 seconds
