[2023-03-03T16:02:02.435+0100] {processor.py:154} INFO - Started process (PID=57157) to work on /Users/uab910/dev/nnam-poc/pyenv/lib/python3.10/site-packages/airflow/example_dags/example_bash_operator.py
[2023-03-03T16:02:02.440+0100] {processor.py:756} INFO - Processing file /Users/uab910/dev/nnam-poc/pyenv/lib/python3.10/site-packages/airflow/example_dags/example_bash_operator.py for tasks to queue
[2023-03-03T16:02:02.440+0100] {logging_mixin.py:137} INFO - [2023-03-03T16:02:02.440+0100] {dagbag.py:537} INFO - Filling up the DagBag from /Users/uab910/dev/nnam-poc/pyenv/lib/python3.10/site-packages/airflow/example_dags/example_bash_operator.py
[2023-03-03T16:02:02.518+0100] {processor.py:766} INFO - DAG(s) dict_keys(['example_bash_operator']) retrieved from /Users/uab910/dev/nnam-poc/pyenv/lib/python3.10/site-packages/airflow/example_dags/example_bash_operator.py
[2023-03-03T16:02:03.722+0100] {logging_mixin.py:137} INFO - [2023-03-03T16:02:03.721+0100] {manager.py:507} INFO - Created Permission View: can read on DAG:example_bash_operator
[2023-03-03T16:02:03.730+0100] {logging_mixin.py:137} INFO - [2023-03-03T16:02:03.729+0100] {manager.py:507} INFO - Created Permission View: can edit on DAG:example_bash_operator
[2023-03-03T16:02:03.736+0100] {logging_mixin.py:137} INFO - [2023-03-03T16:02:03.736+0100] {manager.py:507} INFO - Created Permission View: can delete on DAG:example_bash_operator
[2023-03-03T16:02:03.737+0100] {logging_mixin.py:137} INFO - [2023-03-03T16:02:03.736+0100] {dag.py:2585} INFO - Sync 1 DAGs
[2023-03-03T16:02:03.746+0100] {logging_mixin.py:137} INFO - [2023-03-03T16:02:03.746+0100] {dag.py:2606} INFO - Creating ORM DAG for example_bash_operator
[2023-03-03T16:02:03.755+0100] {logging_mixin.py:137} INFO - [2023-03-03T16:02:03.755+0100] {dag.py:3336} INFO - Setting next_dagrun for example_bash_operator to 2023-03-02T00:00:00+00:00, run_after=2023-03-03T00:00:00+00:00
[2023-03-03T16:02:03.774+0100] {processor.py:176} INFO - Processing /Users/uab910/dev/nnam-poc/pyenv/lib/python3.10/site-packages/airflow/example_dags/example_bash_operator.py took 1.340 seconds
[2023-03-03T16:03:50.126+0100] {processor.py:154} INFO - Started process (PID=57272) to work on /Users/uab910/dev/nnam-poc/pyenv/lib/python3.10/site-packages/airflow/example_dags/example_bash_operator.py
[2023-03-03T16:03:50.131+0100] {processor.py:756} INFO - Processing file /Users/uab910/dev/nnam-poc/pyenv/lib/python3.10/site-packages/airflow/example_dags/example_bash_operator.py for tasks to queue
[2023-03-03T16:03:50.132+0100] {logging_mixin.py:137} INFO - [2023-03-03T16:03:50.132+0100] {dagbag.py:537} INFO - Filling up the DagBag from /Users/uab910/dev/nnam-poc/pyenv/lib/python3.10/site-packages/airflow/example_dags/example_bash_operator.py
[2023-03-03T16:03:50.219+0100] {processor.py:766} INFO - DAG(s) dict_keys(['example_bash_operator']) retrieved from /Users/uab910/dev/nnam-poc/pyenv/lib/python3.10/site-packages/airflow/example_dags/example_bash_operator.py
[2023-03-03T16:03:50.384+0100] {logging_mixin.py:137} INFO - [2023-03-03T16:03:50.384+0100] {dag.py:2585} INFO - Sync 1 DAGs
[2023-03-03T16:03:50.402+0100] {logging_mixin.py:137} INFO - [2023-03-03T16:03:50.402+0100] {dag.py:3336} INFO - Setting next_dagrun for example_bash_operator to 2023-03-02T00:00:00+00:00, run_after=2023-03-03T00:00:00+00:00
[2023-03-03T16:03:50.419+0100] {processor.py:176} INFO - Processing /Users/uab910/dev/nnam-poc/pyenv/lib/python3.10/site-packages/airflow/example_dags/example_bash_operator.py took 0.294 seconds
[2023-03-03T16:05:06.082+0100] {processor.py:154} INFO - Started process (PID=57321) to work on /Users/uab910/dev/nnam-poc/pyenv/lib/python3.10/site-packages/airflow/example_dags/example_bash_operator.py
[2023-03-03T16:05:06.088+0100] {processor.py:756} INFO - Processing file /Users/uab910/dev/nnam-poc/pyenv/lib/python3.10/site-packages/airflow/example_dags/example_bash_operator.py for tasks to queue
[2023-03-03T16:05:06.088+0100] {logging_mixin.py:137} INFO - [2023-03-03T16:05:06.088+0100] {dagbag.py:537} INFO - Filling up the DagBag from /Users/uab910/dev/nnam-poc/pyenv/lib/python3.10/site-packages/airflow/example_dags/example_bash_operator.py
[2023-03-03T16:05:06.176+0100] {processor.py:766} INFO - DAG(s) dict_keys(['example_bash_operator']) retrieved from /Users/uab910/dev/nnam-poc/pyenv/lib/python3.10/site-packages/airflow/example_dags/example_bash_operator.py
[2023-03-03T16:05:06.320+0100] {logging_mixin.py:137} INFO - [2023-03-03T16:05:06.320+0100] {dag.py:2585} INFO - Sync 1 DAGs
[2023-03-03T16:05:06.336+0100] {logging_mixin.py:137} INFO - [2023-03-03T16:05:06.336+0100] {dag.py:3336} INFO - Setting next_dagrun for example_bash_operator to 2023-03-02T00:00:00+00:00, run_after=2023-03-03T00:00:00+00:00
[2023-03-03T16:05:06.354+0100] {processor.py:176} INFO - Processing /Users/uab910/dev/nnam-poc/pyenv/lib/python3.10/site-packages/airflow/example_dags/example_bash_operator.py took 0.273 seconds
[2023-03-03T16:06:22.982+0100] {processor.py:154} INFO - Started process (PID=57368) to work on /Users/uab910/dev/nnam-poc/pyenv/lib/python3.10/site-packages/airflow/example_dags/example_bash_operator.py
[2023-03-03T16:06:22.987+0100] {processor.py:756} INFO - Processing file /Users/uab910/dev/nnam-poc/pyenv/lib/python3.10/site-packages/airflow/example_dags/example_bash_operator.py for tasks to queue
[2023-03-03T16:06:22.988+0100] {logging_mixin.py:137} INFO - [2023-03-03T16:06:22.988+0100] {dagbag.py:537} INFO - Filling up the DagBag from /Users/uab910/dev/nnam-poc/pyenv/lib/python3.10/site-packages/airflow/example_dags/example_bash_operator.py
[2023-03-03T16:06:23.096+0100] {processor.py:766} INFO - DAG(s) dict_keys(['example_bash_operator']) retrieved from /Users/uab910/dev/nnam-poc/pyenv/lib/python3.10/site-packages/airflow/example_dags/example_bash_operator.py
[2023-03-03T16:06:23.258+0100] {logging_mixin.py:137} INFO - [2023-03-03T16:06:23.258+0100] {dag.py:2585} INFO - Sync 1 DAGs
[2023-03-03T16:06:23.274+0100] {logging_mixin.py:137} INFO - [2023-03-03T16:06:23.274+0100] {dag.py:3336} INFO - Setting next_dagrun for example_bash_operator to 2023-03-02T00:00:00+00:00, run_after=2023-03-03T00:00:00+00:00
[2023-03-03T16:06:23.291+0100] {processor.py:176} INFO - Processing /Users/uab910/dev/nnam-poc/pyenv/lib/python3.10/site-packages/airflow/example_dags/example_bash_operator.py took 0.310 seconds
[2023-03-03T16:07:45.021+0100] {processor.py:154} INFO - Started process (PID=57420) to work on /Users/uab910/dev/nnam-poc/pyenv/lib/python3.10/site-packages/airflow/example_dags/example_bash_operator.py
[2023-03-03T16:07:45.026+0100] {processor.py:756} INFO - Processing file /Users/uab910/dev/nnam-poc/pyenv/lib/python3.10/site-packages/airflow/example_dags/example_bash_operator.py for tasks to queue
[2023-03-03T16:07:45.027+0100] {logging_mixin.py:137} INFO - [2023-03-03T16:07:45.026+0100] {dagbag.py:537} INFO - Filling up the DagBag from /Users/uab910/dev/nnam-poc/pyenv/lib/python3.10/site-packages/airflow/example_dags/example_bash_operator.py
[2023-03-03T16:07:45.104+0100] {processor.py:766} INFO - DAG(s) dict_keys(['example_bash_operator']) retrieved from /Users/uab910/dev/nnam-poc/pyenv/lib/python3.10/site-packages/airflow/example_dags/example_bash_operator.py
[2023-03-03T16:07:45.269+0100] {logging_mixin.py:137} INFO - [2023-03-03T16:07:45.269+0100] {dag.py:2585} INFO - Sync 1 DAGs
[2023-03-03T16:07:45.287+0100] {logging_mixin.py:137} INFO - [2023-03-03T16:07:45.286+0100] {dag.py:3336} INFO - Setting next_dagrun for example_bash_operator to 2023-03-02T00:00:00+00:00, run_after=2023-03-03T00:00:00+00:00
[2023-03-03T16:07:45.305+0100] {processor.py:176} INFO - Processing /Users/uab910/dev/nnam-poc/pyenv/lib/python3.10/site-packages/airflow/example_dags/example_bash_operator.py took 0.285 seconds
[2023-03-03T16:09:00.547+0100] {processor.py:154} INFO - Started process (PID=57477) to work on /Users/uab910/dev/nnam-poc/pyenv/lib/python3.10/site-packages/airflow/example_dags/example_bash_operator.py
[2023-03-03T16:09:00.553+0100] {processor.py:756} INFO - Processing file /Users/uab910/dev/nnam-poc/pyenv/lib/python3.10/site-packages/airflow/example_dags/example_bash_operator.py for tasks to queue
[2023-03-03T16:09:00.554+0100] {logging_mixin.py:137} INFO - [2023-03-03T16:09:00.554+0100] {dagbag.py:537} INFO - Filling up the DagBag from /Users/uab910/dev/nnam-poc/pyenv/lib/python3.10/site-packages/airflow/example_dags/example_bash_operator.py
[2023-03-03T16:09:00.635+0100] {processor.py:766} INFO - DAG(s) dict_keys(['example_bash_operator']) retrieved from /Users/uab910/dev/nnam-poc/pyenv/lib/python3.10/site-packages/airflow/example_dags/example_bash_operator.py
[2023-03-03T16:09:00.775+0100] {logging_mixin.py:137} INFO - [2023-03-03T16:09:00.775+0100] {dag.py:2585} INFO - Sync 1 DAGs
[2023-03-03T16:09:00.790+0100] {logging_mixin.py:137} INFO - [2023-03-03T16:09:00.790+0100] {dag.py:3336} INFO - Setting next_dagrun for example_bash_operator to 2023-03-02T00:00:00+00:00, run_after=2023-03-03T00:00:00+00:00
[2023-03-03T16:09:00.806+0100] {processor.py:176} INFO - Processing /Users/uab910/dev/nnam-poc/pyenv/lib/python3.10/site-packages/airflow/example_dags/example_bash_operator.py took 0.259 seconds
[2023-03-03T16:10:18.340+0100] {processor.py:154} INFO - Started process (PID=57516) to work on /Users/uab910/dev/nnam-poc/pyenv/lib/python3.10/site-packages/airflow/example_dags/example_bash_operator.py
[2023-03-03T16:10:18.346+0100] {processor.py:756} INFO - Processing file /Users/uab910/dev/nnam-poc/pyenv/lib/python3.10/site-packages/airflow/example_dags/example_bash_operator.py for tasks to queue
[2023-03-03T16:10:18.347+0100] {logging_mixin.py:137} INFO - [2023-03-03T16:10:18.347+0100] {dagbag.py:537} INFO - Filling up the DagBag from /Users/uab910/dev/nnam-poc/pyenv/lib/python3.10/site-packages/airflow/example_dags/example_bash_operator.py
[2023-03-03T16:10:18.428+0100] {processor.py:766} INFO - DAG(s) dict_keys(['example_bash_operator']) retrieved from /Users/uab910/dev/nnam-poc/pyenv/lib/python3.10/site-packages/airflow/example_dags/example_bash_operator.py
[2023-03-03T16:10:18.568+0100] {logging_mixin.py:137} INFO - [2023-03-03T16:10:18.568+0100] {dag.py:2585} INFO - Sync 1 DAGs
[2023-03-03T16:10:18.583+0100] {logging_mixin.py:137} INFO - [2023-03-03T16:10:18.583+0100] {dag.py:3336} INFO - Setting next_dagrun for example_bash_operator to 2023-03-02T00:00:00+00:00, run_after=2023-03-03T00:00:00+00:00
[2023-03-03T16:10:18.598+0100] {processor.py:176} INFO - Processing /Users/uab910/dev/nnam-poc/pyenv/lib/python3.10/site-packages/airflow/example_dags/example_bash_operator.py took 0.259 seconds
[2023-03-03T16:11:36.299+0100] {processor.py:154} INFO - Started process (PID=57563) to work on /Users/uab910/dev/nnam-poc/pyenv/lib/python3.10/site-packages/airflow/example_dags/example_bash_operator.py
[2023-03-03T16:11:36.304+0100] {processor.py:756} INFO - Processing file /Users/uab910/dev/nnam-poc/pyenv/lib/python3.10/site-packages/airflow/example_dags/example_bash_operator.py for tasks to queue
[2023-03-03T16:11:36.305+0100] {logging_mixin.py:137} INFO - [2023-03-03T16:11:36.305+0100] {dagbag.py:537} INFO - Filling up the DagBag from /Users/uab910/dev/nnam-poc/pyenv/lib/python3.10/site-packages/airflow/example_dags/example_bash_operator.py
[2023-03-03T16:11:36.385+0100] {processor.py:766} INFO - DAG(s) dict_keys(['example_bash_operator']) retrieved from /Users/uab910/dev/nnam-poc/pyenv/lib/python3.10/site-packages/airflow/example_dags/example_bash_operator.py
[2023-03-03T16:11:36.533+0100] {logging_mixin.py:137} INFO - [2023-03-03T16:11:36.533+0100] {dag.py:2585} INFO - Sync 1 DAGs
[2023-03-03T16:11:36.548+0100] {logging_mixin.py:137} INFO - [2023-03-03T16:11:36.547+0100] {dag.py:3336} INFO - Setting next_dagrun for example_bash_operator to 2023-03-02T00:00:00+00:00, run_after=2023-03-03T00:00:00+00:00
[2023-03-03T16:11:36.564+0100] {processor.py:176} INFO - Processing /Users/uab910/dev/nnam-poc/pyenv/lib/python3.10/site-packages/airflow/example_dags/example_bash_operator.py took 0.266 seconds
[2023-03-03T16:12:50.605+0100] {processor.py:154} INFO - Started process (PID=57602) to work on /Users/uab910/dev/nnam-poc/pyenv/lib/python3.10/site-packages/airflow/example_dags/example_bash_operator.py
[2023-03-03T16:12:50.612+0100] {processor.py:756} INFO - Processing file /Users/uab910/dev/nnam-poc/pyenv/lib/python3.10/site-packages/airflow/example_dags/example_bash_operator.py for tasks to queue
[2023-03-03T16:12:50.613+0100] {logging_mixin.py:137} INFO - [2023-03-03T16:12:50.612+0100] {dagbag.py:537} INFO - Filling up the DagBag from /Users/uab910/dev/nnam-poc/pyenv/lib/python3.10/site-packages/airflow/example_dags/example_bash_operator.py
[2023-03-03T16:12:50.700+0100] {processor.py:766} INFO - DAG(s) dict_keys(['example_bash_operator']) retrieved from /Users/uab910/dev/nnam-poc/pyenv/lib/python3.10/site-packages/airflow/example_dags/example_bash_operator.py
[2023-03-03T16:12:50.847+0100] {logging_mixin.py:137} INFO - [2023-03-03T16:12:50.847+0100] {dag.py:2585} INFO - Sync 1 DAGs
[2023-03-03T16:12:50.863+0100] {logging_mixin.py:137} INFO - [2023-03-03T16:12:50.863+0100] {dag.py:3336} INFO - Setting next_dagrun for example_bash_operator to 2023-03-02T00:00:00+00:00, run_after=2023-03-03T00:00:00+00:00
[2023-03-03T16:12:50.878+0100] {processor.py:176} INFO - Processing /Users/uab910/dev/nnam-poc/pyenv/lib/python3.10/site-packages/airflow/example_dags/example_bash_operator.py took 0.273 seconds
[2023-03-03T16:14:04.861+0100] {processor.py:154} INFO - Started process (PID=57654) to work on /Users/uab910/dev/nnam-poc/pyenv/lib/python3.10/site-packages/airflow/example_dags/example_bash_operator.py
[2023-03-03T16:14:04.867+0100] {processor.py:756} INFO - Processing file /Users/uab910/dev/nnam-poc/pyenv/lib/python3.10/site-packages/airflow/example_dags/example_bash_operator.py for tasks to queue
[2023-03-03T16:14:04.868+0100] {logging_mixin.py:137} INFO - [2023-03-03T16:14:04.868+0100] {dagbag.py:537} INFO - Filling up the DagBag from /Users/uab910/dev/nnam-poc/pyenv/lib/python3.10/site-packages/airflow/example_dags/example_bash_operator.py
[2023-03-03T16:14:04.959+0100] {processor.py:766} INFO - DAG(s) dict_keys(['example_bash_operator']) retrieved from /Users/uab910/dev/nnam-poc/pyenv/lib/python3.10/site-packages/airflow/example_dags/example_bash_operator.py
[2023-03-03T16:14:05.104+0100] {logging_mixin.py:137} INFO - [2023-03-03T16:14:05.104+0100] {dag.py:2585} INFO - Sync 1 DAGs
[2023-03-03T16:14:05.120+0100] {logging_mixin.py:137} INFO - [2023-03-03T16:14:05.120+0100] {dag.py:3336} INFO - Setting next_dagrun for example_bash_operator to 2023-03-02T00:00:00+00:00, run_after=2023-03-03T00:00:00+00:00
[2023-03-03T16:14:05.135+0100] {processor.py:176} INFO - Processing /Users/uab910/dev/nnam-poc/pyenv/lib/python3.10/site-packages/airflow/example_dags/example_bash_operator.py took 0.276 seconds
[2023-03-03T16:15:22.258+0100] {processor.py:154} INFO - Started process (PID=57724) to work on /Users/uab910/dev/nnam-poc/pyenv/lib/python3.10/site-packages/airflow/example_dags/example_bash_operator.py
[2023-03-03T16:15:22.264+0100] {processor.py:756} INFO - Processing file /Users/uab910/dev/nnam-poc/pyenv/lib/python3.10/site-packages/airflow/example_dags/example_bash_operator.py for tasks to queue
[2023-03-03T16:15:22.265+0100] {logging_mixin.py:137} INFO - [2023-03-03T16:15:22.264+0100] {dagbag.py:537} INFO - Filling up the DagBag from /Users/uab910/dev/nnam-poc/pyenv/lib/python3.10/site-packages/airflow/example_dags/example_bash_operator.py
[2023-03-03T16:15:22.356+0100] {processor.py:766} INFO - DAG(s) dict_keys(['example_bash_operator']) retrieved from /Users/uab910/dev/nnam-poc/pyenv/lib/python3.10/site-packages/airflow/example_dags/example_bash_operator.py
[2023-03-03T16:15:22.533+0100] {logging_mixin.py:137} INFO - [2023-03-03T16:15:22.533+0100] {dag.py:2585} INFO - Sync 1 DAGs
[2023-03-03T16:15:22.552+0100] {logging_mixin.py:137} INFO - [2023-03-03T16:15:22.552+0100] {dag.py:3336} INFO - Setting next_dagrun for example_bash_operator to 2023-03-02T00:00:00+00:00, run_after=2023-03-03T00:00:00+00:00
[2023-03-03T16:15:22.570+0100] {processor.py:176} INFO - Processing /Users/uab910/dev/nnam-poc/pyenv/lib/python3.10/site-packages/airflow/example_dags/example_bash_operator.py took 0.313 seconds
[2023-03-03T16:16:42.002+0100] {processor.py:154} INFO - Started process (PID=57772) to work on /Users/uab910/dev/nnam-poc/pyenv/lib/python3.10/site-packages/airflow/example_dags/example_bash_operator.py
[2023-03-03T16:16:42.009+0100] {processor.py:756} INFO - Processing file /Users/uab910/dev/nnam-poc/pyenv/lib/python3.10/site-packages/airflow/example_dags/example_bash_operator.py for tasks to queue
[2023-03-03T16:16:42.010+0100] {logging_mixin.py:137} INFO - [2023-03-03T16:16:42.010+0100] {dagbag.py:537} INFO - Filling up the DagBag from /Users/uab910/dev/nnam-poc/pyenv/lib/python3.10/site-packages/airflow/example_dags/example_bash_operator.py
[2023-03-03T16:16:42.612+0100] {processor.py:766} INFO - DAG(s) dict_keys(['example_bash_operator']) retrieved from /Users/uab910/dev/nnam-poc/pyenv/lib/python3.10/site-packages/airflow/example_dags/example_bash_operator.py
[2023-03-03T16:16:42.921+0100] {logging_mixin.py:137} INFO - [2023-03-03T16:16:42.920+0100] {dag.py:2585} INFO - Sync 1 DAGs
[2023-03-03T16:16:42.947+0100] {logging_mixin.py:137} INFO - [2023-03-03T16:16:42.947+0100] {dag.py:3336} INFO - Setting next_dagrun for example_bash_operator to 2023-03-02T00:00:00+00:00, run_after=2023-03-03T00:00:00+00:00
[2023-03-03T16:16:42.979+0100] {processor.py:176} INFO - Processing /Users/uab910/dev/nnam-poc/pyenv/lib/python3.10/site-packages/airflow/example_dags/example_bash_operator.py took 0.979 seconds
[2023-03-03T16:17:59.166+0100] {processor.py:154} INFO - Started process (PID=57856) to work on /Users/uab910/dev/nnam-poc/pyenv/lib/python3.10/site-packages/airflow/example_dags/example_bash_operator.py
[2023-03-03T16:17:59.172+0100] {processor.py:756} INFO - Processing file /Users/uab910/dev/nnam-poc/pyenv/lib/python3.10/site-packages/airflow/example_dags/example_bash_operator.py for tasks to queue
[2023-03-03T16:17:59.172+0100] {logging_mixin.py:137} INFO - [2023-03-03T16:17:59.172+0100] {dagbag.py:537} INFO - Filling up the DagBag from /Users/uab910/dev/nnam-poc/pyenv/lib/python3.10/site-packages/airflow/example_dags/example_bash_operator.py
[2023-03-03T16:17:59.247+0100] {processor.py:766} INFO - DAG(s) dict_keys(['example_bash_operator']) retrieved from /Users/uab910/dev/nnam-poc/pyenv/lib/python3.10/site-packages/airflow/example_dags/example_bash_operator.py
[2023-03-03T16:17:59.384+0100] {logging_mixin.py:137} INFO - [2023-03-03T16:17:59.383+0100] {dag.py:2585} INFO - Sync 1 DAGs
[2023-03-03T16:17:59.397+0100] {logging_mixin.py:137} INFO - [2023-03-03T16:17:59.397+0100] {dag.py:3336} INFO - Setting next_dagrun for example_bash_operator to 2023-03-02T00:00:00+00:00, run_after=2023-03-03T00:00:00+00:00
[2023-03-03T16:17:59.412+0100] {processor.py:176} INFO - Processing /Users/uab910/dev/nnam-poc/pyenv/lib/python3.10/site-packages/airflow/example_dags/example_bash_operator.py took 0.246 seconds
[2023-03-03T16:19:18.608+0100] {processor.py:154} INFO - Started process (PID=57918) to work on /Users/uab910/dev/nnam-poc/pyenv/lib/python3.10/site-packages/airflow/example_dags/example_bash_operator.py
[2023-03-03T16:19:18.614+0100] {processor.py:756} INFO - Processing file /Users/uab910/dev/nnam-poc/pyenv/lib/python3.10/site-packages/airflow/example_dags/example_bash_operator.py for tasks to queue
[2023-03-03T16:19:18.615+0100] {logging_mixin.py:137} INFO - [2023-03-03T16:19:18.614+0100] {dagbag.py:537} INFO - Filling up the DagBag from /Users/uab910/dev/nnam-poc/pyenv/lib/python3.10/site-packages/airflow/example_dags/example_bash_operator.py
[2023-03-03T16:19:18.695+0100] {processor.py:766} INFO - DAG(s) dict_keys(['example_bash_operator']) retrieved from /Users/uab910/dev/nnam-poc/pyenv/lib/python3.10/site-packages/airflow/example_dags/example_bash_operator.py
[2023-03-03T16:19:18.843+0100] {logging_mixin.py:137} INFO - [2023-03-03T16:19:18.843+0100] {dag.py:2585} INFO - Sync 1 DAGs
[2023-03-03T16:19:18.861+0100] {logging_mixin.py:137} INFO - [2023-03-03T16:19:18.861+0100] {dag.py:3336} INFO - Setting next_dagrun for example_bash_operator to 2023-03-02T00:00:00+00:00, run_after=2023-03-03T00:00:00+00:00
[2023-03-03T16:19:18.877+0100] {processor.py:176} INFO - Processing /Users/uab910/dev/nnam-poc/pyenv/lib/python3.10/site-packages/airflow/example_dags/example_bash_operator.py took 0.270 seconds
[2023-03-03T16:20:34.570+0100] {processor.py:154} INFO - Started process (PID=58000) to work on /Users/uab910/dev/nnam-poc/pyenv/lib/python3.10/site-packages/airflow/example_dags/example_bash_operator.py
[2023-03-03T16:20:34.576+0100] {processor.py:756} INFO - Processing file /Users/uab910/dev/nnam-poc/pyenv/lib/python3.10/site-packages/airflow/example_dags/example_bash_operator.py for tasks to queue
[2023-03-03T16:20:34.576+0100] {logging_mixin.py:137} INFO - [2023-03-03T16:20:34.576+0100] {dagbag.py:537} INFO - Filling up the DagBag from /Users/uab910/dev/nnam-poc/pyenv/lib/python3.10/site-packages/airflow/example_dags/example_bash_operator.py
[2023-03-03T16:20:34.662+0100] {processor.py:766} INFO - DAG(s) dict_keys(['example_bash_operator']) retrieved from /Users/uab910/dev/nnam-poc/pyenv/lib/python3.10/site-packages/airflow/example_dags/example_bash_operator.py
[2023-03-03T16:20:34.824+0100] {logging_mixin.py:137} INFO - [2023-03-03T16:20:34.824+0100] {dag.py:2585} INFO - Sync 1 DAGs
[2023-03-03T16:20:34.838+0100] {logging_mixin.py:137} INFO - [2023-03-03T16:20:34.838+0100] {dag.py:3336} INFO - Setting next_dagrun for example_bash_operator to 2023-03-02T00:00:00+00:00, run_after=2023-03-03T00:00:00+00:00
[2023-03-03T16:20:34.852+0100] {processor.py:176} INFO - Processing /Users/uab910/dev/nnam-poc/pyenv/lib/python3.10/site-packages/airflow/example_dags/example_bash_operator.py took 0.283 seconds
[2023-03-03T16:21:57.698+0100] {processor.py:154} INFO - Started process (PID=58066) to work on /Users/uab910/dev/nnam-poc/pyenv/lib/python3.10/site-packages/airflow/example_dags/example_bash_operator.py
[2023-03-03T16:21:57.703+0100] {processor.py:756} INFO - Processing file /Users/uab910/dev/nnam-poc/pyenv/lib/python3.10/site-packages/airflow/example_dags/example_bash_operator.py for tasks to queue
[2023-03-03T16:21:57.704+0100] {logging_mixin.py:137} INFO - [2023-03-03T16:21:57.704+0100] {dagbag.py:537} INFO - Filling up the DagBag from /Users/uab910/dev/nnam-poc/pyenv/lib/python3.10/site-packages/airflow/example_dags/example_bash_operator.py
[2023-03-03T16:21:57.793+0100] {processor.py:766} INFO - DAG(s) dict_keys(['example_bash_operator']) retrieved from /Users/uab910/dev/nnam-poc/pyenv/lib/python3.10/site-packages/airflow/example_dags/example_bash_operator.py
[2023-03-03T16:21:57.934+0100] {logging_mixin.py:137} INFO - [2023-03-03T16:21:57.934+0100] {dag.py:2585} INFO - Sync 1 DAGs
[2023-03-03T16:21:57.948+0100] {logging_mixin.py:137} INFO - [2023-03-03T16:21:57.948+0100] {dag.py:3336} INFO - Setting next_dagrun for example_bash_operator to 2023-03-02T00:00:00+00:00, run_after=2023-03-03T00:00:00+00:00
[2023-03-03T16:21:57.963+0100] {processor.py:176} INFO - Processing /Users/uab910/dev/nnam-poc/pyenv/lib/python3.10/site-packages/airflow/example_dags/example_bash_operator.py took 0.265 seconds
[2023-03-03T16:23:13.417+0100] {processor.py:154} INFO - Started process (PID=58133) to work on /Users/uab910/dev/nnam-poc/pyenv/lib/python3.10/site-packages/airflow/example_dags/example_bash_operator.py
[2023-03-03T16:23:13.422+0100] {processor.py:756} INFO - Processing file /Users/uab910/dev/nnam-poc/pyenv/lib/python3.10/site-packages/airflow/example_dags/example_bash_operator.py for tasks to queue
[2023-03-03T16:23:13.422+0100] {logging_mixin.py:137} INFO - [2023-03-03T16:23:13.422+0100] {dagbag.py:537} INFO - Filling up the DagBag from /Users/uab910/dev/nnam-poc/pyenv/lib/python3.10/site-packages/airflow/example_dags/example_bash_operator.py
[2023-03-03T16:23:13.497+0100] {processor.py:766} INFO - DAG(s) dict_keys(['example_bash_operator']) retrieved from /Users/uab910/dev/nnam-poc/pyenv/lib/python3.10/site-packages/airflow/example_dags/example_bash_operator.py
[2023-03-03T16:23:13.631+0100] {logging_mixin.py:137} INFO - [2023-03-03T16:23:13.631+0100] {dag.py:2585} INFO - Sync 1 DAGs
[2023-03-03T16:23:13.645+0100] {logging_mixin.py:137} INFO - [2023-03-03T16:23:13.645+0100] {dag.py:3336} INFO - Setting next_dagrun for example_bash_operator to 2023-03-02T00:00:00+00:00, run_after=2023-03-03T00:00:00+00:00
[2023-03-03T16:23:13.659+0100] {processor.py:176} INFO - Processing /Users/uab910/dev/nnam-poc/pyenv/lib/python3.10/site-packages/airflow/example_dags/example_bash_operator.py took 0.242 seconds
[2023-03-03T16:24:30.015+0100] {processor.py:154} INFO - Started process (PID=58194) to work on /Users/uab910/dev/nnam-poc/pyenv/lib/python3.10/site-packages/airflow/example_dags/example_bash_operator.py
[2023-03-03T16:24:30.021+0100] {processor.py:756} INFO - Processing file /Users/uab910/dev/nnam-poc/pyenv/lib/python3.10/site-packages/airflow/example_dags/example_bash_operator.py for tasks to queue
[2023-03-03T16:24:30.021+0100] {logging_mixin.py:137} INFO - [2023-03-03T16:24:30.021+0100] {dagbag.py:537} INFO - Filling up the DagBag from /Users/uab910/dev/nnam-poc/pyenv/lib/python3.10/site-packages/airflow/example_dags/example_bash_operator.py
[2023-03-03T16:24:30.097+0100] {processor.py:766} INFO - DAG(s) dict_keys(['example_bash_operator']) retrieved from /Users/uab910/dev/nnam-poc/pyenv/lib/python3.10/site-packages/airflow/example_dags/example_bash_operator.py
[2023-03-03T16:24:30.242+0100] {logging_mixin.py:137} INFO - [2023-03-03T16:24:30.242+0100] {dag.py:2585} INFO - Sync 1 DAGs
[2023-03-03T16:24:30.259+0100] {logging_mixin.py:137} INFO - [2023-03-03T16:24:30.259+0100] {dag.py:3336} INFO - Setting next_dagrun for example_bash_operator to 2023-03-02T00:00:00+00:00, run_after=2023-03-03T00:00:00+00:00
[2023-03-03T16:24:30.275+0100] {processor.py:176} INFO - Processing /Users/uab910/dev/nnam-poc/pyenv/lib/python3.10/site-packages/airflow/example_dags/example_bash_operator.py took 0.260 seconds
[2023-03-03T16:25:44.356+0100] {processor.py:154} INFO - Started process (PID=58234) to work on /Users/uab910/dev/nnam-poc/pyenv/lib/python3.10/site-packages/airflow/example_dags/example_bash_operator.py
[2023-03-03T16:25:44.361+0100] {processor.py:756} INFO - Processing file /Users/uab910/dev/nnam-poc/pyenv/lib/python3.10/site-packages/airflow/example_dags/example_bash_operator.py for tasks to queue
[2023-03-03T16:25:44.361+0100] {logging_mixin.py:137} INFO - [2023-03-03T16:25:44.361+0100] {dagbag.py:537} INFO - Filling up the DagBag from /Users/uab910/dev/nnam-poc/pyenv/lib/python3.10/site-packages/airflow/example_dags/example_bash_operator.py
[2023-03-03T16:25:44.435+0100] {processor.py:766} INFO - DAG(s) dict_keys(['example_bash_operator']) retrieved from /Users/uab910/dev/nnam-poc/pyenv/lib/python3.10/site-packages/airflow/example_dags/example_bash_operator.py
[2023-03-03T16:25:44.567+0100] {logging_mixin.py:137} INFO - [2023-03-03T16:25:44.567+0100] {dag.py:2585} INFO - Sync 1 DAGs
[2023-03-03T16:25:44.581+0100] {logging_mixin.py:137} INFO - [2023-03-03T16:25:44.581+0100] {dag.py:3336} INFO - Setting next_dagrun for example_bash_operator to 2023-03-02T00:00:00+00:00, run_after=2023-03-03T00:00:00+00:00
[2023-03-03T16:25:44.595+0100] {processor.py:176} INFO - Processing /Users/uab910/dev/nnam-poc/pyenv/lib/python3.10/site-packages/airflow/example_dags/example_bash_operator.py took 0.239 seconds
[2023-03-03T16:26:57.812+0100] {processor.py:154} INFO - Started process (PID=58281) to work on /Users/uab910/dev/nnam-poc/pyenv/lib/python3.10/site-packages/airflow/example_dags/example_bash_operator.py
[2023-03-03T16:26:57.817+0100] {processor.py:756} INFO - Processing file /Users/uab910/dev/nnam-poc/pyenv/lib/python3.10/site-packages/airflow/example_dags/example_bash_operator.py for tasks to queue
[2023-03-03T16:26:57.818+0100] {logging_mixin.py:137} INFO - [2023-03-03T16:26:57.818+0100] {dagbag.py:537} INFO - Filling up the DagBag from /Users/uab910/dev/nnam-poc/pyenv/lib/python3.10/site-packages/airflow/example_dags/example_bash_operator.py
[2023-03-03T16:26:57.896+0100] {processor.py:766} INFO - DAG(s) dict_keys(['example_bash_operator']) retrieved from /Users/uab910/dev/nnam-poc/pyenv/lib/python3.10/site-packages/airflow/example_dags/example_bash_operator.py
[2023-03-03T16:26:58.039+0100] {logging_mixin.py:137} INFO - [2023-03-03T16:26:58.039+0100] {dag.py:2585} INFO - Sync 1 DAGs
[2023-03-03T16:26:58.053+0100] {logging_mixin.py:137} INFO - [2023-03-03T16:26:58.053+0100] {dag.py:3336} INFO - Setting next_dagrun for example_bash_operator to 2023-03-02T00:00:00+00:00, run_after=2023-03-03T00:00:00+00:00
[2023-03-03T16:26:58.067+0100] {processor.py:176} INFO - Processing /Users/uab910/dev/nnam-poc/pyenv/lib/python3.10/site-packages/airflow/example_dags/example_bash_operator.py took 0.255 seconds
[2023-03-03T16:28:14.142+0100] {processor.py:154} INFO - Started process (PID=58322) to work on /Users/uab910/dev/nnam-poc/pyenv/lib/python3.10/site-packages/airflow/example_dags/example_bash_operator.py
[2023-03-03T16:28:14.147+0100] {processor.py:756} INFO - Processing file /Users/uab910/dev/nnam-poc/pyenv/lib/python3.10/site-packages/airflow/example_dags/example_bash_operator.py for tasks to queue
[2023-03-03T16:28:14.148+0100] {logging_mixin.py:137} INFO - [2023-03-03T16:28:14.148+0100] {dagbag.py:537} INFO - Filling up the DagBag from /Users/uab910/dev/nnam-poc/pyenv/lib/python3.10/site-packages/airflow/example_dags/example_bash_operator.py
[2023-03-03T16:28:14.224+0100] {processor.py:766} INFO - DAG(s) dict_keys(['example_bash_operator']) retrieved from /Users/uab910/dev/nnam-poc/pyenv/lib/python3.10/site-packages/airflow/example_dags/example_bash_operator.py
[2023-03-03T16:28:14.367+0100] {logging_mixin.py:137} INFO - [2023-03-03T16:28:14.367+0100] {dag.py:2585} INFO - Sync 1 DAGs
[2023-03-03T16:28:14.381+0100] {logging_mixin.py:137} INFO - [2023-03-03T16:28:14.381+0100] {dag.py:3336} INFO - Setting next_dagrun for example_bash_operator to 2023-03-02T00:00:00+00:00, run_after=2023-03-03T00:00:00+00:00
[2023-03-03T16:28:14.395+0100] {processor.py:176} INFO - Processing /Users/uab910/dev/nnam-poc/pyenv/lib/python3.10/site-packages/airflow/example_dags/example_bash_operator.py took 0.253 seconds
[2023-03-03T16:29:31.251+0100] {processor.py:154} INFO - Started process (PID=58368) to work on /Users/uab910/dev/nnam-poc/pyenv/lib/python3.10/site-packages/airflow/example_dags/example_bash_operator.py
[2023-03-03T16:29:31.257+0100] {processor.py:756} INFO - Processing file /Users/uab910/dev/nnam-poc/pyenv/lib/python3.10/site-packages/airflow/example_dags/example_bash_operator.py for tasks to queue
[2023-03-03T16:29:31.257+0100] {logging_mixin.py:137} INFO - [2023-03-03T16:29:31.257+0100] {dagbag.py:537} INFO - Filling up the DagBag from /Users/uab910/dev/nnam-poc/pyenv/lib/python3.10/site-packages/airflow/example_dags/example_bash_operator.py
[2023-03-03T16:29:31.336+0100] {processor.py:766} INFO - DAG(s) dict_keys(['example_bash_operator']) retrieved from /Users/uab910/dev/nnam-poc/pyenv/lib/python3.10/site-packages/airflow/example_dags/example_bash_operator.py
[2023-03-03T16:29:31.509+0100] {logging_mixin.py:137} INFO - [2023-03-03T16:29:31.509+0100] {dag.py:2585} INFO - Sync 1 DAGs
[2023-03-03T16:29:31.523+0100] {logging_mixin.py:137} INFO - [2023-03-03T16:29:31.523+0100] {dag.py:3336} INFO - Setting next_dagrun for example_bash_operator to 2023-03-02T00:00:00+00:00, run_after=2023-03-03T00:00:00+00:00
[2023-03-03T16:29:31.536+0100] {processor.py:176} INFO - Processing /Users/uab910/dev/nnam-poc/pyenv/lib/python3.10/site-packages/airflow/example_dags/example_bash_operator.py took 0.286 seconds
[2023-03-03T16:30:46.322+0100] {processor.py:154} INFO - Started process (PID=58409) to work on /Users/uab910/dev/nnam-poc/pyenv/lib/python3.10/site-packages/airflow/example_dags/example_bash_operator.py
[2023-03-03T16:30:46.328+0100] {processor.py:756} INFO - Processing file /Users/uab910/dev/nnam-poc/pyenv/lib/python3.10/site-packages/airflow/example_dags/example_bash_operator.py for tasks to queue
[2023-03-03T16:30:46.329+0100] {logging_mixin.py:137} INFO - [2023-03-03T16:30:46.329+0100] {dagbag.py:537} INFO - Filling up the DagBag from /Users/uab910/dev/nnam-poc/pyenv/lib/python3.10/site-packages/airflow/example_dags/example_bash_operator.py
[2023-03-03T16:30:46.408+0100] {processor.py:766} INFO - DAG(s) dict_keys(['example_bash_operator']) retrieved from /Users/uab910/dev/nnam-poc/pyenv/lib/python3.10/site-packages/airflow/example_dags/example_bash_operator.py
[2023-03-03T16:30:46.544+0100] {logging_mixin.py:137} INFO - [2023-03-03T16:30:46.544+0100] {dag.py:2585} INFO - Sync 1 DAGs
[2023-03-03T16:30:46.559+0100] {logging_mixin.py:137} INFO - [2023-03-03T16:30:46.559+0100] {dag.py:3336} INFO - Setting next_dagrun for example_bash_operator to 2023-03-02T00:00:00+00:00, run_after=2023-03-03T00:00:00+00:00
[2023-03-03T16:30:46.575+0100] {processor.py:176} INFO - Processing /Users/uab910/dev/nnam-poc/pyenv/lib/python3.10/site-packages/airflow/example_dags/example_bash_operator.py took 0.253 seconds
[2023-03-03T16:32:03.040+0100] {processor.py:154} INFO - Started process (PID=58448) to work on /Users/uab910/dev/nnam-poc/pyenv/lib/python3.10/site-packages/airflow/example_dags/example_bash_operator.py
[2023-03-03T16:32:03.047+0100] {processor.py:756} INFO - Processing file /Users/uab910/dev/nnam-poc/pyenv/lib/python3.10/site-packages/airflow/example_dags/example_bash_operator.py for tasks to queue
[2023-03-03T16:32:03.048+0100] {logging_mixin.py:137} INFO - [2023-03-03T16:32:03.048+0100] {dagbag.py:537} INFO - Filling up the DagBag from /Users/uab910/dev/nnam-poc/pyenv/lib/python3.10/site-packages/airflow/example_dags/example_bash_operator.py
[2023-03-03T16:32:03.136+0100] {processor.py:766} INFO - DAG(s) dict_keys(['example_bash_operator']) retrieved from /Users/uab910/dev/nnam-poc/pyenv/lib/python3.10/site-packages/airflow/example_dags/example_bash_operator.py
[2023-03-03T16:32:03.302+0100] {logging_mixin.py:137} INFO - [2023-03-03T16:32:03.302+0100] {dag.py:2585} INFO - Sync 1 DAGs
[2023-03-03T16:32:03.320+0100] {logging_mixin.py:137} INFO - [2023-03-03T16:32:03.319+0100] {dag.py:3336} INFO - Setting next_dagrun for example_bash_operator to 2023-03-02T00:00:00+00:00, run_after=2023-03-03T00:00:00+00:00
[2023-03-03T16:32:03.336+0100] {processor.py:176} INFO - Processing /Users/uab910/dev/nnam-poc/pyenv/lib/python3.10/site-packages/airflow/example_dags/example_bash_operator.py took 0.297 seconds
[2023-03-03T16:33:19.232+0100] {processor.py:154} INFO - Started process (PID=58486) to work on /Users/uab910/dev/nnam-poc/pyenv/lib/python3.10/site-packages/airflow/example_dags/example_bash_operator.py
[2023-03-03T16:33:19.238+0100] {processor.py:756} INFO - Processing file /Users/uab910/dev/nnam-poc/pyenv/lib/python3.10/site-packages/airflow/example_dags/example_bash_operator.py for tasks to queue
[2023-03-03T16:33:19.238+0100] {logging_mixin.py:137} INFO - [2023-03-03T16:33:19.238+0100] {dagbag.py:537} INFO - Filling up the DagBag from /Users/uab910/dev/nnam-poc/pyenv/lib/python3.10/site-packages/airflow/example_dags/example_bash_operator.py
[2023-03-03T16:33:19.316+0100] {processor.py:766} INFO - DAG(s) dict_keys(['example_bash_operator']) retrieved from /Users/uab910/dev/nnam-poc/pyenv/lib/python3.10/site-packages/airflow/example_dags/example_bash_operator.py
[2023-03-03T16:33:19.492+0100] {logging_mixin.py:137} INFO - [2023-03-03T16:33:19.491+0100] {dag.py:2585} INFO - Sync 1 DAGs
[2023-03-03T16:33:19.511+0100] {logging_mixin.py:137} INFO - [2023-03-03T16:33:19.511+0100] {dag.py:3336} INFO - Setting next_dagrun for example_bash_operator to 2023-03-02T00:00:00+00:00, run_after=2023-03-03T00:00:00+00:00
[2023-03-03T16:33:19.530+0100] {processor.py:176} INFO - Processing /Users/uab910/dev/nnam-poc/pyenv/lib/python3.10/site-packages/airflow/example_dags/example_bash_operator.py took 0.299 seconds
[2023-03-03T16:34:36.085+0100] {processor.py:154} INFO - Started process (PID=58553) to work on /Users/uab910/dev/nnam-poc/pyenv/lib/python3.10/site-packages/airflow/example_dags/example_bash_operator.py
[2023-03-03T16:34:36.091+0100] {processor.py:756} INFO - Processing file /Users/uab910/dev/nnam-poc/pyenv/lib/python3.10/site-packages/airflow/example_dags/example_bash_operator.py for tasks to queue
[2023-03-03T16:34:36.091+0100] {logging_mixin.py:137} INFO - [2023-03-03T16:34:36.091+0100] {dagbag.py:537} INFO - Filling up the DagBag from /Users/uab910/dev/nnam-poc/pyenv/lib/python3.10/site-packages/airflow/example_dags/example_bash_operator.py
[2023-03-03T16:34:36.193+0100] {processor.py:766} INFO - DAG(s) dict_keys(['example_bash_operator']) retrieved from /Users/uab910/dev/nnam-poc/pyenv/lib/python3.10/site-packages/airflow/example_dags/example_bash_operator.py
[2023-03-03T16:34:36.392+0100] {logging_mixin.py:137} INFO - [2023-03-03T16:34:36.392+0100] {dag.py:2585} INFO - Sync 1 DAGs
[2023-03-03T16:34:36.412+0100] {logging_mixin.py:137} INFO - [2023-03-03T16:34:36.412+0100] {dag.py:3336} INFO - Setting next_dagrun for example_bash_operator to 2023-03-02T00:00:00+00:00, run_after=2023-03-03T00:00:00+00:00
[2023-03-03T16:34:36.431+0100] {processor.py:176} INFO - Processing /Users/uab910/dev/nnam-poc/pyenv/lib/python3.10/site-packages/airflow/example_dags/example_bash_operator.py took 0.347 seconds
[2023-03-03T16:35:54.706+0100] {processor.py:154} INFO - Started process (PID=58593) to work on /Users/uab910/dev/nnam-poc/pyenv/lib/python3.10/site-packages/airflow/example_dags/example_bash_operator.py
[2023-03-03T16:35:54.712+0100] {processor.py:756} INFO - Processing file /Users/uab910/dev/nnam-poc/pyenv/lib/python3.10/site-packages/airflow/example_dags/example_bash_operator.py for tasks to queue
[2023-03-03T16:35:54.712+0100] {logging_mixin.py:137} INFO - [2023-03-03T16:35:54.712+0100] {dagbag.py:537} INFO - Filling up the DagBag from /Users/uab910/dev/nnam-poc/pyenv/lib/python3.10/site-packages/airflow/example_dags/example_bash_operator.py
[2023-03-03T16:35:54.797+0100] {processor.py:766} INFO - DAG(s) dict_keys(['example_bash_operator']) retrieved from /Users/uab910/dev/nnam-poc/pyenv/lib/python3.10/site-packages/airflow/example_dags/example_bash_operator.py
[2023-03-03T16:35:54.963+0100] {logging_mixin.py:137} INFO - [2023-03-03T16:35:54.963+0100] {dag.py:2585} INFO - Sync 1 DAGs
[2023-03-03T16:35:54.981+0100] {logging_mixin.py:137} INFO - [2023-03-03T16:35:54.980+0100] {dag.py:3336} INFO - Setting next_dagrun for example_bash_operator to 2023-03-02T00:00:00+00:00, run_after=2023-03-03T00:00:00+00:00
[2023-03-03T16:35:54.998+0100] {processor.py:176} INFO - Processing /Users/uab910/dev/nnam-poc/pyenv/lib/python3.10/site-packages/airflow/example_dags/example_bash_operator.py took 0.293 seconds
[2023-03-03T16:37:09.508+0100] {processor.py:154} INFO - Started process (PID=58637) to work on /Users/uab910/dev/nnam-poc/pyenv/lib/python3.10/site-packages/airflow/example_dags/example_bash_operator.py
[2023-03-03T16:37:09.515+0100] {processor.py:756} INFO - Processing file /Users/uab910/dev/nnam-poc/pyenv/lib/python3.10/site-packages/airflow/example_dags/example_bash_operator.py for tasks to queue
[2023-03-03T16:37:09.516+0100] {logging_mixin.py:137} INFO - [2023-03-03T16:37:09.516+0100] {dagbag.py:537} INFO - Filling up the DagBag from /Users/uab910/dev/nnam-poc/pyenv/lib/python3.10/site-packages/airflow/example_dags/example_bash_operator.py
[2023-03-03T16:37:09.601+0100] {processor.py:766} INFO - DAG(s) dict_keys(['example_bash_operator']) retrieved from /Users/uab910/dev/nnam-poc/pyenv/lib/python3.10/site-packages/airflow/example_dags/example_bash_operator.py
[2023-03-03T16:37:09.756+0100] {logging_mixin.py:137} INFO - [2023-03-03T16:37:09.756+0100] {dag.py:2585} INFO - Sync 1 DAGs
[2023-03-03T16:37:09.770+0100] {logging_mixin.py:137} INFO - [2023-03-03T16:37:09.770+0100] {dag.py:3336} INFO - Setting next_dagrun for example_bash_operator to 2023-03-02T00:00:00+00:00, run_after=2023-03-03T00:00:00+00:00
[2023-03-03T16:37:09.786+0100] {processor.py:176} INFO - Processing /Users/uab910/dev/nnam-poc/pyenv/lib/python3.10/site-packages/airflow/example_dags/example_bash_operator.py took 0.279 seconds
[2023-03-03T16:38:27.789+0100] {processor.py:154} INFO - Started process (PID=58679) to work on /Users/uab910/dev/nnam-poc/pyenv/lib/python3.10/site-packages/airflow/example_dags/example_bash_operator.py
[2023-03-03T16:38:27.795+0100] {processor.py:756} INFO - Processing file /Users/uab910/dev/nnam-poc/pyenv/lib/python3.10/site-packages/airflow/example_dags/example_bash_operator.py for tasks to queue
[2023-03-03T16:38:27.795+0100] {logging_mixin.py:137} INFO - [2023-03-03T16:38:27.795+0100] {dagbag.py:537} INFO - Filling up the DagBag from /Users/uab910/dev/nnam-poc/pyenv/lib/python3.10/site-packages/airflow/example_dags/example_bash_operator.py
[2023-03-03T16:38:27.879+0100] {processor.py:766} INFO - DAG(s) dict_keys(['example_bash_operator']) retrieved from /Users/uab910/dev/nnam-poc/pyenv/lib/python3.10/site-packages/airflow/example_dags/example_bash_operator.py
[2023-03-03T16:38:28.021+0100] {logging_mixin.py:137} INFO - [2023-03-03T16:38:28.021+0100] {dag.py:2585} INFO - Sync 1 DAGs
[2023-03-03T16:38:28.035+0100] {logging_mixin.py:137} INFO - [2023-03-03T16:38:28.035+0100] {dag.py:3336} INFO - Setting next_dagrun for example_bash_operator to 2023-03-02T00:00:00+00:00, run_after=2023-03-03T00:00:00+00:00
[2023-03-03T16:38:28.052+0100] {processor.py:176} INFO - Processing /Users/uab910/dev/nnam-poc/pyenv/lib/python3.10/site-packages/airflow/example_dags/example_bash_operator.py took 0.263 seconds
[2023-03-03T16:40:07.601+0100] {processor.py:154} INFO - Started process (PID=58732) to work on /Users/uab910/dev/nnam-poc/pyenv/lib/python3.10/site-packages/airflow/example_dags/example_bash_operator.py
[2023-03-03T16:40:07.606+0100] {processor.py:756} INFO - Processing file /Users/uab910/dev/nnam-poc/pyenv/lib/python3.10/site-packages/airflow/example_dags/example_bash_operator.py for tasks to queue
[2023-03-03T16:40:07.607+0100] {logging_mixin.py:137} INFO - [2023-03-03T16:40:07.607+0100] {dagbag.py:537} INFO - Filling up the DagBag from /Users/uab910/dev/nnam-poc/pyenv/lib/python3.10/site-packages/airflow/example_dags/example_bash_operator.py
[2023-03-03T16:40:07.696+0100] {processor.py:766} INFO - DAG(s) dict_keys(['example_bash_operator']) retrieved from /Users/uab910/dev/nnam-poc/pyenv/lib/python3.10/site-packages/airflow/example_dags/example_bash_operator.py
[2023-03-03T16:40:07.861+0100] {logging_mixin.py:137} INFO - [2023-03-03T16:40:07.861+0100] {dag.py:2585} INFO - Sync 1 DAGs
[2023-03-03T16:40:07.878+0100] {logging_mixin.py:137} INFO - [2023-03-03T16:40:07.877+0100] {dag.py:3336} INFO - Setting next_dagrun for example_bash_operator to 2023-03-02T00:00:00+00:00, run_after=2023-03-03T00:00:00+00:00
[2023-03-03T16:40:07.895+0100] {processor.py:176} INFO - Processing /Users/uab910/dev/nnam-poc/pyenv/lib/python3.10/site-packages/airflow/example_dags/example_bash_operator.py took 0.295 seconds
[2023-03-03T16:41:40.221+0100] {processor.py:154} INFO - Started process (PID=58785) to work on /Users/uab910/dev/nnam-poc/pyenv/lib/python3.10/site-packages/airflow/example_dags/example_bash_operator.py
[2023-03-03T16:41:40.227+0100] {processor.py:756} INFO - Processing file /Users/uab910/dev/nnam-poc/pyenv/lib/python3.10/site-packages/airflow/example_dags/example_bash_operator.py for tasks to queue
[2023-03-03T16:41:40.228+0100] {logging_mixin.py:137} INFO - [2023-03-03T16:41:40.228+0100] {dagbag.py:537} INFO - Filling up the DagBag from /Users/uab910/dev/nnam-poc/pyenv/lib/python3.10/site-packages/airflow/example_dags/example_bash_operator.py
[2023-03-03T16:41:40.305+0100] {processor.py:766} INFO - DAG(s) dict_keys(['example_bash_operator']) retrieved from /Users/uab910/dev/nnam-poc/pyenv/lib/python3.10/site-packages/airflow/example_dags/example_bash_operator.py
[2023-03-03T16:41:40.448+0100] {logging_mixin.py:137} INFO - [2023-03-03T16:41:40.447+0100] {dag.py:2585} INFO - Sync 1 DAGs
[2023-03-03T16:41:40.467+0100] {logging_mixin.py:137} INFO - [2023-03-03T16:41:40.467+0100] {dag.py:3336} INFO - Setting next_dagrun for example_bash_operator to 2023-03-02T00:00:00+00:00, run_after=2023-03-03T00:00:00+00:00
[2023-03-03T16:41:40.485+0100] {processor.py:176} INFO - Processing /Users/uab910/dev/nnam-poc/pyenv/lib/python3.10/site-packages/airflow/example_dags/example_bash_operator.py took 0.264 seconds
[2023-03-03T16:43:12.020+0100] {processor.py:154} INFO - Started process (PID=58829) to work on /Users/uab910/dev/nnam-poc/pyenv/lib/python3.10/site-packages/airflow/example_dags/example_bash_operator.py
[2023-03-03T16:43:12.026+0100] {processor.py:756} INFO - Processing file /Users/uab910/dev/nnam-poc/pyenv/lib/python3.10/site-packages/airflow/example_dags/example_bash_operator.py for tasks to queue
[2023-03-03T16:43:12.027+0100] {logging_mixin.py:137} INFO - [2023-03-03T16:43:12.026+0100] {dagbag.py:537} INFO - Filling up the DagBag from /Users/uab910/dev/nnam-poc/pyenv/lib/python3.10/site-packages/airflow/example_dags/example_bash_operator.py
[2023-03-03T16:43:12.116+0100] {processor.py:766} INFO - DAG(s) dict_keys(['example_bash_operator']) retrieved from /Users/uab910/dev/nnam-poc/pyenv/lib/python3.10/site-packages/airflow/example_dags/example_bash_operator.py
[2023-03-03T16:43:12.275+0100] {logging_mixin.py:137} INFO - [2023-03-03T16:43:12.275+0100] {dag.py:2585} INFO - Sync 1 DAGs
[2023-03-03T16:43:12.294+0100] {logging_mixin.py:137} INFO - [2023-03-03T16:43:12.294+0100] {dag.py:3336} INFO - Setting next_dagrun for example_bash_operator to 2023-03-02T00:00:00+00:00, run_after=2023-03-03T00:00:00+00:00
[2023-03-03T16:43:12.311+0100] {processor.py:176} INFO - Processing /Users/uab910/dev/nnam-poc/pyenv/lib/python3.10/site-packages/airflow/example_dags/example_bash_operator.py took 0.293 seconds
[2023-03-03T16:44:46.974+0100] {processor.py:154} INFO - Started process (PID=58909) to work on /Users/uab910/dev/nnam-poc/pyenv/lib/python3.10/site-packages/airflow/example_dags/example_bash_operator.py
[2023-03-03T16:44:46.980+0100] {processor.py:756} INFO - Processing file /Users/uab910/dev/nnam-poc/pyenv/lib/python3.10/site-packages/airflow/example_dags/example_bash_operator.py for tasks to queue
[2023-03-03T16:44:46.980+0100] {logging_mixin.py:137} INFO - [2023-03-03T16:44:46.980+0100] {dagbag.py:537} INFO - Filling up the DagBag from /Users/uab910/dev/nnam-poc/pyenv/lib/python3.10/site-packages/airflow/example_dags/example_bash_operator.py
[2023-03-03T16:44:47.055+0100] {processor.py:766} INFO - DAG(s) dict_keys(['example_bash_operator']) retrieved from /Users/uab910/dev/nnam-poc/pyenv/lib/python3.10/site-packages/airflow/example_dags/example_bash_operator.py
[2023-03-03T16:44:47.195+0100] {logging_mixin.py:137} INFO - [2023-03-03T16:44:47.195+0100] {dag.py:2585} INFO - Sync 1 DAGs
[2023-03-03T16:44:47.210+0100] {logging_mixin.py:137} INFO - [2023-03-03T16:44:47.210+0100] {dag.py:3336} INFO - Setting next_dagrun for example_bash_operator to 2023-03-02T00:00:00+00:00, run_after=2023-03-03T00:00:00+00:00
[2023-03-03T16:44:47.226+0100] {processor.py:176} INFO - Processing /Users/uab910/dev/nnam-poc/pyenv/lib/python3.10/site-packages/airflow/example_dags/example_bash_operator.py took 0.253 seconds
[2023-03-03T16:46:21.292+0100] {processor.py:154} INFO - Started process (PID=58977) to work on /Users/uab910/dev/nnam-poc/pyenv/lib/python3.10/site-packages/airflow/example_dags/example_bash_operator.py
[2023-03-03T16:46:21.298+0100] {processor.py:756} INFO - Processing file /Users/uab910/dev/nnam-poc/pyenv/lib/python3.10/site-packages/airflow/example_dags/example_bash_operator.py for tasks to queue
[2023-03-03T16:46:21.298+0100] {logging_mixin.py:137} INFO - [2023-03-03T16:46:21.298+0100] {dagbag.py:537} INFO - Filling up the DagBag from /Users/uab910/dev/nnam-poc/pyenv/lib/python3.10/site-packages/airflow/example_dags/example_bash_operator.py
[2023-03-03T16:46:21.397+0100] {processor.py:766} INFO - DAG(s) dict_keys(['example_bash_operator']) retrieved from /Users/uab910/dev/nnam-poc/pyenv/lib/python3.10/site-packages/airflow/example_dags/example_bash_operator.py
[2023-03-03T16:46:21.547+0100] {logging_mixin.py:137} INFO - [2023-03-03T16:46:21.547+0100] {dag.py:2585} INFO - Sync 1 DAGs
[2023-03-03T16:46:21.561+0100] {logging_mixin.py:137} INFO - [2023-03-03T16:46:21.561+0100] {dag.py:3336} INFO - Setting next_dagrun for example_bash_operator to 2023-03-02T00:00:00+00:00, run_after=2023-03-03T00:00:00+00:00
[2023-03-03T16:46:21.574+0100] {processor.py:176} INFO - Processing /Users/uab910/dev/nnam-poc/pyenv/lib/python3.10/site-packages/airflow/example_dags/example_bash_operator.py took 0.283 seconds
[2023-03-03T16:47:52.891+0100] {processor.py:154} INFO - Started process (PID=59037) to work on /Users/uab910/dev/nnam-poc/pyenv/lib/python3.10/site-packages/airflow/example_dags/example_bash_operator.py
[2023-03-03T16:47:52.898+0100] {processor.py:756} INFO - Processing file /Users/uab910/dev/nnam-poc/pyenv/lib/python3.10/site-packages/airflow/example_dags/example_bash_operator.py for tasks to queue
[2023-03-03T16:47:52.898+0100] {logging_mixin.py:137} INFO - [2023-03-03T16:47:52.898+0100] {dagbag.py:537} INFO - Filling up the DagBag from /Users/uab910/dev/nnam-poc/pyenv/lib/python3.10/site-packages/airflow/example_dags/example_bash_operator.py
[2023-03-03T16:47:52.989+0100] {processor.py:766} INFO - DAG(s) dict_keys(['example_bash_operator']) retrieved from /Users/uab910/dev/nnam-poc/pyenv/lib/python3.10/site-packages/airflow/example_dags/example_bash_operator.py
[2023-03-03T16:47:53.136+0100] {logging_mixin.py:137} INFO - [2023-03-03T16:47:53.136+0100] {dag.py:2585} INFO - Sync 1 DAGs
[2023-03-03T16:47:53.152+0100] {logging_mixin.py:137} INFO - [2023-03-03T16:47:53.152+0100] {dag.py:3336} INFO - Setting next_dagrun for example_bash_operator to 2023-03-02T00:00:00+00:00, run_after=2023-03-03T00:00:00+00:00
[2023-03-03T16:47:53.170+0100] {processor.py:176} INFO - Processing /Users/uab910/dev/nnam-poc/pyenv/lib/python3.10/site-packages/airflow/example_dags/example_bash_operator.py took 0.280 seconds
[2023-03-03T16:49:23.784+0100] {processor.py:154} INFO - Started process (PID=59086) to work on /Users/uab910/dev/nnam-poc/pyenv/lib/python3.10/site-packages/airflow/example_dags/example_bash_operator.py
[2023-03-03T16:49:23.790+0100] {processor.py:756} INFO - Processing file /Users/uab910/dev/nnam-poc/pyenv/lib/python3.10/site-packages/airflow/example_dags/example_bash_operator.py for tasks to queue
[2023-03-03T16:49:23.790+0100] {logging_mixin.py:137} INFO - [2023-03-03T16:49:23.790+0100] {dagbag.py:537} INFO - Filling up the DagBag from /Users/uab910/dev/nnam-poc/pyenv/lib/python3.10/site-packages/airflow/example_dags/example_bash_operator.py
[2023-03-03T16:49:23.866+0100] {processor.py:766} INFO - DAG(s) dict_keys(['example_bash_operator']) retrieved from /Users/uab910/dev/nnam-poc/pyenv/lib/python3.10/site-packages/airflow/example_dags/example_bash_operator.py
[2023-03-03T16:49:24.027+0100] {logging_mixin.py:137} INFO - [2023-03-03T16:49:24.027+0100] {dag.py:2585} INFO - Sync 1 DAGs
[2023-03-03T16:49:24.046+0100] {logging_mixin.py:137} INFO - [2023-03-03T16:49:24.046+0100] {dag.py:3336} INFO - Setting next_dagrun for example_bash_operator to 2023-03-02T00:00:00+00:00, run_after=2023-03-03T00:00:00+00:00
[2023-03-03T16:49:24.064+0100] {processor.py:176} INFO - Processing /Users/uab910/dev/nnam-poc/pyenv/lib/python3.10/site-packages/airflow/example_dags/example_bash_operator.py took 0.281 seconds
[2023-03-03T16:50:58.600+0100] {processor.py:154} INFO - Started process (PID=59150) to work on /Users/uab910/dev/nnam-poc/pyenv/lib/python3.10/site-packages/airflow/example_dags/example_bash_operator.py
[2023-03-03T16:50:58.606+0100] {processor.py:756} INFO - Processing file /Users/uab910/dev/nnam-poc/pyenv/lib/python3.10/site-packages/airflow/example_dags/example_bash_operator.py for tasks to queue
[2023-03-03T16:50:58.606+0100] {logging_mixin.py:137} INFO - [2023-03-03T16:50:58.606+0100] {dagbag.py:537} INFO - Filling up the DagBag from /Users/uab910/dev/nnam-poc/pyenv/lib/python3.10/site-packages/airflow/example_dags/example_bash_operator.py
[2023-03-03T16:50:58.694+0100] {processor.py:766} INFO - DAG(s) dict_keys(['example_bash_operator']) retrieved from /Users/uab910/dev/nnam-poc/pyenv/lib/python3.10/site-packages/airflow/example_dags/example_bash_operator.py
[2023-03-03T16:50:58.870+0100] {logging_mixin.py:137} INFO - [2023-03-03T16:50:58.869+0100] {dag.py:2585} INFO - Sync 1 DAGs
[2023-03-03T16:50:58.889+0100] {logging_mixin.py:137} INFO - [2023-03-03T16:50:58.889+0100] {dag.py:3336} INFO - Setting next_dagrun for example_bash_operator to 2023-03-02T00:00:00+00:00, run_after=2023-03-03T00:00:00+00:00
[2023-03-03T16:50:58.906+0100] {processor.py:176} INFO - Processing /Users/uab910/dev/nnam-poc/pyenv/lib/python3.10/site-packages/airflow/example_dags/example_bash_operator.py took 0.307 seconds
[2023-03-03T16:52:31.331+0100] {processor.py:154} INFO - Started process (PID=59205) to work on /Users/uab910/dev/nnam-poc/pyenv/lib/python3.10/site-packages/airflow/example_dags/example_bash_operator.py
[2023-03-03T16:52:31.337+0100] {processor.py:756} INFO - Processing file /Users/uab910/dev/nnam-poc/pyenv/lib/python3.10/site-packages/airflow/example_dags/example_bash_operator.py for tasks to queue
[2023-03-03T16:52:31.338+0100] {logging_mixin.py:137} INFO - [2023-03-03T16:52:31.337+0100] {dagbag.py:537} INFO - Filling up the DagBag from /Users/uab910/dev/nnam-poc/pyenv/lib/python3.10/site-packages/airflow/example_dags/example_bash_operator.py
[2023-03-03T16:52:31.425+0100] {processor.py:766} INFO - DAG(s) dict_keys(['example_bash_operator']) retrieved from /Users/uab910/dev/nnam-poc/pyenv/lib/python3.10/site-packages/airflow/example_dags/example_bash_operator.py
[2023-03-03T16:52:31.583+0100] {logging_mixin.py:137} INFO - [2023-03-03T16:52:31.583+0100] {dag.py:2585} INFO - Sync 1 DAGs
[2023-03-03T16:52:31.599+0100] {logging_mixin.py:137} INFO - [2023-03-03T16:52:31.599+0100] {dag.py:3336} INFO - Setting next_dagrun for example_bash_operator to 2023-03-02T00:00:00+00:00, run_after=2023-03-03T00:00:00+00:00
[2023-03-03T16:52:31.618+0100] {processor.py:176} INFO - Processing /Users/uab910/dev/nnam-poc/pyenv/lib/python3.10/site-packages/airflow/example_dags/example_bash_operator.py took 0.287 seconds
[2023-03-03T16:53:58.314+0100] {processor.py:154} INFO - Started process (PID=59267) to work on /Users/uab910/dev/nnam-poc/pyenv/lib/python3.10/site-packages/airflow/example_dags/example_bash_operator.py
[2023-03-03T16:53:58.319+0100] {processor.py:756} INFO - Processing file /Users/uab910/dev/nnam-poc/pyenv/lib/python3.10/site-packages/airflow/example_dags/example_bash_operator.py for tasks to queue
[2023-03-03T16:53:58.320+0100] {logging_mixin.py:137} INFO - [2023-03-03T16:53:58.319+0100] {dagbag.py:537} INFO - Filling up the DagBag from /Users/uab910/dev/nnam-poc/pyenv/lib/python3.10/site-packages/airflow/example_dags/example_bash_operator.py
[2023-03-03T16:53:58.397+0100] {processor.py:766} INFO - DAG(s) dict_keys(['example_bash_operator']) retrieved from /Users/uab910/dev/nnam-poc/pyenv/lib/python3.10/site-packages/airflow/example_dags/example_bash_operator.py
[2023-03-03T16:53:58.541+0100] {logging_mixin.py:137} INFO - [2023-03-03T16:53:58.540+0100] {dag.py:2585} INFO - Sync 1 DAGs
[2023-03-03T16:53:58.556+0100] {logging_mixin.py:137} INFO - [2023-03-03T16:53:58.556+0100] {dag.py:3336} INFO - Setting next_dagrun for example_bash_operator to 2023-03-02T00:00:00+00:00, run_after=2023-03-03T00:00:00+00:00
[2023-03-03T16:53:58.572+0100] {processor.py:176} INFO - Processing /Users/uab910/dev/nnam-poc/pyenv/lib/python3.10/site-packages/airflow/example_dags/example_bash_operator.py took 0.258 seconds
[2023-03-03T16:55:31.694+0100] {processor.py:154} INFO - Started process (PID=59314) to work on /Users/uab910/dev/nnam-poc/pyenv/lib/python3.10/site-packages/airflow/example_dags/example_bash_operator.py
[2023-03-03T16:55:31.700+0100] {processor.py:756} INFO - Processing file /Users/uab910/dev/nnam-poc/pyenv/lib/python3.10/site-packages/airflow/example_dags/example_bash_operator.py for tasks to queue
[2023-03-03T16:55:31.700+0100] {logging_mixin.py:137} INFO - [2023-03-03T16:55:31.700+0100] {dagbag.py:537} INFO - Filling up the DagBag from /Users/uab910/dev/nnam-poc/pyenv/lib/python3.10/site-packages/airflow/example_dags/example_bash_operator.py
[2023-03-03T16:55:31.792+0100] {processor.py:766} INFO - DAG(s) dict_keys(['example_bash_operator']) retrieved from /Users/uab910/dev/nnam-poc/pyenv/lib/python3.10/site-packages/airflow/example_dags/example_bash_operator.py
[2023-03-03T16:55:31.948+0100] {logging_mixin.py:137} INFO - [2023-03-03T16:55:31.948+0100] {dag.py:2585} INFO - Sync 1 DAGs
[2023-03-03T16:55:31.966+0100] {logging_mixin.py:137} INFO - [2023-03-03T16:55:31.966+0100] {dag.py:3336} INFO - Setting next_dagrun for example_bash_operator to 2023-03-02T00:00:00+00:00, run_after=2023-03-03T00:00:00+00:00
[2023-03-03T16:55:31.982+0100] {processor.py:176} INFO - Processing /Users/uab910/dev/nnam-poc/pyenv/lib/python3.10/site-packages/airflow/example_dags/example_bash_operator.py took 0.289 seconds
[2023-03-03T16:57:05.660+0100] {processor.py:154} INFO - Started process (PID=59363) to work on /Users/uab910/dev/nnam-poc/pyenv/lib/python3.10/site-packages/airflow/example_dags/example_bash_operator.py
[2023-03-03T16:57:05.666+0100] {processor.py:756} INFO - Processing file /Users/uab910/dev/nnam-poc/pyenv/lib/python3.10/site-packages/airflow/example_dags/example_bash_operator.py for tasks to queue
[2023-03-03T16:57:05.666+0100] {logging_mixin.py:137} INFO - [2023-03-03T16:57:05.666+0100] {dagbag.py:537} INFO - Filling up the DagBag from /Users/uab910/dev/nnam-poc/pyenv/lib/python3.10/site-packages/airflow/example_dags/example_bash_operator.py
[2023-03-03T16:57:05.756+0100] {processor.py:766} INFO - DAG(s) dict_keys(['example_bash_operator']) retrieved from /Users/uab910/dev/nnam-poc/pyenv/lib/python3.10/site-packages/airflow/example_dags/example_bash_operator.py
[2023-03-03T16:57:05.931+0100] {logging_mixin.py:137} INFO - [2023-03-03T16:57:05.931+0100] {dag.py:2585} INFO - Sync 1 DAGs
[2023-03-03T16:57:05.952+0100] {logging_mixin.py:137} INFO - [2023-03-03T16:57:05.952+0100] {dag.py:3336} INFO - Setting next_dagrun for example_bash_operator to 2023-03-02T00:00:00+00:00, run_after=2023-03-03T00:00:00+00:00
[2023-03-03T16:57:05.971+0100] {processor.py:176} INFO - Processing /Users/uab910/dev/nnam-poc/pyenv/lib/python3.10/site-packages/airflow/example_dags/example_bash_operator.py took 0.312 seconds
[2023-03-03T16:58:39.622+0100] {processor.py:154} INFO - Started process (PID=59412) to work on /Users/uab910/dev/nnam-poc/pyenv/lib/python3.10/site-packages/airflow/example_dags/example_bash_operator.py
[2023-03-03T16:58:39.626+0100] {processor.py:756} INFO - Processing file /Users/uab910/dev/nnam-poc/pyenv/lib/python3.10/site-packages/airflow/example_dags/example_bash_operator.py for tasks to queue
[2023-03-03T16:58:39.626+0100] {logging_mixin.py:137} INFO - [2023-03-03T16:58:39.626+0100] {dagbag.py:537} INFO - Filling up the DagBag from /Users/uab910/dev/nnam-poc/pyenv/lib/python3.10/site-packages/airflow/example_dags/example_bash_operator.py
[2023-03-03T16:58:39.699+0100] {processor.py:766} INFO - DAG(s) dict_keys(['example_bash_operator']) retrieved from /Users/uab910/dev/nnam-poc/pyenv/lib/python3.10/site-packages/airflow/example_dags/example_bash_operator.py
[2023-03-03T16:58:39.838+0100] {logging_mixin.py:137} INFO - [2023-03-03T16:58:39.838+0100] {dag.py:2585} INFO - Sync 1 DAGs
[2023-03-03T16:58:39.852+0100] {logging_mixin.py:137} INFO - [2023-03-03T16:58:39.852+0100] {dag.py:3336} INFO - Setting next_dagrun for example_bash_operator to 2023-03-02T00:00:00+00:00, run_after=2023-03-03T00:00:00+00:00
[2023-03-03T16:58:39.866+0100] {processor.py:176} INFO - Processing /Users/uab910/dev/nnam-poc/pyenv/lib/python3.10/site-packages/airflow/example_dags/example_bash_operator.py took 0.245 seconds
[2023-03-03T17:00:13.147+0100] {processor.py:154} INFO - Started process (PID=59458) to work on /Users/uab910/dev/nnam-poc/pyenv/lib/python3.10/site-packages/airflow/example_dags/example_bash_operator.py
[2023-03-03T17:00:13.153+0100] {processor.py:756} INFO - Processing file /Users/uab910/dev/nnam-poc/pyenv/lib/python3.10/site-packages/airflow/example_dags/example_bash_operator.py for tasks to queue
[2023-03-03T17:00:13.153+0100] {logging_mixin.py:137} INFO - [2023-03-03T17:00:13.153+0100] {dagbag.py:537} INFO - Filling up the DagBag from /Users/uab910/dev/nnam-poc/pyenv/lib/python3.10/site-packages/airflow/example_dags/example_bash_operator.py
[2023-03-03T17:00:13.232+0100] {processor.py:766} INFO - DAG(s) dict_keys(['example_bash_operator']) retrieved from /Users/uab910/dev/nnam-poc/pyenv/lib/python3.10/site-packages/airflow/example_dags/example_bash_operator.py
[2023-03-03T17:00:13.372+0100] {logging_mixin.py:137} INFO - [2023-03-03T17:00:13.372+0100] {dag.py:2585} INFO - Sync 1 DAGs
[2023-03-03T17:00:13.387+0100] {logging_mixin.py:137} INFO - [2023-03-03T17:00:13.387+0100] {dag.py:3336} INFO - Setting next_dagrun for example_bash_operator to 2023-03-02T00:00:00+00:00, run_after=2023-03-03T00:00:00+00:00
[2023-03-03T17:00:13.404+0100] {processor.py:176} INFO - Processing /Users/uab910/dev/nnam-poc/pyenv/lib/python3.10/site-packages/airflow/example_dags/example_bash_operator.py took 0.258 seconds
[2023-03-03T17:01:45.571+0100] {processor.py:154} INFO - Started process (PID=59509) to work on /Users/uab910/dev/nnam-poc/pyenv/lib/python3.10/site-packages/airflow/example_dags/example_bash_operator.py
[2023-03-03T17:01:45.577+0100] {processor.py:756} INFO - Processing file /Users/uab910/dev/nnam-poc/pyenv/lib/python3.10/site-packages/airflow/example_dags/example_bash_operator.py for tasks to queue
[2023-03-03T17:01:45.578+0100] {logging_mixin.py:137} INFO - [2023-03-03T17:01:45.578+0100] {dagbag.py:537} INFO - Filling up the DagBag from /Users/uab910/dev/nnam-poc/pyenv/lib/python3.10/site-packages/airflow/example_dags/example_bash_operator.py
[2023-03-03T17:01:45.656+0100] {processor.py:766} INFO - DAG(s) dict_keys(['example_bash_operator']) retrieved from /Users/uab910/dev/nnam-poc/pyenv/lib/python3.10/site-packages/airflow/example_dags/example_bash_operator.py
[2023-03-03T17:01:45.795+0100] {logging_mixin.py:137} INFO - [2023-03-03T17:01:45.795+0100] {dag.py:2585} INFO - Sync 1 DAGs
[2023-03-03T17:01:45.809+0100] {logging_mixin.py:137} INFO - [2023-03-03T17:01:45.809+0100] {dag.py:3336} INFO - Setting next_dagrun for example_bash_operator to 2023-03-02T00:00:00+00:00, run_after=2023-03-03T00:00:00+00:00
[2023-03-03T17:01:45.823+0100] {processor.py:176} INFO - Processing /Users/uab910/dev/nnam-poc/pyenv/lib/python3.10/site-packages/airflow/example_dags/example_bash_operator.py took 0.253 seconds
[2023-03-03T17:03:17.192+0100] {processor.py:154} INFO - Started process (PID=59557) to work on /Users/uab910/dev/nnam-poc/pyenv/lib/python3.10/site-packages/airflow/example_dags/example_bash_operator.py
[2023-03-03T17:03:17.197+0100] {processor.py:756} INFO - Processing file /Users/uab910/dev/nnam-poc/pyenv/lib/python3.10/site-packages/airflow/example_dags/example_bash_operator.py for tasks to queue
[2023-03-03T17:03:17.198+0100] {logging_mixin.py:137} INFO - [2023-03-03T17:03:17.198+0100] {dagbag.py:537} INFO - Filling up the DagBag from /Users/uab910/dev/nnam-poc/pyenv/lib/python3.10/site-packages/airflow/example_dags/example_bash_operator.py
[2023-03-03T17:03:17.274+0100] {processor.py:766} INFO - DAG(s) dict_keys(['example_bash_operator']) retrieved from /Users/uab910/dev/nnam-poc/pyenv/lib/python3.10/site-packages/airflow/example_dags/example_bash_operator.py
[2023-03-03T17:03:17.402+0100] {logging_mixin.py:137} INFO - [2023-03-03T17:03:17.402+0100] {dag.py:2585} INFO - Sync 1 DAGs
[2023-03-03T17:03:17.415+0100] {logging_mixin.py:137} INFO - [2023-03-03T17:03:17.415+0100] {dag.py:3336} INFO - Setting next_dagrun for example_bash_operator to 2023-03-02T00:00:00+00:00, run_after=2023-03-03T00:00:00+00:00
[2023-03-03T17:03:17.430+0100] {processor.py:176} INFO - Processing /Users/uab910/dev/nnam-poc/pyenv/lib/python3.10/site-packages/airflow/example_dags/example_bash_operator.py took 0.238 seconds
[2023-03-03T17:04:48.635+0100] {processor.py:154} INFO - Started process (PID=59622) to work on /Users/uab910/dev/nnam-poc/pyenv/lib/python3.10/site-packages/airflow/example_dags/example_bash_operator.py
[2023-03-03T17:04:48.641+0100] {processor.py:756} INFO - Processing file /Users/uab910/dev/nnam-poc/pyenv/lib/python3.10/site-packages/airflow/example_dags/example_bash_operator.py for tasks to queue
[2023-03-03T17:04:48.643+0100] {logging_mixin.py:137} INFO - [2023-03-03T17:04:48.643+0100] {dagbag.py:537} INFO - Filling up the DagBag from /Users/uab910/dev/nnam-poc/pyenv/lib/python3.10/site-packages/airflow/example_dags/example_bash_operator.py
[2023-03-03T17:04:48.726+0100] {processor.py:766} INFO - DAG(s) dict_keys(['example_bash_operator']) retrieved from /Users/uab910/dev/nnam-poc/pyenv/lib/python3.10/site-packages/airflow/example_dags/example_bash_operator.py
[2023-03-03T17:04:48.860+0100] {logging_mixin.py:137} INFO - [2023-03-03T17:04:48.860+0100] {dag.py:2585} INFO - Sync 1 DAGs
[2023-03-03T17:04:48.874+0100] {logging_mixin.py:137} INFO - [2023-03-03T17:04:48.874+0100] {dag.py:3336} INFO - Setting next_dagrun for example_bash_operator to 2023-03-02T00:00:00+00:00, run_after=2023-03-03T00:00:00+00:00
[2023-03-03T17:04:48.888+0100] {processor.py:176} INFO - Processing /Users/uab910/dev/nnam-poc/pyenv/lib/python3.10/site-packages/airflow/example_dags/example_bash_operator.py took 0.254 seconds
[2023-03-03T17:06:18.556+0100] {processor.py:154} INFO - Started process (PID=59670) to work on /Users/uab910/dev/nnam-poc/pyenv/lib/python3.10/site-packages/airflow/example_dags/example_bash_operator.py
[2023-03-03T17:06:18.564+0100] {processor.py:756} INFO - Processing file /Users/uab910/dev/nnam-poc/pyenv/lib/python3.10/site-packages/airflow/example_dags/example_bash_operator.py for tasks to queue
[2023-03-03T17:06:18.565+0100] {logging_mixin.py:137} INFO - [2023-03-03T17:06:18.565+0100] {dagbag.py:537} INFO - Filling up the DagBag from /Users/uab910/dev/nnam-poc/pyenv/lib/python3.10/site-packages/airflow/example_dags/example_bash_operator.py
[2023-03-03T17:06:18.933+0100] {processor.py:766} INFO - DAG(s) dict_keys(['example_bash_operator']) retrieved from /Users/uab910/dev/nnam-poc/pyenv/lib/python3.10/site-packages/airflow/example_dags/example_bash_operator.py
[2023-03-03T17:06:19.286+0100] {logging_mixin.py:137} INFO - [2023-03-03T17:06:19.285+0100] {dag.py:2585} INFO - Sync 1 DAGs
[2023-03-03T17:06:19.303+0100] {logging_mixin.py:137} INFO - [2023-03-03T17:06:19.303+0100] {dag.py:3336} INFO - Setting next_dagrun for example_bash_operator to 2023-03-02T00:00:00+00:00, run_after=2023-03-03T00:00:00+00:00
[2023-03-03T17:06:19.321+0100] {processor.py:176} INFO - Processing /Users/uab910/dev/nnam-poc/pyenv/lib/python3.10/site-packages/airflow/example_dags/example_bash_operator.py took 0.766 seconds
[2023-03-03T17:08:01.376+0100] {processor.py:154} INFO - Started process (PID=59733) to work on /Users/uab910/dev/nnam-poc/pyenv/lib/python3.10/site-packages/airflow/example_dags/example_bash_operator.py
[2023-03-03T17:08:01.382+0100] {processor.py:756} INFO - Processing file /Users/uab910/dev/nnam-poc/pyenv/lib/python3.10/site-packages/airflow/example_dags/example_bash_operator.py for tasks to queue
[2023-03-03T17:08:01.382+0100] {logging_mixin.py:137} INFO - [2023-03-03T17:08:01.382+0100] {dagbag.py:537} INFO - Filling up the DagBag from /Users/uab910/dev/nnam-poc/pyenv/lib/python3.10/site-packages/airflow/example_dags/example_bash_operator.py
[2023-03-03T17:08:01.457+0100] {processor.py:766} INFO - DAG(s) dict_keys(['example_bash_operator']) retrieved from /Users/uab910/dev/nnam-poc/pyenv/lib/python3.10/site-packages/airflow/example_dags/example_bash_operator.py
[2023-03-03T17:08:01.591+0100] {logging_mixin.py:137} INFO - [2023-03-03T17:08:01.591+0100] {dag.py:2585} INFO - Sync 1 DAGs
[2023-03-03T17:08:01.604+0100] {logging_mixin.py:137} INFO - [2023-03-03T17:08:01.604+0100] {dag.py:3336} INFO - Setting next_dagrun for example_bash_operator to 2023-03-02T00:00:00+00:00, run_after=2023-03-03T00:00:00+00:00
[2023-03-03T17:08:01.619+0100] {processor.py:176} INFO - Processing /Users/uab910/dev/nnam-poc/pyenv/lib/python3.10/site-packages/airflow/example_dags/example_bash_operator.py took 0.244 seconds
[2023-03-03T17:09:38.139+0100] {processor.py:154} INFO - Started process (PID=59792) to work on /Users/uab910/dev/nnam-poc/pyenv/lib/python3.10/site-packages/airflow/example_dags/example_bash_operator.py
[2023-03-03T17:09:38.145+0100] {processor.py:756} INFO - Processing file /Users/uab910/dev/nnam-poc/pyenv/lib/python3.10/site-packages/airflow/example_dags/example_bash_operator.py for tasks to queue
[2023-03-03T17:09:38.146+0100] {logging_mixin.py:137} INFO - [2023-03-03T17:09:38.146+0100] {dagbag.py:537} INFO - Filling up the DagBag from /Users/uab910/dev/nnam-poc/pyenv/lib/python3.10/site-packages/airflow/example_dags/example_bash_operator.py
[2023-03-03T17:09:38.229+0100] {processor.py:766} INFO - DAG(s) dict_keys(['example_bash_operator']) retrieved from /Users/uab910/dev/nnam-poc/pyenv/lib/python3.10/site-packages/airflow/example_dags/example_bash_operator.py
[2023-03-03T17:09:38.383+0100] {logging_mixin.py:137} INFO - [2023-03-03T17:09:38.383+0100] {dag.py:2585} INFO - Sync 1 DAGs
[2023-03-03T17:09:38.401+0100] {logging_mixin.py:137} INFO - [2023-03-03T17:09:38.400+0100] {dag.py:3336} INFO - Setting next_dagrun for example_bash_operator to 2023-03-02T00:00:00+00:00, run_after=2023-03-03T00:00:00+00:00
[2023-03-03T17:09:38.418+0100] {processor.py:176} INFO - Processing /Users/uab910/dev/nnam-poc/pyenv/lib/python3.10/site-packages/airflow/example_dags/example_bash_operator.py took 0.279 seconds
[2023-03-03T17:11:05.069+0100] {processor.py:154} INFO - Started process (PID=59840) to work on /Users/uab910/dev/nnam-poc/pyenv/lib/python3.10/site-packages/airflow/example_dags/example_bash_operator.py
[2023-03-03T17:11:05.074+0100] {processor.py:756} INFO - Processing file /Users/uab910/dev/nnam-poc/pyenv/lib/python3.10/site-packages/airflow/example_dags/example_bash_operator.py for tasks to queue
[2023-03-03T17:11:05.074+0100] {logging_mixin.py:137} INFO - [2023-03-03T17:11:05.074+0100] {dagbag.py:537} INFO - Filling up the DagBag from /Users/uab910/dev/nnam-poc/pyenv/lib/python3.10/site-packages/airflow/example_dags/example_bash_operator.py
[2023-03-03T17:11:05.146+0100] {processor.py:766} INFO - DAG(s) dict_keys(['example_bash_operator']) retrieved from /Users/uab910/dev/nnam-poc/pyenv/lib/python3.10/site-packages/airflow/example_dags/example_bash_operator.py
[2023-03-03T17:11:05.277+0100] {logging_mixin.py:137} INFO - [2023-03-03T17:11:05.277+0100] {dag.py:2585} INFO - Sync 1 DAGs
[2023-03-03T17:11:05.291+0100] {logging_mixin.py:137} INFO - [2023-03-03T17:11:05.291+0100] {dag.py:3336} INFO - Setting next_dagrun for example_bash_operator to 2023-03-02T00:00:00+00:00, run_after=2023-03-03T00:00:00+00:00
[2023-03-03T17:11:05.304+0100] {processor.py:176} INFO - Processing /Users/uab910/dev/nnam-poc/pyenv/lib/python3.10/site-packages/airflow/example_dags/example_bash_operator.py took 0.236 seconds
[2023-03-03T17:12:34.676+0100] {processor.py:154} INFO - Started process (PID=59904) to work on /Users/uab910/dev/nnam-poc/pyenv/lib/python3.10/site-packages/airflow/example_dags/example_bash_operator.py
[2023-03-03T17:12:34.682+0100] {processor.py:756} INFO - Processing file /Users/uab910/dev/nnam-poc/pyenv/lib/python3.10/site-packages/airflow/example_dags/example_bash_operator.py for tasks to queue
[2023-03-03T17:12:34.682+0100] {logging_mixin.py:137} INFO - [2023-03-03T17:12:34.682+0100] {dagbag.py:537} INFO - Filling up the DagBag from /Users/uab910/dev/nnam-poc/pyenv/lib/python3.10/site-packages/airflow/example_dags/example_bash_operator.py
[2023-03-03T17:12:34.765+0100] {processor.py:766} INFO - DAG(s) dict_keys(['example_bash_operator']) retrieved from /Users/uab910/dev/nnam-poc/pyenv/lib/python3.10/site-packages/airflow/example_dags/example_bash_operator.py
[2023-03-03T17:12:34.907+0100] {logging_mixin.py:137} INFO - [2023-03-03T17:12:34.907+0100] {dag.py:2585} INFO - Sync 1 DAGs
[2023-03-03T17:12:34.921+0100] {logging_mixin.py:137} INFO - [2023-03-03T17:12:34.921+0100] {dag.py:3336} INFO - Setting next_dagrun for example_bash_operator to 2023-03-02T00:00:00+00:00, run_after=2023-03-03T00:00:00+00:00
[2023-03-03T17:12:34.935+0100] {processor.py:176} INFO - Processing /Users/uab910/dev/nnam-poc/pyenv/lib/python3.10/site-packages/airflow/example_dags/example_bash_operator.py took 0.260 seconds
[2023-03-03T17:14:04.042+0100] {processor.py:154} INFO - Started process (PID=59986) to work on /Users/uab910/dev/nnam-poc/pyenv/lib/python3.10/site-packages/airflow/example_dags/example_bash_operator.py
[2023-03-03T17:14:04.048+0100] {processor.py:756} INFO - Processing file /Users/uab910/dev/nnam-poc/pyenv/lib/python3.10/site-packages/airflow/example_dags/example_bash_operator.py for tasks to queue
[2023-03-03T17:14:04.048+0100] {logging_mixin.py:137} INFO - [2023-03-03T17:14:04.048+0100] {dagbag.py:537} INFO - Filling up the DagBag from /Users/uab910/dev/nnam-poc/pyenv/lib/python3.10/site-packages/airflow/example_dags/example_bash_operator.py
[2023-03-03T17:14:04.137+0100] {processor.py:766} INFO - DAG(s) dict_keys(['example_bash_operator']) retrieved from /Users/uab910/dev/nnam-poc/pyenv/lib/python3.10/site-packages/airflow/example_dags/example_bash_operator.py
[2023-03-03T17:14:04.303+0100] {logging_mixin.py:137} INFO - [2023-03-03T17:14:04.303+0100] {dag.py:2585} INFO - Sync 1 DAGs
[2023-03-03T17:14:04.320+0100] {logging_mixin.py:137} INFO - [2023-03-03T17:14:04.320+0100] {dag.py:3336} INFO - Setting next_dagrun for example_bash_operator to 2023-03-02T00:00:00+00:00, run_after=2023-03-03T00:00:00+00:00
[2023-03-03T17:14:04.337+0100] {processor.py:176} INFO - Processing /Users/uab910/dev/nnam-poc/pyenv/lib/python3.10/site-packages/airflow/example_dags/example_bash_operator.py took 0.296 seconds
[2023-03-03T17:15:37.709+0100] {processor.py:154} INFO - Started process (PID=60041) to work on /Users/uab910/dev/nnam-poc/pyenv/lib/python3.10/site-packages/airflow/example_dags/example_bash_operator.py
[2023-03-03T17:15:37.714+0100] {processor.py:756} INFO - Processing file /Users/uab910/dev/nnam-poc/pyenv/lib/python3.10/site-packages/airflow/example_dags/example_bash_operator.py for tasks to queue
[2023-03-03T17:15:37.714+0100] {logging_mixin.py:137} INFO - [2023-03-03T17:15:37.714+0100] {dagbag.py:537} INFO - Filling up the DagBag from /Users/uab910/dev/nnam-poc/pyenv/lib/python3.10/site-packages/airflow/example_dags/example_bash_operator.py
[2023-03-03T17:15:37.792+0100] {processor.py:766} INFO - DAG(s) dict_keys(['example_bash_operator']) retrieved from /Users/uab910/dev/nnam-poc/pyenv/lib/python3.10/site-packages/airflow/example_dags/example_bash_operator.py
[2023-03-03T17:15:37.927+0100] {logging_mixin.py:137} INFO - [2023-03-03T17:15:37.927+0100] {dag.py:2585} INFO - Sync 1 DAGs
[2023-03-03T17:15:37.944+0100] {logging_mixin.py:137} INFO - [2023-03-03T17:15:37.944+0100] {dag.py:3336} INFO - Setting next_dagrun for example_bash_operator to 2023-03-02T00:00:00+00:00, run_after=2023-03-03T00:00:00+00:00
[2023-03-03T17:15:37.957+0100] {processor.py:176} INFO - Processing /Users/uab910/dev/nnam-poc/pyenv/lib/python3.10/site-packages/airflow/example_dags/example_bash_operator.py took 0.249 seconds
[2023-03-03T17:17:10.790+0100] {processor.py:154} INFO - Started process (PID=60096) to work on /Users/uab910/dev/nnam-poc/pyenv/lib/python3.10/site-packages/airflow/example_dags/example_bash_operator.py
[2023-03-03T17:17:10.795+0100] {processor.py:756} INFO - Processing file /Users/uab910/dev/nnam-poc/pyenv/lib/python3.10/site-packages/airflow/example_dags/example_bash_operator.py for tasks to queue
[2023-03-03T17:17:10.795+0100] {logging_mixin.py:137} INFO - [2023-03-03T17:17:10.795+0100] {dagbag.py:537} INFO - Filling up the DagBag from /Users/uab910/dev/nnam-poc/pyenv/lib/python3.10/site-packages/airflow/example_dags/example_bash_operator.py
[2023-03-03T17:17:10.876+0100] {processor.py:766} INFO - DAG(s) dict_keys(['example_bash_operator']) retrieved from /Users/uab910/dev/nnam-poc/pyenv/lib/python3.10/site-packages/airflow/example_dags/example_bash_operator.py
[2023-03-03T17:17:11.039+0100] {logging_mixin.py:137} INFO - [2023-03-03T17:17:11.039+0100] {dag.py:2585} INFO - Sync 1 DAGs
[2023-03-03T17:17:11.053+0100] {logging_mixin.py:137} INFO - [2023-03-03T17:17:11.053+0100] {dag.py:3336} INFO - Setting next_dagrun for example_bash_operator to 2023-03-02T00:00:00+00:00, run_after=2023-03-03T00:00:00+00:00
[2023-03-03T17:17:11.066+0100] {processor.py:176} INFO - Processing /Users/uab910/dev/nnam-poc/pyenv/lib/python3.10/site-packages/airflow/example_dags/example_bash_operator.py took 0.277 seconds
[2023-03-03T17:18:37.495+0100] {processor.py:154} INFO - Started process (PID=60147) to work on /Users/uab910/dev/nnam-poc/pyenv/lib/python3.10/site-packages/airflow/example_dags/example_bash_operator.py
[2023-03-03T17:18:37.500+0100] {processor.py:756} INFO - Processing file /Users/uab910/dev/nnam-poc/pyenv/lib/python3.10/site-packages/airflow/example_dags/example_bash_operator.py for tasks to queue
[2023-03-03T17:18:37.501+0100] {logging_mixin.py:137} INFO - [2023-03-03T17:18:37.501+0100] {dagbag.py:537} INFO - Filling up the DagBag from /Users/uab910/dev/nnam-poc/pyenv/lib/python3.10/site-packages/airflow/example_dags/example_bash_operator.py
[2023-03-03T17:18:37.591+0100] {processor.py:766} INFO - DAG(s) dict_keys(['example_bash_operator']) retrieved from /Users/uab910/dev/nnam-poc/pyenv/lib/python3.10/site-packages/airflow/example_dags/example_bash_operator.py
[2023-03-03T17:18:37.723+0100] {logging_mixin.py:137} INFO - [2023-03-03T17:18:37.722+0100] {dag.py:2585} INFO - Sync 1 DAGs
[2023-03-03T17:18:37.736+0100] {logging_mixin.py:137} INFO - [2023-03-03T17:18:37.736+0100] {dag.py:3336} INFO - Setting next_dagrun for example_bash_operator to 2023-03-02T00:00:00+00:00, run_after=2023-03-03T00:00:00+00:00
[2023-03-03T17:18:37.749+0100] {processor.py:176} INFO - Processing /Users/uab910/dev/nnam-poc/pyenv/lib/python3.10/site-packages/airflow/example_dags/example_bash_operator.py took 0.255 seconds
