[2023-03-03T16:01:03.837+0100] {processor.py:154} INFO - Started process (PID=57138) to work on /Users/uab910/dev/nnam-poc/pyenv/lib/python3.10/site-packages/airflow/example_dags/example_short_circuit_decorator.py
[2023-03-03T16:01:03.842+0100] {processor.py:756} INFO - Processing file /Users/uab910/dev/nnam-poc/pyenv/lib/python3.10/site-packages/airflow/example_dags/example_short_circuit_decorator.py for tasks to queue
[2023-03-03T16:01:03.843+0100] {logging_mixin.py:137} INFO - [2023-03-03T16:01:03.843+0100] {dagbag.py:537} INFO - Filling up the DagBag from /Users/uab910/dev/nnam-poc/pyenv/lib/python3.10/site-packages/airflow/example_dags/example_short_circuit_decorator.py
[2023-03-03T16:01:03.910+0100] {processor.py:766} INFO - DAG(s) dict_keys(['example_short_circuit_decorator']) retrieved from /Users/uab910/dev/nnam-poc/pyenv/lib/python3.10/site-packages/airflow/example_dags/example_short_circuit_decorator.py
[2023-03-03T16:01:05.098+0100] {logging_mixin.py:137} INFO - [2023-03-03T16:01:05.098+0100] {manager.py:507} INFO - Created Permission View: can delete on DAG:example_short_circuit_decorator
[2023-03-03T16:01:05.105+0100] {logging_mixin.py:137} INFO - [2023-03-03T16:01:05.105+0100] {manager.py:507} INFO - Created Permission View: can edit on DAG:example_short_circuit_decorator
[2023-03-03T16:01:05.112+0100] {logging_mixin.py:137} INFO - [2023-03-03T16:01:05.111+0100] {manager.py:507} INFO - Created Permission View: can read on DAG:example_short_circuit_decorator
[2023-03-03T16:01:05.112+0100] {logging_mixin.py:137} INFO - [2023-03-03T16:01:05.112+0100] {dag.py:2585} INFO - Sync 1 DAGs
[2023-03-03T16:01:05.121+0100] {logging_mixin.py:137} INFO - [2023-03-03T16:01:05.121+0100] {dag.py:2606} INFO - Creating ORM DAG for example_short_circuit_decorator
[2023-03-03T16:01:05.129+0100] {logging_mixin.py:137} INFO - [2023-03-03T16:01:05.129+0100] {dag.py:3336} INFO - Setting next_dagrun for example_short_circuit_decorator to 2023-03-02T15:01:05.129120+00:00, run_after=2023-03-03T15:01:05.129120+00:00
[2023-03-03T16:01:05.144+0100] {processor.py:176} INFO - Processing /Users/uab910/dev/nnam-poc/pyenv/lib/python3.10/site-packages/airflow/example_dags/example_short_circuit_decorator.py took 1.307 seconds
[2023-03-03T16:03:09.500+0100] {processor.py:154} INFO - Started process (PID=57235) to work on /Users/uab910/dev/nnam-poc/pyenv/lib/python3.10/site-packages/airflow/example_dags/example_short_circuit_decorator.py
[2023-03-03T16:03:09.508+0100] {processor.py:756} INFO - Processing file /Users/uab910/dev/nnam-poc/pyenv/lib/python3.10/site-packages/airflow/example_dags/example_short_circuit_decorator.py for tasks to queue
[2023-03-03T16:03:09.509+0100] {logging_mixin.py:137} INFO - [2023-03-03T16:03:09.509+0100] {dagbag.py:537} INFO - Filling up the DagBag from /Users/uab910/dev/nnam-poc/pyenv/lib/python3.10/site-packages/airflow/example_dags/example_short_circuit_decorator.py
[2023-03-03T16:03:09.608+0100] {processor.py:766} INFO - DAG(s) dict_keys(['example_short_circuit_decorator']) retrieved from /Users/uab910/dev/nnam-poc/pyenv/lib/python3.10/site-packages/airflow/example_dags/example_short_circuit_decorator.py
[2023-03-03T16:03:09.843+0100] {logging_mixin.py:137} INFO - [2023-03-03T16:03:09.843+0100] {dag.py:2585} INFO - Sync 1 DAGs
[2023-03-03T16:03:09.865+0100] {logging_mixin.py:137} INFO - [2023-03-03T16:03:09.865+0100] {dag.py:3336} INFO - Setting next_dagrun for example_short_circuit_decorator to 2023-03-02T15:03:09.864979+00:00, run_after=2023-03-03T15:03:09.864979+00:00
[2023-03-03T16:03:09.884+0100] {processor.py:176} INFO - Processing /Users/uab910/dev/nnam-poc/pyenv/lib/python3.10/site-packages/airflow/example_dags/example_short_circuit_decorator.py took 0.386 seconds
[2023-03-03T16:04:26.018+0100] {processor.py:154} INFO - Started process (PID=57294) to work on /Users/uab910/dev/nnam-poc/pyenv/lib/python3.10/site-packages/airflow/example_dags/example_short_circuit_decorator.py
[2023-03-03T16:04:26.023+0100] {processor.py:756} INFO - Processing file /Users/uab910/dev/nnam-poc/pyenv/lib/python3.10/site-packages/airflow/example_dags/example_short_circuit_decorator.py for tasks to queue
[2023-03-03T16:04:26.023+0100] {logging_mixin.py:137} INFO - [2023-03-03T16:04:26.023+0100] {dagbag.py:537} INFO - Filling up the DagBag from /Users/uab910/dev/nnam-poc/pyenv/lib/python3.10/site-packages/airflow/example_dags/example_short_circuit_decorator.py
[2023-03-03T16:04:26.081+0100] {processor.py:766} INFO - DAG(s) dict_keys(['example_short_circuit_decorator']) retrieved from /Users/uab910/dev/nnam-poc/pyenv/lib/python3.10/site-packages/airflow/example_dags/example_short_circuit_decorator.py
[2023-03-03T16:04:26.242+0100] {logging_mixin.py:137} INFO - [2023-03-03T16:04:26.241+0100] {dag.py:2585} INFO - Sync 1 DAGs
[2023-03-03T16:04:26.255+0100] {logging_mixin.py:137} INFO - [2023-03-03T16:04:26.255+0100] {dag.py:3336} INFO - Setting next_dagrun for example_short_circuit_decorator to 2023-03-02T15:04:26.255609+00:00, run_after=2023-03-03T15:04:26.255609+00:00
[2023-03-03T16:04:26.271+0100] {processor.py:176} INFO - Processing /Users/uab910/dev/nnam-poc/pyenv/lib/python3.10/site-packages/airflow/example_dags/example_short_circuit_decorator.py took 0.254 seconds
[2023-03-03T16:05:39.743+0100] {processor.py:154} INFO - Started process (PID=57341) to work on /Users/uab910/dev/nnam-poc/pyenv/lib/python3.10/site-packages/airflow/example_dags/example_short_circuit_decorator.py
[2023-03-03T16:05:39.749+0100] {processor.py:756} INFO - Processing file /Users/uab910/dev/nnam-poc/pyenv/lib/python3.10/site-packages/airflow/example_dags/example_short_circuit_decorator.py for tasks to queue
[2023-03-03T16:05:39.749+0100] {logging_mixin.py:137} INFO - [2023-03-03T16:05:39.749+0100] {dagbag.py:537} INFO - Filling up the DagBag from /Users/uab910/dev/nnam-poc/pyenv/lib/python3.10/site-packages/airflow/example_dags/example_short_circuit_decorator.py
[2023-03-03T16:05:39.817+0100] {processor.py:766} INFO - DAG(s) dict_keys(['example_short_circuit_decorator']) retrieved from /Users/uab910/dev/nnam-poc/pyenv/lib/python3.10/site-packages/airflow/example_dags/example_short_circuit_decorator.py
[2023-03-03T16:05:40.002+0100] {logging_mixin.py:137} INFO - [2023-03-03T16:05:40.002+0100] {dag.py:2585} INFO - Sync 1 DAGs
[2023-03-03T16:05:40.016+0100] {logging_mixin.py:137} INFO - [2023-03-03T16:05:40.016+0100] {dag.py:3336} INFO - Setting next_dagrun for example_short_circuit_decorator to 2023-03-02T15:05:40.016317+00:00, run_after=2023-03-03T15:05:40.016317+00:00
[2023-03-03T16:05:40.032+0100] {processor.py:176} INFO - Processing /Users/uab910/dev/nnam-poc/pyenv/lib/python3.10/site-packages/airflow/example_dags/example_short_circuit_decorator.py took 0.290 seconds
[2023-03-03T16:07:01.394+0100] {processor.py:154} INFO - Started process (PID=57393) to work on /Users/uab910/dev/nnam-poc/pyenv/lib/python3.10/site-packages/airflow/example_dags/example_short_circuit_decorator.py
[2023-03-03T16:07:01.401+0100] {processor.py:756} INFO - Processing file /Users/uab910/dev/nnam-poc/pyenv/lib/python3.10/site-packages/airflow/example_dags/example_short_circuit_decorator.py for tasks to queue
[2023-03-03T16:07:01.401+0100] {logging_mixin.py:137} INFO - [2023-03-03T16:07:01.401+0100] {dagbag.py:537} INFO - Filling up the DagBag from /Users/uab910/dev/nnam-poc/pyenv/lib/python3.10/site-packages/airflow/example_dags/example_short_circuit_decorator.py
[2023-03-03T16:07:01.488+0100] {processor.py:766} INFO - DAG(s) dict_keys(['example_short_circuit_decorator']) retrieved from /Users/uab910/dev/nnam-poc/pyenv/lib/python3.10/site-packages/airflow/example_dags/example_short_circuit_decorator.py
[2023-03-03T16:07:01.757+0100] {logging_mixin.py:137} INFO - [2023-03-03T16:07:01.756+0100] {dag.py:2585} INFO - Sync 1 DAGs
[2023-03-03T16:07:01.788+0100] {logging_mixin.py:137} INFO - [2023-03-03T16:07:01.788+0100] {dag.py:3336} INFO - Setting next_dagrun for example_short_circuit_decorator to 2023-03-02T15:07:01.787921+00:00, run_after=2023-03-03T15:07:01.787921+00:00
[2023-03-03T16:07:01.823+0100] {processor.py:176} INFO - Processing /Users/uab910/dev/nnam-poc/pyenv/lib/python3.10/site-packages/airflow/example_dags/example_short_circuit_decorator.py took 0.430 seconds
[2023-03-03T16:08:21.453+0100] {processor.py:154} INFO - Started process (PID=57441) to work on /Users/uab910/dev/nnam-poc/pyenv/lib/python3.10/site-packages/airflow/example_dags/example_short_circuit_decorator.py
[2023-03-03T16:08:21.459+0100] {processor.py:756} INFO - Processing file /Users/uab910/dev/nnam-poc/pyenv/lib/python3.10/site-packages/airflow/example_dags/example_short_circuit_decorator.py for tasks to queue
[2023-03-03T16:08:21.459+0100] {logging_mixin.py:137} INFO - [2023-03-03T16:08:21.459+0100] {dagbag.py:537} INFO - Filling up the DagBag from /Users/uab910/dev/nnam-poc/pyenv/lib/python3.10/site-packages/airflow/example_dags/example_short_circuit_decorator.py
[2023-03-03T16:08:21.520+0100] {processor.py:766} INFO - DAG(s) dict_keys(['example_short_circuit_decorator']) retrieved from /Users/uab910/dev/nnam-poc/pyenv/lib/python3.10/site-packages/airflow/example_dags/example_short_circuit_decorator.py
[2023-03-03T16:08:21.680+0100] {logging_mixin.py:137} INFO - [2023-03-03T16:08:21.680+0100] {dag.py:2585} INFO - Sync 1 DAGs
[2023-03-03T16:08:21.694+0100] {logging_mixin.py:137} INFO - [2023-03-03T16:08:21.694+0100] {dag.py:3336} INFO - Setting next_dagrun for example_short_circuit_decorator to 2023-03-02T15:08:21.694580+00:00, run_after=2023-03-03T15:08:21.694580+00:00
[2023-03-03T16:08:21.710+0100] {processor.py:176} INFO - Processing /Users/uab910/dev/nnam-poc/pyenv/lib/python3.10/site-packages/airflow/example_dags/example_short_circuit_decorator.py took 0.258 seconds
[2023-03-03T16:09:38.098+0100] {processor.py:154} INFO - Started process (PID=57497) to work on /Users/uab910/dev/nnam-poc/pyenv/lib/python3.10/site-packages/airflow/example_dags/example_short_circuit_decorator.py
[2023-03-03T16:09:38.104+0100] {processor.py:756} INFO - Processing file /Users/uab910/dev/nnam-poc/pyenv/lib/python3.10/site-packages/airflow/example_dags/example_short_circuit_decorator.py for tasks to queue
[2023-03-03T16:09:38.105+0100] {logging_mixin.py:137} INFO - [2023-03-03T16:09:38.104+0100] {dagbag.py:537} INFO - Filling up the DagBag from /Users/uab910/dev/nnam-poc/pyenv/lib/python3.10/site-packages/airflow/example_dags/example_short_circuit_decorator.py
[2023-03-03T16:09:38.171+0100] {processor.py:766} INFO - DAG(s) dict_keys(['example_short_circuit_decorator']) retrieved from /Users/uab910/dev/nnam-poc/pyenv/lib/python3.10/site-packages/airflow/example_dags/example_short_circuit_decorator.py
[2023-03-03T16:09:38.340+0100] {logging_mixin.py:137} INFO - [2023-03-03T16:09:38.339+0100] {dag.py:2585} INFO - Sync 1 DAGs
[2023-03-03T16:09:38.355+0100] {logging_mixin.py:137} INFO - [2023-03-03T16:09:38.355+0100] {dag.py:3336} INFO - Setting next_dagrun for example_short_circuit_decorator to 2023-03-02T15:09:38.354981+00:00, run_after=2023-03-03T15:09:38.354981+00:00
[2023-03-03T16:09:38.371+0100] {processor.py:176} INFO - Processing /Users/uab910/dev/nnam-poc/pyenv/lib/python3.10/site-packages/airflow/example_dags/example_short_circuit_decorator.py took 0.275 seconds
[2023-03-03T16:10:54.368+0100] {processor.py:154} INFO - Started process (PID=57543) to work on /Users/uab910/dev/nnam-poc/pyenv/lib/python3.10/site-packages/airflow/example_dags/example_short_circuit_decorator.py
[2023-03-03T16:10:54.374+0100] {processor.py:756} INFO - Processing file /Users/uab910/dev/nnam-poc/pyenv/lib/python3.10/site-packages/airflow/example_dags/example_short_circuit_decorator.py for tasks to queue
[2023-03-03T16:10:54.374+0100] {logging_mixin.py:137} INFO - [2023-03-03T16:10:54.374+0100] {dagbag.py:537} INFO - Filling up the DagBag from /Users/uab910/dev/nnam-poc/pyenv/lib/python3.10/site-packages/airflow/example_dags/example_short_circuit_decorator.py
[2023-03-03T16:10:54.437+0100] {processor.py:766} INFO - DAG(s) dict_keys(['example_short_circuit_decorator']) retrieved from /Users/uab910/dev/nnam-poc/pyenv/lib/python3.10/site-packages/airflow/example_dags/example_short_circuit_decorator.py
[2023-03-03T16:10:54.605+0100] {logging_mixin.py:137} INFO - [2023-03-03T16:10:54.605+0100] {dag.py:2585} INFO - Sync 1 DAGs
[2023-03-03T16:10:54.619+0100] {logging_mixin.py:137} INFO - [2023-03-03T16:10:54.619+0100] {dag.py:3336} INFO - Setting next_dagrun for example_short_circuit_decorator to 2023-03-02T15:10:54.619425+00:00, run_after=2023-03-03T15:10:54.619425+00:00
[2023-03-03T16:10:54.635+0100] {processor.py:176} INFO - Processing /Users/uab910/dev/nnam-poc/pyenv/lib/python3.10/site-packages/airflow/example_dags/example_short_circuit_decorator.py took 0.268 seconds
[2023-03-03T16:12:13.134+0100] {processor.py:154} INFO - Started process (PID=57582) to work on /Users/uab910/dev/nnam-poc/pyenv/lib/python3.10/site-packages/airflow/example_dags/example_short_circuit_decorator.py
[2023-03-03T16:12:13.141+0100] {processor.py:756} INFO - Processing file /Users/uab910/dev/nnam-poc/pyenv/lib/python3.10/site-packages/airflow/example_dags/example_short_circuit_decorator.py for tasks to queue
[2023-03-03T16:12:13.141+0100] {logging_mixin.py:137} INFO - [2023-03-03T16:12:13.141+0100] {dagbag.py:537} INFO - Filling up the DagBag from /Users/uab910/dev/nnam-poc/pyenv/lib/python3.10/site-packages/airflow/example_dags/example_short_circuit_decorator.py
[2023-03-03T16:12:13.205+0100] {processor.py:766} INFO - DAG(s) dict_keys(['example_short_circuit_decorator']) retrieved from /Users/uab910/dev/nnam-poc/pyenv/lib/python3.10/site-packages/airflow/example_dags/example_short_circuit_decorator.py
[2023-03-03T16:12:13.373+0100] {logging_mixin.py:137} INFO - [2023-03-03T16:12:13.373+0100] {dag.py:2585} INFO - Sync 1 DAGs
[2023-03-03T16:12:13.389+0100] {logging_mixin.py:137} INFO - [2023-03-03T16:12:13.389+0100] {dag.py:3336} INFO - Setting next_dagrun for example_short_circuit_decorator to 2023-03-02T15:12:13.389052+00:00, run_after=2023-03-03T15:12:13.389052+00:00
[2023-03-03T16:12:13.407+0100] {processor.py:176} INFO - Processing /Users/uab910/dev/nnam-poc/pyenv/lib/python3.10/site-packages/airflow/example_dags/example_short_circuit_decorator.py took 0.273 seconds
[2023-03-03T16:13:25.761+0100] {processor.py:154} INFO - Started process (PID=57620) to work on /Users/uab910/dev/nnam-poc/pyenv/lib/python3.10/site-packages/airflow/example_dags/example_short_circuit_decorator.py
[2023-03-03T16:13:25.766+0100] {processor.py:756} INFO - Processing file /Users/uab910/dev/nnam-poc/pyenv/lib/python3.10/site-packages/airflow/example_dags/example_short_circuit_decorator.py for tasks to queue
[2023-03-03T16:13:25.766+0100] {logging_mixin.py:137} INFO - [2023-03-03T16:13:25.766+0100] {dagbag.py:537} INFO - Filling up the DagBag from /Users/uab910/dev/nnam-poc/pyenv/lib/python3.10/site-packages/airflow/example_dags/example_short_circuit_decorator.py
[2023-03-03T16:13:25.825+0100] {processor.py:766} INFO - DAG(s) dict_keys(['example_short_circuit_decorator']) retrieved from /Users/uab910/dev/nnam-poc/pyenv/lib/python3.10/site-packages/airflow/example_dags/example_short_circuit_decorator.py
[2023-03-03T16:13:25.989+0100] {logging_mixin.py:137} INFO - [2023-03-03T16:13:25.989+0100] {dag.py:2585} INFO - Sync 1 DAGs
[2023-03-03T16:13:26.004+0100] {logging_mixin.py:137} INFO - [2023-03-03T16:13:26.004+0100] {dag.py:3336} INFO - Setting next_dagrun for example_short_circuit_decorator to 2023-03-02T15:13:26.004184+00:00, run_after=2023-03-03T15:13:26.004184+00:00
[2023-03-03T16:13:26.022+0100] {processor.py:176} INFO - Processing /Users/uab910/dev/nnam-poc/pyenv/lib/python3.10/site-packages/airflow/example_dags/example_short_circuit_decorator.py took 0.261 seconds
[2023-03-03T16:14:41.755+0100] {processor.py:154} INFO - Started process (PID=57683) to work on /Users/uab910/dev/nnam-poc/pyenv/lib/python3.10/site-packages/airflow/example_dags/example_short_circuit_decorator.py
[2023-03-03T16:14:41.759+0100] {processor.py:756} INFO - Processing file /Users/uab910/dev/nnam-poc/pyenv/lib/python3.10/site-packages/airflow/example_dags/example_short_circuit_decorator.py for tasks to queue
[2023-03-03T16:14:41.760+0100] {logging_mixin.py:137} INFO - [2023-03-03T16:14:41.760+0100] {dagbag.py:537} INFO - Filling up the DagBag from /Users/uab910/dev/nnam-poc/pyenv/lib/python3.10/site-packages/airflow/example_dags/example_short_circuit_decorator.py
[2023-03-03T16:14:41.816+0100] {processor.py:766} INFO - DAG(s) dict_keys(['example_short_circuit_decorator']) retrieved from /Users/uab910/dev/nnam-poc/pyenv/lib/python3.10/site-packages/airflow/example_dags/example_short_circuit_decorator.py
[2023-03-03T16:14:41.995+0100] {logging_mixin.py:137} INFO - [2023-03-03T16:14:41.995+0100] {dag.py:2585} INFO - Sync 1 DAGs
[2023-03-03T16:14:42.009+0100] {logging_mixin.py:137} INFO - [2023-03-03T16:14:42.009+0100] {dag.py:3336} INFO - Setting next_dagrun for example_short_circuit_decorator to 2023-03-02T15:14:42.009313+00:00, run_after=2023-03-03T15:14:42.009313+00:00
[2023-03-03T16:14:42.024+0100] {processor.py:176} INFO - Processing /Users/uab910/dev/nnam-poc/pyenv/lib/python3.10/site-packages/airflow/example_dags/example_short_circuit_decorator.py took 0.270 seconds
[2023-03-03T16:15:59.380+0100] {processor.py:154} INFO - Started process (PID=57746) to work on /Users/uab910/dev/nnam-poc/pyenv/lib/python3.10/site-packages/airflow/example_dags/example_short_circuit_decorator.py
[2023-03-03T16:15:59.386+0100] {processor.py:756} INFO - Processing file /Users/uab910/dev/nnam-poc/pyenv/lib/python3.10/site-packages/airflow/example_dags/example_short_circuit_decorator.py for tasks to queue
[2023-03-03T16:15:59.387+0100] {logging_mixin.py:137} INFO - [2023-03-03T16:15:59.387+0100] {dagbag.py:537} INFO - Filling up the DagBag from /Users/uab910/dev/nnam-poc/pyenv/lib/python3.10/site-packages/airflow/example_dags/example_short_circuit_decorator.py
[2023-03-03T16:15:59.451+0100] {processor.py:766} INFO - DAG(s) dict_keys(['example_short_circuit_decorator']) retrieved from /Users/uab910/dev/nnam-poc/pyenv/lib/python3.10/site-packages/airflow/example_dags/example_short_circuit_decorator.py
[2023-03-03T16:15:59.610+0100] {logging_mixin.py:137} INFO - [2023-03-03T16:15:59.610+0100] {dag.py:2585} INFO - Sync 1 DAGs
[2023-03-03T16:15:59.624+0100] {logging_mixin.py:137} INFO - [2023-03-03T16:15:59.624+0100] {dag.py:3336} INFO - Setting next_dagrun for example_short_circuit_decorator to 2023-03-02T15:15:59.624512+00:00, run_after=2023-03-03T15:15:59.624512+00:00
[2023-03-03T16:15:59.640+0100] {processor.py:176} INFO - Processing /Users/uab910/dev/nnam-poc/pyenv/lib/python3.10/site-packages/airflow/example_dags/example_short_circuit_decorator.py took 0.261 seconds
[2023-03-03T16:17:19.309+0100] {processor.py:154} INFO - Started process (PID=57835) to work on /Users/uab910/dev/nnam-poc/pyenv/lib/python3.10/site-packages/airflow/example_dags/example_short_circuit_decorator.py
[2023-03-03T16:17:19.315+0100] {processor.py:756} INFO - Processing file /Users/uab910/dev/nnam-poc/pyenv/lib/python3.10/site-packages/airflow/example_dags/example_short_circuit_decorator.py for tasks to queue
[2023-03-03T16:17:19.316+0100] {logging_mixin.py:137} INFO - [2023-03-03T16:17:19.316+0100] {dagbag.py:537} INFO - Filling up the DagBag from /Users/uab910/dev/nnam-poc/pyenv/lib/python3.10/site-packages/airflow/example_dags/example_short_circuit_decorator.py
[2023-03-03T16:17:19.384+0100] {processor.py:766} INFO - DAG(s) dict_keys(['example_short_circuit_decorator']) retrieved from /Users/uab910/dev/nnam-poc/pyenv/lib/python3.10/site-packages/airflow/example_dags/example_short_circuit_decorator.py
[2023-03-03T16:17:19.574+0100] {logging_mixin.py:137} INFO - [2023-03-03T16:17:19.573+0100] {dag.py:2585} INFO - Sync 1 DAGs
[2023-03-03T16:17:19.591+0100] {logging_mixin.py:137} INFO - [2023-03-03T16:17:19.591+0100] {dag.py:3336} INFO - Setting next_dagrun for example_short_circuit_decorator to 2023-03-02T15:17:19.591466+00:00, run_after=2023-03-03T15:17:19.591466+00:00
[2023-03-03T16:17:19.609+0100] {processor.py:176} INFO - Processing /Users/uab910/dev/nnam-poc/pyenv/lib/python3.10/site-packages/airflow/example_dags/example_short_circuit_decorator.py took 0.301 seconds
[2023-03-03T16:18:38.493+0100] {processor.py:154} INFO - Started process (PID=57891) to work on /Users/uab910/dev/nnam-poc/pyenv/lib/python3.10/site-packages/airflow/example_dags/example_short_circuit_decorator.py
[2023-03-03T16:18:38.499+0100] {processor.py:756} INFO - Processing file /Users/uab910/dev/nnam-poc/pyenv/lib/python3.10/site-packages/airflow/example_dags/example_short_circuit_decorator.py for tasks to queue
[2023-03-03T16:18:38.499+0100] {logging_mixin.py:137} INFO - [2023-03-03T16:18:38.499+0100] {dagbag.py:537} INFO - Filling up the DagBag from /Users/uab910/dev/nnam-poc/pyenv/lib/python3.10/site-packages/airflow/example_dags/example_short_circuit_decorator.py
[2023-03-03T16:18:38.566+0100] {processor.py:766} INFO - DAG(s) dict_keys(['example_short_circuit_decorator']) retrieved from /Users/uab910/dev/nnam-poc/pyenv/lib/python3.10/site-packages/airflow/example_dags/example_short_circuit_decorator.py
[2023-03-03T16:18:38.742+0100] {logging_mixin.py:137} INFO - [2023-03-03T16:18:38.742+0100] {dag.py:2585} INFO - Sync 1 DAGs
[2023-03-03T16:18:38.757+0100] {logging_mixin.py:137} INFO - [2023-03-03T16:18:38.757+0100] {dag.py:3336} INFO - Setting next_dagrun for example_short_circuit_decorator to 2023-03-02T15:18:38.757285+00:00, run_after=2023-03-03T15:18:38.757285+00:00
[2023-03-03T16:18:38.774+0100] {processor.py:176} INFO - Processing /Users/uab910/dev/nnam-poc/pyenv/lib/python3.10/site-packages/airflow/example_dags/example_short_circuit_decorator.py took 0.282 seconds
[2023-03-03T16:19:55.586+0100] {processor.py:154} INFO - Started process (PID=57946) to work on /Users/uab910/dev/nnam-poc/pyenv/lib/python3.10/site-packages/airflow/example_dags/example_short_circuit_decorator.py
[2023-03-03T16:19:55.592+0100] {processor.py:756} INFO - Processing file /Users/uab910/dev/nnam-poc/pyenv/lib/python3.10/site-packages/airflow/example_dags/example_short_circuit_decorator.py for tasks to queue
[2023-03-03T16:19:55.593+0100] {logging_mixin.py:137} INFO - [2023-03-03T16:19:55.593+0100] {dagbag.py:537} INFO - Filling up the DagBag from /Users/uab910/dev/nnam-poc/pyenv/lib/python3.10/site-packages/airflow/example_dags/example_short_circuit_decorator.py
[2023-03-03T16:19:55.655+0100] {processor.py:766} INFO - DAG(s) dict_keys(['example_short_circuit_decorator']) retrieved from /Users/uab910/dev/nnam-poc/pyenv/lib/python3.10/site-packages/airflow/example_dags/example_short_circuit_decorator.py
[2023-03-03T16:19:55.827+0100] {logging_mixin.py:137} INFO - [2023-03-03T16:19:55.827+0100] {dag.py:2585} INFO - Sync 1 DAGs
[2023-03-03T16:19:55.843+0100] {logging_mixin.py:137} INFO - [2023-03-03T16:19:55.843+0100] {dag.py:3336} INFO - Setting next_dagrun for example_short_circuit_decorator to 2023-03-02T15:19:55.842919+00:00, run_after=2023-03-03T15:19:55.842919+00:00
[2023-03-03T16:19:55.860+0100] {processor.py:176} INFO - Processing /Users/uab910/dev/nnam-poc/pyenv/lib/python3.10/site-packages/airflow/example_dags/example_short_circuit_decorator.py took 0.275 seconds
[2023-03-03T16:21:11.449+0100] {processor.py:154} INFO - Started process (PID=58026) to work on /Users/uab910/dev/nnam-poc/pyenv/lib/python3.10/site-packages/airflow/example_dags/example_short_circuit_decorator.py
[2023-03-03T16:21:11.455+0100] {processor.py:756} INFO - Processing file /Users/uab910/dev/nnam-poc/pyenv/lib/python3.10/site-packages/airflow/example_dags/example_short_circuit_decorator.py for tasks to queue
[2023-03-03T16:21:11.455+0100] {logging_mixin.py:137} INFO - [2023-03-03T16:21:11.455+0100] {dagbag.py:537} INFO - Filling up the DagBag from /Users/uab910/dev/nnam-poc/pyenv/lib/python3.10/site-packages/airflow/example_dags/example_short_circuit_decorator.py
[2023-03-03T16:21:11.523+0100] {processor.py:766} INFO - DAG(s) dict_keys(['example_short_circuit_decorator']) retrieved from /Users/uab910/dev/nnam-poc/pyenv/lib/python3.10/site-packages/airflow/example_dags/example_short_circuit_decorator.py
[2023-03-03T16:21:11.716+0100] {logging_mixin.py:137} INFO - [2023-03-03T16:21:11.715+0100] {dag.py:2585} INFO - Sync 1 DAGs
[2023-03-03T16:21:11.733+0100] {logging_mixin.py:137} INFO - [2023-03-03T16:21:11.732+0100] {dag.py:3336} INFO - Setting next_dagrun for example_short_circuit_decorator to 2023-03-02T15:21:11.732767+00:00, run_after=2023-03-03T15:21:11.732767+00:00
[2023-03-03T16:21:11.751+0100] {processor.py:176} INFO - Processing /Users/uab910/dev/nnam-poc/pyenv/lib/python3.10/site-packages/airflow/example_dags/example_short_circuit_decorator.py took 0.302 seconds
[2023-03-03T16:22:34.701+0100] {processor.py:154} INFO - Started process (PID=58087) to work on /Users/uab910/dev/nnam-poc/pyenv/lib/python3.10/site-packages/airflow/example_dags/example_short_circuit_decorator.py
[2023-03-03T16:22:34.706+0100] {processor.py:756} INFO - Processing file /Users/uab910/dev/nnam-poc/pyenv/lib/python3.10/site-packages/airflow/example_dags/example_short_circuit_decorator.py for tasks to queue
[2023-03-03T16:22:34.706+0100] {logging_mixin.py:137} INFO - [2023-03-03T16:22:34.706+0100] {dagbag.py:537} INFO - Filling up the DagBag from /Users/uab910/dev/nnam-poc/pyenv/lib/python3.10/site-packages/airflow/example_dags/example_short_circuit_decorator.py
[2023-03-03T16:22:34.774+0100] {processor.py:766} INFO - DAG(s) dict_keys(['example_short_circuit_decorator']) retrieved from /Users/uab910/dev/nnam-poc/pyenv/lib/python3.10/site-packages/airflow/example_dags/example_short_circuit_decorator.py
[2023-03-03T16:22:34.936+0100] {logging_mixin.py:137} INFO - [2023-03-03T16:22:34.936+0100] {dag.py:2585} INFO - Sync 1 DAGs
[2023-03-03T16:22:34.951+0100] {logging_mixin.py:137} INFO - [2023-03-03T16:22:34.950+0100] {dag.py:3336} INFO - Setting next_dagrun for example_short_circuit_decorator to 2023-03-02T15:22:34.950790+00:00, run_after=2023-03-03T15:22:34.950790+00:00
[2023-03-03T16:22:34.966+0100] {processor.py:176} INFO - Processing /Users/uab910/dev/nnam-poc/pyenv/lib/python3.10/site-packages/airflow/example_dags/example_short_circuit_decorator.py took 0.266 seconds
[2023-03-03T16:23:49.883+0100] {processor.py:154} INFO - Started process (PID=58167) to work on /Users/uab910/dev/nnam-poc/pyenv/lib/python3.10/site-packages/airflow/example_dags/example_short_circuit_decorator.py
[2023-03-03T16:23:49.888+0100] {processor.py:756} INFO - Processing file /Users/uab910/dev/nnam-poc/pyenv/lib/python3.10/site-packages/airflow/example_dags/example_short_circuit_decorator.py for tasks to queue
[2023-03-03T16:23:49.889+0100] {logging_mixin.py:137} INFO - [2023-03-03T16:23:49.889+0100] {dagbag.py:537} INFO - Filling up the DagBag from /Users/uab910/dev/nnam-poc/pyenv/lib/python3.10/site-packages/airflow/example_dags/example_short_circuit_decorator.py
[2023-03-03T16:23:49.955+0100] {processor.py:766} INFO - DAG(s) dict_keys(['example_short_circuit_decorator']) retrieved from /Users/uab910/dev/nnam-poc/pyenv/lib/python3.10/site-packages/airflow/example_dags/example_short_circuit_decorator.py
[2023-03-03T16:23:50.115+0100] {logging_mixin.py:137} INFO - [2023-03-03T16:23:50.115+0100] {dag.py:2585} INFO - Sync 1 DAGs
[2023-03-03T16:23:50.128+0100] {logging_mixin.py:137} INFO - [2023-03-03T16:23:50.128+0100] {dag.py:3336} INFO - Setting next_dagrun for example_short_circuit_decorator to 2023-03-02T15:23:50.128699+00:00, run_after=2023-03-03T15:23:50.128699+00:00
[2023-03-03T16:23:50.143+0100] {processor.py:176} INFO - Processing /Users/uab910/dev/nnam-poc/pyenv/lib/python3.10/site-packages/airflow/example_dags/example_short_circuit_decorator.py took 0.261 seconds
[2023-03-03T16:25:06.099+0100] {processor.py:154} INFO - Started process (PID=58215) to work on /Users/uab910/dev/nnam-poc/pyenv/lib/python3.10/site-packages/airflow/example_dags/example_short_circuit_decorator.py
[2023-03-03T16:25:06.104+0100] {processor.py:756} INFO - Processing file /Users/uab910/dev/nnam-poc/pyenv/lib/python3.10/site-packages/airflow/example_dags/example_short_circuit_decorator.py for tasks to queue
[2023-03-03T16:25:06.104+0100] {logging_mixin.py:137} INFO - [2023-03-03T16:25:06.104+0100] {dagbag.py:537} INFO - Filling up the DagBag from /Users/uab910/dev/nnam-poc/pyenv/lib/python3.10/site-packages/airflow/example_dags/example_short_circuit_decorator.py
[2023-03-03T16:25:06.165+0100] {processor.py:766} INFO - DAG(s) dict_keys(['example_short_circuit_decorator']) retrieved from /Users/uab910/dev/nnam-poc/pyenv/lib/python3.10/site-packages/airflow/example_dags/example_short_circuit_decorator.py
[2023-03-03T16:25:06.331+0100] {logging_mixin.py:137} INFO - [2023-03-03T16:25:06.331+0100] {dag.py:2585} INFO - Sync 1 DAGs
[2023-03-03T16:25:06.344+0100] {logging_mixin.py:137} INFO - [2023-03-03T16:25:06.344+0100] {dag.py:3336} INFO - Setting next_dagrun for example_short_circuit_decorator to 2023-03-02T15:25:06.344474+00:00, run_after=2023-03-03T15:25:06.344474+00:00
[2023-03-03T16:25:06.358+0100] {processor.py:176} INFO - Processing /Users/uab910/dev/nnam-poc/pyenv/lib/python3.10/site-packages/airflow/example_dags/example_short_circuit_decorator.py took 0.260 seconds
[2023-03-03T16:26:20.789+0100] {processor.py:154} INFO - Started process (PID=58254) to work on /Users/uab910/dev/nnam-poc/pyenv/lib/python3.10/site-packages/airflow/example_dags/example_short_circuit_decorator.py
[2023-03-03T16:26:20.794+0100] {processor.py:756} INFO - Processing file /Users/uab910/dev/nnam-poc/pyenv/lib/python3.10/site-packages/airflow/example_dags/example_short_circuit_decorator.py for tasks to queue
[2023-03-03T16:26:20.795+0100] {logging_mixin.py:137} INFO - [2023-03-03T16:26:20.795+0100] {dagbag.py:537} INFO - Filling up the DagBag from /Users/uab910/dev/nnam-poc/pyenv/lib/python3.10/site-packages/airflow/example_dags/example_short_circuit_decorator.py
[2023-03-03T16:26:20.859+0100] {processor.py:766} INFO - DAG(s) dict_keys(['example_short_circuit_decorator']) retrieved from /Users/uab910/dev/nnam-poc/pyenv/lib/python3.10/site-packages/airflow/example_dags/example_short_circuit_decorator.py
[2023-03-03T16:26:21.053+0100] {logging_mixin.py:137} INFO - [2023-03-03T16:26:21.052+0100] {dag.py:2585} INFO - Sync 1 DAGs
[2023-03-03T16:26:21.067+0100] {logging_mixin.py:137} INFO - [2023-03-03T16:26:21.067+0100] {dag.py:3336} INFO - Setting next_dagrun for example_short_circuit_decorator to 2023-03-02T15:26:21.067249+00:00, run_after=2023-03-03T15:26:21.067249+00:00
[2023-03-03T16:26:21.081+0100] {processor.py:176} INFO - Processing /Users/uab910/dev/nnam-poc/pyenv/lib/python3.10/site-packages/airflow/example_dags/example_short_circuit_decorator.py took 0.293 seconds
[2023-03-03T16:27:35.354+0100] {processor.py:154} INFO - Started process (PID=58304) to work on /Users/uab910/dev/nnam-poc/pyenv/lib/python3.10/site-packages/airflow/example_dags/example_short_circuit_decorator.py
[2023-03-03T16:27:35.359+0100] {processor.py:756} INFO - Processing file /Users/uab910/dev/nnam-poc/pyenv/lib/python3.10/site-packages/airflow/example_dags/example_short_circuit_decorator.py for tasks to queue
[2023-03-03T16:27:35.359+0100] {logging_mixin.py:137} INFO - [2023-03-03T16:27:35.359+0100] {dagbag.py:537} INFO - Filling up the DagBag from /Users/uab910/dev/nnam-poc/pyenv/lib/python3.10/site-packages/airflow/example_dags/example_short_circuit_decorator.py
[2023-03-03T16:27:35.418+0100] {processor.py:766} INFO - DAG(s) dict_keys(['example_short_circuit_decorator']) retrieved from /Users/uab910/dev/nnam-poc/pyenv/lib/python3.10/site-packages/airflow/example_dags/example_short_circuit_decorator.py
[2023-03-03T16:27:35.572+0100] {logging_mixin.py:137} INFO - [2023-03-03T16:27:35.572+0100] {dag.py:2585} INFO - Sync 1 DAGs
[2023-03-03T16:27:35.586+0100] {logging_mixin.py:137} INFO - [2023-03-03T16:27:35.586+0100] {dag.py:3336} INFO - Setting next_dagrun for example_short_circuit_decorator to 2023-03-02T15:27:35.586527+00:00, run_after=2023-03-03T15:27:35.586527+00:00
[2023-03-03T16:27:35.602+0100] {processor.py:176} INFO - Processing /Users/uab910/dev/nnam-poc/pyenv/lib/python3.10/site-packages/airflow/example_dags/example_short_circuit_decorator.py took 0.248 seconds
[2023-03-03T16:28:49.815+0100] {processor.py:154} INFO - Started process (PID=58342) to work on /Users/uab910/dev/nnam-poc/pyenv/lib/python3.10/site-packages/airflow/example_dags/example_short_circuit_decorator.py
[2023-03-03T16:28:49.820+0100] {processor.py:756} INFO - Processing file /Users/uab910/dev/nnam-poc/pyenv/lib/python3.10/site-packages/airflow/example_dags/example_short_circuit_decorator.py for tasks to queue
[2023-03-03T16:28:49.820+0100] {logging_mixin.py:137} INFO - [2023-03-03T16:28:49.820+0100] {dagbag.py:537} INFO - Filling up the DagBag from /Users/uab910/dev/nnam-poc/pyenv/lib/python3.10/site-packages/airflow/example_dags/example_short_circuit_decorator.py
[2023-03-03T16:28:49.877+0100] {processor.py:766} INFO - DAG(s) dict_keys(['example_short_circuit_decorator']) retrieved from /Users/uab910/dev/nnam-poc/pyenv/lib/python3.10/site-packages/airflow/example_dags/example_short_circuit_decorator.py
[2023-03-03T16:28:50.039+0100] {logging_mixin.py:137} INFO - [2023-03-03T16:28:50.039+0100] {dag.py:2585} INFO - Sync 1 DAGs
[2023-03-03T16:28:50.054+0100] {logging_mixin.py:137} INFO - [2023-03-03T16:28:50.054+0100] {dag.py:3336} INFO - Setting next_dagrun for example_short_circuit_decorator to 2023-03-02T15:28:50.054360+00:00, run_after=2023-03-03T15:28:50.054360+00:00
[2023-03-03T16:28:50.070+0100] {processor.py:176} INFO - Processing /Users/uab910/dev/nnam-poc/pyenv/lib/python3.10/site-packages/airflow/example_dags/example_short_circuit_decorator.py took 0.256 seconds
[2023-03-03T16:30:07.423+0100] {processor.py:154} INFO - Started process (PID=58388) to work on /Users/uab910/dev/nnam-poc/pyenv/lib/python3.10/site-packages/airflow/example_dags/example_short_circuit_decorator.py
[2023-03-03T16:30:07.429+0100] {processor.py:756} INFO - Processing file /Users/uab910/dev/nnam-poc/pyenv/lib/python3.10/site-packages/airflow/example_dags/example_short_circuit_decorator.py for tasks to queue
[2023-03-03T16:30:07.430+0100] {logging_mixin.py:137} INFO - [2023-03-03T16:30:07.430+0100] {dagbag.py:537} INFO - Filling up the DagBag from /Users/uab910/dev/nnam-poc/pyenv/lib/python3.10/site-packages/airflow/example_dags/example_short_circuit_decorator.py
[2023-03-03T16:30:07.495+0100] {processor.py:766} INFO - DAG(s) dict_keys(['example_short_circuit_decorator']) retrieved from /Users/uab910/dev/nnam-poc/pyenv/lib/python3.10/site-packages/airflow/example_dags/example_short_circuit_decorator.py
[2023-03-03T16:30:07.660+0100] {logging_mixin.py:137} INFO - [2023-03-03T16:30:07.660+0100] {dag.py:2585} INFO - Sync 1 DAGs
[2023-03-03T16:30:07.673+0100] {logging_mixin.py:137} INFO - [2023-03-03T16:30:07.672+0100] {dag.py:3336} INFO - Setting next_dagrun for example_short_circuit_decorator to 2023-03-02T15:30:07.672819+00:00, run_after=2023-03-03T15:30:07.672819+00:00
[2023-03-03T16:30:07.689+0100] {processor.py:176} INFO - Processing /Users/uab910/dev/nnam-poc/pyenv/lib/python3.10/site-packages/airflow/example_dags/example_short_circuit_decorator.py took 0.266 seconds
[2023-03-03T16:31:23.190+0100] {processor.py:154} INFO - Started process (PID=58430) to work on /Users/uab910/dev/nnam-poc/pyenv/lib/python3.10/site-packages/airflow/example_dags/example_short_circuit_decorator.py
[2023-03-03T16:31:23.196+0100] {processor.py:756} INFO - Processing file /Users/uab910/dev/nnam-poc/pyenv/lib/python3.10/site-packages/airflow/example_dags/example_short_circuit_decorator.py for tasks to queue
[2023-03-03T16:31:23.196+0100] {logging_mixin.py:137} INFO - [2023-03-03T16:31:23.196+0100] {dagbag.py:537} INFO - Filling up the DagBag from /Users/uab910/dev/nnam-poc/pyenv/lib/python3.10/site-packages/airflow/example_dags/example_short_circuit_decorator.py
[2023-03-03T16:31:23.254+0100] {processor.py:766} INFO - DAG(s) dict_keys(['example_short_circuit_decorator']) retrieved from /Users/uab910/dev/nnam-poc/pyenv/lib/python3.10/site-packages/airflow/example_dags/example_short_circuit_decorator.py
[2023-03-03T16:31:23.419+0100] {logging_mixin.py:137} INFO - [2023-03-03T16:31:23.419+0100] {dag.py:2585} INFO - Sync 1 DAGs
[2023-03-03T16:31:23.433+0100] {logging_mixin.py:137} INFO - [2023-03-03T16:31:23.433+0100] {dag.py:3336} INFO - Setting next_dagrun for example_short_circuit_decorator to 2023-03-02T15:31:23.433299+00:00, run_after=2023-03-03T15:31:23.433299+00:00
[2023-03-03T16:31:23.449+0100] {processor.py:176} INFO - Processing /Users/uab910/dev/nnam-poc/pyenv/lib/python3.10/site-packages/airflow/example_dags/example_short_circuit_decorator.py took 0.260 seconds
[2023-03-03T16:32:40.036+0100] {processor.py:154} INFO - Started process (PID=58467) to work on /Users/uab910/dev/nnam-poc/pyenv/lib/python3.10/site-packages/airflow/example_dags/example_short_circuit_decorator.py
[2023-03-03T16:32:40.041+0100] {processor.py:756} INFO - Processing file /Users/uab910/dev/nnam-poc/pyenv/lib/python3.10/site-packages/airflow/example_dags/example_short_circuit_decorator.py for tasks to queue
[2023-03-03T16:32:40.042+0100] {logging_mixin.py:137} INFO - [2023-03-03T16:32:40.042+0100] {dagbag.py:537} INFO - Filling up the DagBag from /Users/uab910/dev/nnam-poc/pyenv/lib/python3.10/site-packages/airflow/example_dags/example_short_circuit_decorator.py
[2023-03-03T16:32:40.105+0100] {processor.py:766} INFO - DAG(s) dict_keys(['example_short_circuit_decorator']) retrieved from /Users/uab910/dev/nnam-poc/pyenv/lib/python3.10/site-packages/airflow/example_dags/example_short_circuit_decorator.py
[2023-03-03T16:32:40.299+0100] {logging_mixin.py:137} INFO - [2023-03-03T16:32:40.299+0100] {dag.py:2585} INFO - Sync 1 DAGs
[2023-03-03T16:32:40.315+0100] {logging_mixin.py:137} INFO - [2023-03-03T16:32:40.315+0100] {dag.py:3336} INFO - Setting next_dagrun for example_short_circuit_decorator to 2023-03-02T15:32:40.315254+00:00, run_after=2023-03-03T15:32:40.315254+00:00
[2023-03-03T16:32:40.333+0100] {processor.py:176} INFO - Processing /Users/uab910/dev/nnam-poc/pyenv/lib/python3.10/site-packages/airflow/example_dags/example_short_circuit_decorator.py took 0.298 seconds
[2023-03-03T16:33:56.984+0100] {processor.py:154} INFO - Started process (PID=58528) to work on /Users/uab910/dev/nnam-poc/pyenv/lib/python3.10/site-packages/airflow/example_dags/example_short_circuit_decorator.py
[2023-03-03T16:33:56.990+0100] {processor.py:756} INFO - Processing file /Users/uab910/dev/nnam-poc/pyenv/lib/python3.10/site-packages/airflow/example_dags/example_short_circuit_decorator.py for tasks to queue
[2023-03-03T16:33:56.990+0100] {logging_mixin.py:137} INFO - [2023-03-03T16:33:56.990+0100] {dagbag.py:537} INFO - Filling up the DagBag from /Users/uab910/dev/nnam-poc/pyenv/lib/python3.10/site-packages/airflow/example_dags/example_short_circuit_decorator.py
[2023-03-03T16:33:57.054+0100] {processor.py:766} INFO - DAG(s) dict_keys(['example_short_circuit_decorator']) retrieved from /Users/uab910/dev/nnam-poc/pyenv/lib/python3.10/site-packages/airflow/example_dags/example_short_circuit_decorator.py
[2023-03-03T16:33:57.250+0100] {logging_mixin.py:137} INFO - [2023-03-03T16:33:57.250+0100] {dag.py:2585} INFO - Sync 1 DAGs
[2023-03-03T16:33:57.268+0100] {logging_mixin.py:137} INFO - [2023-03-03T16:33:57.268+0100] {dag.py:3336} INFO - Setting next_dagrun for example_short_circuit_decorator to 2023-03-02T15:33:57.268038+00:00, run_after=2023-03-03T15:33:57.268038+00:00
[2023-03-03T16:33:57.286+0100] {processor.py:176} INFO - Processing /Users/uab910/dev/nnam-poc/pyenv/lib/python3.10/site-packages/airflow/example_dags/example_short_circuit_decorator.py took 0.303 seconds
[2023-03-03T16:35:13.281+0100] {processor.py:154} INFO - Started process (PID=58574) to work on /Users/uab910/dev/nnam-poc/pyenv/lib/python3.10/site-packages/airflow/example_dags/example_short_circuit_decorator.py
[2023-03-03T16:35:13.294+0100] {processor.py:756} INFO - Processing file /Users/uab910/dev/nnam-poc/pyenv/lib/python3.10/site-packages/airflow/example_dags/example_short_circuit_decorator.py for tasks to queue
[2023-03-03T16:35:13.295+0100] {logging_mixin.py:137} INFO - [2023-03-03T16:35:13.295+0100] {dagbag.py:537} INFO - Filling up the DagBag from /Users/uab910/dev/nnam-poc/pyenv/lib/python3.10/site-packages/airflow/example_dags/example_short_circuit_decorator.py
[2023-03-03T16:35:13.371+0100] {processor.py:766} INFO - DAG(s) dict_keys(['example_short_circuit_decorator']) retrieved from /Users/uab910/dev/nnam-poc/pyenv/lib/python3.10/site-packages/airflow/example_dags/example_short_circuit_decorator.py
[2023-03-03T16:35:13.591+0100] {logging_mixin.py:137} INFO - [2023-03-03T16:35:13.591+0100] {dag.py:2585} INFO - Sync 1 DAGs
[2023-03-03T16:35:13.608+0100] {logging_mixin.py:137} INFO - [2023-03-03T16:35:13.608+0100] {dag.py:3336} INFO - Setting next_dagrun for example_short_circuit_decorator to 2023-03-02T15:35:13.608471+00:00, run_after=2023-03-03T15:35:13.608471+00:00
[2023-03-03T16:35:13.628+0100] {processor.py:176} INFO - Processing /Users/uab910/dev/nnam-poc/pyenv/lib/python3.10/site-packages/airflow/example_dags/example_short_circuit_decorator.py took 0.349 seconds
[2023-03-03T16:36:30.235+0100] {processor.py:154} INFO - Started process (PID=58617) to work on /Users/uab910/dev/nnam-poc/pyenv/lib/python3.10/site-packages/airflow/example_dags/example_short_circuit_decorator.py
[2023-03-03T16:36:30.240+0100] {processor.py:756} INFO - Processing file /Users/uab910/dev/nnam-poc/pyenv/lib/python3.10/site-packages/airflow/example_dags/example_short_circuit_decorator.py for tasks to queue
[2023-03-03T16:36:30.241+0100] {logging_mixin.py:137} INFO - [2023-03-03T16:36:30.241+0100] {dagbag.py:537} INFO - Filling up the DagBag from /Users/uab910/dev/nnam-poc/pyenv/lib/python3.10/site-packages/airflow/example_dags/example_short_circuit_decorator.py
[2023-03-03T16:36:30.301+0100] {processor.py:766} INFO - DAG(s) dict_keys(['example_short_circuit_decorator']) retrieved from /Users/uab910/dev/nnam-poc/pyenv/lib/python3.10/site-packages/airflow/example_dags/example_short_circuit_decorator.py
[2023-03-03T16:36:30.462+0100] {logging_mixin.py:137} INFO - [2023-03-03T16:36:30.462+0100] {dag.py:2585} INFO - Sync 1 DAGs
[2023-03-03T16:36:30.474+0100] {logging_mixin.py:137} INFO - [2023-03-03T16:36:30.474+0100] {dag.py:3336} INFO - Setting next_dagrun for example_short_circuit_decorator to 2023-03-02T15:36:30.474483+00:00, run_after=2023-03-03T15:36:30.474483+00:00
[2023-03-03T16:36:30.489+0100] {processor.py:176} INFO - Processing /Users/uab910/dev/nnam-poc/pyenv/lib/python3.10/site-packages/airflow/example_dags/example_short_circuit_decorator.py took 0.255 seconds
[2023-03-03T16:37:47.716+0100] {processor.py:154} INFO - Started process (PID=58659) to work on /Users/uab910/dev/nnam-poc/pyenv/lib/python3.10/site-packages/airflow/example_dags/example_short_circuit_decorator.py
[2023-03-03T16:37:47.725+0100] {processor.py:756} INFO - Processing file /Users/uab910/dev/nnam-poc/pyenv/lib/python3.10/site-packages/airflow/example_dags/example_short_circuit_decorator.py for tasks to queue
[2023-03-03T16:37:47.725+0100] {logging_mixin.py:137} INFO - [2023-03-03T16:37:47.725+0100] {dagbag.py:537} INFO - Filling up the DagBag from /Users/uab910/dev/nnam-poc/pyenv/lib/python3.10/site-packages/airflow/example_dags/example_short_circuit_decorator.py
[2023-03-03T16:37:47.809+0100] {processor.py:766} INFO - DAG(s) dict_keys(['example_short_circuit_decorator']) retrieved from /Users/uab910/dev/nnam-poc/pyenv/lib/python3.10/site-packages/airflow/example_dags/example_short_circuit_decorator.py
[2023-03-03T16:37:48.075+0100] {logging_mixin.py:137} INFO - [2023-03-03T16:37:48.074+0100] {dag.py:2585} INFO - Sync 1 DAGs
[2023-03-03T16:37:48.114+0100] {logging_mixin.py:137} INFO - [2023-03-03T16:37:48.114+0100] {dag.py:3336} INFO - Setting next_dagrun for example_short_circuit_decorator to 2023-03-02T15:37:48.113812+00:00, run_after=2023-03-03T15:37:48.113812+00:00
[2023-03-03T16:37:48.141+0100] {processor.py:176} INFO - Processing /Users/uab910/dev/nnam-poc/pyenv/lib/python3.10/site-packages/airflow/example_dags/example_short_circuit_decorator.py took 0.426 seconds
[2023-03-03T16:39:05.206+0100] {processor.py:154} INFO - Started process (PID=58698) to work on /Users/uab910/dev/nnam-poc/pyenv/lib/python3.10/site-packages/airflow/example_dags/example_short_circuit_decorator.py
[2023-03-03T16:39:05.212+0100] {processor.py:756} INFO - Processing file /Users/uab910/dev/nnam-poc/pyenv/lib/python3.10/site-packages/airflow/example_dags/example_short_circuit_decorator.py for tasks to queue
[2023-03-03T16:39:05.213+0100] {logging_mixin.py:137} INFO - [2023-03-03T16:39:05.213+0100] {dagbag.py:537} INFO - Filling up the DagBag from /Users/uab910/dev/nnam-poc/pyenv/lib/python3.10/site-packages/airflow/example_dags/example_short_circuit_decorator.py
[2023-03-03T16:39:05.270+0100] {processor.py:766} INFO - DAG(s) dict_keys(['example_short_circuit_decorator']) retrieved from /Users/uab910/dev/nnam-poc/pyenv/lib/python3.10/site-packages/airflow/example_dags/example_short_circuit_decorator.py
[2023-03-03T16:39:05.430+0100] {logging_mixin.py:137} INFO - [2023-03-03T16:39:05.430+0100] {dag.py:2585} INFO - Sync 1 DAGs
[2023-03-03T16:39:05.445+0100] {logging_mixin.py:137} INFO - [2023-03-03T16:39:05.444+0100] {dag.py:3336} INFO - Setting next_dagrun for example_short_circuit_decorator to 2023-03-02T15:39:05.444810+00:00, run_after=2023-03-03T15:39:05.444810+00:00
[2023-03-03T16:39:05.462+0100] {processor.py:176} INFO - Processing /Users/uab910/dev/nnam-poc/pyenv/lib/python3.10/site-packages/airflow/example_dags/example_short_circuit_decorator.py took 0.257 seconds
[2023-03-03T16:40:41.967+0100] {processor.py:154} INFO - Started process (PID=58753) to work on /Users/uab910/dev/nnam-poc/pyenv/lib/python3.10/site-packages/airflow/example_dags/example_short_circuit_decorator.py
[2023-03-03T16:40:41.972+0100] {processor.py:756} INFO - Processing file /Users/uab910/dev/nnam-poc/pyenv/lib/python3.10/site-packages/airflow/example_dags/example_short_circuit_decorator.py for tasks to queue
[2023-03-03T16:40:41.972+0100] {logging_mixin.py:137} INFO - [2023-03-03T16:40:41.972+0100] {dagbag.py:537} INFO - Filling up the DagBag from /Users/uab910/dev/nnam-poc/pyenv/lib/python3.10/site-packages/airflow/example_dags/example_short_circuit_decorator.py
[2023-03-03T16:40:42.030+0100] {processor.py:766} INFO - DAG(s) dict_keys(['example_short_circuit_decorator']) retrieved from /Users/uab910/dev/nnam-poc/pyenv/lib/python3.10/site-packages/airflow/example_dags/example_short_circuit_decorator.py
[2023-03-03T16:40:42.195+0100] {logging_mixin.py:137} INFO - [2023-03-03T16:40:42.195+0100] {dag.py:2585} INFO - Sync 1 DAGs
[2023-03-03T16:40:42.207+0100] {logging_mixin.py:137} INFO - [2023-03-03T16:40:42.207+0100] {dag.py:3336} INFO - Setting next_dagrun for example_short_circuit_decorator to 2023-03-02T15:40:42.207700+00:00, run_after=2023-03-03T15:40:42.207700+00:00
[2023-03-03T16:40:42.222+0100] {processor.py:176} INFO - Processing /Users/uab910/dev/nnam-poc/pyenv/lib/python3.10/site-packages/airflow/example_dags/example_short_circuit_decorator.py took 0.256 seconds
[2023-03-03T16:42:12.082+0100] {processor.py:154} INFO - Started process (PID=58801) to work on /Users/uab910/dev/nnam-poc/pyenv/lib/python3.10/site-packages/airflow/example_dags/example_short_circuit_decorator.py
[2023-03-03T16:42:12.089+0100] {processor.py:756} INFO - Processing file /Users/uab910/dev/nnam-poc/pyenv/lib/python3.10/site-packages/airflow/example_dags/example_short_circuit_decorator.py for tasks to queue
[2023-03-03T16:42:12.090+0100] {logging_mixin.py:137} INFO - [2023-03-03T16:42:12.090+0100] {dagbag.py:537} INFO - Filling up the DagBag from /Users/uab910/dev/nnam-poc/pyenv/lib/python3.10/site-packages/airflow/example_dags/example_short_circuit_decorator.py
[2023-03-03T16:42:12.160+0100] {processor.py:766} INFO - DAG(s) dict_keys(['example_short_circuit_decorator']) retrieved from /Users/uab910/dev/nnam-poc/pyenv/lib/python3.10/site-packages/airflow/example_dags/example_short_circuit_decorator.py
[2023-03-03T16:42:12.328+0100] {logging_mixin.py:137} INFO - [2023-03-03T16:42:12.328+0100] {dag.py:2585} INFO - Sync 1 DAGs
[2023-03-03T16:42:12.341+0100] {logging_mixin.py:137} INFO - [2023-03-03T16:42:12.341+0100] {dag.py:3336} INFO - Setting next_dagrun for example_short_circuit_decorator to 2023-03-02T15:42:12.341634+00:00, run_after=2023-03-03T15:42:12.341634+00:00
[2023-03-03T16:42:12.355+0100] {processor.py:176} INFO - Processing /Users/uab910/dev/nnam-poc/pyenv/lib/python3.10/site-packages/airflow/example_dags/example_short_circuit_decorator.py took 0.274 seconds
[2023-03-03T16:43:45.989+0100] {processor.py:154} INFO - Started process (PID=58877) to work on /Users/uab910/dev/nnam-poc/pyenv/lib/python3.10/site-packages/airflow/example_dags/example_short_circuit_decorator.py
[2023-03-03T16:43:45.995+0100] {processor.py:756} INFO - Processing file /Users/uab910/dev/nnam-poc/pyenv/lib/python3.10/site-packages/airflow/example_dags/example_short_circuit_decorator.py for tasks to queue
[2023-03-03T16:43:45.995+0100] {logging_mixin.py:137} INFO - [2023-03-03T16:43:45.995+0100] {dagbag.py:537} INFO - Filling up the DagBag from /Users/uab910/dev/nnam-poc/pyenv/lib/python3.10/site-packages/airflow/example_dags/example_short_circuit_decorator.py
[2023-03-03T16:43:46.053+0100] {processor.py:766} INFO - DAG(s) dict_keys(['example_short_circuit_decorator']) retrieved from /Users/uab910/dev/nnam-poc/pyenv/lib/python3.10/site-packages/airflow/example_dags/example_short_circuit_decorator.py
[2023-03-03T16:43:46.211+0100] {logging_mixin.py:137} INFO - [2023-03-03T16:43:46.211+0100] {dag.py:2585} INFO - Sync 1 DAGs
[2023-03-03T16:43:46.225+0100] {logging_mixin.py:137} INFO - [2023-03-03T16:43:46.225+0100] {dag.py:3336} INFO - Setting next_dagrun for example_short_circuit_decorator to 2023-03-02T15:43:46.225495+00:00, run_after=2023-03-03T15:43:46.225495+00:00
[2023-03-03T16:43:46.242+0100] {processor.py:176} INFO - Processing /Users/uab910/dev/nnam-poc/pyenv/lib/python3.10/site-packages/airflow/example_dags/example_short_circuit_decorator.py took 0.254 seconds
[2023-03-03T16:45:21.239+0100] {processor.py:154} INFO - Started process (PID=58932) to work on /Users/uab910/dev/nnam-poc/pyenv/lib/python3.10/site-packages/airflow/example_dags/example_short_circuit_decorator.py
[2023-03-03T16:45:21.245+0100] {processor.py:756} INFO - Processing file /Users/uab910/dev/nnam-poc/pyenv/lib/python3.10/site-packages/airflow/example_dags/example_short_circuit_decorator.py for tasks to queue
[2023-03-03T16:45:21.246+0100] {logging_mixin.py:137} INFO - [2023-03-03T16:45:21.246+0100] {dagbag.py:537} INFO - Filling up the DagBag from /Users/uab910/dev/nnam-poc/pyenv/lib/python3.10/site-packages/airflow/example_dags/example_short_circuit_decorator.py
[2023-03-03T16:45:21.314+0100] {processor.py:766} INFO - DAG(s) dict_keys(['example_short_circuit_decorator']) retrieved from /Users/uab910/dev/nnam-poc/pyenv/lib/python3.10/site-packages/airflow/example_dags/example_short_circuit_decorator.py
[2023-03-03T16:45:21.484+0100] {logging_mixin.py:137} INFO - [2023-03-03T16:45:21.484+0100] {dag.py:2585} INFO - Sync 1 DAGs
[2023-03-03T16:45:21.498+0100] {logging_mixin.py:137} INFO - [2023-03-03T16:45:21.498+0100] {dag.py:3336} INFO - Setting next_dagrun for example_short_circuit_decorator to 2023-03-02T15:45:21.498416+00:00, run_after=2023-03-03T15:45:21.498416+00:00
[2023-03-03T16:45:21.514+0100] {processor.py:176} INFO - Processing /Users/uab910/dev/nnam-poc/pyenv/lib/python3.10/site-packages/airflow/example_dags/example_short_circuit_decorator.py took 0.275 seconds
[2023-03-03T16:46:55.560+0100] {processor.py:154} INFO - Started process (PID=59003) to work on /Users/uab910/dev/nnam-poc/pyenv/lib/python3.10/site-packages/airflow/example_dags/example_short_circuit_decorator.py
[2023-03-03T16:46:55.565+0100] {processor.py:756} INFO - Processing file /Users/uab910/dev/nnam-poc/pyenv/lib/python3.10/site-packages/airflow/example_dags/example_short_circuit_decorator.py for tasks to queue
[2023-03-03T16:46:55.565+0100] {logging_mixin.py:137} INFO - [2023-03-03T16:46:55.565+0100] {dagbag.py:537} INFO - Filling up the DagBag from /Users/uab910/dev/nnam-poc/pyenv/lib/python3.10/site-packages/airflow/example_dags/example_short_circuit_decorator.py
[2023-03-03T16:46:55.632+0100] {processor.py:766} INFO - DAG(s) dict_keys(['example_short_circuit_decorator']) retrieved from /Users/uab910/dev/nnam-poc/pyenv/lib/python3.10/site-packages/airflow/example_dags/example_short_circuit_decorator.py
[2023-03-03T16:46:55.838+0100] {logging_mixin.py:137} INFO - [2023-03-03T16:46:55.838+0100] {dag.py:2585} INFO - Sync 1 DAGs
[2023-03-03T16:46:55.856+0100] {logging_mixin.py:137} INFO - [2023-03-03T16:46:55.855+0100] {dag.py:3336} INFO - Setting next_dagrun for example_short_circuit_decorator to 2023-03-02T15:46:55.855749+00:00, run_after=2023-03-03T15:46:55.855749+00:00
[2023-03-03T16:46:55.874+0100] {processor.py:176} INFO - Processing /Users/uab910/dev/nnam-poc/pyenv/lib/python3.10/site-packages/airflow/example_dags/example_short_circuit_decorator.py took 0.314 seconds
[2023-03-03T16:48:25.448+0100] {processor.py:154} INFO - Started process (PID=59057) to work on /Users/uab910/dev/nnam-poc/pyenv/lib/python3.10/site-packages/airflow/example_dags/example_short_circuit_decorator.py
[2023-03-03T16:48:25.453+0100] {processor.py:756} INFO - Processing file /Users/uab910/dev/nnam-poc/pyenv/lib/python3.10/site-packages/airflow/example_dags/example_short_circuit_decorator.py for tasks to queue
[2023-03-03T16:48:25.454+0100] {logging_mixin.py:137} INFO - [2023-03-03T16:48:25.454+0100] {dagbag.py:537} INFO - Filling up the DagBag from /Users/uab910/dev/nnam-poc/pyenv/lib/python3.10/site-packages/airflow/example_dags/example_short_circuit_decorator.py
[2023-03-03T16:48:25.517+0100] {processor.py:766} INFO - DAG(s) dict_keys(['example_short_circuit_decorator']) retrieved from /Users/uab910/dev/nnam-poc/pyenv/lib/python3.10/site-packages/airflow/example_dags/example_short_circuit_decorator.py
[2023-03-03T16:48:25.678+0100] {logging_mixin.py:137} INFO - [2023-03-03T16:48:25.678+0100] {dag.py:2585} INFO - Sync 1 DAGs
[2023-03-03T16:48:25.692+0100] {logging_mixin.py:137} INFO - [2023-03-03T16:48:25.692+0100] {dag.py:3336} INFO - Setting next_dagrun for example_short_circuit_decorator to 2023-03-02T15:48:25.692067+00:00, run_after=2023-03-03T15:48:25.692067+00:00
[2023-03-03T16:48:25.707+0100] {processor.py:176} INFO - Processing /Users/uab910/dev/nnam-poc/pyenv/lib/python3.10/site-packages/airflow/example_dags/example_short_circuit_decorator.py took 0.260 seconds
[2023-03-03T16:49:59.879+0100] {processor.py:154} INFO - Started process (PID=59111) to work on /Users/uab910/dev/nnam-poc/pyenv/lib/python3.10/site-packages/airflow/example_dags/example_short_circuit_decorator.py
[2023-03-03T16:49:59.885+0100] {processor.py:756} INFO - Processing file /Users/uab910/dev/nnam-poc/pyenv/lib/python3.10/site-packages/airflow/example_dags/example_short_circuit_decorator.py for tasks to queue
[2023-03-03T16:49:59.885+0100] {logging_mixin.py:137} INFO - [2023-03-03T16:49:59.885+0100] {dagbag.py:537} INFO - Filling up the DagBag from /Users/uab910/dev/nnam-poc/pyenv/lib/python3.10/site-packages/airflow/example_dags/example_short_circuit_decorator.py
[2023-03-03T16:49:59.958+0100] {processor.py:766} INFO - DAG(s) dict_keys(['example_short_circuit_decorator']) retrieved from /Users/uab910/dev/nnam-poc/pyenv/lib/python3.10/site-packages/airflow/example_dags/example_short_circuit_decorator.py
[2023-03-03T16:50:00.167+0100] {logging_mixin.py:137} INFO - [2023-03-03T16:50:00.167+0100] {dag.py:2585} INFO - Sync 1 DAGs
[2023-03-03T16:50:00.185+0100] {logging_mixin.py:137} INFO - [2023-03-03T16:50:00.185+0100] {dag.py:3336} INFO - Setting next_dagrun for example_short_circuit_decorator to 2023-03-02T15:50:00.184953+00:00, run_after=2023-03-03T15:50:00.184953+00:00
[2023-03-03T16:50:00.203+0100] {processor.py:176} INFO - Processing /Users/uab910/dev/nnam-poc/pyenv/lib/python3.10/site-packages/airflow/example_dags/example_short_circuit_decorator.py took 0.325 seconds
[2023-03-03T16:51:33.373+0100] {processor.py:154} INFO - Started process (PID=59176) to work on /Users/uab910/dev/nnam-poc/pyenv/lib/python3.10/site-packages/airflow/example_dags/example_short_circuit_decorator.py
[2023-03-03T16:51:33.378+0100] {processor.py:756} INFO - Processing file /Users/uab910/dev/nnam-poc/pyenv/lib/python3.10/site-packages/airflow/example_dags/example_short_circuit_decorator.py for tasks to queue
[2023-03-03T16:51:33.378+0100] {logging_mixin.py:137} INFO - [2023-03-03T16:51:33.378+0100] {dagbag.py:537} INFO - Filling up the DagBag from /Users/uab910/dev/nnam-poc/pyenv/lib/python3.10/site-packages/airflow/example_dags/example_short_circuit_decorator.py
[2023-03-03T16:51:33.441+0100] {processor.py:766} INFO - DAG(s) dict_keys(['example_short_circuit_decorator']) retrieved from /Users/uab910/dev/nnam-poc/pyenv/lib/python3.10/site-packages/airflow/example_dags/example_short_circuit_decorator.py
[2023-03-03T16:51:33.598+0100] {logging_mixin.py:137} INFO - [2023-03-03T16:51:33.597+0100] {dag.py:2585} INFO - Sync 1 DAGs
[2023-03-03T16:51:33.611+0100] {logging_mixin.py:137} INFO - [2023-03-03T16:51:33.610+0100] {dag.py:3336} INFO - Setting next_dagrun for example_short_circuit_decorator to 2023-03-02T15:51:33.610868+00:00, run_after=2023-03-03T15:51:33.610868+00:00
[2023-03-03T16:51:33.626+0100] {processor.py:176} INFO - Processing /Users/uab910/dev/nnam-poc/pyenv/lib/python3.10/site-packages/airflow/example_dags/example_short_circuit_decorator.py took 0.253 seconds
[2023-03-03T16:53:06.109+0100] {processor.py:154} INFO - Started process (PID=59224) to work on /Users/uab910/dev/nnam-poc/pyenv/lib/python3.10/site-packages/airflow/example_dags/example_short_circuit_decorator.py
[2023-03-03T16:53:06.115+0100] {processor.py:756} INFO - Processing file /Users/uab910/dev/nnam-poc/pyenv/lib/python3.10/site-packages/airflow/example_dags/example_short_circuit_decorator.py for tasks to queue
[2023-03-03T16:53:06.116+0100] {logging_mixin.py:137} INFO - [2023-03-03T16:53:06.115+0100] {dagbag.py:537} INFO - Filling up the DagBag from /Users/uab910/dev/nnam-poc/pyenv/lib/python3.10/site-packages/airflow/example_dags/example_short_circuit_decorator.py
[2023-03-03T16:53:06.175+0100] {processor.py:766} INFO - DAG(s) dict_keys(['example_short_circuit_decorator']) retrieved from /Users/uab910/dev/nnam-poc/pyenv/lib/python3.10/site-packages/airflow/example_dags/example_short_circuit_decorator.py
[2023-03-03T16:53:06.329+0100] {logging_mixin.py:137} INFO - [2023-03-03T16:53:06.329+0100] {dag.py:2585} INFO - Sync 1 DAGs
[2023-03-03T16:53:06.343+0100] {logging_mixin.py:137} INFO - [2023-03-03T16:53:06.343+0100] {dag.py:3336} INFO - Setting next_dagrun for example_short_circuit_decorator to 2023-03-02T15:53:06.343215+00:00, run_after=2023-03-03T15:53:06.343215+00:00
[2023-03-03T16:53:06.362+0100] {processor.py:176} INFO - Processing /Users/uab910/dev/nnam-poc/pyenv/lib/python3.10/site-packages/airflow/example_dags/example_short_circuit_decorator.py took 0.253 seconds
[2023-03-03T16:54:31.773+0100] {processor.py:154} INFO - Started process (PID=59283) to work on /Users/uab910/dev/nnam-poc/pyenv/lib/python3.10/site-packages/airflow/example_dags/example_short_circuit_decorator.py
[2023-03-03T16:54:31.779+0100] {processor.py:756} INFO - Processing file /Users/uab910/dev/nnam-poc/pyenv/lib/python3.10/site-packages/airflow/example_dags/example_short_circuit_decorator.py for tasks to queue
[2023-03-03T16:54:31.780+0100] {logging_mixin.py:137} INFO - [2023-03-03T16:54:31.780+0100] {dagbag.py:537} INFO - Filling up the DagBag from /Users/uab910/dev/nnam-poc/pyenv/lib/python3.10/site-packages/airflow/example_dags/example_short_circuit_decorator.py
[2023-03-03T16:54:31.853+0100] {processor.py:766} INFO - DAG(s) dict_keys(['example_short_circuit_decorator']) retrieved from /Users/uab910/dev/nnam-poc/pyenv/lib/python3.10/site-packages/airflow/example_dags/example_short_circuit_decorator.py
[2023-03-03T16:54:32.056+0100] {logging_mixin.py:137} INFO - [2023-03-03T16:54:32.056+0100] {dag.py:2585} INFO - Sync 1 DAGs
[2023-03-03T16:54:32.072+0100] {logging_mixin.py:137} INFO - [2023-03-03T16:54:32.072+0100] {dag.py:3336} INFO - Setting next_dagrun for example_short_circuit_decorator to 2023-03-02T15:54:32.072138+00:00, run_after=2023-03-03T15:54:32.072138+00:00
[2023-03-03T16:54:32.090+0100] {processor.py:176} INFO - Processing /Users/uab910/dev/nnam-poc/pyenv/lib/python3.10/site-packages/airflow/example_dags/example_short_circuit_decorator.py took 0.318 seconds
[2023-03-03T16:56:07.285+0100] {processor.py:154} INFO - Started process (PID=59332) to work on /Users/uab910/dev/nnam-poc/pyenv/lib/python3.10/site-packages/airflow/example_dags/example_short_circuit_decorator.py
[2023-03-03T16:56:07.290+0100] {processor.py:756} INFO - Processing file /Users/uab910/dev/nnam-poc/pyenv/lib/python3.10/site-packages/airflow/example_dags/example_short_circuit_decorator.py for tasks to queue
[2023-03-03T16:56:07.290+0100] {logging_mixin.py:137} INFO - [2023-03-03T16:56:07.290+0100] {dagbag.py:537} INFO - Filling up the DagBag from /Users/uab910/dev/nnam-poc/pyenv/lib/python3.10/site-packages/airflow/example_dags/example_short_circuit_decorator.py
[2023-03-03T16:56:07.345+0100] {processor.py:766} INFO - DAG(s) dict_keys(['example_short_circuit_decorator']) retrieved from /Users/uab910/dev/nnam-poc/pyenv/lib/python3.10/site-packages/airflow/example_dags/example_short_circuit_decorator.py
[2023-03-03T16:56:07.503+0100] {logging_mixin.py:137} INFO - [2023-03-03T16:56:07.503+0100] {dag.py:2585} INFO - Sync 1 DAGs
[2023-03-03T16:56:07.518+0100] {logging_mixin.py:137} INFO - [2023-03-03T16:56:07.518+0100] {dag.py:3336} INFO - Setting next_dagrun for example_short_circuit_decorator to 2023-03-02T15:56:07.518338+00:00, run_after=2023-03-03T15:56:07.518338+00:00
[2023-03-03T16:56:07.535+0100] {processor.py:176} INFO - Processing /Users/uab910/dev/nnam-poc/pyenv/lib/python3.10/site-packages/airflow/example_dags/example_short_circuit_decorator.py took 0.251 seconds
[2023-03-03T16:57:40.224+0100] {processor.py:154} INFO - Started process (PID=59385) to work on /Users/uab910/dev/nnam-poc/pyenv/lib/python3.10/site-packages/airflow/example_dags/example_short_circuit_decorator.py
[2023-03-03T16:57:40.229+0100] {processor.py:756} INFO - Processing file /Users/uab910/dev/nnam-poc/pyenv/lib/python3.10/site-packages/airflow/example_dags/example_short_circuit_decorator.py for tasks to queue
[2023-03-03T16:57:40.229+0100] {logging_mixin.py:137} INFO - [2023-03-03T16:57:40.229+0100] {dagbag.py:537} INFO - Filling up the DagBag from /Users/uab910/dev/nnam-poc/pyenv/lib/python3.10/site-packages/airflow/example_dags/example_short_circuit_decorator.py
[2023-03-03T16:57:40.284+0100] {processor.py:766} INFO - DAG(s) dict_keys(['example_short_circuit_decorator']) retrieved from /Users/uab910/dev/nnam-poc/pyenv/lib/python3.10/site-packages/airflow/example_dags/example_short_circuit_decorator.py
[2023-03-03T16:57:40.441+0100] {logging_mixin.py:137} INFO - [2023-03-03T16:57:40.440+0100] {dag.py:2585} INFO - Sync 1 DAGs
[2023-03-03T16:57:40.454+0100] {logging_mixin.py:137} INFO - [2023-03-03T16:57:40.454+0100] {dag.py:3336} INFO - Setting next_dagrun for example_short_circuit_decorator to 2023-03-02T15:57:40.454728+00:00, run_after=2023-03-03T15:57:40.454728+00:00
[2023-03-03T16:57:40.469+0100] {processor.py:176} INFO - Processing /Users/uab910/dev/nnam-poc/pyenv/lib/python3.10/site-packages/airflow/example_dags/example_short_circuit_decorator.py took 0.246 seconds
[2023-03-03T16:59:13.969+0100] {processor.py:154} INFO - Started process (PID=59430) to work on /Users/uab910/dev/nnam-poc/pyenv/lib/python3.10/site-packages/airflow/example_dags/example_short_circuit_decorator.py
[2023-03-03T16:59:13.975+0100] {processor.py:756} INFO - Processing file /Users/uab910/dev/nnam-poc/pyenv/lib/python3.10/site-packages/airflow/example_dags/example_short_circuit_decorator.py for tasks to queue
[2023-03-03T16:59:13.976+0100] {logging_mixin.py:137} INFO - [2023-03-03T16:59:13.976+0100] {dagbag.py:537} INFO - Filling up the DagBag from /Users/uab910/dev/nnam-poc/pyenv/lib/python3.10/site-packages/airflow/example_dags/example_short_circuit_decorator.py
[2023-03-03T16:59:14.053+0100] {processor.py:766} INFO - DAG(s) dict_keys(['example_short_circuit_decorator']) retrieved from /Users/uab910/dev/nnam-poc/pyenv/lib/python3.10/site-packages/airflow/example_dags/example_short_circuit_decorator.py
[2023-03-03T16:59:14.271+0100] {logging_mixin.py:137} INFO - [2023-03-03T16:59:14.271+0100] {dag.py:2585} INFO - Sync 1 DAGs
[2023-03-03T16:59:14.288+0100] {logging_mixin.py:137} INFO - [2023-03-03T16:59:14.288+0100] {dag.py:3336} INFO - Setting next_dagrun for example_short_circuit_decorator to 2023-03-02T15:59:14.288702+00:00, run_after=2023-03-03T15:59:14.288702+00:00
[2023-03-03T16:59:14.310+0100] {processor.py:176} INFO - Processing /Users/uab910/dev/nnam-poc/pyenv/lib/python3.10/site-packages/airflow/example_dags/example_short_circuit_decorator.py took 0.342 seconds
[2023-03-03T17:00:46.651+0100] {processor.py:154} INFO - Started process (PID=59476) to work on /Users/uab910/dev/nnam-poc/pyenv/lib/python3.10/site-packages/airflow/example_dags/example_short_circuit_decorator.py
[2023-03-03T17:00:46.656+0100] {processor.py:756} INFO - Processing file /Users/uab910/dev/nnam-poc/pyenv/lib/python3.10/site-packages/airflow/example_dags/example_short_circuit_decorator.py for tasks to queue
[2023-03-03T17:00:46.656+0100] {logging_mixin.py:137} INFO - [2023-03-03T17:00:46.656+0100] {dagbag.py:537} INFO - Filling up the DagBag from /Users/uab910/dev/nnam-poc/pyenv/lib/python3.10/site-packages/airflow/example_dags/example_short_circuit_decorator.py
[2023-03-03T17:00:46.713+0100] {processor.py:766} INFO - DAG(s) dict_keys(['example_short_circuit_decorator']) retrieved from /Users/uab910/dev/nnam-poc/pyenv/lib/python3.10/site-packages/airflow/example_dags/example_short_circuit_decorator.py
[2023-03-03T17:00:46.860+0100] {logging_mixin.py:137} INFO - [2023-03-03T17:00:46.860+0100] {dag.py:2585} INFO - Sync 1 DAGs
[2023-03-03T17:00:46.873+0100] {logging_mixin.py:137} INFO - [2023-03-03T17:00:46.873+0100] {dag.py:3336} INFO - Setting next_dagrun for example_short_circuit_decorator to 2023-03-02T16:00:46.873239+00:00, run_after=2023-03-03T16:00:46.873239+00:00
[2023-03-03T17:00:46.888+0100] {processor.py:176} INFO - Processing /Users/uab910/dev/nnam-poc/pyenv/lib/python3.10/site-packages/airflow/example_dags/example_short_circuit_decorator.py took 0.237 seconds
[2023-03-03T17:02:20.141+0100] {processor.py:154} INFO - Started process (PID=59527) to work on /Users/uab910/dev/nnam-poc/pyenv/lib/python3.10/site-packages/airflow/example_dags/example_short_circuit_decorator.py
[2023-03-03T17:02:20.146+0100] {processor.py:756} INFO - Processing file /Users/uab910/dev/nnam-poc/pyenv/lib/python3.10/site-packages/airflow/example_dags/example_short_circuit_decorator.py for tasks to queue
[2023-03-03T17:02:20.147+0100] {logging_mixin.py:137} INFO - [2023-03-03T17:02:20.147+0100] {dagbag.py:537} INFO - Filling up the DagBag from /Users/uab910/dev/nnam-poc/pyenv/lib/python3.10/site-packages/airflow/example_dags/example_short_circuit_decorator.py
[2023-03-03T17:02:20.215+0100] {processor.py:766} INFO - DAG(s) dict_keys(['example_short_circuit_decorator']) retrieved from /Users/uab910/dev/nnam-poc/pyenv/lib/python3.10/site-packages/airflow/example_dags/example_short_circuit_decorator.py
[2023-03-03T17:02:20.372+0100] {logging_mixin.py:137} INFO - [2023-03-03T17:02:20.371+0100] {dag.py:2585} INFO - Sync 1 DAGs
[2023-03-03T17:02:20.385+0100] {logging_mixin.py:137} INFO - [2023-03-03T17:02:20.385+0100] {dag.py:3336} INFO - Setting next_dagrun for example_short_circuit_decorator to 2023-03-02T16:02:20.385493+00:00, run_after=2023-03-03T16:02:20.385493+00:00
[2023-03-03T17:02:20.401+0100] {processor.py:176} INFO - Processing /Users/uab910/dev/nnam-poc/pyenv/lib/python3.10/site-packages/airflow/example_dags/example_short_circuit_decorator.py took 0.260 seconds
[2023-03-03T17:03:51.750+0100] {processor.py:154} INFO - Started process (PID=59592) to work on /Users/uab910/dev/nnam-poc/pyenv/lib/python3.10/site-packages/airflow/example_dags/example_short_circuit_decorator.py
[2023-03-03T17:03:51.756+0100] {processor.py:756} INFO - Processing file /Users/uab910/dev/nnam-poc/pyenv/lib/python3.10/site-packages/airflow/example_dags/example_short_circuit_decorator.py for tasks to queue
[2023-03-03T17:03:51.757+0100] {logging_mixin.py:137} INFO - [2023-03-03T17:03:51.757+0100] {dagbag.py:537} INFO - Filling up the DagBag from /Users/uab910/dev/nnam-poc/pyenv/lib/python3.10/site-packages/airflow/example_dags/example_short_circuit_decorator.py
[2023-03-03T17:03:51.822+0100] {processor.py:766} INFO - DAG(s) dict_keys(['example_short_circuit_decorator']) retrieved from /Users/uab910/dev/nnam-poc/pyenv/lib/python3.10/site-packages/airflow/example_dags/example_short_circuit_decorator.py
[2023-03-03T17:03:51.983+0100] {logging_mixin.py:137} INFO - [2023-03-03T17:03:51.983+0100] {dag.py:2585} INFO - Sync 1 DAGs
[2023-03-03T17:03:51.996+0100] {logging_mixin.py:137} INFO - [2023-03-03T17:03:51.996+0100] {dag.py:3336} INFO - Setting next_dagrun for example_short_circuit_decorator to 2023-03-02T16:03:51.996033+00:00, run_after=2023-03-03T16:03:51.996033+00:00
[2023-03-03T17:03:52.009+0100] {processor.py:176} INFO - Processing /Users/uab910/dev/nnam-poc/pyenv/lib/python3.10/site-packages/airflow/example_dags/example_short_circuit_decorator.py took 0.260 seconds
[2023-03-03T17:05:20.247+0100] {processor.py:154} INFO - Started process (PID=59639) to work on /Users/uab910/dev/nnam-poc/pyenv/lib/python3.10/site-packages/airflow/example_dags/example_short_circuit_decorator.py
[2023-03-03T17:05:20.253+0100] {processor.py:756} INFO - Processing file /Users/uab910/dev/nnam-poc/pyenv/lib/python3.10/site-packages/airflow/example_dags/example_short_circuit_decorator.py for tasks to queue
[2023-03-03T17:05:20.253+0100] {logging_mixin.py:137} INFO - [2023-03-03T17:05:20.253+0100] {dagbag.py:537} INFO - Filling up the DagBag from /Users/uab910/dev/nnam-poc/pyenv/lib/python3.10/site-packages/airflow/example_dags/example_short_circuit_decorator.py
[2023-03-03T17:05:20.307+0100] {processor.py:766} INFO - DAG(s) dict_keys(['example_short_circuit_decorator']) retrieved from /Users/uab910/dev/nnam-poc/pyenv/lib/python3.10/site-packages/airflow/example_dags/example_short_circuit_decorator.py
[2023-03-03T17:05:20.469+0100] {logging_mixin.py:137} INFO - [2023-03-03T17:05:20.469+0100] {dag.py:2585} INFO - Sync 1 DAGs
[2023-03-03T17:05:20.482+0100] {logging_mixin.py:137} INFO - [2023-03-03T17:05:20.482+0100] {dag.py:3336} INFO - Setting next_dagrun for example_short_circuit_decorator to 2023-03-02T16:05:20.482574+00:00, run_after=2023-03-03T16:05:20.482574+00:00
[2023-03-03T17:05:20.499+0100] {processor.py:176} INFO - Processing /Users/uab910/dev/nnam-poc/pyenv/lib/python3.10/site-packages/airflow/example_dags/example_short_circuit_decorator.py took 0.253 seconds
[2023-03-03T17:06:57.315+0100] {processor.py:154} INFO - Started process (PID=59695) to work on /Users/uab910/dev/nnam-poc/pyenv/lib/python3.10/site-packages/airflow/example_dags/example_short_circuit_decorator.py
[2023-03-03T17:06:57.321+0100] {processor.py:756} INFO - Processing file /Users/uab910/dev/nnam-poc/pyenv/lib/python3.10/site-packages/airflow/example_dags/example_short_circuit_decorator.py for tasks to queue
[2023-03-03T17:06:57.321+0100] {logging_mixin.py:137} INFO - [2023-03-03T17:06:57.321+0100] {dagbag.py:537} INFO - Filling up the DagBag from /Users/uab910/dev/nnam-poc/pyenv/lib/python3.10/site-packages/airflow/example_dags/example_short_circuit_decorator.py
[2023-03-03T17:06:57.395+0100] {processor.py:766} INFO - DAG(s) dict_keys(['example_short_circuit_decorator']) retrieved from /Users/uab910/dev/nnam-poc/pyenv/lib/python3.10/site-packages/airflow/example_dags/example_short_circuit_decorator.py
[2023-03-03T17:06:57.580+0100] {logging_mixin.py:137} INFO - [2023-03-03T17:06:57.580+0100] {dag.py:2585} INFO - Sync 1 DAGs
[2023-03-03T17:06:57.595+0100] {logging_mixin.py:137} INFO - [2023-03-03T17:06:57.594+0100] {dag.py:3336} INFO - Setting next_dagrun for example_short_circuit_decorator to 2023-03-02T16:06:57.594782+00:00, run_after=2023-03-03T16:06:57.594782+00:00
[2023-03-03T17:06:57.611+0100] {processor.py:176} INFO - Processing /Users/uab910/dev/nnam-poc/pyenv/lib/python3.10/site-packages/airflow/example_dags/example_short_circuit_decorator.py took 0.297 seconds
[2023-03-03T17:08:38.274+0100] {processor.py:154} INFO - Started process (PID=59758) to work on /Users/uab910/dev/nnam-poc/pyenv/lib/python3.10/site-packages/airflow/example_dags/example_short_circuit_decorator.py
[2023-03-03T17:08:38.280+0100] {processor.py:756} INFO - Processing file /Users/uab910/dev/nnam-poc/pyenv/lib/python3.10/site-packages/airflow/example_dags/example_short_circuit_decorator.py for tasks to queue
[2023-03-03T17:08:38.281+0100] {logging_mixin.py:137} INFO - [2023-03-03T17:08:38.281+0100] {dagbag.py:537} INFO - Filling up the DagBag from /Users/uab910/dev/nnam-poc/pyenv/lib/python3.10/site-packages/airflow/example_dags/example_short_circuit_decorator.py
[2023-03-03T17:08:38.341+0100] {processor.py:766} INFO - DAG(s) dict_keys(['example_short_circuit_decorator']) retrieved from /Users/uab910/dev/nnam-poc/pyenv/lib/python3.10/site-packages/airflow/example_dags/example_short_circuit_decorator.py
[2023-03-03T17:08:38.502+0100] {logging_mixin.py:137} INFO - [2023-03-03T17:08:38.502+0100] {dag.py:2585} INFO - Sync 1 DAGs
[2023-03-03T17:08:38.515+0100] {logging_mixin.py:137} INFO - [2023-03-03T17:08:38.515+0100] {dag.py:3336} INFO - Setting next_dagrun for example_short_circuit_decorator to 2023-03-02T16:08:38.515369+00:00, run_after=2023-03-03T16:08:38.515369+00:00
[2023-03-03T17:08:38.531+0100] {processor.py:176} INFO - Processing /Users/uab910/dev/nnam-poc/pyenv/lib/python3.10/site-packages/airflow/example_dags/example_short_circuit_decorator.py took 0.257 seconds
[2023-03-03T17:10:06.551+0100] {processor.py:154} INFO - Started process (PID=59807) to work on /Users/uab910/dev/nnam-poc/pyenv/lib/python3.10/site-packages/airflow/example_dags/example_short_circuit_decorator.py
[2023-03-03T17:10:06.557+0100] {processor.py:756} INFO - Processing file /Users/uab910/dev/nnam-poc/pyenv/lib/python3.10/site-packages/airflow/example_dags/example_short_circuit_decorator.py for tasks to queue
[2023-03-03T17:10:06.557+0100] {logging_mixin.py:137} INFO - [2023-03-03T17:10:06.557+0100] {dagbag.py:537} INFO - Filling up the DagBag from /Users/uab910/dev/nnam-poc/pyenv/lib/python3.10/site-packages/airflow/example_dags/example_short_circuit_decorator.py
[2023-03-03T17:10:06.617+0100] {processor.py:766} INFO - DAG(s) dict_keys(['example_short_circuit_decorator']) retrieved from /Users/uab910/dev/nnam-poc/pyenv/lib/python3.10/site-packages/airflow/example_dags/example_short_circuit_decorator.py
[2023-03-03T17:10:06.768+0100] {logging_mixin.py:137} INFO - [2023-03-03T17:10:06.768+0100] {dag.py:2585} INFO - Sync 1 DAGs
[2023-03-03T17:10:06.781+0100] {logging_mixin.py:137} INFO - [2023-03-03T17:10:06.780+0100] {dag.py:3336} INFO - Setting next_dagrun for example_short_circuit_decorator to 2023-03-02T16:10:06.780794+00:00, run_after=2023-03-03T16:10:06.780794+00:00
[2023-03-03T17:10:06.796+0100] {processor.py:176} INFO - Processing /Users/uab910/dev/nnam-poc/pyenv/lib/python3.10/site-packages/airflow/example_dags/example_short_circuit_decorator.py took 0.245 seconds
[2023-03-03T17:11:34.961+0100] {processor.py:154} INFO - Started process (PID=59858) to work on /Users/uab910/dev/nnam-poc/pyenv/lib/python3.10/site-packages/airflow/example_dags/example_short_circuit_decorator.py
[2023-03-03T17:11:34.966+0100] {processor.py:756} INFO - Processing file /Users/uab910/dev/nnam-poc/pyenv/lib/python3.10/site-packages/airflow/example_dags/example_short_circuit_decorator.py for tasks to queue
[2023-03-03T17:11:34.966+0100] {logging_mixin.py:137} INFO - [2023-03-03T17:11:34.966+0100] {dagbag.py:537} INFO - Filling up the DagBag from /Users/uab910/dev/nnam-poc/pyenv/lib/python3.10/site-packages/airflow/example_dags/example_short_circuit_decorator.py
[2023-03-03T17:11:35.022+0100] {processor.py:766} INFO - DAG(s) dict_keys(['example_short_circuit_decorator']) retrieved from /Users/uab910/dev/nnam-poc/pyenv/lib/python3.10/site-packages/airflow/example_dags/example_short_circuit_decorator.py
[2023-03-03T17:11:35.188+0100] {logging_mixin.py:137} INFO - [2023-03-03T17:11:35.188+0100] {dag.py:2585} INFO - Sync 1 DAGs
[2023-03-03T17:11:35.200+0100] {logging_mixin.py:137} INFO - [2023-03-03T17:11:35.200+0100] {dag.py:3336} INFO - Setting next_dagrun for example_short_circuit_decorator to 2023-03-02T16:11:35.200712+00:00, run_after=2023-03-03T16:11:35.200712+00:00
[2023-03-03T17:11:35.215+0100] {processor.py:176} INFO - Processing /Users/uab910/dev/nnam-poc/pyenv/lib/python3.10/site-packages/airflow/example_dags/example_short_circuit_decorator.py took 0.254 seconds
[2023-03-03T17:13:04.604+0100] {processor.py:154} INFO - Started process (PID=59934) to work on /Users/uab910/dev/nnam-poc/pyenv/lib/python3.10/site-packages/airflow/example_dags/example_short_circuit_decorator.py
[2023-03-03T17:13:04.609+0100] {processor.py:756} INFO - Processing file /Users/uab910/dev/nnam-poc/pyenv/lib/python3.10/site-packages/airflow/example_dags/example_short_circuit_decorator.py for tasks to queue
[2023-03-03T17:13:04.610+0100] {logging_mixin.py:137} INFO - [2023-03-03T17:13:04.609+0100] {dagbag.py:537} INFO - Filling up the DagBag from /Users/uab910/dev/nnam-poc/pyenv/lib/python3.10/site-packages/airflow/example_dags/example_short_circuit_decorator.py
[2023-03-03T17:13:04.673+0100] {processor.py:766} INFO - DAG(s) dict_keys(['example_short_circuit_decorator']) retrieved from /Users/uab910/dev/nnam-poc/pyenv/lib/python3.10/site-packages/airflow/example_dags/example_short_circuit_decorator.py
[2023-03-03T17:13:04.857+0100] {logging_mixin.py:137} INFO - [2023-03-03T17:13:04.857+0100] {dag.py:2585} INFO - Sync 1 DAGs
[2023-03-03T17:13:04.873+0100] {logging_mixin.py:137} INFO - [2023-03-03T17:13:04.872+0100] {dag.py:3336} INFO - Setting next_dagrun for example_short_circuit_decorator to 2023-03-02T16:13:04.872853+00:00, run_after=2023-03-03T16:13:04.872853+00:00
[2023-03-03T17:13:04.891+0100] {processor.py:176} INFO - Processing /Users/uab910/dev/nnam-poc/pyenv/lib/python3.10/site-packages/airflow/example_dags/example_short_circuit_decorator.py took 0.288 seconds
[2023-03-03T17:14:36.600+0100] {processor.py:154} INFO - Started process (PID=60002) to work on /Users/uab910/dev/nnam-poc/pyenv/lib/python3.10/site-packages/airflow/example_dags/example_short_circuit_decorator.py
[2023-03-03T17:14:36.606+0100] {processor.py:756} INFO - Processing file /Users/uab910/dev/nnam-poc/pyenv/lib/python3.10/site-packages/airflow/example_dags/example_short_circuit_decorator.py for tasks to queue
[2023-03-03T17:14:36.607+0100] {logging_mixin.py:137} INFO - [2023-03-03T17:14:36.606+0100] {dagbag.py:537} INFO - Filling up the DagBag from /Users/uab910/dev/nnam-poc/pyenv/lib/python3.10/site-packages/airflow/example_dags/example_short_circuit_decorator.py
[2023-03-03T17:14:36.670+0100] {processor.py:766} INFO - DAG(s) dict_keys(['example_short_circuit_decorator']) retrieved from /Users/uab910/dev/nnam-poc/pyenv/lib/python3.10/site-packages/airflow/example_dags/example_short_circuit_decorator.py
[2023-03-03T17:14:36.858+0100] {logging_mixin.py:137} INFO - [2023-03-03T17:14:36.857+0100] {dag.py:2585} INFO - Sync 1 DAGs
[2023-03-03T17:14:36.874+0100] {logging_mixin.py:137} INFO - [2023-03-03T17:14:36.874+0100] {dag.py:3336} INFO - Setting next_dagrun for example_short_circuit_decorator to 2023-03-02T16:14:36.874274+00:00, run_after=2023-03-03T16:14:36.874274+00:00
[2023-03-03T17:14:36.892+0100] {processor.py:176} INFO - Processing /Users/uab910/dev/nnam-poc/pyenv/lib/python3.10/site-packages/airflow/example_dags/example_short_circuit_decorator.py took 0.292 seconds
[2023-03-03T17:16:09.414+0100] {processor.py:154} INFO - Started process (PID=60059) to work on /Users/uab910/dev/nnam-poc/pyenv/lib/python3.10/site-packages/airflow/example_dags/example_short_circuit_decorator.py
[2023-03-03T17:16:09.419+0100] {processor.py:756} INFO - Processing file /Users/uab910/dev/nnam-poc/pyenv/lib/python3.10/site-packages/airflow/example_dags/example_short_circuit_decorator.py for tasks to queue
[2023-03-03T17:16:09.419+0100] {logging_mixin.py:137} INFO - [2023-03-03T17:16:09.419+0100] {dagbag.py:537} INFO - Filling up the DagBag from /Users/uab910/dev/nnam-poc/pyenv/lib/python3.10/site-packages/airflow/example_dags/example_short_circuit_decorator.py
[2023-03-03T17:16:09.477+0100] {processor.py:766} INFO - DAG(s) dict_keys(['example_short_circuit_decorator']) retrieved from /Users/uab910/dev/nnam-poc/pyenv/lib/python3.10/site-packages/airflow/example_dags/example_short_circuit_decorator.py
[2023-03-03T17:16:09.630+0100] {logging_mixin.py:137} INFO - [2023-03-03T17:16:09.630+0100] {dag.py:2585} INFO - Sync 1 DAGs
[2023-03-03T17:16:09.643+0100] {logging_mixin.py:137} INFO - [2023-03-03T17:16:09.643+0100] {dag.py:3336} INFO - Setting next_dagrun for example_short_circuit_decorator to 2023-03-02T16:16:09.643168+00:00, run_after=2023-03-03T16:16:09.643168+00:00
[2023-03-03T17:16:09.656+0100] {processor.py:176} INFO - Processing /Users/uab910/dev/nnam-poc/pyenv/lib/python3.10/site-packages/airflow/example_dags/example_short_circuit_decorator.py took 0.243 seconds
[2023-03-03T17:17:41.454+0100] {processor.py:154} INFO - Started process (PID=60115) to work on /Users/uab910/dev/nnam-poc/pyenv/lib/python3.10/site-packages/airflow/example_dags/example_short_circuit_decorator.py
[2023-03-03T17:17:41.460+0100] {processor.py:756} INFO - Processing file /Users/uab910/dev/nnam-poc/pyenv/lib/python3.10/site-packages/airflow/example_dags/example_short_circuit_decorator.py for tasks to queue
[2023-03-03T17:17:41.461+0100] {logging_mixin.py:137} INFO - [2023-03-03T17:17:41.460+0100] {dagbag.py:537} INFO - Filling up the DagBag from /Users/uab910/dev/nnam-poc/pyenv/lib/python3.10/site-packages/airflow/example_dags/example_short_circuit_decorator.py
[2023-03-03T17:17:41.524+0100] {processor.py:766} INFO - DAG(s) dict_keys(['example_short_circuit_decorator']) retrieved from /Users/uab910/dev/nnam-poc/pyenv/lib/python3.10/site-packages/airflow/example_dags/example_short_circuit_decorator.py
[2023-03-03T17:17:41.679+0100] {logging_mixin.py:137} INFO - [2023-03-03T17:17:41.679+0100] {dag.py:2585} INFO - Sync 1 DAGs
[2023-03-03T17:17:41.693+0100] {logging_mixin.py:137} INFO - [2023-03-03T17:17:41.693+0100] {dag.py:3336} INFO - Setting next_dagrun for example_short_circuit_decorator to 2023-03-02T16:17:41.693593+00:00, run_after=2023-03-03T16:17:41.693593+00:00
[2023-03-03T17:17:41.709+0100] {processor.py:176} INFO - Processing /Users/uab910/dev/nnam-poc/pyenv/lib/python3.10/site-packages/airflow/example_dags/example_short_circuit_decorator.py took 0.256 seconds
[2023-03-03T17:19:09.801+0100] {processor.py:154} INFO - Started process (PID=60172) to work on /Users/uab910/dev/nnam-poc/pyenv/lib/python3.10/site-packages/airflow/example_dags/example_short_circuit_decorator.py
[2023-03-03T17:19:09.805+0100] {processor.py:756} INFO - Processing file /Users/uab910/dev/nnam-poc/pyenv/lib/python3.10/site-packages/airflow/example_dags/example_short_circuit_decorator.py for tasks to queue
[2023-03-03T17:19:09.806+0100] {logging_mixin.py:137} INFO - [2023-03-03T17:19:09.806+0100] {dagbag.py:537} INFO - Filling up the DagBag from /Users/uab910/dev/nnam-poc/pyenv/lib/python3.10/site-packages/airflow/example_dags/example_short_circuit_decorator.py
[2023-03-03T17:19:09.870+0100] {processor.py:766} INFO - DAG(s) dict_keys(['example_short_circuit_decorator']) retrieved from /Users/uab910/dev/nnam-poc/pyenv/lib/python3.10/site-packages/airflow/example_dags/example_short_circuit_decorator.py
[2023-03-03T17:19:10.046+0100] {logging_mixin.py:137} INFO - [2023-03-03T17:19:10.046+0100] {dag.py:2585} INFO - Sync 1 DAGs
[2023-03-03T17:19:10.064+0100] {logging_mixin.py:137} INFO - [2023-03-03T17:19:10.064+0100] {dag.py:3336} INFO - Setting next_dagrun for example_short_circuit_decorator to 2023-03-02T16:19:10.064415+00:00, run_after=2023-03-03T16:19:10.064415+00:00
[2023-03-03T17:19:10.087+0100] {processor.py:176} INFO - Processing /Users/uab910/dev/nnam-poc/pyenv/lib/python3.10/site-packages/airflow/example_dags/example_short_circuit_decorator.py took 0.287 seconds
