[2023-03-03T16:01:55.444+0100] {processor.py:154} INFO - Started process (PID=57155) to work on /Users/uab910/dev/nnam-poc/pyenv/lib/python3.10/site-packages/airflow/example_dags/example_branch_day_of_week_operator.py
[2023-03-03T16:01:55.449+0100] {processor.py:756} INFO - Processing file /Users/uab910/dev/nnam-poc/pyenv/lib/python3.10/site-packages/airflow/example_dags/example_branch_day_of_week_operator.py for tasks to queue
[2023-03-03T16:01:55.450+0100] {logging_mixin.py:137} INFO - [2023-03-03T16:01:55.449+0100] {dagbag.py:537} INFO - Filling up the DagBag from /Users/uab910/dev/nnam-poc/pyenv/lib/python3.10/site-packages/airflow/example_dags/example_branch_day_of_week_operator.py
[2023-03-03T16:01:55.487+0100] {processor.py:766} INFO - DAG(s) dict_keys(['example_weekday_branch_operator']) retrieved from /Users/uab910/dev/nnam-poc/pyenv/lib/python3.10/site-packages/airflow/example_dags/example_branch_day_of_week_operator.py
[2023-03-03T16:01:56.750+0100] {logging_mixin.py:137} INFO - [2023-03-03T16:01:56.750+0100] {manager.py:507} INFO - Created Permission View: can read on DAG:example_weekday_branch_operator
[2023-03-03T16:01:56.758+0100] {logging_mixin.py:137} INFO - [2023-03-03T16:01:56.758+0100] {manager.py:507} INFO - Created Permission View: can delete on DAG:example_weekday_branch_operator
[2023-03-03T16:01:56.764+0100] {logging_mixin.py:137} INFO - [2023-03-03T16:01:56.764+0100] {manager.py:507} INFO - Created Permission View: can edit on DAG:example_weekday_branch_operator
[2023-03-03T16:01:56.765+0100] {logging_mixin.py:137} INFO - [2023-03-03T16:01:56.764+0100] {dag.py:2585} INFO - Sync 1 DAGs
[2023-03-03T16:01:56.775+0100] {logging_mixin.py:137} INFO - [2023-03-03T16:01:56.774+0100] {dag.py:2606} INFO - Creating ORM DAG for example_weekday_branch_operator
[2023-03-03T16:01:56.784+0100] {logging_mixin.py:137} INFO - [2023-03-03T16:01:56.784+0100] {dag.py:3336} INFO - Setting next_dagrun for example_weekday_branch_operator to 2023-03-02T00:00:00+00:00, run_after=2023-03-03T00:00:00+00:00
[2023-03-03T16:01:56.802+0100] {processor.py:176} INFO - Processing /Users/uab910/dev/nnam-poc/pyenv/lib/python3.10/site-packages/airflow/example_dags/example_branch_day_of_week_operator.py took 1.359 seconds
[2023-03-03T16:03:45.924+0100] {processor.py:154} INFO - Started process (PID=57269) to work on /Users/uab910/dev/nnam-poc/pyenv/lib/python3.10/site-packages/airflow/example_dags/example_branch_day_of_week_operator.py
[2023-03-03T16:03:45.929+0100] {processor.py:756} INFO - Processing file /Users/uab910/dev/nnam-poc/pyenv/lib/python3.10/site-packages/airflow/example_dags/example_branch_day_of_week_operator.py for tasks to queue
[2023-03-03T16:03:45.930+0100] {logging_mixin.py:137} INFO - [2023-03-03T16:03:45.930+0100] {dagbag.py:537} INFO - Filling up the DagBag from /Users/uab910/dev/nnam-poc/pyenv/lib/python3.10/site-packages/airflow/example_dags/example_branch_day_of_week_operator.py
[2023-03-03T16:03:45.962+0100] {processor.py:766} INFO - DAG(s) dict_keys(['example_weekday_branch_operator']) retrieved from /Users/uab910/dev/nnam-poc/pyenv/lib/python3.10/site-packages/airflow/example_dags/example_branch_day_of_week_operator.py
[2023-03-03T16:03:46.142+0100] {logging_mixin.py:137} INFO - [2023-03-03T16:03:46.142+0100] {dag.py:2585} INFO - Sync 1 DAGs
[2023-03-03T16:03:46.161+0100] {logging_mixin.py:137} INFO - [2023-03-03T16:03:46.160+0100] {dag.py:3336} INFO - Setting next_dagrun for example_weekday_branch_operator to 2023-03-02T00:00:00+00:00, run_after=2023-03-03T00:00:00+00:00
[2023-03-03T16:03:46.178+0100] {processor.py:176} INFO - Processing /Users/uab910/dev/nnam-poc/pyenv/lib/python3.10/site-packages/airflow/example_dags/example_branch_day_of_week_operator.py took 0.254 seconds
[2023-03-03T16:05:01.308+0100] {processor.py:154} INFO - Started process (PID=57317) to work on /Users/uab910/dev/nnam-poc/pyenv/lib/python3.10/site-packages/airflow/example_dags/example_branch_day_of_week_operator.py
[2023-03-03T16:05:01.314+0100] {processor.py:756} INFO - Processing file /Users/uab910/dev/nnam-poc/pyenv/lib/python3.10/site-packages/airflow/example_dags/example_branch_day_of_week_operator.py for tasks to queue
[2023-03-03T16:05:01.315+0100] {logging_mixin.py:137} INFO - [2023-03-03T16:05:01.314+0100] {dagbag.py:537} INFO - Filling up the DagBag from /Users/uab910/dev/nnam-poc/pyenv/lib/python3.10/site-packages/airflow/example_dags/example_branch_day_of_week_operator.py
[2023-03-03T16:05:01.390+0100] {processor.py:766} INFO - DAG(s) dict_keys(['example_weekday_branch_operator']) retrieved from /Users/uab910/dev/nnam-poc/pyenv/lib/python3.10/site-packages/airflow/example_dags/example_branch_day_of_week_operator.py
[2023-03-03T16:05:01.663+0100] {logging_mixin.py:137} INFO - [2023-03-03T16:05:01.663+0100] {dag.py:2585} INFO - Sync 1 DAGs
[2023-03-03T16:05:01.695+0100] {logging_mixin.py:137} INFO - [2023-03-03T16:05:01.695+0100] {dag.py:3336} INFO - Setting next_dagrun for example_weekday_branch_operator to 2023-03-02T00:00:00+00:00, run_after=2023-03-03T00:00:00+00:00
[2023-03-03T16:05:01.733+0100] {processor.py:176} INFO - Processing /Users/uab910/dev/nnam-poc/pyenv/lib/python3.10/site-packages/airflow/example_dags/example_branch_day_of_week_operator.py took 0.427 seconds
[2023-03-03T16:06:15.520+0100] {processor.py:154} INFO - Started process (PID=57359) to work on /Users/uab910/dev/nnam-poc/pyenv/lib/python3.10/site-packages/airflow/example_dags/example_branch_day_of_week_operator.py
[2023-03-03T16:06:15.526+0100] {processor.py:756} INFO - Processing file /Users/uab910/dev/nnam-poc/pyenv/lib/python3.10/site-packages/airflow/example_dags/example_branch_day_of_week_operator.py for tasks to queue
[2023-03-03T16:06:15.527+0100] {logging_mixin.py:137} INFO - [2023-03-03T16:06:15.526+0100] {dagbag.py:537} INFO - Filling up the DagBag from /Users/uab910/dev/nnam-poc/pyenv/lib/python3.10/site-packages/airflow/example_dags/example_branch_day_of_week_operator.py
[2023-03-03T16:06:15.566+0100] {processor.py:766} INFO - DAG(s) dict_keys(['example_weekday_branch_operator']) retrieved from /Users/uab910/dev/nnam-poc/pyenv/lib/python3.10/site-packages/airflow/example_dags/example_branch_day_of_week_operator.py
[2023-03-03T16:06:15.770+0100] {logging_mixin.py:137} INFO - [2023-03-03T16:06:15.770+0100] {dag.py:2585} INFO - Sync 1 DAGs
[2023-03-03T16:06:15.785+0100] {logging_mixin.py:137} INFO - [2023-03-03T16:06:15.785+0100] {dag.py:3336} INFO - Setting next_dagrun for example_weekday_branch_operator to 2023-03-02T00:00:00+00:00, run_after=2023-03-03T00:00:00+00:00
[2023-03-03T16:06:15.801+0100] {processor.py:176} INFO - Processing /Users/uab910/dev/nnam-poc/pyenv/lib/python3.10/site-packages/airflow/example_dags/example_branch_day_of_week_operator.py took 0.281 seconds
[2023-03-03T16:07:40.424+0100] {processor.py:154} INFO - Started process (PID=57418) to work on /Users/uab910/dev/nnam-poc/pyenv/lib/python3.10/site-packages/airflow/example_dags/example_branch_day_of_week_operator.py
[2023-03-03T16:07:40.430+0100] {processor.py:756} INFO - Processing file /Users/uab910/dev/nnam-poc/pyenv/lib/python3.10/site-packages/airflow/example_dags/example_branch_day_of_week_operator.py for tasks to queue
[2023-03-03T16:07:40.430+0100] {logging_mixin.py:137} INFO - [2023-03-03T16:07:40.430+0100] {dagbag.py:537} INFO - Filling up the DagBag from /Users/uab910/dev/nnam-poc/pyenv/lib/python3.10/site-packages/airflow/example_dags/example_branch_day_of_week_operator.py
[2023-03-03T16:07:40.476+0100] {processor.py:766} INFO - DAG(s) dict_keys(['example_weekday_branch_operator']) retrieved from /Users/uab910/dev/nnam-poc/pyenv/lib/python3.10/site-packages/airflow/example_dags/example_branch_day_of_week_operator.py
[2023-03-03T16:07:40.656+0100] {logging_mixin.py:137} INFO - [2023-03-03T16:07:40.656+0100] {dag.py:2585} INFO - Sync 1 DAGs
[2023-03-03T16:07:40.671+0100] {logging_mixin.py:137} INFO - [2023-03-03T16:07:40.670+0100] {dag.py:3336} INFO - Setting next_dagrun for example_weekday_branch_operator to 2023-03-02T00:00:00+00:00, run_after=2023-03-03T00:00:00+00:00
[2023-03-03T16:07:40.685+0100] {processor.py:176} INFO - Processing /Users/uab910/dev/nnam-poc/pyenv/lib/python3.10/site-packages/airflow/example_dags/example_branch_day_of_week_operator.py took 0.262 seconds
[2023-03-03T16:08:57.453+0100] {processor.py:154} INFO - Started process (PID=57475) to work on /Users/uab910/dev/nnam-poc/pyenv/lib/python3.10/site-packages/airflow/example_dags/example_branch_day_of_week_operator.py
[2023-03-03T16:08:57.459+0100] {processor.py:756} INFO - Processing file /Users/uab910/dev/nnam-poc/pyenv/lib/python3.10/site-packages/airflow/example_dags/example_branch_day_of_week_operator.py for tasks to queue
[2023-03-03T16:08:57.460+0100] {logging_mixin.py:137} INFO - [2023-03-03T16:08:57.460+0100] {dagbag.py:537} INFO - Filling up the DagBag from /Users/uab910/dev/nnam-poc/pyenv/lib/python3.10/site-packages/airflow/example_dags/example_branch_day_of_week_operator.py
[2023-03-03T16:08:57.501+0100] {processor.py:766} INFO - DAG(s) dict_keys(['example_weekday_branch_operator']) retrieved from /Users/uab910/dev/nnam-poc/pyenv/lib/python3.10/site-packages/airflow/example_dags/example_branch_day_of_week_operator.py
[2023-03-03T16:08:57.686+0100] {logging_mixin.py:137} INFO - [2023-03-03T16:08:57.686+0100] {dag.py:2585} INFO - Sync 1 DAGs
[2023-03-03T16:08:57.702+0100] {logging_mixin.py:137} INFO - [2023-03-03T16:08:57.702+0100] {dag.py:3336} INFO - Setting next_dagrun for example_weekday_branch_operator to 2023-03-02T00:00:00+00:00, run_after=2023-03-03T00:00:00+00:00
[2023-03-03T16:08:57.718+0100] {processor.py:176} INFO - Processing /Users/uab910/dev/nnam-poc/pyenv/lib/python3.10/site-packages/airflow/example_dags/example_branch_day_of_week_operator.py took 0.265 seconds
[2023-03-03T16:10:13.861+0100] {processor.py:154} INFO - Started process (PID=57514) to work on /Users/uab910/dev/nnam-poc/pyenv/lib/python3.10/site-packages/airflow/example_dags/example_branch_day_of_week_operator.py
[2023-03-03T16:10:13.868+0100] {processor.py:756} INFO - Processing file /Users/uab910/dev/nnam-poc/pyenv/lib/python3.10/site-packages/airflow/example_dags/example_branch_day_of_week_operator.py for tasks to queue
[2023-03-03T16:10:13.868+0100] {logging_mixin.py:137} INFO - [2023-03-03T16:10:13.868+0100] {dagbag.py:537} INFO - Filling up the DagBag from /Users/uab910/dev/nnam-poc/pyenv/lib/python3.10/site-packages/airflow/example_dags/example_branch_day_of_week_operator.py
[2023-03-03T16:10:13.907+0100] {processor.py:766} INFO - DAG(s) dict_keys(['example_weekday_branch_operator']) retrieved from /Users/uab910/dev/nnam-poc/pyenv/lib/python3.10/site-packages/airflow/example_dags/example_branch_day_of_week_operator.py
[2023-03-03T16:10:14.096+0100] {logging_mixin.py:137} INFO - [2023-03-03T16:10:14.096+0100] {dag.py:2585} INFO - Sync 1 DAGs
[2023-03-03T16:10:14.112+0100] {logging_mixin.py:137} INFO - [2023-03-03T16:10:14.112+0100] {dag.py:3336} INFO - Setting next_dagrun for example_weekday_branch_operator to 2023-03-02T00:00:00+00:00, run_after=2023-03-03T00:00:00+00:00
[2023-03-03T16:10:14.130+0100] {processor.py:176} INFO - Processing /Users/uab910/dev/nnam-poc/pyenv/lib/python3.10/site-packages/airflow/example_dags/example_branch_day_of_week_operator.py took 0.269 seconds
[2023-03-03T16:11:32.322+0100] {processor.py:154} INFO - Started process (PID=57561) to work on /Users/uab910/dev/nnam-poc/pyenv/lib/python3.10/site-packages/airflow/example_dags/example_branch_day_of_week_operator.py
[2023-03-03T16:11:32.328+0100] {processor.py:756} INFO - Processing file /Users/uab910/dev/nnam-poc/pyenv/lib/python3.10/site-packages/airflow/example_dags/example_branch_day_of_week_operator.py for tasks to queue
[2023-03-03T16:11:32.328+0100] {logging_mixin.py:137} INFO - [2023-03-03T16:11:32.328+0100] {dagbag.py:537} INFO - Filling up the DagBag from /Users/uab910/dev/nnam-poc/pyenv/lib/python3.10/site-packages/airflow/example_dags/example_branch_day_of_week_operator.py
[2023-03-03T16:11:32.367+0100] {processor.py:766} INFO - DAG(s) dict_keys(['example_weekday_branch_operator']) retrieved from /Users/uab910/dev/nnam-poc/pyenv/lib/python3.10/site-packages/airflow/example_dags/example_branch_day_of_week_operator.py
[2023-03-03T16:11:32.563+0100] {logging_mixin.py:137} INFO - [2023-03-03T16:11:32.562+0100] {dag.py:2585} INFO - Sync 1 DAGs
[2023-03-03T16:11:32.581+0100] {logging_mixin.py:137} INFO - [2023-03-03T16:11:32.581+0100] {dag.py:3336} INFO - Setting next_dagrun for example_weekday_branch_operator to 2023-03-02T00:00:00+00:00, run_after=2023-03-03T00:00:00+00:00
[2023-03-03T16:11:32.598+0100] {processor.py:176} INFO - Processing /Users/uab910/dev/nnam-poc/pyenv/lib/python3.10/site-packages/airflow/example_dags/example_branch_day_of_week_operator.py took 0.277 seconds
[2023-03-03T16:12:46.912+0100] {processor.py:154} INFO - Started process (PID=57599) to work on /Users/uab910/dev/nnam-poc/pyenv/lib/python3.10/site-packages/airflow/example_dags/example_branch_day_of_week_operator.py
[2023-03-03T16:12:46.918+0100] {processor.py:756} INFO - Processing file /Users/uab910/dev/nnam-poc/pyenv/lib/python3.10/site-packages/airflow/example_dags/example_branch_day_of_week_operator.py for tasks to queue
[2023-03-03T16:12:46.919+0100] {logging_mixin.py:137} INFO - [2023-03-03T16:12:46.919+0100] {dagbag.py:537} INFO - Filling up the DagBag from /Users/uab910/dev/nnam-poc/pyenv/lib/python3.10/site-packages/airflow/example_dags/example_branch_day_of_week_operator.py
[2023-03-03T16:12:46.954+0100] {processor.py:766} INFO - DAG(s) dict_keys(['example_weekday_branch_operator']) retrieved from /Users/uab910/dev/nnam-poc/pyenv/lib/python3.10/site-packages/airflow/example_dags/example_branch_day_of_week_operator.py
[2023-03-03T16:12:47.165+0100] {logging_mixin.py:137} INFO - [2023-03-03T16:12:47.164+0100] {dag.py:2585} INFO - Sync 1 DAGs
[2023-03-03T16:12:47.185+0100] {logging_mixin.py:137} INFO - [2023-03-03T16:12:47.184+0100] {dag.py:3336} INFO - Setting next_dagrun for example_weekday_branch_operator to 2023-03-02T00:00:00+00:00, run_after=2023-03-03T00:00:00+00:00
[2023-03-03T16:12:47.203+0100] {processor.py:176} INFO - Processing /Users/uab910/dev/nnam-poc/pyenv/lib/python3.10/site-packages/airflow/example_dags/example_branch_day_of_week_operator.py took 0.291 seconds
[2023-03-03T16:14:01.484+0100] {processor.py:154} INFO - Started process (PID=57652) to work on /Users/uab910/dev/nnam-poc/pyenv/lib/python3.10/site-packages/airflow/example_dags/example_branch_day_of_week_operator.py
[2023-03-03T16:14:01.490+0100] {processor.py:756} INFO - Processing file /Users/uab910/dev/nnam-poc/pyenv/lib/python3.10/site-packages/airflow/example_dags/example_branch_day_of_week_operator.py for tasks to queue
[2023-03-03T16:14:01.491+0100] {logging_mixin.py:137} INFO - [2023-03-03T16:14:01.491+0100] {dagbag.py:537} INFO - Filling up the DagBag from /Users/uab910/dev/nnam-poc/pyenv/lib/python3.10/site-packages/airflow/example_dags/example_branch_day_of_week_operator.py
[2023-03-03T16:14:01.529+0100] {processor.py:766} INFO - DAG(s) dict_keys(['example_weekday_branch_operator']) retrieved from /Users/uab910/dev/nnam-poc/pyenv/lib/python3.10/site-packages/airflow/example_dags/example_branch_day_of_week_operator.py
[2023-03-03T16:14:01.715+0100] {logging_mixin.py:137} INFO - [2023-03-03T16:14:01.715+0100] {dag.py:2585} INFO - Sync 1 DAGs
[2023-03-03T16:14:01.730+0100] {logging_mixin.py:137} INFO - [2023-03-03T16:14:01.730+0100] {dag.py:3336} INFO - Setting next_dagrun for example_weekday_branch_operator to 2023-03-02T00:00:00+00:00, run_after=2023-03-03T00:00:00+00:00
[2023-03-03T16:14:01.745+0100] {processor.py:176} INFO - Processing /Users/uab910/dev/nnam-poc/pyenv/lib/python3.10/site-packages/airflow/example_dags/example_branch_day_of_week_operator.py took 0.262 seconds
[2023-03-03T16:15:17.432+0100] {processor.py:154} INFO - Started process (PID=57716) to work on /Users/uab910/dev/nnam-poc/pyenv/lib/python3.10/site-packages/airflow/example_dags/example_branch_day_of_week_operator.py
[2023-03-03T16:15:17.438+0100] {processor.py:756} INFO - Processing file /Users/uab910/dev/nnam-poc/pyenv/lib/python3.10/site-packages/airflow/example_dags/example_branch_day_of_week_operator.py for tasks to queue
[2023-03-03T16:15:17.439+0100] {logging_mixin.py:137} INFO - [2023-03-03T16:15:17.439+0100] {dagbag.py:537} INFO - Filling up the DagBag from /Users/uab910/dev/nnam-poc/pyenv/lib/python3.10/site-packages/airflow/example_dags/example_branch_day_of_week_operator.py
[2023-03-03T16:15:17.478+0100] {processor.py:766} INFO - DAG(s) dict_keys(['example_weekday_branch_operator']) retrieved from /Users/uab910/dev/nnam-poc/pyenv/lib/python3.10/site-packages/airflow/example_dags/example_branch_day_of_week_operator.py
[2023-03-03T16:15:17.666+0100] {logging_mixin.py:137} INFO - [2023-03-03T16:15:17.665+0100] {dag.py:2585} INFO - Sync 1 DAGs
[2023-03-03T16:15:17.681+0100] {logging_mixin.py:137} INFO - [2023-03-03T16:15:17.681+0100] {dag.py:3336} INFO - Setting next_dagrun for example_weekday_branch_operator to 2023-03-02T00:00:00+00:00, run_after=2023-03-03T00:00:00+00:00
[2023-03-03T16:15:17.696+0100] {processor.py:176} INFO - Processing /Users/uab910/dev/nnam-poc/pyenv/lib/python3.10/site-packages/airflow/example_dags/example_branch_day_of_week_operator.py took 0.264 seconds
[2023-03-03T16:16:37.194+0100] {processor.py:154} INFO - Started process (PID=57769) to work on /Users/uab910/dev/nnam-poc/pyenv/lib/python3.10/site-packages/airflow/example_dags/example_branch_day_of_week_operator.py
[2023-03-03T16:16:37.201+0100] {processor.py:756} INFO - Processing file /Users/uab910/dev/nnam-poc/pyenv/lib/python3.10/site-packages/airflow/example_dags/example_branch_day_of_week_operator.py for tasks to queue
[2023-03-03T16:16:37.201+0100] {logging_mixin.py:137} INFO - [2023-03-03T16:16:37.201+0100] {dagbag.py:537} INFO - Filling up the DagBag from /Users/uab910/dev/nnam-poc/pyenv/lib/python3.10/site-packages/airflow/example_dags/example_branch_day_of_week_operator.py
[2023-03-03T16:16:37.242+0100] {processor.py:766} INFO - DAG(s) dict_keys(['example_weekday_branch_operator']) retrieved from /Users/uab910/dev/nnam-poc/pyenv/lib/python3.10/site-packages/airflow/example_dags/example_branch_day_of_week_operator.py
[2023-03-03T16:16:37.444+0100] {logging_mixin.py:137} INFO - [2023-03-03T16:16:37.444+0100] {dag.py:2585} INFO - Sync 1 DAGs
[2023-03-03T16:16:37.464+0100] {logging_mixin.py:137} INFO - [2023-03-03T16:16:37.464+0100] {dag.py:3336} INFO - Setting next_dagrun for example_weekday_branch_operator to 2023-03-02T00:00:00+00:00, run_after=2023-03-03T00:00:00+00:00
[2023-03-03T16:16:37.483+0100] {processor.py:176} INFO - Processing /Users/uab910/dev/nnam-poc/pyenv/lib/python3.10/site-packages/airflow/example_dags/example_branch_day_of_week_operator.py took 0.290 seconds
[2023-03-03T16:17:55.958+0100] {processor.py:154} INFO - Started process (PID=57854) to work on /Users/uab910/dev/nnam-poc/pyenv/lib/python3.10/site-packages/airflow/example_dags/example_branch_day_of_week_operator.py
[2023-03-03T16:17:55.965+0100] {processor.py:756} INFO - Processing file /Users/uab910/dev/nnam-poc/pyenv/lib/python3.10/site-packages/airflow/example_dags/example_branch_day_of_week_operator.py for tasks to queue
[2023-03-03T16:17:55.965+0100] {logging_mixin.py:137} INFO - [2023-03-03T16:17:55.965+0100] {dagbag.py:537} INFO - Filling up the DagBag from /Users/uab910/dev/nnam-poc/pyenv/lib/python3.10/site-packages/airflow/example_dags/example_branch_day_of_week_operator.py
[2023-03-03T16:17:56.005+0100] {processor.py:766} INFO - DAG(s) dict_keys(['example_weekday_branch_operator']) retrieved from /Users/uab910/dev/nnam-poc/pyenv/lib/python3.10/site-packages/airflow/example_dags/example_branch_day_of_week_operator.py
[2023-03-03T16:17:56.203+0100] {logging_mixin.py:137} INFO - [2023-03-03T16:17:56.203+0100] {dag.py:2585} INFO - Sync 1 DAGs
[2023-03-03T16:17:56.218+0100] {logging_mixin.py:137} INFO - [2023-03-03T16:17:56.218+0100] {dag.py:3336} INFO - Setting next_dagrun for example_weekday_branch_operator to 2023-03-02T00:00:00+00:00, run_after=2023-03-03T00:00:00+00:00
[2023-03-03T16:17:56.233+0100] {processor.py:176} INFO - Processing /Users/uab910/dev/nnam-poc/pyenv/lib/python3.10/site-packages/airflow/example_dags/example_branch_day_of_week_operator.py took 0.275 seconds
[2023-03-03T16:19:14.645+0100] {processor.py:154} INFO - Started process (PID=57915) to work on /Users/uab910/dev/nnam-poc/pyenv/lib/python3.10/site-packages/airflow/example_dags/example_branch_day_of_week_operator.py
[2023-03-03T16:19:14.651+0100] {processor.py:756} INFO - Processing file /Users/uab910/dev/nnam-poc/pyenv/lib/python3.10/site-packages/airflow/example_dags/example_branch_day_of_week_operator.py for tasks to queue
[2023-03-03T16:19:14.652+0100] {logging_mixin.py:137} INFO - [2023-03-03T16:19:14.652+0100] {dagbag.py:537} INFO - Filling up the DagBag from /Users/uab910/dev/nnam-poc/pyenv/lib/python3.10/site-packages/airflow/example_dags/example_branch_day_of_week_operator.py
[2023-03-03T16:19:14.693+0100] {processor.py:766} INFO - DAG(s) dict_keys(['example_weekday_branch_operator']) retrieved from /Users/uab910/dev/nnam-poc/pyenv/lib/python3.10/site-packages/airflow/example_dags/example_branch_day_of_week_operator.py
[2023-03-03T16:19:14.875+0100] {logging_mixin.py:137} INFO - [2023-03-03T16:19:14.875+0100] {dag.py:2585} INFO - Sync 1 DAGs
[2023-03-03T16:19:14.890+0100] {logging_mixin.py:137} INFO - [2023-03-03T16:19:14.890+0100] {dag.py:3336} INFO - Setting next_dagrun for example_weekday_branch_operator to 2023-03-02T00:00:00+00:00, run_after=2023-03-03T00:00:00+00:00
[2023-03-03T16:19:14.907+0100] {processor.py:176} INFO - Processing /Users/uab910/dev/nnam-poc/pyenv/lib/python3.10/site-packages/airflow/example_dags/example_branch_day_of_week_operator.py took 0.263 seconds
[2023-03-03T16:20:30.041+0100] {processor.py:154} INFO - Started process (PID=57996) to work on /Users/uab910/dev/nnam-poc/pyenv/lib/python3.10/site-packages/airflow/example_dags/example_branch_day_of_week_operator.py
[2023-03-03T16:20:30.048+0100] {processor.py:756} INFO - Processing file /Users/uab910/dev/nnam-poc/pyenv/lib/python3.10/site-packages/airflow/example_dags/example_branch_day_of_week_operator.py for tasks to queue
[2023-03-03T16:20:30.048+0100] {logging_mixin.py:137} INFO - [2023-03-03T16:20:30.048+0100] {dagbag.py:537} INFO - Filling up the DagBag from /Users/uab910/dev/nnam-poc/pyenv/lib/python3.10/site-packages/airflow/example_dags/example_branch_day_of_week_operator.py
[2023-03-03T16:20:30.087+0100] {processor.py:766} INFO - DAG(s) dict_keys(['example_weekday_branch_operator']) retrieved from /Users/uab910/dev/nnam-poc/pyenv/lib/python3.10/site-packages/airflow/example_dags/example_branch_day_of_week_operator.py
[2023-03-03T16:20:30.313+0100] {logging_mixin.py:137} INFO - [2023-03-03T16:20:30.312+0100] {dag.py:2585} INFO - Sync 1 DAGs
[2023-03-03T16:20:30.328+0100] {logging_mixin.py:137} INFO - [2023-03-03T16:20:30.328+0100] {dag.py:3336} INFO - Setting next_dagrun for example_weekday_branch_operator to 2023-03-02T00:00:00+00:00, run_after=2023-03-03T00:00:00+00:00
[2023-03-03T16:20:30.344+0100] {processor.py:176} INFO - Processing /Users/uab910/dev/nnam-poc/pyenv/lib/python3.10/site-packages/airflow/example_dags/example_branch_day_of_week_operator.py took 0.304 seconds
[2023-03-03T16:21:53.966+0100] {processor.py:154} INFO - Started process (PID=58064) to work on /Users/uab910/dev/nnam-poc/pyenv/lib/python3.10/site-packages/airflow/example_dags/example_branch_day_of_week_operator.py
[2023-03-03T16:21:53.972+0100] {processor.py:756} INFO - Processing file /Users/uab910/dev/nnam-poc/pyenv/lib/python3.10/site-packages/airflow/example_dags/example_branch_day_of_week_operator.py for tasks to queue
[2023-03-03T16:21:53.972+0100] {logging_mixin.py:137} INFO - [2023-03-03T16:21:53.972+0100] {dagbag.py:537} INFO - Filling up the DagBag from /Users/uab910/dev/nnam-poc/pyenv/lib/python3.10/site-packages/airflow/example_dags/example_branch_day_of_week_operator.py
[2023-03-03T16:21:54.026+0100] {processor.py:766} INFO - DAG(s) dict_keys(['example_weekday_branch_operator']) retrieved from /Users/uab910/dev/nnam-poc/pyenv/lib/python3.10/site-packages/airflow/example_dags/example_branch_day_of_week_operator.py
[2023-03-03T16:21:54.215+0100] {logging_mixin.py:137} INFO - [2023-03-03T16:21:54.215+0100] {dag.py:2585} INFO - Sync 1 DAGs
[2023-03-03T16:21:54.230+0100] {logging_mixin.py:137} INFO - [2023-03-03T16:21:54.230+0100] {dag.py:3336} INFO - Setting next_dagrun for example_weekday_branch_operator to 2023-03-02T00:00:00+00:00, run_after=2023-03-03T00:00:00+00:00
[2023-03-03T16:21:54.245+0100] {processor.py:176} INFO - Processing /Users/uab910/dev/nnam-poc/pyenv/lib/python3.10/site-packages/airflow/example_dags/example_branch_day_of_week_operator.py took 0.280 seconds
[2023-03-03T16:23:09.510+0100] {processor.py:154} INFO - Started process (PID=58130) to work on /Users/uab910/dev/nnam-poc/pyenv/lib/python3.10/site-packages/airflow/example_dags/example_branch_day_of_week_operator.py
[2023-03-03T16:23:09.514+0100] {processor.py:756} INFO - Processing file /Users/uab910/dev/nnam-poc/pyenv/lib/python3.10/site-packages/airflow/example_dags/example_branch_day_of_week_operator.py for tasks to queue
[2023-03-03T16:23:09.515+0100] {logging_mixin.py:137} INFO - [2023-03-03T16:23:09.515+0100] {dagbag.py:537} INFO - Filling up the DagBag from /Users/uab910/dev/nnam-poc/pyenv/lib/python3.10/site-packages/airflow/example_dags/example_branch_day_of_week_operator.py
[2023-03-03T16:23:09.544+0100] {processor.py:766} INFO - DAG(s) dict_keys(['example_weekday_branch_operator']) retrieved from /Users/uab910/dev/nnam-poc/pyenv/lib/python3.10/site-packages/airflow/example_dags/example_branch_day_of_week_operator.py
[2023-03-03T16:23:09.707+0100] {logging_mixin.py:137} INFO - [2023-03-03T16:23:09.707+0100] {dag.py:2585} INFO - Sync 1 DAGs
[2023-03-03T16:23:09.722+0100] {logging_mixin.py:137} INFO - [2023-03-03T16:23:09.722+0100] {dag.py:3336} INFO - Setting next_dagrun for example_weekday_branch_operator to 2023-03-02T00:00:00+00:00, run_after=2023-03-03T00:00:00+00:00
[2023-03-03T16:23:09.736+0100] {processor.py:176} INFO - Processing /Users/uab910/dev/nnam-poc/pyenv/lib/python3.10/site-packages/airflow/example_dags/example_branch_day_of_week_operator.py took 0.227 seconds
[2023-03-03T16:24:25.960+0100] {processor.py:154} INFO - Started process (PID=58192) to work on /Users/uab910/dev/nnam-poc/pyenv/lib/python3.10/site-packages/airflow/example_dags/example_branch_day_of_week_operator.py
[2023-03-03T16:24:25.964+0100] {processor.py:756} INFO - Processing file /Users/uab910/dev/nnam-poc/pyenv/lib/python3.10/site-packages/airflow/example_dags/example_branch_day_of_week_operator.py for tasks to queue
[2023-03-03T16:24:25.964+0100] {logging_mixin.py:137} INFO - [2023-03-03T16:24:25.964+0100] {dagbag.py:537} INFO - Filling up the DagBag from /Users/uab910/dev/nnam-poc/pyenv/lib/python3.10/site-packages/airflow/example_dags/example_branch_day_of_week_operator.py
[2023-03-03T16:24:25.995+0100] {processor.py:766} INFO - DAG(s) dict_keys(['example_weekday_branch_operator']) retrieved from /Users/uab910/dev/nnam-poc/pyenv/lib/python3.10/site-packages/airflow/example_dags/example_branch_day_of_week_operator.py
[2023-03-03T16:24:26.168+0100] {logging_mixin.py:137} INFO - [2023-03-03T16:24:26.168+0100] {dag.py:2585} INFO - Sync 1 DAGs
[2023-03-03T16:24:26.184+0100] {logging_mixin.py:137} INFO - [2023-03-03T16:24:26.184+0100] {dag.py:3336} INFO - Setting next_dagrun for example_weekday_branch_operator to 2023-03-02T00:00:00+00:00, run_after=2023-03-03T00:00:00+00:00
[2023-03-03T16:24:26.199+0100] {processor.py:176} INFO - Processing /Users/uab910/dev/nnam-poc/pyenv/lib/python3.10/site-packages/airflow/example_dags/example_branch_day_of_week_operator.py took 0.240 seconds
[2023-03-03T16:25:40.585+0100] {processor.py:154} INFO - Started process (PID=58232) to work on /Users/uab910/dev/nnam-poc/pyenv/lib/python3.10/site-packages/airflow/example_dags/example_branch_day_of_week_operator.py
[2023-03-03T16:25:40.589+0100] {processor.py:756} INFO - Processing file /Users/uab910/dev/nnam-poc/pyenv/lib/python3.10/site-packages/airflow/example_dags/example_branch_day_of_week_operator.py for tasks to queue
[2023-03-03T16:25:40.590+0100] {logging_mixin.py:137} INFO - [2023-03-03T16:25:40.590+0100] {dagbag.py:537} INFO - Filling up the DagBag from /Users/uab910/dev/nnam-poc/pyenv/lib/python3.10/site-packages/airflow/example_dags/example_branch_day_of_week_operator.py
[2023-03-03T16:25:40.622+0100] {processor.py:766} INFO - DAG(s) dict_keys(['example_weekday_branch_operator']) retrieved from /Users/uab910/dev/nnam-poc/pyenv/lib/python3.10/site-packages/airflow/example_dags/example_branch_day_of_week_operator.py
[2023-03-03T16:25:40.786+0100] {logging_mixin.py:137} INFO - [2023-03-03T16:25:40.786+0100] {dag.py:2585} INFO - Sync 1 DAGs
[2023-03-03T16:25:40.805+0100] {logging_mixin.py:137} INFO - [2023-03-03T16:25:40.805+0100] {dag.py:3336} INFO - Setting next_dagrun for example_weekday_branch_operator to 2023-03-02T00:00:00+00:00, run_after=2023-03-03T00:00:00+00:00
[2023-03-03T16:25:40.824+0100] {processor.py:176} INFO - Processing /Users/uab910/dev/nnam-poc/pyenv/lib/python3.10/site-packages/airflow/example_dags/example_branch_day_of_week_operator.py took 0.240 seconds
[2023-03-03T16:26:54.318+0100] {processor.py:154} INFO - Started process (PID=58278) to work on /Users/uab910/dev/nnam-poc/pyenv/lib/python3.10/site-packages/airflow/example_dags/example_branch_day_of_week_operator.py
[2023-03-03T16:26:54.322+0100] {processor.py:756} INFO - Processing file /Users/uab910/dev/nnam-poc/pyenv/lib/python3.10/site-packages/airflow/example_dags/example_branch_day_of_week_operator.py for tasks to queue
[2023-03-03T16:26:54.322+0100] {logging_mixin.py:137} INFO - [2023-03-03T16:26:54.322+0100] {dagbag.py:537} INFO - Filling up the DagBag from /Users/uab910/dev/nnam-poc/pyenv/lib/python3.10/site-packages/airflow/example_dags/example_branch_day_of_week_operator.py
[2023-03-03T16:26:54.354+0100] {processor.py:766} INFO - DAG(s) dict_keys(['example_weekday_branch_operator']) retrieved from /Users/uab910/dev/nnam-poc/pyenv/lib/python3.10/site-packages/airflow/example_dags/example_branch_day_of_week_operator.py
[2023-03-03T16:26:54.526+0100] {logging_mixin.py:137} INFO - [2023-03-03T16:26:54.526+0100] {dag.py:2585} INFO - Sync 1 DAGs
[2023-03-03T16:26:54.540+0100] {logging_mixin.py:137} INFO - [2023-03-03T16:26:54.540+0100] {dag.py:3336} INFO - Setting next_dagrun for example_weekday_branch_operator to 2023-03-02T00:00:00+00:00, run_after=2023-03-03T00:00:00+00:00
[2023-03-03T16:26:54.554+0100] {processor.py:176} INFO - Processing /Users/uab910/dev/nnam-poc/pyenv/lib/python3.10/site-packages/airflow/example_dags/example_branch_day_of_week_operator.py took 0.237 seconds
[2023-03-03T16:28:10.206+0100] {processor.py:154} INFO - Started process (PID=58320) to work on /Users/uab910/dev/nnam-poc/pyenv/lib/python3.10/site-packages/airflow/example_dags/example_branch_day_of_week_operator.py
[2023-03-03T16:28:10.211+0100] {processor.py:756} INFO - Processing file /Users/uab910/dev/nnam-poc/pyenv/lib/python3.10/site-packages/airflow/example_dags/example_branch_day_of_week_operator.py for tasks to queue
[2023-03-03T16:28:10.212+0100] {logging_mixin.py:137} INFO - [2023-03-03T16:28:10.212+0100] {dagbag.py:537} INFO - Filling up the DagBag from /Users/uab910/dev/nnam-poc/pyenv/lib/python3.10/site-packages/airflow/example_dags/example_branch_day_of_week_operator.py
[2023-03-03T16:28:10.248+0100] {processor.py:766} INFO - DAG(s) dict_keys(['example_weekday_branch_operator']) retrieved from /Users/uab910/dev/nnam-poc/pyenv/lib/python3.10/site-packages/airflow/example_dags/example_branch_day_of_week_operator.py
[2023-03-03T16:28:10.448+0100] {logging_mixin.py:137} INFO - [2023-03-03T16:28:10.448+0100] {dag.py:2585} INFO - Sync 1 DAGs
[2023-03-03T16:28:10.465+0100] {logging_mixin.py:137} INFO - [2023-03-03T16:28:10.465+0100] {dag.py:3336} INFO - Setting next_dagrun for example_weekday_branch_operator to 2023-03-02T00:00:00+00:00, run_after=2023-03-03T00:00:00+00:00
[2023-03-03T16:28:10.483+0100] {processor.py:176} INFO - Processing /Users/uab910/dev/nnam-poc/pyenv/lib/python3.10/site-packages/airflow/example_dags/example_branch_day_of_week_operator.py took 0.278 seconds
[2023-03-03T16:29:26.741+0100] {processor.py:154} INFO - Started process (PID=58366) to work on /Users/uab910/dev/nnam-poc/pyenv/lib/python3.10/site-packages/airflow/example_dags/example_branch_day_of_week_operator.py
[2023-03-03T16:29:26.746+0100] {processor.py:756} INFO - Processing file /Users/uab910/dev/nnam-poc/pyenv/lib/python3.10/site-packages/airflow/example_dags/example_branch_day_of_week_operator.py for tasks to queue
[2023-03-03T16:29:26.746+0100] {logging_mixin.py:137} INFO - [2023-03-03T16:29:26.746+0100] {dagbag.py:537} INFO - Filling up the DagBag from /Users/uab910/dev/nnam-poc/pyenv/lib/python3.10/site-packages/airflow/example_dags/example_branch_day_of_week_operator.py
[2023-03-03T16:29:26.786+0100] {processor.py:766} INFO - DAG(s) dict_keys(['example_weekday_branch_operator']) retrieved from /Users/uab910/dev/nnam-poc/pyenv/lib/python3.10/site-packages/airflow/example_dags/example_branch_day_of_week_operator.py
[2023-03-03T16:29:27.002+0100] {logging_mixin.py:137} INFO - [2023-03-03T16:29:27.002+0100] {dag.py:2585} INFO - Sync 1 DAGs
[2023-03-03T16:29:27.019+0100] {logging_mixin.py:137} INFO - [2023-03-03T16:29:27.019+0100] {dag.py:3336} INFO - Setting next_dagrun for example_weekday_branch_operator to 2023-03-02T00:00:00+00:00, run_after=2023-03-03T00:00:00+00:00
[2023-03-03T16:29:27.035+0100] {processor.py:176} INFO - Processing /Users/uab910/dev/nnam-poc/pyenv/lib/python3.10/site-packages/airflow/example_dags/example_branch_day_of_week_operator.py took 0.296 seconds
[2023-03-03T16:30:42.306+0100] {processor.py:154} INFO - Started process (PID=58406) to work on /Users/uab910/dev/nnam-poc/pyenv/lib/python3.10/site-packages/airflow/example_dags/example_branch_day_of_week_operator.py
[2023-03-03T16:30:42.312+0100] {processor.py:756} INFO - Processing file /Users/uab910/dev/nnam-poc/pyenv/lib/python3.10/site-packages/airflow/example_dags/example_branch_day_of_week_operator.py for tasks to queue
[2023-03-03T16:30:42.312+0100] {logging_mixin.py:137} INFO - [2023-03-03T16:30:42.312+0100] {dagbag.py:537} INFO - Filling up the DagBag from /Users/uab910/dev/nnam-poc/pyenv/lib/python3.10/site-packages/airflow/example_dags/example_branch_day_of_week_operator.py
[2023-03-03T16:30:42.349+0100] {processor.py:766} INFO - DAG(s) dict_keys(['example_weekday_branch_operator']) retrieved from /Users/uab910/dev/nnam-poc/pyenv/lib/python3.10/site-packages/airflow/example_dags/example_branch_day_of_week_operator.py
[2023-03-03T16:30:42.522+0100] {logging_mixin.py:137} INFO - [2023-03-03T16:30:42.522+0100] {dag.py:2585} INFO - Sync 1 DAGs
[2023-03-03T16:30:42.537+0100] {logging_mixin.py:137} INFO - [2023-03-03T16:30:42.536+0100] {dag.py:3336} INFO - Setting next_dagrun for example_weekday_branch_operator to 2023-03-02T00:00:00+00:00, run_after=2023-03-03T00:00:00+00:00
[2023-03-03T16:30:42.550+0100] {processor.py:176} INFO - Processing /Users/uab910/dev/nnam-poc/pyenv/lib/python3.10/site-packages/airflow/example_dags/example_branch_day_of_week_operator.py took 0.245 seconds
[2023-03-03T16:31:59.215+0100] {processor.py:154} INFO - Started process (PID=58446) to work on /Users/uab910/dev/nnam-poc/pyenv/lib/python3.10/site-packages/airflow/example_dags/example_branch_day_of_week_operator.py
[2023-03-03T16:31:59.221+0100] {processor.py:756} INFO - Processing file /Users/uab910/dev/nnam-poc/pyenv/lib/python3.10/site-packages/airflow/example_dags/example_branch_day_of_week_operator.py for tasks to queue
[2023-03-03T16:31:59.221+0100] {logging_mixin.py:137} INFO - [2023-03-03T16:31:59.221+0100] {dagbag.py:537} INFO - Filling up the DagBag from /Users/uab910/dev/nnam-poc/pyenv/lib/python3.10/site-packages/airflow/example_dags/example_branch_day_of_week_operator.py
[2023-03-03T16:31:59.258+0100] {processor.py:766} INFO - DAG(s) dict_keys(['example_weekday_branch_operator']) retrieved from /Users/uab910/dev/nnam-poc/pyenv/lib/python3.10/site-packages/airflow/example_dags/example_branch_day_of_week_operator.py
[2023-03-03T16:31:59.431+0100] {logging_mixin.py:137} INFO - [2023-03-03T16:31:59.431+0100] {dag.py:2585} INFO - Sync 1 DAGs
[2023-03-03T16:31:59.446+0100] {logging_mixin.py:137} INFO - [2023-03-03T16:31:59.446+0100] {dag.py:3336} INFO - Setting next_dagrun for example_weekday_branch_operator to 2023-03-02T00:00:00+00:00, run_after=2023-03-03T00:00:00+00:00
[2023-03-03T16:31:59.461+0100] {processor.py:176} INFO - Processing /Users/uab910/dev/nnam-poc/pyenv/lib/python3.10/site-packages/airflow/example_dags/example_branch_day_of_week_operator.py took 0.246 seconds
[2023-03-03T16:33:15.358+0100] {processor.py:154} INFO - Started process (PID=58484) to work on /Users/uab910/dev/nnam-poc/pyenv/lib/python3.10/site-packages/airflow/example_dags/example_branch_day_of_week_operator.py
[2023-03-03T16:33:15.364+0100] {processor.py:756} INFO - Processing file /Users/uab910/dev/nnam-poc/pyenv/lib/python3.10/site-packages/airflow/example_dags/example_branch_day_of_week_operator.py for tasks to queue
[2023-03-03T16:33:15.365+0100] {logging_mixin.py:137} INFO - [2023-03-03T16:33:15.365+0100] {dagbag.py:537} INFO - Filling up the DagBag from /Users/uab910/dev/nnam-poc/pyenv/lib/python3.10/site-packages/airflow/example_dags/example_branch_day_of_week_operator.py
[2023-03-03T16:33:15.400+0100] {processor.py:766} INFO - DAG(s) dict_keys(['example_weekday_branch_operator']) retrieved from /Users/uab910/dev/nnam-poc/pyenv/lib/python3.10/site-packages/airflow/example_dags/example_branch_day_of_week_operator.py
[2023-03-03T16:33:15.569+0100] {logging_mixin.py:137} INFO - [2023-03-03T16:33:15.569+0100] {dag.py:2585} INFO - Sync 1 DAGs
[2023-03-03T16:33:15.582+0100] {logging_mixin.py:137} INFO - [2023-03-03T16:33:15.582+0100] {dag.py:3336} INFO - Setting next_dagrun for example_weekday_branch_operator to 2023-03-02T00:00:00+00:00, run_after=2023-03-03T00:00:00+00:00
[2023-03-03T16:33:15.597+0100] {processor.py:176} INFO - Processing /Users/uab910/dev/nnam-poc/pyenv/lib/python3.10/site-packages/airflow/example_dags/example_branch_day_of_week_operator.py took 0.240 seconds
[2023-03-03T16:34:30.826+0100] {processor.py:154} INFO - Started process (PID=58548) to work on /Users/uab910/dev/nnam-poc/pyenv/lib/python3.10/site-packages/airflow/example_dags/example_branch_day_of_week_operator.py
[2023-03-03T16:34:30.832+0100] {processor.py:756} INFO - Processing file /Users/uab910/dev/nnam-poc/pyenv/lib/python3.10/site-packages/airflow/example_dags/example_branch_day_of_week_operator.py for tasks to queue
[2023-03-03T16:34:30.833+0100] {logging_mixin.py:137} INFO - [2023-03-03T16:34:30.833+0100] {dagbag.py:537} INFO - Filling up the DagBag from /Users/uab910/dev/nnam-poc/pyenv/lib/python3.10/site-packages/airflow/example_dags/example_branch_day_of_week_operator.py
[2023-03-03T16:34:30.874+0100] {processor.py:766} INFO - DAG(s) dict_keys(['example_weekday_branch_operator']) retrieved from /Users/uab910/dev/nnam-poc/pyenv/lib/python3.10/site-packages/airflow/example_dags/example_branch_day_of_week_operator.py
[2023-03-03T16:34:31.172+0100] {logging_mixin.py:137} INFO - [2023-03-03T16:34:31.171+0100] {dag.py:2585} INFO - Sync 1 DAGs
[2023-03-03T16:34:31.202+0100] {logging_mixin.py:137} INFO - [2023-03-03T16:34:31.202+0100] {dag.py:3336} INFO - Setting next_dagrun for example_weekday_branch_operator to 2023-03-02T00:00:00+00:00, run_after=2023-03-03T00:00:00+00:00
[2023-03-03T16:34:31.228+0100] {processor.py:176} INFO - Processing /Users/uab910/dev/nnam-poc/pyenv/lib/python3.10/site-packages/airflow/example_dags/example_branch_day_of_week_operator.py took 0.403 seconds
[2023-03-03T16:35:50.116+0100] {processor.py:154} INFO - Started process (PID=58591) to work on /Users/uab910/dev/nnam-poc/pyenv/lib/python3.10/site-packages/airflow/example_dags/example_branch_day_of_week_operator.py
[2023-03-03T16:35:50.122+0100] {processor.py:756} INFO - Processing file /Users/uab910/dev/nnam-poc/pyenv/lib/python3.10/site-packages/airflow/example_dags/example_branch_day_of_week_operator.py for tasks to queue
[2023-03-03T16:35:50.123+0100] {logging_mixin.py:137} INFO - [2023-03-03T16:35:50.122+0100] {dagbag.py:537} INFO - Filling up the DagBag from /Users/uab910/dev/nnam-poc/pyenv/lib/python3.10/site-packages/airflow/example_dags/example_branch_day_of_week_operator.py
[2023-03-03T16:35:50.164+0100] {processor.py:766} INFO - DAG(s) dict_keys(['example_weekday_branch_operator']) retrieved from /Users/uab910/dev/nnam-poc/pyenv/lib/python3.10/site-packages/airflow/example_dags/example_branch_day_of_week_operator.py
[2023-03-03T16:35:50.378+0100] {logging_mixin.py:137} INFO - [2023-03-03T16:35:50.378+0100] {dag.py:2585} INFO - Sync 1 DAGs
[2023-03-03T16:35:50.396+0100] {logging_mixin.py:137} INFO - [2023-03-03T16:35:50.395+0100] {dag.py:3336} INFO - Setting next_dagrun for example_weekday_branch_operator to 2023-03-02T00:00:00+00:00, run_after=2023-03-03T00:00:00+00:00
[2023-03-03T16:35:50.413+0100] {processor.py:176} INFO - Processing /Users/uab910/dev/nnam-poc/pyenv/lib/python3.10/site-packages/airflow/example_dags/example_branch_day_of_week_operator.py took 0.298 seconds
[2023-03-03T16:37:05.635+0100] {processor.py:154} INFO - Started process (PID=58635) to work on /Users/uab910/dev/nnam-poc/pyenv/lib/python3.10/site-packages/airflow/example_dags/example_branch_day_of_week_operator.py
[2023-03-03T16:37:05.640+0100] {processor.py:756} INFO - Processing file /Users/uab910/dev/nnam-poc/pyenv/lib/python3.10/site-packages/airflow/example_dags/example_branch_day_of_week_operator.py for tasks to queue
[2023-03-03T16:37:05.640+0100] {logging_mixin.py:137} INFO - [2023-03-03T16:37:05.640+0100] {dagbag.py:537} INFO - Filling up the DagBag from /Users/uab910/dev/nnam-poc/pyenv/lib/python3.10/site-packages/airflow/example_dags/example_branch_day_of_week_operator.py
[2023-03-03T16:37:05.677+0100] {processor.py:766} INFO - DAG(s) dict_keys(['example_weekday_branch_operator']) retrieved from /Users/uab910/dev/nnam-poc/pyenv/lib/python3.10/site-packages/airflow/example_dags/example_branch_day_of_week_operator.py
[2023-03-03T16:37:05.850+0100] {logging_mixin.py:137} INFO - [2023-03-03T16:37:05.850+0100] {dag.py:2585} INFO - Sync 1 DAGs
[2023-03-03T16:37:05.863+0100] {logging_mixin.py:137} INFO - [2023-03-03T16:37:05.863+0100] {dag.py:3336} INFO - Setting next_dagrun for example_weekday_branch_operator to 2023-03-02T00:00:00+00:00, run_after=2023-03-03T00:00:00+00:00
[2023-03-03T16:37:05.876+0100] {processor.py:176} INFO - Processing /Users/uab910/dev/nnam-poc/pyenv/lib/python3.10/site-packages/airflow/example_dags/example_branch_day_of_week_operator.py took 0.242 seconds
[2023-03-03T16:38:24.781+0100] {processor.py:154} INFO - Started process (PID=58677) to work on /Users/uab910/dev/nnam-poc/pyenv/lib/python3.10/site-packages/airflow/example_dags/example_branch_day_of_week_operator.py
[2023-03-03T16:38:24.787+0100] {processor.py:756} INFO - Processing file /Users/uab910/dev/nnam-poc/pyenv/lib/python3.10/site-packages/airflow/example_dags/example_branch_day_of_week_operator.py for tasks to queue
[2023-03-03T16:38:24.787+0100] {logging_mixin.py:137} INFO - [2023-03-03T16:38:24.787+0100] {dagbag.py:537} INFO - Filling up the DagBag from /Users/uab910/dev/nnam-poc/pyenv/lib/python3.10/site-packages/airflow/example_dags/example_branch_day_of_week_operator.py
[2023-03-03T16:38:24.826+0100] {processor.py:766} INFO - DAG(s) dict_keys(['example_weekday_branch_operator']) retrieved from /Users/uab910/dev/nnam-poc/pyenv/lib/python3.10/site-packages/airflow/example_dags/example_branch_day_of_week_operator.py
[2023-03-03T16:38:25.001+0100] {logging_mixin.py:137} INFO - [2023-03-03T16:38:25.001+0100] {dag.py:2585} INFO - Sync 1 DAGs
[2023-03-03T16:38:25.017+0100] {logging_mixin.py:137} INFO - [2023-03-03T16:38:25.017+0100] {dag.py:3336} INFO - Setting next_dagrun for example_weekday_branch_operator to 2023-03-02T00:00:00+00:00, run_after=2023-03-03T00:00:00+00:00
[2023-03-03T16:38:25.036+0100] {processor.py:176} INFO - Processing /Users/uab910/dev/nnam-poc/pyenv/lib/python3.10/site-packages/airflow/example_dags/example_branch_day_of_week_operator.py took 0.255 seconds
[2023-03-03T16:40:03.635+0100] {processor.py:154} INFO - Started process (PID=58730) to work on /Users/uab910/dev/nnam-poc/pyenv/lib/python3.10/site-packages/airflow/example_dags/example_branch_day_of_week_operator.py
[2023-03-03T16:40:03.641+0100] {processor.py:756} INFO - Processing file /Users/uab910/dev/nnam-poc/pyenv/lib/python3.10/site-packages/airflow/example_dags/example_branch_day_of_week_operator.py for tasks to queue
[2023-03-03T16:40:03.642+0100] {logging_mixin.py:137} INFO - [2023-03-03T16:40:03.641+0100] {dagbag.py:537} INFO - Filling up the DagBag from /Users/uab910/dev/nnam-poc/pyenv/lib/python3.10/site-packages/airflow/example_dags/example_branch_day_of_week_operator.py
[2023-03-03T16:40:03.682+0100] {processor.py:766} INFO - DAG(s) dict_keys(['example_weekday_branch_operator']) retrieved from /Users/uab910/dev/nnam-poc/pyenv/lib/python3.10/site-packages/airflow/example_dags/example_branch_day_of_week_operator.py
[2023-03-03T16:40:03.919+0100] {logging_mixin.py:137} INFO - [2023-03-03T16:40:03.919+0100] {dag.py:2585} INFO - Sync 1 DAGs
[2023-03-03T16:40:03.937+0100] {logging_mixin.py:137} INFO - [2023-03-03T16:40:03.937+0100] {dag.py:3336} INFO - Setting next_dagrun for example_weekday_branch_operator to 2023-03-02T00:00:00+00:00, run_after=2023-03-03T00:00:00+00:00
[2023-03-03T16:40:03.955+0100] {processor.py:176} INFO - Processing /Users/uab910/dev/nnam-poc/pyenv/lib/python3.10/site-packages/airflow/example_dags/example_branch_day_of_week_operator.py took 0.321 seconds
[2023-03-03T16:41:37.074+0100] {processor.py:154} INFO - Started process (PID=58783) to work on /Users/uab910/dev/nnam-poc/pyenv/lib/python3.10/site-packages/airflow/example_dags/example_branch_day_of_week_operator.py
[2023-03-03T16:41:37.081+0100] {processor.py:756} INFO - Processing file /Users/uab910/dev/nnam-poc/pyenv/lib/python3.10/site-packages/airflow/example_dags/example_branch_day_of_week_operator.py for tasks to queue
[2023-03-03T16:41:37.082+0100] {logging_mixin.py:137} INFO - [2023-03-03T16:41:37.081+0100] {dagbag.py:537} INFO - Filling up the DagBag from /Users/uab910/dev/nnam-poc/pyenv/lib/python3.10/site-packages/airflow/example_dags/example_branch_day_of_week_operator.py
[2023-03-03T16:41:37.123+0100] {processor.py:766} INFO - DAG(s) dict_keys(['example_weekday_branch_operator']) retrieved from /Users/uab910/dev/nnam-poc/pyenv/lib/python3.10/site-packages/airflow/example_dags/example_branch_day_of_week_operator.py
[2023-03-03T16:41:37.322+0100] {logging_mixin.py:137} INFO - [2023-03-03T16:41:37.322+0100] {dag.py:2585} INFO - Sync 1 DAGs
[2023-03-03T16:41:37.336+0100] {logging_mixin.py:137} INFO - [2023-03-03T16:41:37.336+0100] {dag.py:3336} INFO - Setting next_dagrun for example_weekday_branch_operator to 2023-03-02T00:00:00+00:00, run_after=2023-03-03T00:00:00+00:00
[2023-03-03T16:41:37.353+0100] {processor.py:176} INFO - Processing /Users/uab910/dev/nnam-poc/pyenv/lib/python3.10/site-packages/airflow/example_dags/example_branch_day_of_week_operator.py took 0.279 seconds
[2023-03-03T16:43:08.207+0100] {processor.py:154} INFO - Started process (PID=58827) to work on /Users/uab910/dev/nnam-poc/pyenv/lib/python3.10/site-packages/airflow/example_dags/example_branch_day_of_week_operator.py
[2023-03-03T16:43:08.213+0100] {processor.py:756} INFO - Processing file /Users/uab910/dev/nnam-poc/pyenv/lib/python3.10/site-packages/airflow/example_dags/example_branch_day_of_week_operator.py for tasks to queue
[2023-03-03T16:43:08.213+0100] {logging_mixin.py:137} INFO - [2023-03-03T16:43:08.213+0100] {dagbag.py:537} INFO - Filling up the DagBag from /Users/uab910/dev/nnam-poc/pyenv/lib/python3.10/site-packages/airflow/example_dags/example_branch_day_of_week_operator.py
[2023-03-03T16:43:08.253+0100] {processor.py:766} INFO - DAG(s) dict_keys(['example_weekday_branch_operator']) retrieved from /Users/uab910/dev/nnam-poc/pyenv/lib/python3.10/site-packages/airflow/example_dags/example_branch_day_of_week_operator.py
[2023-03-03T16:43:08.453+0100] {logging_mixin.py:137} INFO - [2023-03-03T16:43:08.453+0100] {dag.py:2585} INFO - Sync 1 DAGs
[2023-03-03T16:43:08.472+0100] {logging_mixin.py:137} INFO - [2023-03-03T16:43:08.472+0100] {dag.py:3336} INFO - Setting next_dagrun for example_weekday_branch_operator to 2023-03-02T00:00:00+00:00, run_after=2023-03-03T00:00:00+00:00
[2023-03-03T16:43:08.490+0100] {processor.py:176} INFO - Processing /Users/uab910/dev/nnam-poc/pyenv/lib/python3.10/site-packages/airflow/example_dags/example_branch_day_of_week_operator.py took 0.284 seconds
[2023-03-03T16:44:42.618+0100] {processor.py:154} INFO - Started process (PID=58906) to work on /Users/uab910/dev/nnam-poc/pyenv/lib/python3.10/site-packages/airflow/example_dags/example_branch_day_of_week_operator.py
[2023-03-03T16:44:42.624+0100] {processor.py:756} INFO - Processing file /Users/uab910/dev/nnam-poc/pyenv/lib/python3.10/site-packages/airflow/example_dags/example_branch_day_of_week_operator.py for tasks to queue
[2023-03-03T16:44:42.625+0100] {logging_mixin.py:137} INFO - [2023-03-03T16:44:42.624+0100] {dagbag.py:537} INFO - Filling up the DagBag from /Users/uab910/dev/nnam-poc/pyenv/lib/python3.10/site-packages/airflow/example_dags/example_branch_day_of_week_operator.py
[2023-03-03T16:44:42.663+0100] {processor.py:766} INFO - DAG(s) dict_keys(['example_weekday_branch_operator']) retrieved from /Users/uab910/dev/nnam-poc/pyenv/lib/python3.10/site-packages/airflow/example_dags/example_branch_day_of_week_operator.py
[2023-03-03T16:44:42.833+0100] {logging_mixin.py:137} INFO - [2023-03-03T16:44:42.833+0100] {dag.py:2585} INFO - Sync 1 DAGs
[2023-03-03T16:44:42.846+0100] {logging_mixin.py:137} INFO - [2023-03-03T16:44:42.846+0100] {dag.py:3336} INFO - Setting next_dagrun for example_weekday_branch_operator to 2023-03-02T00:00:00+00:00, run_after=2023-03-03T00:00:00+00:00
[2023-03-03T16:44:42.860+0100] {processor.py:176} INFO - Processing /Users/uab910/dev/nnam-poc/pyenv/lib/python3.10/site-packages/airflow/example_dags/example_branch_day_of_week_operator.py took 0.242 seconds
[2023-03-03T16:46:16.653+0100] {processor.py:154} INFO - Started process (PID=58974) to work on /Users/uab910/dev/nnam-poc/pyenv/lib/python3.10/site-packages/airflow/example_dags/example_branch_day_of_week_operator.py
[2023-03-03T16:46:16.659+0100] {processor.py:756} INFO - Processing file /Users/uab910/dev/nnam-poc/pyenv/lib/python3.10/site-packages/airflow/example_dags/example_branch_day_of_week_operator.py for tasks to queue
[2023-03-03T16:46:16.659+0100] {logging_mixin.py:137} INFO - [2023-03-03T16:46:16.659+0100] {dagbag.py:537} INFO - Filling up the DagBag from /Users/uab910/dev/nnam-poc/pyenv/lib/python3.10/site-packages/airflow/example_dags/example_branch_day_of_week_operator.py
[2023-03-03T16:46:16.699+0100] {processor.py:766} INFO - DAG(s) dict_keys(['example_weekday_branch_operator']) retrieved from /Users/uab910/dev/nnam-poc/pyenv/lib/python3.10/site-packages/airflow/example_dags/example_branch_day_of_week_operator.py
[2023-03-03T16:46:16.886+0100] {logging_mixin.py:137} INFO - [2023-03-03T16:46:16.885+0100] {dag.py:2585} INFO - Sync 1 DAGs
[2023-03-03T16:46:16.900+0100] {logging_mixin.py:137} INFO - [2023-03-03T16:46:16.900+0100] {dag.py:3336} INFO - Setting next_dagrun for example_weekday_branch_operator to 2023-03-02T00:00:00+00:00, run_after=2023-03-03T00:00:00+00:00
[2023-03-03T16:46:16.913+0100] {processor.py:176} INFO - Processing /Users/uab910/dev/nnam-poc/pyenv/lib/python3.10/site-packages/airflow/example_dags/example_branch_day_of_week_operator.py took 0.261 seconds
[2023-03-03T16:47:48.377+0100] {processor.py:154} INFO - Started process (PID=59035) to work on /Users/uab910/dev/nnam-poc/pyenv/lib/python3.10/site-packages/airflow/example_dags/example_branch_day_of_week_operator.py
[2023-03-03T16:47:48.382+0100] {processor.py:756} INFO - Processing file /Users/uab910/dev/nnam-poc/pyenv/lib/python3.10/site-packages/airflow/example_dags/example_branch_day_of_week_operator.py for tasks to queue
[2023-03-03T16:47:48.383+0100] {logging_mixin.py:137} INFO - [2023-03-03T16:47:48.383+0100] {dagbag.py:537} INFO - Filling up the DagBag from /Users/uab910/dev/nnam-poc/pyenv/lib/python3.10/site-packages/airflow/example_dags/example_branch_day_of_week_operator.py
[2023-03-03T16:47:48.416+0100] {processor.py:766} INFO - DAG(s) dict_keys(['example_weekday_branch_operator']) retrieved from /Users/uab910/dev/nnam-poc/pyenv/lib/python3.10/site-packages/airflow/example_dags/example_branch_day_of_week_operator.py
[2023-03-03T16:47:48.586+0100] {logging_mixin.py:137} INFO - [2023-03-03T16:47:48.585+0100] {dag.py:2585} INFO - Sync 1 DAGs
[2023-03-03T16:47:48.599+0100] {logging_mixin.py:137} INFO - [2023-03-03T16:47:48.599+0100] {dag.py:3336} INFO - Setting next_dagrun for example_weekday_branch_operator to 2023-03-02T00:00:00+00:00, run_after=2023-03-03T00:00:00+00:00
[2023-03-03T16:47:48.612+0100] {processor.py:176} INFO - Processing /Users/uab910/dev/nnam-poc/pyenv/lib/python3.10/site-packages/airflow/example_dags/example_branch_day_of_week_operator.py took 0.236 seconds
[2023-03-03T16:49:20.701+0100] {processor.py:154} INFO - Started process (PID=59083) to work on /Users/uab910/dev/nnam-poc/pyenv/lib/python3.10/site-packages/airflow/example_dags/example_branch_day_of_week_operator.py
[2023-03-03T16:49:20.706+0100] {processor.py:756} INFO - Processing file /Users/uab910/dev/nnam-poc/pyenv/lib/python3.10/site-packages/airflow/example_dags/example_branch_day_of_week_operator.py for tasks to queue
[2023-03-03T16:49:20.706+0100] {logging_mixin.py:137} INFO - [2023-03-03T16:49:20.706+0100] {dagbag.py:537} INFO - Filling up the DagBag from /Users/uab910/dev/nnam-poc/pyenv/lib/python3.10/site-packages/airflow/example_dags/example_branch_day_of_week_operator.py
[2023-03-03T16:49:20.742+0100] {processor.py:766} INFO - DAG(s) dict_keys(['example_weekday_branch_operator']) retrieved from /Users/uab910/dev/nnam-poc/pyenv/lib/python3.10/site-packages/airflow/example_dags/example_branch_day_of_week_operator.py
[2023-03-03T16:49:20.936+0100] {logging_mixin.py:137} INFO - [2023-03-03T16:49:20.936+0100] {dag.py:2585} INFO - Sync 1 DAGs
[2023-03-03T16:49:20.953+0100] {logging_mixin.py:137} INFO - [2023-03-03T16:49:20.953+0100] {dag.py:3336} INFO - Setting next_dagrun for example_weekday_branch_operator to 2023-03-02T00:00:00+00:00, run_after=2023-03-03T00:00:00+00:00
[2023-03-03T16:49:20.970+0100] {processor.py:176} INFO - Processing /Users/uab910/dev/nnam-poc/pyenv/lib/python3.10/site-packages/airflow/example_dags/example_branch_day_of_week_operator.py took 0.270 seconds
[2023-03-03T16:50:54.659+0100] {processor.py:154} INFO - Started process (PID=59148) to work on /Users/uab910/dev/nnam-poc/pyenv/lib/python3.10/site-packages/airflow/example_dags/example_branch_day_of_week_operator.py
[2023-03-03T16:50:54.665+0100] {processor.py:756} INFO - Processing file /Users/uab910/dev/nnam-poc/pyenv/lib/python3.10/site-packages/airflow/example_dags/example_branch_day_of_week_operator.py for tasks to queue
[2023-03-03T16:50:54.666+0100] {logging_mixin.py:137} INFO - [2023-03-03T16:50:54.666+0100] {dagbag.py:537} INFO - Filling up the DagBag from /Users/uab910/dev/nnam-poc/pyenv/lib/python3.10/site-packages/airflow/example_dags/example_branch_day_of_week_operator.py
[2023-03-03T16:50:54.703+0100] {processor.py:766} INFO - DAG(s) dict_keys(['example_weekday_branch_operator']) retrieved from /Users/uab910/dev/nnam-poc/pyenv/lib/python3.10/site-packages/airflow/example_dags/example_branch_day_of_week_operator.py
[2023-03-03T16:50:54.886+0100] {logging_mixin.py:137} INFO - [2023-03-03T16:50:54.886+0100] {dag.py:2585} INFO - Sync 1 DAGs
[2023-03-03T16:50:54.902+0100] {logging_mixin.py:137} INFO - [2023-03-03T16:50:54.902+0100] {dag.py:3336} INFO - Setting next_dagrun for example_weekday_branch_operator to 2023-03-02T00:00:00+00:00, run_after=2023-03-03T00:00:00+00:00
[2023-03-03T16:50:54.920+0100] {processor.py:176} INFO - Processing /Users/uab910/dev/nnam-poc/pyenv/lib/python3.10/site-packages/airflow/example_dags/example_branch_day_of_week_operator.py took 0.261 seconds
[2023-03-03T16:52:26.890+0100] {processor.py:154} INFO - Started process (PID=59203) to work on /Users/uab910/dev/nnam-poc/pyenv/lib/python3.10/site-packages/airflow/example_dags/example_branch_day_of_week_operator.py
[2023-03-03T16:52:26.896+0100] {processor.py:756} INFO - Processing file /Users/uab910/dev/nnam-poc/pyenv/lib/python3.10/site-packages/airflow/example_dags/example_branch_day_of_week_operator.py for tasks to queue
[2023-03-03T16:52:26.897+0100] {logging_mixin.py:137} INFO - [2023-03-03T16:52:26.897+0100] {dagbag.py:537} INFO - Filling up the DagBag from /Users/uab910/dev/nnam-poc/pyenv/lib/python3.10/site-packages/airflow/example_dags/example_branch_day_of_week_operator.py
[2023-03-03T16:52:26.936+0100] {processor.py:766} INFO - DAG(s) dict_keys(['example_weekday_branch_operator']) retrieved from /Users/uab910/dev/nnam-poc/pyenv/lib/python3.10/site-packages/airflow/example_dags/example_branch_day_of_week_operator.py
[2023-03-03T16:52:27.119+0100] {logging_mixin.py:137} INFO - [2023-03-03T16:52:27.118+0100] {dag.py:2585} INFO - Sync 1 DAGs
[2023-03-03T16:52:27.134+0100] {logging_mixin.py:137} INFO - [2023-03-03T16:52:27.134+0100] {dag.py:3336} INFO - Setting next_dagrun for example_weekday_branch_operator to 2023-03-02T00:00:00+00:00, run_after=2023-03-03T00:00:00+00:00
[2023-03-03T16:52:27.150+0100] {processor.py:176} INFO - Processing /Users/uab910/dev/nnam-poc/pyenv/lib/python3.10/site-packages/airflow/example_dags/example_branch_day_of_week_operator.py took 0.260 seconds
[2023-03-03T16:53:53.938+0100] {processor.py:154} INFO - Started process (PID=59264) to work on /Users/uab910/dev/nnam-poc/pyenv/lib/python3.10/site-packages/airflow/example_dags/example_branch_day_of_week_operator.py
[2023-03-03T16:53:53.944+0100] {processor.py:756} INFO - Processing file /Users/uab910/dev/nnam-poc/pyenv/lib/python3.10/site-packages/airflow/example_dags/example_branch_day_of_week_operator.py for tasks to queue
[2023-03-03T16:53:53.944+0100] {logging_mixin.py:137} INFO - [2023-03-03T16:53:53.944+0100] {dagbag.py:537} INFO - Filling up the DagBag from /Users/uab910/dev/nnam-poc/pyenv/lib/python3.10/site-packages/airflow/example_dags/example_branch_day_of_week_operator.py
[2023-03-03T16:53:53.981+0100] {processor.py:766} INFO - DAG(s) dict_keys(['example_weekday_branch_operator']) retrieved from /Users/uab910/dev/nnam-poc/pyenv/lib/python3.10/site-packages/airflow/example_dags/example_branch_day_of_week_operator.py
[2023-03-03T16:53:54.162+0100] {logging_mixin.py:137} INFO - [2023-03-03T16:53:54.162+0100] {dag.py:2585} INFO - Sync 1 DAGs
[2023-03-03T16:53:54.179+0100] {logging_mixin.py:137} INFO - [2023-03-03T16:53:54.178+0100] {dag.py:3336} INFO - Setting next_dagrun for example_weekday_branch_operator to 2023-03-02T00:00:00+00:00, run_after=2023-03-03T00:00:00+00:00
[2023-03-03T16:53:54.196+0100] {processor.py:176} INFO - Processing /Users/uab910/dev/nnam-poc/pyenv/lib/python3.10/site-packages/airflow/example_dags/example_branch_day_of_week_operator.py took 0.259 seconds
[2023-03-03T16:55:28.372+0100] {processor.py:154} INFO - Started process (PID=59312) to work on /Users/uab910/dev/nnam-poc/pyenv/lib/python3.10/site-packages/airflow/example_dags/example_branch_day_of_week_operator.py
[2023-03-03T16:55:28.377+0100] {processor.py:756} INFO - Processing file /Users/uab910/dev/nnam-poc/pyenv/lib/python3.10/site-packages/airflow/example_dags/example_branch_day_of_week_operator.py for tasks to queue
[2023-03-03T16:55:28.378+0100] {logging_mixin.py:137} INFO - [2023-03-03T16:55:28.378+0100] {dagbag.py:537} INFO - Filling up the DagBag from /Users/uab910/dev/nnam-poc/pyenv/lib/python3.10/site-packages/airflow/example_dags/example_branch_day_of_week_operator.py
[2023-03-03T16:55:28.410+0100] {processor.py:766} INFO - DAG(s) dict_keys(['example_weekday_branch_operator']) retrieved from /Users/uab910/dev/nnam-poc/pyenv/lib/python3.10/site-packages/airflow/example_dags/example_branch_day_of_week_operator.py
[2023-03-03T16:55:28.594+0100] {logging_mixin.py:137} INFO - [2023-03-03T16:55:28.593+0100] {dag.py:2585} INFO - Sync 1 DAGs
[2023-03-03T16:55:28.609+0100] {logging_mixin.py:137} INFO - [2023-03-03T16:55:28.609+0100] {dag.py:3336} INFO - Setting next_dagrun for example_weekday_branch_operator to 2023-03-02T00:00:00+00:00, run_after=2023-03-03T00:00:00+00:00
[2023-03-03T16:55:28.624+0100] {processor.py:176} INFO - Processing /Users/uab910/dev/nnam-poc/pyenv/lib/python3.10/site-packages/airflow/example_dags/example_branch_day_of_week_operator.py took 0.252 seconds
[2023-03-03T16:57:02.029+0100] {processor.py:154} INFO - Started process (PID=59361) to work on /Users/uab910/dev/nnam-poc/pyenv/lib/python3.10/site-packages/airflow/example_dags/example_branch_day_of_week_operator.py
[2023-03-03T16:57:02.034+0100] {processor.py:756} INFO - Processing file /Users/uab910/dev/nnam-poc/pyenv/lib/python3.10/site-packages/airflow/example_dags/example_branch_day_of_week_operator.py for tasks to queue
[2023-03-03T16:57:02.034+0100] {logging_mixin.py:137} INFO - [2023-03-03T16:57:02.034+0100] {dagbag.py:537} INFO - Filling up the DagBag from /Users/uab910/dev/nnam-poc/pyenv/lib/python3.10/site-packages/airflow/example_dags/example_branch_day_of_week_operator.py
[2023-03-03T16:57:02.076+0100] {processor.py:766} INFO - DAG(s) dict_keys(['example_weekday_branch_operator']) retrieved from /Users/uab910/dev/nnam-poc/pyenv/lib/python3.10/site-packages/airflow/example_dags/example_branch_day_of_week_operator.py
[2023-03-03T16:57:02.273+0100] {logging_mixin.py:137} INFO - [2023-03-03T16:57:02.273+0100] {dag.py:2585} INFO - Sync 1 DAGs
[2023-03-03T16:57:02.288+0100] {logging_mixin.py:137} INFO - [2023-03-03T16:57:02.288+0100] {dag.py:3336} INFO - Setting next_dagrun for example_weekday_branch_operator to 2023-03-02T00:00:00+00:00, run_after=2023-03-03T00:00:00+00:00
[2023-03-03T16:57:02.302+0100] {processor.py:176} INFO - Processing /Users/uab910/dev/nnam-poc/pyenv/lib/python3.10/site-packages/airflow/example_dags/example_branch_day_of_week_operator.py took 0.274 seconds
[2023-03-03T16:58:35.042+0100] {processor.py:154} INFO - Started process (PID=59410) to work on /Users/uab910/dev/nnam-poc/pyenv/lib/python3.10/site-packages/airflow/example_dags/example_branch_day_of_week_operator.py
[2023-03-03T16:58:35.047+0100] {processor.py:756} INFO - Processing file /Users/uab910/dev/nnam-poc/pyenv/lib/python3.10/site-packages/airflow/example_dags/example_branch_day_of_week_operator.py for tasks to queue
[2023-03-03T16:58:35.047+0100] {logging_mixin.py:137} INFO - [2023-03-03T16:58:35.047+0100] {dagbag.py:537} INFO - Filling up the DagBag from /Users/uab910/dev/nnam-poc/pyenv/lib/python3.10/site-packages/airflow/example_dags/example_branch_day_of_week_operator.py
[2023-03-03T16:58:35.086+0100] {processor.py:766} INFO - DAG(s) dict_keys(['example_weekday_branch_operator']) retrieved from /Users/uab910/dev/nnam-poc/pyenv/lib/python3.10/site-packages/airflow/example_dags/example_branch_day_of_week_operator.py
[2023-03-03T16:58:35.333+0100] {logging_mixin.py:137} INFO - [2023-03-03T16:58:35.333+0100] {dag.py:2585} INFO - Sync 1 DAGs
[2023-03-03T16:58:35.352+0100] {logging_mixin.py:137} INFO - [2023-03-03T16:58:35.352+0100] {dag.py:3336} INFO - Setting next_dagrun for example_weekday_branch_operator to 2023-03-02T00:00:00+00:00, run_after=2023-03-03T00:00:00+00:00
[2023-03-03T16:58:35.370+0100] {processor.py:176} INFO - Processing /Users/uab910/dev/nnam-poc/pyenv/lib/python3.10/site-packages/airflow/example_dags/example_branch_day_of_week_operator.py took 0.329 seconds
[2023-03-03T17:00:08.431+0100] {processor.py:154} INFO - Started process (PID=59455) to work on /Users/uab910/dev/nnam-poc/pyenv/lib/python3.10/site-packages/airflow/example_dags/example_branch_day_of_week_operator.py
[2023-03-03T17:00:08.437+0100] {processor.py:756} INFO - Processing file /Users/uab910/dev/nnam-poc/pyenv/lib/python3.10/site-packages/airflow/example_dags/example_branch_day_of_week_operator.py for tasks to queue
[2023-03-03T17:00:08.437+0100] {logging_mixin.py:137} INFO - [2023-03-03T17:00:08.437+0100] {dagbag.py:537} INFO - Filling up the DagBag from /Users/uab910/dev/nnam-poc/pyenv/lib/python3.10/site-packages/airflow/example_dags/example_branch_day_of_week_operator.py
[2023-03-03T17:00:08.473+0100] {processor.py:766} INFO - DAG(s) dict_keys(['example_weekday_branch_operator']) retrieved from /Users/uab910/dev/nnam-poc/pyenv/lib/python3.10/site-packages/airflow/example_dags/example_branch_day_of_week_operator.py
[2023-03-03T17:00:08.680+0100] {logging_mixin.py:137} INFO - [2023-03-03T17:00:08.680+0100] {dag.py:2585} INFO - Sync 1 DAGs
[2023-03-03T17:00:08.700+0100] {logging_mixin.py:137} INFO - [2023-03-03T17:00:08.700+0100] {dag.py:3336} INFO - Setting next_dagrun for example_weekday_branch_operator to 2023-03-02T00:00:00+00:00, run_after=2023-03-03T00:00:00+00:00
[2023-03-03T17:00:08.723+0100] {processor.py:176} INFO - Processing /Users/uab910/dev/nnam-poc/pyenv/lib/python3.10/site-packages/airflow/example_dags/example_branch_day_of_week_operator.py took 0.293 seconds
[2023-03-03T17:01:41.119+0100] {processor.py:154} INFO - Started process (PID=59507) to work on /Users/uab910/dev/nnam-poc/pyenv/lib/python3.10/site-packages/airflow/example_dags/example_branch_day_of_week_operator.py
[2023-03-03T17:01:41.127+0100] {processor.py:756} INFO - Processing file /Users/uab910/dev/nnam-poc/pyenv/lib/python3.10/site-packages/airflow/example_dags/example_branch_day_of_week_operator.py for tasks to queue
[2023-03-03T17:01:41.128+0100] {logging_mixin.py:137} INFO - [2023-03-03T17:01:41.128+0100] {dagbag.py:537} INFO - Filling up the DagBag from /Users/uab910/dev/nnam-poc/pyenv/lib/python3.10/site-packages/airflow/example_dags/example_branch_day_of_week_operator.py
[2023-03-03T17:01:41.171+0100] {processor.py:766} INFO - DAG(s) dict_keys(['example_weekday_branch_operator']) retrieved from /Users/uab910/dev/nnam-poc/pyenv/lib/python3.10/site-packages/airflow/example_dags/example_branch_day_of_week_operator.py
[2023-03-03T17:01:41.362+0100] {logging_mixin.py:137} INFO - [2023-03-03T17:01:41.362+0100] {dag.py:2585} INFO - Sync 1 DAGs
[2023-03-03T17:01:41.381+0100] {logging_mixin.py:137} INFO - [2023-03-03T17:01:41.380+0100] {dag.py:3336} INFO - Setting next_dagrun for example_weekday_branch_operator to 2023-03-02T00:00:00+00:00, run_after=2023-03-03T00:00:00+00:00
[2023-03-03T17:01:41.398+0100] {processor.py:176} INFO - Processing /Users/uab910/dev/nnam-poc/pyenv/lib/python3.10/site-packages/airflow/example_dags/example_branch_day_of_week_operator.py took 0.279 seconds
[2023-03-03T17:03:13.338+0100] {processor.py:154} INFO - Started process (PID=59553) to work on /Users/uab910/dev/nnam-poc/pyenv/lib/python3.10/site-packages/airflow/example_dags/example_branch_day_of_week_operator.py
[2023-03-03T17:03:13.343+0100] {processor.py:756} INFO - Processing file /Users/uab910/dev/nnam-poc/pyenv/lib/python3.10/site-packages/airflow/example_dags/example_branch_day_of_week_operator.py for tasks to queue
[2023-03-03T17:03:13.344+0100] {logging_mixin.py:137} INFO - [2023-03-03T17:03:13.344+0100] {dagbag.py:537} INFO - Filling up the DagBag from /Users/uab910/dev/nnam-poc/pyenv/lib/python3.10/site-packages/airflow/example_dags/example_branch_day_of_week_operator.py
[2023-03-03T17:03:13.379+0100] {processor.py:766} INFO - DAG(s) dict_keys(['example_weekday_branch_operator']) retrieved from /Users/uab910/dev/nnam-poc/pyenv/lib/python3.10/site-packages/airflow/example_dags/example_branch_day_of_week_operator.py
[2023-03-03T17:03:13.559+0100] {logging_mixin.py:137} INFO - [2023-03-03T17:03:13.558+0100] {dag.py:2585} INFO - Sync 1 DAGs
[2023-03-03T17:03:13.575+0100] {logging_mixin.py:137} INFO - [2023-03-03T17:03:13.574+0100] {dag.py:3336} INFO - Setting next_dagrun for example_weekday_branch_operator to 2023-03-02T00:00:00+00:00, run_after=2023-03-03T00:00:00+00:00
[2023-03-03T17:03:13.589+0100] {processor.py:176} INFO - Processing /Users/uab910/dev/nnam-poc/pyenv/lib/python3.10/site-packages/airflow/example_dags/example_branch_day_of_week_operator.py took 0.252 seconds
[2023-03-03T17:04:44.147+0100] {processor.py:154} INFO - Started process (PID=59619) to work on /Users/uab910/dev/nnam-poc/pyenv/lib/python3.10/site-packages/airflow/example_dags/example_branch_day_of_week_operator.py
[2023-03-03T17:04:44.153+0100] {processor.py:756} INFO - Processing file /Users/uab910/dev/nnam-poc/pyenv/lib/python3.10/site-packages/airflow/example_dags/example_branch_day_of_week_operator.py for tasks to queue
[2023-03-03T17:04:44.154+0100] {logging_mixin.py:137} INFO - [2023-03-03T17:04:44.153+0100] {dagbag.py:537} INFO - Filling up the DagBag from /Users/uab910/dev/nnam-poc/pyenv/lib/python3.10/site-packages/airflow/example_dags/example_branch_day_of_week_operator.py
[2023-03-03T17:04:44.194+0100] {processor.py:766} INFO - DAG(s) dict_keys(['example_weekday_branch_operator']) retrieved from /Users/uab910/dev/nnam-poc/pyenv/lib/python3.10/site-packages/airflow/example_dags/example_branch_day_of_week_operator.py
[2023-03-03T17:04:44.398+0100] {logging_mixin.py:137} INFO - [2023-03-03T17:04:44.398+0100] {dag.py:2585} INFO - Sync 1 DAGs
[2023-03-03T17:04:44.415+0100] {logging_mixin.py:137} INFO - [2023-03-03T17:04:44.415+0100] {dag.py:3336} INFO - Setting next_dagrun for example_weekday_branch_operator to 2023-03-02T00:00:00+00:00, run_after=2023-03-03T00:00:00+00:00
[2023-03-03T17:04:44.432+0100] {processor.py:176} INFO - Processing /Users/uab910/dev/nnam-poc/pyenv/lib/python3.10/site-packages/airflow/example_dags/example_branch_day_of_week_operator.py took 0.286 seconds
[2023-03-03T17:06:13.750+0100] {processor.py:154} INFO - Started process (PID=59668) to work on /Users/uab910/dev/nnam-poc/pyenv/lib/python3.10/site-packages/airflow/example_dags/example_branch_day_of_week_operator.py
[2023-03-03T17:06:13.757+0100] {processor.py:756} INFO - Processing file /Users/uab910/dev/nnam-poc/pyenv/lib/python3.10/site-packages/airflow/example_dags/example_branch_day_of_week_operator.py for tasks to queue
[2023-03-03T17:06:13.758+0100] {logging_mixin.py:137} INFO - [2023-03-03T17:06:13.757+0100] {dagbag.py:537} INFO - Filling up the DagBag from /Users/uab910/dev/nnam-poc/pyenv/lib/python3.10/site-packages/airflow/example_dags/example_branch_day_of_week_operator.py
[2023-03-03T17:06:13.795+0100] {processor.py:766} INFO - DAG(s) dict_keys(['example_weekday_branch_operator']) retrieved from /Users/uab910/dev/nnam-poc/pyenv/lib/python3.10/site-packages/airflow/example_dags/example_branch_day_of_week_operator.py
[2023-03-03T17:06:13.962+0100] {logging_mixin.py:137} INFO - [2023-03-03T17:06:13.962+0100] {dag.py:2585} INFO - Sync 1 DAGs
[2023-03-03T17:06:13.975+0100] {logging_mixin.py:137} INFO - [2023-03-03T17:06:13.975+0100] {dag.py:3336} INFO - Setting next_dagrun for example_weekday_branch_operator to 2023-03-02T00:00:00+00:00, run_after=2023-03-03T00:00:00+00:00
[2023-03-03T17:06:13.990+0100] {processor.py:176} INFO - Processing /Users/uab910/dev/nnam-poc/pyenv/lib/python3.10/site-packages/airflow/example_dags/example_branch_day_of_week_operator.py took 0.241 seconds
[2023-03-03T17:07:56.923+0100] {processor.py:154} INFO - Started process (PID=59726) to work on /Users/uab910/dev/nnam-poc/pyenv/lib/python3.10/site-packages/airflow/example_dags/example_branch_day_of_week_operator.py
[2023-03-03T17:07:56.929+0100] {processor.py:756} INFO - Processing file /Users/uab910/dev/nnam-poc/pyenv/lib/python3.10/site-packages/airflow/example_dags/example_branch_day_of_week_operator.py for tasks to queue
[2023-03-03T17:07:56.929+0100] {logging_mixin.py:137} INFO - [2023-03-03T17:07:56.929+0100] {dagbag.py:537} INFO - Filling up the DagBag from /Users/uab910/dev/nnam-poc/pyenv/lib/python3.10/site-packages/airflow/example_dags/example_branch_day_of_week_operator.py
[2023-03-03T17:07:56.974+0100] {processor.py:766} INFO - DAG(s) dict_keys(['example_weekday_branch_operator']) retrieved from /Users/uab910/dev/nnam-poc/pyenv/lib/python3.10/site-packages/airflow/example_dags/example_branch_day_of_week_operator.py
[2023-03-03T17:07:57.156+0100] {logging_mixin.py:137} INFO - [2023-03-03T17:07:57.156+0100] {dag.py:2585} INFO - Sync 1 DAGs
[2023-03-03T17:07:57.170+0100] {logging_mixin.py:137} INFO - [2023-03-03T17:07:57.170+0100] {dag.py:3336} INFO - Setting next_dagrun for example_weekday_branch_operator to 2023-03-02T00:00:00+00:00, run_after=2023-03-03T00:00:00+00:00
[2023-03-03T17:07:57.185+0100] {processor.py:176} INFO - Processing /Users/uab910/dev/nnam-poc/pyenv/lib/python3.10/site-packages/airflow/example_dags/example_branch_day_of_week_operator.py took 0.262 seconds
[2023-03-03T17:09:33.658+0100] {processor.py:154} INFO - Started process (PID=59790) to work on /Users/uab910/dev/nnam-poc/pyenv/lib/python3.10/site-packages/airflow/example_dags/example_branch_day_of_week_operator.py
[2023-03-03T17:09:33.664+0100] {processor.py:756} INFO - Processing file /Users/uab910/dev/nnam-poc/pyenv/lib/python3.10/site-packages/airflow/example_dags/example_branch_day_of_week_operator.py for tasks to queue
[2023-03-03T17:09:33.664+0100] {logging_mixin.py:137} INFO - [2023-03-03T17:09:33.664+0100] {dagbag.py:537} INFO - Filling up the DagBag from /Users/uab910/dev/nnam-poc/pyenv/lib/python3.10/site-packages/airflow/example_dags/example_branch_day_of_week_operator.py
[2023-03-03T17:09:33.701+0100] {processor.py:766} INFO - DAG(s) dict_keys(['example_weekday_branch_operator']) retrieved from /Users/uab910/dev/nnam-poc/pyenv/lib/python3.10/site-packages/airflow/example_dags/example_branch_day_of_week_operator.py
[2023-03-03T17:09:33.878+0100] {logging_mixin.py:137} INFO - [2023-03-03T17:09:33.878+0100] {dag.py:2585} INFO - Sync 1 DAGs
[2023-03-03T17:09:33.893+0100] {logging_mixin.py:137} INFO - [2023-03-03T17:09:33.892+0100] {dag.py:3336} INFO - Setting next_dagrun for example_weekday_branch_operator to 2023-03-02T00:00:00+00:00, run_after=2023-03-03T00:00:00+00:00
[2023-03-03T17:09:33.907+0100] {processor.py:176} INFO - Processing /Users/uab910/dev/nnam-poc/pyenv/lib/python3.10/site-packages/airflow/example_dags/example_branch_day_of_week_operator.py took 0.249 seconds
[2023-03-03T17:11:01.038+0100] {processor.py:154} INFO - Started process (PID=59838) to work on /Users/uab910/dev/nnam-poc/pyenv/lib/python3.10/site-packages/airflow/example_dags/example_branch_day_of_week_operator.py
[2023-03-03T17:11:01.044+0100] {processor.py:756} INFO - Processing file /Users/uab910/dev/nnam-poc/pyenv/lib/python3.10/site-packages/airflow/example_dags/example_branch_day_of_week_operator.py for tasks to queue
[2023-03-03T17:11:01.045+0100] {logging_mixin.py:137} INFO - [2023-03-03T17:11:01.045+0100] {dagbag.py:537} INFO - Filling up the DagBag from /Users/uab910/dev/nnam-poc/pyenv/lib/python3.10/site-packages/airflow/example_dags/example_branch_day_of_week_operator.py
[2023-03-03T17:11:01.074+0100] {processor.py:766} INFO - DAG(s) dict_keys(['example_weekday_branch_operator']) retrieved from /Users/uab910/dev/nnam-poc/pyenv/lib/python3.10/site-packages/airflow/example_dags/example_branch_day_of_week_operator.py
[2023-03-03T17:11:01.245+0100] {logging_mixin.py:137} INFO - [2023-03-03T17:11:01.245+0100] {dag.py:2585} INFO - Sync 1 DAGs
[2023-03-03T17:11:01.259+0100] {logging_mixin.py:137} INFO - [2023-03-03T17:11:01.259+0100] {dag.py:3336} INFO - Setting next_dagrun for example_weekday_branch_operator to 2023-03-02T00:00:00+00:00, run_after=2023-03-03T00:00:00+00:00
[2023-03-03T17:11:01.274+0100] {processor.py:176} INFO - Processing /Users/uab910/dev/nnam-poc/pyenv/lib/python3.10/site-packages/airflow/example_dags/example_branch_day_of_week_operator.py took 0.237 seconds
[2023-03-03T17:12:30.621+0100] {processor.py:154} INFO - Started process (PID=59902) to work on /Users/uab910/dev/nnam-poc/pyenv/lib/python3.10/site-packages/airflow/example_dags/example_branch_day_of_week_operator.py
[2023-03-03T17:12:30.626+0100] {processor.py:756} INFO - Processing file /Users/uab910/dev/nnam-poc/pyenv/lib/python3.10/site-packages/airflow/example_dags/example_branch_day_of_week_operator.py for tasks to queue
[2023-03-03T17:12:30.626+0100] {logging_mixin.py:137} INFO - [2023-03-03T17:12:30.626+0100] {dagbag.py:537} INFO - Filling up the DagBag from /Users/uab910/dev/nnam-poc/pyenv/lib/python3.10/site-packages/airflow/example_dags/example_branch_day_of_week_operator.py
[2023-03-03T17:12:30.662+0100] {processor.py:766} INFO - DAG(s) dict_keys(['example_weekday_branch_operator']) retrieved from /Users/uab910/dev/nnam-poc/pyenv/lib/python3.10/site-packages/airflow/example_dags/example_branch_day_of_week_operator.py
[2023-03-03T17:12:30.845+0100] {logging_mixin.py:137} INFO - [2023-03-03T17:12:30.845+0100] {dag.py:2585} INFO - Sync 1 DAGs
[2023-03-03T17:12:30.861+0100] {logging_mixin.py:137} INFO - [2023-03-03T17:12:30.861+0100] {dag.py:3336} INFO - Setting next_dagrun for example_weekday_branch_operator to 2023-03-02T00:00:00+00:00, run_after=2023-03-03T00:00:00+00:00
[2023-03-03T17:12:30.877+0100] {processor.py:176} INFO - Processing /Users/uab910/dev/nnam-poc/pyenv/lib/python3.10/site-packages/airflow/example_dags/example_branch_day_of_week_operator.py took 0.256 seconds
[2023-03-03T17:14:00.611+0100] {processor.py:154} INFO - Started process (PID=59984) to work on /Users/uab910/dev/nnam-poc/pyenv/lib/python3.10/site-packages/airflow/example_dags/example_branch_day_of_week_operator.py
[2023-03-03T17:14:00.616+0100] {processor.py:756} INFO - Processing file /Users/uab910/dev/nnam-poc/pyenv/lib/python3.10/site-packages/airflow/example_dags/example_branch_day_of_week_operator.py for tasks to queue
[2023-03-03T17:14:00.617+0100] {logging_mixin.py:137} INFO - [2023-03-03T17:14:00.616+0100] {dagbag.py:537} INFO - Filling up the DagBag from /Users/uab910/dev/nnam-poc/pyenv/lib/python3.10/site-packages/airflow/example_dags/example_branch_day_of_week_operator.py
[2023-03-03T17:14:00.653+0100] {processor.py:766} INFO - DAG(s) dict_keys(['example_weekday_branch_operator']) retrieved from /Users/uab910/dev/nnam-poc/pyenv/lib/python3.10/site-packages/airflow/example_dags/example_branch_day_of_week_operator.py
[2023-03-03T17:14:00.851+0100] {logging_mixin.py:137} INFO - [2023-03-03T17:14:00.851+0100] {dag.py:2585} INFO - Sync 1 DAGs
[2023-03-03T17:14:00.868+0100] {logging_mixin.py:137} INFO - [2023-03-03T17:14:00.868+0100] {dag.py:3336} INFO - Setting next_dagrun for example_weekday_branch_operator to 2023-03-02T00:00:00+00:00, run_after=2023-03-03T00:00:00+00:00
[2023-03-03T17:14:00.885+0100] {processor.py:176} INFO - Processing /Users/uab910/dev/nnam-poc/pyenv/lib/python3.10/site-packages/airflow/example_dags/example_branch_day_of_week_operator.py took 0.275 seconds
[2023-03-03T17:15:33.094+0100] {processor.py:154} INFO - Started process (PID=60039) to work on /Users/uab910/dev/nnam-poc/pyenv/lib/python3.10/site-packages/airflow/example_dags/example_branch_day_of_week_operator.py
[2023-03-03T17:15:33.100+0100] {processor.py:756} INFO - Processing file /Users/uab910/dev/nnam-poc/pyenv/lib/python3.10/site-packages/airflow/example_dags/example_branch_day_of_week_operator.py for tasks to queue
[2023-03-03T17:15:33.101+0100] {logging_mixin.py:137} INFO - [2023-03-03T17:15:33.101+0100] {dagbag.py:537} INFO - Filling up the DagBag from /Users/uab910/dev/nnam-poc/pyenv/lib/python3.10/site-packages/airflow/example_dags/example_branch_day_of_week_operator.py
[2023-03-03T17:15:33.140+0100] {processor.py:766} INFO - DAG(s) dict_keys(['example_weekday_branch_operator']) retrieved from /Users/uab910/dev/nnam-poc/pyenv/lib/python3.10/site-packages/airflow/example_dags/example_branch_day_of_week_operator.py
[2023-03-03T17:15:33.333+0100] {logging_mixin.py:137} INFO - [2023-03-03T17:15:33.333+0100] {dag.py:2585} INFO - Sync 1 DAGs
[2023-03-03T17:15:33.352+0100] {logging_mixin.py:137} INFO - [2023-03-03T17:15:33.352+0100] {dag.py:3336} INFO - Setting next_dagrun for example_weekday_branch_operator to 2023-03-02T00:00:00+00:00, run_after=2023-03-03T00:00:00+00:00
[2023-03-03T17:15:33.372+0100] {processor.py:176} INFO - Processing /Users/uab910/dev/nnam-poc/pyenv/lib/python3.10/site-packages/airflow/example_dags/example_branch_day_of_week_operator.py took 0.278 seconds
[2023-03-03T17:17:06.384+0100] {processor.py:154} INFO - Started process (PID=60093) to work on /Users/uab910/dev/nnam-poc/pyenv/lib/python3.10/site-packages/airflow/example_dags/example_branch_day_of_week_operator.py
[2023-03-03T17:17:06.388+0100] {processor.py:756} INFO - Processing file /Users/uab910/dev/nnam-poc/pyenv/lib/python3.10/site-packages/airflow/example_dags/example_branch_day_of_week_operator.py for tasks to queue
[2023-03-03T17:17:06.388+0100] {logging_mixin.py:137} INFO - [2023-03-03T17:17:06.388+0100] {dagbag.py:537} INFO - Filling up the DagBag from /Users/uab910/dev/nnam-poc/pyenv/lib/python3.10/site-packages/airflow/example_dags/example_branch_day_of_week_operator.py
[2023-03-03T17:17:06.429+0100] {processor.py:766} INFO - DAG(s) dict_keys(['example_weekday_branch_operator']) retrieved from /Users/uab910/dev/nnam-poc/pyenv/lib/python3.10/site-packages/airflow/example_dags/example_branch_day_of_week_operator.py
[2023-03-03T17:17:06.644+0100] {logging_mixin.py:137} INFO - [2023-03-03T17:17:06.643+0100] {dag.py:2585} INFO - Sync 1 DAGs
[2023-03-03T17:17:06.659+0100] {logging_mixin.py:137} INFO - [2023-03-03T17:17:06.659+0100] {dag.py:3336} INFO - Setting next_dagrun for example_weekday_branch_operator to 2023-03-02T00:00:00+00:00, run_after=2023-03-03T00:00:00+00:00
[2023-03-03T17:17:06.677+0100] {processor.py:176} INFO - Processing /Users/uab910/dev/nnam-poc/pyenv/lib/python3.10/site-packages/airflow/example_dags/example_branch_day_of_week_operator.py took 0.294 seconds
[2023-03-03T17:18:33.521+0100] {processor.py:154} INFO - Started process (PID=60144) to work on /Users/uab910/dev/nnam-poc/pyenv/lib/python3.10/site-packages/airflow/example_dags/example_branch_day_of_week_operator.py
[2023-03-03T17:18:33.526+0100] {processor.py:756} INFO - Processing file /Users/uab910/dev/nnam-poc/pyenv/lib/python3.10/site-packages/airflow/example_dags/example_branch_day_of_week_operator.py for tasks to queue
[2023-03-03T17:18:33.527+0100] {logging_mixin.py:137} INFO - [2023-03-03T17:18:33.527+0100] {dagbag.py:537} INFO - Filling up the DagBag from /Users/uab910/dev/nnam-poc/pyenv/lib/python3.10/site-packages/airflow/example_dags/example_branch_day_of_week_operator.py
[2023-03-03T17:18:33.565+0100] {processor.py:766} INFO - DAG(s) dict_keys(['example_weekday_branch_operator']) retrieved from /Users/uab910/dev/nnam-poc/pyenv/lib/python3.10/site-packages/airflow/example_dags/example_branch_day_of_week_operator.py
[2023-03-03T17:18:33.734+0100] {logging_mixin.py:137} INFO - [2023-03-03T17:18:33.734+0100] {dag.py:2585} INFO - Sync 1 DAGs
[2023-03-03T17:18:33.747+0100] {logging_mixin.py:137} INFO - [2023-03-03T17:18:33.747+0100] {dag.py:3336} INFO - Setting next_dagrun for example_weekday_branch_operator to 2023-03-02T00:00:00+00:00, run_after=2023-03-03T00:00:00+00:00
[2023-03-03T17:18:33.761+0100] {processor.py:176} INFO - Processing /Users/uab910/dev/nnam-poc/pyenv/lib/python3.10/site-packages/airflow/example_dags/example_branch_day_of_week_operator.py took 0.241 seconds
