[2023-03-03T16:00:32.651+0100] {processor.py:154} INFO - Started process (PID=57113) to work on /Users/uab910/dev/nnam-poc/pyenv/lib/python3.10/site-packages/airflow/example_dags/example_trigger_target_dag.py
[2023-03-03T16:00:32.656+0100] {processor.py:756} INFO - Processing file /Users/uab910/dev/nnam-poc/pyenv/lib/python3.10/site-packages/airflow/example_dags/example_trigger_target_dag.py for tasks to queue
[2023-03-03T16:00:32.657+0100] {logging_mixin.py:137} INFO - [2023-03-03T16:00:32.657+0100] {dagbag.py:537} INFO - Filling up the DagBag from /Users/uab910/dev/nnam-poc/pyenv/lib/python3.10/site-packages/airflow/example_dags/example_trigger_target_dag.py
[2023-03-03T16:00:32.717+0100] {processor.py:766} INFO - DAG(s) dict_keys(['example_trigger_target_dag']) retrieved from /Users/uab910/dev/nnam-poc/pyenv/lib/python3.10/site-packages/airflow/example_dags/example_trigger_target_dag.py
[2023-03-03T16:00:33.930+0100] {logging_mixin.py:137} INFO - [2023-03-03T16:00:33.930+0100] {manager.py:507} INFO - Created Permission View: can edit on DAG:example_trigger_target_dag
[2023-03-03T16:00:33.938+0100] {logging_mixin.py:137} INFO - [2023-03-03T16:00:33.938+0100] {manager.py:507} INFO - Created Permission View: can read on DAG:example_trigger_target_dag
[2023-03-03T16:00:33.945+0100] {logging_mixin.py:137} INFO - [2023-03-03T16:00:33.945+0100] {manager.py:507} INFO - Created Permission View: can delete on DAG:example_trigger_target_dag
[2023-03-03T16:00:33.946+0100] {logging_mixin.py:137} INFO - [2023-03-03T16:00:33.946+0100] {dag.py:2585} INFO - Sync 1 DAGs
[2023-03-03T16:00:33.958+0100] {logging_mixin.py:137} INFO - [2023-03-03T16:00:33.957+0100] {dag.py:2606} INFO - Creating ORM DAG for example_trigger_target_dag
[2023-03-03T16:00:33.967+0100] {logging_mixin.py:137} INFO - [2023-03-03T16:00:33.966+0100] {dag.py:3336} INFO - Setting next_dagrun for example_trigger_target_dag to None, run_after=None
[2023-03-03T16:00:33.985+0100] {processor.py:176} INFO - Processing /Users/uab910/dev/nnam-poc/pyenv/lib/python3.10/site-packages/airflow/example_dags/example_trigger_target_dag.py took 1.335 seconds
[2023-03-03T16:02:51.900+0100] {processor.py:154} INFO - Started process (PID=57226) to work on /Users/uab910/dev/nnam-poc/pyenv/lib/python3.10/site-packages/airflow/example_dags/example_trigger_target_dag.py
[2023-03-03T16:02:51.907+0100] {processor.py:756} INFO - Processing file /Users/uab910/dev/nnam-poc/pyenv/lib/python3.10/site-packages/airflow/example_dags/example_trigger_target_dag.py for tasks to queue
[2023-03-03T16:02:51.907+0100] {logging_mixin.py:137} INFO - [2023-03-03T16:02:51.907+0100] {dagbag.py:537} INFO - Filling up the DagBag from /Users/uab910/dev/nnam-poc/pyenv/lib/python3.10/site-packages/airflow/example_dags/example_trigger_target_dag.py
[2023-03-03T16:02:51.979+0100] {processor.py:766} INFO - DAG(s) dict_keys(['example_trigger_target_dag']) retrieved from /Users/uab910/dev/nnam-poc/pyenv/lib/python3.10/site-packages/airflow/example_dags/example_trigger_target_dag.py
[2023-03-03T16:02:52.018+0100] {logging_mixin.py:137} INFO - [2023-03-03T16:02:52.018+0100] {dag.py:2585} INFO - Sync 1 DAGs
[2023-03-03T16:02:52.111+0100] {logging_mixin.py:137} INFO - [2023-03-03T16:02:52.111+0100] {dag.py:3336} INFO - Setting next_dagrun for example_trigger_target_dag to None, run_after=None
[2023-03-03T16:02:52.126+0100] {processor.py:176} INFO - Processing /Users/uab910/dev/nnam-poc/pyenv/lib/python3.10/site-packages/airflow/example_dags/example_trigger_target_dag.py took 0.226 seconds
[2023-03-03T16:04:08.088+0100] {processor.py:154} INFO - Started process (PID=57281) to work on /Users/uab910/dev/nnam-poc/pyenv/lib/python3.10/site-packages/airflow/example_dags/example_trigger_target_dag.py
[2023-03-03T16:04:08.093+0100] {processor.py:756} INFO - Processing file /Users/uab910/dev/nnam-poc/pyenv/lib/python3.10/site-packages/airflow/example_dags/example_trigger_target_dag.py for tasks to queue
[2023-03-03T16:04:08.093+0100] {logging_mixin.py:137} INFO - [2023-03-03T16:04:08.093+0100] {dagbag.py:537} INFO - Filling up the DagBag from /Users/uab910/dev/nnam-poc/pyenv/lib/python3.10/site-packages/airflow/example_dags/example_trigger_target_dag.py
[2023-03-03T16:04:08.162+0100] {processor.py:766} INFO - DAG(s) dict_keys(['example_trigger_target_dag']) retrieved from /Users/uab910/dev/nnam-poc/pyenv/lib/python3.10/site-packages/airflow/example_dags/example_trigger_target_dag.py
[2023-03-03T16:04:08.327+0100] {logging_mixin.py:137} INFO - [2023-03-03T16:04:08.326+0100] {dag.py:2585} INFO - Sync 1 DAGs
[2023-03-03T16:04:08.341+0100] {logging_mixin.py:137} INFO - [2023-03-03T16:04:08.341+0100] {dag.py:3336} INFO - Setting next_dagrun for example_trigger_target_dag to None, run_after=None
[2023-03-03T16:04:08.357+0100] {processor.py:176} INFO - Processing /Users/uab910/dev/nnam-poc/pyenv/lib/python3.10/site-packages/airflow/example_dags/example_trigger_target_dag.py took 0.270 seconds
[2023-03-03T16:05:22.466+0100] {processor.py:154} INFO - Started process (PID=57331) to work on /Users/uab910/dev/nnam-poc/pyenv/lib/python3.10/site-packages/airflow/example_dags/example_trigger_target_dag.py
[2023-03-03T16:05:22.472+0100] {processor.py:756} INFO - Processing file /Users/uab910/dev/nnam-poc/pyenv/lib/python3.10/site-packages/airflow/example_dags/example_trigger_target_dag.py for tasks to queue
[2023-03-03T16:05:22.473+0100] {logging_mixin.py:137} INFO - [2023-03-03T16:05:22.473+0100] {dagbag.py:537} INFO - Filling up the DagBag from /Users/uab910/dev/nnam-poc/pyenv/lib/python3.10/site-packages/airflow/example_dags/example_trigger_target_dag.py
[2023-03-03T16:05:22.541+0100] {processor.py:766} INFO - DAG(s) dict_keys(['example_trigger_target_dag']) retrieved from /Users/uab910/dev/nnam-poc/pyenv/lib/python3.10/site-packages/airflow/example_dags/example_trigger_target_dag.py
[2023-03-03T16:05:22.728+0100] {logging_mixin.py:137} INFO - [2023-03-03T16:05:22.728+0100] {dag.py:2585} INFO - Sync 1 DAGs
[2023-03-03T16:05:22.744+0100] {logging_mixin.py:137} INFO - [2023-03-03T16:05:22.744+0100] {dag.py:3336} INFO - Setting next_dagrun for example_trigger_target_dag to None, run_after=None
[2023-03-03T16:05:22.762+0100] {processor.py:176} INFO - Processing /Users/uab910/dev/nnam-poc/pyenv/lib/python3.10/site-packages/airflow/example_dags/example_trigger_target_dag.py took 0.297 seconds
[2023-03-03T16:06:40.964+0100] {processor.py:154} INFO - Started process (PID=57377) to work on /Users/uab910/dev/nnam-poc/pyenv/lib/python3.10/site-packages/airflow/example_dags/example_trigger_target_dag.py
[2023-03-03T16:06:40.970+0100] {processor.py:756} INFO - Processing file /Users/uab910/dev/nnam-poc/pyenv/lib/python3.10/site-packages/airflow/example_dags/example_trigger_target_dag.py for tasks to queue
[2023-03-03T16:06:40.971+0100] {logging_mixin.py:137} INFO - [2023-03-03T16:06:40.970+0100] {dagbag.py:537} INFO - Filling up the DagBag from /Users/uab910/dev/nnam-poc/pyenv/lib/python3.10/site-packages/airflow/example_dags/example_trigger_target_dag.py
[2023-03-03T16:06:41.041+0100] {processor.py:766} INFO - DAG(s) dict_keys(['example_trigger_target_dag']) retrieved from /Users/uab910/dev/nnam-poc/pyenv/lib/python3.10/site-packages/airflow/example_dags/example_trigger_target_dag.py
[2023-03-03T16:06:41.203+0100] {logging_mixin.py:137} INFO - [2023-03-03T16:06:41.203+0100] {dag.py:2585} INFO - Sync 1 DAGs
[2023-03-03T16:06:41.217+0100] {logging_mixin.py:137} INFO - [2023-03-03T16:06:41.216+0100] {dag.py:3336} INFO - Setting next_dagrun for example_trigger_target_dag to None, run_after=None
[2023-03-03T16:06:41.233+0100] {processor.py:176} INFO - Processing /Users/uab910/dev/nnam-poc/pyenv/lib/python3.10/site-packages/airflow/example_dags/example_trigger_target_dag.py took 0.270 seconds
[2023-03-03T16:08:03.484+0100] {processor.py:154} INFO - Started process (PID=57429) to work on /Users/uab910/dev/nnam-poc/pyenv/lib/python3.10/site-packages/airflow/example_dags/example_trigger_target_dag.py
[2023-03-03T16:08:03.491+0100] {processor.py:756} INFO - Processing file /Users/uab910/dev/nnam-poc/pyenv/lib/python3.10/site-packages/airflow/example_dags/example_trigger_target_dag.py for tasks to queue
[2023-03-03T16:08:03.491+0100] {logging_mixin.py:137} INFO - [2023-03-03T16:08:03.491+0100] {dagbag.py:537} INFO - Filling up the DagBag from /Users/uab910/dev/nnam-poc/pyenv/lib/python3.10/site-packages/airflow/example_dags/example_trigger_target_dag.py
[2023-03-03T16:08:03.558+0100] {processor.py:766} INFO - DAG(s) dict_keys(['example_trigger_target_dag']) retrieved from /Users/uab910/dev/nnam-poc/pyenv/lib/python3.10/site-packages/airflow/example_dags/example_trigger_target_dag.py
[2023-03-03T16:08:03.829+0100] {logging_mixin.py:137} INFO - [2023-03-03T16:08:03.828+0100] {dag.py:2585} INFO - Sync 1 DAGs
[2023-03-03T16:08:03.853+0100] {logging_mixin.py:137} INFO - [2023-03-03T16:08:03.853+0100] {dag.py:3336} INFO - Setting next_dagrun for example_trigger_target_dag to None, run_after=None
[2023-03-03T16:08:03.875+0100] {processor.py:176} INFO - Processing /Users/uab910/dev/nnam-poc/pyenv/lib/python3.10/site-packages/airflow/example_dags/example_trigger_target_dag.py took 0.392 seconds
[2023-03-03T16:09:19.036+0100] {processor.py:154} INFO - Started process (PID=57487) to work on /Users/uab910/dev/nnam-poc/pyenv/lib/python3.10/site-packages/airflow/example_dags/example_trigger_target_dag.py
[2023-03-03T16:09:19.042+0100] {processor.py:756} INFO - Processing file /Users/uab910/dev/nnam-poc/pyenv/lib/python3.10/site-packages/airflow/example_dags/example_trigger_target_dag.py for tasks to queue
[2023-03-03T16:09:19.043+0100] {logging_mixin.py:137} INFO - [2023-03-03T16:09:19.043+0100] {dagbag.py:537} INFO - Filling up the DagBag from /Users/uab910/dev/nnam-poc/pyenv/lib/python3.10/site-packages/airflow/example_dags/example_trigger_target_dag.py
[2023-03-03T16:09:19.114+0100] {processor.py:766} INFO - DAG(s) dict_keys(['example_trigger_target_dag']) retrieved from /Users/uab910/dev/nnam-poc/pyenv/lib/python3.10/site-packages/airflow/example_dags/example_trigger_target_dag.py
[2023-03-03T16:09:19.301+0100] {logging_mixin.py:137} INFO - [2023-03-03T16:09:19.300+0100] {dag.py:2585} INFO - Sync 1 DAGs
[2023-03-03T16:09:19.316+0100] {logging_mixin.py:137} INFO - [2023-03-03T16:09:19.316+0100] {dag.py:3336} INFO - Setting next_dagrun for example_trigger_target_dag to None, run_after=None
[2023-03-03T16:09:19.333+0100] {processor.py:176} INFO - Processing /Users/uab910/dev/nnam-poc/pyenv/lib/python3.10/site-packages/airflow/example_dags/example_trigger_target_dag.py took 0.298 seconds
[2023-03-03T16:10:35.861+0100] {processor.py:154} INFO - Started process (PID=57527) to work on /Users/uab910/dev/nnam-poc/pyenv/lib/python3.10/site-packages/airflow/example_dags/example_trigger_target_dag.py
[2023-03-03T16:10:35.867+0100] {processor.py:756} INFO - Processing file /Users/uab910/dev/nnam-poc/pyenv/lib/python3.10/site-packages/airflow/example_dags/example_trigger_target_dag.py for tasks to queue
[2023-03-03T16:10:35.868+0100] {logging_mixin.py:137} INFO - [2023-03-03T16:10:35.868+0100] {dagbag.py:537} INFO - Filling up the DagBag from /Users/uab910/dev/nnam-poc/pyenv/lib/python3.10/site-packages/airflow/example_dags/example_trigger_target_dag.py
[2023-03-03T16:10:35.932+0100] {processor.py:766} INFO - DAG(s) dict_keys(['example_trigger_target_dag']) retrieved from /Users/uab910/dev/nnam-poc/pyenv/lib/python3.10/site-packages/airflow/example_dags/example_trigger_target_dag.py
[2023-03-03T16:10:36.095+0100] {logging_mixin.py:137} INFO - [2023-03-03T16:10:36.095+0100] {dag.py:2585} INFO - Sync 1 DAGs
[2023-03-03T16:10:36.109+0100] {logging_mixin.py:137} INFO - [2023-03-03T16:10:36.109+0100] {dag.py:3336} INFO - Setting next_dagrun for example_trigger_target_dag to None, run_after=None
[2023-03-03T16:10:36.125+0100] {processor.py:176} INFO - Processing /Users/uab910/dev/nnam-poc/pyenv/lib/python3.10/site-packages/airflow/example_dags/example_trigger_target_dag.py took 0.265 seconds
[2023-03-03T16:11:54.165+0100] {processor.py:154} INFO - Started process (PID=57572) to work on /Users/uab910/dev/nnam-poc/pyenv/lib/python3.10/site-packages/airflow/example_dags/example_trigger_target_dag.py
[2023-03-03T16:11:54.171+0100] {processor.py:756} INFO - Processing file /Users/uab910/dev/nnam-poc/pyenv/lib/python3.10/site-packages/airflow/example_dags/example_trigger_target_dag.py for tasks to queue
[2023-03-03T16:11:54.171+0100] {logging_mixin.py:137} INFO - [2023-03-03T16:11:54.171+0100] {dagbag.py:537} INFO - Filling up the DagBag from /Users/uab910/dev/nnam-poc/pyenv/lib/python3.10/site-packages/airflow/example_dags/example_trigger_target_dag.py
[2023-03-03T16:11:54.233+0100] {processor.py:766} INFO - DAG(s) dict_keys(['example_trigger_target_dag']) retrieved from /Users/uab910/dev/nnam-poc/pyenv/lib/python3.10/site-packages/airflow/example_dags/example_trigger_target_dag.py
[2023-03-03T16:11:54.402+0100] {logging_mixin.py:137} INFO - [2023-03-03T16:11:54.401+0100] {dag.py:2585} INFO - Sync 1 DAGs
[2023-03-03T16:11:54.417+0100] {logging_mixin.py:137} INFO - [2023-03-03T16:11:54.417+0100] {dag.py:3336} INFO - Setting next_dagrun for example_trigger_target_dag to None, run_after=None
[2023-03-03T16:11:54.435+0100] {processor.py:176} INFO - Processing /Users/uab910/dev/nnam-poc/pyenv/lib/python3.10/site-packages/airflow/example_dags/example_trigger_target_dag.py took 0.271 seconds
[2023-03-03T16:13:06.923+0100] {processor.py:154} INFO - Started process (PID=57611) to work on /Users/uab910/dev/nnam-poc/pyenv/lib/python3.10/site-packages/airflow/example_dags/example_trigger_target_dag.py
[2023-03-03T16:13:06.929+0100] {processor.py:756} INFO - Processing file /Users/uab910/dev/nnam-poc/pyenv/lib/python3.10/site-packages/airflow/example_dags/example_trigger_target_dag.py for tasks to queue
[2023-03-03T16:13:06.930+0100] {logging_mixin.py:137} INFO - [2023-03-03T16:13:06.930+0100] {dagbag.py:537} INFO - Filling up the DagBag from /Users/uab910/dev/nnam-poc/pyenv/lib/python3.10/site-packages/airflow/example_dags/example_trigger_target_dag.py
[2023-03-03T16:13:06.998+0100] {processor.py:766} INFO - DAG(s) dict_keys(['example_trigger_target_dag']) retrieved from /Users/uab910/dev/nnam-poc/pyenv/lib/python3.10/site-packages/airflow/example_dags/example_trigger_target_dag.py
[2023-03-03T16:13:07.198+0100] {logging_mixin.py:137} INFO - [2023-03-03T16:13:07.197+0100] {dag.py:2585} INFO - Sync 1 DAGs
[2023-03-03T16:13:07.215+0100] {logging_mixin.py:137} INFO - [2023-03-03T16:13:07.215+0100] {dag.py:3336} INFO - Setting next_dagrun for example_trigger_target_dag to None, run_after=None
[2023-03-03T16:13:07.231+0100] {processor.py:176} INFO - Processing /Users/uab910/dev/nnam-poc/pyenv/lib/python3.10/site-packages/airflow/example_dags/example_trigger_target_dag.py took 0.310 seconds
[2023-03-03T16:14:23.620+0100] {processor.py:154} INFO - Started process (PID=57671) to work on /Users/uab910/dev/nnam-poc/pyenv/lib/python3.10/site-packages/airflow/example_dags/example_trigger_target_dag.py
[2023-03-03T16:14:23.625+0100] {processor.py:756} INFO - Processing file /Users/uab910/dev/nnam-poc/pyenv/lib/python3.10/site-packages/airflow/example_dags/example_trigger_target_dag.py for tasks to queue
[2023-03-03T16:14:23.625+0100] {logging_mixin.py:137} INFO - [2023-03-03T16:14:23.625+0100] {dagbag.py:537} INFO - Filling up the DagBag from /Users/uab910/dev/nnam-poc/pyenv/lib/python3.10/site-packages/airflow/example_dags/example_trigger_target_dag.py
[2023-03-03T16:14:23.686+0100] {processor.py:766} INFO - DAG(s) dict_keys(['example_trigger_target_dag']) retrieved from /Users/uab910/dev/nnam-poc/pyenv/lib/python3.10/site-packages/airflow/example_dags/example_trigger_target_dag.py
[2023-03-03T16:14:23.873+0100] {logging_mixin.py:137} INFO - [2023-03-03T16:14:23.873+0100] {dag.py:2585} INFO - Sync 1 DAGs
[2023-03-03T16:14:23.890+0100] {logging_mixin.py:137} INFO - [2023-03-03T16:14:23.890+0100] {dag.py:3336} INFO - Setting next_dagrun for example_trigger_target_dag to None, run_after=None
[2023-03-03T16:14:23.907+0100] {processor.py:176} INFO - Processing /Users/uab910/dev/nnam-poc/pyenv/lib/python3.10/site-packages/airflow/example_dags/example_trigger_target_dag.py took 0.288 seconds
[2023-03-03T16:15:40.743+0100] {processor.py:154} INFO - Started process (PID=57735) to work on /Users/uab910/dev/nnam-poc/pyenv/lib/python3.10/site-packages/airflow/example_dags/example_trigger_target_dag.py
[2023-03-03T16:15:40.750+0100] {processor.py:756} INFO - Processing file /Users/uab910/dev/nnam-poc/pyenv/lib/python3.10/site-packages/airflow/example_dags/example_trigger_target_dag.py for tasks to queue
[2023-03-03T16:15:40.750+0100] {logging_mixin.py:137} INFO - [2023-03-03T16:15:40.750+0100] {dagbag.py:537} INFO - Filling up the DagBag from /Users/uab910/dev/nnam-poc/pyenv/lib/python3.10/site-packages/airflow/example_dags/example_trigger_target_dag.py
[2023-03-03T16:15:40.820+0100] {processor.py:766} INFO - DAG(s) dict_keys(['example_trigger_target_dag']) retrieved from /Users/uab910/dev/nnam-poc/pyenv/lib/python3.10/site-packages/airflow/example_dags/example_trigger_target_dag.py
[2023-03-03T16:15:41.026+0100] {logging_mixin.py:137} INFO - [2023-03-03T16:15:41.026+0100] {dag.py:2585} INFO - Sync 1 DAGs
[2023-03-03T16:15:41.041+0100] {logging_mixin.py:137} INFO - [2023-03-03T16:15:41.041+0100] {dag.py:3336} INFO - Setting next_dagrun for example_trigger_target_dag to None, run_after=None
[2023-03-03T16:15:41.059+0100] {processor.py:176} INFO - Processing /Users/uab910/dev/nnam-poc/pyenv/lib/python3.10/site-packages/airflow/example_dags/example_trigger_target_dag.py took 0.317 seconds
[2023-03-03T16:17:00.905+0100] {processor.py:154} INFO - Started process (PID=57820) to work on /Users/uab910/dev/nnam-poc/pyenv/lib/python3.10/site-packages/airflow/example_dags/example_trigger_target_dag.py
[2023-03-03T16:17:00.910+0100] {processor.py:756} INFO - Processing file /Users/uab910/dev/nnam-poc/pyenv/lib/python3.10/site-packages/airflow/example_dags/example_trigger_target_dag.py for tasks to queue
[2023-03-03T16:17:00.911+0100] {logging_mixin.py:137} INFO - [2023-03-03T16:17:00.911+0100] {dagbag.py:537} INFO - Filling up the DagBag from /Users/uab910/dev/nnam-poc/pyenv/lib/python3.10/site-packages/airflow/example_dags/example_trigger_target_dag.py
[2023-03-03T16:17:00.972+0100] {processor.py:766} INFO - DAG(s) dict_keys(['example_trigger_target_dag']) retrieved from /Users/uab910/dev/nnam-poc/pyenv/lib/python3.10/site-packages/airflow/example_dags/example_trigger_target_dag.py
[2023-03-03T16:17:01.141+0100] {logging_mixin.py:137} INFO - [2023-03-03T16:17:01.141+0100] {dag.py:2585} INFO - Sync 1 DAGs
[2023-03-03T16:17:01.155+0100] {logging_mixin.py:137} INFO - [2023-03-03T16:17:01.155+0100] {dag.py:3336} INFO - Setting next_dagrun for example_trigger_target_dag to None, run_after=None
[2023-03-03T16:17:01.169+0100] {processor.py:176} INFO - Processing /Users/uab910/dev/nnam-poc/pyenv/lib/python3.10/site-packages/airflow/example_dags/example_trigger_target_dag.py took 0.265 seconds
[2023-03-03T16:18:18.988+0100] {processor.py:154} INFO - Started process (PID=57871) to work on /Users/uab910/dev/nnam-poc/pyenv/lib/python3.10/site-packages/airflow/example_dags/example_trigger_target_dag.py
[2023-03-03T16:18:18.994+0100] {processor.py:756} INFO - Processing file /Users/uab910/dev/nnam-poc/pyenv/lib/python3.10/site-packages/airflow/example_dags/example_trigger_target_dag.py for tasks to queue
[2023-03-03T16:18:18.995+0100] {logging_mixin.py:137} INFO - [2023-03-03T16:18:18.995+0100] {dagbag.py:537} INFO - Filling up the DagBag from /Users/uab910/dev/nnam-poc/pyenv/lib/python3.10/site-packages/airflow/example_dags/example_trigger_target_dag.py
[2023-03-03T16:18:19.051+0100] {processor.py:766} INFO - DAG(s) dict_keys(['example_trigger_target_dag']) retrieved from /Users/uab910/dev/nnam-poc/pyenv/lib/python3.10/site-packages/airflow/example_dags/example_trigger_target_dag.py
[2023-03-03T16:18:19.212+0100] {logging_mixin.py:137} INFO - [2023-03-03T16:18:19.212+0100] {dag.py:2585} INFO - Sync 1 DAGs
[2023-03-03T16:18:19.231+0100] {logging_mixin.py:137} INFO - [2023-03-03T16:18:19.231+0100] {dag.py:3336} INFO - Setting next_dagrun for example_trigger_target_dag to None, run_after=None
[2023-03-03T16:18:19.248+0100] {processor.py:176} INFO - Processing /Users/uab910/dev/nnam-poc/pyenv/lib/python3.10/site-packages/airflow/example_dags/example_trigger_target_dag.py took 0.261 seconds
[2023-03-03T16:19:37.139+0100] {processor.py:154} INFO - Started process (PID=57930) to work on /Users/uab910/dev/nnam-poc/pyenv/lib/python3.10/site-packages/airflow/example_dags/example_trigger_target_dag.py
[2023-03-03T16:19:37.144+0100] {processor.py:756} INFO - Processing file /Users/uab910/dev/nnam-poc/pyenv/lib/python3.10/site-packages/airflow/example_dags/example_trigger_target_dag.py for tasks to queue
[2023-03-03T16:19:37.144+0100] {logging_mixin.py:137} INFO - [2023-03-03T16:19:37.144+0100] {dagbag.py:537} INFO - Filling up the DagBag from /Users/uab910/dev/nnam-poc/pyenv/lib/python3.10/site-packages/airflow/example_dags/example_trigger_target_dag.py
[2023-03-03T16:19:37.214+0100] {processor.py:766} INFO - DAG(s) dict_keys(['example_trigger_target_dag']) retrieved from /Users/uab910/dev/nnam-poc/pyenv/lib/python3.10/site-packages/airflow/example_dags/example_trigger_target_dag.py
[2023-03-03T16:19:37.390+0100] {logging_mixin.py:137} INFO - [2023-03-03T16:19:37.390+0100] {dag.py:2585} INFO - Sync 1 DAGs
[2023-03-03T16:19:37.405+0100] {logging_mixin.py:137} INFO - [2023-03-03T16:19:37.405+0100] {dag.py:3336} INFO - Setting next_dagrun for example_trigger_target_dag to None, run_after=None
[2023-03-03T16:19:37.422+0100] {processor.py:176} INFO - Processing /Users/uab910/dev/nnam-poc/pyenv/lib/python3.10/site-packages/airflow/example_dags/example_trigger_target_dag.py took 0.284 seconds
[2023-03-03T16:20:52.768+0100] {processor.py:154} INFO - Started process (PID=58015) to work on /Users/uab910/dev/nnam-poc/pyenv/lib/python3.10/site-packages/airflow/example_dags/example_trigger_target_dag.py
[2023-03-03T16:20:52.773+0100] {processor.py:756} INFO - Processing file /Users/uab910/dev/nnam-poc/pyenv/lib/python3.10/site-packages/airflow/example_dags/example_trigger_target_dag.py for tasks to queue
[2023-03-03T16:20:52.773+0100] {logging_mixin.py:137} INFO - [2023-03-03T16:20:52.773+0100] {dagbag.py:537} INFO - Filling up the DagBag from /Users/uab910/dev/nnam-poc/pyenv/lib/python3.10/site-packages/airflow/example_dags/example_trigger_target_dag.py
[2023-03-03T16:20:52.832+0100] {processor.py:766} INFO - DAG(s) dict_keys(['example_trigger_target_dag']) retrieved from /Users/uab910/dev/nnam-poc/pyenv/lib/python3.10/site-packages/airflow/example_dags/example_trigger_target_dag.py
[2023-03-03T16:20:52.990+0100] {logging_mixin.py:137} INFO - [2023-03-03T16:20:52.990+0100] {dag.py:2585} INFO - Sync 1 DAGs
[2023-03-03T16:20:53.006+0100] {logging_mixin.py:137} INFO - [2023-03-03T16:20:53.005+0100] {dag.py:3336} INFO - Setting next_dagrun for example_trigger_target_dag to None, run_after=None
[2023-03-03T16:20:53.022+0100] {processor.py:176} INFO - Processing /Users/uab910/dev/nnam-poc/pyenv/lib/python3.10/site-packages/airflow/example_dags/example_trigger_target_dag.py took 0.254 seconds
[2023-03-03T16:22:16.326+0100] {processor.py:154} INFO - Started process (PID=58077) to work on /Users/uab910/dev/nnam-poc/pyenv/lib/python3.10/site-packages/airflow/example_dags/example_trigger_target_dag.py
[2023-03-03T16:22:16.332+0100] {processor.py:756} INFO - Processing file /Users/uab910/dev/nnam-poc/pyenv/lib/python3.10/site-packages/airflow/example_dags/example_trigger_target_dag.py for tasks to queue
[2023-03-03T16:22:16.332+0100] {logging_mixin.py:137} INFO - [2023-03-03T16:22:16.332+0100] {dagbag.py:537} INFO - Filling up the DagBag from /Users/uab910/dev/nnam-poc/pyenv/lib/python3.10/site-packages/airflow/example_dags/example_trigger_target_dag.py
[2023-03-03T16:22:16.400+0100] {processor.py:766} INFO - DAG(s) dict_keys(['example_trigger_target_dag']) retrieved from /Users/uab910/dev/nnam-poc/pyenv/lib/python3.10/site-packages/airflow/example_dags/example_trigger_target_dag.py
[2023-03-03T16:22:16.584+0100] {logging_mixin.py:137} INFO - [2023-03-03T16:22:16.583+0100] {dag.py:2585} INFO - Sync 1 DAGs
[2023-03-03T16:22:16.598+0100] {logging_mixin.py:137} INFO - [2023-03-03T16:22:16.598+0100] {dag.py:3336} INFO - Setting next_dagrun for example_trigger_target_dag to None, run_after=None
[2023-03-03T16:22:16.614+0100] {processor.py:176} INFO - Processing /Users/uab910/dev/nnam-poc/pyenv/lib/python3.10/site-packages/airflow/example_dags/example_trigger_target_dag.py took 0.288 seconds
[2023-03-03T16:23:31.436+0100] {processor.py:154} INFO - Started process (PID=58143) to work on /Users/uab910/dev/nnam-poc/pyenv/lib/python3.10/site-packages/airflow/example_dags/example_trigger_target_dag.py
[2023-03-03T16:23:31.441+0100] {processor.py:756} INFO - Processing file /Users/uab910/dev/nnam-poc/pyenv/lib/python3.10/site-packages/airflow/example_dags/example_trigger_target_dag.py for tasks to queue
[2023-03-03T16:23:31.442+0100] {logging_mixin.py:137} INFO - [2023-03-03T16:23:31.441+0100] {dagbag.py:537} INFO - Filling up the DagBag from /Users/uab910/dev/nnam-poc/pyenv/lib/python3.10/site-packages/airflow/example_dags/example_trigger_target_dag.py
[2023-03-03T16:23:31.500+0100] {processor.py:766} INFO - DAG(s) dict_keys(['example_trigger_target_dag']) retrieved from /Users/uab910/dev/nnam-poc/pyenv/lib/python3.10/site-packages/airflow/example_dags/example_trigger_target_dag.py
[2023-03-03T16:23:31.660+0100] {logging_mixin.py:137} INFO - [2023-03-03T16:23:31.659+0100] {dag.py:2585} INFO - Sync 1 DAGs
[2023-03-03T16:23:31.673+0100] {logging_mixin.py:137} INFO - [2023-03-03T16:23:31.673+0100] {dag.py:3336} INFO - Setting next_dagrun for example_trigger_target_dag to None, run_after=None
[2023-03-03T16:23:31.689+0100] {processor.py:176} INFO - Processing /Users/uab910/dev/nnam-poc/pyenv/lib/python3.10/site-packages/airflow/example_dags/example_trigger_target_dag.py took 0.254 seconds
[2023-03-03T16:24:48.309+0100] {processor.py:154} INFO - Started process (PID=58205) to work on /Users/uab910/dev/nnam-poc/pyenv/lib/python3.10/site-packages/airflow/example_dags/example_trigger_target_dag.py
[2023-03-03T16:24:48.313+0100] {processor.py:756} INFO - Processing file /Users/uab910/dev/nnam-poc/pyenv/lib/python3.10/site-packages/airflow/example_dags/example_trigger_target_dag.py for tasks to queue
[2023-03-03T16:24:48.314+0100] {logging_mixin.py:137} INFO - [2023-03-03T16:24:48.314+0100] {dagbag.py:537} INFO - Filling up the DagBag from /Users/uab910/dev/nnam-poc/pyenv/lib/python3.10/site-packages/airflow/example_dags/example_trigger_target_dag.py
[2023-03-03T16:24:48.373+0100] {processor.py:766} INFO - DAG(s) dict_keys(['example_trigger_target_dag']) retrieved from /Users/uab910/dev/nnam-poc/pyenv/lib/python3.10/site-packages/airflow/example_dags/example_trigger_target_dag.py
[2023-03-03T16:24:48.534+0100] {logging_mixin.py:137} INFO - [2023-03-03T16:24:48.534+0100] {dag.py:2585} INFO - Sync 1 DAGs
[2023-03-03T16:24:48.547+0100] {logging_mixin.py:137} INFO - [2023-03-03T16:24:48.546+0100] {dag.py:3336} INFO - Setting next_dagrun for example_trigger_target_dag to None, run_after=None
[2023-03-03T16:24:48.562+0100] {processor.py:176} INFO - Processing /Users/uab910/dev/nnam-poc/pyenv/lib/python3.10/site-packages/airflow/example_dags/example_trigger_target_dag.py took 0.254 seconds
[2023-03-03T16:26:03.065+0100] {processor.py:154} INFO - Started process (PID=58244) to work on /Users/uab910/dev/nnam-poc/pyenv/lib/python3.10/site-packages/airflow/example_dags/example_trigger_target_dag.py
[2023-03-03T16:26:03.069+0100] {processor.py:756} INFO - Processing file /Users/uab910/dev/nnam-poc/pyenv/lib/python3.10/site-packages/airflow/example_dags/example_trigger_target_dag.py for tasks to queue
[2023-03-03T16:26:03.070+0100] {logging_mixin.py:137} INFO - [2023-03-03T16:26:03.070+0100] {dagbag.py:537} INFO - Filling up the DagBag from /Users/uab910/dev/nnam-poc/pyenv/lib/python3.10/site-packages/airflow/example_dags/example_trigger_target_dag.py
[2023-03-03T16:26:03.123+0100] {processor.py:766} INFO - DAG(s) dict_keys(['example_trigger_target_dag']) retrieved from /Users/uab910/dev/nnam-poc/pyenv/lib/python3.10/site-packages/airflow/example_dags/example_trigger_target_dag.py
[2023-03-03T16:26:03.279+0100] {logging_mixin.py:137} INFO - [2023-03-03T16:26:03.279+0100] {dag.py:2585} INFO - Sync 1 DAGs
[2023-03-03T16:26:03.293+0100] {logging_mixin.py:137} INFO - [2023-03-03T16:26:03.293+0100] {dag.py:3336} INFO - Setting next_dagrun for example_trigger_target_dag to None, run_after=None
[2023-03-03T16:26:03.308+0100] {processor.py:176} INFO - Processing /Users/uab910/dev/nnam-poc/pyenv/lib/python3.10/site-packages/airflow/example_dags/example_trigger_target_dag.py took 0.244 seconds
[2023-03-03T16:27:16.264+0100] {processor.py:154} INFO - Started process (PID=58293) to work on /Users/uab910/dev/nnam-poc/pyenv/lib/python3.10/site-packages/airflow/example_dags/example_trigger_target_dag.py
[2023-03-03T16:27:16.270+0100] {processor.py:756} INFO - Processing file /Users/uab910/dev/nnam-poc/pyenv/lib/python3.10/site-packages/airflow/example_dags/example_trigger_target_dag.py for tasks to queue
[2023-03-03T16:27:16.270+0100] {logging_mixin.py:137} INFO - [2023-03-03T16:27:16.270+0100] {dagbag.py:537} INFO - Filling up the DagBag from /Users/uab910/dev/nnam-poc/pyenv/lib/python3.10/site-packages/airflow/example_dags/example_trigger_target_dag.py
[2023-03-03T16:27:16.339+0100] {processor.py:766} INFO - DAG(s) dict_keys(['example_trigger_target_dag']) retrieved from /Users/uab910/dev/nnam-poc/pyenv/lib/python3.10/site-packages/airflow/example_dags/example_trigger_target_dag.py
[2023-03-03T16:27:16.519+0100] {logging_mixin.py:137} INFO - [2023-03-03T16:27:16.519+0100] {dag.py:2585} INFO - Sync 1 DAGs
[2023-03-03T16:27:16.533+0100] {logging_mixin.py:137} INFO - [2023-03-03T16:27:16.533+0100] {dag.py:3336} INFO - Setting next_dagrun for example_trigger_target_dag to None, run_after=None
[2023-03-03T16:27:16.549+0100] {processor.py:176} INFO - Processing /Users/uab910/dev/nnam-poc/pyenv/lib/python3.10/site-packages/airflow/example_dags/example_trigger_target_dag.py took 0.285 seconds
[2023-03-03T16:28:31.641+0100] {processor.py:154} INFO - Started process (PID=58331) to work on /Users/uab910/dev/nnam-poc/pyenv/lib/python3.10/site-packages/airflow/example_dags/example_trigger_target_dag.py
[2023-03-03T16:28:31.646+0100] {processor.py:756} INFO - Processing file /Users/uab910/dev/nnam-poc/pyenv/lib/python3.10/site-packages/airflow/example_dags/example_trigger_target_dag.py for tasks to queue
[2023-03-03T16:28:31.646+0100] {logging_mixin.py:137} INFO - [2023-03-03T16:28:31.646+0100] {dagbag.py:537} INFO - Filling up the DagBag from /Users/uab910/dev/nnam-poc/pyenv/lib/python3.10/site-packages/airflow/example_dags/example_trigger_target_dag.py
[2023-03-03T16:28:31.706+0100] {processor.py:766} INFO - DAG(s) dict_keys(['example_trigger_target_dag']) retrieved from /Users/uab910/dev/nnam-poc/pyenv/lib/python3.10/site-packages/airflow/example_dags/example_trigger_target_dag.py
[2023-03-03T16:28:31.864+0100] {logging_mixin.py:137} INFO - [2023-03-03T16:28:31.863+0100] {dag.py:2585} INFO - Sync 1 DAGs
[2023-03-03T16:28:31.880+0100] {logging_mixin.py:137} INFO - [2023-03-03T16:28:31.880+0100] {dag.py:3336} INFO - Setting next_dagrun for example_trigger_target_dag to None, run_after=None
[2023-03-03T16:28:31.895+0100] {processor.py:176} INFO - Processing /Users/uab910/dev/nnam-poc/pyenv/lib/python3.10/site-packages/airflow/example_dags/example_trigger_target_dag.py took 0.254 seconds
[2023-03-03T16:29:48.752+0100] {processor.py:154} INFO - Started process (PID=58377) to work on /Users/uab910/dev/nnam-poc/pyenv/lib/python3.10/site-packages/airflow/example_dags/example_trigger_target_dag.py
[2023-03-03T16:29:48.757+0100] {processor.py:756} INFO - Processing file /Users/uab910/dev/nnam-poc/pyenv/lib/python3.10/site-packages/airflow/example_dags/example_trigger_target_dag.py for tasks to queue
[2023-03-03T16:29:48.758+0100] {logging_mixin.py:137} INFO - [2023-03-03T16:29:48.758+0100] {dagbag.py:537} INFO - Filling up the DagBag from /Users/uab910/dev/nnam-poc/pyenv/lib/python3.10/site-packages/airflow/example_dags/example_trigger_target_dag.py
[2023-03-03T16:29:48.810+0100] {processor.py:766} INFO - DAG(s) dict_keys(['example_trigger_target_dag']) retrieved from /Users/uab910/dev/nnam-poc/pyenv/lib/python3.10/site-packages/airflow/example_dags/example_trigger_target_dag.py
[2023-03-03T16:29:48.969+0100] {logging_mixin.py:137} INFO - [2023-03-03T16:29:48.969+0100] {dag.py:2585} INFO - Sync 1 DAGs
[2023-03-03T16:29:48.983+0100] {logging_mixin.py:137} INFO - [2023-03-03T16:29:48.983+0100] {dag.py:3336} INFO - Setting next_dagrun for example_trigger_target_dag to None, run_after=None
[2023-03-03T16:29:48.999+0100] {processor.py:176} INFO - Processing /Users/uab910/dev/nnam-poc/pyenv/lib/python3.10/site-packages/airflow/example_dags/example_trigger_target_dag.py took 0.247 seconds
[2023-03-03T16:31:04.857+0100] {processor.py:154} INFO - Started process (PID=58421) to work on /Users/uab910/dev/nnam-poc/pyenv/lib/python3.10/site-packages/airflow/example_dags/example_trigger_target_dag.py
[2023-03-03T16:31:04.864+0100] {processor.py:756} INFO - Processing file /Users/uab910/dev/nnam-poc/pyenv/lib/python3.10/site-packages/airflow/example_dags/example_trigger_target_dag.py for tasks to queue
[2023-03-03T16:31:04.865+0100] {logging_mixin.py:137} INFO - [2023-03-03T16:31:04.865+0100] {dagbag.py:537} INFO - Filling up the DagBag from /Users/uab910/dev/nnam-poc/pyenv/lib/python3.10/site-packages/airflow/example_dags/example_trigger_target_dag.py
[2023-03-03T16:31:04.934+0100] {processor.py:766} INFO - DAG(s) dict_keys(['example_trigger_target_dag']) retrieved from /Users/uab910/dev/nnam-poc/pyenv/lib/python3.10/site-packages/airflow/example_dags/example_trigger_target_dag.py
[2023-03-03T16:31:05.125+0100] {logging_mixin.py:137} INFO - [2023-03-03T16:31:05.125+0100] {dag.py:2585} INFO - Sync 1 DAGs
[2023-03-03T16:31:05.140+0100] {logging_mixin.py:137} INFO - [2023-03-03T16:31:05.140+0100] {dag.py:3336} INFO - Setting next_dagrun for example_trigger_target_dag to None, run_after=None
[2023-03-03T16:31:05.156+0100] {processor.py:176} INFO - Processing /Users/uab910/dev/nnam-poc/pyenv/lib/python3.10/site-packages/airflow/example_dags/example_trigger_target_dag.py took 0.300 seconds
[2023-03-03T16:32:21.525+0100] {processor.py:154} INFO - Started process (PID=58457) to work on /Users/uab910/dev/nnam-poc/pyenv/lib/python3.10/site-packages/airflow/example_dags/example_trigger_target_dag.py
[2023-03-03T16:32:21.531+0100] {processor.py:756} INFO - Processing file /Users/uab910/dev/nnam-poc/pyenv/lib/python3.10/site-packages/airflow/example_dags/example_trigger_target_dag.py for tasks to queue
[2023-03-03T16:32:21.531+0100] {logging_mixin.py:137} INFO - [2023-03-03T16:32:21.531+0100] {dagbag.py:537} INFO - Filling up the DagBag from /Users/uab910/dev/nnam-poc/pyenv/lib/python3.10/site-packages/airflow/example_dags/example_trigger_target_dag.py
[2023-03-03T16:32:21.586+0100] {processor.py:766} INFO - DAG(s) dict_keys(['example_trigger_target_dag']) retrieved from /Users/uab910/dev/nnam-poc/pyenv/lib/python3.10/site-packages/airflow/example_dags/example_trigger_target_dag.py
[2023-03-03T16:32:21.750+0100] {logging_mixin.py:137} INFO - [2023-03-03T16:32:21.750+0100] {dag.py:2585} INFO - Sync 1 DAGs
[2023-03-03T16:32:21.765+0100] {logging_mixin.py:137} INFO - [2023-03-03T16:32:21.765+0100] {dag.py:3336} INFO - Setting next_dagrun for example_trigger_target_dag to None, run_after=None
[2023-03-03T16:32:21.781+0100] {processor.py:176} INFO - Processing /Users/uab910/dev/nnam-poc/pyenv/lib/python3.10/site-packages/airflow/example_dags/example_trigger_target_dag.py took 0.256 seconds
[2023-03-03T16:33:37.012+0100] {processor.py:154} INFO - Started process (PID=58495) to work on /Users/uab910/dev/nnam-poc/pyenv/lib/python3.10/site-packages/airflow/example_dags/example_trigger_target_dag.py
[2023-03-03T16:33:37.017+0100] {processor.py:756} INFO - Processing file /Users/uab910/dev/nnam-poc/pyenv/lib/python3.10/site-packages/airflow/example_dags/example_trigger_target_dag.py for tasks to queue
[2023-03-03T16:33:37.018+0100] {logging_mixin.py:137} INFO - [2023-03-03T16:33:37.018+0100] {dagbag.py:537} INFO - Filling up the DagBag from /Users/uab910/dev/nnam-poc/pyenv/lib/python3.10/site-packages/airflow/example_dags/example_trigger_target_dag.py
[2023-03-03T16:33:37.091+0100] {processor.py:766} INFO - DAG(s) dict_keys(['example_trigger_target_dag']) retrieved from /Users/uab910/dev/nnam-poc/pyenv/lib/python3.10/site-packages/airflow/example_dags/example_trigger_target_dag.py
[2023-03-03T16:33:37.369+0100] {logging_mixin.py:137} INFO - [2023-03-03T16:33:37.368+0100] {dag.py:2585} INFO - Sync 1 DAGs
[2023-03-03T16:33:37.383+0100] {logging_mixin.py:137} INFO - [2023-03-03T16:33:37.383+0100] {dag.py:3336} INFO - Setting next_dagrun for example_trigger_target_dag to None, run_after=None
[2023-03-03T16:33:37.398+0100] {processor.py:176} INFO - Processing /Users/uab910/dev/nnam-poc/pyenv/lib/python3.10/site-packages/airflow/example_dags/example_trigger_target_dag.py took 0.387 seconds
[2023-03-03T16:34:54.775+0100] {processor.py:154} INFO - Started process (PID=58563) to work on /Users/uab910/dev/nnam-poc/pyenv/lib/python3.10/site-packages/airflow/example_dags/example_trigger_target_dag.py
[2023-03-03T16:34:54.781+0100] {processor.py:756} INFO - Processing file /Users/uab910/dev/nnam-poc/pyenv/lib/python3.10/site-packages/airflow/example_dags/example_trigger_target_dag.py for tasks to queue
[2023-03-03T16:34:54.781+0100] {logging_mixin.py:137} INFO - [2023-03-03T16:34:54.781+0100] {dagbag.py:537} INFO - Filling up the DagBag from /Users/uab910/dev/nnam-poc/pyenv/lib/python3.10/site-packages/airflow/example_dags/example_trigger_target_dag.py
[2023-03-03T16:34:54.846+0100] {processor.py:766} INFO - DAG(s) dict_keys(['example_trigger_target_dag']) retrieved from /Users/uab910/dev/nnam-poc/pyenv/lib/python3.10/site-packages/airflow/example_dags/example_trigger_target_dag.py
[2023-03-03T16:34:55.051+0100] {logging_mixin.py:137} INFO - [2023-03-03T16:34:55.051+0100] {dag.py:2585} INFO - Sync 1 DAGs
[2023-03-03T16:34:55.067+0100] {logging_mixin.py:137} INFO - [2023-03-03T16:34:55.067+0100] {dag.py:3336} INFO - Setting next_dagrun for example_trigger_target_dag to None, run_after=None
[2023-03-03T16:34:55.085+0100] {processor.py:176} INFO - Processing /Users/uab910/dev/nnam-poc/pyenv/lib/python3.10/site-packages/airflow/example_dags/example_trigger_target_dag.py took 0.311 seconds
[2023-03-03T16:36:11.359+0100] {processor.py:154} INFO - Started process (PID=58602) to work on /Users/uab910/dev/nnam-poc/pyenv/lib/python3.10/site-packages/airflow/example_dags/example_trigger_target_dag.py
[2023-03-03T16:36:11.365+0100] {processor.py:756} INFO - Processing file /Users/uab910/dev/nnam-poc/pyenv/lib/python3.10/site-packages/airflow/example_dags/example_trigger_target_dag.py for tasks to queue
[2023-03-03T16:36:11.366+0100] {logging_mixin.py:137} INFO - [2023-03-03T16:36:11.365+0100] {dagbag.py:537} INFO - Filling up the DagBag from /Users/uab910/dev/nnam-poc/pyenv/lib/python3.10/site-packages/airflow/example_dags/example_trigger_target_dag.py
[2023-03-03T16:36:11.430+0100] {processor.py:766} INFO - DAG(s) dict_keys(['example_trigger_target_dag']) retrieved from /Users/uab910/dev/nnam-poc/pyenv/lib/python3.10/site-packages/airflow/example_dags/example_trigger_target_dag.py
[2023-03-03T16:36:11.616+0100] {logging_mixin.py:137} INFO - [2023-03-03T16:36:11.615+0100] {dag.py:2585} INFO - Sync 1 DAGs
[2023-03-03T16:36:11.631+0100] {logging_mixin.py:137} INFO - [2023-03-03T16:36:11.631+0100] {dag.py:3336} INFO - Setting next_dagrun for example_trigger_target_dag to None, run_after=None
[2023-03-03T16:36:11.649+0100] {processor.py:176} INFO - Processing /Users/uab910/dev/nnam-poc/pyenv/lib/python3.10/site-packages/airflow/example_dags/example_trigger_target_dag.py took 0.291 seconds
[2023-03-03T16:37:27.896+0100] {processor.py:154} INFO - Started process (PID=58648) to work on /Users/uab910/dev/nnam-poc/pyenv/lib/python3.10/site-packages/airflow/example_dags/example_trigger_target_dag.py
[2023-03-03T16:37:27.902+0100] {processor.py:756} INFO - Processing file /Users/uab910/dev/nnam-poc/pyenv/lib/python3.10/site-packages/airflow/example_dags/example_trigger_target_dag.py for tasks to queue
[2023-03-03T16:37:27.902+0100] {logging_mixin.py:137} INFO - [2023-03-03T16:37:27.902+0100] {dagbag.py:537} INFO - Filling up the DagBag from /Users/uab910/dev/nnam-poc/pyenv/lib/python3.10/site-packages/airflow/example_dags/example_trigger_target_dag.py
[2023-03-03T16:37:27.961+0100] {processor.py:766} INFO - DAG(s) dict_keys(['example_trigger_target_dag']) retrieved from /Users/uab910/dev/nnam-poc/pyenv/lib/python3.10/site-packages/airflow/example_dags/example_trigger_target_dag.py
[2023-03-03T16:37:28.121+0100] {logging_mixin.py:137} INFO - [2023-03-03T16:37:28.120+0100] {dag.py:2585} INFO - Sync 1 DAGs
[2023-03-03T16:37:28.135+0100] {logging_mixin.py:137} INFO - [2023-03-03T16:37:28.134+0100] {dag.py:3336} INFO - Setting next_dagrun for example_trigger_target_dag to None, run_after=None
[2023-03-03T16:37:28.149+0100] {processor.py:176} INFO - Processing /Users/uab910/dev/nnam-poc/pyenv/lib/python3.10/site-packages/airflow/example_dags/example_trigger_target_dag.py took 0.253 seconds
[2023-03-03T16:38:46.274+0100] {processor.py:154} INFO - Started process (PID=58689) to work on /Users/uab910/dev/nnam-poc/pyenv/lib/python3.10/site-packages/airflow/example_dags/example_trigger_target_dag.py
[2023-03-03T16:38:46.279+0100] {processor.py:756} INFO - Processing file /Users/uab910/dev/nnam-poc/pyenv/lib/python3.10/site-packages/airflow/example_dags/example_trigger_target_dag.py for tasks to queue
[2023-03-03T16:38:46.280+0100] {logging_mixin.py:137} INFO - [2023-03-03T16:38:46.280+0100] {dagbag.py:537} INFO - Filling up the DagBag from /Users/uab910/dev/nnam-poc/pyenv/lib/python3.10/site-packages/airflow/example_dags/example_trigger_target_dag.py
[2023-03-03T16:38:46.341+0100] {processor.py:766} INFO - DAG(s) dict_keys(['example_trigger_target_dag']) retrieved from /Users/uab910/dev/nnam-poc/pyenv/lib/python3.10/site-packages/airflow/example_dags/example_trigger_target_dag.py
[2023-03-03T16:38:46.501+0100] {logging_mixin.py:137} INFO - [2023-03-03T16:38:46.500+0100] {dag.py:2585} INFO - Sync 1 DAGs
[2023-03-03T16:38:46.514+0100] {logging_mixin.py:137} INFO - [2023-03-03T16:38:46.514+0100] {dag.py:3336} INFO - Setting next_dagrun for example_trigger_target_dag to None, run_after=None
[2023-03-03T16:38:46.530+0100] {processor.py:176} INFO - Processing /Users/uab910/dev/nnam-poc/pyenv/lib/python3.10/site-packages/airflow/example_dags/example_trigger_target_dag.py took 0.257 seconds
[2023-03-03T16:39:36.875+0100] {processor.py:154} INFO - Started process (PID=58714) to work on /Users/uab910/dev/nnam-poc/pyenv/lib/python3.10/site-packages/airflow/example_dags/example_trigger_target_dag.py
[2023-03-03T16:39:36.883+0100] {processor.py:756} INFO - Processing file /Users/uab910/dev/nnam-poc/pyenv/lib/python3.10/site-packages/airflow/example_dags/example_trigger_target_dag.py for tasks to queue
[2023-03-03T16:39:36.884+0100] {logging_mixin.py:137} INFO - [2023-03-03T16:39:36.884+0100] {dagbag.py:537} INFO - Filling up the DagBag from /Users/uab910/dev/nnam-poc/pyenv/lib/python3.10/site-packages/airflow/example_dags/example_trigger_target_dag.py
[2023-03-03T16:39:36.961+0100] {processor.py:766} INFO - DAG(s) dict_keys(['example_trigger_target_dag']) retrieved from /Users/uab910/dev/nnam-poc/pyenv/lib/python3.10/site-packages/airflow/example_dags/example_trigger_target_dag.py
[2023-03-03T16:39:37.173+0100] {logging_mixin.py:137} INFO - [2023-03-03T16:39:37.172+0100] {dag.py:2585} INFO - Sync 1 DAGs
[2023-03-03T16:39:37.191+0100] {logging_mixin.py:137} INFO - [2023-03-03T16:39:37.190+0100] {dag.py:3336} INFO - Setting next_dagrun for example_trigger_target_dag to None, run_after=None
[2023-03-03T16:39:37.210+0100] {processor.py:176} INFO - Processing /Users/uab910/dev/nnam-poc/pyenv/lib/python3.10/site-packages/airflow/example_dags/example_trigger_target_dag.py took 0.336 seconds
[2023-03-03T16:40:26.373+0100] {processor.py:154} INFO - Started process (PID=58743) to work on /Users/uab910/dev/nnam-poc/pyenv/lib/python3.10/site-packages/airflow/example_dags/example_trigger_target_dag.py
[2023-03-03T16:40:26.379+0100] {processor.py:756} INFO - Processing file /Users/uab910/dev/nnam-poc/pyenv/lib/python3.10/site-packages/airflow/example_dags/example_trigger_target_dag.py for tasks to queue
[2023-03-03T16:40:26.379+0100] {logging_mixin.py:137} INFO - [2023-03-03T16:40:26.379+0100] {dagbag.py:537} INFO - Filling up the DagBag from /Users/uab910/dev/nnam-poc/pyenv/lib/python3.10/site-packages/airflow/example_dags/example_trigger_target_dag.py
[2023-03-03T16:40:26.451+0100] {processor.py:766} INFO - DAG(s) dict_keys(['example_trigger_target_dag']) retrieved from /Users/uab910/dev/nnam-poc/pyenv/lib/python3.10/site-packages/airflow/example_dags/example_trigger_target_dag.py
[2023-03-03T16:40:26.666+0100] {logging_mixin.py:137} INFO - [2023-03-03T16:40:26.666+0100] {dag.py:2585} INFO - Sync 1 DAGs
[2023-03-03T16:40:26.686+0100] {logging_mixin.py:137} INFO - [2023-03-03T16:40:26.686+0100] {dag.py:3336} INFO - Setting next_dagrun for example_trigger_target_dag to None, run_after=None
[2023-03-03T16:40:26.704+0100] {processor.py:176} INFO - Processing /Users/uab910/dev/nnam-poc/pyenv/lib/python3.10/site-packages/airflow/example_dags/example_trigger_target_dag.py took 0.332 seconds
[2023-03-03T16:41:56.422+0100] {processor.py:154} INFO - Started process (PID=58793) to work on /Users/uab910/dev/nnam-poc/pyenv/lib/python3.10/site-packages/airflow/example_dags/example_trigger_target_dag.py
[2023-03-03T16:41:56.428+0100] {processor.py:756} INFO - Processing file /Users/uab910/dev/nnam-poc/pyenv/lib/python3.10/site-packages/airflow/example_dags/example_trigger_target_dag.py for tasks to queue
[2023-03-03T16:41:56.429+0100] {logging_mixin.py:137} INFO - [2023-03-03T16:41:56.428+0100] {dagbag.py:537} INFO - Filling up the DagBag from /Users/uab910/dev/nnam-poc/pyenv/lib/python3.10/site-packages/airflow/example_dags/example_trigger_target_dag.py
[2023-03-03T16:41:56.489+0100] {processor.py:766} INFO - DAG(s) dict_keys(['example_trigger_target_dag']) retrieved from /Users/uab910/dev/nnam-poc/pyenv/lib/python3.10/site-packages/airflow/example_dags/example_trigger_target_dag.py
[2023-03-03T16:41:56.649+0100] {logging_mixin.py:137} INFO - [2023-03-03T16:41:56.649+0100] {dag.py:2585} INFO - Sync 1 DAGs
[2023-03-03T16:41:56.663+0100] {logging_mixin.py:137} INFO - [2023-03-03T16:41:56.663+0100] {dag.py:3336} INFO - Setting next_dagrun for example_trigger_target_dag to None, run_after=None
[2023-03-03T16:41:56.679+0100] {processor.py:176} INFO - Processing /Users/uab910/dev/nnam-poc/pyenv/lib/python3.10/site-packages/airflow/example_dags/example_trigger_target_dag.py took 0.257 seconds
[2023-03-03T16:43:29.403+0100] {processor.py:154} INFO - Started process (PID=58838) to work on /Users/uab910/dev/nnam-poc/pyenv/lib/python3.10/site-packages/airflow/example_dags/example_trigger_target_dag.py
[2023-03-03T16:43:29.409+0100] {processor.py:756} INFO - Processing file /Users/uab910/dev/nnam-poc/pyenv/lib/python3.10/site-packages/airflow/example_dags/example_trigger_target_dag.py for tasks to queue
[2023-03-03T16:43:29.410+0100] {logging_mixin.py:137} INFO - [2023-03-03T16:43:29.410+0100] {dagbag.py:537} INFO - Filling up the DagBag from /Users/uab910/dev/nnam-poc/pyenv/lib/python3.10/site-packages/airflow/example_dags/example_trigger_target_dag.py
[2023-03-03T16:43:29.467+0100] {processor.py:766} INFO - DAG(s) dict_keys(['example_trigger_target_dag']) retrieved from /Users/uab910/dev/nnam-poc/pyenv/lib/python3.10/site-packages/airflow/example_dags/example_trigger_target_dag.py
[2023-03-03T16:43:29.616+0100] {logging_mixin.py:137} INFO - [2023-03-03T16:43:29.616+0100] {dag.py:2585} INFO - Sync 1 DAGs
[2023-03-03T16:43:29.629+0100] {logging_mixin.py:137} INFO - [2023-03-03T16:43:29.629+0100] {dag.py:3336} INFO - Setting next_dagrun for example_trigger_target_dag to None, run_after=None
[2023-03-03T16:43:29.644+0100] {processor.py:176} INFO - Processing /Users/uab910/dev/nnam-poc/pyenv/lib/python3.10/site-packages/airflow/example_dags/example_trigger_target_dag.py took 0.241 seconds
[2023-03-03T16:44:17.000+0100] {processor.py:154} INFO - Started process (PID=58894) to work on /Users/uab910/dev/nnam-poc/pyenv/lib/python3.10/site-packages/airflow/example_dags/example_trigger_target_dag.py
[2023-03-03T16:44:17.006+0100] {processor.py:756} INFO - Processing file /Users/uab910/dev/nnam-poc/pyenv/lib/python3.10/site-packages/airflow/example_dags/example_trigger_target_dag.py for tasks to queue
[2023-03-03T16:44:17.006+0100] {logging_mixin.py:137} INFO - [2023-03-03T16:44:17.006+0100] {dagbag.py:537} INFO - Filling up the DagBag from /Users/uab910/dev/nnam-poc/pyenv/lib/python3.10/site-packages/airflow/example_dags/example_trigger_target_dag.py
[2023-03-03T16:44:17.065+0100] {processor.py:766} INFO - DAG(s) dict_keys(['example_trigger_target_dag']) retrieved from /Users/uab910/dev/nnam-poc/pyenv/lib/python3.10/site-packages/airflow/example_dags/example_trigger_target_dag.py
[2023-03-03T16:44:17.228+0100] {logging_mixin.py:137} INFO - [2023-03-03T16:44:17.227+0100] {dag.py:2585} INFO - Sync 1 DAGs
[2023-03-03T16:44:17.241+0100] {logging_mixin.py:137} INFO - [2023-03-03T16:44:17.241+0100] {dag.py:3336} INFO - Setting next_dagrun for example_trigger_target_dag to None, run_after=None
[2023-03-03T16:44:17.257+0100] {processor.py:176} INFO - Processing /Users/uab910/dev/nnam-poc/pyenv/lib/python3.10/site-packages/airflow/example_dags/example_trigger_target_dag.py took 0.258 seconds
[2023-03-03T16:45:05.573+0100] {processor.py:154} INFO - Started process (PID=58920) to work on /Users/uab910/dev/nnam-poc/pyenv/lib/python3.10/site-packages/airflow/example_dags/example_trigger_target_dag.py
[2023-03-03T16:45:05.578+0100] {processor.py:756} INFO - Processing file /Users/uab910/dev/nnam-poc/pyenv/lib/python3.10/site-packages/airflow/example_dags/example_trigger_target_dag.py for tasks to queue
[2023-03-03T16:45:05.578+0100] {logging_mixin.py:137} INFO - [2023-03-03T16:45:05.578+0100] {dagbag.py:537} INFO - Filling up the DagBag from /Users/uab910/dev/nnam-poc/pyenv/lib/python3.10/site-packages/airflow/example_dags/example_trigger_target_dag.py
[2023-03-03T16:45:05.633+0100] {processor.py:766} INFO - DAG(s) dict_keys(['example_trigger_target_dag']) retrieved from /Users/uab910/dev/nnam-poc/pyenv/lib/python3.10/site-packages/airflow/example_dags/example_trigger_target_dag.py
[2023-03-03T16:45:05.787+0100] {logging_mixin.py:137} INFO - [2023-03-03T16:45:05.787+0100] {dag.py:2585} INFO - Sync 1 DAGs
[2023-03-03T16:45:05.802+0100] {logging_mixin.py:137} INFO - [2023-03-03T16:45:05.802+0100] {dag.py:3336} INFO - Setting next_dagrun for example_trigger_target_dag to None, run_after=None
[2023-03-03T16:45:05.817+0100] {processor.py:176} INFO - Processing /Users/uab910/dev/nnam-poc/pyenv/lib/python3.10/site-packages/airflow/example_dags/example_trigger_target_dag.py took 0.245 seconds
[2023-03-03T16:46:39.738+0100] {processor.py:154} INFO - Started process (PID=58993) to work on /Users/uab910/dev/nnam-poc/pyenv/lib/python3.10/site-packages/airflow/example_dags/example_trigger_target_dag.py
[2023-03-03T16:46:39.743+0100] {processor.py:756} INFO - Processing file /Users/uab910/dev/nnam-poc/pyenv/lib/python3.10/site-packages/airflow/example_dags/example_trigger_target_dag.py for tasks to queue
[2023-03-03T16:46:39.744+0100] {logging_mixin.py:137} INFO - [2023-03-03T16:46:39.744+0100] {dagbag.py:537} INFO - Filling up the DagBag from /Users/uab910/dev/nnam-poc/pyenv/lib/python3.10/site-packages/airflow/example_dags/example_trigger_target_dag.py
[2023-03-03T16:46:39.805+0100] {processor.py:766} INFO - DAG(s) dict_keys(['example_trigger_target_dag']) retrieved from /Users/uab910/dev/nnam-poc/pyenv/lib/python3.10/site-packages/airflow/example_dags/example_trigger_target_dag.py
[2023-03-03T16:46:39.977+0100] {logging_mixin.py:137} INFO - [2023-03-03T16:46:39.977+0100] {dag.py:2585} INFO - Sync 1 DAGs
[2023-03-03T16:46:39.994+0100] {logging_mixin.py:137} INFO - [2023-03-03T16:46:39.994+0100] {dag.py:3336} INFO - Setting next_dagrun for example_trigger_target_dag to None, run_after=None
[2023-03-03T16:46:40.009+0100] {processor.py:176} INFO - Processing /Users/uab910/dev/nnam-poc/pyenv/lib/python3.10/site-packages/airflow/example_dags/example_trigger_target_dag.py took 0.272 seconds
[2023-03-03T16:48:09.292+0100] {processor.py:154} INFO - Started process (PID=59049) to work on /Users/uab910/dev/nnam-poc/pyenv/lib/python3.10/site-packages/airflow/example_dags/example_trigger_target_dag.py
[2023-03-03T16:48:09.299+0100] {processor.py:756} INFO - Processing file /Users/uab910/dev/nnam-poc/pyenv/lib/python3.10/site-packages/airflow/example_dags/example_trigger_target_dag.py for tasks to queue
[2023-03-03T16:48:09.299+0100] {logging_mixin.py:137} INFO - [2023-03-03T16:48:09.299+0100] {dagbag.py:537} INFO - Filling up the DagBag from /Users/uab910/dev/nnam-poc/pyenv/lib/python3.10/site-packages/airflow/example_dags/example_trigger_target_dag.py
[2023-03-03T16:48:09.359+0100] {processor.py:766} INFO - DAG(s) dict_keys(['example_trigger_target_dag']) retrieved from /Users/uab910/dev/nnam-poc/pyenv/lib/python3.10/site-packages/airflow/example_dags/example_trigger_target_dag.py
[2023-03-03T16:48:09.545+0100] {logging_mixin.py:137} INFO - [2023-03-03T16:48:09.545+0100] {dag.py:2585} INFO - Sync 1 DAGs
[2023-03-03T16:48:09.559+0100] {logging_mixin.py:137} INFO - [2023-03-03T16:48:09.559+0100] {dag.py:3336} INFO - Setting next_dagrun for example_trigger_target_dag to None, run_after=None
[2023-03-03T16:48:09.575+0100] {processor.py:176} INFO - Processing /Users/uab910/dev/nnam-poc/pyenv/lib/python3.10/site-packages/airflow/example_dags/example_trigger_target_dag.py took 0.283 seconds
[2023-03-03T16:49:43.174+0100] {processor.py:154} INFO - Started process (PID=59102) to work on /Users/uab910/dev/nnam-poc/pyenv/lib/python3.10/site-packages/airflow/example_dags/example_trigger_target_dag.py
[2023-03-03T16:49:43.180+0100] {processor.py:756} INFO - Processing file /Users/uab910/dev/nnam-poc/pyenv/lib/python3.10/site-packages/airflow/example_dags/example_trigger_target_dag.py for tasks to queue
[2023-03-03T16:49:43.181+0100] {logging_mixin.py:137} INFO - [2023-03-03T16:49:43.181+0100] {dagbag.py:537} INFO - Filling up the DagBag from /Users/uab910/dev/nnam-poc/pyenv/lib/python3.10/site-packages/airflow/example_dags/example_trigger_target_dag.py
[2023-03-03T16:49:43.251+0100] {processor.py:766} INFO - DAG(s) dict_keys(['example_trigger_target_dag']) retrieved from /Users/uab910/dev/nnam-poc/pyenv/lib/python3.10/site-packages/airflow/example_dags/example_trigger_target_dag.py
[2023-03-03T16:49:43.436+0100] {logging_mixin.py:137} INFO - [2023-03-03T16:49:43.435+0100] {dag.py:2585} INFO - Sync 1 DAGs
[2023-03-03T16:49:43.450+0100] {logging_mixin.py:137} INFO - [2023-03-03T16:49:43.450+0100] {dag.py:3336} INFO - Setting next_dagrun for example_trigger_target_dag to None, run_after=None
[2023-03-03T16:49:43.466+0100] {processor.py:176} INFO - Processing /Users/uab910/dev/nnam-poc/pyenv/lib/python3.10/site-packages/airflow/example_dags/example_trigger_target_dag.py took 0.293 seconds
[2023-03-03T16:50:28.921+0100] {processor.py:154} INFO - Started process (PID=59133) to work on /Users/uab910/dev/nnam-poc/pyenv/lib/python3.10/site-packages/airflow/example_dags/example_trigger_target_dag.py
[2023-03-03T16:50:28.925+0100] {processor.py:756} INFO - Processing file /Users/uab910/dev/nnam-poc/pyenv/lib/python3.10/site-packages/airflow/example_dags/example_trigger_target_dag.py for tasks to queue
[2023-03-03T16:50:28.926+0100] {logging_mixin.py:137} INFO - [2023-03-03T16:50:28.926+0100] {dagbag.py:537} INFO - Filling up the DagBag from /Users/uab910/dev/nnam-poc/pyenv/lib/python3.10/site-packages/airflow/example_dags/example_trigger_target_dag.py
[2023-03-03T16:50:28.980+0100] {processor.py:766} INFO - DAG(s) dict_keys(['example_trigger_target_dag']) retrieved from /Users/uab910/dev/nnam-poc/pyenv/lib/python3.10/site-packages/airflow/example_dags/example_trigger_target_dag.py
[2023-03-03T16:50:29.135+0100] {logging_mixin.py:137} INFO - [2023-03-03T16:50:29.135+0100] {dag.py:2585} INFO - Sync 1 DAGs
[2023-03-03T16:50:29.148+0100] {logging_mixin.py:137} INFO - [2023-03-03T16:50:29.148+0100] {dag.py:3336} INFO - Setting next_dagrun for example_trigger_target_dag to None, run_after=None
[2023-03-03T16:50:29.162+0100] {processor.py:176} INFO - Processing /Users/uab910/dev/nnam-poc/pyenv/lib/python3.10/site-packages/airflow/example_dags/example_trigger_target_dag.py took 0.241 seconds
[2023-03-03T16:51:17.129+0100] {processor.py:154} INFO - Started process (PID=59164) to work on /Users/uab910/dev/nnam-poc/pyenv/lib/python3.10/site-packages/airflow/example_dags/example_trigger_target_dag.py
[2023-03-03T16:51:17.135+0100] {processor.py:756} INFO - Processing file /Users/uab910/dev/nnam-poc/pyenv/lib/python3.10/site-packages/airflow/example_dags/example_trigger_target_dag.py for tasks to queue
[2023-03-03T16:51:17.135+0100] {logging_mixin.py:137} INFO - [2023-03-03T16:51:17.135+0100] {dagbag.py:537} INFO - Filling up the DagBag from /Users/uab910/dev/nnam-poc/pyenv/lib/python3.10/site-packages/airflow/example_dags/example_trigger_target_dag.py
[2023-03-03T16:51:17.201+0100] {processor.py:766} INFO - DAG(s) dict_keys(['example_trigger_target_dag']) retrieved from /Users/uab910/dev/nnam-poc/pyenv/lib/python3.10/site-packages/airflow/example_dags/example_trigger_target_dag.py
[2023-03-03T16:51:17.386+0100] {logging_mixin.py:137} INFO - [2023-03-03T16:51:17.386+0100] {dag.py:2585} INFO - Sync 1 DAGs
[2023-03-03T16:51:17.401+0100] {logging_mixin.py:137} INFO - [2023-03-03T16:51:17.401+0100] {dag.py:3336} INFO - Setting next_dagrun for example_trigger_target_dag to None, run_after=None
[2023-03-03T16:51:17.416+0100] {processor.py:176} INFO - Processing /Users/uab910/dev/nnam-poc/pyenv/lib/python3.10/site-packages/airflow/example_dags/example_trigger_target_dag.py took 0.288 seconds
[2023-03-03T16:52:49.801+0100] {processor.py:154} INFO - Started process (PID=59214) to work on /Users/uab910/dev/nnam-poc/pyenv/lib/python3.10/site-packages/airflow/example_dags/example_trigger_target_dag.py
[2023-03-03T16:52:49.806+0100] {processor.py:756} INFO - Processing file /Users/uab910/dev/nnam-poc/pyenv/lib/python3.10/site-packages/airflow/example_dags/example_trigger_target_dag.py for tasks to queue
[2023-03-03T16:52:49.807+0100] {logging_mixin.py:137} INFO - [2023-03-03T16:52:49.807+0100] {dagbag.py:537} INFO - Filling up the DagBag from /Users/uab910/dev/nnam-poc/pyenv/lib/python3.10/site-packages/airflow/example_dags/example_trigger_target_dag.py
[2023-03-03T16:52:49.862+0100] {processor.py:766} INFO - DAG(s) dict_keys(['example_trigger_target_dag']) retrieved from /Users/uab910/dev/nnam-poc/pyenv/lib/python3.10/site-packages/airflow/example_dags/example_trigger_target_dag.py
[2023-03-03T16:52:50.019+0100] {logging_mixin.py:137} INFO - [2023-03-03T16:52:50.019+0100] {dag.py:2585} INFO - Sync 1 DAGs
[2023-03-03T16:52:50.034+0100] {logging_mixin.py:137} INFO - [2023-03-03T16:52:50.034+0100] {dag.py:3336} INFO - Setting next_dagrun for example_trigger_target_dag to None, run_after=None
[2023-03-03T16:52:50.049+0100] {processor.py:176} INFO - Processing /Users/uab910/dev/nnam-poc/pyenv/lib/python3.10/site-packages/airflow/example_dags/example_trigger_target_dag.py took 0.248 seconds
[2023-03-03T16:54:14.723+0100] {processor.py:154} INFO - Started process (PID=59275) to work on /Users/uab910/dev/nnam-poc/pyenv/lib/python3.10/site-packages/airflow/example_dags/example_trigger_target_dag.py
[2023-03-03T16:54:14.729+0100] {processor.py:756} INFO - Processing file /Users/uab910/dev/nnam-poc/pyenv/lib/python3.10/site-packages/airflow/example_dags/example_trigger_target_dag.py for tasks to queue
[2023-03-03T16:54:14.730+0100] {logging_mixin.py:137} INFO - [2023-03-03T16:54:14.730+0100] {dagbag.py:537} INFO - Filling up the DagBag from /Users/uab910/dev/nnam-poc/pyenv/lib/python3.10/site-packages/airflow/example_dags/example_trigger_target_dag.py
[2023-03-03T16:54:14.801+0100] {processor.py:766} INFO - DAG(s) dict_keys(['example_trigger_target_dag']) retrieved from /Users/uab910/dev/nnam-poc/pyenv/lib/python3.10/site-packages/airflow/example_dags/example_trigger_target_dag.py
[2023-03-03T16:54:14.998+0100] {logging_mixin.py:137} INFO - [2023-03-03T16:54:14.998+0100] {dag.py:2585} INFO - Sync 1 DAGs
[2023-03-03T16:54:15.014+0100] {logging_mixin.py:137} INFO - [2023-03-03T16:54:15.014+0100] {dag.py:3336} INFO - Setting next_dagrun for example_trigger_target_dag to None, run_after=None
[2023-03-03T16:54:15.030+0100] {processor.py:176} INFO - Processing /Users/uab910/dev/nnam-poc/pyenv/lib/python3.10/site-packages/airflow/example_dags/example_trigger_target_dag.py took 0.308 seconds
[2023-03-03T16:55:02.319+0100] {processor.py:154} INFO - Started process (PID=59299) to work on /Users/uab910/dev/nnam-poc/pyenv/lib/python3.10/site-packages/airflow/example_dags/example_trigger_target_dag.py
[2023-03-03T16:55:02.324+0100] {processor.py:756} INFO - Processing file /Users/uab910/dev/nnam-poc/pyenv/lib/python3.10/site-packages/airflow/example_dags/example_trigger_target_dag.py for tasks to queue
[2023-03-03T16:55:02.324+0100] {logging_mixin.py:137} INFO - [2023-03-03T16:55:02.324+0100] {dagbag.py:537} INFO - Filling up the DagBag from /Users/uab910/dev/nnam-poc/pyenv/lib/python3.10/site-packages/airflow/example_dags/example_trigger_target_dag.py
[2023-03-03T16:55:02.387+0100] {processor.py:766} INFO - DAG(s) dict_keys(['example_trigger_target_dag']) retrieved from /Users/uab910/dev/nnam-poc/pyenv/lib/python3.10/site-packages/airflow/example_dags/example_trigger_target_dag.py
[2023-03-03T16:55:02.547+0100] {logging_mixin.py:137} INFO - [2023-03-03T16:55:02.547+0100] {dag.py:2585} INFO - Sync 1 DAGs
[2023-03-03T16:55:02.559+0100] {logging_mixin.py:137} INFO - [2023-03-03T16:55:02.559+0100] {dag.py:3336} INFO - Setting next_dagrun for example_trigger_target_dag to None, run_after=None
[2023-03-03T16:55:02.577+0100] {processor.py:176} INFO - Processing /Users/uab910/dev/nnam-poc/pyenv/lib/python3.10/site-packages/airflow/example_dags/example_trigger_target_dag.py took 0.259 seconds
[2023-03-03T16:55:50.731+0100] {processor.py:154} INFO - Started process (PID=59324) to work on /Users/uab910/dev/nnam-poc/pyenv/lib/python3.10/site-packages/airflow/example_dags/example_trigger_target_dag.py
[2023-03-03T16:55:50.736+0100] {processor.py:756} INFO - Processing file /Users/uab910/dev/nnam-poc/pyenv/lib/python3.10/site-packages/airflow/example_dags/example_trigger_target_dag.py for tasks to queue
[2023-03-03T16:55:50.736+0100] {logging_mixin.py:137} INFO - [2023-03-03T16:55:50.736+0100] {dagbag.py:537} INFO - Filling up the DagBag from /Users/uab910/dev/nnam-poc/pyenv/lib/python3.10/site-packages/airflow/example_dags/example_trigger_target_dag.py
[2023-03-03T16:55:50.788+0100] {processor.py:766} INFO - DAG(s) dict_keys(['example_trigger_target_dag']) retrieved from /Users/uab910/dev/nnam-poc/pyenv/lib/python3.10/site-packages/airflow/example_dags/example_trigger_target_dag.py
[2023-03-03T16:55:50.945+0100] {logging_mixin.py:137} INFO - [2023-03-03T16:55:50.944+0100] {dag.py:2585} INFO - Sync 1 DAGs
[2023-03-03T16:55:50.959+0100] {logging_mixin.py:137} INFO - [2023-03-03T16:55:50.959+0100] {dag.py:3336} INFO - Setting next_dagrun for example_trigger_target_dag to None, run_after=None
[2023-03-03T16:55:50.976+0100] {processor.py:176} INFO - Processing /Users/uab910/dev/nnam-poc/pyenv/lib/python3.10/site-packages/airflow/example_dags/example_trigger_target_dag.py took 0.245 seconds
[2023-03-03T16:57:24.076+0100] {processor.py:154} INFO - Started process (PID=59375) to work on /Users/uab910/dev/nnam-poc/pyenv/lib/python3.10/site-packages/airflow/example_dags/example_trigger_target_dag.py
[2023-03-03T16:57:24.082+0100] {processor.py:756} INFO - Processing file /Users/uab910/dev/nnam-poc/pyenv/lib/python3.10/site-packages/airflow/example_dags/example_trigger_target_dag.py for tasks to queue
[2023-03-03T16:57:24.083+0100] {logging_mixin.py:137} INFO - [2023-03-03T16:57:24.083+0100] {dagbag.py:537} INFO - Filling up the DagBag from /Users/uab910/dev/nnam-poc/pyenv/lib/python3.10/site-packages/airflow/example_dags/example_trigger_target_dag.py
[2023-03-03T16:57:24.147+0100] {processor.py:766} INFO - DAG(s) dict_keys(['example_trigger_target_dag']) retrieved from /Users/uab910/dev/nnam-poc/pyenv/lib/python3.10/site-packages/airflow/example_dags/example_trigger_target_dag.py
[2023-03-03T16:57:24.323+0100] {logging_mixin.py:137} INFO - [2023-03-03T16:57:24.322+0100] {dag.py:2585} INFO - Sync 1 DAGs
[2023-03-03T16:57:24.338+0100] {logging_mixin.py:137} INFO - [2023-03-03T16:57:24.338+0100] {dag.py:3336} INFO - Setting next_dagrun for example_trigger_target_dag to None, run_after=None
[2023-03-03T16:57:24.355+0100] {processor.py:176} INFO - Processing /Users/uab910/dev/nnam-poc/pyenv/lib/python3.10/site-packages/airflow/example_dags/example_trigger_target_dag.py took 0.280 seconds
[2023-03-03T16:58:57.628+0100] {processor.py:154} INFO - Started process (PID=59422) to work on /Users/uab910/dev/nnam-poc/pyenv/lib/python3.10/site-packages/airflow/example_dags/example_trigger_target_dag.py
[2023-03-03T16:58:57.634+0100] {processor.py:756} INFO - Processing file /Users/uab910/dev/nnam-poc/pyenv/lib/python3.10/site-packages/airflow/example_dags/example_trigger_target_dag.py for tasks to queue
[2023-03-03T16:58:57.634+0100] {logging_mixin.py:137} INFO - [2023-03-03T16:58:57.634+0100] {dagbag.py:537} INFO - Filling up the DagBag from /Users/uab910/dev/nnam-poc/pyenv/lib/python3.10/site-packages/airflow/example_dags/example_trigger_target_dag.py
[2023-03-03T16:58:57.688+0100] {processor.py:766} INFO - DAG(s) dict_keys(['example_trigger_target_dag']) retrieved from /Users/uab910/dev/nnam-poc/pyenv/lib/python3.10/site-packages/airflow/example_dags/example_trigger_target_dag.py
[2023-03-03T16:58:57.840+0100] {logging_mixin.py:137} INFO - [2023-03-03T16:58:57.839+0100] {dag.py:2585} INFO - Sync 1 DAGs
[2023-03-03T16:58:57.853+0100] {logging_mixin.py:137} INFO - [2023-03-03T16:58:57.853+0100] {dag.py:3336} INFO - Setting next_dagrun for example_trigger_target_dag to None, run_after=None
[2023-03-03T16:58:57.867+0100] {processor.py:176} INFO - Processing /Users/uab910/dev/nnam-poc/pyenv/lib/python3.10/site-packages/airflow/example_dags/example_trigger_target_dag.py took 0.240 seconds
[2023-03-03T17:00:31.458+0100] {processor.py:154} INFO - Started process (PID=59467) to work on /Users/uab910/dev/nnam-poc/pyenv/lib/python3.10/site-packages/airflow/example_dags/example_trigger_target_dag.py
[2023-03-03T17:00:31.464+0100] {processor.py:756} INFO - Processing file /Users/uab910/dev/nnam-poc/pyenv/lib/python3.10/site-packages/airflow/example_dags/example_trigger_target_dag.py for tasks to queue
[2023-03-03T17:00:31.464+0100] {logging_mixin.py:137} INFO - [2023-03-03T17:00:31.464+0100] {dagbag.py:537} INFO - Filling up the DagBag from /Users/uab910/dev/nnam-poc/pyenv/lib/python3.10/site-packages/airflow/example_dags/example_trigger_target_dag.py
[2023-03-03T17:00:31.524+0100] {processor.py:766} INFO - DAG(s) dict_keys(['example_trigger_target_dag']) retrieved from /Users/uab910/dev/nnam-poc/pyenv/lib/python3.10/site-packages/airflow/example_dags/example_trigger_target_dag.py
[2023-03-03T17:00:31.686+0100] {logging_mixin.py:137} INFO - [2023-03-03T17:00:31.686+0100] {dag.py:2585} INFO - Sync 1 DAGs
[2023-03-03T17:00:31.698+0100] {logging_mixin.py:137} INFO - [2023-03-03T17:00:31.698+0100] {dag.py:3336} INFO - Setting next_dagrun for example_trigger_target_dag to None, run_after=None
[2023-03-03T17:00:31.712+0100] {processor.py:176} INFO - Processing /Users/uab910/dev/nnam-poc/pyenv/lib/python3.10/site-packages/airflow/example_dags/example_trigger_target_dag.py took 0.254 seconds
[2023-03-03T17:02:03.959+0100] {processor.py:154} INFO - Started process (PID=59518) to work on /Users/uab910/dev/nnam-poc/pyenv/lib/python3.10/site-packages/airflow/example_dags/example_trigger_target_dag.py
[2023-03-03T17:02:03.964+0100] {processor.py:756} INFO - Processing file /Users/uab910/dev/nnam-poc/pyenv/lib/python3.10/site-packages/airflow/example_dags/example_trigger_target_dag.py for tasks to queue
[2023-03-03T17:02:03.965+0100] {logging_mixin.py:137} INFO - [2023-03-03T17:02:03.965+0100] {dagbag.py:537} INFO - Filling up the DagBag from /Users/uab910/dev/nnam-poc/pyenv/lib/python3.10/site-packages/airflow/example_dags/example_trigger_target_dag.py
[2023-03-03T17:02:04.026+0100] {processor.py:766} INFO - DAG(s) dict_keys(['example_trigger_target_dag']) retrieved from /Users/uab910/dev/nnam-poc/pyenv/lib/python3.10/site-packages/airflow/example_dags/example_trigger_target_dag.py
[2023-03-03T17:02:04.185+0100] {logging_mixin.py:137} INFO - [2023-03-03T17:02:04.184+0100] {dag.py:2585} INFO - Sync 1 DAGs
[2023-03-03T17:02:04.198+0100] {logging_mixin.py:137} INFO - [2023-03-03T17:02:04.198+0100] {dag.py:3336} INFO - Setting next_dagrun for example_trigger_target_dag to None, run_after=None
[2023-03-03T17:02:04.214+0100] {processor.py:176} INFO - Processing /Users/uab910/dev/nnam-poc/pyenv/lib/python3.10/site-packages/airflow/example_dags/example_trigger_target_dag.py took 0.255 seconds
[2023-03-03T17:03:35.706+0100] {processor.py:154} INFO - Started process (PID=59571) to work on /Users/uab910/dev/nnam-poc/pyenv/lib/python3.10/site-packages/airflow/example_dags/example_trigger_target_dag.py
[2023-03-03T17:03:35.712+0100] {processor.py:756} INFO - Processing file /Users/uab910/dev/nnam-poc/pyenv/lib/python3.10/site-packages/airflow/example_dags/example_trigger_target_dag.py for tasks to queue
[2023-03-03T17:03:35.713+0100] {logging_mixin.py:137} INFO - [2023-03-03T17:03:35.713+0100] {dagbag.py:537} INFO - Filling up the DagBag from /Users/uab910/dev/nnam-poc/pyenv/lib/python3.10/site-packages/airflow/example_dags/example_trigger_target_dag.py
[2023-03-03T17:03:35.779+0100] {processor.py:766} INFO - DAG(s) dict_keys(['example_trigger_target_dag']) retrieved from /Users/uab910/dev/nnam-poc/pyenv/lib/python3.10/site-packages/airflow/example_dags/example_trigger_target_dag.py
[2023-03-03T17:03:35.944+0100] {logging_mixin.py:137} INFO - [2023-03-03T17:03:35.944+0100] {dag.py:2585} INFO - Sync 1 DAGs
[2023-03-03T17:03:35.958+0100] {logging_mixin.py:137} INFO - [2023-03-03T17:03:35.957+0100] {dag.py:3336} INFO - Setting next_dagrun for example_trigger_target_dag to None, run_after=None
[2023-03-03T17:03:35.972+0100] {processor.py:176} INFO - Processing /Users/uab910/dev/nnam-poc/pyenv/lib/python3.10/site-packages/airflow/example_dags/example_trigger_target_dag.py took 0.266 seconds
[2023-03-03T17:05:04.060+0100] {processor.py:154} INFO - Started process (PID=59630) to work on /Users/uab910/dev/nnam-poc/pyenv/lib/python3.10/site-packages/airflow/example_dags/example_trigger_target_dag.py
[2023-03-03T17:05:04.066+0100] {processor.py:756} INFO - Processing file /Users/uab910/dev/nnam-poc/pyenv/lib/python3.10/site-packages/airflow/example_dags/example_trigger_target_dag.py for tasks to queue
[2023-03-03T17:05:04.066+0100] {logging_mixin.py:137} INFO - [2023-03-03T17:05:04.066+0100] {dagbag.py:537} INFO - Filling up the DagBag from /Users/uab910/dev/nnam-poc/pyenv/lib/python3.10/site-packages/airflow/example_dags/example_trigger_target_dag.py
[2023-03-03T17:05:04.127+0100] {processor.py:766} INFO - DAG(s) dict_keys(['example_trigger_target_dag']) retrieved from /Users/uab910/dev/nnam-poc/pyenv/lib/python3.10/site-packages/airflow/example_dags/example_trigger_target_dag.py
[2023-03-03T17:05:04.291+0100] {logging_mixin.py:137} INFO - [2023-03-03T17:05:04.291+0100] {dag.py:2585} INFO - Sync 1 DAGs
[2023-03-03T17:05:04.306+0100] {logging_mixin.py:137} INFO - [2023-03-03T17:05:04.306+0100] {dag.py:3336} INFO - Setting next_dagrun for example_trigger_target_dag to None, run_after=None
[2023-03-03T17:05:04.322+0100] {processor.py:176} INFO - Processing /Users/uab910/dev/nnam-poc/pyenv/lib/python3.10/site-packages/airflow/example_dags/example_trigger_target_dag.py took 0.263 seconds
[2023-03-03T17:06:39.707+0100] {processor.py:154} INFO - Started process (PID=59686) to work on /Users/uab910/dev/nnam-poc/pyenv/lib/python3.10/site-packages/airflow/example_dags/example_trigger_target_dag.py
[2023-03-03T17:06:39.712+0100] {processor.py:756} INFO - Processing file /Users/uab910/dev/nnam-poc/pyenv/lib/python3.10/site-packages/airflow/example_dags/example_trigger_target_dag.py for tasks to queue
[2023-03-03T17:06:39.712+0100] {logging_mixin.py:137} INFO - [2023-03-03T17:06:39.712+0100] {dagbag.py:537} INFO - Filling up the DagBag from /Users/uab910/dev/nnam-poc/pyenv/lib/python3.10/site-packages/airflow/example_dags/example_trigger_target_dag.py
[2023-03-03T17:06:39.778+0100] {processor.py:766} INFO - DAG(s) dict_keys(['example_trigger_target_dag']) retrieved from /Users/uab910/dev/nnam-poc/pyenv/lib/python3.10/site-packages/airflow/example_dags/example_trigger_target_dag.py
[2023-03-03T17:06:39.935+0100] {logging_mixin.py:137} INFO - [2023-03-03T17:06:39.934+0100] {dag.py:2585} INFO - Sync 1 DAGs
[2023-03-03T17:06:39.948+0100] {logging_mixin.py:137} INFO - [2023-03-03T17:06:39.948+0100] {dag.py:3336} INFO - Setting next_dagrun for example_trigger_target_dag to None, run_after=None
[2023-03-03T17:06:39.963+0100] {processor.py:176} INFO - Processing /Users/uab910/dev/nnam-poc/pyenv/lib/python3.10/site-packages/airflow/example_dags/example_trigger_target_dag.py took 0.257 seconds
[2023-03-03T17:07:27.188+0100] {processor.py:154} INFO - Started process (PID=59710) to work on /Users/uab910/dev/nnam-poc/pyenv/lib/python3.10/site-packages/airflow/example_dags/example_trigger_target_dag.py
[2023-03-03T17:07:27.194+0100] {processor.py:756} INFO - Processing file /Users/uab910/dev/nnam-poc/pyenv/lib/python3.10/site-packages/airflow/example_dags/example_trigger_target_dag.py for tasks to queue
[2023-03-03T17:07:27.195+0100] {logging_mixin.py:137} INFO - [2023-03-03T17:07:27.195+0100] {dagbag.py:537} INFO - Filling up the DagBag from /Users/uab910/dev/nnam-poc/pyenv/lib/python3.10/site-packages/airflow/example_dags/example_trigger_target_dag.py
[2023-03-03T17:07:27.252+0100] {processor.py:766} INFO - DAG(s) dict_keys(['example_trigger_target_dag']) retrieved from /Users/uab910/dev/nnam-poc/pyenv/lib/python3.10/site-packages/airflow/example_dags/example_trigger_target_dag.py
[2023-03-03T17:07:27.413+0100] {logging_mixin.py:137} INFO - [2023-03-03T17:07:27.412+0100] {dag.py:2585} INFO - Sync 1 DAGs
[2023-03-03T17:07:27.426+0100] {logging_mixin.py:137} INFO - [2023-03-03T17:07:27.425+0100] {dag.py:3336} INFO - Setting next_dagrun for example_trigger_target_dag to None, run_after=None
[2023-03-03T17:07:27.441+0100] {processor.py:176} INFO - Processing /Users/uab910/dev/nnam-poc/pyenv/lib/python3.10/site-packages/airflow/example_dags/example_trigger_target_dag.py took 0.254 seconds
[2023-03-03T17:08:19.947+0100] {processor.py:154} INFO - Started process (PID=59749) to work on /Users/uab910/dev/nnam-poc/pyenv/lib/python3.10/site-packages/airflow/example_dags/example_trigger_target_dag.py
[2023-03-03T17:08:19.952+0100] {processor.py:756} INFO - Processing file /Users/uab910/dev/nnam-poc/pyenv/lib/python3.10/site-packages/airflow/example_dags/example_trigger_target_dag.py for tasks to queue
[2023-03-03T17:08:19.953+0100] {logging_mixin.py:137} INFO - [2023-03-03T17:08:19.952+0100] {dagbag.py:537} INFO - Filling up the DagBag from /Users/uab910/dev/nnam-poc/pyenv/lib/python3.10/site-packages/airflow/example_dags/example_trigger_target_dag.py
[2023-03-03T17:08:20.007+0100] {processor.py:766} INFO - DAG(s) dict_keys(['example_trigger_target_dag']) retrieved from /Users/uab910/dev/nnam-poc/pyenv/lib/python3.10/site-packages/airflow/example_dags/example_trigger_target_dag.py
[2023-03-03T17:08:20.163+0100] {logging_mixin.py:137} INFO - [2023-03-03T17:08:20.163+0100] {dag.py:2585} INFO - Sync 1 DAGs
[2023-03-03T17:08:20.175+0100] {logging_mixin.py:137} INFO - [2023-03-03T17:08:20.175+0100] {dag.py:3336} INFO - Setting next_dagrun for example_trigger_target_dag to None, run_after=None
[2023-03-03T17:08:20.190+0100] {processor.py:176} INFO - Processing /Users/uab910/dev/nnam-poc/pyenv/lib/python3.10/site-packages/airflow/example_dags/example_trigger_target_dag.py took 0.244 seconds
[2023-03-03T17:09:10.161+0100] {processor.py:154} INFO - Started process (PID=59777) to work on /Users/uab910/dev/nnam-poc/pyenv/lib/python3.10/site-packages/airflow/example_dags/example_trigger_target_dag.py
[2023-03-03T17:09:10.167+0100] {processor.py:756} INFO - Processing file /Users/uab910/dev/nnam-poc/pyenv/lib/python3.10/site-packages/airflow/example_dags/example_trigger_target_dag.py for tasks to queue
[2023-03-03T17:09:10.168+0100] {logging_mixin.py:137} INFO - [2023-03-03T17:09:10.168+0100] {dagbag.py:537} INFO - Filling up the DagBag from /Users/uab910/dev/nnam-poc/pyenv/lib/python3.10/site-packages/airflow/example_dags/example_trigger_target_dag.py
[2023-03-03T17:09:10.221+0100] {processor.py:766} INFO - DAG(s) dict_keys(['example_trigger_target_dag']) retrieved from /Users/uab910/dev/nnam-poc/pyenv/lib/python3.10/site-packages/airflow/example_dags/example_trigger_target_dag.py
[2023-03-03T17:09:10.383+0100] {logging_mixin.py:137} INFO - [2023-03-03T17:09:10.383+0100] {dag.py:2585} INFO - Sync 1 DAGs
[2023-03-03T17:09:10.402+0100] {logging_mixin.py:137} INFO - [2023-03-03T17:09:10.401+0100] {dag.py:3336} INFO - Setting next_dagrun for example_trigger_target_dag to None, run_after=None
[2023-03-03T17:09:10.424+0100] {processor.py:176} INFO - Processing /Users/uab910/dev/nnam-poc/pyenv/lib/python3.10/site-packages/airflow/example_dags/example_trigger_target_dag.py took 0.263 seconds
[2023-03-03T17:10:38.420+0100] {processor.py:154} INFO - Started process (PID=59826) to work on /Users/uab910/dev/nnam-poc/pyenv/lib/python3.10/site-packages/airflow/example_dags/example_trigger_target_dag.py
[2023-03-03T17:10:38.424+0100] {processor.py:756} INFO - Processing file /Users/uab910/dev/nnam-poc/pyenv/lib/python3.10/site-packages/airflow/example_dags/example_trigger_target_dag.py for tasks to queue
[2023-03-03T17:10:38.425+0100] {logging_mixin.py:137} INFO - [2023-03-03T17:10:38.425+0100] {dagbag.py:537} INFO - Filling up the DagBag from /Users/uab910/dev/nnam-poc/pyenv/lib/python3.10/site-packages/airflow/example_dags/example_trigger_target_dag.py
[2023-03-03T17:10:38.483+0100] {processor.py:766} INFO - DAG(s) dict_keys(['example_trigger_target_dag']) retrieved from /Users/uab910/dev/nnam-poc/pyenv/lib/python3.10/site-packages/airflow/example_dags/example_trigger_target_dag.py
[2023-03-03T17:10:38.633+0100] {logging_mixin.py:137} INFO - [2023-03-03T17:10:38.633+0100] {dag.py:2585} INFO - Sync 1 DAGs
[2023-03-03T17:10:38.646+0100] {logging_mixin.py:137} INFO - [2023-03-03T17:10:38.646+0100] {dag.py:3336} INFO - Setting next_dagrun for example_trigger_target_dag to None, run_after=None
[2023-03-03T17:10:38.659+0100] {processor.py:176} INFO - Processing /Users/uab910/dev/nnam-poc/pyenv/lib/python3.10/site-packages/airflow/example_dags/example_trigger_target_dag.py took 0.240 seconds
[2023-03-03T17:12:07.765+0100] {processor.py:154} INFO - Started process (PID=59879) to work on /Users/uab910/dev/nnam-poc/pyenv/lib/python3.10/site-packages/airflow/example_dags/example_trigger_target_dag.py
[2023-03-03T17:12:07.772+0100] {processor.py:756} INFO - Processing file /Users/uab910/dev/nnam-poc/pyenv/lib/python3.10/site-packages/airflow/example_dags/example_trigger_target_dag.py for tasks to queue
[2023-03-03T17:12:07.772+0100] {logging_mixin.py:137} INFO - [2023-03-03T17:12:07.772+0100] {dagbag.py:537} INFO - Filling up the DagBag from /Users/uab910/dev/nnam-poc/pyenv/lib/python3.10/site-packages/airflow/example_dags/example_trigger_target_dag.py
[2023-03-03T17:12:07.849+0100] {processor.py:766} INFO - DAG(s) dict_keys(['example_trigger_target_dag']) retrieved from /Users/uab910/dev/nnam-poc/pyenv/lib/python3.10/site-packages/airflow/example_dags/example_trigger_target_dag.py
[2023-03-03T17:12:08.074+0100] {logging_mixin.py:137} INFO - [2023-03-03T17:12:08.073+0100] {dag.py:2585} INFO - Sync 1 DAGs
[2023-03-03T17:12:08.090+0100] {logging_mixin.py:137} INFO - [2023-03-03T17:12:08.090+0100] {dag.py:3336} INFO - Setting next_dagrun for example_trigger_target_dag to None, run_after=None
[2023-03-03T17:12:08.105+0100] {processor.py:176} INFO - Processing /Users/uab910/dev/nnam-poc/pyenv/lib/python3.10/site-packages/airflow/example_dags/example_trigger_target_dag.py took 0.341 seconds
[2023-03-03T17:13:37.201+0100] {processor.py:154} INFO - Started process (PID=59958) to work on /Users/uab910/dev/nnam-poc/pyenv/lib/python3.10/site-packages/airflow/example_dags/example_trigger_target_dag.py
[2023-03-03T17:13:37.206+0100] {processor.py:756} INFO - Processing file /Users/uab910/dev/nnam-poc/pyenv/lib/python3.10/site-packages/airflow/example_dags/example_trigger_target_dag.py for tasks to queue
[2023-03-03T17:13:37.206+0100] {logging_mixin.py:137} INFO - [2023-03-03T17:13:37.206+0100] {dagbag.py:537} INFO - Filling up the DagBag from /Users/uab910/dev/nnam-poc/pyenv/lib/python3.10/site-packages/airflow/example_dags/example_trigger_target_dag.py
[2023-03-03T17:13:37.273+0100] {processor.py:766} INFO - DAG(s) dict_keys(['example_trigger_target_dag']) retrieved from /Users/uab910/dev/nnam-poc/pyenv/lib/python3.10/site-packages/airflow/example_dags/example_trigger_target_dag.py
[2023-03-03T17:13:37.458+0100] {logging_mixin.py:137} INFO - [2023-03-03T17:13:37.458+0100] {dag.py:2585} INFO - Sync 1 DAGs
[2023-03-03T17:13:37.472+0100] {logging_mixin.py:137} INFO - [2023-03-03T17:13:37.472+0100] {dag.py:3336} INFO - Setting next_dagrun for example_trigger_target_dag to None, run_after=None
[2023-03-03T17:13:37.488+0100] {processor.py:176} INFO - Processing /Users/uab910/dev/nnam-poc/pyenv/lib/python3.10/site-packages/airflow/example_dags/example_trigger_target_dag.py took 0.288 seconds
[2023-03-03T17:15:08.930+0100] {processor.py:154} INFO - Started process (PID=60026) to work on /Users/uab910/dev/nnam-poc/pyenv/lib/python3.10/site-packages/airflow/example_dags/example_trigger_target_dag.py
[2023-03-03T17:15:08.934+0100] {processor.py:756} INFO - Processing file /Users/uab910/dev/nnam-poc/pyenv/lib/python3.10/site-packages/airflow/example_dags/example_trigger_target_dag.py for tasks to queue
[2023-03-03T17:15:08.935+0100] {logging_mixin.py:137} INFO - [2023-03-03T17:15:08.935+0100] {dagbag.py:537} INFO - Filling up the DagBag from /Users/uab910/dev/nnam-poc/pyenv/lib/python3.10/site-packages/airflow/example_dags/example_trigger_target_dag.py
[2023-03-03T17:15:08.990+0100] {processor.py:766} INFO - DAG(s) dict_keys(['example_trigger_target_dag']) retrieved from /Users/uab910/dev/nnam-poc/pyenv/lib/python3.10/site-packages/airflow/example_dags/example_trigger_target_dag.py
[2023-03-03T17:15:09.141+0100] {logging_mixin.py:137} INFO - [2023-03-03T17:15:09.140+0100] {dag.py:2585} INFO - Sync 1 DAGs
[2023-03-03T17:15:09.153+0100] {logging_mixin.py:137} INFO - [2023-03-03T17:15:09.153+0100] {dag.py:3336} INFO - Setting next_dagrun for example_trigger_target_dag to None, run_after=None
[2023-03-03T17:15:09.167+0100] {processor.py:176} INFO - Processing /Users/uab910/dev/nnam-poc/pyenv/lib/python3.10/site-packages/airflow/example_dags/example_trigger_target_dag.py took 0.237 seconds
[2023-03-03T17:16:42.934+0100] {processor.py:154} INFO - Started process (PID=60079) to work on /Users/uab910/dev/nnam-poc/pyenv/lib/python3.10/site-packages/airflow/example_dags/example_trigger_target_dag.py
[2023-03-03T17:16:42.940+0100] {processor.py:756} INFO - Processing file /Users/uab910/dev/nnam-poc/pyenv/lib/python3.10/site-packages/airflow/example_dags/example_trigger_target_dag.py for tasks to queue
[2023-03-03T17:16:42.940+0100] {logging_mixin.py:137} INFO - [2023-03-03T17:16:42.940+0100] {dagbag.py:537} INFO - Filling up the DagBag from /Users/uab910/dev/nnam-poc/pyenv/lib/python3.10/site-packages/airflow/example_dags/example_trigger_target_dag.py
[2023-03-03T17:16:43.040+0100] {processor.py:766} INFO - DAG(s) dict_keys(['example_trigger_target_dag']) retrieved from /Users/uab910/dev/nnam-poc/pyenv/lib/python3.10/site-packages/airflow/example_dags/example_trigger_target_dag.py
[2023-03-03T17:16:43.214+0100] {logging_mixin.py:137} INFO - [2023-03-03T17:16:43.214+0100] {dag.py:2585} INFO - Sync 1 DAGs
[2023-03-03T17:16:43.229+0100] {logging_mixin.py:137} INFO - [2023-03-03T17:16:43.229+0100] {dag.py:3336} INFO - Setting next_dagrun for example_trigger_target_dag to None, run_after=None
[2023-03-03T17:16:43.243+0100] {processor.py:176} INFO - Processing /Users/uab910/dev/nnam-poc/pyenv/lib/python3.10/site-packages/airflow/example_dags/example_trigger_target_dag.py took 0.310 seconds
[2023-03-03T17:18:10.647+0100] {processor.py:154} INFO - Started process (PID=60134) to work on /Users/uab910/dev/nnam-poc/pyenv/lib/python3.10/site-packages/airflow/example_dags/example_trigger_target_dag.py
[2023-03-03T17:18:10.653+0100] {processor.py:756} INFO - Processing file /Users/uab910/dev/nnam-poc/pyenv/lib/python3.10/site-packages/airflow/example_dags/example_trigger_target_dag.py for tasks to queue
[2023-03-03T17:18:10.653+0100] {logging_mixin.py:137} INFO - [2023-03-03T17:18:10.653+0100] {dagbag.py:537} INFO - Filling up the DagBag from /Users/uab910/dev/nnam-poc/pyenv/lib/python3.10/site-packages/airflow/example_dags/example_trigger_target_dag.py
[2023-03-03T17:18:10.710+0100] {processor.py:766} INFO - DAG(s) dict_keys(['example_trigger_target_dag']) retrieved from /Users/uab910/dev/nnam-poc/pyenv/lib/python3.10/site-packages/airflow/example_dags/example_trigger_target_dag.py
[2023-03-03T17:18:10.871+0100] {logging_mixin.py:137} INFO - [2023-03-03T17:18:10.870+0100] {dag.py:2585} INFO - Sync 1 DAGs
[2023-03-03T17:18:10.888+0100] {logging_mixin.py:137} INFO - [2023-03-03T17:18:10.888+0100] {dag.py:3336} INFO - Setting next_dagrun for example_trigger_target_dag to None, run_after=None
[2023-03-03T17:18:10.906+0100] {processor.py:176} INFO - Processing /Users/uab910/dev/nnam-poc/pyenv/lib/python3.10/site-packages/airflow/example_dags/example_trigger_target_dag.py took 0.260 seconds
