[2023-03-03T16:01:19.854+0100] {processor.py:154} INFO - Started process (PID=57144) to work on /Users/uab910/dev/nnam-poc/pyenv/lib/python3.10/site-packages/airflow/example_dags/example_latest_only_with_trigger.py
[2023-03-03T16:01:19.859+0100] {processor.py:756} INFO - Processing file /Users/uab910/dev/nnam-poc/pyenv/lib/python3.10/site-packages/airflow/example_dags/example_latest_only_with_trigger.py for tasks to queue
[2023-03-03T16:01:19.860+0100] {logging_mixin.py:137} INFO - [2023-03-03T16:01:19.859+0100] {dagbag.py:537} INFO - Filling up the DagBag from /Users/uab910/dev/nnam-poc/pyenv/lib/python3.10/site-packages/airflow/example_dags/example_latest_only_with_trigger.py
[2023-03-03T16:01:19.895+0100] {processor.py:766} INFO - DAG(s) dict_keys(['latest_only_with_trigger']) retrieved from /Users/uab910/dev/nnam-poc/pyenv/lib/python3.10/site-packages/airflow/example_dags/example_latest_only_with_trigger.py
[2023-03-03T16:01:21.127+0100] {logging_mixin.py:137} INFO - [2023-03-03T16:01:21.127+0100] {manager.py:507} INFO - Created Permission View: can delete on DAG:latest_only_with_trigger
[2023-03-03T16:01:21.135+0100] {logging_mixin.py:137} INFO - [2023-03-03T16:01:21.135+0100] {manager.py:507} INFO - Created Permission View: can read on DAG:latest_only_with_trigger
[2023-03-03T16:01:21.142+0100] {logging_mixin.py:137} INFO - [2023-03-03T16:01:21.142+0100] {manager.py:507} INFO - Created Permission View: can edit on DAG:latest_only_with_trigger
[2023-03-03T16:01:21.142+0100] {logging_mixin.py:137} INFO - [2023-03-03T16:01:21.142+0100] {dag.py:2585} INFO - Sync 1 DAGs
[2023-03-03T16:01:21.153+0100] {logging_mixin.py:137} INFO - [2023-03-03T16:01:21.152+0100] {dag.py:2606} INFO - Creating ORM DAG for latest_only_with_trigger
[2023-03-03T16:01:21.161+0100] {logging_mixin.py:137} INFO - [2023-03-03T16:01:21.161+0100] {dag.py:3336} INFO - Setting next_dagrun for latest_only_with_trigger to 2023-03-03T11:01:21.161656+00:00, run_after=2023-03-03T15:01:21.161656+00:00
[2023-03-03T16:01:21.180+0100] {processor.py:176} INFO - Processing /Users/uab910/dev/nnam-poc/pyenv/lib/python3.10/site-packages/airflow/example_dags/example_latest_only_with_trigger.py took 1.327 seconds
[2023-03-03T16:03:20.259+0100] {processor.py:154} INFO - Started process (PID=57241) to work on /Users/uab910/dev/nnam-poc/pyenv/lib/python3.10/site-packages/airflow/example_dags/example_latest_only_with_trigger.py
[2023-03-03T16:03:20.264+0100] {processor.py:756} INFO - Processing file /Users/uab910/dev/nnam-poc/pyenv/lib/python3.10/site-packages/airflow/example_dags/example_latest_only_with_trigger.py for tasks to queue
[2023-03-03T16:03:20.264+0100] {logging_mixin.py:137} INFO - [2023-03-03T16:03:20.264+0100] {dagbag.py:537} INFO - Filling up the DagBag from /Users/uab910/dev/nnam-poc/pyenv/lib/python3.10/site-packages/airflow/example_dags/example_latest_only_with_trigger.py
[2023-03-03T16:03:20.297+0100] {processor.py:766} INFO - DAG(s) dict_keys(['latest_only_with_trigger']) retrieved from /Users/uab910/dev/nnam-poc/pyenv/lib/python3.10/site-packages/airflow/example_dags/example_latest_only_with_trigger.py
[2023-03-03T16:03:20.480+0100] {logging_mixin.py:137} INFO - [2023-03-03T16:03:20.480+0100] {dag.py:2585} INFO - Sync 1 DAGs
[2023-03-03T16:03:20.494+0100] {logging_mixin.py:137} INFO - [2023-03-03T16:03:20.494+0100] {dag.py:3336} INFO - Setting next_dagrun for latest_only_with_trigger to 2023-03-03T11:03:20.494402+00:00, run_after=2023-03-03T15:03:20.494402+00:00
[2023-03-03T16:03:20.509+0100] {processor.py:176} INFO - Processing /Users/uab910/dev/nnam-poc/pyenv/lib/python3.10/site-packages/airflow/example_dags/example_latest_only_with_trigger.py took 0.251 seconds
[2023-03-03T16:04:36.291+0100] {processor.py:154} INFO - Started process (PID=57300) to work on /Users/uab910/dev/nnam-poc/pyenv/lib/python3.10/site-packages/airflow/example_dags/example_latest_only_with_trigger.py
[2023-03-03T16:04:36.296+0100] {processor.py:756} INFO - Processing file /Users/uab910/dev/nnam-poc/pyenv/lib/python3.10/site-packages/airflow/example_dags/example_latest_only_with_trigger.py for tasks to queue
[2023-03-03T16:04:36.296+0100] {logging_mixin.py:137} INFO - [2023-03-03T16:04:36.296+0100] {dagbag.py:537} INFO - Filling up the DagBag from /Users/uab910/dev/nnam-poc/pyenv/lib/python3.10/site-packages/airflow/example_dags/example_latest_only_with_trigger.py
[2023-03-03T16:04:36.328+0100] {processor.py:766} INFO - DAG(s) dict_keys(['latest_only_with_trigger']) retrieved from /Users/uab910/dev/nnam-poc/pyenv/lib/python3.10/site-packages/airflow/example_dags/example_latest_only_with_trigger.py
[2023-03-03T16:04:36.515+0100] {logging_mixin.py:137} INFO - [2023-03-03T16:04:36.515+0100] {dag.py:2585} INFO - Sync 1 DAGs
[2023-03-03T16:04:36.530+0100] {logging_mixin.py:137} INFO - [2023-03-03T16:04:36.530+0100] {dag.py:3336} INFO - Setting next_dagrun for latest_only_with_trigger to 2023-03-03T11:04:36.530042+00:00, run_after=2023-03-03T15:04:36.530042+00:00
[2023-03-03T16:04:36.548+0100] {processor.py:176} INFO - Processing /Users/uab910/dev/nnam-poc/pyenv/lib/python3.10/site-packages/airflow/example_dags/example_latest_only_with_trigger.py took 0.258 seconds
[2023-03-03T16:05:49.917+0100] {processor.py:154} INFO - Started process (PID=57348) to work on /Users/uab910/dev/nnam-poc/pyenv/lib/python3.10/site-packages/airflow/example_dags/example_latest_only_with_trigger.py
[2023-03-03T16:05:49.923+0100] {processor.py:756} INFO - Processing file /Users/uab910/dev/nnam-poc/pyenv/lib/python3.10/site-packages/airflow/example_dags/example_latest_only_with_trigger.py for tasks to queue
[2023-03-03T16:05:49.923+0100] {logging_mixin.py:137} INFO - [2023-03-03T16:05:49.923+0100] {dagbag.py:537} INFO - Filling up the DagBag from /Users/uab910/dev/nnam-poc/pyenv/lib/python3.10/site-packages/airflow/example_dags/example_latest_only_with_trigger.py
[2023-03-03T16:05:49.957+0100] {processor.py:766} INFO - DAG(s) dict_keys(['latest_only_with_trigger']) retrieved from /Users/uab910/dev/nnam-poc/pyenv/lib/python3.10/site-packages/airflow/example_dags/example_latest_only_with_trigger.py
[2023-03-03T16:05:50.145+0100] {logging_mixin.py:137} INFO - [2023-03-03T16:05:50.144+0100] {dag.py:2585} INFO - Sync 1 DAGs
[2023-03-03T16:05:50.160+0100] {logging_mixin.py:137} INFO - [2023-03-03T16:05:50.160+0100] {dag.py:3336} INFO - Setting next_dagrun for latest_only_with_trigger to 2023-03-03T11:05:50.160467+00:00, run_after=2023-03-03T15:05:50.160467+00:00
[2023-03-03T16:05:50.177+0100] {processor.py:176} INFO - Processing /Users/uab910/dev/nnam-poc/pyenv/lib/python3.10/site-packages/airflow/example_dags/example_latest_only_with_trigger.py took 0.261 seconds
[2023-03-03T16:07:10.738+0100] {processor.py:154} INFO - Started process (PID=57399) to work on /Users/uab910/dev/nnam-poc/pyenv/lib/python3.10/site-packages/airflow/example_dags/example_latest_only_with_trigger.py
[2023-03-03T16:07:10.745+0100] {processor.py:756} INFO - Processing file /Users/uab910/dev/nnam-poc/pyenv/lib/python3.10/site-packages/airflow/example_dags/example_latest_only_with_trigger.py for tasks to queue
[2023-03-03T16:07:10.745+0100] {logging_mixin.py:137} INFO - [2023-03-03T16:07:10.745+0100] {dagbag.py:537} INFO - Filling up the DagBag from /Users/uab910/dev/nnam-poc/pyenv/lib/python3.10/site-packages/airflow/example_dags/example_latest_only_with_trigger.py
[2023-03-03T16:07:10.804+0100] {processor.py:766} INFO - DAG(s) dict_keys(['latest_only_with_trigger']) retrieved from /Users/uab910/dev/nnam-poc/pyenv/lib/python3.10/site-packages/airflow/example_dags/example_latest_only_with_trigger.py
[2023-03-03T16:07:11.080+0100] {logging_mixin.py:137} INFO - [2023-03-03T16:07:11.080+0100] {dag.py:2585} INFO - Sync 1 DAGs
[2023-03-03T16:07:11.099+0100] {logging_mixin.py:137} INFO - [2023-03-03T16:07:11.099+0100] {dag.py:3336} INFO - Setting next_dagrun for latest_only_with_trigger to 2023-03-03T11:07:11.099194+00:00, run_after=2023-03-03T15:07:11.099194+00:00
[2023-03-03T16:07:11.118+0100] {processor.py:176} INFO - Processing /Users/uab910/dev/nnam-poc/pyenv/lib/python3.10/site-packages/airflow/example_dags/example_latest_only_with_trigger.py took 0.381 seconds
[2023-03-03T16:08:31.242+0100] {processor.py:154} INFO - Started process (PID=57453) to work on /Users/uab910/dev/nnam-poc/pyenv/lib/python3.10/site-packages/airflow/example_dags/example_latest_only_with_trigger.py
[2023-03-03T16:08:31.248+0100] {processor.py:756} INFO - Processing file /Users/uab910/dev/nnam-poc/pyenv/lib/python3.10/site-packages/airflow/example_dags/example_latest_only_with_trigger.py for tasks to queue
[2023-03-03T16:08:31.249+0100] {logging_mixin.py:137} INFO - [2023-03-03T16:08:31.248+0100] {dagbag.py:537} INFO - Filling up the DagBag from /Users/uab910/dev/nnam-poc/pyenv/lib/python3.10/site-packages/airflow/example_dags/example_latest_only_with_trigger.py
[2023-03-03T16:08:31.283+0100] {processor.py:766} INFO - DAG(s) dict_keys(['latest_only_with_trigger']) retrieved from /Users/uab910/dev/nnam-poc/pyenv/lib/python3.10/site-packages/airflow/example_dags/example_latest_only_with_trigger.py
[2023-03-03T16:08:31.463+0100] {logging_mixin.py:137} INFO - [2023-03-03T16:08:31.463+0100] {dag.py:2585} INFO - Sync 1 DAGs
[2023-03-03T16:08:31.478+0100] {logging_mixin.py:137} INFO - [2023-03-03T16:08:31.477+0100] {dag.py:3336} INFO - Setting next_dagrun for latest_only_with_trigger to 2023-03-03T11:08:31.477858+00:00, run_after=2023-03-03T15:08:31.477858+00:00
[2023-03-03T16:08:31.492+0100] {processor.py:176} INFO - Processing /Users/uab910/dev/nnam-poc/pyenv/lib/python3.10/site-packages/airflow/example_dags/example_latest_only_with_trigger.py took 0.251 seconds
[2023-03-03T16:09:48.230+0100] {processor.py:154} INFO - Started process (PID=57503) to work on /Users/uab910/dev/nnam-poc/pyenv/lib/python3.10/site-packages/airflow/example_dags/example_latest_only_with_trigger.py
[2023-03-03T16:09:48.237+0100] {processor.py:756} INFO - Processing file /Users/uab910/dev/nnam-poc/pyenv/lib/python3.10/site-packages/airflow/example_dags/example_latest_only_with_trigger.py for tasks to queue
[2023-03-03T16:09:48.237+0100] {logging_mixin.py:137} INFO - [2023-03-03T16:09:48.237+0100] {dagbag.py:537} INFO - Filling up the DagBag from /Users/uab910/dev/nnam-poc/pyenv/lib/python3.10/site-packages/airflow/example_dags/example_latest_only_with_trigger.py
[2023-03-03T16:09:48.274+0100] {processor.py:766} INFO - DAG(s) dict_keys(['latest_only_with_trigger']) retrieved from /Users/uab910/dev/nnam-poc/pyenv/lib/python3.10/site-packages/airflow/example_dags/example_latest_only_with_trigger.py
[2023-03-03T16:09:48.475+0100] {logging_mixin.py:137} INFO - [2023-03-03T16:09:48.474+0100] {dag.py:2585} INFO - Sync 1 DAGs
[2023-03-03T16:09:48.492+0100] {logging_mixin.py:137} INFO - [2023-03-03T16:09:48.492+0100] {dag.py:3336} INFO - Setting next_dagrun for latest_only_with_trigger to 2023-03-03T11:09:48.492308+00:00, run_after=2023-03-03T15:09:48.492308+00:00
[2023-03-03T16:09:48.508+0100] {processor.py:176} INFO - Processing /Users/uab910/dev/nnam-poc/pyenv/lib/python3.10/site-packages/airflow/example_dags/example_latest_only_with_trigger.py took 0.279 seconds
[2023-03-03T16:11:05.023+0100] {processor.py:154} INFO - Started process (PID=57548) to work on /Users/uab910/dev/nnam-poc/pyenv/lib/python3.10/site-packages/airflow/example_dags/example_latest_only_with_trigger.py
[2023-03-03T16:11:05.029+0100] {processor.py:756} INFO - Processing file /Users/uab910/dev/nnam-poc/pyenv/lib/python3.10/site-packages/airflow/example_dags/example_latest_only_with_trigger.py for tasks to queue
[2023-03-03T16:11:05.029+0100] {logging_mixin.py:137} INFO - [2023-03-03T16:11:05.029+0100] {dagbag.py:537} INFO - Filling up the DagBag from /Users/uab910/dev/nnam-poc/pyenv/lib/python3.10/site-packages/airflow/example_dags/example_latest_only_with_trigger.py
[2023-03-03T16:11:05.064+0100] {processor.py:766} INFO - DAG(s) dict_keys(['latest_only_with_trigger']) retrieved from /Users/uab910/dev/nnam-poc/pyenv/lib/python3.10/site-packages/airflow/example_dags/example_latest_only_with_trigger.py
[2023-03-03T16:11:05.278+0100] {logging_mixin.py:137} INFO - [2023-03-03T16:11:05.278+0100] {dag.py:2585} INFO - Sync 1 DAGs
[2023-03-03T16:11:05.296+0100] {logging_mixin.py:137} INFO - [2023-03-03T16:11:05.295+0100] {dag.py:3336} INFO - Setting next_dagrun for latest_only_with_trigger to 2023-03-03T11:11:05.295838+00:00, run_after=2023-03-03T15:11:05.295838+00:00
[2023-03-03T16:11:05.313+0100] {processor.py:176} INFO - Processing /Users/uab910/dev/nnam-poc/pyenv/lib/python3.10/site-packages/airflow/example_dags/example_latest_only_with_trigger.py took 0.291 seconds
[2023-03-03T16:12:23.383+0100] {processor.py:154} INFO - Started process (PID=57587) to work on /Users/uab910/dev/nnam-poc/pyenv/lib/python3.10/site-packages/airflow/example_dags/example_latest_only_with_trigger.py
[2023-03-03T16:12:23.389+0100] {processor.py:756} INFO - Processing file /Users/uab910/dev/nnam-poc/pyenv/lib/python3.10/site-packages/airflow/example_dags/example_latest_only_with_trigger.py for tasks to queue
[2023-03-03T16:12:23.389+0100] {logging_mixin.py:137} INFO - [2023-03-03T16:12:23.389+0100] {dagbag.py:537} INFO - Filling up the DagBag from /Users/uab910/dev/nnam-poc/pyenv/lib/python3.10/site-packages/airflow/example_dags/example_latest_only_with_trigger.py
[2023-03-03T16:12:23.424+0100] {processor.py:766} INFO - DAG(s) dict_keys(['latest_only_with_trigger']) retrieved from /Users/uab910/dev/nnam-poc/pyenv/lib/python3.10/site-packages/airflow/example_dags/example_latest_only_with_trigger.py
[2023-03-03T16:12:23.603+0100] {logging_mixin.py:137} INFO - [2023-03-03T16:12:23.603+0100] {dag.py:2585} INFO - Sync 1 DAGs
[2023-03-03T16:12:23.617+0100] {logging_mixin.py:137} INFO - [2023-03-03T16:12:23.617+0100] {dag.py:3336} INFO - Setting next_dagrun for latest_only_with_trigger to 2023-03-03T11:12:23.617265+00:00, run_after=2023-03-03T15:12:23.617265+00:00
[2023-03-03T16:12:23.633+0100] {processor.py:176} INFO - Processing /Users/uab910/dev/nnam-poc/pyenv/lib/python3.10/site-packages/airflow/example_dags/example_latest_only_with_trigger.py took 0.251 seconds
[2023-03-03T16:13:36.170+0100] {processor.py:154} INFO - Started process (PID=57625) to work on /Users/uab910/dev/nnam-poc/pyenv/lib/python3.10/site-packages/airflow/example_dags/example_latest_only_with_trigger.py
[2023-03-03T16:13:36.176+0100] {processor.py:756} INFO - Processing file /Users/uab910/dev/nnam-poc/pyenv/lib/python3.10/site-packages/airflow/example_dags/example_latest_only_with_trigger.py for tasks to queue
[2023-03-03T16:13:36.176+0100] {logging_mixin.py:137} INFO - [2023-03-03T16:13:36.176+0100] {dagbag.py:537} INFO - Filling up the DagBag from /Users/uab910/dev/nnam-poc/pyenv/lib/python3.10/site-packages/airflow/example_dags/example_latest_only_with_trigger.py
[2023-03-03T16:13:36.213+0100] {processor.py:766} INFO - DAG(s) dict_keys(['latest_only_with_trigger']) retrieved from /Users/uab910/dev/nnam-poc/pyenv/lib/python3.10/site-packages/airflow/example_dags/example_latest_only_with_trigger.py
[2023-03-03T16:13:36.392+0100] {logging_mixin.py:137} INFO - [2023-03-03T16:13:36.391+0100] {dag.py:2585} INFO - Sync 1 DAGs
[2023-03-03T16:13:36.406+0100] {logging_mixin.py:137} INFO - [2023-03-03T16:13:36.406+0100] {dag.py:3336} INFO - Setting next_dagrun for latest_only_with_trigger to 2023-03-03T11:13:36.406038+00:00, run_after=2023-03-03T15:13:36.406038+00:00
[2023-03-03T16:13:36.421+0100] {processor.py:176} INFO - Processing /Users/uab910/dev/nnam-poc/pyenv/lib/python3.10/site-packages/airflow/example_dags/example_latest_only_with_trigger.py took 0.252 seconds
[2023-03-03T16:14:51.889+0100] {processor.py:154} INFO - Started process (PID=57692) to work on /Users/uab910/dev/nnam-poc/pyenv/lib/python3.10/site-packages/airflow/example_dags/example_latest_only_with_trigger.py
[2023-03-03T16:14:51.895+0100] {processor.py:756} INFO - Processing file /Users/uab910/dev/nnam-poc/pyenv/lib/python3.10/site-packages/airflow/example_dags/example_latest_only_with_trigger.py for tasks to queue
[2023-03-03T16:14:51.895+0100] {logging_mixin.py:137} INFO - [2023-03-03T16:14:51.895+0100] {dagbag.py:537} INFO - Filling up the DagBag from /Users/uab910/dev/nnam-poc/pyenv/lib/python3.10/site-packages/airflow/example_dags/example_latest_only_with_trigger.py
[2023-03-03T16:14:51.929+0100] {processor.py:766} INFO - DAG(s) dict_keys(['latest_only_with_trigger']) retrieved from /Users/uab910/dev/nnam-poc/pyenv/lib/python3.10/site-packages/airflow/example_dags/example_latest_only_with_trigger.py
[2023-03-03T16:14:52.096+0100] {logging_mixin.py:137} INFO - [2023-03-03T16:14:52.096+0100] {dag.py:2585} INFO - Sync 1 DAGs
[2023-03-03T16:14:52.110+0100] {logging_mixin.py:137} INFO - [2023-03-03T16:14:52.109+0100] {dag.py:3336} INFO - Setting next_dagrun for latest_only_with_trigger to 2023-03-03T11:14:52.109796+00:00, run_after=2023-03-03T15:14:52.109796+00:00
[2023-03-03T16:14:52.125+0100] {processor.py:176} INFO - Processing /Users/uab910/dev/nnam-poc/pyenv/lib/python3.10/site-packages/airflow/example_dags/example_latest_only_with_trigger.py took 0.237 seconds
[2023-03-03T16:16:09.778+0100] {processor.py:154} INFO - Started process (PID=57753) to work on /Users/uab910/dev/nnam-poc/pyenv/lib/python3.10/site-packages/airflow/example_dags/example_latest_only_with_trigger.py
[2023-03-03T16:16:09.783+0100] {processor.py:756} INFO - Processing file /Users/uab910/dev/nnam-poc/pyenv/lib/python3.10/site-packages/airflow/example_dags/example_latest_only_with_trigger.py for tasks to queue
[2023-03-03T16:16:09.784+0100] {logging_mixin.py:137} INFO - [2023-03-03T16:16:09.784+0100] {dagbag.py:537} INFO - Filling up the DagBag from /Users/uab910/dev/nnam-poc/pyenv/lib/python3.10/site-packages/airflow/example_dags/example_latest_only_with_trigger.py
[2023-03-03T16:16:09.820+0100] {processor.py:766} INFO - DAG(s) dict_keys(['latest_only_with_trigger']) retrieved from /Users/uab910/dev/nnam-poc/pyenv/lib/python3.10/site-packages/airflow/example_dags/example_latest_only_with_trigger.py
[2023-03-03T16:16:09.999+0100] {logging_mixin.py:137} INFO - [2023-03-03T16:16:09.999+0100] {dag.py:2585} INFO - Sync 1 DAGs
[2023-03-03T16:16:10.012+0100] {logging_mixin.py:137} INFO - [2023-03-03T16:16:10.012+0100] {dag.py:3336} INFO - Setting next_dagrun for latest_only_with_trigger to 2023-03-03T11:16:10.012456+00:00, run_after=2023-03-03T15:16:10.012456+00:00
[2023-03-03T16:16:10.029+0100] {processor.py:176} INFO - Processing /Users/uab910/dev/nnam-poc/pyenv/lib/python3.10/site-packages/airflow/example_dags/example_latest_only_with_trigger.py took 0.252 seconds
[2023-03-03T16:17:29.552+0100] {processor.py:154} INFO - Started process (PID=57842) to work on /Users/uab910/dev/nnam-poc/pyenv/lib/python3.10/site-packages/airflow/example_dags/example_latest_only_with_trigger.py
[2023-03-03T16:17:29.557+0100] {processor.py:756} INFO - Processing file /Users/uab910/dev/nnam-poc/pyenv/lib/python3.10/site-packages/airflow/example_dags/example_latest_only_with_trigger.py for tasks to queue
[2023-03-03T16:17:29.558+0100] {logging_mixin.py:137} INFO - [2023-03-03T16:17:29.558+0100] {dagbag.py:537} INFO - Filling up the DagBag from /Users/uab910/dev/nnam-poc/pyenv/lib/python3.10/site-packages/airflow/example_dags/example_latest_only_with_trigger.py
[2023-03-03T16:17:29.594+0100] {processor.py:766} INFO - DAG(s) dict_keys(['latest_only_with_trigger']) retrieved from /Users/uab910/dev/nnam-poc/pyenv/lib/python3.10/site-packages/airflow/example_dags/example_latest_only_with_trigger.py
[2023-03-03T16:17:29.786+0100] {logging_mixin.py:137} INFO - [2023-03-03T16:17:29.786+0100] {dag.py:2585} INFO - Sync 1 DAGs
[2023-03-03T16:17:29.801+0100] {logging_mixin.py:137} INFO - [2023-03-03T16:17:29.801+0100] {dag.py:3336} INFO - Setting next_dagrun for latest_only_with_trigger to 2023-03-03T11:17:29.801038+00:00, run_after=2023-03-03T15:17:29.801038+00:00
[2023-03-03T16:17:29.816+0100] {processor.py:176} INFO - Processing /Users/uab910/dev/nnam-poc/pyenv/lib/python3.10/site-packages/airflow/example_dags/example_latest_only_with_trigger.py took 0.265 seconds
[2023-03-03T16:18:48.763+0100] {processor.py:154} INFO - Started process (PID=57897) to work on /Users/uab910/dev/nnam-poc/pyenv/lib/python3.10/site-packages/airflow/example_dags/example_latest_only_with_trigger.py
[2023-03-03T16:18:48.769+0100] {processor.py:756} INFO - Processing file /Users/uab910/dev/nnam-poc/pyenv/lib/python3.10/site-packages/airflow/example_dags/example_latest_only_with_trigger.py for tasks to queue
[2023-03-03T16:18:48.770+0100] {logging_mixin.py:137} INFO - [2023-03-03T16:18:48.770+0100] {dagbag.py:537} INFO - Filling up the DagBag from /Users/uab910/dev/nnam-poc/pyenv/lib/python3.10/site-packages/airflow/example_dags/example_latest_only_with_trigger.py
[2023-03-03T16:18:48.806+0100] {processor.py:766} INFO - DAG(s) dict_keys(['latest_only_with_trigger']) retrieved from /Users/uab910/dev/nnam-poc/pyenv/lib/python3.10/site-packages/airflow/example_dags/example_latest_only_with_trigger.py
[2023-03-03T16:18:49.032+0100] {logging_mixin.py:137} INFO - [2023-03-03T16:18:49.032+0100] {dag.py:2585} INFO - Sync 1 DAGs
[2023-03-03T16:18:49.049+0100] {logging_mixin.py:137} INFO - [2023-03-03T16:18:49.049+0100] {dag.py:3336} INFO - Setting next_dagrun for latest_only_with_trigger to 2023-03-03T11:18:49.049251+00:00, run_after=2023-03-03T15:18:49.049251+00:00
[2023-03-03T16:18:49.068+0100] {processor.py:176} INFO - Processing /Users/uab910/dev/nnam-poc/pyenv/lib/python3.10/site-packages/airflow/example_dags/example_latest_only_with_trigger.py took 0.306 seconds
[2023-03-03T16:20:04.748+0100] {processor.py:154} INFO - Started process (PID=57954) to work on /Users/uab910/dev/nnam-poc/pyenv/lib/python3.10/site-packages/airflow/example_dags/example_latest_only_with_trigger.py
[2023-03-03T16:20:04.754+0100] {processor.py:756} INFO - Processing file /Users/uab910/dev/nnam-poc/pyenv/lib/python3.10/site-packages/airflow/example_dags/example_latest_only_with_trigger.py for tasks to queue
[2023-03-03T16:20:04.754+0100] {logging_mixin.py:137} INFO - [2023-03-03T16:20:04.754+0100] {dagbag.py:537} INFO - Filling up the DagBag from /Users/uab910/dev/nnam-poc/pyenv/lib/python3.10/site-packages/airflow/example_dags/example_latest_only_with_trigger.py
[2023-03-03T16:20:04.786+0100] {processor.py:766} INFO - DAG(s) dict_keys(['latest_only_with_trigger']) retrieved from /Users/uab910/dev/nnam-poc/pyenv/lib/python3.10/site-packages/airflow/example_dags/example_latest_only_with_trigger.py
[2023-03-03T16:20:04.965+0100] {logging_mixin.py:137} INFO - [2023-03-03T16:20:04.965+0100] {dag.py:2585} INFO - Sync 1 DAGs
[2023-03-03T16:20:04.980+0100] {logging_mixin.py:137} INFO - [2023-03-03T16:20:04.980+0100] {dag.py:3336} INFO - Setting next_dagrun for latest_only_with_trigger to 2023-03-03T11:20:04.980035+00:00, run_after=2023-03-03T15:20:04.980035+00:00
[2023-03-03T16:20:04.995+0100] {processor.py:176} INFO - Processing /Users/uab910/dev/nnam-poc/pyenv/lib/python3.10/site-packages/airflow/example_dags/example_latest_only_with_trigger.py took 0.248 seconds
[2023-03-03T16:21:25.598+0100] {processor.py:154} INFO - Started process (PID=58040) to work on /Users/uab910/dev/nnam-poc/pyenv/lib/python3.10/site-packages/airflow/example_dags/example_latest_only_with_trigger.py
[2023-03-03T16:21:25.604+0100] {processor.py:756} INFO - Processing file /Users/uab910/dev/nnam-poc/pyenv/lib/python3.10/site-packages/airflow/example_dags/example_latest_only_with_trigger.py for tasks to queue
[2023-03-03T16:21:25.605+0100] {logging_mixin.py:137} INFO - [2023-03-03T16:21:25.605+0100] {dagbag.py:537} INFO - Filling up the DagBag from /Users/uab910/dev/nnam-poc/pyenv/lib/python3.10/site-packages/airflow/example_dags/example_latest_only_with_trigger.py
[2023-03-03T16:21:25.654+0100] {processor.py:766} INFO - DAG(s) dict_keys(['latest_only_with_trigger']) retrieved from /Users/uab910/dev/nnam-poc/pyenv/lib/python3.10/site-packages/airflow/example_dags/example_latest_only_with_trigger.py
[2023-03-03T16:21:25.840+0100] {logging_mixin.py:137} INFO - [2023-03-03T16:21:25.839+0100] {dag.py:2585} INFO - Sync 1 DAGs
[2023-03-03T16:21:25.854+0100] {logging_mixin.py:137} INFO - [2023-03-03T16:21:25.853+0100] {dag.py:3336} INFO - Setting next_dagrun for latest_only_with_trigger to 2023-03-03T11:21:25.853789+00:00, run_after=2023-03-03T15:21:25.853789+00:00
[2023-03-03T16:21:25.868+0100] {processor.py:176} INFO - Processing /Users/uab910/dev/nnam-poc/pyenv/lib/python3.10/site-packages/airflow/example_dags/example_latest_only_with_trigger.py took 0.271 seconds
[2023-03-03T16:22:44.478+0100] {processor.py:154} INFO - Started process (PID=58092) to work on /Users/uab910/dev/nnam-poc/pyenv/lib/python3.10/site-packages/airflow/example_dags/example_latest_only_with_trigger.py
[2023-03-03T16:22:44.482+0100] {processor.py:756} INFO - Processing file /Users/uab910/dev/nnam-poc/pyenv/lib/python3.10/site-packages/airflow/example_dags/example_latest_only_with_trigger.py for tasks to queue
[2023-03-03T16:22:44.482+0100] {logging_mixin.py:137} INFO - [2023-03-03T16:22:44.482+0100] {dagbag.py:537} INFO - Filling up the DagBag from /Users/uab910/dev/nnam-poc/pyenv/lib/python3.10/site-packages/airflow/example_dags/example_latest_only_with_trigger.py
[2023-03-03T16:22:44.510+0100] {processor.py:766} INFO - DAG(s) dict_keys(['latest_only_with_trigger']) retrieved from /Users/uab910/dev/nnam-poc/pyenv/lib/python3.10/site-packages/airflow/example_dags/example_latest_only_with_trigger.py
[2023-03-03T16:22:44.680+0100] {logging_mixin.py:137} INFO - [2023-03-03T16:22:44.680+0100] {dag.py:2585} INFO - Sync 1 DAGs
[2023-03-03T16:22:44.694+0100] {logging_mixin.py:137} INFO - [2023-03-03T16:22:44.693+0100] {dag.py:3336} INFO - Setting next_dagrun for latest_only_with_trigger to 2023-03-03T11:22:44.693766+00:00, run_after=2023-03-03T15:22:44.693766+00:00
[2023-03-03T16:22:44.709+0100] {processor.py:176} INFO - Processing /Users/uab910/dev/nnam-poc/pyenv/lib/python3.10/site-packages/airflow/example_dags/example_latest_only_with_trigger.py took 0.232 seconds
[2023-03-03T16:23:59.675+0100] {processor.py:154} INFO - Started process (PID=58172) to work on /Users/uab910/dev/nnam-poc/pyenv/lib/python3.10/site-packages/airflow/example_dags/example_latest_only_with_trigger.py
[2023-03-03T16:23:59.680+0100] {processor.py:756} INFO - Processing file /Users/uab910/dev/nnam-poc/pyenv/lib/python3.10/site-packages/airflow/example_dags/example_latest_only_with_trigger.py for tasks to queue
[2023-03-03T16:23:59.680+0100] {logging_mixin.py:137} INFO - [2023-03-03T16:23:59.680+0100] {dagbag.py:537} INFO - Filling up the DagBag from /Users/uab910/dev/nnam-poc/pyenv/lib/python3.10/site-packages/airflow/example_dags/example_latest_only_with_trigger.py
[2023-03-03T16:23:59.711+0100] {processor.py:766} INFO - DAG(s) dict_keys(['latest_only_with_trigger']) retrieved from /Users/uab910/dev/nnam-poc/pyenv/lib/python3.10/site-packages/airflow/example_dags/example_latest_only_with_trigger.py
[2023-03-03T16:23:59.902+0100] {logging_mixin.py:137} INFO - [2023-03-03T16:23:59.901+0100] {dag.py:2585} INFO - Sync 1 DAGs
[2023-03-03T16:23:59.918+0100] {logging_mixin.py:137} INFO - [2023-03-03T16:23:59.918+0100] {dag.py:3336} INFO - Setting next_dagrun for latest_only_with_trigger to 2023-03-03T11:23:59.918403+00:00, run_after=2023-03-03T15:23:59.918403+00:00
[2023-03-03T16:23:59.936+0100] {processor.py:176} INFO - Processing /Users/uab910/dev/nnam-poc/pyenv/lib/python3.10/site-packages/airflow/example_dags/example_latest_only_with_trigger.py took 0.262 seconds
[2023-03-03T16:25:15.944+0100] {processor.py:154} INFO - Started process (PID=58220) to work on /Users/uab910/dev/nnam-poc/pyenv/lib/python3.10/site-packages/airflow/example_dags/example_latest_only_with_trigger.py
[2023-03-03T16:25:15.949+0100] {processor.py:756} INFO - Processing file /Users/uab910/dev/nnam-poc/pyenv/lib/python3.10/site-packages/airflow/example_dags/example_latest_only_with_trigger.py for tasks to queue
[2023-03-03T16:25:15.949+0100] {logging_mixin.py:137} INFO - [2023-03-03T16:25:15.949+0100] {dagbag.py:537} INFO - Filling up the DagBag from /Users/uab910/dev/nnam-poc/pyenv/lib/python3.10/site-packages/airflow/example_dags/example_latest_only_with_trigger.py
[2023-03-03T16:25:15.978+0100] {processor.py:766} INFO - DAG(s) dict_keys(['latest_only_with_trigger']) retrieved from /Users/uab910/dev/nnam-poc/pyenv/lib/python3.10/site-packages/airflow/example_dags/example_latest_only_with_trigger.py
[2023-03-03T16:25:16.146+0100] {logging_mixin.py:137} INFO - [2023-03-03T16:25:16.146+0100] {dag.py:2585} INFO - Sync 1 DAGs
[2023-03-03T16:25:16.159+0100] {logging_mixin.py:137} INFO - [2023-03-03T16:25:16.159+0100] {dag.py:3336} INFO - Setting next_dagrun for latest_only_with_trigger to 2023-03-03T11:25:16.159174+00:00, run_after=2023-03-03T15:25:16.159174+00:00
[2023-03-03T16:25:16.174+0100] {processor.py:176} INFO - Processing /Users/uab910/dev/nnam-poc/pyenv/lib/python3.10/site-packages/airflow/example_dags/example_latest_only_with_trigger.py took 0.231 seconds
[2023-03-03T16:26:30.829+0100] {processor.py:154} INFO - Started process (PID=58260) to work on /Users/uab910/dev/nnam-poc/pyenv/lib/python3.10/site-packages/airflow/example_dags/example_latest_only_with_trigger.py
[2023-03-03T16:26:30.834+0100] {processor.py:756} INFO - Processing file /Users/uab910/dev/nnam-poc/pyenv/lib/python3.10/site-packages/airflow/example_dags/example_latest_only_with_trigger.py for tasks to queue
[2023-03-03T16:26:30.834+0100] {logging_mixin.py:137} INFO - [2023-03-03T16:26:30.834+0100] {dagbag.py:537} INFO - Filling up the DagBag from /Users/uab910/dev/nnam-poc/pyenv/lib/python3.10/site-packages/airflow/example_dags/example_latest_only_with_trigger.py
[2023-03-03T16:26:30.865+0100] {processor.py:766} INFO - DAG(s) dict_keys(['latest_only_with_trigger']) retrieved from /Users/uab910/dev/nnam-poc/pyenv/lib/python3.10/site-packages/airflow/example_dags/example_latest_only_with_trigger.py
[2023-03-03T16:26:31.030+0100] {logging_mixin.py:137} INFO - [2023-03-03T16:26:31.030+0100] {dag.py:2585} INFO - Sync 1 DAGs
[2023-03-03T16:26:31.043+0100] {logging_mixin.py:137} INFO - [2023-03-03T16:26:31.042+0100] {dag.py:3336} INFO - Setting next_dagrun for latest_only_with_trigger to 2023-03-03T11:26:31.042886+00:00, run_after=2023-03-03T15:26:31.042886+00:00
[2023-03-03T16:26:31.060+0100] {processor.py:176} INFO - Processing /Users/uab910/dev/nnam-poc/pyenv/lib/python3.10/site-packages/airflow/example_dags/example_latest_only_with_trigger.py took 0.231 seconds
[2023-03-03T16:27:45.168+0100] {processor.py:154} INFO - Started process (PID=58309) to work on /Users/uab910/dev/nnam-poc/pyenv/lib/python3.10/site-packages/airflow/example_dags/example_latest_only_with_trigger.py
[2023-03-03T16:27:45.173+0100] {processor.py:756} INFO - Processing file /Users/uab910/dev/nnam-poc/pyenv/lib/python3.10/site-packages/airflow/example_dags/example_latest_only_with_trigger.py for tasks to queue
[2023-03-03T16:27:45.173+0100] {logging_mixin.py:137} INFO - [2023-03-03T16:27:45.173+0100] {dagbag.py:537} INFO - Filling up the DagBag from /Users/uab910/dev/nnam-poc/pyenv/lib/python3.10/site-packages/airflow/example_dags/example_latest_only_with_trigger.py
[2023-03-03T16:27:45.204+0100] {processor.py:766} INFO - DAG(s) dict_keys(['latest_only_with_trigger']) retrieved from /Users/uab910/dev/nnam-poc/pyenv/lib/python3.10/site-packages/airflow/example_dags/example_latest_only_with_trigger.py
[2023-03-03T16:27:45.390+0100] {logging_mixin.py:137} INFO - [2023-03-03T16:27:45.390+0100] {dag.py:2585} INFO - Sync 1 DAGs
[2023-03-03T16:27:45.404+0100] {logging_mixin.py:137} INFO - [2023-03-03T16:27:45.404+0100] {dag.py:3336} INFO - Setting next_dagrun for latest_only_with_trigger to 2023-03-03T11:27:45.404563+00:00, run_after=2023-03-03T15:27:45.404563+00:00
[2023-03-03T16:27:45.420+0100] {processor.py:176} INFO - Processing /Users/uab910/dev/nnam-poc/pyenv/lib/python3.10/site-packages/airflow/example_dags/example_latest_only_with_trigger.py took 0.253 seconds
[2023-03-03T16:29:00.656+0100] {processor.py:154} INFO - Started process (PID=58347) to work on /Users/uab910/dev/nnam-poc/pyenv/lib/python3.10/site-packages/airflow/example_dags/example_latest_only_with_trigger.py
[2023-03-03T16:29:00.661+0100] {processor.py:756} INFO - Processing file /Users/uab910/dev/nnam-poc/pyenv/lib/python3.10/site-packages/airflow/example_dags/example_latest_only_with_trigger.py for tasks to queue
[2023-03-03T16:29:00.661+0100] {logging_mixin.py:137} INFO - [2023-03-03T16:29:00.661+0100] {dagbag.py:537} INFO - Filling up the DagBag from /Users/uab910/dev/nnam-poc/pyenv/lib/python3.10/site-packages/airflow/example_dags/example_latest_only_with_trigger.py
[2023-03-03T16:29:00.690+0100] {processor.py:766} INFO - DAG(s) dict_keys(['latest_only_with_trigger']) retrieved from /Users/uab910/dev/nnam-poc/pyenv/lib/python3.10/site-packages/airflow/example_dags/example_latest_only_with_trigger.py
[2023-03-03T16:29:00.868+0100] {logging_mixin.py:137} INFO - [2023-03-03T16:29:00.868+0100] {dag.py:2585} INFO - Sync 1 DAGs
[2023-03-03T16:29:00.883+0100] {logging_mixin.py:137} INFO - [2023-03-03T16:29:00.882+0100] {dag.py:3336} INFO - Setting next_dagrun for latest_only_with_trigger to 2023-03-03T11:29:00.882797+00:00, run_after=2023-03-03T15:29:00.882797+00:00
[2023-03-03T16:29:00.899+0100] {processor.py:176} INFO - Processing /Users/uab910/dev/nnam-poc/pyenv/lib/python3.10/site-packages/airflow/example_dags/example_latest_only_with_trigger.py took 0.243 seconds
[2023-03-03T16:30:16.954+0100] {processor.py:154} INFO - Started process (PID=58393) to work on /Users/uab910/dev/nnam-poc/pyenv/lib/python3.10/site-packages/airflow/example_dags/example_latest_only_with_trigger.py
[2023-03-03T16:30:16.960+0100] {processor.py:756} INFO - Processing file /Users/uab910/dev/nnam-poc/pyenv/lib/python3.10/site-packages/airflow/example_dags/example_latest_only_with_trigger.py for tasks to queue
[2023-03-03T16:30:16.961+0100] {logging_mixin.py:137} INFO - [2023-03-03T16:30:16.961+0100] {dagbag.py:537} INFO - Filling up the DagBag from /Users/uab910/dev/nnam-poc/pyenv/lib/python3.10/site-packages/airflow/example_dags/example_latest_only_with_trigger.py
[2023-03-03T16:30:16.998+0100] {processor.py:766} INFO - DAG(s) dict_keys(['latest_only_with_trigger']) retrieved from /Users/uab910/dev/nnam-poc/pyenv/lib/python3.10/site-packages/airflow/example_dags/example_latest_only_with_trigger.py
[2023-03-03T16:30:17.205+0100] {logging_mixin.py:137} INFO - [2023-03-03T16:30:17.205+0100] {dag.py:2585} INFO - Sync 1 DAGs
[2023-03-03T16:30:17.222+0100] {logging_mixin.py:137} INFO - [2023-03-03T16:30:17.222+0100] {dag.py:3336} INFO - Setting next_dagrun for latest_only_with_trigger to 2023-03-03T11:30:17.221946+00:00, run_after=2023-03-03T15:30:17.221946+00:00
[2023-03-03T16:30:17.239+0100] {processor.py:176} INFO - Processing /Users/uab910/dev/nnam-poc/pyenv/lib/python3.10/site-packages/airflow/example_dags/example_latest_only_with_trigger.py took 0.286 seconds
[2023-03-03T16:31:32.976+0100] {processor.py:154} INFO - Started process (PID=58435) to work on /Users/uab910/dev/nnam-poc/pyenv/lib/python3.10/site-packages/airflow/example_dags/example_latest_only_with_trigger.py
[2023-03-03T16:31:32.982+0100] {processor.py:756} INFO - Processing file /Users/uab910/dev/nnam-poc/pyenv/lib/python3.10/site-packages/airflow/example_dags/example_latest_only_with_trigger.py for tasks to queue
[2023-03-03T16:31:32.982+0100] {logging_mixin.py:137} INFO - [2023-03-03T16:31:32.982+0100] {dagbag.py:537} INFO - Filling up the DagBag from /Users/uab910/dev/nnam-poc/pyenv/lib/python3.10/site-packages/airflow/example_dags/example_latest_only_with_trigger.py
[2023-03-03T16:31:33.017+0100] {processor.py:766} INFO - DAG(s) dict_keys(['latest_only_with_trigger']) retrieved from /Users/uab910/dev/nnam-poc/pyenv/lib/python3.10/site-packages/airflow/example_dags/example_latest_only_with_trigger.py
[2023-03-03T16:31:33.187+0100] {logging_mixin.py:137} INFO - [2023-03-03T16:31:33.187+0100] {dag.py:2585} INFO - Sync 1 DAGs
[2023-03-03T16:31:33.200+0100] {logging_mixin.py:137} INFO - [2023-03-03T16:31:33.200+0100] {dag.py:3336} INFO - Setting next_dagrun for latest_only_with_trigger to 2023-03-03T11:31:33.200337+00:00, run_after=2023-03-03T15:31:33.200337+00:00
[2023-03-03T16:31:33.215+0100] {processor.py:176} INFO - Processing /Users/uab910/dev/nnam-poc/pyenv/lib/python3.10/site-packages/airflow/example_dags/example_latest_only_with_trigger.py took 0.239 seconds
[2023-03-03T16:32:50.118+0100] {processor.py:154} INFO - Started process (PID=58473) to work on /Users/uab910/dev/nnam-poc/pyenv/lib/python3.10/site-packages/airflow/example_dags/example_latest_only_with_trigger.py
[2023-03-03T16:32:50.123+0100] {processor.py:756} INFO - Processing file /Users/uab910/dev/nnam-poc/pyenv/lib/python3.10/site-packages/airflow/example_dags/example_latest_only_with_trigger.py for tasks to queue
[2023-03-03T16:32:50.124+0100] {logging_mixin.py:137} INFO - [2023-03-03T16:32:50.124+0100] {dagbag.py:537} INFO - Filling up the DagBag from /Users/uab910/dev/nnam-poc/pyenv/lib/python3.10/site-packages/airflow/example_dags/example_latest_only_with_trigger.py
[2023-03-03T16:32:50.155+0100] {processor.py:766} INFO - DAG(s) dict_keys(['latest_only_with_trigger']) retrieved from /Users/uab910/dev/nnam-poc/pyenv/lib/python3.10/site-packages/airflow/example_dags/example_latest_only_with_trigger.py
[2023-03-03T16:32:50.326+0100] {logging_mixin.py:137} INFO - [2023-03-03T16:32:50.325+0100] {dag.py:2585} INFO - Sync 1 DAGs
[2023-03-03T16:32:50.340+0100] {logging_mixin.py:137} INFO - [2023-03-03T16:32:50.339+0100] {dag.py:3336} INFO - Setting next_dagrun for latest_only_with_trigger to 2023-03-03T11:32:50.339818+00:00, run_after=2023-03-03T15:32:50.339818+00:00
[2023-03-03T16:32:50.356+0100] {processor.py:176} INFO - Processing /Users/uab910/dev/nnam-poc/pyenv/lib/python3.10/site-packages/airflow/example_dags/example_latest_only_with_trigger.py took 0.239 seconds
[2023-03-03T16:34:07.315+0100] {processor.py:154} INFO - Started process (PID=58535) to work on /Users/uab910/dev/nnam-poc/pyenv/lib/python3.10/site-packages/airflow/example_dags/example_latest_only_with_trigger.py
[2023-03-03T16:34:07.321+0100] {processor.py:756} INFO - Processing file /Users/uab910/dev/nnam-poc/pyenv/lib/python3.10/site-packages/airflow/example_dags/example_latest_only_with_trigger.py for tasks to queue
[2023-03-03T16:34:07.321+0100] {logging_mixin.py:137} INFO - [2023-03-03T16:34:07.321+0100] {dagbag.py:537} INFO - Filling up the DagBag from /Users/uab910/dev/nnam-poc/pyenv/lib/python3.10/site-packages/airflow/example_dags/example_latest_only_with_trigger.py
[2023-03-03T16:34:07.357+0100] {processor.py:766} INFO - DAG(s) dict_keys(['latest_only_with_trigger']) retrieved from /Users/uab910/dev/nnam-poc/pyenv/lib/python3.10/site-packages/airflow/example_dags/example_latest_only_with_trigger.py
[2023-03-03T16:34:07.550+0100] {logging_mixin.py:137} INFO - [2023-03-03T16:34:07.550+0100] {dag.py:2585} INFO - Sync 1 DAGs
[2023-03-03T16:34:07.566+0100] {logging_mixin.py:137} INFO - [2023-03-03T16:34:07.566+0100] {dag.py:3336} INFO - Setting next_dagrun for latest_only_with_trigger to 2023-03-03T11:34:07.566097+00:00, run_after=2023-03-03T15:34:07.566097+00:00
[2023-03-03T16:34:07.583+0100] {processor.py:176} INFO - Processing /Users/uab910/dev/nnam-poc/pyenv/lib/python3.10/site-packages/airflow/example_dags/example_latest_only_with_trigger.py took 0.269 seconds
[2023-03-03T16:35:23.817+0100] {processor.py:154} INFO - Started process (PID=58579) to work on /Users/uab910/dev/nnam-poc/pyenv/lib/python3.10/site-packages/airflow/example_dags/example_latest_only_with_trigger.py
[2023-03-03T16:35:23.823+0100] {processor.py:756} INFO - Processing file /Users/uab910/dev/nnam-poc/pyenv/lib/python3.10/site-packages/airflow/example_dags/example_latest_only_with_trigger.py for tasks to queue
[2023-03-03T16:35:23.823+0100] {logging_mixin.py:137} INFO - [2023-03-03T16:35:23.823+0100] {dagbag.py:537} INFO - Filling up the DagBag from /Users/uab910/dev/nnam-poc/pyenv/lib/python3.10/site-packages/airflow/example_dags/example_latest_only_with_trigger.py
[2023-03-03T16:35:23.860+0100] {processor.py:766} INFO - DAG(s) dict_keys(['latest_only_with_trigger']) retrieved from /Users/uab910/dev/nnam-poc/pyenv/lib/python3.10/site-packages/airflow/example_dags/example_latest_only_with_trigger.py
[2023-03-03T16:35:24.041+0100] {logging_mixin.py:137} INFO - [2023-03-03T16:35:24.041+0100] {dag.py:2585} INFO - Sync 1 DAGs
[2023-03-03T16:35:24.055+0100] {logging_mixin.py:137} INFO - [2023-03-03T16:35:24.055+0100] {dag.py:3336} INFO - Setting next_dagrun for latest_only_with_trigger to 2023-03-03T11:35:24.055168+00:00, run_after=2023-03-03T15:35:24.055168+00:00
[2023-03-03T16:35:24.070+0100] {processor.py:176} INFO - Processing /Users/uab910/dev/nnam-poc/pyenv/lib/python3.10/site-packages/airflow/example_dags/example_latest_only_with_trigger.py took 0.253 seconds
[2023-03-03T16:36:40.400+0100] {processor.py:154} INFO - Started process (PID=58622) to work on /Users/uab910/dev/nnam-poc/pyenv/lib/python3.10/site-packages/airflow/example_dags/example_latest_only_with_trigger.py
[2023-03-03T16:36:40.405+0100] {processor.py:756} INFO - Processing file /Users/uab910/dev/nnam-poc/pyenv/lib/python3.10/site-packages/airflow/example_dags/example_latest_only_with_trigger.py for tasks to queue
[2023-03-03T16:36:40.406+0100] {logging_mixin.py:137} INFO - [2023-03-03T16:36:40.406+0100] {dagbag.py:537} INFO - Filling up the DagBag from /Users/uab910/dev/nnam-poc/pyenv/lib/python3.10/site-packages/airflow/example_dags/example_latest_only_with_trigger.py
[2023-03-03T16:36:40.439+0100] {processor.py:766} INFO - DAG(s) dict_keys(['latest_only_with_trigger']) retrieved from /Users/uab910/dev/nnam-poc/pyenv/lib/python3.10/site-packages/airflow/example_dags/example_latest_only_with_trigger.py
[2023-03-03T16:36:40.606+0100] {logging_mixin.py:137} INFO - [2023-03-03T16:36:40.606+0100] {dag.py:2585} INFO - Sync 1 DAGs
[2023-03-03T16:36:40.620+0100] {logging_mixin.py:137} INFO - [2023-03-03T16:36:40.620+0100] {dag.py:3336} INFO - Setting next_dagrun for latest_only_with_trigger to 2023-03-03T11:36:40.620312+00:00, run_after=2023-03-03T15:36:40.620312+00:00
[2023-03-03T16:36:40.636+0100] {processor.py:176} INFO - Processing /Users/uab910/dev/nnam-poc/pyenv/lib/python3.10/site-packages/airflow/example_dags/example_latest_only_with_trigger.py took 0.237 seconds
[2023-03-03T16:37:58.844+0100] {processor.py:154} INFO - Started process (PID=58665) to work on /Users/uab910/dev/nnam-poc/pyenv/lib/python3.10/site-packages/airflow/example_dags/example_latest_only_with_trigger.py
[2023-03-03T16:37:58.851+0100] {processor.py:756} INFO - Processing file /Users/uab910/dev/nnam-poc/pyenv/lib/python3.10/site-packages/airflow/example_dags/example_latest_only_with_trigger.py for tasks to queue
[2023-03-03T16:37:58.851+0100] {logging_mixin.py:137} INFO - [2023-03-03T16:37:58.851+0100] {dagbag.py:537} INFO - Filling up the DagBag from /Users/uab910/dev/nnam-poc/pyenv/lib/python3.10/site-packages/airflow/example_dags/example_latest_only_with_trigger.py
[2023-03-03T16:37:58.895+0100] {processor.py:766} INFO - DAG(s) dict_keys(['latest_only_with_trigger']) retrieved from /Users/uab910/dev/nnam-poc/pyenv/lib/python3.10/site-packages/airflow/example_dags/example_latest_only_with_trigger.py
[2023-03-03T16:37:59.128+0100] {logging_mixin.py:137} INFO - [2023-03-03T16:37:59.128+0100] {dag.py:2585} INFO - Sync 1 DAGs
[2023-03-03T16:37:59.145+0100] {logging_mixin.py:137} INFO - [2023-03-03T16:37:59.145+0100] {dag.py:3336} INFO - Setting next_dagrun for latest_only_with_trigger to 2023-03-03T11:37:59.145479+00:00, run_after=2023-03-03T15:37:59.145479+00:00
[2023-03-03T16:37:59.168+0100] {processor.py:176} INFO - Processing /Users/uab910/dev/nnam-poc/pyenv/lib/python3.10/site-packages/airflow/example_dags/example_latest_only_with_trigger.py took 0.324 seconds
[2023-03-03T16:39:15.368+0100] {processor.py:154} INFO - Started process (PID=58703) to work on /Users/uab910/dev/nnam-poc/pyenv/lib/python3.10/site-packages/airflow/example_dags/example_latest_only_with_trigger.py
[2023-03-03T16:39:15.374+0100] {processor.py:756} INFO - Processing file /Users/uab910/dev/nnam-poc/pyenv/lib/python3.10/site-packages/airflow/example_dags/example_latest_only_with_trigger.py for tasks to queue
[2023-03-03T16:39:15.374+0100] {logging_mixin.py:137} INFO - [2023-03-03T16:39:15.374+0100] {dagbag.py:537} INFO - Filling up the DagBag from /Users/uab910/dev/nnam-poc/pyenv/lib/python3.10/site-packages/airflow/example_dags/example_latest_only_with_trigger.py
[2023-03-03T16:39:15.406+0100] {processor.py:766} INFO - DAG(s) dict_keys(['latest_only_with_trigger']) retrieved from /Users/uab910/dev/nnam-poc/pyenv/lib/python3.10/site-packages/airflow/example_dags/example_latest_only_with_trigger.py
[2023-03-03T16:39:15.584+0100] {logging_mixin.py:137} INFO - [2023-03-03T16:39:15.584+0100] {dag.py:2585} INFO - Sync 1 DAGs
[2023-03-03T16:39:15.600+0100] {logging_mixin.py:137} INFO - [2023-03-03T16:39:15.600+0100] {dag.py:3336} INFO - Setting next_dagrun for latest_only_with_trigger to 2023-03-03T11:39:15.600670+00:00, run_after=2023-03-03T15:39:15.600670+00:00
[2023-03-03T16:39:15.619+0100] {processor.py:176} INFO - Processing /Users/uab910/dev/nnam-poc/pyenv/lib/python3.10/site-packages/airflow/example_dags/example_latest_only_with_trigger.py took 0.252 seconds
[2023-03-03T16:40:52.405+0100] {processor.py:154} INFO - Started process (PID=58762) to work on /Users/uab910/dev/nnam-poc/pyenv/lib/python3.10/site-packages/airflow/example_dags/example_latest_only_with_trigger.py
[2023-03-03T16:40:52.410+0100] {processor.py:756} INFO - Processing file /Users/uab910/dev/nnam-poc/pyenv/lib/python3.10/site-packages/airflow/example_dags/example_latest_only_with_trigger.py for tasks to queue
[2023-03-03T16:40:52.411+0100] {logging_mixin.py:137} INFO - [2023-03-03T16:40:52.410+0100] {dagbag.py:537} INFO - Filling up the DagBag from /Users/uab910/dev/nnam-poc/pyenv/lib/python3.10/site-packages/airflow/example_dags/example_latest_only_with_trigger.py
[2023-03-03T16:40:52.444+0100] {processor.py:766} INFO - DAG(s) dict_keys(['latest_only_with_trigger']) retrieved from /Users/uab910/dev/nnam-poc/pyenv/lib/python3.10/site-packages/airflow/example_dags/example_latest_only_with_trigger.py
[2023-03-03T16:40:52.627+0100] {logging_mixin.py:137} INFO - [2023-03-03T16:40:52.627+0100] {dag.py:2585} INFO - Sync 1 DAGs
[2023-03-03T16:40:52.644+0100] {logging_mixin.py:137} INFO - [2023-03-03T16:40:52.644+0100] {dag.py:3336} INFO - Setting next_dagrun for latest_only_with_trigger to 2023-03-03T11:40:52.643958+00:00, run_after=2023-03-03T15:40:52.643958+00:00
[2023-03-03T16:40:52.662+0100] {processor.py:176} INFO - Processing /Users/uab910/dev/nnam-poc/pyenv/lib/python3.10/site-packages/airflow/example_dags/example_latest_only_with_trigger.py took 0.258 seconds
[2023-03-03T16:42:22.834+0100] {processor.py:154} INFO - Started process (PID=58806) to work on /Users/uab910/dev/nnam-poc/pyenv/lib/python3.10/site-packages/airflow/example_dags/example_latest_only_with_trigger.py
[2023-03-03T16:42:22.840+0100] {processor.py:756} INFO - Processing file /Users/uab910/dev/nnam-poc/pyenv/lib/python3.10/site-packages/airflow/example_dags/example_latest_only_with_trigger.py for tasks to queue
[2023-03-03T16:42:22.841+0100] {logging_mixin.py:137} INFO - [2023-03-03T16:42:22.841+0100] {dagbag.py:537} INFO - Filling up the DagBag from /Users/uab910/dev/nnam-poc/pyenv/lib/python3.10/site-packages/airflow/example_dags/example_latest_only_with_trigger.py
[2023-03-03T16:42:22.874+0100] {processor.py:766} INFO - DAG(s) dict_keys(['latest_only_with_trigger']) retrieved from /Users/uab910/dev/nnam-poc/pyenv/lib/python3.10/site-packages/airflow/example_dags/example_latest_only_with_trigger.py
[2023-03-03T16:42:23.067+0100] {logging_mixin.py:137} INFO - [2023-03-03T16:42:23.067+0100] {dag.py:2585} INFO - Sync 1 DAGs
[2023-03-03T16:42:23.085+0100] {logging_mixin.py:137} INFO - [2023-03-03T16:42:23.084+0100] {dag.py:3336} INFO - Setting next_dagrun for latest_only_with_trigger to 2023-03-03T11:42:23.084832+00:00, run_after=2023-03-03T15:42:23.084832+00:00
[2023-03-03T16:42:23.103+0100] {processor.py:176} INFO - Processing /Users/uab910/dev/nnam-poc/pyenv/lib/python3.10/site-packages/airflow/example_dags/example_latest_only_with_trigger.py took 0.270 seconds
[2023-03-03T16:43:56.365+0100] {processor.py:154} INFO - Started process (PID=58883) to work on /Users/uab910/dev/nnam-poc/pyenv/lib/python3.10/site-packages/airflow/example_dags/example_latest_only_with_trigger.py
[2023-03-03T16:43:56.370+0100] {processor.py:756} INFO - Processing file /Users/uab910/dev/nnam-poc/pyenv/lib/python3.10/site-packages/airflow/example_dags/example_latest_only_with_trigger.py for tasks to queue
[2023-03-03T16:43:56.371+0100] {logging_mixin.py:137} INFO - [2023-03-03T16:43:56.371+0100] {dagbag.py:537} INFO - Filling up the DagBag from /Users/uab910/dev/nnam-poc/pyenv/lib/python3.10/site-packages/airflow/example_dags/example_latest_only_with_trigger.py
[2023-03-03T16:43:56.407+0100] {processor.py:766} INFO - DAG(s) dict_keys(['latest_only_with_trigger']) retrieved from /Users/uab910/dev/nnam-poc/pyenv/lib/python3.10/site-packages/airflow/example_dags/example_latest_only_with_trigger.py
[2023-03-03T16:43:56.610+0100] {logging_mixin.py:137} INFO - [2023-03-03T16:43:56.610+0100] {dag.py:2585} INFO - Sync 1 DAGs
[2023-03-03T16:43:56.623+0100] {logging_mixin.py:137} INFO - [2023-03-03T16:43:56.623+0100] {dag.py:3336} INFO - Setting next_dagrun for latest_only_with_trigger to 2023-03-03T11:43:56.623710+00:00, run_after=2023-03-03T15:43:56.623710+00:00
[2023-03-03T16:43:56.639+0100] {processor.py:176} INFO - Processing /Users/uab910/dev/nnam-poc/pyenv/lib/python3.10/site-packages/airflow/example_dags/example_latest_only_with_trigger.py took 0.275 seconds
[2023-03-03T16:45:31.641+0100] {processor.py:154} INFO - Started process (PID=58937) to work on /Users/uab910/dev/nnam-poc/pyenv/lib/python3.10/site-packages/airflow/example_dags/example_latest_only_with_trigger.py
[2023-03-03T16:45:31.647+0100] {processor.py:756} INFO - Processing file /Users/uab910/dev/nnam-poc/pyenv/lib/python3.10/site-packages/airflow/example_dags/example_latest_only_with_trigger.py for tasks to queue
[2023-03-03T16:45:31.648+0100] {logging_mixin.py:137} INFO - [2023-03-03T16:45:31.648+0100] {dagbag.py:537} INFO - Filling up the DagBag from /Users/uab910/dev/nnam-poc/pyenv/lib/python3.10/site-packages/airflow/example_dags/example_latest_only_with_trigger.py
[2023-03-03T16:45:31.686+0100] {processor.py:766} INFO - DAG(s) dict_keys(['latest_only_with_trigger']) retrieved from /Users/uab910/dev/nnam-poc/pyenv/lib/python3.10/site-packages/airflow/example_dags/example_latest_only_with_trigger.py
[2023-03-03T16:45:31.866+0100] {logging_mixin.py:137} INFO - [2023-03-03T16:45:31.865+0100] {dag.py:2585} INFO - Sync 1 DAGs
[2023-03-03T16:45:31.881+0100] {logging_mixin.py:137} INFO - [2023-03-03T16:45:31.881+0100] {dag.py:3336} INFO - Setting next_dagrun for latest_only_with_trigger to 2023-03-03T11:45:31.881438+00:00, run_after=2023-03-03T15:45:31.881438+00:00
[2023-03-03T16:45:31.898+0100] {processor.py:176} INFO - Processing /Users/uab910/dev/nnam-poc/pyenv/lib/python3.10/site-packages/airflow/example_dags/example_latest_only_with_trigger.py took 0.258 seconds
[2023-03-03T16:47:05.467+0100] {processor.py:154} INFO - Started process (PID=59009) to work on /Users/uab910/dev/nnam-poc/pyenv/lib/python3.10/site-packages/airflow/example_dags/example_latest_only_with_trigger.py
[2023-03-03T16:47:05.473+0100] {processor.py:756} INFO - Processing file /Users/uab910/dev/nnam-poc/pyenv/lib/python3.10/site-packages/airflow/example_dags/example_latest_only_with_trigger.py for tasks to queue
[2023-03-03T16:47:05.474+0100] {logging_mixin.py:137} INFO - [2023-03-03T16:47:05.474+0100] {dagbag.py:537} INFO - Filling up the DagBag from /Users/uab910/dev/nnam-poc/pyenv/lib/python3.10/site-packages/airflow/example_dags/example_latest_only_with_trigger.py
[2023-03-03T16:47:05.509+0100] {processor.py:766} INFO - DAG(s) dict_keys(['latest_only_with_trigger']) retrieved from /Users/uab910/dev/nnam-poc/pyenv/lib/python3.10/site-packages/airflow/example_dags/example_latest_only_with_trigger.py
[2023-03-03T16:47:05.686+0100] {logging_mixin.py:137} INFO - [2023-03-03T16:47:05.686+0100] {dag.py:2585} INFO - Sync 1 DAGs
[2023-03-03T16:47:05.701+0100] {logging_mixin.py:137} INFO - [2023-03-03T16:47:05.701+0100] {dag.py:3336} INFO - Setting next_dagrun for latest_only_with_trigger to 2023-03-03T11:47:05.701223+00:00, run_after=2023-03-03T15:47:05.701223+00:00
[2023-03-03T16:47:05.718+0100] {processor.py:176} INFO - Processing /Users/uab910/dev/nnam-poc/pyenv/lib/python3.10/site-packages/airflow/example_dags/example_latest_only_with_trigger.py took 0.251 seconds
[2023-03-03T16:48:36.157+0100] {processor.py:154} INFO - Started process (PID=59062) to work on /Users/uab910/dev/nnam-poc/pyenv/lib/python3.10/site-packages/airflow/example_dags/example_latest_only_with_trigger.py
[2023-03-03T16:48:36.164+0100] {processor.py:756} INFO - Processing file /Users/uab910/dev/nnam-poc/pyenv/lib/python3.10/site-packages/airflow/example_dags/example_latest_only_with_trigger.py for tasks to queue
[2023-03-03T16:48:36.164+0100] {logging_mixin.py:137} INFO - [2023-03-03T16:48:36.164+0100] {dagbag.py:537} INFO - Filling up the DagBag from /Users/uab910/dev/nnam-poc/pyenv/lib/python3.10/site-packages/airflow/example_dags/example_latest_only_with_trigger.py
[2023-03-03T16:48:36.200+0100] {processor.py:766} INFO - DAG(s) dict_keys(['latest_only_with_trigger']) retrieved from /Users/uab910/dev/nnam-poc/pyenv/lib/python3.10/site-packages/airflow/example_dags/example_latest_only_with_trigger.py
[2023-03-03T16:48:36.412+0100] {logging_mixin.py:137} INFO - [2023-03-03T16:48:36.412+0100] {dag.py:2585} INFO - Sync 1 DAGs
[2023-03-03T16:48:36.429+0100] {logging_mixin.py:137} INFO - [2023-03-03T16:48:36.429+0100] {dag.py:3336} INFO - Setting next_dagrun for latest_only_with_trigger to 2023-03-03T11:48:36.429404+00:00, run_after=2023-03-03T15:48:36.429404+00:00
[2023-03-03T16:48:36.448+0100] {processor.py:176} INFO - Processing /Users/uab910/dev/nnam-poc/pyenv/lib/python3.10/site-packages/airflow/example_dags/example_latest_only_with_trigger.py took 0.292 seconds
[2023-03-03T16:50:10.569+0100] {processor.py:154} INFO - Started process (PID=59119) to work on /Users/uab910/dev/nnam-poc/pyenv/lib/python3.10/site-packages/airflow/example_dags/example_latest_only_with_trigger.py
[2023-03-03T16:50:10.573+0100] {processor.py:756} INFO - Processing file /Users/uab910/dev/nnam-poc/pyenv/lib/python3.10/site-packages/airflow/example_dags/example_latest_only_with_trigger.py for tasks to queue
[2023-03-03T16:50:10.574+0100] {logging_mixin.py:137} INFO - [2023-03-03T16:50:10.574+0100] {dagbag.py:537} INFO - Filling up the DagBag from /Users/uab910/dev/nnam-poc/pyenv/lib/python3.10/site-packages/airflow/example_dags/example_latest_only_with_trigger.py
[2023-03-03T16:50:10.602+0100] {processor.py:766} INFO - DAG(s) dict_keys(['latest_only_with_trigger']) retrieved from /Users/uab910/dev/nnam-poc/pyenv/lib/python3.10/site-packages/airflow/example_dags/example_latest_only_with_trigger.py
[2023-03-03T16:50:10.774+0100] {logging_mixin.py:137} INFO - [2023-03-03T16:50:10.773+0100] {dag.py:2585} INFO - Sync 1 DAGs
[2023-03-03T16:50:10.786+0100] {logging_mixin.py:137} INFO - [2023-03-03T16:50:10.786+0100] {dag.py:3336} INFO - Setting next_dagrun for latest_only_with_trigger to 2023-03-03T11:50:10.785985+00:00, run_after=2023-03-03T15:50:10.785985+00:00
[2023-03-03T16:50:10.800+0100] {processor.py:176} INFO - Processing /Users/uab910/dev/nnam-poc/pyenv/lib/python3.10/site-packages/airflow/example_dags/example_latest_only_with_trigger.py took 0.232 seconds
[2023-03-03T16:51:43.696+0100] {processor.py:154} INFO - Started process (PID=59181) to work on /Users/uab910/dev/nnam-poc/pyenv/lib/python3.10/site-packages/airflow/example_dags/example_latest_only_with_trigger.py
[2023-03-03T16:51:43.701+0100] {processor.py:756} INFO - Processing file /Users/uab910/dev/nnam-poc/pyenv/lib/python3.10/site-packages/airflow/example_dags/example_latest_only_with_trigger.py for tasks to queue
[2023-03-03T16:51:43.701+0100] {logging_mixin.py:137} INFO - [2023-03-03T16:51:43.701+0100] {dagbag.py:537} INFO - Filling up the DagBag from /Users/uab910/dev/nnam-poc/pyenv/lib/python3.10/site-packages/airflow/example_dags/example_latest_only_with_trigger.py
[2023-03-03T16:51:43.731+0100] {processor.py:766} INFO - DAG(s) dict_keys(['latest_only_with_trigger']) retrieved from /Users/uab910/dev/nnam-poc/pyenv/lib/python3.10/site-packages/airflow/example_dags/example_latest_only_with_trigger.py
[2023-03-03T16:51:43.932+0100] {logging_mixin.py:137} INFO - [2023-03-03T16:51:43.932+0100] {dag.py:2585} INFO - Sync 1 DAGs
[2023-03-03T16:51:43.947+0100] {logging_mixin.py:137} INFO - [2023-03-03T16:51:43.947+0100] {dag.py:3336} INFO - Setting next_dagrun for latest_only_with_trigger to 2023-03-03T11:51:43.947454+00:00, run_after=2023-03-03T15:51:43.947454+00:00
[2023-03-03T16:51:43.964+0100] {processor.py:176} INFO - Processing /Users/uab910/dev/nnam-poc/pyenv/lib/python3.10/site-packages/airflow/example_dags/example_latest_only_with_trigger.py took 0.269 seconds
[2023-03-03T16:53:14.355+0100] {processor.py:154} INFO - Started process (PID=59229) to work on /Users/uab910/dev/nnam-poc/pyenv/lib/python3.10/site-packages/airflow/example_dags/example_latest_only_with_trigger.py
[2023-03-03T16:53:14.361+0100] {processor.py:756} INFO - Processing file /Users/uab910/dev/nnam-poc/pyenv/lib/python3.10/site-packages/airflow/example_dags/example_latest_only_with_trigger.py for tasks to queue
[2023-03-03T16:53:14.361+0100] {logging_mixin.py:137} INFO - [2023-03-03T16:53:14.361+0100] {dagbag.py:537} INFO - Filling up the DagBag from /Users/uab910/dev/nnam-poc/pyenv/lib/python3.10/site-packages/airflow/example_dags/example_latest_only_with_trigger.py
[2023-03-03T16:53:14.397+0100] {processor.py:766} INFO - DAG(s) dict_keys(['latest_only_with_trigger']) retrieved from /Users/uab910/dev/nnam-poc/pyenv/lib/python3.10/site-packages/airflow/example_dags/example_latest_only_with_trigger.py
[2023-03-03T16:53:14.571+0100] {logging_mixin.py:137} INFO - [2023-03-03T16:53:14.571+0100] {dag.py:2585} INFO - Sync 1 DAGs
[2023-03-03T16:53:14.586+0100] {logging_mixin.py:137} INFO - [2023-03-03T16:53:14.585+0100] {dag.py:3336} INFO - Setting next_dagrun for latest_only_with_trigger to 2023-03-03T11:53:14.585804+00:00, run_after=2023-03-03T15:53:14.585804+00:00
[2023-03-03T16:53:14.602+0100] {processor.py:176} INFO - Processing /Users/uab910/dev/nnam-poc/pyenv/lib/python3.10/site-packages/airflow/example_dags/example_latest_only_with_trigger.py took 0.248 seconds
[2023-03-03T16:54:42.031+0100] {processor.py:154} INFO - Started process (PID=59288) to work on /Users/uab910/dev/nnam-poc/pyenv/lib/python3.10/site-packages/airflow/example_dags/example_latest_only_with_trigger.py
[2023-03-03T16:54:42.036+0100] {processor.py:756} INFO - Processing file /Users/uab910/dev/nnam-poc/pyenv/lib/python3.10/site-packages/airflow/example_dags/example_latest_only_with_trigger.py for tasks to queue
[2023-03-03T16:54:42.037+0100] {logging_mixin.py:137} INFO - [2023-03-03T16:54:42.037+0100] {dagbag.py:537} INFO - Filling up the DagBag from /Users/uab910/dev/nnam-poc/pyenv/lib/python3.10/site-packages/airflow/example_dags/example_latest_only_with_trigger.py
[2023-03-03T16:54:42.068+0100] {processor.py:766} INFO - DAG(s) dict_keys(['latest_only_with_trigger']) retrieved from /Users/uab910/dev/nnam-poc/pyenv/lib/python3.10/site-packages/airflow/example_dags/example_latest_only_with_trigger.py
[2023-03-03T16:54:42.242+0100] {logging_mixin.py:137} INFO - [2023-03-03T16:54:42.241+0100] {dag.py:2585} INFO - Sync 1 DAGs
[2023-03-03T16:54:42.254+0100] {logging_mixin.py:137} INFO - [2023-03-03T16:54:42.254+0100] {dag.py:3336} INFO - Setting next_dagrun for latest_only_with_trigger to 2023-03-03T11:54:42.254386+00:00, run_after=2023-03-03T15:54:42.254386+00:00
[2023-03-03T16:54:42.269+0100] {processor.py:176} INFO - Processing /Users/uab910/dev/nnam-poc/pyenv/lib/python3.10/site-packages/airflow/example_dags/example_latest_only_with_trigger.py took 0.239 seconds
[2023-03-03T16:56:17.905+0100] {processor.py:154} INFO - Started process (PID=59338) to work on /Users/uab910/dev/nnam-poc/pyenv/lib/python3.10/site-packages/airflow/example_dags/example_latest_only_with_trigger.py
[2023-03-03T16:56:17.911+0100] {processor.py:756} INFO - Processing file /Users/uab910/dev/nnam-poc/pyenv/lib/python3.10/site-packages/airflow/example_dags/example_latest_only_with_trigger.py for tasks to queue
[2023-03-03T16:56:17.911+0100] {logging_mixin.py:137} INFO - [2023-03-03T16:56:17.911+0100] {dagbag.py:537} INFO - Filling up the DagBag from /Users/uab910/dev/nnam-poc/pyenv/lib/python3.10/site-packages/airflow/example_dags/example_latest_only_with_trigger.py
[2023-03-03T16:56:17.946+0100] {processor.py:766} INFO - DAG(s) dict_keys(['latest_only_with_trigger']) retrieved from /Users/uab910/dev/nnam-poc/pyenv/lib/python3.10/site-packages/airflow/example_dags/example_latest_only_with_trigger.py
[2023-03-03T16:56:18.147+0100] {logging_mixin.py:137} INFO - [2023-03-03T16:56:18.147+0100] {dag.py:2585} INFO - Sync 1 DAGs
[2023-03-03T16:56:18.164+0100] {logging_mixin.py:137} INFO - [2023-03-03T16:56:18.164+0100] {dag.py:3336} INFO - Setting next_dagrun for latest_only_with_trigger to 2023-03-03T11:56:18.164250+00:00, run_after=2023-03-03T15:56:18.164250+00:00
[2023-03-03T16:56:18.182+0100] {processor.py:176} INFO - Processing /Users/uab910/dev/nnam-poc/pyenv/lib/python3.10/site-packages/airflow/example_dags/example_latest_only_with_trigger.py took 0.278 seconds
[2023-03-03T16:57:49.920+0100] {processor.py:154} INFO - Started process (PID=59390) to work on /Users/uab910/dev/nnam-poc/pyenv/lib/python3.10/site-packages/airflow/example_dags/example_latest_only_with_trigger.py
[2023-03-03T16:57:49.925+0100] {processor.py:756} INFO - Processing file /Users/uab910/dev/nnam-poc/pyenv/lib/python3.10/site-packages/airflow/example_dags/example_latest_only_with_trigger.py for tasks to queue
[2023-03-03T16:57:49.926+0100] {logging_mixin.py:137} INFO - [2023-03-03T16:57:49.926+0100] {dagbag.py:537} INFO - Filling up the DagBag from /Users/uab910/dev/nnam-poc/pyenv/lib/python3.10/site-packages/airflow/example_dags/example_latest_only_with_trigger.py
[2023-03-03T16:57:49.956+0100] {processor.py:766} INFO - DAG(s) dict_keys(['latest_only_with_trigger']) retrieved from /Users/uab910/dev/nnam-poc/pyenv/lib/python3.10/site-packages/airflow/example_dags/example_latest_only_with_trigger.py
[2023-03-03T16:57:50.132+0100] {logging_mixin.py:137} INFO - [2023-03-03T16:57:50.132+0100] {dag.py:2585} INFO - Sync 1 DAGs
[2023-03-03T16:57:50.146+0100] {logging_mixin.py:137} INFO - [2023-03-03T16:57:50.146+0100] {dag.py:3336} INFO - Setting next_dagrun for latest_only_with_trigger to 2023-03-03T11:57:50.146115+00:00, run_after=2023-03-03T15:57:50.146115+00:00
[2023-03-03T16:57:50.161+0100] {processor.py:176} INFO - Processing /Users/uab910/dev/nnam-poc/pyenv/lib/python3.10/site-packages/airflow/example_dags/example_latest_only_with_trigger.py took 0.242 seconds
[2023-03-03T16:59:24.448+0100] {processor.py:154} INFO - Started process (PID=59435) to work on /Users/uab910/dev/nnam-poc/pyenv/lib/python3.10/site-packages/airflow/example_dags/example_latest_only_with_trigger.py
[2023-03-03T16:59:24.454+0100] {processor.py:756} INFO - Processing file /Users/uab910/dev/nnam-poc/pyenv/lib/python3.10/site-packages/airflow/example_dags/example_latest_only_with_trigger.py for tasks to queue
[2023-03-03T16:59:24.455+0100] {logging_mixin.py:137} INFO - [2023-03-03T16:59:24.455+0100] {dagbag.py:537} INFO - Filling up the DagBag from /Users/uab910/dev/nnam-poc/pyenv/lib/python3.10/site-packages/airflow/example_dags/example_latest_only_with_trigger.py
[2023-03-03T16:59:24.494+0100] {processor.py:766} INFO - DAG(s) dict_keys(['latest_only_with_trigger']) retrieved from /Users/uab910/dev/nnam-poc/pyenv/lib/python3.10/site-packages/airflow/example_dags/example_latest_only_with_trigger.py
[2023-03-03T16:59:24.683+0100] {logging_mixin.py:137} INFO - [2023-03-03T16:59:24.683+0100] {dag.py:2585} INFO - Sync 1 DAGs
[2023-03-03T16:59:24.697+0100] {logging_mixin.py:137} INFO - [2023-03-03T16:59:24.697+0100] {dag.py:3336} INFO - Setting next_dagrun for latest_only_with_trigger to 2023-03-03T11:59:24.697227+00:00, run_after=2023-03-03T15:59:24.697227+00:00
[2023-03-03T16:59:24.713+0100] {processor.py:176} INFO - Processing /Users/uab910/dev/nnam-poc/pyenv/lib/python3.10/site-packages/airflow/example_dags/example_latest_only_with_trigger.py took 0.266 seconds
[2023-03-03T17:00:57.024+0100] {processor.py:154} INFO - Started process (PID=59483) to work on /Users/uab910/dev/nnam-poc/pyenv/lib/python3.10/site-packages/airflow/example_dags/example_latest_only_with_trigger.py
[2023-03-03T17:00:57.030+0100] {processor.py:756} INFO - Processing file /Users/uab910/dev/nnam-poc/pyenv/lib/python3.10/site-packages/airflow/example_dags/example_latest_only_with_trigger.py for tasks to queue
[2023-03-03T17:00:57.030+0100] {logging_mixin.py:137} INFO - [2023-03-03T17:00:57.030+0100] {dagbag.py:537} INFO - Filling up the DagBag from /Users/uab910/dev/nnam-poc/pyenv/lib/python3.10/site-packages/airflow/example_dags/example_latest_only_with_trigger.py
[2023-03-03T17:00:57.063+0100] {processor.py:766} INFO - DAG(s) dict_keys(['latest_only_with_trigger']) retrieved from /Users/uab910/dev/nnam-poc/pyenv/lib/python3.10/site-packages/airflow/example_dags/example_latest_only_with_trigger.py
[2023-03-03T17:00:57.258+0100] {logging_mixin.py:137} INFO - [2023-03-03T17:00:57.258+0100] {dag.py:2585} INFO - Sync 1 DAGs
[2023-03-03T17:00:57.274+0100] {logging_mixin.py:137} INFO - [2023-03-03T17:00:57.274+0100] {dag.py:3336} INFO - Setting next_dagrun for latest_only_with_trigger to 2023-03-03T12:00:57.274447+00:00, run_after=2023-03-03T16:00:57.274447+00:00
[2023-03-03T17:00:57.291+0100] {processor.py:176} INFO - Processing /Users/uab910/dev/nnam-poc/pyenv/lib/python3.10/site-packages/airflow/example_dags/example_latest_only_with_trigger.py took 0.268 seconds
[2023-03-03T17:02:29.990+0100] {processor.py:154} INFO - Started process (PID=59532) to work on /Users/uab910/dev/nnam-poc/pyenv/lib/python3.10/site-packages/airflow/example_dags/example_latest_only_with_trigger.py
[2023-03-03T17:02:29.997+0100] {processor.py:756} INFO - Processing file /Users/uab910/dev/nnam-poc/pyenv/lib/python3.10/site-packages/airflow/example_dags/example_latest_only_with_trigger.py for tasks to queue
[2023-03-03T17:02:29.997+0100] {logging_mixin.py:137} INFO - [2023-03-03T17:02:29.997+0100] {dagbag.py:537} INFO - Filling up the DagBag from /Users/uab910/dev/nnam-poc/pyenv/lib/python3.10/site-packages/airflow/example_dags/example_latest_only_with_trigger.py
[2023-03-03T17:02:30.034+0100] {processor.py:766} INFO - DAG(s) dict_keys(['latest_only_with_trigger']) retrieved from /Users/uab910/dev/nnam-poc/pyenv/lib/python3.10/site-packages/airflow/example_dags/example_latest_only_with_trigger.py
[2023-03-03T17:02:30.219+0100] {logging_mixin.py:137} INFO - [2023-03-03T17:02:30.218+0100] {dag.py:2585} INFO - Sync 1 DAGs
[2023-03-03T17:02:30.232+0100] {logging_mixin.py:137} INFO - [2023-03-03T17:02:30.232+0100] {dag.py:3336} INFO - Setting next_dagrun for latest_only_with_trigger to 2023-03-03T12:02:30.232178+00:00, run_after=2023-03-03T16:02:30.232178+00:00
[2023-03-03T17:02:30.246+0100] {processor.py:176} INFO - Processing /Users/uab910/dev/nnam-poc/pyenv/lib/python3.10/site-packages/airflow/example_dags/example_latest_only_with_trigger.py took 0.256 seconds
[2023-03-03T17:04:01.482+0100] {processor.py:154} INFO - Started process (PID=59597) to work on /Users/uab910/dev/nnam-poc/pyenv/lib/python3.10/site-packages/airflow/example_dags/example_latest_only_with_trigger.py
[2023-03-03T17:04:01.488+0100] {processor.py:756} INFO - Processing file /Users/uab910/dev/nnam-poc/pyenv/lib/python3.10/site-packages/airflow/example_dags/example_latest_only_with_trigger.py for tasks to queue
[2023-03-03T17:04:01.488+0100] {logging_mixin.py:137} INFO - [2023-03-03T17:04:01.488+0100] {dagbag.py:537} INFO - Filling up the DagBag from /Users/uab910/dev/nnam-poc/pyenv/lib/python3.10/site-packages/airflow/example_dags/example_latest_only_with_trigger.py
[2023-03-03T17:04:01.519+0100] {processor.py:766} INFO - DAG(s) dict_keys(['latest_only_with_trigger']) retrieved from /Users/uab910/dev/nnam-poc/pyenv/lib/python3.10/site-packages/airflow/example_dags/example_latest_only_with_trigger.py
[2023-03-03T17:04:01.712+0100] {logging_mixin.py:137} INFO - [2023-03-03T17:04:01.712+0100] {dag.py:2585} INFO - Sync 1 DAGs
[2023-03-03T17:04:01.728+0100] {logging_mixin.py:137} INFO - [2023-03-03T17:04:01.727+0100] {dag.py:3336} INFO - Setting next_dagrun for latest_only_with_trigger to 2023-03-03T12:04:01.727798+00:00, run_after=2023-03-03T16:04:01.727798+00:00
[2023-03-03T17:04:01.745+0100] {processor.py:176} INFO - Processing /Users/uab910/dev/nnam-poc/pyenv/lib/python3.10/site-packages/airflow/example_dags/example_latest_only_with_trigger.py took 0.263 seconds
[2023-03-03T17:05:30.744+0100] {processor.py:154} INFO - Started process (PID=59644) to work on /Users/uab910/dev/nnam-poc/pyenv/lib/python3.10/site-packages/airflow/example_dags/example_latest_only_with_trigger.py
[2023-03-03T17:05:30.749+0100] {processor.py:756} INFO - Processing file /Users/uab910/dev/nnam-poc/pyenv/lib/python3.10/site-packages/airflow/example_dags/example_latest_only_with_trigger.py for tasks to queue
[2023-03-03T17:05:30.750+0100] {logging_mixin.py:137} INFO - [2023-03-03T17:05:30.750+0100] {dagbag.py:537} INFO - Filling up the DagBag from /Users/uab910/dev/nnam-poc/pyenv/lib/python3.10/site-packages/airflow/example_dags/example_latest_only_with_trigger.py
[2023-03-03T17:05:30.780+0100] {processor.py:766} INFO - DAG(s) dict_keys(['latest_only_with_trigger']) retrieved from /Users/uab910/dev/nnam-poc/pyenv/lib/python3.10/site-packages/airflow/example_dags/example_latest_only_with_trigger.py
[2023-03-03T17:05:30.958+0100] {logging_mixin.py:137} INFO - [2023-03-03T17:05:30.958+0100] {dag.py:2585} INFO - Sync 1 DAGs
[2023-03-03T17:05:30.971+0100] {logging_mixin.py:137} INFO - [2023-03-03T17:05:30.971+0100] {dag.py:3336} INFO - Setting next_dagrun for latest_only_with_trigger to 2023-03-03T12:05:30.971688+00:00, run_after=2023-03-03T16:05:30.971688+00:00
[2023-03-03T17:05:30.986+0100] {processor.py:176} INFO - Processing /Users/uab910/dev/nnam-poc/pyenv/lib/python3.10/site-packages/airflow/example_dags/example_latest_only_with_trigger.py took 0.243 seconds
[2023-03-03T17:07:06.518+0100] {processor.py:154} INFO - Started process (PID=59700) to work on /Users/uab910/dev/nnam-poc/pyenv/lib/python3.10/site-packages/airflow/example_dags/example_latest_only_with_trigger.py
[2023-03-03T17:07:06.523+0100] {processor.py:756} INFO - Processing file /Users/uab910/dev/nnam-poc/pyenv/lib/python3.10/site-packages/airflow/example_dags/example_latest_only_with_trigger.py for tasks to queue
[2023-03-03T17:07:06.524+0100] {logging_mixin.py:137} INFO - [2023-03-03T17:07:06.524+0100] {dagbag.py:537} INFO - Filling up the DagBag from /Users/uab910/dev/nnam-poc/pyenv/lib/python3.10/site-packages/airflow/example_dags/example_latest_only_with_trigger.py
[2023-03-03T17:07:06.571+0100] {processor.py:766} INFO - DAG(s) dict_keys(['latest_only_with_trigger']) retrieved from /Users/uab910/dev/nnam-poc/pyenv/lib/python3.10/site-packages/airflow/example_dags/example_latest_only_with_trigger.py
[2023-03-03T17:07:06.740+0100] {logging_mixin.py:137} INFO - [2023-03-03T17:07:06.740+0100] {dag.py:2585} INFO - Sync 1 DAGs
[2023-03-03T17:07:06.753+0100] {logging_mixin.py:137} INFO - [2023-03-03T17:07:06.753+0100] {dag.py:3336} INFO - Setting next_dagrun for latest_only_with_trigger to 2023-03-03T12:07:06.753413+00:00, run_after=2023-03-03T16:07:06.753413+00:00
[2023-03-03T17:07:06.770+0100] {processor.py:176} INFO - Processing /Users/uab910/dev/nnam-poc/pyenv/lib/python3.10/site-packages/airflow/example_dags/example_latest_only_with_trigger.py took 0.253 seconds
[2023-03-03T17:08:48.197+0100] {processor.py:154} INFO - Started process (PID=59764) to work on /Users/uab910/dev/nnam-poc/pyenv/lib/python3.10/site-packages/airflow/example_dags/example_latest_only_with_trigger.py
[2023-03-03T17:08:48.204+0100] {processor.py:756} INFO - Processing file /Users/uab910/dev/nnam-poc/pyenv/lib/python3.10/site-packages/airflow/example_dags/example_latest_only_with_trigger.py for tasks to queue
[2023-03-03T17:08:48.204+0100] {logging_mixin.py:137} INFO - [2023-03-03T17:08:48.204+0100] {dagbag.py:537} INFO - Filling up the DagBag from /Users/uab910/dev/nnam-poc/pyenv/lib/python3.10/site-packages/airflow/example_dags/example_latest_only_with_trigger.py
[2023-03-03T17:08:48.241+0100] {processor.py:766} INFO - DAG(s) dict_keys(['latest_only_with_trigger']) retrieved from /Users/uab910/dev/nnam-poc/pyenv/lib/python3.10/site-packages/airflow/example_dags/example_latest_only_with_trigger.py
[2023-03-03T17:08:48.434+0100] {logging_mixin.py:137} INFO - [2023-03-03T17:08:48.434+0100] {dag.py:2585} INFO - Sync 1 DAGs
[2023-03-03T17:08:48.450+0100] {logging_mixin.py:137} INFO - [2023-03-03T17:08:48.450+0100] {dag.py:3336} INFO - Setting next_dagrun for latest_only_with_trigger to 2023-03-03T12:08:48.450050+00:00, run_after=2023-03-03T16:08:48.450050+00:00
[2023-03-03T17:08:48.465+0100] {processor.py:176} INFO - Processing /Users/uab910/dev/nnam-poc/pyenv/lib/python3.10/site-packages/airflow/example_dags/example_latest_only_with_trigger.py took 0.269 seconds
[2023-03-03T17:10:16.921+0100] {processor.py:154} INFO - Started process (PID=59812) to work on /Users/uab910/dev/nnam-poc/pyenv/lib/python3.10/site-packages/airflow/example_dags/example_latest_only_with_trigger.py
[2023-03-03T17:10:16.926+0100] {processor.py:756} INFO - Processing file /Users/uab910/dev/nnam-poc/pyenv/lib/python3.10/site-packages/airflow/example_dags/example_latest_only_with_trigger.py for tasks to queue
[2023-03-03T17:10:16.926+0100] {logging_mixin.py:137} INFO - [2023-03-03T17:10:16.926+0100] {dagbag.py:537} INFO - Filling up the DagBag from /Users/uab910/dev/nnam-poc/pyenv/lib/python3.10/site-packages/airflow/example_dags/example_latest_only_with_trigger.py
[2023-03-03T17:10:16.954+0100] {processor.py:766} INFO - DAG(s) dict_keys(['latest_only_with_trigger']) retrieved from /Users/uab910/dev/nnam-poc/pyenv/lib/python3.10/site-packages/airflow/example_dags/example_latest_only_with_trigger.py
[2023-03-03T17:10:17.118+0100] {logging_mixin.py:137} INFO - [2023-03-03T17:10:17.117+0100] {dag.py:2585} INFO - Sync 1 DAGs
[2023-03-03T17:10:17.131+0100] {logging_mixin.py:137} INFO - [2023-03-03T17:10:17.131+0100] {dag.py:3336} INFO - Setting next_dagrun for latest_only_with_trigger to 2023-03-03T12:10:17.131351+00:00, run_after=2023-03-03T16:10:17.131351+00:00
[2023-03-03T17:10:17.146+0100] {processor.py:176} INFO - Processing /Users/uab910/dev/nnam-poc/pyenv/lib/python3.10/site-packages/airflow/example_dags/example_latest_only_with_trigger.py took 0.225 seconds
[2023-03-03T17:11:44.140+0100] {processor.py:154} INFO - Started process (PID=59864) to work on /Users/uab910/dev/nnam-poc/pyenv/lib/python3.10/site-packages/airflow/example_dags/example_latest_only_with_trigger.py
[2023-03-03T17:11:44.146+0100] {processor.py:756} INFO - Processing file /Users/uab910/dev/nnam-poc/pyenv/lib/python3.10/site-packages/airflow/example_dags/example_latest_only_with_trigger.py for tasks to queue
[2023-03-03T17:11:44.146+0100] {logging_mixin.py:137} INFO - [2023-03-03T17:11:44.146+0100] {dagbag.py:537} INFO - Filling up the DagBag from /Users/uab910/dev/nnam-poc/pyenv/lib/python3.10/site-packages/airflow/example_dags/example_latest_only_with_trigger.py
[2023-03-03T17:11:44.182+0100] {processor.py:766} INFO - DAG(s) dict_keys(['latest_only_with_trigger']) retrieved from /Users/uab910/dev/nnam-poc/pyenv/lib/python3.10/site-packages/airflow/example_dags/example_latest_only_with_trigger.py
[2023-03-03T17:11:44.358+0100] {logging_mixin.py:137} INFO - [2023-03-03T17:11:44.358+0100] {dag.py:2585} INFO - Sync 1 DAGs
[2023-03-03T17:11:44.373+0100] {logging_mixin.py:137} INFO - [2023-03-03T17:11:44.373+0100] {dag.py:3336} INFO - Setting next_dagrun for latest_only_with_trigger to 2023-03-03T12:11:44.373366+00:00, run_after=2023-03-03T16:11:44.373366+00:00
[2023-03-03T17:11:44.389+0100] {processor.py:176} INFO - Processing /Users/uab910/dev/nnam-poc/pyenv/lib/python3.10/site-packages/airflow/example_dags/example_latest_only_with_trigger.py took 0.250 seconds
[2023-03-03T17:13:14.370+0100] {processor.py:154} INFO - Started process (PID=59944) to work on /Users/uab910/dev/nnam-poc/pyenv/lib/python3.10/site-packages/airflow/example_dags/example_latest_only_with_trigger.py
[2023-03-03T17:13:14.375+0100] {processor.py:756} INFO - Processing file /Users/uab910/dev/nnam-poc/pyenv/lib/python3.10/site-packages/airflow/example_dags/example_latest_only_with_trigger.py for tasks to queue
[2023-03-03T17:13:14.375+0100] {logging_mixin.py:137} INFO - [2023-03-03T17:13:14.375+0100] {dagbag.py:537} INFO - Filling up the DagBag from /Users/uab910/dev/nnam-poc/pyenv/lib/python3.10/site-packages/airflow/example_dags/example_latest_only_with_trigger.py
[2023-03-03T17:13:14.407+0100] {processor.py:766} INFO - DAG(s) dict_keys(['latest_only_with_trigger']) retrieved from /Users/uab910/dev/nnam-poc/pyenv/lib/python3.10/site-packages/airflow/example_dags/example_latest_only_with_trigger.py
[2023-03-03T17:13:14.573+0100] {logging_mixin.py:137} INFO - [2023-03-03T17:13:14.572+0100] {dag.py:2585} INFO - Sync 1 DAGs
[2023-03-03T17:13:14.585+0100] {logging_mixin.py:137} INFO - [2023-03-03T17:13:14.585+0100] {dag.py:3336} INFO - Setting next_dagrun for latest_only_with_trigger to 2023-03-03T12:13:14.585262+00:00, run_after=2023-03-03T16:13:14.585262+00:00
[2023-03-03T17:13:14.599+0100] {processor.py:176} INFO - Processing /Users/uab910/dev/nnam-poc/pyenv/lib/python3.10/site-packages/airflow/example_dags/example_latest_only_with_trigger.py took 0.230 seconds
[2023-03-03T17:14:47.889+0100] {processor.py:154} INFO - Started process (PID=60014) to work on /Users/uab910/dev/nnam-poc/pyenv/lib/python3.10/site-packages/airflow/example_dags/example_latest_only_with_trigger.py
[2023-03-03T17:14:47.895+0100] {processor.py:756} INFO - Processing file /Users/uab910/dev/nnam-poc/pyenv/lib/python3.10/site-packages/airflow/example_dags/example_latest_only_with_trigger.py for tasks to queue
[2023-03-03T17:14:47.895+0100] {logging_mixin.py:137} INFO - [2023-03-03T17:14:47.895+0100] {dagbag.py:537} INFO - Filling up the DagBag from /Users/uab910/dev/nnam-poc/pyenv/lib/python3.10/site-packages/airflow/example_dags/example_latest_only_with_trigger.py
[2023-03-03T17:14:47.930+0100] {processor.py:766} INFO - DAG(s) dict_keys(['latest_only_with_trigger']) retrieved from /Users/uab910/dev/nnam-poc/pyenv/lib/python3.10/site-packages/airflow/example_dags/example_latest_only_with_trigger.py
[2023-03-03T17:14:48.117+0100] {logging_mixin.py:137} INFO - [2023-03-03T17:14:48.117+0100] {dag.py:2585} INFO - Sync 1 DAGs
[2023-03-03T17:14:48.133+0100] {logging_mixin.py:137} INFO - [2023-03-03T17:14:48.133+0100] {dag.py:3336} INFO - Setting next_dagrun for latest_only_with_trigger to 2023-03-03T12:14:48.133495+00:00, run_after=2023-03-03T16:14:48.133495+00:00
[2023-03-03T17:14:48.150+0100] {processor.py:176} INFO - Processing /Users/uab910/dev/nnam-poc/pyenv/lib/python3.10/site-packages/airflow/example_dags/example_latest_only_with_trigger.py took 0.261 seconds
[2023-03-03T17:16:19.832+0100] {processor.py:154} INFO - Started process (PID=60065) to work on /Users/uab910/dev/nnam-poc/pyenv/lib/python3.10/site-packages/airflow/example_dags/example_latest_only_with_trigger.py
[2023-03-03T17:16:19.838+0100] {processor.py:756} INFO - Processing file /Users/uab910/dev/nnam-poc/pyenv/lib/python3.10/site-packages/airflow/example_dags/example_latest_only_with_trigger.py for tasks to queue
[2023-03-03T17:16:19.839+0100] {logging_mixin.py:137} INFO - [2023-03-03T17:16:19.839+0100] {dagbag.py:537} INFO - Filling up the DagBag from /Users/uab910/dev/nnam-poc/pyenv/lib/python3.10/site-packages/airflow/example_dags/example_latest_only_with_trigger.py
[2023-03-03T17:16:19.872+0100] {processor.py:766} INFO - DAG(s) dict_keys(['latest_only_with_trigger']) retrieved from /Users/uab910/dev/nnam-poc/pyenv/lib/python3.10/site-packages/airflow/example_dags/example_latest_only_with_trigger.py
[2023-03-03T17:16:20.050+0100] {logging_mixin.py:137} INFO - [2023-03-03T17:16:20.049+0100] {dag.py:2585} INFO - Sync 1 DAGs
[2023-03-03T17:16:20.062+0100] {logging_mixin.py:137} INFO - [2023-03-03T17:16:20.062+0100] {dag.py:3336} INFO - Setting next_dagrun for latest_only_with_trigger to 2023-03-03T12:16:20.062478+00:00, run_after=2023-03-03T16:16:20.062478+00:00
[2023-03-03T17:16:20.077+0100] {processor.py:176} INFO - Processing /Users/uab910/dev/nnam-poc/pyenv/lib/python3.10/site-packages/airflow/example_dags/example_latest_only_with_trigger.py took 0.245 seconds
[2023-03-03T17:17:50.790+0100] {processor.py:154} INFO - Started process (PID=60121) to work on /Users/uab910/dev/nnam-poc/pyenv/lib/python3.10/site-packages/airflow/example_dags/example_latest_only_with_trigger.py
[2023-03-03T17:17:50.795+0100] {processor.py:756} INFO - Processing file /Users/uab910/dev/nnam-poc/pyenv/lib/python3.10/site-packages/airflow/example_dags/example_latest_only_with_trigger.py for tasks to queue
[2023-03-03T17:17:50.796+0100] {logging_mixin.py:137} INFO - [2023-03-03T17:17:50.796+0100] {dagbag.py:537} INFO - Filling up the DagBag from /Users/uab910/dev/nnam-poc/pyenv/lib/python3.10/site-packages/airflow/example_dags/example_latest_only_with_trigger.py
[2023-03-03T17:17:50.830+0100] {processor.py:766} INFO - DAG(s) dict_keys(['latest_only_with_trigger']) retrieved from /Users/uab910/dev/nnam-poc/pyenv/lib/python3.10/site-packages/airflow/example_dags/example_latest_only_with_trigger.py
[2023-03-03T17:17:51.000+0100] {logging_mixin.py:137} INFO - [2023-03-03T17:17:51.000+0100] {dag.py:2585} INFO - Sync 1 DAGs
[2023-03-03T17:17:51.014+0100] {logging_mixin.py:137} INFO - [2023-03-03T17:17:51.013+0100] {dag.py:3336} INFO - Setting next_dagrun for latest_only_with_trigger to 2023-03-03T12:17:51.013869+00:00, run_after=2023-03-03T16:17:51.013869+00:00
[2023-03-03T17:17:51.029+0100] {processor.py:176} INFO - Processing /Users/uab910/dev/nnam-poc/pyenv/lib/python3.10/site-packages/airflow/example_dags/example_latest_only_with_trigger.py took 0.240 seconds
[2023-03-03T17:19:19.968+0100] {processor.py:154} INFO - Started process (PID=60180) to work on /Users/uab910/dev/nnam-poc/pyenv/lib/python3.10/site-packages/airflow/example_dags/example_latest_only_with_trigger.py
[2023-03-03T17:19:19.974+0100] {processor.py:756} INFO - Processing file /Users/uab910/dev/nnam-poc/pyenv/lib/python3.10/site-packages/airflow/example_dags/example_latest_only_with_trigger.py for tasks to queue
[2023-03-03T17:19:19.974+0100] {logging_mixin.py:137} INFO - [2023-03-03T17:19:19.974+0100] {dagbag.py:537} INFO - Filling up the DagBag from /Users/uab910/dev/nnam-poc/pyenv/lib/python3.10/site-packages/airflow/example_dags/example_latest_only_with_trigger.py
[2023-03-03T17:19:20.011+0100] {processor.py:766} INFO - DAG(s) dict_keys(['latest_only_with_trigger']) retrieved from /Users/uab910/dev/nnam-poc/pyenv/lib/python3.10/site-packages/airflow/example_dags/example_latest_only_with_trigger.py
[2023-03-03T17:19:20.187+0100] {logging_mixin.py:137} INFO - [2023-03-03T17:19:20.187+0100] {dag.py:2585} INFO - Sync 1 DAGs
[2023-03-03T17:19:20.199+0100] {logging_mixin.py:137} INFO - [2023-03-03T17:19:20.199+0100] {dag.py:3336} INFO - Setting next_dagrun for latest_only_with_trigger to 2023-03-03T12:19:20.199552+00:00, run_after=2023-03-03T16:19:20.199552+00:00
[2023-03-03T17:19:20.213+0100] {processor.py:176} INFO - Processing /Users/uab910/dev/nnam-poc/pyenv/lib/python3.10/site-packages/airflow/example_dags/example_latest_only_with_trigger.py took 0.245 seconds
