[2023-03-03T16:01:52.020+0100] {processor.py:154} INFO - Started process (PID=57154) to work on /Users/uab910/dev/nnam-poc/pyenv/lib/python3.10/site-packages/airflow/example_dags/example_branch_labels.py
[2023-03-03T16:01:52.026+0100] {processor.py:756} INFO - Processing file /Users/uab910/dev/nnam-poc/pyenv/lib/python3.10/site-packages/airflow/example_dags/example_branch_labels.py for tasks to queue
[2023-03-03T16:01:52.027+0100] {logging_mixin.py:137} INFO - [2023-03-03T16:01:52.027+0100] {dagbag.py:537} INFO - Filling up the DagBag from /Users/uab910/dev/nnam-poc/pyenv/lib/python3.10/site-packages/airflow/example_dags/example_branch_labels.py
[2023-03-03T16:01:52.063+0100] {processor.py:766} INFO - DAG(s) dict_keys(['example_branch_labels']) retrieved from /Users/uab910/dev/nnam-poc/pyenv/lib/python3.10/site-packages/airflow/example_dags/example_branch_labels.py
[2023-03-03T16:01:53.297+0100] {logging_mixin.py:137} INFO - [2023-03-03T16:01:53.296+0100] {manager.py:507} INFO - Created Permission View: can delete on DAG:example_branch_labels
[2023-03-03T16:01:53.305+0100] {logging_mixin.py:137} INFO - [2023-03-03T16:01:53.305+0100] {manager.py:507} INFO - Created Permission View: can edit on DAG:example_branch_labels
[2023-03-03T16:01:53.312+0100] {logging_mixin.py:137} INFO - [2023-03-03T16:01:53.311+0100] {manager.py:507} INFO - Created Permission View: can read on DAG:example_branch_labels
[2023-03-03T16:01:53.312+0100] {logging_mixin.py:137} INFO - [2023-03-03T16:01:53.312+0100] {dag.py:2585} INFO - Sync 1 DAGs
[2023-03-03T16:01:53.322+0100] {logging_mixin.py:137} INFO - [2023-03-03T16:01:53.321+0100] {dag.py:2606} INFO - Creating ORM DAG for example_branch_labels
[2023-03-03T16:01:53.330+0100] {logging_mixin.py:137} INFO - [2023-03-03T16:01:53.330+0100] {dag.py:3336} INFO - Setting next_dagrun for example_branch_labels to 2023-03-02T00:00:00+00:00, run_after=2023-03-03T00:00:00+00:00
[2023-03-03T16:01:53.347+0100] {processor.py:176} INFO - Processing /Users/uab910/dev/nnam-poc/pyenv/lib/python3.10/site-packages/airflow/example_dags/example_branch_labels.py took 1.328 seconds
[2023-03-03T16:03:43.729+0100] {processor.py:154} INFO - Started process (PID=57268) to work on /Users/uab910/dev/nnam-poc/pyenv/lib/python3.10/site-packages/airflow/example_dags/example_branch_labels.py
[2023-03-03T16:03:43.734+0100] {processor.py:756} INFO - Processing file /Users/uab910/dev/nnam-poc/pyenv/lib/python3.10/site-packages/airflow/example_dags/example_branch_labels.py for tasks to queue
[2023-03-03T16:03:43.735+0100] {logging_mixin.py:137} INFO - [2023-03-03T16:03:43.735+0100] {dagbag.py:537} INFO - Filling up the DagBag from /Users/uab910/dev/nnam-poc/pyenv/lib/python3.10/site-packages/airflow/example_dags/example_branch_labels.py
[2023-03-03T16:03:43.768+0100] {processor.py:766} INFO - DAG(s) dict_keys(['example_branch_labels']) retrieved from /Users/uab910/dev/nnam-poc/pyenv/lib/python3.10/site-packages/airflow/example_dags/example_branch_labels.py
[2023-03-03T16:03:43.950+0100] {logging_mixin.py:137} INFO - [2023-03-03T16:03:43.949+0100] {dag.py:2585} INFO - Sync 1 DAGs
[2023-03-03T16:03:43.965+0100] {logging_mixin.py:137} INFO - [2023-03-03T16:03:43.965+0100] {dag.py:3336} INFO - Setting next_dagrun for example_branch_labels to 2023-03-02T00:00:00+00:00, run_after=2023-03-03T00:00:00+00:00
[2023-03-03T16:03:43.979+0100] {processor.py:176} INFO - Processing /Users/uab910/dev/nnam-poc/pyenv/lib/python3.10/site-packages/airflow/example_dags/example_branch_labels.py took 0.251 seconds
[2023-03-03T16:04:58.986+0100] {processor.py:154} INFO - Started process (PID=57314) to work on /Users/uab910/dev/nnam-poc/pyenv/lib/python3.10/site-packages/airflow/example_dags/example_branch_labels.py
[2023-03-03T16:04:58.992+0100] {processor.py:756} INFO - Processing file /Users/uab910/dev/nnam-poc/pyenv/lib/python3.10/site-packages/airflow/example_dags/example_branch_labels.py for tasks to queue
[2023-03-03T16:04:58.993+0100] {logging_mixin.py:137} INFO - [2023-03-03T16:04:58.993+0100] {dagbag.py:537} INFO - Filling up the DagBag from /Users/uab910/dev/nnam-poc/pyenv/lib/python3.10/site-packages/airflow/example_dags/example_branch_labels.py
[2023-03-03T16:04:59.029+0100] {processor.py:766} INFO - DAG(s) dict_keys(['example_branch_labels']) retrieved from /Users/uab910/dev/nnam-poc/pyenv/lib/python3.10/site-packages/airflow/example_dags/example_branch_labels.py
[2023-03-03T16:04:59.282+0100] {logging_mixin.py:137} INFO - [2023-03-03T16:04:59.282+0100] {dag.py:2585} INFO - Sync 1 DAGs
[2023-03-03T16:04:59.308+0100] {logging_mixin.py:137} INFO - [2023-03-03T16:04:59.308+0100] {dag.py:3336} INFO - Setting next_dagrun for example_branch_labels to 2023-03-02T00:00:00+00:00, run_after=2023-03-03T00:00:00+00:00
[2023-03-03T16:04:59.327+0100] {processor.py:176} INFO - Processing /Users/uab910/dev/nnam-poc/pyenv/lib/python3.10/site-packages/airflow/example_dags/example_branch_labels.py took 0.342 seconds
[2023-03-03T16:06:13.894+0100] {processor.py:154} INFO - Started process (PID=57358) to work on /Users/uab910/dev/nnam-poc/pyenv/lib/python3.10/site-packages/airflow/example_dags/example_branch_labels.py
[2023-03-03T16:06:13.900+0100] {processor.py:756} INFO - Processing file /Users/uab910/dev/nnam-poc/pyenv/lib/python3.10/site-packages/airflow/example_dags/example_branch_labels.py for tasks to queue
[2023-03-03T16:06:13.901+0100] {logging_mixin.py:137} INFO - [2023-03-03T16:06:13.901+0100] {dagbag.py:537} INFO - Filling up the DagBag from /Users/uab910/dev/nnam-poc/pyenv/lib/python3.10/site-packages/airflow/example_dags/example_branch_labels.py
[2023-03-03T16:06:13.937+0100] {processor.py:766} INFO - DAG(s) dict_keys(['example_branch_labels']) retrieved from /Users/uab910/dev/nnam-poc/pyenv/lib/python3.10/site-packages/airflow/example_dags/example_branch_labels.py
[2023-03-03T16:06:14.131+0100] {logging_mixin.py:137} INFO - [2023-03-03T16:06:14.130+0100] {dag.py:2585} INFO - Sync 1 DAGs
[2023-03-03T16:06:14.146+0100] {logging_mixin.py:137} INFO - [2023-03-03T16:06:14.146+0100] {dag.py:3336} INFO - Setting next_dagrun for example_branch_labels to 2023-03-02T00:00:00+00:00, run_after=2023-03-03T00:00:00+00:00
[2023-03-03T16:06:14.161+0100] {processor.py:176} INFO - Processing /Users/uab910/dev/nnam-poc/pyenv/lib/python3.10/site-packages/airflow/example_dags/example_branch_labels.py took 0.268 seconds
[2023-03-03T16:07:38.759+0100] {processor.py:154} INFO - Started process (PID=57417) to work on /Users/uab910/dev/nnam-poc/pyenv/lib/python3.10/site-packages/airflow/example_dags/example_branch_labels.py
[2023-03-03T16:07:38.764+0100] {processor.py:756} INFO - Processing file /Users/uab910/dev/nnam-poc/pyenv/lib/python3.10/site-packages/airflow/example_dags/example_branch_labels.py for tasks to queue
[2023-03-03T16:07:38.765+0100] {logging_mixin.py:137} INFO - [2023-03-03T16:07:38.765+0100] {dagbag.py:537} INFO - Filling up the DagBag from /Users/uab910/dev/nnam-poc/pyenv/lib/python3.10/site-packages/airflow/example_dags/example_branch_labels.py
[2023-03-03T16:07:38.798+0100] {processor.py:766} INFO - DAG(s) dict_keys(['example_branch_labels']) retrieved from /Users/uab910/dev/nnam-poc/pyenv/lib/python3.10/site-packages/airflow/example_dags/example_branch_labels.py
[2023-03-03T16:07:38.986+0100] {logging_mixin.py:137} INFO - [2023-03-03T16:07:38.986+0100] {dag.py:2585} INFO - Sync 1 DAGs
[2023-03-03T16:07:39.001+0100] {logging_mixin.py:137} INFO - [2023-03-03T16:07:39.001+0100] {dag.py:3336} INFO - Setting next_dagrun for example_branch_labels to 2023-03-02T00:00:00+00:00, run_after=2023-03-03T00:00:00+00:00
[2023-03-03T16:07:39.016+0100] {processor.py:176} INFO - Processing /Users/uab910/dev/nnam-poc/pyenv/lib/python3.10/site-packages/airflow/example_dags/example_branch_labels.py took 0.258 seconds
[2023-03-03T16:08:55.230+0100] {processor.py:154} INFO - Started process (PID=57474) to work on /Users/uab910/dev/nnam-poc/pyenv/lib/python3.10/site-packages/airflow/example_dags/example_branch_labels.py
[2023-03-03T16:08:55.236+0100] {processor.py:756} INFO - Processing file /Users/uab910/dev/nnam-poc/pyenv/lib/python3.10/site-packages/airflow/example_dags/example_branch_labels.py for tasks to queue
[2023-03-03T16:08:55.237+0100] {logging_mixin.py:137} INFO - [2023-03-03T16:08:55.237+0100] {dagbag.py:537} INFO - Filling up the DagBag from /Users/uab910/dev/nnam-poc/pyenv/lib/python3.10/site-packages/airflow/example_dags/example_branch_labels.py
[2023-03-03T16:08:55.271+0100] {processor.py:766} INFO - DAG(s) dict_keys(['example_branch_labels']) retrieved from /Users/uab910/dev/nnam-poc/pyenv/lib/python3.10/site-packages/airflow/example_dags/example_branch_labels.py
[2023-03-03T16:08:55.455+0100] {logging_mixin.py:137} INFO - [2023-03-03T16:08:55.455+0100] {dag.py:2585} INFO - Sync 1 DAGs
[2023-03-03T16:08:55.471+0100] {logging_mixin.py:137} INFO - [2023-03-03T16:08:55.471+0100] {dag.py:3336} INFO - Setting next_dagrun for example_branch_labels to 2023-03-02T00:00:00+00:00, run_after=2023-03-03T00:00:00+00:00
[2023-03-03T16:08:55.487+0100] {processor.py:176} INFO - Processing /Users/uab910/dev/nnam-poc/pyenv/lib/python3.10/site-packages/airflow/example_dags/example_branch_labels.py took 0.258 seconds
[2023-03-03T16:10:12.078+0100] {processor.py:154} INFO - Started process (PID=57513) to work on /Users/uab910/dev/nnam-poc/pyenv/lib/python3.10/site-packages/airflow/example_dags/example_branch_labels.py
[2023-03-03T16:10:12.085+0100] {processor.py:756} INFO - Processing file /Users/uab910/dev/nnam-poc/pyenv/lib/python3.10/site-packages/airflow/example_dags/example_branch_labels.py for tasks to queue
[2023-03-03T16:10:12.085+0100] {logging_mixin.py:137} INFO - [2023-03-03T16:10:12.085+0100] {dagbag.py:537} INFO - Filling up the DagBag from /Users/uab910/dev/nnam-poc/pyenv/lib/python3.10/site-packages/airflow/example_dags/example_branch_labels.py
[2023-03-03T16:10:12.122+0100] {processor.py:766} INFO - DAG(s) dict_keys(['example_branch_labels']) retrieved from /Users/uab910/dev/nnam-poc/pyenv/lib/python3.10/site-packages/airflow/example_dags/example_branch_labels.py
[2023-03-03T16:10:12.304+0100] {logging_mixin.py:137} INFO - [2023-03-03T16:10:12.304+0100] {dag.py:2585} INFO - Sync 1 DAGs
[2023-03-03T16:10:12.321+0100] {logging_mixin.py:137} INFO - [2023-03-03T16:10:12.321+0100] {dag.py:3336} INFO - Setting next_dagrun for example_branch_labels to 2023-03-02T00:00:00+00:00, run_after=2023-03-03T00:00:00+00:00
[2023-03-03T16:10:12.338+0100] {processor.py:176} INFO - Processing /Users/uab910/dev/nnam-poc/pyenv/lib/python3.10/site-packages/airflow/example_dags/example_branch_labels.py took 0.261 seconds
[2023-03-03T16:11:30.062+0100] {processor.py:154} INFO - Started process (PID=57560) to work on /Users/uab910/dev/nnam-poc/pyenv/lib/python3.10/site-packages/airflow/example_dags/example_branch_labels.py
[2023-03-03T16:11:30.069+0100] {processor.py:756} INFO - Processing file /Users/uab910/dev/nnam-poc/pyenv/lib/python3.10/site-packages/airflow/example_dags/example_branch_labels.py for tasks to queue
[2023-03-03T16:11:30.069+0100] {logging_mixin.py:137} INFO - [2023-03-03T16:11:30.069+0100] {dagbag.py:537} INFO - Filling up the DagBag from /Users/uab910/dev/nnam-poc/pyenv/lib/python3.10/site-packages/airflow/example_dags/example_branch_labels.py
[2023-03-03T16:11:30.106+0100] {processor.py:766} INFO - DAG(s) dict_keys(['example_branch_labels']) retrieved from /Users/uab910/dev/nnam-poc/pyenv/lib/python3.10/site-packages/airflow/example_dags/example_branch_labels.py
[2023-03-03T16:11:30.295+0100] {logging_mixin.py:137} INFO - [2023-03-03T16:11:30.295+0100] {dag.py:2585} INFO - Sync 1 DAGs
[2023-03-03T16:11:30.312+0100] {logging_mixin.py:137} INFO - [2023-03-03T16:11:30.312+0100] {dag.py:3336} INFO - Setting next_dagrun for example_branch_labels to 2023-03-02T00:00:00+00:00, run_after=2023-03-03T00:00:00+00:00
[2023-03-03T16:11:30.328+0100] {processor.py:176} INFO - Processing /Users/uab910/dev/nnam-poc/pyenv/lib/python3.10/site-packages/airflow/example_dags/example_branch_labels.py took 0.267 seconds
[2023-03-03T16:12:44.731+0100] {processor.py:154} INFO - Started process (PID=57598) to work on /Users/uab910/dev/nnam-poc/pyenv/lib/python3.10/site-packages/airflow/example_dags/example_branch_labels.py
[2023-03-03T16:12:44.737+0100] {processor.py:756} INFO - Processing file /Users/uab910/dev/nnam-poc/pyenv/lib/python3.10/site-packages/airflow/example_dags/example_branch_labels.py for tasks to queue
[2023-03-03T16:12:44.737+0100] {logging_mixin.py:137} INFO - [2023-03-03T16:12:44.737+0100] {dagbag.py:537} INFO - Filling up the DagBag from /Users/uab910/dev/nnam-poc/pyenv/lib/python3.10/site-packages/airflow/example_dags/example_branch_labels.py
[2023-03-03T16:12:44.771+0100] {processor.py:766} INFO - DAG(s) dict_keys(['example_branch_labels']) retrieved from /Users/uab910/dev/nnam-poc/pyenv/lib/python3.10/site-packages/airflow/example_dags/example_branch_labels.py
[2023-03-03T16:12:44.955+0100] {logging_mixin.py:137} INFO - [2023-03-03T16:12:44.954+0100] {dag.py:2585} INFO - Sync 1 DAGs
[2023-03-03T16:12:44.971+0100] {logging_mixin.py:137} INFO - [2023-03-03T16:12:44.971+0100] {dag.py:3336} INFO - Setting next_dagrun for example_branch_labels to 2023-03-02T00:00:00+00:00, run_after=2023-03-03T00:00:00+00:00
[2023-03-03T16:12:44.987+0100] {processor.py:176} INFO - Processing /Users/uab910/dev/nnam-poc/pyenv/lib/python3.10/site-packages/airflow/example_dags/example_branch_labels.py took 0.257 seconds
[2023-03-03T16:13:59.208+0100] {processor.py:154} INFO - Started process (PID=57651) to work on /Users/uab910/dev/nnam-poc/pyenv/lib/python3.10/site-packages/airflow/example_dags/example_branch_labels.py
[2023-03-03T16:13:59.215+0100] {processor.py:756} INFO - Processing file /Users/uab910/dev/nnam-poc/pyenv/lib/python3.10/site-packages/airflow/example_dags/example_branch_labels.py for tasks to queue
[2023-03-03T16:13:59.215+0100] {logging_mixin.py:137} INFO - [2023-03-03T16:13:59.215+0100] {dagbag.py:537} INFO - Filling up the DagBag from /Users/uab910/dev/nnam-poc/pyenv/lib/python3.10/site-packages/airflow/example_dags/example_branch_labels.py
[2023-03-03T16:13:59.252+0100] {processor.py:766} INFO - DAG(s) dict_keys(['example_branch_labels']) retrieved from /Users/uab910/dev/nnam-poc/pyenv/lib/python3.10/site-packages/airflow/example_dags/example_branch_labels.py
[2023-03-03T16:13:59.460+0100] {logging_mixin.py:137} INFO - [2023-03-03T16:13:59.460+0100] {dag.py:2585} INFO - Sync 1 DAGs
[2023-03-03T16:13:59.478+0100] {logging_mixin.py:137} INFO - [2023-03-03T16:13:59.477+0100] {dag.py:3336} INFO - Setting next_dagrun for example_branch_labels to 2023-03-02T00:00:00+00:00, run_after=2023-03-03T00:00:00+00:00
[2023-03-03T16:13:59.494+0100] {processor.py:176} INFO - Processing /Users/uab910/dev/nnam-poc/pyenv/lib/python3.10/site-packages/airflow/example_dags/example_branch_labels.py took 0.287 seconds
[2023-03-03T16:15:15.651+0100] {processor.py:154} INFO - Started process (PID=57715) to work on /Users/uab910/dev/nnam-poc/pyenv/lib/python3.10/site-packages/airflow/example_dags/example_branch_labels.py
[2023-03-03T16:15:15.658+0100] {processor.py:756} INFO - Processing file /Users/uab910/dev/nnam-poc/pyenv/lib/python3.10/site-packages/airflow/example_dags/example_branch_labels.py for tasks to queue
[2023-03-03T16:15:15.659+0100] {logging_mixin.py:137} INFO - [2023-03-03T16:15:15.658+0100] {dagbag.py:537} INFO - Filling up the DagBag from /Users/uab910/dev/nnam-poc/pyenv/lib/python3.10/site-packages/airflow/example_dags/example_branch_labels.py
[2023-03-03T16:15:15.695+0100] {processor.py:766} INFO - DAG(s) dict_keys(['example_branch_labels']) retrieved from /Users/uab910/dev/nnam-poc/pyenv/lib/python3.10/site-packages/airflow/example_dags/example_branch_labels.py
[2023-03-03T16:15:15.870+0100] {logging_mixin.py:137} INFO - [2023-03-03T16:15:15.869+0100] {dag.py:2585} INFO - Sync 1 DAGs
[2023-03-03T16:15:15.885+0100] {logging_mixin.py:137} INFO - [2023-03-03T16:15:15.885+0100] {dag.py:3336} INFO - Setting next_dagrun for example_branch_labels to 2023-03-02T00:00:00+00:00, run_after=2023-03-03T00:00:00+00:00
[2023-03-03T16:15:15.901+0100] {processor.py:176} INFO - Processing /Users/uab910/dev/nnam-poc/pyenv/lib/python3.10/site-packages/airflow/example_dags/example_branch_labels.py took 0.250 seconds
[2023-03-03T16:16:34.854+0100] {processor.py:154} INFO - Started process (PID=57768) to work on /Users/uab910/dev/nnam-poc/pyenv/lib/python3.10/site-packages/airflow/example_dags/example_branch_labels.py
[2023-03-03T16:16:34.860+0100] {processor.py:756} INFO - Processing file /Users/uab910/dev/nnam-poc/pyenv/lib/python3.10/site-packages/airflow/example_dags/example_branch_labels.py for tasks to queue
[2023-03-03T16:16:34.861+0100] {logging_mixin.py:137} INFO - [2023-03-03T16:16:34.861+0100] {dagbag.py:537} INFO - Filling up the DagBag from /Users/uab910/dev/nnam-poc/pyenv/lib/python3.10/site-packages/airflow/example_dags/example_branch_labels.py
[2023-03-03T16:16:34.897+0100] {processor.py:766} INFO - DAG(s) dict_keys(['example_branch_labels']) retrieved from /Users/uab910/dev/nnam-poc/pyenv/lib/python3.10/site-packages/airflow/example_dags/example_branch_labels.py
[2023-03-03T16:16:35.082+0100] {logging_mixin.py:137} INFO - [2023-03-03T16:16:35.081+0100] {dag.py:2585} INFO - Sync 1 DAGs
[2023-03-03T16:16:35.097+0100] {logging_mixin.py:137} INFO - [2023-03-03T16:16:35.097+0100] {dag.py:3336} INFO - Setting next_dagrun for example_branch_labels to 2023-03-02T00:00:00+00:00, run_after=2023-03-03T00:00:00+00:00
[2023-03-03T16:16:35.115+0100] {processor.py:176} INFO - Processing /Users/uab910/dev/nnam-poc/pyenv/lib/python3.10/site-packages/airflow/example_dags/example_branch_labels.py took 0.261 seconds
[2023-03-03T16:17:53.748+0100] {processor.py:154} INFO - Started process (PID=57853) to work on /Users/uab910/dev/nnam-poc/pyenv/lib/python3.10/site-packages/airflow/example_dags/example_branch_labels.py
[2023-03-03T16:17:53.754+0100] {processor.py:756} INFO - Processing file /Users/uab910/dev/nnam-poc/pyenv/lib/python3.10/site-packages/airflow/example_dags/example_branch_labels.py for tasks to queue
[2023-03-03T16:17:53.754+0100] {logging_mixin.py:137} INFO - [2023-03-03T16:17:53.754+0100] {dagbag.py:537} INFO - Filling up the DagBag from /Users/uab910/dev/nnam-poc/pyenv/lib/python3.10/site-packages/airflow/example_dags/example_branch_labels.py
[2023-03-03T16:17:53.783+0100] {processor.py:766} INFO - DAG(s) dict_keys(['example_branch_labels']) retrieved from /Users/uab910/dev/nnam-poc/pyenv/lib/python3.10/site-packages/airflow/example_dags/example_branch_labels.py
[2023-03-03T16:17:53.950+0100] {logging_mixin.py:137} INFO - [2023-03-03T16:17:53.949+0100] {dag.py:2585} INFO - Sync 1 DAGs
[2023-03-03T16:17:53.963+0100] {logging_mixin.py:137} INFO - [2023-03-03T16:17:53.963+0100] {dag.py:3336} INFO - Setting next_dagrun for example_branch_labels to 2023-03-02T00:00:00+00:00, run_after=2023-03-03T00:00:00+00:00
[2023-03-03T16:17:53.977+0100] {processor.py:176} INFO - Processing /Users/uab910/dev/nnam-poc/pyenv/lib/python3.10/site-packages/airflow/example_dags/example_branch_labels.py took 0.230 seconds
[2023-03-03T16:19:12.405+0100] {processor.py:154} INFO - Started process (PID=57909) to work on /Users/uab910/dev/nnam-poc/pyenv/lib/python3.10/site-packages/airflow/example_dags/example_branch_labels.py
[2023-03-03T16:19:12.414+0100] {processor.py:756} INFO - Processing file /Users/uab910/dev/nnam-poc/pyenv/lib/python3.10/site-packages/airflow/example_dags/example_branch_labels.py for tasks to queue
[2023-03-03T16:19:12.415+0100] {logging_mixin.py:137} INFO - [2023-03-03T16:19:12.415+0100] {dagbag.py:537} INFO - Filling up the DagBag from /Users/uab910/dev/nnam-poc/pyenv/lib/python3.10/site-packages/airflow/example_dags/example_branch_labels.py
[2023-03-03T16:19:12.462+0100] {processor.py:766} INFO - DAG(s) dict_keys(['example_branch_labels']) retrieved from /Users/uab910/dev/nnam-poc/pyenv/lib/python3.10/site-packages/airflow/example_dags/example_branch_labels.py
[2023-03-03T16:19:12.673+0100] {logging_mixin.py:137} INFO - [2023-03-03T16:19:12.673+0100] {dag.py:2585} INFO - Sync 1 DAGs
[2023-03-03T16:19:12.688+0100] {logging_mixin.py:137} INFO - [2023-03-03T16:19:12.688+0100] {dag.py:3336} INFO - Setting next_dagrun for example_branch_labels to 2023-03-02T00:00:00+00:00, run_after=2023-03-03T00:00:00+00:00
[2023-03-03T16:19:12.702+0100] {processor.py:176} INFO - Processing /Users/uab910/dev/nnam-poc/pyenv/lib/python3.10/site-packages/airflow/example_dags/example_branch_labels.py took 0.298 seconds
[2023-03-03T16:20:28.314+0100] {processor.py:154} INFO - Started process (PID=57995) to work on /Users/uab910/dev/nnam-poc/pyenv/lib/python3.10/site-packages/airflow/example_dags/example_branch_labels.py
[2023-03-03T16:20:28.320+0100] {processor.py:756} INFO - Processing file /Users/uab910/dev/nnam-poc/pyenv/lib/python3.10/site-packages/airflow/example_dags/example_branch_labels.py for tasks to queue
[2023-03-03T16:20:28.321+0100] {logging_mixin.py:137} INFO - [2023-03-03T16:20:28.321+0100] {dagbag.py:537} INFO - Filling up the DagBag from /Users/uab910/dev/nnam-poc/pyenv/lib/python3.10/site-packages/airflow/example_dags/example_branch_labels.py
[2023-03-03T16:20:28.357+0100] {processor.py:766} INFO - DAG(s) dict_keys(['example_branch_labels']) retrieved from /Users/uab910/dev/nnam-poc/pyenv/lib/python3.10/site-packages/airflow/example_dags/example_branch_labels.py
[2023-03-03T16:20:28.528+0100] {logging_mixin.py:137} INFO - [2023-03-03T16:20:28.528+0100] {dag.py:2585} INFO - Sync 1 DAGs
[2023-03-03T16:20:28.542+0100] {logging_mixin.py:137} INFO - [2023-03-03T16:20:28.542+0100] {dag.py:3336} INFO - Setting next_dagrun for example_branch_labels to 2023-03-02T00:00:00+00:00, run_after=2023-03-03T00:00:00+00:00
[2023-03-03T16:20:28.556+0100] {processor.py:176} INFO - Processing /Users/uab910/dev/nnam-poc/pyenv/lib/python3.10/site-packages/airflow/example_dags/example_branch_labels.py took 0.243 seconds
[2023-03-03T16:21:52.632+0100] {processor.py:154} INFO - Started process (PID=58063) to work on /Users/uab910/dev/nnam-poc/pyenv/lib/python3.10/site-packages/airflow/example_dags/example_branch_labels.py
[2023-03-03T16:21:52.637+0100] {processor.py:756} INFO - Processing file /Users/uab910/dev/nnam-poc/pyenv/lib/python3.10/site-packages/airflow/example_dags/example_branch_labels.py for tasks to queue
[2023-03-03T16:21:52.637+0100] {logging_mixin.py:137} INFO - [2023-03-03T16:21:52.637+0100] {dagbag.py:537} INFO - Filling up the DagBag from /Users/uab910/dev/nnam-poc/pyenv/lib/python3.10/site-packages/airflow/example_dags/example_branch_labels.py
[2023-03-03T16:21:52.680+0100] {processor.py:766} INFO - DAG(s) dict_keys(['example_branch_labels']) retrieved from /Users/uab910/dev/nnam-poc/pyenv/lib/python3.10/site-packages/airflow/example_dags/example_branch_labels.py
[2023-03-03T16:21:52.853+0100] {logging_mixin.py:137} INFO - [2023-03-03T16:21:52.853+0100] {dag.py:2585} INFO - Sync 1 DAGs
[2023-03-03T16:21:52.867+0100] {logging_mixin.py:137} INFO - [2023-03-03T16:21:52.867+0100] {dag.py:3336} INFO - Setting next_dagrun for example_branch_labels to 2023-03-02T00:00:00+00:00, run_after=2023-03-03T00:00:00+00:00
[2023-03-03T16:21:52.881+0100] {processor.py:176} INFO - Processing /Users/uab910/dev/nnam-poc/pyenv/lib/python3.10/site-packages/airflow/example_dags/example_branch_labels.py took 0.249 seconds
[2023-03-03T16:23:07.738+0100] {processor.py:154} INFO - Started process (PID=58128) to work on /Users/uab910/dev/nnam-poc/pyenv/lib/python3.10/site-packages/airflow/example_dags/example_branch_labels.py
[2023-03-03T16:23:07.743+0100] {processor.py:756} INFO - Processing file /Users/uab910/dev/nnam-poc/pyenv/lib/python3.10/site-packages/airflow/example_dags/example_branch_labels.py for tasks to queue
[2023-03-03T16:23:07.743+0100] {logging_mixin.py:137} INFO - [2023-03-03T16:23:07.743+0100] {dagbag.py:537} INFO - Filling up the DagBag from /Users/uab910/dev/nnam-poc/pyenv/lib/python3.10/site-packages/airflow/example_dags/example_branch_labels.py
[2023-03-03T16:23:07.772+0100] {processor.py:766} INFO - DAG(s) dict_keys(['example_branch_labels']) retrieved from /Users/uab910/dev/nnam-poc/pyenv/lib/python3.10/site-packages/airflow/example_dags/example_branch_labels.py
[2023-03-03T16:23:07.942+0100] {logging_mixin.py:137} INFO - [2023-03-03T16:23:07.942+0100] {dag.py:2585} INFO - Sync 1 DAGs
[2023-03-03T16:23:07.956+0100] {logging_mixin.py:137} INFO - [2023-03-03T16:23:07.955+0100] {dag.py:3336} INFO - Setting next_dagrun for example_branch_labels to 2023-03-02T00:00:00+00:00, run_after=2023-03-03T00:00:00+00:00
[2023-03-03T16:23:07.970+0100] {processor.py:176} INFO - Processing /Users/uab910/dev/nnam-poc/pyenv/lib/python3.10/site-packages/airflow/example_dags/example_branch_labels.py took 0.232 seconds
[2023-03-03T16:24:23.810+0100] {processor.py:154} INFO - Started process (PID=58191) to work on /Users/uab910/dev/nnam-poc/pyenv/lib/python3.10/site-packages/airflow/example_dags/example_branch_labels.py
[2023-03-03T16:24:23.815+0100] {processor.py:756} INFO - Processing file /Users/uab910/dev/nnam-poc/pyenv/lib/python3.10/site-packages/airflow/example_dags/example_branch_labels.py for tasks to queue
[2023-03-03T16:24:23.815+0100] {logging_mixin.py:137} INFO - [2023-03-03T16:24:23.815+0100] {dagbag.py:537} INFO - Filling up the DagBag from /Users/uab910/dev/nnam-poc/pyenv/lib/python3.10/site-packages/airflow/example_dags/example_branch_labels.py
[2023-03-03T16:24:23.844+0100] {processor.py:766} INFO - DAG(s) dict_keys(['example_branch_labels']) retrieved from /Users/uab910/dev/nnam-poc/pyenv/lib/python3.10/site-packages/airflow/example_dags/example_branch_labels.py
[2023-03-03T16:24:24.023+0100] {logging_mixin.py:137} INFO - [2023-03-03T16:24:24.023+0100] {dag.py:2585} INFO - Sync 1 DAGs
[2023-03-03T16:24:24.039+0100] {logging_mixin.py:137} INFO - [2023-03-03T16:24:24.038+0100] {dag.py:3336} INFO - Setting next_dagrun for example_branch_labels to 2023-03-02T00:00:00+00:00, run_after=2023-03-03T00:00:00+00:00
[2023-03-03T16:24:24.054+0100] {processor.py:176} INFO - Processing /Users/uab910/dev/nnam-poc/pyenv/lib/python3.10/site-packages/airflow/example_dags/example_branch_labels.py took 0.244 seconds
[2023-03-03T16:25:38.415+0100] {processor.py:154} INFO - Started process (PID=58231) to work on /Users/uab910/dev/nnam-poc/pyenv/lib/python3.10/site-packages/airflow/example_dags/example_branch_labels.py
[2023-03-03T16:25:38.420+0100] {processor.py:756} INFO - Processing file /Users/uab910/dev/nnam-poc/pyenv/lib/python3.10/site-packages/airflow/example_dags/example_branch_labels.py for tasks to queue
[2023-03-03T16:25:38.420+0100] {logging_mixin.py:137} INFO - [2023-03-03T16:25:38.420+0100] {dagbag.py:537} INFO - Filling up the DagBag from /Users/uab910/dev/nnam-poc/pyenv/lib/python3.10/site-packages/airflow/example_dags/example_branch_labels.py
[2023-03-03T16:25:38.450+0100] {processor.py:766} INFO - DAG(s) dict_keys(['example_branch_labels']) retrieved from /Users/uab910/dev/nnam-poc/pyenv/lib/python3.10/site-packages/airflow/example_dags/example_branch_labels.py
[2023-03-03T16:25:38.614+0100] {logging_mixin.py:137} INFO - [2023-03-03T16:25:38.614+0100] {dag.py:2585} INFO - Sync 1 DAGs
[2023-03-03T16:25:38.628+0100] {logging_mixin.py:137} INFO - [2023-03-03T16:25:38.628+0100] {dag.py:3336} INFO - Setting next_dagrun for example_branch_labels to 2023-03-02T00:00:00+00:00, run_after=2023-03-03T00:00:00+00:00
[2023-03-03T16:25:38.643+0100] {processor.py:176} INFO - Processing /Users/uab910/dev/nnam-poc/pyenv/lib/python3.10/site-packages/airflow/example_dags/example_branch_labels.py took 0.229 seconds
[2023-03-03T16:26:52.439+0100] {processor.py:154} INFO - Started process (PID=58274) to work on /Users/uab910/dev/nnam-poc/pyenv/lib/python3.10/site-packages/airflow/example_dags/example_branch_labels.py
[2023-03-03T16:26:52.444+0100] {processor.py:756} INFO - Processing file /Users/uab910/dev/nnam-poc/pyenv/lib/python3.10/site-packages/airflow/example_dags/example_branch_labels.py for tasks to queue
[2023-03-03T16:26:52.445+0100] {logging_mixin.py:137} INFO - [2023-03-03T16:26:52.445+0100] {dagbag.py:537} INFO - Filling up the DagBag from /Users/uab910/dev/nnam-poc/pyenv/lib/python3.10/site-packages/airflow/example_dags/example_branch_labels.py
[2023-03-03T16:26:52.478+0100] {processor.py:766} INFO - DAG(s) dict_keys(['example_branch_labels']) retrieved from /Users/uab910/dev/nnam-poc/pyenv/lib/python3.10/site-packages/airflow/example_dags/example_branch_labels.py
[2023-03-03T16:26:52.678+0100] {logging_mixin.py:137} INFO - [2023-03-03T16:26:52.678+0100] {dag.py:2585} INFO - Sync 1 DAGs
[2023-03-03T16:26:52.696+0100] {logging_mixin.py:137} INFO - [2023-03-03T16:26:52.695+0100] {dag.py:3336} INFO - Setting next_dagrun for example_branch_labels to 2023-03-02T00:00:00+00:00, run_after=2023-03-03T00:00:00+00:00
[2023-03-03T16:26:52.711+0100] {processor.py:176} INFO - Processing /Users/uab910/dev/nnam-poc/pyenv/lib/python3.10/site-packages/airflow/example_dags/example_branch_labels.py took 0.272 seconds
[2023-03-03T16:28:07.926+0100] {processor.py:154} INFO - Started process (PID=58319) to work on /Users/uab910/dev/nnam-poc/pyenv/lib/python3.10/site-packages/airflow/example_dags/example_branch_labels.py
[2023-03-03T16:28:07.932+0100] {processor.py:756} INFO - Processing file /Users/uab910/dev/nnam-poc/pyenv/lib/python3.10/site-packages/airflow/example_dags/example_branch_labels.py for tasks to queue
[2023-03-03T16:28:07.932+0100] {logging_mixin.py:137} INFO - [2023-03-03T16:28:07.932+0100] {dagbag.py:537} INFO - Filling up the DagBag from /Users/uab910/dev/nnam-poc/pyenv/lib/python3.10/site-packages/airflow/example_dags/example_branch_labels.py
[2023-03-03T16:28:07.968+0100] {processor.py:766} INFO - DAG(s) dict_keys(['example_branch_labels']) retrieved from /Users/uab910/dev/nnam-poc/pyenv/lib/python3.10/site-packages/airflow/example_dags/example_branch_labels.py
[2023-03-03T16:28:08.168+0100] {logging_mixin.py:137} INFO - [2023-03-03T16:28:08.168+0100] {dag.py:2585} INFO - Sync 1 DAGs
[2023-03-03T16:28:08.186+0100] {logging_mixin.py:137} INFO - [2023-03-03T16:28:08.185+0100] {dag.py:3336} INFO - Setting next_dagrun for example_branch_labels to 2023-03-02T00:00:00+00:00, run_after=2023-03-03T00:00:00+00:00
[2023-03-03T16:28:08.203+0100] {processor.py:176} INFO - Processing /Users/uab910/dev/nnam-poc/pyenv/lib/python3.10/site-packages/airflow/example_dags/example_branch_labels.py took 0.278 seconds
[2023-03-03T16:29:25.019+0100] {processor.py:154} INFO - Started process (PID=58365) to work on /Users/uab910/dev/nnam-poc/pyenv/lib/python3.10/site-packages/airflow/example_dags/example_branch_labels.py
[2023-03-03T16:29:25.025+0100] {processor.py:756} INFO - Processing file /Users/uab910/dev/nnam-poc/pyenv/lib/python3.10/site-packages/airflow/example_dags/example_branch_labels.py for tasks to queue
[2023-03-03T16:29:25.025+0100] {logging_mixin.py:137} INFO - [2023-03-03T16:29:25.025+0100] {dagbag.py:537} INFO - Filling up the DagBag from /Users/uab910/dev/nnam-poc/pyenv/lib/python3.10/site-packages/airflow/example_dags/example_branch_labels.py
[2023-03-03T16:29:25.060+0100] {processor.py:766} INFO - DAG(s) dict_keys(['example_branch_labels']) retrieved from /Users/uab910/dev/nnam-poc/pyenv/lib/python3.10/site-packages/airflow/example_dags/example_branch_labels.py
[2023-03-03T16:29:25.234+0100] {logging_mixin.py:137} INFO - [2023-03-03T16:29:25.234+0100] {dag.py:2585} INFO - Sync 1 DAGs
[2023-03-03T16:29:25.248+0100] {logging_mixin.py:137} INFO - [2023-03-03T16:29:25.248+0100] {dag.py:3336} INFO - Setting next_dagrun for example_branch_labels to 2023-03-02T00:00:00+00:00, run_after=2023-03-03T00:00:00+00:00
[2023-03-03T16:29:25.263+0100] {processor.py:176} INFO - Processing /Users/uab910/dev/nnam-poc/pyenv/lib/python3.10/site-packages/airflow/example_dags/example_branch_labels.py took 0.245 seconds
[2023-03-03T16:30:40.147+0100] {processor.py:154} INFO - Started process (PID=58405) to work on /Users/uab910/dev/nnam-poc/pyenv/lib/python3.10/site-packages/airflow/example_dags/example_branch_labels.py
[2023-03-03T16:30:40.152+0100] {processor.py:756} INFO - Processing file /Users/uab910/dev/nnam-poc/pyenv/lib/python3.10/site-packages/airflow/example_dags/example_branch_labels.py for tasks to queue
[2023-03-03T16:30:40.152+0100] {logging_mixin.py:137} INFO - [2023-03-03T16:30:40.152+0100] {dagbag.py:537} INFO - Filling up the DagBag from /Users/uab910/dev/nnam-poc/pyenv/lib/python3.10/site-packages/airflow/example_dags/example_branch_labels.py
[2023-03-03T16:30:40.186+0100] {processor.py:766} INFO - DAG(s) dict_keys(['example_branch_labels']) retrieved from /Users/uab910/dev/nnam-poc/pyenv/lib/python3.10/site-packages/airflow/example_dags/example_branch_labels.py
[2023-03-03T16:30:40.370+0100] {logging_mixin.py:137} INFO - [2023-03-03T16:30:40.370+0100] {dag.py:2585} INFO - Sync 1 DAGs
[2023-03-03T16:30:40.383+0100] {logging_mixin.py:137} INFO - [2023-03-03T16:30:40.383+0100] {dag.py:3336} INFO - Setting next_dagrun for example_branch_labels to 2023-03-02T00:00:00+00:00, run_after=2023-03-03T00:00:00+00:00
[2023-03-03T16:30:40.397+0100] {processor.py:176} INFO - Processing /Users/uab910/dev/nnam-poc/pyenv/lib/python3.10/site-packages/airflow/example_dags/example_branch_labels.py took 0.251 seconds
[2023-03-03T16:31:57.467+0100] {processor.py:154} INFO - Started process (PID=58445) to work on /Users/uab910/dev/nnam-poc/pyenv/lib/python3.10/site-packages/airflow/example_dags/example_branch_labels.py
[2023-03-03T16:31:57.472+0100] {processor.py:756} INFO - Processing file /Users/uab910/dev/nnam-poc/pyenv/lib/python3.10/site-packages/airflow/example_dags/example_branch_labels.py for tasks to queue
[2023-03-03T16:31:57.473+0100] {logging_mixin.py:137} INFO - [2023-03-03T16:31:57.473+0100] {dagbag.py:537} INFO - Filling up the DagBag from /Users/uab910/dev/nnam-poc/pyenv/lib/python3.10/site-packages/airflow/example_dags/example_branch_labels.py
[2023-03-03T16:31:57.506+0100] {processor.py:766} INFO - DAG(s) dict_keys(['example_branch_labels']) retrieved from /Users/uab910/dev/nnam-poc/pyenv/lib/python3.10/site-packages/airflow/example_dags/example_branch_labels.py
[2023-03-03T16:31:57.677+0100] {logging_mixin.py:137} INFO - [2023-03-03T16:31:57.676+0100] {dag.py:2585} INFO - Sync 1 DAGs
[2023-03-03T16:31:57.690+0100] {logging_mixin.py:137} INFO - [2023-03-03T16:31:57.690+0100] {dag.py:3336} INFO - Setting next_dagrun for example_branch_labels to 2023-03-02T00:00:00+00:00, run_after=2023-03-03T00:00:00+00:00
[2023-03-03T16:31:57.704+0100] {processor.py:176} INFO - Processing /Users/uab910/dev/nnam-poc/pyenv/lib/python3.10/site-packages/airflow/example_dags/example_branch_labels.py took 0.238 seconds
[2023-03-03T16:33:13.126+0100] {processor.py:154} INFO - Started process (PID=58483) to work on /Users/uab910/dev/nnam-poc/pyenv/lib/python3.10/site-packages/airflow/example_dags/example_branch_labels.py
[2023-03-03T16:33:13.133+0100] {processor.py:756} INFO - Processing file /Users/uab910/dev/nnam-poc/pyenv/lib/python3.10/site-packages/airflow/example_dags/example_branch_labels.py for tasks to queue
[2023-03-03T16:33:13.133+0100] {logging_mixin.py:137} INFO - [2023-03-03T16:33:13.133+0100] {dagbag.py:537} INFO - Filling up the DagBag from /Users/uab910/dev/nnam-poc/pyenv/lib/python3.10/site-packages/airflow/example_dags/example_branch_labels.py
[2023-03-03T16:33:13.170+0100] {processor.py:766} INFO - DAG(s) dict_keys(['example_branch_labels']) retrieved from /Users/uab910/dev/nnam-poc/pyenv/lib/python3.10/site-packages/airflow/example_dags/example_branch_labels.py
[2023-03-03T16:33:13.378+0100] {logging_mixin.py:137} INFO - [2023-03-03T16:33:13.378+0100] {dag.py:2585} INFO - Sync 1 DAGs
[2023-03-03T16:33:13.395+0100] {logging_mixin.py:137} INFO - [2023-03-03T16:33:13.395+0100] {dag.py:3336} INFO - Setting next_dagrun for example_branch_labels to 2023-03-02T00:00:00+00:00, run_after=2023-03-03T00:00:00+00:00
[2023-03-03T16:33:13.412+0100] {processor.py:176} INFO - Processing /Users/uab910/dev/nnam-poc/pyenv/lib/python3.10/site-packages/airflow/example_dags/example_branch_labels.py took 0.286 seconds
[2023-03-03T16:34:29.365+0100] {processor.py:154} INFO - Started process (PID=58547) to work on /Users/uab910/dev/nnam-poc/pyenv/lib/python3.10/site-packages/airflow/example_dags/example_branch_labels.py
[2023-03-03T16:34:29.372+0100] {processor.py:756} INFO - Processing file /Users/uab910/dev/nnam-poc/pyenv/lib/python3.10/site-packages/airflow/example_dags/example_branch_labels.py for tasks to queue
[2023-03-03T16:34:29.373+0100] {logging_mixin.py:137} INFO - [2023-03-03T16:34:29.373+0100] {dagbag.py:537} INFO - Filling up the DagBag from /Users/uab910/dev/nnam-poc/pyenv/lib/python3.10/site-packages/airflow/example_dags/example_branch_labels.py
[2023-03-03T16:34:29.411+0100] {processor.py:766} INFO - DAG(s) dict_keys(['example_branch_labels']) retrieved from /Users/uab910/dev/nnam-poc/pyenv/lib/python3.10/site-packages/airflow/example_dags/example_branch_labels.py
[2023-03-03T16:34:29.625+0100] {logging_mixin.py:137} INFO - [2023-03-03T16:34:29.625+0100] {dag.py:2585} INFO - Sync 1 DAGs
[2023-03-03T16:34:29.642+0100] {logging_mixin.py:137} INFO - [2023-03-03T16:34:29.642+0100] {dag.py:3336} INFO - Setting next_dagrun for example_branch_labels to 2023-03-02T00:00:00+00:00, run_after=2023-03-03T00:00:00+00:00
[2023-03-03T16:34:29.659+0100] {processor.py:176} INFO - Processing /Users/uab910/dev/nnam-poc/pyenv/lib/python3.10/site-packages/airflow/example_dags/example_branch_labels.py took 0.294 seconds
[2023-03-03T16:35:47.776+0100] {processor.py:154} INFO - Started process (PID=58590) to work on /Users/uab910/dev/nnam-poc/pyenv/lib/python3.10/site-packages/airflow/example_dags/example_branch_labels.py
[2023-03-03T16:35:47.783+0100] {processor.py:756} INFO - Processing file /Users/uab910/dev/nnam-poc/pyenv/lib/python3.10/site-packages/airflow/example_dags/example_branch_labels.py for tasks to queue
[2023-03-03T16:35:47.783+0100] {logging_mixin.py:137} INFO - [2023-03-03T16:35:47.783+0100] {dagbag.py:537} INFO - Filling up the DagBag from /Users/uab910/dev/nnam-poc/pyenv/lib/python3.10/site-packages/airflow/example_dags/example_branch_labels.py
[2023-03-03T16:35:47.822+0100] {processor.py:766} INFO - DAG(s) dict_keys(['example_branch_labels']) retrieved from /Users/uab910/dev/nnam-poc/pyenv/lib/python3.10/site-packages/airflow/example_dags/example_branch_labels.py
[2023-03-03T16:35:48.045+0100] {logging_mixin.py:137} INFO - [2023-03-03T16:35:48.045+0100] {dag.py:2585} INFO - Sync 1 DAGs
[2023-03-03T16:35:48.065+0100] {logging_mixin.py:137} INFO - [2023-03-03T16:35:48.065+0100] {dag.py:3336} INFO - Setting next_dagrun for example_branch_labels to 2023-03-02T00:00:00+00:00, run_after=2023-03-03T00:00:00+00:00
[2023-03-03T16:35:48.083+0100] {processor.py:176} INFO - Processing /Users/uab910/dev/nnam-poc/pyenv/lib/python3.10/site-packages/airflow/example_dags/example_branch_labels.py took 0.309 seconds
[2023-03-03T16:37:03.706+0100] {processor.py:154} INFO - Started process (PID=58634) to work on /Users/uab910/dev/nnam-poc/pyenv/lib/python3.10/site-packages/airflow/example_dags/example_branch_labels.py
[2023-03-03T16:37:03.711+0100] {processor.py:756} INFO - Processing file /Users/uab910/dev/nnam-poc/pyenv/lib/python3.10/site-packages/airflow/example_dags/example_branch_labels.py for tasks to queue
[2023-03-03T16:37:03.712+0100] {logging_mixin.py:137} INFO - [2023-03-03T16:37:03.712+0100] {dagbag.py:537} INFO - Filling up the DagBag from /Users/uab910/dev/nnam-poc/pyenv/lib/python3.10/site-packages/airflow/example_dags/example_branch_labels.py
[2023-03-03T16:37:03.744+0100] {processor.py:766} INFO - DAG(s) dict_keys(['example_branch_labels']) retrieved from /Users/uab910/dev/nnam-poc/pyenv/lib/python3.10/site-packages/airflow/example_dags/example_branch_labels.py
[2023-03-03T16:37:03.920+0100] {logging_mixin.py:137} INFO - [2023-03-03T16:37:03.919+0100] {dag.py:2585} INFO - Sync 1 DAGs
[2023-03-03T16:37:03.933+0100] {logging_mixin.py:137} INFO - [2023-03-03T16:37:03.933+0100] {dag.py:3336} INFO - Setting next_dagrun for example_branch_labels to 2023-03-02T00:00:00+00:00, run_after=2023-03-03T00:00:00+00:00
[2023-03-03T16:37:03.947+0100] {processor.py:176} INFO - Processing /Users/uab910/dev/nnam-poc/pyenv/lib/python3.10/site-packages/airflow/example_dags/example_branch_labels.py took 0.241 seconds
[2023-03-03T16:38:22.537+0100] {processor.py:154} INFO - Started process (PID=58676) to work on /Users/uab910/dev/nnam-poc/pyenv/lib/python3.10/site-packages/airflow/example_dags/example_branch_labels.py
[2023-03-03T16:38:22.542+0100] {processor.py:756} INFO - Processing file /Users/uab910/dev/nnam-poc/pyenv/lib/python3.10/site-packages/airflow/example_dags/example_branch_labels.py for tasks to queue
[2023-03-03T16:38:22.542+0100] {logging_mixin.py:137} INFO - [2023-03-03T16:38:22.542+0100] {dagbag.py:537} INFO - Filling up the DagBag from /Users/uab910/dev/nnam-poc/pyenv/lib/python3.10/site-packages/airflow/example_dags/example_branch_labels.py
[2023-03-03T16:38:22.576+0100] {processor.py:766} INFO - DAG(s) dict_keys(['example_branch_labels']) retrieved from /Users/uab910/dev/nnam-poc/pyenv/lib/python3.10/site-packages/airflow/example_dags/example_branch_labels.py
[2023-03-03T16:38:22.759+0100] {logging_mixin.py:137} INFO - [2023-03-03T16:38:22.759+0100] {dag.py:2585} INFO - Sync 1 DAGs
[2023-03-03T16:38:22.776+0100] {logging_mixin.py:137} INFO - [2023-03-03T16:38:22.776+0100] {dag.py:3336} INFO - Setting next_dagrun for example_branch_labels to 2023-03-02T00:00:00+00:00, run_after=2023-03-03T00:00:00+00:00
[2023-03-03T16:38:22.791+0100] {processor.py:176} INFO - Processing /Users/uab910/dev/nnam-poc/pyenv/lib/python3.10/site-packages/airflow/example_dags/example_branch_labels.py took 0.255 seconds
[2023-03-03T16:40:01.369+0100] {processor.py:154} INFO - Started process (PID=58729) to work on /Users/uab910/dev/nnam-poc/pyenv/lib/python3.10/site-packages/airflow/example_dags/example_branch_labels.py
[2023-03-03T16:40:01.375+0100] {processor.py:756} INFO - Processing file /Users/uab910/dev/nnam-poc/pyenv/lib/python3.10/site-packages/airflow/example_dags/example_branch_labels.py for tasks to queue
[2023-03-03T16:40:01.376+0100] {logging_mixin.py:137} INFO - [2023-03-03T16:40:01.376+0100] {dagbag.py:537} INFO - Filling up the DagBag from /Users/uab910/dev/nnam-poc/pyenv/lib/python3.10/site-packages/airflow/example_dags/example_branch_labels.py
[2023-03-03T16:40:01.409+0100] {processor.py:766} INFO - DAG(s) dict_keys(['example_branch_labels']) retrieved from /Users/uab910/dev/nnam-poc/pyenv/lib/python3.10/site-packages/airflow/example_dags/example_branch_labels.py
[2023-03-03T16:40:01.589+0100] {logging_mixin.py:137} INFO - [2023-03-03T16:40:01.589+0100] {dag.py:2585} INFO - Sync 1 DAGs
[2023-03-03T16:40:01.605+0100] {logging_mixin.py:137} INFO - [2023-03-03T16:40:01.605+0100] {dag.py:3336} INFO - Setting next_dagrun for example_branch_labels to 2023-03-02T00:00:00+00:00, run_after=2023-03-03T00:00:00+00:00
[2023-03-03T16:40:01.623+0100] {processor.py:176} INFO - Processing /Users/uab910/dev/nnam-poc/pyenv/lib/python3.10/site-packages/airflow/example_dags/example_branch_labels.py took 0.254 seconds
[2023-03-03T16:41:34.765+0100] {processor.py:154} INFO - Started process (PID=58782) to work on /Users/uab910/dev/nnam-poc/pyenv/lib/python3.10/site-packages/airflow/example_dags/example_branch_labels.py
[2023-03-03T16:41:34.772+0100] {processor.py:756} INFO - Processing file /Users/uab910/dev/nnam-poc/pyenv/lib/python3.10/site-packages/airflow/example_dags/example_branch_labels.py for tasks to queue
[2023-03-03T16:41:34.772+0100] {logging_mixin.py:137} INFO - [2023-03-03T16:41:34.772+0100] {dagbag.py:537} INFO - Filling up the DagBag from /Users/uab910/dev/nnam-poc/pyenv/lib/python3.10/site-packages/airflow/example_dags/example_branch_labels.py
[2023-03-03T16:41:34.810+0100] {processor.py:766} INFO - DAG(s) dict_keys(['example_branch_labels']) retrieved from /Users/uab910/dev/nnam-poc/pyenv/lib/python3.10/site-packages/airflow/example_dags/example_branch_labels.py
[2023-03-03T16:41:35.018+0100] {logging_mixin.py:137} INFO - [2023-03-03T16:41:35.018+0100] {dag.py:2585} INFO - Sync 1 DAGs
[2023-03-03T16:41:35.035+0100] {logging_mixin.py:137} INFO - [2023-03-03T16:41:35.034+0100] {dag.py:3336} INFO - Setting next_dagrun for example_branch_labels to 2023-03-02T00:00:00+00:00, run_after=2023-03-03T00:00:00+00:00
[2023-03-03T16:41:35.051+0100] {processor.py:176} INFO - Processing /Users/uab910/dev/nnam-poc/pyenv/lib/python3.10/site-packages/airflow/example_dags/example_branch_labels.py took 0.286 seconds
[2023-03-03T16:43:05.869+0100] {processor.py:154} INFO - Started process (PID=58826) to work on /Users/uab910/dev/nnam-poc/pyenv/lib/python3.10/site-packages/airflow/example_dags/example_branch_labels.py
[2023-03-03T16:43:05.875+0100] {processor.py:756} INFO - Processing file /Users/uab910/dev/nnam-poc/pyenv/lib/python3.10/site-packages/airflow/example_dags/example_branch_labels.py for tasks to queue
[2023-03-03T16:43:05.876+0100] {logging_mixin.py:137} INFO - [2023-03-03T16:43:05.876+0100] {dagbag.py:537} INFO - Filling up the DagBag from /Users/uab910/dev/nnam-poc/pyenv/lib/python3.10/site-packages/airflow/example_dags/example_branch_labels.py
[2023-03-03T16:43:05.914+0100] {processor.py:766} INFO - DAG(s) dict_keys(['example_branch_labels']) retrieved from /Users/uab910/dev/nnam-poc/pyenv/lib/python3.10/site-packages/airflow/example_dags/example_branch_labels.py
[2023-03-03T16:43:06.118+0100] {logging_mixin.py:137} INFO - [2023-03-03T16:43:06.118+0100] {dag.py:2585} INFO - Sync 1 DAGs
[2023-03-03T16:43:06.134+0100] {logging_mixin.py:137} INFO - [2023-03-03T16:43:06.134+0100] {dag.py:3336} INFO - Setting next_dagrun for example_branch_labels to 2023-03-02T00:00:00+00:00, run_after=2023-03-03T00:00:00+00:00
[2023-03-03T16:43:06.150+0100] {processor.py:176} INFO - Processing /Users/uab910/dev/nnam-poc/pyenv/lib/python3.10/site-packages/airflow/example_dags/example_branch_labels.py took 0.282 seconds
[2023-03-03T16:44:40.781+0100] {processor.py:154} INFO - Started process (PID=58905) to work on /Users/uab910/dev/nnam-poc/pyenv/lib/python3.10/site-packages/airflow/example_dags/example_branch_labels.py
[2023-03-03T16:44:40.786+0100] {processor.py:756} INFO - Processing file /Users/uab910/dev/nnam-poc/pyenv/lib/python3.10/site-packages/airflow/example_dags/example_branch_labels.py for tasks to queue
[2023-03-03T16:44:40.786+0100] {logging_mixin.py:137} INFO - [2023-03-03T16:44:40.786+0100] {dagbag.py:537} INFO - Filling up the DagBag from /Users/uab910/dev/nnam-poc/pyenv/lib/python3.10/site-packages/airflow/example_dags/example_branch_labels.py
[2023-03-03T16:44:40.821+0100] {processor.py:766} INFO - DAG(s) dict_keys(['example_branch_labels']) retrieved from /Users/uab910/dev/nnam-poc/pyenv/lib/python3.10/site-packages/airflow/example_dags/example_branch_labels.py
[2023-03-03T16:44:41.017+0100] {logging_mixin.py:137} INFO - [2023-03-03T16:44:41.017+0100] {dag.py:2585} INFO - Sync 1 DAGs
[2023-03-03T16:44:41.031+0100] {logging_mixin.py:137} INFO - [2023-03-03T16:44:41.031+0100] {dag.py:3336} INFO - Setting next_dagrun for example_branch_labels to 2023-03-02T00:00:00+00:00, run_after=2023-03-03T00:00:00+00:00
[2023-03-03T16:44:41.044+0100] {processor.py:176} INFO - Processing /Users/uab910/dev/nnam-poc/pyenv/lib/python3.10/site-packages/airflow/example_dags/example_branch_labels.py took 0.264 seconds
[2023-03-03T16:46:14.422+0100] {processor.py:154} INFO - Started process (PID=58973) to work on /Users/uab910/dev/nnam-poc/pyenv/lib/python3.10/site-packages/airflow/example_dags/example_branch_labels.py
[2023-03-03T16:46:14.428+0100] {processor.py:756} INFO - Processing file /Users/uab910/dev/nnam-poc/pyenv/lib/python3.10/site-packages/airflow/example_dags/example_branch_labels.py for tasks to queue
[2023-03-03T16:46:14.428+0100] {logging_mixin.py:137} INFO - [2023-03-03T16:46:14.428+0100] {dagbag.py:537} INFO - Filling up the DagBag from /Users/uab910/dev/nnam-poc/pyenv/lib/python3.10/site-packages/airflow/example_dags/example_branch_labels.py
[2023-03-03T16:46:14.466+0100] {processor.py:766} INFO - DAG(s) dict_keys(['example_branch_labels']) retrieved from /Users/uab910/dev/nnam-poc/pyenv/lib/python3.10/site-packages/airflow/example_dags/example_branch_labels.py
[2023-03-03T16:46:14.670+0100] {logging_mixin.py:137} INFO - [2023-03-03T16:46:14.670+0100] {dag.py:2585} INFO - Sync 1 DAGs
[2023-03-03T16:46:14.686+0100] {logging_mixin.py:137} INFO - [2023-03-03T16:46:14.686+0100] {dag.py:3336} INFO - Setting next_dagrun for example_branch_labels to 2023-03-02T00:00:00+00:00, run_after=2023-03-03T00:00:00+00:00
[2023-03-03T16:46:14.702+0100] {processor.py:176} INFO - Processing /Users/uab910/dev/nnam-poc/pyenv/lib/python3.10/site-packages/airflow/example_dags/example_branch_labels.py took 0.281 seconds
[2023-03-03T16:47:46.593+0100] {processor.py:154} INFO - Started process (PID=59034) to work on /Users/uab910/dev/nnam-poc/pyenv/lib/python3.10/site-packages/airflow/example_dags/example_branch_labels.py
[2023-03-03T16:47:46.599+0100] {processor.py:756} INFO - Processing file /Users/uab910/dev/nnam-poc/pyenv/lib/python3.10/site-packages/airflow/example_dags/example_branch_labels.py for tasks to queue
[2023-03-03T16:47:46.599+0100] {logging_mixin.py:137} INFO - [2023-03-03T16:47:46.599+0100] {dagbag.py:537} INFO - Filling up the DagBag from /Users/uab910/dev/nnam-poc/pyenv/lib/python3.10/site-packages/airflow/example_dags/example_branch_labels.py
[2023-03-03T16:47:46.630+0100] {processor.py:766} INFO - DAG(s) dict_keys(['example_branch_labels']) retrieved from /Users/uab910/dev/nnam-poc/pyenv/lib/python3.10/site-packages/airflow/example_dags/example_branch_labels.py
[2023-03-03T16:47:46.798+0100] {logging_mixin.py:137} INFO - [2023-03-03T16:47:46.798+0100] {dag.py:2585} INFO - Sync 1 DAGs
[2023-03-03T16:47:46.811+0100] {logging_mixin.py:137} INFO - [2023-03-03T16:47:46.811+0100] {dag.py:3336} INFO - Setting next_dagrun for example_branch_labels to 2023-03-02T00:00:00+00:00, run_after=2023-03-03T00:00:00+00:00
[2023-03-03T16:47:46.825+0100] {processor.py:176} INFO - Processing /Users/uab910/dev/nnam-poc/pyenv/lib/python3.10/site-packages/airflow/example_dags/example_branch_labels.py took 0.233 seconds
[2023-03-03T16:49:18.432+0100] {processor.py:154} INFO - Started process (PID=59082) to work on /Users/uab910/dev/nnam-poc/pyenv/lib/python3.10/site-packages/airflow/example_dags/example_branch_labels.py
[2023-03-03T16:49:18.438+0100] {processor.py:756} INFO - Processing file /Users/uab910/dev/nnam-poc/pyenv/lib/python3.10/site-packages/airflow/example_dags/example_branch_labels.py for tasks to queue
[2023-03-03T16:49:18.438+0100] {logging_mixin.py:137} INFO - [2023-03-03T16:49:18.438+0100] {dagbag.py:537} INFO - Filling up the DagBag from /Users/uab910/dev/nnam-poc/pyenv/lib/python3.10/site-packages/airflow/example_dags/example_branch_labels.py
[2023-03-03T16:49:18.473+0100] {processor.py:766} INFO - DAG(s) dict_keys(['example_branch_labels']) retrieved from /Users/uab910/dev/nnam-poc/pyenv/lib/python3.10/site-packages/airflow/example_dags/example_branch_labels.py
[2023-03-03T16:49:18.684+0100] {logging_mixin.py:137} INFO - [2023-03-03T16:49:18.684+0100] {dag.py:2585} INFO - Sync 1 DAGs
[2023-03-03T16:49:18.702+0100] {logging_mixin.py:137} INFO - [2023-03-03T16:49:18.702+0100] {dag.py:3336} INFO - Setting next_dagrun for example_branch_labels to 2023-03-02T00:00:00+00:00, run_after=2023-03-03T00:00:00+00:00
[2023-03-03T16:49:18.719+0100] {processor.py:176} INFO - Processing /Users/uab910/dev/nnam-poc/pyenv/lib/python3.10/site-packages/airflow/example_dags/example_branch_labels.py took 0.288 seconds
[2023-03-03T16:50:52.389+0100] {processor.py:154} INFO - Started process (PID=59147) to work on /Users/uab910/dev/nnam-poc/pyenv/lib/python3.10/site-packages/airflow/example_dags/example_branch_labels.py
[2023-03-03T16:50:52.395+0100] {processor.py:756} INFO - Processing file /Users/uab910/dev/nnam-poc/pyenv/lib/python3.10/site-packages/airflow/example_dags/example_branch_labels.py for tasks to queue
[2023-03-03T16:50:52.395+0100] {logging_mixin.py:137} INFO - [2023-03-03T16:50:52.395+0100] {dagbag.py:537} INFO - Filling up the DagBag from /Users/uab910/dev/nnam-poc/pyenv/lib/python3.10/site-packages/airflow/example_dags/example_branch_labels.py
[2023-03-03T16:50:52.429+0100] {processor.py:766} INFO - DAG(s) dict_keys(['example_branch_labels']) retrieved from /Users/uab910/dev/nnam-poc/pyenv/lib/python3.10/site-packages/airflow/example_dags/example_branch_labels.py
[2023-03-03T16:50:52.630+0100] {logging_mixin.py:137} INFO - [2023-03-03T16:50:52.630+0100] {dag.py:2585} INFO - Sync 1 DAGs
[2023-03-03T16:50:52.646+0100] {logging_mixin.py:137} INFO - [2023-03-03T16:50:52.646+0100] {dag.py:3336} INFO - Setting next_dagrun for example_branch_labels to 2023-03-02T00:00:00+00:00, run_after=2023-03-03T00:00:00+00:00
[2023-03-03T16:50:52.662+0100] {processor.py:176} INFO - Processing /Users/uab910/dev/nnam-poc/pyenv/lib/python3.10/site-packages/airflow/example_dags/example_branch_labels.py took 0.274 seconds
[2023-03-03T16:52:25.035+0100] {processor.py:154} INFO - Started process (PID=59202) to work on /Users/uab910/dev/nnam-poc/pyenv/lib/python3.10/site-packages/airflow/example_dags/example_branch_labels.py
[2023-03-03T16:52:25.040+0100] {processor.py:756} INFO - Processing file /Users/uab910/dev/nnam-poc/pyenv/lib/python3.10/site-packages/airflow/example_dags/example_branch_labels.py for tasks to queue
[2023-03-03T16:52:25.040+0100] {logging_mixin.py:137} INFO - [2023-03-03T16:52:25.040+0100] {dagbag.py:537} INFO - Filling up the DagBag from /Users/uab910/dev/nnam-poc/pyenv/lib/python3.10/site-packages/airflow/example_dags/example_branch_labels.py
[2023-03-03T16:52:25.078+0100] {processor.py:766} INFO - DAG(s) dict_keys(['example_branch_labels']) retrieved from /Users/uab910/dev/nnam-poc/pyenv/lib/python3.10/site-packages/airflow/example_dags/example_branch_labels.py
[2023-03-03T16:52:25.345+0100] {logging_mixin.py:137} INFO - [2023-03-03T16:52:25.344+0100] {dag.py:2585} INFO - Sync 1 DAGs
[2023-03-03T16:52:25.366+0100] {logging_mixin.py:137} INFO - [2023-03-03T16:52:25.366+0100] {dag.py:3336} INFO - Setting next_dagrun for example_branch_labels to 2023-03-02T00:00:00+00:00, run_after=2023-03-03T00:00:00+00:00
[2023-03-03T16:52:25.387+0100] {processor.py:176} INFO - Processing /Users/uab910/dev/nnam-poc/pyenv/lib/python3.10/site-packages/airflow/example_dags/example_branch_labels.py took 0.353 seconds
[2023-03-03T16:53:52.508+0100] {processor.py:154} INFO - Started process (PID=59261) to work on /Users/uab910/dev/nnam-poc/pyenv/lib/python3.10/site-packages/airflow/example_dags/example_branch_labels.py
[2023-03-03T16:53:52.515+0100] {processor.py:756} INFO - Processing file /Users/uab910/dev/nnam-poc/pyenv/lib/python3.10/site-packages/airflow/example_dags/example_branch_labels.py for tasks to queue
[2023-03-03T16:53:52.515+0100] {logging_mixin.py:137} INFO - [2023-03-03T16:53:52.515+0100] {dagbag.py:537} INFO - Filling up the DagBag from /Users/uab910/dev/nnam-poc/pyenv/lib/python3.10/site-packages/airflow/example_dags/example_branch_labels.py
[2023-03-03T16:53:52.550+0100] {processor.py:766} INFO - DAG(s) dict_keys(['example_branch_labels']) retrieved from /Users/uab910/dev/nnam-poc/pyenv/lib/python3.10/site-packages/airflow/example_dags/example_branch_labels.py
[2023-03-03T16:53:52.737+0100] {logging_mixin.py:137} INFO - [2023-03-03T16:53:52.737+0100] {dag.py:2585} INFO - Sync 1 DAGs
[2023-03-03T16:53:52.753+0100] {logging_mixin.py:137} INFO - [2023-03-03T16:53:52.753+0100] {dag.py:3336} INFO - Setting next_dagrun for example_branch_labels to 2023-03-02T00:00:00+00:00, run_after=2023-03-03T00:00:00+00:00
[2023-03-03T16:53:52.772+0100] {processor.py:176} INFO - Processing /Users/uab910/dev/nnam-poc/pyenv/lib/python3.10/site-packages/airflow/example_dags/example_branch_labels.py took 0.264 seconds
[2023-03-03T16:55:26.211+0100] {processor.py:154} INFO - Started process (PID=59311) to work on /Users/uab910/dev/nnam-poc/pyenv/lib/python3.10/site-packages/airflow/example_dags/example_branch_labels.py
[2023-03-03T16:55:26.215+0100] {processor.py:756} INFO - Processing file /Users/uab910/dev/nnam-poc/pyenv/lib/python3.10/site-packages/airflow/example_dags/example_branch_labels.py for tasks to queue
[2023-03-03T16:55:26.215+0100] {logging_mixin.py:137} INFO - [2023-03-03T16:55:26.215+0100] {dagbag.py:537} INFO - Filling up the DagBag from /Users/uab910/dev/nnam-poc/pyenv/lib/python3.10/site-packages/airflow/example_dags/example_branch_labels.py
[2023-03-03T16:55:26.249+0100] {processor.py:766} INFO - DAG(s) dict_keys(['example_branch_labels']) retrieved from /Users/uab910/dev/nnam-poc/pyenv/lib/python3.10/site-packages/airflow/example_dags/example_branch_labels.py
[2023-03-03T16:55:26.418+0100] {logging_mixin.py:137} INFO - [2023-03-03T16:55:26.418+0100] {dag.py:2585} INFO - Sync 1 DAGs
[2023-03-03T16:55:26.432+0100] {logging_mixin.py:137} INFO - [2023-03-03T16:55:26.432+0100] {dag.py:3336} INFO - Setting next_dagrun for example_branch_labels to 2023-03-02T00:00:00+00:00, run_after=2023-03-03T00:00:00+00:00
[2023-03-03T16:55:26.447+0100] {processor.py:176} INFO - Processing /Users/uab910/dev/nnam-poc/pyenv/lib/python3.10/site-packages/airflow/example_dags/example_branch_labels.py took 0.237 seconds
[2023-03-03T16:56:59.462+0100] {processor.py:154} INFO - Started process (PID=59360) to work on /Users/uab910/dev/nnam-poc/pyenv/lib/python3.10/site-packages/airflow/example_dags/example_branch_labels.py
[2023-03-03T16:56:59.468+0100] {processor.py:756} INFO - Processing file /Users/uab910/dev/nnam-poc/pyenv/lib/python3.10/site-packages/airflow/example_dags/example_branch_labels.py for tasks to queue
[2023-03-03T16:56:59.469+0100] {logging_mixin.py:137} INFO - [2023-03-03T16:56:59.469+0100] {dagbag.py:537} INFO - Filling up the DagBag from /Users/uab910/dev/nnam-poc/pyenv/lib/python3.10/site-packages/airflow/example_dags/example_branch_labels.py
[2023-03-03T16:56:59.508+0100] {processor.py:766} INFO - DAG(s) dict_keys(['example_branch_labels']) retrieved from /Users/uab910/dev/nnam-poc/pyenv/lib/python3.10/site-packages/airflow/example_dags/example_branch_labels.py
[2023-03-03T16:56:59.738+0100] {logging_mixin.py:137} INFO - [2023-03-03T16:56:59.738+0100] {dag.py:2585} INFO - Sync 1 DAGs
[2023-03-03T16:56:59.760+0100] {logging_mixin.py:137} INFO - [2023-03-03T16:56:59.760+0100] {dag.py:3336} INFO - Setting next_dagrun for example_branch_labels to 2023-03-02T00:00:00+00:00, run_after=2023-03-03T00:00:00+00:00
[2023-03-03T16:56:59.781+0100] {processor.py:176} INFO - Processing /Users/uab910/dev/nnam-poc/pyenv/lib/python3.10/site-packages/airflow/example_dags/example_branch_labels.py took 0.320 seconds
[2023-03-03T16:58:32.744+0100] {processor.py:154} INFO - Started process (PID=59409) to work on /Users/uab910/dev/nnam-poc/pyenv/lib/python3.10/site-packages/airflow/example_dags/example_branch_labels.py
[2023-03-03T16:58:32.750+0100] {processor.py:756} INFO - Processing file /Users/uab910/dev/nnam-poc/pyenv/lib/python3.10/site-packages/airflow/example_dags/example_branch_labels.py for tasks to queue
[2023-03-03T16:58:32.750+0100] {logging_mixin.py:137} INFO - [2023-03-03T16:58:32.750+0100] {dagbag.py:537} INFO - Filling up the DagBag from /Users/uab910/dev/nnam-poc/pyenv/lib/python3.10/site-packages/airflow/example_dags/example_branch_labels.py
[2023-03-03T16:58:32.783+0100] {processor.py:766} INFO - DAG(s) dict_keys(['example_branch_labels']) retrieved from /Users/uab910/dev/nnam-poc/pyenv/lib/python3.10/site-packages/airflow/example_dags/example_branch_labels.py
[2023-03-03T16:58:32.974+0100] {logging_mixin.py:137} INFO - [2023-03-03T16:58:32.974+0100] {dag.py:2585} INFO - Sync 1 DAGs
[2023-03-03T16:58:32.989+0100] {logging_mixin.py:137} INFO - [2023-03-03T16:58:32.989+0100] {dag.py:3336} INFO - Setting next_dagrun for example_branch_labels to 2023-03-02T00:00:00+00:00, run_after=2023-03-03T00:00:00+00:00
[2023-03-03T16:58:33.003+0100] {processor.py:176} INFO - Processing /Users/uab910/dev/nnam-poc/pyenv/lib/python3.10/site-packages/airflow/example_dags/example_branch_labels.py took 0.260 seconds
[2023-03-03T17:00:06.689+0100] {processor.py:154} INFO - Started process (PID=59454) to work on /Users/uab910/dev/nnam-poc/pyenv/lib/python3.10/site-packages/airflow/example_dags/example_branch_labels.py
[2023-03-03T17:00:06.695+0100] {processor.py:756} INFO - Processing file /Users/uab910/dev/nnam-poc/pyenv/lib/python3.10/site-packages/airflow/example_dags/example_branch_labels.py for tasks to queue
[2023-03-03T17:00:06.695+0100] {logging_mixin.py:137} INFO - [2023-03-03T17:00:06.695+0100] {dagbag.py:537} INFO - Filling up the DagBag from /Users/uab910/dev/nnam-poc/pyenv/lib/python3.10/site-packages/airflow/example_dags/example_branch_labels.py
[2023-03-03T17:00:06.727+0100] {processor.py:766} INFO - DAG(s) dict_keys(['example_branch_labels']) retrieved from /Users/uab910/dev/nnam-poc/pyenv/lib/python3.10/site-packages/airflow/example_dags/example_branch_labels.py
[2023-03-03T17:00:06.905+0100] {logging_mixin.py:137} INFO - [2023-03-03T17:00:06.905+0100] {dag.py:2585} INFO - Sync 1 DAGs
[2023-03-03T17:00:06.923+0100] {logging_mixin.py:137} INFO - [2023-03-03T17:00:06.922+0100] {dag.py:3336} INFO - Setting next_dagrun for example_branch_labels to 2023-03-02T00:00:00+00:00, run_after=2023-03-03T00:00:00+00:00
[2023-03-03T17:00:06.938+0100] {processor.py:176} INFO - Processing /Users/uab910/dev/nnam-poc/pyenv/lib/python3.10/site-packages/airflow/example_dags/example_branch_labels.py took 0.250 seconds
[2023-03-03T17:01:39.213+0100] {processor.py:154} INFO - Started process (PID=59506) to work on /Users/uab910/dev/nnam-poc/pyenv/lib/python3.10/site-packages/airflow/example_dags/example_branch_labels.py
[2023-03-03T17:01:39.218+0100] {processor.py:756} INFO - Processing file /Users/uab910/dev/nnam-poc/pyenv/lib/python3.10/site-packages/airflow/example_dags/example_branch_labels.py for tasks to queue
[2023-03-03T17:01:39.219+0100] {logging_mixin.py:137} INFO - [2023-03-03T17:01:39.218+0100] {dagbag.py:537} INFO - Filling up the DagBag from /Users/uab910/dev/nnam-poc/pyenv/lib/python3.10/site-packages/airflow/example_dags/example_branch_labels.py
[2023-03-03T17:01:39.252+0100] {processor.py:766} INFO - DAG(s) dict_keys(['example_branch_labels']) retrieved from /Users/uab910/dev/nnam-poc/pyenv/lib/python3.10/site-packages/airflow/example_dags/example_branch_labels.py
[2023-03-03T17:01:39.442+0100] {logging_mixin.py:137} INFO - [2023-03-03T17:01:39.442+0100] {dag.py:2585} INFO - Sync 1 DAGs
[2023-03-03T17:01:39.460+0100] {logging_mixin.py:137} INFO - [2023-03-03T17:01:39.460+0100] {dag.py:3336} INFO - Setting next_dagrun for example_branch_labels to 2023-03-02T00:00:00+00:00, run_after=2023-03-03T00:00:00+00:00
[2023-03-03T17:01:39.478+0100] {processor.py:176} INFO - Processing /Users/uab910/dev/nnam-poc/pyenv/lib/python3.10/site-packages/airflow/example_dags/example_branch_labels.py took 0.266 seconds
[2023-03-03T17:03:11.534+0100] {processor.py:154} INFO - Started process (PID=59552) to work on /Users/uab910/dev/nnam-poc/pyenv/lib/python3.10/site-packages/airflow/example_dags/example_branch_labels.py
[2023-03-03T17:03:11.539+0100] {processor.py:756} INFO - Processing file /Users/uab910/dev/nnam-poc/pyenv/lib/python3.10/site-packages/airflow/example_dags/example_branch_labels.py for tasks to queue
[2023-03-03T17:03:11.540+0100] {logging_mixin.py:137} INFO - [2023-03-03T17:03:11.540+0100] {dagbag.py:537} INFO - Filling up the DagBag from /Users/uab910/dev/nnam-poc/pyenv/lib/python3.10/site-packages/airflow/example_dags/example_branch_labels.py
[2023-03-03T17:03:11.572+0100] {processor.py:766} INFO - DAG(s) dict_keys(['example_branch_labels']) retrieved from /Users/uab910/dev/nnam-poc/pyenv/lib/python3.10/site-packages/airflow/example_dags/example_branch_labels.py
[2023-03-03T17:03:11.744+0100] {logging_mixin.py:137} INFO - [2023-03-03T17:03:11.744+0100] {dag.py:2585} INFO - Sync 1 DAGs
[2023-03-03T17:03:11.759+0100] {logging_mixin.py:137} INFO - [2023-03-03T17:03:11.758+0100] {dag.py:3336} INFO - Setting next_dagrun for example_branch_labels to 2023-03-02T00:00:00+00:00, run_after=2023-03-03T00:00:00+00:00
[2023-03-03T17:03:11.773+0100] {processor.py:176} INFO - Processing /Users/uab910/dev/nnam-poc/pyenv/lib/python3.10/site-packages/airflow/example_dags/example_branch_labels.py took 0.240 seconds
[2023-03-03T17:04:42.328+0100] {processor.py:154} INFO - Started process (PID=59618) to work on /Users/uab910/dev/nnam-poc/pyenv/lib/python3.10/site-packages/airflow/example_dags/example_branch_labels.py
[2023-03-03T17:04:42.333+0100] {processor.py:756} INFO - Processing file /Users/uab910/dev/nnam-poc/pyenv/lib/python3.10/site-packages/airflow/example_dags/example_branch_labels.py for tasks to queue
[2023-03-03T17:04:42.334+0100] {logging_mixin.py:137} INFO - [2023-03-03T17:04:42.334+0100] {dagbag.py:537} INFO - Filling up the DagBag from /Users/uab910/dev/nnam-poc/pyenv/lib/python3.10/site-packages/airflow/example_dags/example_branch_labels.py
[2023-03-03T17:04:42.366+0100] {processor.py:766} INFO - DAG(s) dict_keys(['example_branch_labels']) retrieved from /Users/uab910/dev/nnam-poc/pyenv/lib/python3.10/site-packages/airflow/example_dags/example_branch_labels.py
[2023-03-03T17:04:42.535+0100] {logging_mixin.py:137} INFO - [2023-03-03T17:04:42.535+0100] {dag.py:2585} INFO - Sync 1 DAGs
[2023-03-03T17:04:42.548+0100] {logging_mixin.py:137} INFO - [2023-03-03T17:04:42.548+0100] {dag.py:3336} INFO - Setting next_dagrun for example_branch_labels to 2023-03-02T00:00:00+00:00, run_after=2023-03-03T00:00:00+00:00
[2023-03-03T17:04:42.562+0100] {processor.py:176} INFO - Processing /Users/uab910/dev/nnam-poc/pyenv/lib/python3.10/site-packages/airflow/example_dags/example_branch_labels.py took 0.235 seconds
[2023-03-03T17:06:11.543+0100] {processor.py:154} INFO - Started process (PID=59667) to work on /Users/uab910/dev/nnam-poc/pyenv/lib/python3.10/site-packages/airflow/example_dags/example_branch_labels.py
[2023-03-03T17:06:11.549+0100] {processor.py:756} INFO - Processing file /Users/uab910/dev/nnam-poc/pyenv/lib/python3.10/site-packages/airflow/example_dags/example_branch_labels.py for tasks to queue
[2023-03-03T17:06:11.549+0100] {logging_mixin.py:137} INFO - [2023-03-03T17:06:11.549+0100] {dagbag.py:537} INFO - Filling up the DagBag from /Users/uab910/dev/nnam-poc/pyenv/lib/python3.10/site-packages/airflow/example_dags/example_branch_labels.py
[2023-03-03T17:06:11.580+0100] {processor.py:766} INFO - DAG(s) dict_keys(['example_branch_labels']) retrieved from /Users/uab910/dev/nnam-poc/pyenv/lib/python3.10/site-packages/airflow/example_dags/example_branch_labels.py
[2023-03-03T17:06:11.755+0100] {logging_mixin.py:137} INFO - [2023-03-03T17:06:11.754+0100] {dag.py:2585} INFO - Sync 1 DAGs
[2023-03-03T17:06:11.770+0100] {logging_mixin.py:137} INFO - [2023-03-03T17:06:11.770+0100] {dag.py:3336} INFO - Setting next_dagrun for example_branch_labels to 2023-03-02T00:00:00+00:00, run_after=2023-03-03T00:00:00+00:00
[2023-03-03T17:06:11.785+0100] {processor.py:176} INFO - Processing /Users/uab910/dev/nnam-poc/pyenv/lib/python3.10/site-packages/airflow/example_dags/example_branch_labels.py took 0.243 seconds
[2023-03-03T17:07:55.211+0100] {processor.py:154} INFO - Started process (PID=59723) to work on /Users/uab910/dev/nnam-poc/pyenv/lib/python3.10/site-packages/airflow/example_dags/example_branch_labels.py
[2023-03-03T17:07:55.216+0100] {processor.py:756} INFO - Processing file /Users/uab910/dev/nnam-poc/pyenv/lib/python3.10/site-packages/airflow/example_dags/example_branch_labels.py for tasks to queue
[2023-03-03T17:07:55.216+0100] {logging_mixin.py:137} INFO - [2023-03-03T17:07:55.216+0100] {dagbag.py:537} INFO - Filling up the DagBag from /Users/uab910/dev/nnam-poc/pyenv/lib/python3.10/site-packages/airflow/example_dags/example_branch_labels.py
[2023-03-03T17:07:55.245+0100] {processor.py:766} INFO - DAG(s) dict_keys(['example_branch_labels']) retrieved from /Users/uab910/dev/nnam-poc/pyenv/lib/python3.10/site-packages/airflow/example_dags/example_branch_labels.py
[2023-03-03T17:07:55.414+0100] {logging_mixin.py:137} INFO - [2023-03-03T17:07:55.413+0100] {dag.py:2585} INFO - Sync 1 DAGs
[2023-03-03T17:07:55.427+0100] {logging_mixin.py:137} INFO - [2023-03-03T17:07:55.427+0100] {dag.py:3336} INFO - Setting next_dagrun for example_branch_labels to 2023-03-02T00:00:00+00:00, run_after=2023-03-03T00:00:00+00:00
[2023-03-03T17:07:55.441+0100] {processor.py:176} INFO - Processing /Users/uab910/dev/nnam-poc/pyenv/lib/python3.10/site-packages/airflow/example_dags/example_branch_labels.py took 0.230 seconds
[2023-03-03T17:09:31.521+0100] {processor.py:154} INFO - Started process (PID=59789) to work on /Users/uab910/dev/nnam-poc/pyenv/lib/python3.10/site-packages/airflow/example_dags/example_branch_labels.py
[2023-03-03T17:09:31.527+0100] {processor.py:756} INFO - Processing file /Users/uab910/dev/nnam-poc/pyenv/lib/python3.10/site-packages/airflow/example_dags/example_branch_labels.py for tasks to queue
[2023-03-03T17:09:31.527+0100] {logging_mixin.py:137} INFO - [2023-03-03T17:09:31.527+0100] {dagbag.py:537} INFO - Filling up the DagBag from /Users/uab910/dev/nnam-poc/pyenv/lib/python3.10/site-packages/airflow/example_dags/example_branch_labels.py
[2023-03-03T17:09:31.562+0100] {processor.py:766} INFO - DAG(s) dict_keys(['example_branch_labels']) retrieved from /Users/uab910/dev/nnam-poc/pyenv/lib/python3.10/site-packages/airflow/example_dags/example_branch_labels.py
[2023-03-03T17:09:31.730+0100] {logging_mixin.py:137} INFO - [2023-03-03T17:09:31.729+0100] {dag.py:2585} INFO - Sync 1 DAGs
[2023-03-03T17:09:31.744+0100] {logging_mixin.py:137} INFO - [2023-03-03T17:09:31.743+0100] {dag.py:3336} INFO - Setting next_dagrun for example_branch_labels to 2023-03-02T00:00:00+00:00, run_after=2023-03-03T00:00:00+00:00
[2023-03-03T17:09:31.758+0100] {processor.py:176} INFO - Processing /Users/uab910/dev/nnam-poc/pyenv/lib/python3.10/site-packages/airflow/example_dags/example_branch_labels.py took 0.237 seconds
[2023-03-03T17:10:58.912+0100] {processor.py:154} INFO - Started process (PID=59837) to work on /Users/uab910/dev/nnam-poc/pyenv/lib/python3.10/site-packages/airflow/example_dags/example_branch_labels.py
[2023-03-03T17:10:58.917+0100] {processor.py:756} INFO - Processing file /Users/uab910/dev/nnam-poc/pyenv/lib/python3.10/site-packages/airflow/example_dags/example_branch_labels.py for tasks to queue
[2023-03-03T17:10:58.917+0100] {logging_mixin.py:137} INFO - [2023-03-03T17:10:58.917+0100] {dagbag.py:537} INFO - Filling up the DagBag from /Users/uab910/dev/nnam-poc/pyenv/lib/python3.10/site-packages/airflow/example_dags/example_branch_labels.py
[2023-03-03T17:10:58.946+0100] {processor.py:766} INFO - DAG(s) dict_keys(['example_branch_labels']) retrieved from /Users/uab910/dev/nnam-poc/pyenv/lib/python3.10/site-packages/airflow/example_dags/example_branch_labels.py
[2023-03-03T17:10:59.114+0100] {logging_mixin.py:137} INFO - [2023-03-03T17:10:59.114+0100] {dag.py:2585} INFO - Sync 1 DAGs
[2023-03-03T17:10:59.129+0100] {logging_mixin.py:137} INFO - [2023-03-03T17:10:59.129+0100] {dag.py:3336} INFO - Setting next_dagrun for example_branch_labels to 2023-03-02T00:00:00+00:00, run_after=2023-03-03T00:00:00+00:00
[2023-03-03T17:10:59.145+0100] {processor.py:176} INFO - Processing /Users/uab910/dev/nnam-poc/pyenv/lib/python3.10/site-packages/airflow/example_dags/example_branch_labels.py took 0.233 seconds
[2023-03-03T17:12:28.426+0100] {processor.py:154} INFO - Started process (PID=59901) to work on /Users/uab910/dev/nnam-poc/pyenv/lib/python3.10/site-packages/airflow/example_dags/example_branch_labels.py
[2023-03-03T17:12:28.431+0100] {processor.py:756} INFO - Processing file /Users/uab910/dev/nnam-poc/pyenv/lib/python3.10/site-packages/airflow/example_dags/example_branch_labels.py for tasks to queue
[2023-03-03T17:12:28.431+0100] {logging_mixin.py:137} INFO - [2023-03-03T17:12:28.431+0100] {dagbag.py:537} INFO - Filling up the DagBag from /Users/uab910/dev/nnam-poc/pyenv/lib/python3.10/site-packages/airflow/example_dags/example_branch_labels.py
[2023-03-03T17:12:28.463+0100] {processor.py:766} INFO - DAG(s) dict_keys(['example_branch_labels']) retrieved from /Users/uab910/dev/nnam-poc/pyenv/lib/python3.10/site-packages/airflow/example_dags/example_branch_labels.py
[2023-03-03T17:12:28.631+0100] {logging_mixin.py:137} INFO - [2023-03-03T17:12:28.630+0100] {dag.py:2585} INFO - Sync 1 DAGs
[2023-03-03T17:12:28.645+0100] {logging_mixin.py:137} INFO - [2023-03-03T17:12:28.645+0100] {dag.py:3336} INFO - Setting next_dagrun for example_branch_labels to 2023-03-02T00:00:00+00:00, run_after=2023-03-03T00:00:00+00:00
[2023-03-03T17:12:28.659+0100] {processor.py:176} INFO - Processing /Users/uab910/dev/nnam-poc/pyenv/lib/python3.10/site-packages/airflow/example_dags/example_branch_labels.py took 0.234 seconds
[2023-03-03T17:13:58.406+0100] {processor.py:154} INFO - Started process (PID=59983) to work on /Users/uab910/dev/nnam-poc/pyenv/lib/python3.10/site-packages/airflow/example_dags/example_branch_labels.py
[2023-03-03T17:13:58.411+0100] {processor.py:756} INFO - Processing file /Users/uab910/dev/nnam-poc/pyenv/lib/python3.10/site-packages/airflow/example_dags/example_branch_labels.py for tasks to queue
[2023-03-03T17:13:58.412+0100] {logging_mixin.py:137} INFO - [2023-03-03T17:13:58.412+0100] {dagbag.py:537} INFO - Filling up the DagBag from /Users/uab910/dev/nnam-poc/pyenv/lib/python3.10/site-packages/airflow/example_dags/example_branch_labels.py
[2023-03-03T17:13:58.442+0100] {processor.py:766} INFO - DAG(s) dict_keys(['example_branch_labels']) retrieved from /Users/uab910/dev/nnam-poc/pyenv/lib/python3.10/site-packages/airflow/example_dags/example_branch_labels.py
[2023-03-03T17:13:58.606+0100] {logging_mixin.py:137} INFO - [2023-03-03T17:13:58.606+0100] {dag.py:2585} INFO - Sync 1 DAGs
[2023-03-03T17:13:58.619+0100] {logging_mixin.py:137} INFO - [2023-03-03T17:13:58.619+0100] {dag.py:3336} INFO - Setting next_dagrun for example_branch_labels to 2023-03-02T00:00:00+00:00, run_after=2023-03-03T00:00:00+00:00
[2023-03-03T17:13:58.633+0100] {processor.py:176} INFO - Processing /Users/uab910/dev/nnam-poc/pyenv/lib/python3.10/site-packages/airflow/example_dags/example_branch_labels.py took 0.228 seconds
[2023-03-03T17:15:30.942+0100] {processor.py:154} INFO - Started process (PID=60038) to work on /Users/uab910/dev/nnam-poc/pyenv/lib/python3.10/site-packages/airflow/example_dags/example_branch_labels.py
[2023-03-03T17:15:30.948+0100] {processor.py:756} INFO - Processing file /Users/uab910/dev/nnam-poc/pyenv/lib/python3.10/site-packages/airflow/example_dags/example_branch_labels.py for tasks to queue
[2023-03-03T17:15:30.949+0100] {logging_mixin.py:137} INFO - [2023-03-03T17:15:30.949+0100] {dagbag.py:537} INFO - Filling up the DagBag from /Users/uab910/dev/nnam-poc/pyenv/lib/python3.10/site-packages/airflow/example_dags/example_branch_labels.py
[2023-03-03T17:15:30.984+0100] {processor.py:766} INFO - DAG(s) dict_keys(['example_branch_labels']) retrieved from /Users/uab910/dev/nnam-poc/pyenv/lib/python3.10/site-packages/airflow/example_dags/example_branch_labels.py
[2023-03-03T17:15:31.170+0100] {logging_mixin.py:137} INFO - [2023-03-03T17:15:31.169+0100] {dag.py:2585} INFO - Sync 1 DAGs
[2023-03-03T17:15:31.185+0100] {logging_mixin.py:137} INFO - [2023-03-03T17:15:31.185+0100] {dag.py:3336} INFO - Setting next_dagrun for example_branch_labels to 2023-03-02T00:00:00+00:00, run_after=2023-03-03T00:00:00+00:00
[2023-03-03T17:15:31.201+0100] {processor.py:176} INFO - Processing /Users/uab910/dev/nnam-poc/pyenv/lib/python3.10/site-packages/airflow/example_dags/example_branch_labels.py took 0.259 seconds
[2023-03-03T17:17:04.534+0100] {processor.py:154} INFO - Started process (PID=60092) to work on /Users/uab910/dev/nnam-poc/pyenv/lib/python3.10/site-packages/airflow/example_dags/example_branch_labels.py
[2023-03-03T17:17:04.539+0100] {processor.py:756} INFO - Processing file /Users/uab910/dev/nnam-poc/pyenv/lib/python3.10/site-packages/airflow/example_dags/example_branch_labels.py for tasks to queue
[2023-03-03T17:17:04.540+0100] {logging_mixin.py:137} INFO - [2023-03-03T17:17:04.539+0100] {dagbag.py:537} INFO - Filling up the DagBag from /Users/uab910/dev/nnam-poc/pyenv/lib/python3.10/site-packages/airflow/example_dags/example_branch_labels.py
[2023-03-03T17:17:04.574+0100] {processor.py:766} INFO - DAG(s) dict_keys(['example_branch_labels']) retrieved from /Users/uab910/dev/nnam-poc/pyenv/lib/python3.10/site-packages/airflow/example_dags/example_branch_labels.py
[2023-03-03T17:17:04.756+0100] {logging_mixin.py:137} INFO - [2023-03-03T17:17:04.756+0100] {dag.py:2585} INFO - Sync 1 DAGs
[2023-03-03T17:17:04.772+0100] {logging_mixin.py:137} INFO - [2023-03-03T17:17:04.772+0100] {dag.py:3336} INFO - Setting next_dagrun for example_branch_labels to 2023-03-02T00:00:00+00:00, run_after=2023-03-03T00:00:00+00:00
[2023-03-03T17:17:04.787+0100] {processor.py:176} INFO - Processing /Users/uab910/dev/nnam-poc/pyenv/lib/python3.10/site-packages/airflow/example_dags/example_branch_labels.py took 0.254 seconds
[2023-03-03T17:18:31.372+0100] {processor.py:154} INFO - Started process (PID=60143) to work on /Users/uab910/dev/nnam-poc/pyenv/lib/python3.10/site-packages/airflow/example_dags/example_branch_labels.py
[2023-03-03T17:18:31.377+0100] {processor.py:756} INFO - Processing file /Users/uab910/dev/nnam-poc/pyenv/lib/python3.10/site-packages/airflow/example_dags/example_branch_labels.py for tasks to queue
[2023-03-03T17:18:31.377+0100] {logging_mixin.py:137} INFO - [2023-03-03T17:18:31.377+0100] {dagbag.py:537} INFO - Filling up the DagBag from /Users/uab910/dev/nnam-poc/pyenv/lib/python3.10/site-packages/airflow/example_dags/example_branch_labels.py
[2023-03-03T17:18:31.408+0100] {processor.py:766} INFO - DAG(s) dict_keys(['example_branch_labels']) retrieved from /Users/uab910/dev/nnam-poc/pyenv/lib/python3.10/site-packages/airflow/example_dags/example_branch_labels.py
[2023-03-03T17:18:31.577+0100] {logging_mixin.py:137} INFO - [2023-03-03T17:18:31.577+0100] {dag.py:2585} INFO - Sync 1 DAGs
[2023-03-03T17:18:31.591+0100] {logging_mixin.py:137} INFO - [2023-03-03T17:18:31.590+0100] {dag.py:3336} INFO - Setting next_dagrun for example_branch_labels to 2023-03-02T00:00:00+00:00, run_after=2023-03-03T00:00:00+00:00
[2023-03-03T17:18:31.604+0100] {processor.py:176} INFO - Processing /Users/uab910/dev/nnam-poc/pyenv/lib/python3.10/site-packages/airflow/example_dags/example_branch_labels.py took 0.233 seconds
