[2023-03-03T16:01:48.650+0100] {processor.py:154} INFO - Started process (PID=57153) to work on /Users/uab910/dev/nnam-poc/pyenv/lib/python3.10/site-packages/airflow/example_dags/example_branch_operator.py
[2023-03-03T16:01:48.656+0100] {processor.py:756} INFO - Processing file /Users/uab910/dev/nnam-poc/pyenv/lib/python3.10/site-packages/airflow/example_dags/example_branch_operator.py for tasks to queue
[2023-03-03T16:01:48.656+0100] {logging_mixin.py:137} INFO - [2023-03-03T16:01:48.656+0100] {dagbag.py:537} INFO - Filling up the DagBag from /Users/uab910/dev/nnam-poc/pyenv/lib/python3.10/site-packages/airflow/example_dags/example_branch_operator.py
[2023-03-03T16:01:48.708+0100] {processor.py:766} INFO - DAG(s) dict_keys(['example_branch_operator']) retrieved from /Users/uab910/dev/nnam-poc/pyenv/lib/python3.10/site-packages/airflow/example_dags/example_branch_operator.py
[2023-03-03T16:01:49.861+0100] {logging_mixin.py:137} INFO - [2023-03-03T16:01:49.861+0100] {manager.py:507} INFO - Created Permission View: can edit on DAG:example_branch_operator
[2023-03-03T16:01:49.869+0100] {logging_mixin.py:137} INFO - [2023-03-03T16:01:49.869+0100] {manager.py:507} INFO - Created Permission View: can delete on DAG:example_branch_operator
[2023-03-03T16:01:49.875+0100] {logging_mixin.py:137} INFO - [2023-03-03T16:01:49.875+0100] {manager.py:507} INFO - Created Permission View: can read on DAG:example_branch_operator
[2023-03-03T16:01:49.875+0100] {logging_mixin.py:137} INFO - [2023-03-03T16:01:49.875+0100] {dag.py:2585} INFO - Sync 1 DAGs
[2023-03-03T16:01:49.885+0100] {logging_mixin.py:137} INFO - [2023-03-03T16:01:49.885+0100] {dag.py:2606} INFO - Creating ORM DAG for example_branch_operator
[2023-03-03T16:01:49.894+0100] {logging_mixin.py:137} INFO - [2023-03-03T16:01:49.894+0100] {dag.py:3336} INFO - Setting next_dagrun for example_branch_operator to 2023-03-02T00:00:00+00:00, run_after=2023-03-03T00:00:00+00:00
[2023-03-03T16:01:49.911+0100] {processor.py:176} INFO - Processing /Users/uab910/dev/nnam-poc/pyenv/lib/python3.10/site-packages/airflow/example_dags/example_branch_operator.py took 1.262 seconds
[2023-03-03T16:03:41.485+0100] {processor.py:154} INFO - Started process (PID=57267) to work on /Users/uab910/dev/nnam-poc/pyenv/lib/python3.10/site-packages/airflow/example_dags/example_branch_operator.py
[2023-03-03T16:03:41.491+0100] {processor.py:756} INFO - Processing file /Users/uab910/dev/nnam-poc/pyenv/lib/python3.10/site-packages/airflow/example_dags/example_branch_operator.py for tasks to queue
[2023-03-03T16:03:41.491+0100] {logging_mixin.py:137} INFO - [2023-03-03T16:03:41.491+0100] {dagbag.py:537} INFO - Filling up the DagBag from /Users/uab910/dev/nnam-poc/pyenv/lib/python3.10/site-packages/airflow/example_dags/example_branch_operator.py
[2023-03-03T16:03:41.546+0100] {processor.py:766} INFO - DAG(s) dict_keys(['example_branch_operator']) retrieved from /Users/uab910/dev/nnam-poc/pyenv/lib/python3.10/site-packages/airflow/example_dags/example_branch_operator.py
[2023-03-03T16:03:41.736+0100] {logging_mixin.py:137} INFO - [2023-03-03T16:03:41.735+0100] {dag.py:2585} INFO - Sync 1 DAGs
[2023-03-03T16:03:41.752+0100] {logging_mixin.py:137} INFO - [2023-03-03T16:03:41.752+0100] {dag.py:3336} INFO - Setting next_dagrun for example_branch_operator to 2023-03-02T00:00:00+00:00, run_after=2023-03-03T00:00:00+00:00
[2023-03-03T16:03:41.769+0100] {processor.py:176} INFO - Processing /Users/uab910/dev/nnam-poc/pyenv/lib/python3.10/site-packages/airflow/example_dags/example_branch_operator.py took 0.285 seconds
[2023-03-03T16:04:57.022+0100] {processor.py:154} INFO - Started process (PID=57313) to work on /Users/uab910/dev/nnam-poc/pyenv/lib/python3.10/site-packages/airflow/example_dags/example_branch_operator.py
[2023-03-03T16:04:57.026+0100] {processor.py:756} INFO - Processing file /Users/uab910/dev/nnam-poc/pyenv/lib/python3.10/site-packages/airflow/example_dags/example_branch_operator.py for tasks to queue
[2023-03-03T16:04:57.027+0100] {logging_mixin.py:137} INFO - [2023-03-03T16:04:57.027+0100] {dagbag.py:537} INFO - Filling up the DagBag from /Users/uab910/dev/nnam-poc/pyenv/lib/python3.10/site-packages/airflow/example_dags/example_branch_operator.py
[2023-03-03T16:04:57.077+0100] {processor.py:766} INFO - DAG(s) dict_keys(['example_branch_operator']) retrieved from /Users/uab910/dev/nnam-poc/pyenv/lib/python3.10/site-packages/airflow/example_dags/example_branch_operator.py
[2023-03-03T16:04:57.237+0100] {logging_mixin.py:137} INFO - [2023-03-03T16:04:57.237+0100] {dag.py:2585} INFO - Sync 1 DAGs
[2023-03-03T16:04:57.251+0100] {logging_mixin.py:137} INFO - [2023-03-03T16:04:57.251+0100] {dag.py:3336} INFO - Setting next_dagrun for example_branch_operator to 2023-03-02T00:00:00+00:00, run_after=2023-03-03T00:00:00+00:00
[2023-03-03T16:04:57.266+0100] {processor.py:176} INFO - Processing /Users/uab910/dev/nnam-poc/pyenv/lib/python3.10/site-packages/airflow/example_dags/example_branch_operator.py took 0.245 seconds
[2023-03-03T16:06:11.595+0100] {processor.py:154} INFO - Started process (PID=57357) to work on /Users/uab910/dev/nnam-poc/pyenv/lib/python3.10/site-packages/airflow/example_dags/example_branch_operator.py
[2023-03-03T16:06:11.601+0100] {processor.py:756} INFO - Processing file /Users/uab910/dev/nnam-poc/pyenv/lib/python3.10/site-packages/airflow/example_dags/example_branch_operator.py for tasks to queue
[2023-03-03T16:06:11.602+0100] {logging_mixin.py:137} INFO - [2023-03-03T16:06:11.602+0100] {dagbag.py:537} INFO - Filling up the DagBag from /Users/uab910/dev/nnam-poc/pyenv/lib/python3.10/site-packages/airflow/example_dags/example_branch_operator.py
[2023-03-03T16:06:11.660+0100] {processor.py:766} INFO - DAG(s) dict_keys(['example_branch_operator']) retrieved from /Users/uab910/dev/nnam-poc/pyenv/lib/python3.10/site-packages/airflow/example_dags/example_branch_operator.py
[2023-03-03T16:06:11.865+0100] {logging_mixin.py:137} INFO - [2023-03-03T16:06:11.864+0100] {dag.py:2585} INFO - Sync 1 DAGs
[2023-03-03T16:06:11.883+0100] {logging_mixin.py:137} INFO - [2023-03-03T16:06:11.882+0100] {dag.py:3336} INFO - Setting next_dagrun for example_branch_operator to 2023-03-02T00:00:00+00:00, run_after=2023-03-03T00:00:00+00:00
[2023-03-03T16:06:11.899+0100] {processor.py:176} INFO - Processing /Users/uab910/dev/nnam-poc/pyenv/lib/python3.10/site-packages/airflow/example_dags/example_branch_operator.py took 0.305 seconds
[2023-03-03T16:07:36.512+0100] {processor.py:154} INFO - Started process (PID=57416) to work on /Users/uab910/dev/nnam-poc/pyenv/lib/python3.10/site-packages/airflow/example_dags/example_branch_operator.py
[2023-03-03T16:07:36.518+0100] {processor.py:756} INFO - Processing file /Users/uab910/dev/nnam-poc/pyenv/lib/python3.10/site-packages/airflow/example_dags/example_branch_operator.py for tasks to queue
[2023-03-03T16:07:36.518+0100] {logging_mixin.py:137} INFO - [2023-03-03T16:07:36.518+0100] {dagbag.py:537} INFO - Filling up the DagBag from /Users/uab910/dev/nnam-poc/pyenv/lib/python3.10/site-packages/airflow/example_dags/example_branch_operator.py
[2023-03-03T16:07:36.570+0100] {processor.py:766} INFO - DAG(s) dict_keys(['example_branch_operator']) retrieved from /Users/uab910/dev/nnam-poc/pyenv/lib/python3.10/site-packages/airflow/example_dags/example_branch_operator.py
[2023-03-03T16:07:36.756+0100] {logging_mixin.py:137} INFO - [2023-03-03T16:07:36.755+0100] {dag.py:2585} INFO - Sync 1 DAGs
[2023-03-03T16:07:36.773+0100] {logging_mixin.py:137} INFO - [2023-03-03T16:07:36.773+0100] {dag.py:3336} INFO - Setting next_dagrun for example_branch_operator to 2023-03-02T00:00:00+00:00, run_after=2023-03-03T00:00:00+00:00
[2023-03-03T16:07:36.790+0100] {processor.py:176} INFO - Processing /Users/uab910/dev/nnam-poc/pyenv/lib/python3.10/site-packages/airflow/example_dags/example_branch_operator.py took 0.278 seconds
[2023-03-03T16:08:52.981+0100] {processor.py:154} INFO - Started process (PID=57466) to work on /Users/uab910/dev/nnam-poc/pyenv/lib/python3.10/site-packages/airflow/example_dags/example_branch_operator.py
[2023-03-03T16:08:52.988+0100] {processor.py:756} INFO - Processing file /Users/uab910/dev/nnam-poc/pyenv/lib/python3.10/site-packages/airflow/example_dags/example_branch_operator.py for tasks to queue
[2023-03-03T16:08:52.989+0100] {logging_mixin.py:137} INFO - [2023-03-03T16:08:52.988+0100] {dagbag.py:537} INFO - Filling up the DagBag from /Users/uab910/dev/nnam-poc/pyenv/lib/python3.10/site-packages/airflow/example_dags/example_branch_operator.py
[2023-03-03T16:08:53.041+0100] {processor.py:766} INFO - DAG(s) dict_keys(['example_branch_operator']) retrieved from /Users/uab910/dev/nnam-poc/pyenv/lib/python3.10/site-packages/airflow/example_dags/example_branch_operator.py
[2023-03-03T16:08:53.223+0100] {logging_mixin.py:137} INFO - [2023-03-03T16:08:53.223+0100] {dag.py:2585} INFO - Sync 1 DAGs
[2023-03-03T16:08:53.239+0100] {logging_mixin.py:137} INFO - [2023-03-03T16:08:53.239+0100] {dag.py:3336} INFO - Setting next_dagrun for example_branch_operator to 2023-03-02T00:00:00+00:00, run_after=2023-03-03T00:00:00+00:00
[2023-03-03T16:08:53.255+0100] {processor.py:176} INFO - Processing /Users/uab910/dev/nnam-poc/pyenv/lib/python3.10/site-packages/airflow/example_dags/example_branch_operator.py took 0.274 seconds
[2023-03-03T16:10:09.798+0100] {processor.py:154} INFO - Started process (PID=57512) to work on /Users/uab910/dev/nnam-poc/pyenv/lib/python3.10/site-packages/airflow/example_dags/example_branch_operator.py
[2023-03-03T16:10:09.804+0100] {processor.py:756} INFO - Processing file /Users/uab910/dev/nnam-poc/pyenv/lib/python3.10/site-packages/airflow/example_dags/example_branch_operator.py for tasks to queue
[2023-03-03T16:10:09.805+0100] {logging_mixin.py:137} INFO - [2023-03-03T16:10:09.805+0100] {dagbag.py:537} INFO - Filling up the DagBag from /Users/uab910/dev/nnam-poc/pyenv/lib/python3.10/site-packages/airflow/example_dags/example_branch_operator.py
[2023-03-03T16:10:09.857+0100] {processor.py:766} INFO - DAG(s) dict_keys(['example_branch_operator']) retrieved from /Users/uab910/dev/nnam-poc/pyenv/lib/python3.10/site-packages/airflow/example_dags/example_branch_operator.py
[2023-03-03T16:10:10.023+0100] {logging_mixin.py:137} INFO - [2023-03-03T16:10:10.023+0100] {dag.py:2585} INFO - Sync 1 DAGs
[2023-03-03T16:10:10.039+0100] {logging_mixin.py:137} INFO - [2023-03-03T16:10:10.039+0100] {dag.py:3336} INFO - Setting next_dagrun for example_branch_operator to 2023-03-02T00:00:00+00:00, run_after=2023-03-03T00:00:00+00:00
[2023-03-03T16:10:10.055+0100] {processor.py:176} INFO - Processing /Users/uab910/dev/nnam-poc/pyenv/lib/python3.10/site-packages/airflow/example_dags/example_branch_operator.py took 0.258 seconds
[2023-03-03T16:11:27.810+0100] {processor.py:154} INFO - Started process (PID=57559) to work on /Users/uab910/dev/nnam-poc/pyenv/lib/python3.10/site-packages/airflow/example_dags/example_branch_operator.py
[2023-03-03T16:11:27.816+0100] {processor.py:756} INFO - Processing file /Users/uab910/dev/nnam-poc/pyenv/lib/python3.10/site-packages/airflow/example_dags/example_branch_operator.py for tasks to queue
[2023-03-03T16:11:27.816+0100] {logging_mixin.py:137} INFO - [2023-03-03T16:11:27.816+0100] {dagbag.py:537} INFO - Filling up the DagBag from /Users/uab910/dev/nnam-poc/pyenv/lib/python3.10/site-packages/airflow/example_dags/example_branch_operator.py
[2023-03-03T16:11:27.868+0100] {processor.py:766} INFO - DAG(s) dict_keys(['example_branch_operator']) retrieved from /Users/uab910/dev/nnam-poc/pyenv/lib/python3.10/site-packages/airflow/example_dags/example_branch_operator.py
[2023-03-03T16:11:28.044+0100] {logging_mixin.py:137} INFO - [2023-03-03T16:11:28.043+0100] {dag.py:2585} INFO - Sync 1 DAGs
[2023-03-03T16:11:28.060+0100] {logging_mixin.py:137} INFO - [2023-03-03T16:11:28.060+0100] {dag.py:3336} INFO - Setting next_dagrun for example_branch_operator to 2023-03-02T00:00:00+00:00, run_after=2023-03-03T00:00:00+00:00
[2023-03-03T16:11:28.077+0100] {processor.py:176} INFO - Processing /Users/uab910/dev/nnam-poc/pyenv/lib/python3.10/site-packages/airflow/example_dags/example_branch_operator.py took 0.268 seconds
[2023-03-03T16:12:43.227+0100] {processor.py:154} INFO - Started process (PID=57596) to work on /Users/uab910/dev/nnam-poc/pyenv/lib/python3.10/site-packages/airflow/example_dags/example_branch_operator.py
[2023-03-03T16:12:43.233+0100] {processor.py:756} INFO - Processing file /Users/uab910/dev/nnam-poc/pyenv/lib/python3.10/site-packages/airflow/example_dags/example_branch_operator.py for tasks to queue
[2023-03-03T16:12:43.234+0100] {logging_mixin.py:137} INFO - [2023-03-03T16:12:43.234+0100] {dagbag.py:537} INFO - Filling up the DagBag from /Users/uab910/dev/nnam-poc/pyenv/lib/python3.10/site-packages/airflow/example_dags/example_branch_operator.py
[2023-03-03T16:12:43.282+0100] {processor.py:766} INFO - DAG(s) dict_keys(['example_branch_operator']) retrieved from /Users/uab910/dev/nnam-poc/pyenv/lib/python3.10/site-packages/airflow/example_dags/example_branch_operator.py
[2023-03-03T16:12:43.449+0100] {logging_mixin.py:137} INFO - [2023-03-03T16:12:43.449+0100] {dag.py:2585} INFO - Sync 1 DAGs
[2023-03-03T16:12:43.465+0100] {logging_mixin.py:137} INFO - [2023-03-03T16:12:43.465+0100] {dag.py:3336} INFO - Setting next_dagrun for example_branch_operator to 2023-03-02T00:00:00+00:00, run_after=2023-03-03T00:00:00+00:00
[2023-03-03T16:12:43.485+0100] {processor.py:176} INFO - Processing /Users/uab910/dev/nnam-poc/pyenv/lib/python3.10/site-packages/airflow/example_dags/example_branch_operator.py took 0.258 seconds
[2023-03-03T16:13:56.963+0100] {processor.py:154} INFO - Started process (PID=57649) to work on /Users/uab910/dev/nnam-poc/pyenv/lib/python3.10/site-packages/airflow/example_dags/example_branch_operator.py
[2023-03-03T16:13:56.969+0100] {processor.py:756} INFO - Processing file /Users/uab910/dev/nnam-poc/pyenv/lib/python3.10/site-packages/airflow/example_dags/example_branch_operator.py for tasks to queue
[2023-03-03T16:13:56.969+0100] {logging_mixin.py:137} INFO - [2023-03-03T16:13:56.969+0100] {dagbag.py:537} INFO - Filling up the DagBag from /Users/uab910/dev/nnam-poc/pyenv/lib/python3.10/site-packages/airflow/example_dags/example_branch_operator.py
[2023-03-03T16:13:57.019+0100] {processor.py:766} INFO - DAG(s) dict_keys(['example_branch_operator']) retrieved from /Users/uab910/dev/nnam-poc/pyenv/lib/python3.10/site-packages/airflow/example_dags/example_branch_operator.py
[2023-03-03T16:13:57.195+0100] {logging_mixin.py:137} INFO - [2023-03-03T16:13:57.195+0100] {dag.py:2585} INFO - Sync 1 DAGs
[2023-03-03T16:13:57.216+0100] {logging_mixin.py:137} INFO - [2023-03-03T16:13:57.216+0100] {dag.py:3336} INFO - Setting next_dagrun for example_branch_operator to 2023-03-02T00:00:00+00:00, run_after=2023-03-03T00:00:00+00:00
[2023-03-03T16:13:57.234+0100] {processor.py:176} INFO - Processing /Users/uab910/dev/nnam-poc/pyenv/lib/python3.10/site-packages/airflow/example_dags/example_branch_operator.py took 0.271 seconds
[2023-03-03T16:15:13.457+0100] {processor.py:154} INFO - Started process (PID=57713) to work on /Users/uab910/dev/nnam-poc/pyenv/lib/python3.10/site-packages/airflow/example_dags/example_branch_operator.py
[2023-03-03T16:15:13.463+0100] {processor.py:756} INFO - Processing file /Users/uab910/dev/nnam-poc/pyenv/lib/python3.10/site-packages/airflow/example_dags/example_branch_operator.py for tasks to queue
[2023-03-03T16:15:13.464+0100] {logging_mixin.py:137} INFO - [2023-03-03T16:15:13.464+0100] {dagbag.py:537} INFO - Filling up the DagBag from /Users/uab910/dev/nnam-poc/pyenv/lib/python3.10/site-packages/airflow/example_dags/example_branch_operator.py
[2023-03-03T16:15:13.517+0100] {processor.py:766} INFO - DAG(s) dict_keys(['example_branch_operator']) retrieved from /Users/uab910/dev/nnam-poc/pyenv/lib/python3.10/site-packages/airflow/example_dags/example_branch_operator.py
[2023-03-03T16:15:13.694+0100] {logging_mixin.py:137} INFO - [2023-03-03T16:15:13.694+0100] {dag.py:2585} INFO - Sync 1 DAGs
[2023-03-03T16:15:13.710+0100] {logging_mixin.py:137} INFO - [2023-03-03T16:15:13.710+0100] {dag.py:3336} INFO - Setting next_dagrun for example_branch_operator to 2023-03-02T00:00:00+00:00, run_after=2023-03-03T00:00:00+00:00
[2023-03-03T16:15:13.725+0100] {processor.py:176} INFO - Processing /Users/uab910/dev/nnam-poc/pyenv/lib/python3.10/site-packages/airflow/example_dags/example_branch_operator.py took 0.268 seconds
[2023-03-03T16:16:32.586+0100] {processor.py:154} INFO - Started process (PID=57767) to work on /Users/uab910/dev/nnam-poc/pyenv/lib/python3.10/site-packages/airflow/example_dags/example_branch_operator.py
[2023-03-03T16:16:32.592+0100] {processor.py:756} INFO - Processing file /Users/uab910/dev/nnam-poc/pyenv/lib/python3.10/site-packages/airflow/example_dags/example_branch_operator.py for tasks to queue
[2023-03-03T16:16:32.593+0100] {logging_mixin.py:137} INFO - [2023-03-03T16:16:32.592+0100] {dagbag.py:537} INFO - Filling up the DagBag from /Users/uab910/dev/nnam-poc/pyenv/lib/python3.10/site-packages/airflow/example_dags/example_branch_operator.py
[2023-03-03T16:16:32.641+0100] {processor.py:766} INFO - DAG(s) dict_keys(['example_branch_operator']) retrieved from /Users/uab910/dev/nnam-poc/pyenv/lib/python3.10/site-packages/airflow/example_dags/example_branch_operator.py
[2023-03-03T16:16:32.810+0100] {logging_mixin.py:137} INFO - [2023-03-03T16:16:32.810+0100] {dag.py:2585} INFO - Sync 1 DAGs
[2023-03-03T16:16:32.827+0100] {logging_mixin.py:137} INFO - [2023-03-03T16:16:32.827+0100] {dag.py:3336} INFO - Setting next_dagrun for example_branch_operator to 2023-03-02T00:00:00+00:00, run_after=2023-03-03T00:00:00+00:00
[2023-03-03T16:16:32.844+0100] {processor.py:176} INFO - Processing /Users/uab910/dev/nnam-poc/pyenv/lib/python3.10/site-packages/airflow/example_dags/example_branch_operator.py took 0.258 seconds
[2023-03-03T16:17:51.560+0100] {processor.py:154} INFO - Started process (PID=57852) to work on /Users/uab910/dev/nnam-poc/pyenv/lib/python3.10/site-packages/airflow/example_dags/example_branch_operator.py
[2023-03-03T16:17:51.565+0100] {processor.py:756} INFO - Processing file /Users/uab910/dev/nnam-poc/pyenv/lib/python3.10/site-packages/airflow/example_dags/example_branch_operator.py for tasks to queue
[2023-03-03T16:17:51.565+0100] {logging_mixin.py:137} INFO - [2023-03-03T16:17:51.565+0100] {dagbag.py:537} INFO - Filling up the DagBag from /Users/uab910/dev/nnam-poc/pyenv/lib/python3.10/site-packages/airflow/example_dags/example_branch_operator.py
[2023-03-03T16:17:51.612+0100] {processor.py:766} INFO - DAG(s) dict_keys(['example_branch_operator']) retrieved from /Users/uab910/dev/nnam-poc/pyenv/lib/python3.10/site-packages/airflow/example_dags/example_branch_operator.py
[2023-03-03T16:17:51.777+0100] {logging_mixin.py:137} INFO - [2023-03-03T16:17:51.777+0100] {dag.py:2585} INFO - Sync 1 DAGs
[2023-03-03T16:17:51.793+0100] {logging_mixin.py:137} INFO - [2023-03-03T16:17:51.793+0100] {dag.py:3336} INFO - Setting next_dagrun for example_branch_operator to 2023-03-02T00:00:00+00:00, run_after=2023-03-03T00:00:00+00:00
[2023-03-03T16:17:51.808+0100] {processor.py:176} INFO - Processing /Users/uab910/dev/nnam-poc/pyenv/lib/python3.10/site-packages/airflow/example_dags/example_branch_operator.py took 0.249 seconds
[2023-03-03T16:19:10.168+0100] {processor.py:154} INFO - Started process (PID=57908) to work on /Users/uab910/dev/nnam-poc/pyenv/lib/python3.10/site-packages/airflow/example_dags/example_branch_operator.py
[2023-03-03T16:19:10.174+0100] {processor.py:756} INFO - Processing file /Users/uab910/dev/nnam-poc/pyenv/lib/python3.10/site-packages/airflow/example_dags/example_branch_operator.py for tasks to queue
[2023-03-03T16:19:10.174+0100] {logging_mixin.py:137} INFO - [2023-03-03T16:19:10.174+0100] {dagbag.py:537} INFO - Filling up the DagBag from /Users/uab910/dev/nnam-poc/pyenv/lib/python3.10/site-packages/airflow/example_dags/example_branch_operator.py
[2023-03-03T16:19:10.225+0100] {processor.py:766} INFO - DAG(s) dict_keys(['example_branch_operator']) retrieved from /Users/uab910/dev/nnam-poc/pyenv/lib/python3.10/site-packages/airflow/example_dags/example_branch_operator.py
[2023-03-03T16:19:10.392+0100] {logging_mixin.py:137} INFO - [2023-03-03T16:19:10.391+0100] {dag.py:2585} INFO - Sync 1 DAGs
[2023-03-03T16:19:10.407+0100] {logging_mixin.py:137} INFO - [2023-03-03T16:19:10.407+0100] {dag.py:3336} INFO - Setting next_dagrun for example_branch_operator to 2023-03-02T00:00:00+00:00, run_after=2023-03-03T00:00:00+00:00
[2023-03-03T16:19:10.422+0100] {processor.py:176} INFO - Processing /Users/uab910/dev/nnam-poc/pyenv/lib/python3.10/site-packages/airflow/example_dags/example_branch_operator.py took 0.255 seconds
[2023-03-03T16:20:26.051+0100] {processor.py:154} INFO - Started process (PID=57993) to work on /Users/uab910/dev/nnam-poc/pyenv/lib/python3.10/site-packages/airflow/example_dags/example_branch_operator.py
[2023-03-03T16:20:26.056+0100] {processor.py:756} INFO - Processing file /Users/uab910/dev/nnam-poc/pyenv/lib/python3.10/site-packages/airflow/example_dags/example_branch_operator.py for tasks to queue
[2023-03-03T16:20:26.056+0100] {logging_mixin.py:137} INFO - [2023-03-03T16:20:26.056+0100] {dagbag.py:537} INFO - Filling up the DagBag from /Users/uab910/dev/nnam-poc/pyenv/lib/python3.10/site-packages/airflow/example_dags/example_branch_operator.py
[2023-03-03T16:20:26.108+0100] {processor.py:766} INFO - DAG(s) dict_keys(['example_branch_operator']) retrieved from /Users/uab910/dev/nnam-poc/pyenv/lib/python3.10/site-packages/airflow/example_dags/example_branch_operator.py
[2023-03-03T16:20:26.269+0100] {logging_mixin.py:137} INFO - [2023-03-03T16:20:26.269+0100] {dag.py:2585} INFO - Sync 1 DAGs
[2023-03-03T16:20:26.283+0100] {logging_mixin.py:137} INFO - [2023-03-03T16:20:26.283+0100] {dag.py:3336} INFO - Setting next_dagrun for example_branch_operator to 2023-03-02T00:00:00+00:00, run_after=2023-03-03T00:00:00+00:00
[2023-03-03T16:20:26.299+0100] {processor.py:176} INFO - Processing /Users/uab910/dev/nnam-poc/pyenv/lib/python3.10/site-packages/airflow/example_dags/example_branch_operator.py took 0.250 seconds
[2023-03-03T16:21:51.472+0100] {processor.py:154} INFO - Started process (PID=58062) to work on /Users/uab910/dev/nnam-poc/pyenv/lib/python3.10/site-packages/airflow/example_dags/example_branch_operator.py
[2023-03-03T16:21:51.477+0100] {processor.py:756} INFO - Processing file /Users/uab910/dev/nnam-poc/pyenv/lib/python3.10/site-packages/airflow/example_dags/example_branch_operator.py for tasks to queue
[2023-03-03T16:21:51.478+0100] {logging_mixin.py:137} INFO - [2023-03-03T16:21:51.478+0100] {dagbag.py:537} INFO - Filling up the DagBag from /Users/uab910/dev/nnam-poc/pyenv/lib/python3.10/site-packages/airflow/example_dags/example_branch_operator.py
[2023-03-03T16:21:51.533+0100] {processor.py:766} INFO - DAG(s) dict_keys(['example_branch_operator']) retrieved from /Users/uab910/dev/nnam-poc/pyenv/lib/python3.10/site-packages/airflow/example_dags/example_branch_operator.py
[2023-03-03T16:21:51.693+0100] {logging_mixin.py:137} INFO - [2023-03-03T16:21:51.693+0100] {dag.py:2585} INFO - Sync 1 DAGs
[2023-03-03T16:21:51.708+0100] {logging_mixin.py:137} INFO - [2023-03-03T16:21:51.708+0100] {dag.py:3336} INFO - Setting next_dagrun for example_branch_operator to 2023-03-02T00:00:00+00:00, run_after=2023-03-03T00:00:00+00:00
[2023-03-03T16:21:51.724+0100] {processor.py:176} INFO - Processing /Users/uab910/dev/nnam-poc/pyenv/lib/python3.10/site-packages/airflow/example_dags/example_branch_operator.py took 0.252 seconds
[2023-03-03T16:23:05.585+0100] {processor.py:154} INFO - Started process (PID=58107) to work on /Users/uab910/dev/nnam-poc/pyenv/lib/python3.10/site-packages/airflow/example_dags/example_branch_operator.py
[2023-03-03T16:23:05.589+0100] {processor.py:756} INFO - Processing file /Users/uab910/dev/nnam-poc/pyenv/lib/python3.10/site-packages/airflow/example_dags/example_branch_operator.py for tasks to queue
[2023-03-03T16:23:05.589+0100] {logging_mixin.py:137} INFO - [2023-03-03T16:23:05.589+0100] {dagbag.py:537} INFO - Filling up the DagBag from /Users/uab910/dev/nnam-poc/pyenv/lib/python3.10/site-packages/airflow/example_dags/example_branch_operator.py
[2023-03-03T16:23:05.631+0100] {processor.py:766} INFO - DAG(s) dict_keys(['example_branch_operator']) retrieved from /Users/uab910/dev/nnam-poc/pyenv/lib/python3.10/site-packages/airflow/example_dags/example_branch_operator.py
[2023-03-03T16:23:05.785+0100] {logging_mixin.py:137} INFO - [2023-03-03T16:23:05.785+0100] {dag.py:2585} INFO - Sync 1 DAGs
[2023-03-03T16:23:05.801+0100] {logging_mixin.py:137} INFO - [2023-03-03T16:23:05.800+0100] {dag.py:3336} INFO - Setting next_dagrun for example_branch_operator to 2023-03-02T00:00:00+00:00, run_after=2023-03-03T00:00:00+00:00
[2023-03-03T16:23:05.816+0100] {processor.py:176} INFO - Processing /Users/uab910/dev/nnam-poc/pyenv/lib/python3.10/site-packages/airflow/example_dags/example_branch_operator.py took 0.232 seconds
[2023-03-03T16:24:21.584+0100] {processor.py:154} INFO - Started process (PID=58190) to work on /Users/uab910/dev/nnam-poc/pyenv/lib/python3.10/site-packages/airflow/example_dags/example_branch_operator.py
[2023-03-03T16:24:21.590+0100] {processor.py:756} INFO - Processing file /Users/uab910/dev/nnam-poc/pyenv/lib/python3.10/site-packages/airflow/example_dags/example_branch_operator.py for tasks to queue
[2023-03-03T16:24:21.590+0100] {logging_mixin.py:137} INFO - [2023-03-03T16:24:21.590+0100] {dagbag.py:537} INFO - Filling up the DagBag from /Users/uab910/dev/nnam-poc/pyenv/lib/python3.10/site-packages/airflow/example_dags/example_branch_operator.py
[2023-03-03T16:24:21.651+0100] {processor.py:766} INFO - DAG(s) dict_keys(['example_branch_operator']) retrieved from /Users/uab910/dev/nnam-poc/pyenv/lib/python3.10/site-packages/airflow/example_dags/example_branch_operator.py
[2023-03-03T16:24:21.847+0100] {logging_mixin.py:137} INFO - [2023-03-03T16:24:21.847+0100] {dag.py:2585} INFO - Sync 1 DAGs
[2023-03-03T16:24:21.865+0100] {logging_mixin.py:137} INFO - [2023-03-03T16:24:21.865+0100] {dag.py:3336} INFO - Setting next_dagrun for example_branch_operator to 2023-03-02T00:00:00+00:00, run_after=2023-03-03T00:00:00+00:00
[2023-03-03T16:24:21.883+0100] {processor.py:176} INFO - Processing /Users/uab910/dev/nnam-poc/pyenv/lib/python3.10/site-packages/airflow/example_dags/example_branch_operator.py took 0.300 seconds
[2023-03-03T16:25:37.227+0100] {processor.py:154} INFO - Started process (PID=58230) to work on /Users/uab910/dev/nnam-poc/pyenv/lib/python3.10/site-packages/airflow/example_dags/example_branch_operator.py
[2023-03-03T16:25:37.231+0100] {processor.py:756} INFO - Processing file /Users/uab910/dev/nnam-poc/pyenv/lib/python3.10/site-packages/airflow/example_dags/example_branch_operator.py for tasks to queue
[2023-03-03T16:25:37.232+0100] {logging_mixin.py:137} INFO - [2023-03-03T16:25:37.232+0100] {dagbag.py:537} INFO - Filling up the DagBag from /Users/uab910/dev/nnam-poc/pyenv/lib/python3.10/site-packages/airflow/example_dags/example_branch_operator.py
[2023-03-03T16:25:37.277+0100] {processor.py:766} INFO - DAG(s) dict_keys(['example_branch_operator']) retrieved from /Users/uab910/dev/nnam-poc/pyenv/lib/python3.10/site-packages/airflow/example_dags/example_branch_operator.py
[2023-03-03T16:25:37.432+0100] {logging_mixin.py:137} INFO - [2023-03-03T16:25:37.432+0100] {dag.py:2585} INFO - Sync 1 DAGs
[2023-03-03T16:25:37.448+0100] {logging_mixin.py:137} INFO - [2023-03-03T16:25:37.448+0100] {dag.py:3336} INFO - Setting next_dagrun for example_branch_operator to 2023-03-02T00:00:00+00:00, run_after=2023-03-03T00:00:00+00:00
[2023-03-03T16:25:37.463+0100] {processor.py:176} INFO - Processing /Users/uab910/dev/nnam-poc/pyenv/lib/python3.10/site-packages/airflow/example_dags/example_branch_operator.py took 0.237 seconds
[2023-03-03T16:26:50.312+0100] {processor.py:154} INFO - Started process (PID=58273) to work on /Users/uab910/dev/nnam-poc/pyenv/lib/python3.10/site-packages/airflow/example_dags/example_branch_operator.py
[2023-03-03T16:26:50.316+0100] {processor.py:756} INFO - Processing file /Users/uab910/dev/nnam-poc/pyenv/lib/python3.10/site-packages/airflow/example_dags/example_branch_operator.py for tasks to queue
[2023-03-03T16:26:50.316+0100] {logging_mixin.py:137} INFO - [2023-03-03T16:26:50.316+0100] {dagbag.py:537} INFO - Filling up the DagBag from /Users/uab910/dev/nnam-poc/pyenv/lib/python3.10/site-packages/airflow/example_dags/example_branch_operator.py
[2023-03-03T16:26:50.356+0100] {processor.py:766} INFO - DAG(s) dict_keys(['example_branch_operator']) retrieved from /Users/uab910/dev/nnam-poc/pyenv/lib/python3.10/site-packages/airflow/example_dags/example_branch_operator.py
[2023-03-03T16:26:50.503+0100] {logging_mixin.py:137} INFO - [2023-03-03T16:26:50.503+0100] {dag.py:2585} INFO - Sync 1 DAGs
[2023-03-03T16:26:50.519+0100] {logging_mixin.py:137} INFO - [2023-03-03T16:26:50.518+0100] {dag.py:3336} INFO - Setting next_dagrun for example_branch_operator to 2023-03-02T00:00:00+00:00, run_after=2023-03-03T00:00:00+00:00
[2023-03-03T16:26:50.531+0100] {processor.py:176} INFO - Processing /Users/uab910/dev/nnam-poc/pyenv/lib/python3.10/site-packages/airflow/example_dags/example_branch_operator.py took 0.220 seconds
[2023-03-03T16:28:05.677+0100] {processor.py:154} INFO - Started process (PID=58318) to work on /Users/uab910/dev/nnam-poc/pyenv/lib/python3.10/site-packages/airflow/example_dags/example_branch_operator.py
[2023-03-03T16:28:05.682+0100] {processor.py:756} INFO - Processing file /Users/uab910/dev/nnam-poc/pyenv/lib/python3.10/site-packages/airflow/example_dags/example_branch_operator.py for tasks to queue
[2023-03-03T16:28:05.683+0100] {logging_mixin.py:137} INFO - [2023-03-03T16:28:05.683+0100] {dagbag.py:537} INFO - Filling up the DagBag from /Users/uab910/dev/nnam-poc/pyenv/lib/python3.10/site-packages/airflow/example_dags/example_branch_operator.py
[2023-03-03T16:28:05.736+0100] {processor.py:766} INFO - DAG(s) dict_keys(['example_branch_operator']) retrieved from /Users/uab910/dev/nnam-poc/pyenv/lib/python3.10/site-packages/airflow/example_dags/example_branch_operator.py
[2023-03-03T16:28:05.924+0100] {logging_mixin.py:137} INFO - [2023-03-03T16:28:05.924+0100] {dag.py:2585} INFO - Sync 1 DAGs
[2023-03-03T16:28:05.939+0100] {logging_mixin.py:137} INFO - [2023-03-03T16:28:05.939+0100] {dag.py:3336} INFO - Setting next_dagrun for example_branch_operator to 2023-03-02T00:00:00+00:00, run_after=2023-03-03T00:00:00+00:00
[2023-03-03T16:28:05.953+0100] {processor.py:176} INFO - Processing /Users/uab910/dev/nnam-poc/pyenv/lib/python3.10/site-packages/airflow/example_dags/example_branch_operator.py took 0.277 seconds
[2023-03-03T16:29:22.758+0100] {processor.py:154} INFO - Started process (PID=58364) to work on /Users/uab910/dev/nnam-poc/pyenv/lib/python3.10/site-packages/airflow/example_dags/example_branch_operator.py
[2023-03-03T16:29:22.763+0100] {processor.py:756} INFO - Processing file /Users/uab910/dev/nnam-poc/pyenv/lib/python3.10/site-packages/airflow/example_dags/example_branch_operator.py for tasks to queue
[2023-03-03T16:29:22.764+0100] {logging_mixin.py:137} INFO - [2023-03-03T16:29:22.764+0100] {dagbag.py:537} INFO - Filling up the DagBag from /Users/uab910/dev/nnam-poc/pyenv/lib/python3.10/site-packages/airflow/example_dags/example_branch_operator.py
[2023-03-03T16:29:22.812+0100] {processor.py:766} INFO - DAG(s) dict_keys(['example_branch_operator']) retrieved from /Users/uab910/dev/nnam-poc/pyenv/lib/python3.10/site-packages/airflow/example_dags/example_branch_operator.py
[2023-03-03T16:29:22.974+0100] {logging_mixin.py:137} INFO - [2023-03-03T16:29:22.973+0100] {dag.py:2585} INFO - Sync 1 DAGs
[2023-03-03T16:29:22.989+0100] {logging_mixin.py:137} INFO - [2023-03-03T16:29:22.989+0100] {dag.py:3336} INFO - Setting next_dagrun for example_branch_operator to 2023-03-02T00:00:00+00:00, run_after=2023-03-03T00:00:00+00:00
[2023-03-03T16:29:23.005+0100] {processor.py:176} INFO - Processing /Users/uab910/dev/nnam-poc/pyenv/lib/python3.10/site-packages/airflow/example_dags/example_branch_operator.py took 0.248 seconds
[2023-03-03T16:30:37.853+0100] {processor.py:154} INFO - Started process (PID=58404) to work on /Users/uab910/dev/nnam-poc/pyenv/lib/python3.10/site-packages/airflow/example_dags/example_branch_operator.py
[2023-03-03T16:30:37.860+0100] {processor.py:756} INFO - Processing file /Users/uab910/dev/nnam-poc/pyenv/lib/python3.10/site-packages/airflow/example_dags/example_branch_operator.py for tasks to queue
[2023-03-03T16:30:37.860+0100] {logging_mixin.py:137} INFO - [2023-03-03T16:30:37.860+0100] {dagbag.py:537} INFO - Filling up the DagBag from /Users/uab910/dev/nnam-poc/pyenv/lib/python3.10/site-packages/airflow/example_dags/example_branch_operator.py
[2023-03-03T16:30:37.916+0100] {processor.py:766} INFO - DAG(s) dict_keys(['example_branch_operator']) retrieved from /Users/uab910/dev/nnam-poc/pyenv/lib/python3.10/site-packages/airflow/example_dags/example_branch_operator.py
[2023-03-03T16:30:38.125+0100] {logging_mixin.py:137} INFO - [2023-03-03T16:30:38.125+0100] {dag.py:2585} INFO - Sync 1 DAGs
[2023-03-03T16:30:38.145+0100] {logging_mixin.py:137} INFO - [2023-03-03T16:30:38.144+0100] {dag.py:3336} INFO - Setting next_dagrun for example_branch_operator to 2023-03-02T00:00:00+00:00, run_after=2023-03-03T00:00:00+00:00
[2023-03-03T16:30:38.163+0100] {processor.py:176} INFO - Processing /Users/uab910/dev/nnam-poc/pyenv/lib/python3.10/site-packages/airflow/example_dags/example_branch_operator.py took 0.310 seconds
[2023-03-03T16:31:55.305+0100] {processor.py:154} INFO - Started process (PID=58444) to work on /Users/uab910/dev/nnam-poc/pyenv/lib/python3.10/site-packages/airflow/example_dags/example_branch_operator.py
[2023-03-03T16:31:55.310+0100] {processor.py:756} INFO - Processing file /Users/uab910/dev/nnam-poc/pyenv/lib/python3.10/site-packages/airflow/example_dags/example_branch_operator.py for tasks to queue
[2023-03-03T16:31:55.311+0100] {logging_mixin.py:137} INFO - [2023-03-03T16:31:55.311+0100] {dagbag.py:537} INFO - Filling up the DagBag from /Users/uab910/dev/nnam-poc/pyenv/lib/python3.10/site-packages/airflow/example_dags/example_branch_operator.py
[2023-03-03T16:31:55.364+0100] {processor.py:766} INFO - DAG(s) dict_keys(['example_branch_operator']) retrieved from /Users/uab910/dev/nnam-poc/pyenv/lib/python3.10/site-packages/airflow/example_dags/example_branch_operator.py
[2023-03-03T16:31:55.527+0100] {logging_mixin.py:137} INFO - [2023-03-03T16:31:55.527+0100] {dag.py:2585} INFO - Sync 1 DAGs
[2023-03-03T16:31:55.541+0100] {logging_mixin.py:137} INFO - [2023-03-03T16:31:55.541+0100] {dag.py:3336} INFO - Setting next_dagrun for example_branch_operator to 2023-03-02T00:00:00+00:00, run_after=2023-03-03T00:00:00+00:00
[2023-03-03T16:31:55.556+0100] {processor.py:176} INFO - Processing /Users/uab910/dev/nnam-poc/pyenv/lib/python3.10/site-packages/airflow/example_dags/example_branch_operator.py took 0.252 seconds
[2023-03-03T16:33:10.848+0100] {processor.py:154} INFO - Started process (PID=58482) to work on /Users/uab910/dev/nnam-poc/pyenv/lib/python3.10/site-packages/airflow/example_dags/example_branch_operator.py
[2023-03-03T16:33:10.855+0100] {processor.py:756} INFO - Processing file /Users/uab910/dev/nnam-poc/pyenv/lib/python3.10/site-packages/airflow/example_dags/example_branch_operator.py for tasks to queue
[2023-03-03T16:33:10.856+0100] {logging_mixin.py:137} INFO - [2023-03-03T16:33:10.856+0100] {dagbag.py:537} INFO - Filling up the DagBag from /Users/uab910/dev/nnam-poc/pyenv/lib/python3.10/site-packages/airflow/example_dags/example_branch_operator.py
[2023-03-03T16:33:10.912+0100] {processor.py:766} INFO - DAG(s) dict_keys(['example_branch_operator']) retrieved from /Users/uab910/dev/nnam-poc/pyenv/lib/python3.10/site-packages/airflow/example_dags/example_branch_operator.py
[2023-03-03T16:33:11.074+0100] {logging_mixin.py:137} INFO - [2023-03-03T16:33:11.074+0100] {dag.py:2585} INFO - Sync 1 DAGs
[2023-03-03T16:33:11.089+0100] {logging_mixin.py:137} INFO - [2023-03-03T16:33:11.089+0100] {dag.py:3336} INFO - Setting next_dagrun for example_branch_operator to 2023-03-02T00:00:00+00:00, run_after=2023-03-03T00:00:00+00:00
[2023-03-03T16:33:11.104+0100] {processor.py:176} INFO - Processing /Users/uab910/dev/nnam-poc/pyenv/lib/python3.10/site-packages/airflow/example_dags/example_branch_operator.py took 0.257 seconds
[2023-03-03T16:34:27.163+0100] {processor.py:154} INFO - Started process (PID=58546) to work on /Users/uab910/dev/nnam-poc/pyenv/lib/python3.10/site-packages/airflow/example_dags/example_branch_operator.py
[2023-03-03T16:34:27.168+0100] {processor.py:756} INFO - Processing file /Users/uab910/dev/nnam-poc/pyenv/lib/python3.10/site-packages/airflow/example_dags/example_branch_operator.py for tasks to queue
[2023-03-03T16:34:27.169+0100] {logging_mixin.py:137} INFO - [2023-03-03T16:34:27.169+0100] {dagbag.py:537} INFO - Filling up the DagBag from /Users/uab910/dev/nnam-poc/pyenv/lib/python3.10/site-packages/airflow/example_dags/example_branch_operator.py
[2023-03-03T16:34:27.218+0100] {processor.py:766} INFO - DAG(s) dict_keys(['example_branch_operator']) retrieved from /Users/uab910/dev/nnam-poc/pyenv/lib/python3.10/site-packages/airflow/example_dags/example_branch_operator.py
[2023-03-03T16:34:27.381+0100] {logging_mixin.py:137} INFO - [2023-03-03T16:34:27.381+0100] {dag.py:2585} INFO - Sync 1 DAGs
[2023-03-03T16:34:27.396+0100] {logging_mixin.py:137} INFO - [2023-03-03T16:34:27.396+0100] {dag.py:3336} INFO - Setting next_dagrun for example_branch_operator to 2023-03-02T00:00:00+00:00, run_after=2023-03-03T00:00:00+00:00
[2023-03-03T16:34:27.411+0100] {processor.py:176} INFO - Processing /Users/uab910/dev/nnam-poc/pyenv/lib/python3.10/site-packages/airflow/example_dags/example_branch_operator.py took 0.249 seconds
[2023-03-03T16:35:46.119+0100] {processor.py:154} INFO - Started process (PID=58589) to work on /Users/uab910/dev/nnam-poc/pyenv/lib/python3.10/site-packages/airflow/example_dags/example_branch_operator.py
[2023-03-03T16:35:46.126+0100] {processor.py:756} INFO - Processing file /Users/uab910/dev/nnam-poc/pyenv/lib/python3.10/site-packages/airflow/example_dags/example_branch_operator.py for tasks to queue
[2023-03-03T16:35:46.126+0100] {logging_mixin.py:137} INFO - [2023-03-03T16:35:46.126+0100] {dagbag.py:537} INFO - Filling up the DagBag from /Users/uab910/dev/nnam-poc/pyenv/lib/python3.10/site-packages/airflow/example_dags/example_branch_operator.py
[2023-03-03T16:35:46.180+0100] {processor.py:766} INFO - DAG(s) dict_keys(['example_branch_operator']) retrieved from /Users/uab910/dev/nnam-poc/pyenv/lib/python3.10/site-packages/airflow/example_dags/example_branch_operator.py
[2023-03-03T16:35:46.362+0100] {logging_mixin.py:137} INFO - [2023-03-03T16:35:46.362+0100] {dag.py:2585} INFO - Sync 1 DAGs
[2023-03-03T16:35:46.383+0100] {logging_mixin.py:137} INFO - [2023-03-03T16:35:46.383+0100] {dag.py:3336} INFO - Setting next_dagrun for example_branch_operator to 2023-03-02T00:00:00+00:00, run_after=2023-03-03T00:00:00+00:00
[2023-03-03T16:35:46.399+0100] {processor.py:176} INFO - Processing /Users/uab910/dev/nnam-poc/pyenv/lib/python3.10/site-packages/airflow/example_dags/example_branch_operator.py took 0.281 seconds
[2023-03-03T16:37:01.550+0100] {processor.py:154} INFO - Started process (PID=58633) to work on /Users/uab910/dev/nnam-poc/pyenv/lib/python3.10/site-packages/airflow/example_dags/example_branch_operator.py
[2023-03-03T16:37:01.555+0100] {processor.py:756} INFO - Processing file /Users/uab910/dev/nnam-poc/pyenv/lib/python3.10/site-packages/airflow/example_dags/example_branch_operator.py for tasks to queue
[2023-03-03T16:37:01.556+0100] {logging_mixin.py:137} INFO - [2023-03-03T16:37:01.556+0100] {dagbag.py:537} INFO - Filling up the DagBag from /Users/uab910/dev/nnam-poc/pyenv/lib/python3.10/site-packages/airflow/example_dags/example_branch_operator.py
[2023-03-03T16:37:01.605+0100] {processor.py:766} INFO - DAG(s) dict_keys(['example_branch_operator']) retrieved from /Users/uab910/dev/nnam-poc/pyenv/lib/python3.10/site-packages/airflow/example_dags/example_branch_operator.py
[2023-03-03T16:37:01.762+0100] {logging_mixin.py:137} INFO - [2023-03-03T16:37:01.762+0100] {dag.py:2585} INFO - Sync 1 DAGs
[2023-03-03T16:37:01.776+0100] {logging_mixin.py:137} INFO - [2023-03-03T16:37:01.776+0100] {dag.py:3336} INFO - Setting next_dagrun for example_branch_operator to 2023-03-02T00:00:00+00:00, run_after=2023-03-03T00:00:00+00:00
[2023-03-03T16:37:01.790+0100] {processor.py:176} INFO - Processing /Users/uab910/dev/nnam-poc/pyenv/lib/python3.10/site-packages/airflow/example_dags/example_branch_operator.py took 0.240 seconds
[2023-03-03T16:38:20.176+0100] {processor.py:154} INFO - Started process (PID=58675) to work on /Users/uab910/dev/nnam-poc/pyenv/lib/python3.10/site-packages/airflow/example_dags/example_branch_operator.py
[2023-03-03T16:38:20.184+0100] {processor.py:756} INFO - Processing file /Users/uab910/dev/nnam-poc/pyenv/lib/python3.10/site-packages/airflow/example_dags/example_branch_operator.py for tasks to queue
[2023-03-03T16:38:20.185+0100] {logging_mixin.py:137} INFO - [2023-03-03T16:38:20.185+0100] {dagbag.py:537} INFO - Filling up the DagBag from /Users/uab910/dev/nnam-poc/pyenv/lib/python3.10/site-packages/airflow/example_dags/example_branch_operator.py
[2023-03-03T16:38:20.244+0100] {processor.py:766} INFO - DAG(s) dict_keys(['example_branch_operator']) retrieved from /Users/uab910/dev/nnam-poc/pyenv/lib/python3.10/site-packages/airflow/example_dags/example_branch_operator.py
[2023-03-03T16:38:20.461+0100] {logging_mixin.py:137} INFO - [2023-03-03T16:38:20.461+0100] {dag.py:2585} INFO - Sync 1 DAGs
[2023-03-03T16:38:20.480+0100] {logging_mixin.py:137} INFO - [2023-03-03T16:38:20.480+0100] {dag.py:3336} INFO - Setting next_dagrun for example_branch_operator to 2023-03-02T00:00:00+00:00, run_after=2023-03-03T00:00:00+00:00
[2023-03-03T16:38:20.499+0100] {processor.py:176} INFO - Processing /Users/uab910/dev/nnam-poc/pyenv/lib/python3.10/site-packages/airflow/example_dags/example_branch_operator.py took 0.324 seconds
[2023-03-03T16:39:59.185+0100] {processor.py:154} INFO - Started process (PID=58728) to work on /Users/uab910/dev/nnam-poc/pyenv/lib/python3.10/site-packages/airflow/example_dags/example_branch_operator.py
[2023-03-03T16:39:59.191+0100] {processor.py:756} INFO - Processing file /Users/uab910/dev/nnam-poc/pyenv/lib/python3.10/site-packages/airflow/example_dags/example_branch_operator.py for tasks to queue
[2023-03-03T16:39:59.192+0100] {logging_mixin.py:137} INFO - [2023-03-03T16:39:59.192+0100] {dagbag.py:537} INFO - Filling up the DagBag from /Users/uab910/dev/nnam-poc/pyenv/lib/python3.10/site-packages/airflow/example_dags/example_branch_operator.py
[2023-03-03T16:39:59.236+0100] {processor.py:766} INFO - DAG(s) dict_keys(['example_branch_operator']) retrieved from /Users/uab910/dev/nnam-poc/pyenv/lib/python3.10/site-packages/airflow/example_dags/example_branch_operator.py
[2023-03-03T16:39:59.398+0100] {logging_mixin.py:137} INFO - [2023-03-03T16:39:59.398+0100] {dag.py:2585} INFO - Sync 1 DAGs
[2023-03-03T16:39:59.412+0100] {logging_mixin.py:137} INFO - [2023-03-03T16:39:59.412+0100] {dag.py:3336} INFO - Setting next_dagrun for example_branch_operator to 2023-03-02T00:00:00+00:00, run_after=2023-03-03T00:00:00+00:00
[2023-03-03T16:39:59.426+0100] {processor.py:176} INFO - Processing /Users/uab910/dev/nnam-poc/pyenv/lib/python3.10/site-packages/airflow/example_dags/example_branch_operator.py took 0.241 seconds
[2023-03-03T16:41:32.421+0100] {processor.py:154} INFO - Started process (PID=58781) to work on /Users/uab910/dev/nnam-poc/pyenv/lib/python3.10/site-packages/airflow/example_dags/example_branch_operator.py
[2023-03-03T16:41:32.427+0100] {processor.py:756} INFO - Processing file /Users/uab910/dev/nnam-poc/pyenv/lib/python3.10/site-packages/airflow/example_dags/example_branch_operator.py for tasks to queue
[2023-03-03T16:41:32.427+0100] {logging_mixin.py:137} INFO - [2023-03-03T16:41:32.427+0100] {dagbag.py:537} INFO - Filling up the DagBag from /Users/uab910/dev/nnam-poc/pyenv/lib/python3.10/site-packages/airflow/example_dags/example_branch_operator.py
[2023-03-03T16:41:32.478+0100] {processor.py:766} INFO - DAG(s) dict_keys(['example_branch_operator']) retrieved from /Users/uab910/dev/nnam-poc/pyenv/lib/python3.10/site-packages/airflow/example_dags/example_branch_operator.py
[2023-03-03T16:41:32.655+0100] {logging_mixin.py:137} INFO - [2023-03-03T16:41:32.655+0100] {dag.py:2585} INFO - Sync 1 DAGs
[2023-03-03T16:41:32.671+0100] {logging_mixin.py:137} INFO - [2023-03-03T16:41:32.671+0100] {dag.py:3336} INFO - Setting next_dagrun for example_branch_operator to 2023-03-02T00:00:00+00:00, run_after=2023-03-03T00:00:00+00:00
[2023-03-03T16:41:32.688+0100] {processor.py:176} INFO - Processing /Users/uab910/dev/nnam-poc/pyenv/lib/python3.10/site-packages/airflow/example_dags/example_branch_operator.py took 0.268 seconds
[2023-03-03T16:43:03.494+0100] {processor.py:154} INFO - Started process (PID=58825) to work on /Users/uab910/dev/nnam-poc/pyenv/lib/python3.10/site-packages/airflow/example_dags/example_branch_operator.py
[2023-03-03T16:43:03.501+0100] {processor.py:756} INFO - Processing file /Users/uab910/dev/nnam-poc/pyenv/lib/python3.10/site-packages/airflow/example_dags/example_branch_operator.py for tasks to queue
[2023-03-03T16:43:03.502+0100] {logging_mixin.py:137} INFO - [2023-03-03T16:43:03.502+0100] {dagbag.py:537} INFO - Filling up the DagBag from /Users/uab910/dev/nnam-poc/pyenv/lib/python3.10/site-packages/airflow/example_dags/example_branch_operator.py
[2023-03-03T16:43:03.559+0100] {processor.py:766} INFO - DAG(s) dict_keys(['example_branch_operator']) retrieved from /Users/uab910/dev/nnam-poc/pyenv/lib/python3.10/site-packages/airflow/example_dags/example_branch_operator.py
[2023-03-03T16:43:03.759+0100] {logging_mixin.py:137} INFO - [2023-03-03T16:43:03.759+0100] {dag.py:2585} INFO - Sync 1 DAGs
[2023-03-03T16:43:03.778+0100] {logging_mixin.py:137} INFO - [2023-03-03T16:43:03.778+0100] {dag.py:3336} INFO - Setting next_dagrun for example_branch_operator to 2023-03-02T00:00:00+00:00, run_after=2023-03-03T00:00:00+00:00
[2023-03-03T16:43:03.796+0100] {processor.py:176} INFO - Processing /Users/uab910/dev/nnam-poc/pyenv/lib/python3.10/site-packages/airflow/example_dags/example_branch_operator.py took 0.302 seconds
[2023-03-03T16:44:38.615+0100] {processor.py:154} INFO - Started process (PID=58904) to work on /Users/uab910/dev/nnam-poc/pyenv/lib/python3.10/site-packages/airflow/example_dags/example_branch_operator.py
[2023-03-03T16:44:38.621+0100] {processor.py:756} INFO - Processing file /Users/uab910/dev/nnam-poc/pyenv/lib/python3.10/site-packages/airflow/example_dags/example_branch_operator.py for tasks to queue
[2023-03-03T16:44:38.621+0100] {logging_mixin.py:137} INFO - [2023-03-03T16:44:38.621+0100] {dagbag.py:537} INFO - Filling up the DagBag from /Users/uab910/dev/nnam-poc/pyenv/lib/python3.10/site-packages/airflow/example_dags/example_branch_operator.py
[2023-03-03T16:44:38.671+0100] {processor.py:766} INFO - DAG(s) dict_keys(['example_branch_operator']) retrieved from /Users/uab910/dev/nnam-poc/pyenv/lib/python3.10/site-packages/airflow/example_dags/example_branch_operator.py
[2023-03-03T16:44:38.832+0100] {logging_mixin.py:137} INFO - [2023-03-03T16:44:38.832+0100] {dag.py:2585} INFO - Sync 1 DAGs
[2023-03-03T16:44:38.848+0100] {logging_mixin.py:137} INFO - [2023-03-03T16:44:38.847+0100] {dag.py:3336} INFO - Setting next_dagrun for example_branch_operator to 2023-03-02T00:00:00+00:00, run_after=2023-03-03T00:00:00+00:00
[2023-03-03T16:44:38.861+0100] {processor.py:176} INFO - Processing /Users/uab910/dev/nnam-poc/pyenv/lib/python3.10/site-packages/airflow/example_dags/example_branch_operator.py took 0.247 seconds
[2023-03-03T16:46:12.189+0100] {processor.py:154} INFO - Started process (PID=58970) to work on /Users/uab910/dev/nnam-poc/pyenv/lib/python3.10/site-packages/airflow/example_dags/example_branch_operator.py
[2023-03-03T16:46:12.195+0100] {processor.py:756} INFO - Processing file /Users/uab910/dev/nnam-poc/pyenv/lib/python3.10/site-packages/airflow/example_dags/example_branch_operator.py for tasks to queue
[2023-03-03T16:46:12.196+0100] {logging_mixin.py:137} INFO - [2023-03-03T16:46:12.195+0100] {dagbag.py:537} INFO - Filling up the DagBag from /Users/uab910/dev/nnam-poc/pyenv/lib/python3.10/site-packages/airflow/example_dags/example_branch_operator.py
[2023-03-03T16:46:12.254+0100] {processor.py:766} INFO - DAG(s) dict_keys(['example_branch_operator']) retrieved from /Users/uab910/dev/nnam-poc/pyenv/lib/python3.10/site-packages/airflow/example_dags/example_branch_operator.py
[2023-03-03T16:46:12.424+0100] {logging_mixin.py:137} INFO - [2023-03-03T16:46:12.424+0100] {dag.py:2585} INFO - Sync 1 DAGs
[2023-03-03T16:46:12.439+0100] {logging_mixin.py:137} INFO - [2023-03-03T16:46:12.439+0100] {dag.py:3336} INFO - Setting next_dagrun for example_branch_operator to 2023-03-02T00:00:00+00:00, run_after=2023-03-03T00:00:00+00:00
[2023-03-03T16:46:12.455+0100] {processor.py:176} INFO - Processing /Users/uab910/dev/nnam-poc/pyenv/lib/python3.10/site-packages/airflow/example_dags/example_branch_operator.py took 0.267 seconds
[2023-03-03T16:47:44.433+0100] {processor.py:154} INFO - Started process (PID=59033) to work on /Users/uab910/dev/nnam-poc/pyenv/lib/python3.10/site-packages/airflow/example_dags/example_branch_operator.py
[2023-03-03T16:47:44.438+0100] {processor.py:756} INFO - Processing file /Users/uab910/dev/nnam-poc/pyenv/lib/python3.10/site-packages/airflow/example_dags/example_branch_operator.py for tasks to queue
[2023-03-03T16:47:44.439+0100] {logging_mixin.py:137} INFO - [2023-03-03T16:47:44.439+0100] {dagbag.py:537} INFO - Filling up the DagBag from /Users/uab910/dev/nnam-poc/pyenv/lib/python3.10/site-packages/airflow/example_dags/example_branch_operator.py
[2023-03-03T16:47:44.489+0100] {processor.py:766} INFO - DAG(s) dict_keys(['example_branch_operator']) retrieved from /Users/uab910/dev/nnam-poc/pyenv/lib/python3.10/site-packages/airflow/example_dags/example_branch_operator.py
[2023-03-03T16:47:44.656+0100] {logging_mixin.py:137} INFO - [2023-03-03T16:47:44.656+0100] {dag.py:2585} INFO - Sync 1 DAGs
[2023-03-03T16:47:44.671+0100] {logging_mixin.py:137} INFO - [2023-03-03T16:47:44.671+0100] {dag.py:3336} INFO - Setting next_dagrun for example_branch_operator to 2023-03-02T00:00:00+00:00, run_after=2023-03-03T00:00:00+00:00
[2023-03-03T16:47:44.687+0100] {processor.py:176} INFO - Processing /Users/uab910/dev/nnam-poc/pyenv/lib/python3.10/site-packages/airflow/example_dags/example_branch_operator.py took 0.255 seconds
[2023-03-03T16:49:16.119+0100] {processor.py:154} INFO - Started process (PID=59081) to work on /Users/uab910/dev/nnam-poc/pyenv/lib/python3.10/site-packages/airflow/example_dags/example_branch_operator.py
[2023-03-03T16:49:16.125+0100] {processor.py:756} INFO - Processing file /Users/uab910/dev/nnam-poc/pyenv/lib/python3.10/site-packages/airflow/example_dags/example_branch_operator.py for tasks to queue
[2023-03-03T16:49:16.125+0100] {logging_mixin.py:137} INFO - [2023-03-03T16:49:16.125+0100] {dagbag.py:537} INFO - Filling up the DagBag from /Users/uab910/dev/nnam-poc/pyenv/lib/python3.10/site-packages/airflow/example_dags/example_branch_operator.py
[2023-03-03T16:49:16.180+0100] {processor.py:766} INFO - DAG(s) dict_keys(['example_branch_operator']) retrieved from /Users/uab910/dev/nnam-poc/pyenv/lib/python3.10/site-packages/airflow/example_dags/example_branch_operator.py
[2023-03-03T16:49:16.366+0100] {logging_mixin.py:137} INFO - [2023-03-03T16:49:16.366+0100] {dag.py:2585} INFO - Sync 1 DAGs
[2023-03-03T16:49:16.383+0100] {logging_mixin.py:137} INFO - [2023-03-03T16:49:16.383+0100] {dag.py:3336} INFO - Setting next_dagrun for example_branch_operator to 2023-03-02T00:00:00+00:00, run_after=2023-03-03T00:00:00+00:00
[2023-03-03T16:49:16.400+0100] {processor.py:176} INFO - Processing /Users/uab910/dev/nnam-poc/pyenv/lib/python3.10/site-packages/airflow/example_dags/example_branch_operator.py took 0.281 seconds
[2023-03-03T16:50:50.161+0100] {processor.py:154} INFO - Started process (PID=59146) to work on /Users/uab910/dev/nnam-poc/pyenv/lib/python3.10/site-packages/airflow/example_dags/example_branch_operator.py
[2023-03-03T16:50:50.166+0100] {processor.py:756} INFO - Processing file /Users/uab910/dev/nnam-poc/pyenv/lib/python3.10/site-packages/airflow/example_dags/example_branch_operator.py for tasks to queue
[2023-03-03T16:50:50.166+0100] {logging_mixin.py:137} INFO - [2023-03-03T16:50:50.166+0100] {dagbag.py:537} INFO - Filling up the DagBag from /Users/uab910/dev/nnam-poc/pyenv/lib/python3.10/site-packages/airflow/example_dags/example_branch_operator.py
[2023-03-03T16:50:50.212+0100] {processor.py:766} INFO - DAG(s) dict_keys(['example_branch_operator']) retrieved from /Users/uab910/dev/nnam-poc/pyenv/lib/python3.10/site-packages/airflow/example_dags/example_branch_operator.py
[2023-03-03T16:50:50.372+0100] {logging_mixin.py:137} INFO - [2023-03-03T16:50:50.372+0100] {dag.py:2585} INFO - Sync 1 DAGs
[2023-03-03T16:50:50.386+0100] {logging_mixin.py:137} INFO - [2023-03-03T16:50:50.386+0100] {dag.py:3336} INFO - Setting next_dagrun for example_branch_operator to 2023-03-02T00:00:00+00:00, run_after=2023-03-03T00:00:00+00:00
[2023-03-03T16:50:50.400+0100] {processor.py:176} INFO - Processing /Users/uab910/dev/nnam-poc/pyenv/lib/python3.10/site-packages/airflow/example_dags/example_branch_operator.py took 0.240 seconds
[2023-03-03T16:52:22.832+0100] {processor.py:154} INFO - Started process (PID=59201) to work on /Users/uab910/dev/nnam-poc/pyenv/lib/python3.10/site-packages/airflow/example_dags/example_branch_operator.py
[2023-03-03T16:52:22.837+0100] {processor.py:756} INFO - Processing file /Users/uab910/dev/nnam-poc/pyenv/lib/python3.10/site-packages/airflow/example_dags/example_branch_operator.py for tasks to queue
[2023-03-03T16:52:22.838+0100] {logging_mixin.py:137} INFO - [2023-03-03T16:52:22.838+0100] {dagbag.py:537} INFO - Filling up the DagBag from /Users/uab910/dev/nnam-poc/pyenv/lib/python3.10/site-packages/airflow/example_dags/example_branch_operator.py
[2023-03-03T16:52:22.889+0100] {processor.py:766} INFO - DAG(s) dict_keys(['example_branch_operator']) retrieved from /Users/uab910/dev/nnam-poc/pyenv/lib/python3.10/site-packages/airflow/example_dags/example_branch_operator.py
[2023-03-03T16:52:23.057+0100] {logging_mixin.py:137} INFO - [2023-03-03T16:52:23.057+0100] {dag.py:2585} INFO - Sync 1 DAGs
[2023-03-03T16:52:23.073+0100] {logging_mixin.py:137} INFO - [2023-03-03T16:52:23.073+0100] {dag.py:3336} INFO - Setting next_dagrun for example_branch_operator to 2023-03-02T00:00:00+00:00, run_after=2023-03-03T00:00:00+00:00
[2023-03-03T16:52:23.088+0100] {processor.py:176} INFO - Processing /Users/uab910/dev/nnam-poc/pyenv/lib/python3.10/site-packages/airflow/example_dags/example_branch_operator.py took 0.257 seconds
[2023-03-03T16:53:50.724+0100] {processor.py:154} INFO - Started process (PID=59260) to work on /Users/uab910/dev/nnam-poc/pyenv/lib/python3.10/site-packages/airflow/example_dags/example_branch_operator.py
[2023-03-03T16:53:50.730+0100] {processor.py:756} INFO - Processing file /Users/uab910/dev/nnam-poc/pyenv/lib/python3.10/site-packages/airflow/example_dags/example_branch_operator.py for tasks to queue
[2023-03-03T16:53:50.730+0100] {logging_mixin.py:137} INFO - [2023-03-03T16:53:50.730+0100] {dagbag.py:537} INFO - Filling up the DagBag from /Users/uab910/dev/nnam-poc/pyenv/lib/python3.10/site-packages/airflow/example_dags/example_branch_operator.py
[2023-03-03T16:53:50.778+0100] {processor.py:766} INFO - DAG(s) dict_keys(['example_branch_operator']) retrieved from /Users/uab910/dev/nnam-poc/pyenv/lib/python3.10/site-packages/airflow/example_dags/example_branch_operator.py
[2023-03-03T16:53:50.945+0100] {logging_mixin.py:137} INFO - [2023-03-03T16:53:50.945+0100] {dag.py:2585} INFO - Sync 1 DAGs
[2023-03-03T16:53:50.964+0100] {logging_mixin.py:137} INFO - [2023-03-03T16:53:50.963+0100] {dag.py:3336} INFO - Setting next_dagrun for example_branch_operator to 2023-03-02T00:00:00+00:00, run_after=2023-03-03T00:00:00+00:00
[2023-03-03T16:53:50.979+0100] {processor.py:176} INFO - Processing /Users/uab910/dev/nnam-poc/pyenv/lib/python3.10/site-packages/airflow/example_dags/example_branch_operator.py took 0.256 seconds
[2023-03-03T16:55:23.917+0100] {processor.py:154} INFO - Started process (PID=59310) to work on /Users/uab910/dev/nnam-poc/pyenv/lib/python3.10/site-packages/airflow/example_dags/example_branch_operator.py
[2023-03-03T16:55:23.923+0100] {processor.py:756} INFO - Processing file /Users/uab910/dev/nnam-poc/pyenv/lib/python3.10/site-packages/airflow/example_dags/example_branch_operator.py for tasks to queue
[2023-03-03T16:55:23.923+0100] {logging_mixin.py:137} INFO - [2023-03-03T16:55:23.923+0100] {dagbag.py:537} INFO - Filling up the DagBag from /Users/uab910/dev/nnam-poc/pyenv/lib/python3.10/site-packages/airflow/example_dags/example_branch_operator.py
[2023-03-03T16:55:23.979+0100] {processor.py:766} INFO - DAG(s) dict_keys(['example_branch_operator']) retrieved from /Users/uab910/dev/nnam-poc/pyenv/lib/python3.10/site-packages/airflow/example_dags/example_branch_operator.py
[2023-03-03T16:55:24.188+0100] {logging_mixin.py:137} INFO - [2023-03-03T16:55:24.188+0100] {dag.py:2585} INFO - Sync 1 DAGs
[2023-03-03T16:55:24.208+0100] {logging_mixin.py:137} INFO - [2023-03-03T16:55:24.208+0100] {dag.py:3336} INFO - Setting next_dagrun for example_branch_operator to 2023-03-02T00:00:00+00:00, run_after=2023-03-03T00:00:00+00:00
[2023-03-03T16:55:24.225+0100] {processor.py:176} INFO - Processing /Users/uab910/dev/nnam-poc/pyenv/lib/python3.10/site-packages/airflow/example_dags/example_branch_operator.py took 0.309 seconds
[2023-03-03T16:56:57.033+0100] {processor.py:154} INFO - Started process (PID=59359) to work on /Users/uab910/dev/nnam-poc/pyenv/lib/python3.10/site-packages/airflow/example_dags/example_branch_operator.py
[2023-03-03T16:56:57.039+0100] {processor.py:756} INFO - Processing file /Users/uab910/dev/nnam-poc/pyenv/lib/python3.10/site-packages/airflow/example_dags/example_branch_operator.py for tasks to queue
[2023-03-03T16:56:57.039+0100] {logging_mixin.py:137} INFO - [2023-03-03T16:56:57.039+0100] {dagbag.py:537} INFO - Filling up the DagBag from /Users/uab910/dev/nnam-poc/pyenv/lib/python3.10/site-packages/airflow/example_dags/example_branch_operator.py
[2023-03-03T16:56:57.092+0100] {processor.py:766} INFO - DAG(s) dict_keys(['example_branch_operator']) retrieved from /Users/uab910/dev/nnam-poc/pyenv/lib/python3.10/site-packages/airflow/example_dags/example_branch_operator.py
[2023-03-03T16:56:57.292+0100] {logging_mixin.py:137} INFO - [2023-03-03T16:56:57.292+0100] {dag.py:2585} INFO - Sync 1 DAGs
[2023-03-03T16:56:57.312+0100] {logging_mixin.py:137} INFO - [2023-03-03T16:56:57.312+0100] {dag.py:3336} INFO - Setting next_dagrun for example_branch_operator to 2023-03-02T00:00:00+00:00, run_after=2023-03-03T00:00:00+00:00
[2023-03-03T16:56:57.330+0100] {processor.py:176} INFO - Processing /Users/uab910/dev/nnam-poc/pyenv/lib/python3.10/site-packages/airflow/example_dags/example_branch_operator.py took 0.297 seconds
[2023-03-03T16:58:30.357+0100] {processor.py:154} INFO - Started process (PID=59408) to work on /Users/uab910/dev/nnam-poc/pyenv/lib/python3.10/site-packages/airflow/example_dags/example_branch_operator.py
[2023-03-03T16:58:30.365+0100] {processor.py:756} INFO - Processing file /Users/uab910/dev/nnam-poc/pyenv/lib/python3.10/site-packages/airflow/example_dags/example_branch_operator.py for tasks to queue
[2023-03-03T16:58:30.366+0100] {logging_mixin.py:137} INFO - [2023-03-03T16:58:30.366+0100] {dagbag.py:537} INFO - Filling up the DagBag from /Users/uab910/dev/nnam-poc/pyenv/lib/python3.10/site-packages/airflow/example_dags/example_branch_operator.py
[2023-03-03T16:58:30.432+0100] {processor.py:766} INFO - DAG(s) dict_keys(['example_branch_operator']) retrieved from /Users/uab910/dev/nnam-poc/pyenv/lib/python3.10/site-packages/airflow/example_dags/example_branch_operator.py
[2023-03-03T16:58:30.645+0100] {logging_mixin.py:137} INFO - [2023-03-03T16:58:30.645+0100] {dag.py:2585} INFO - Sync 1 DAGs
[2023-03-03T16:58:30.664+0100] {logging_mixin.py:137} INFO - [2023-03-03T16:58:30.664+0100] {dag.py:3336} INFO - Setting next_dagrun for example_branch_operator to 2023-03-02T00:00:00+00:00, run_after=2023-03-03T00:00:00+00:00
[2023-03-03T16:58:30.686+0100] {processor.py:176} INFO - Processing /Users/uab910/dev/nnam-poc/pyenv/lib/python3.10/site-packages/airflow/example_dags/example_branch_operator.py took 0.329 seconds
[2023-03-03T17:00:04.438+0100] {processor.py:154} INFO - Started process (PID=59453) to work on /Users/uab910/dev/nnam-poc/pyenv/lib/python3.10/site-packages/airflow/example_dags/example_branch_operator.py
[2023-03-03T17:00:04.444+0100] {processor.py:756} INFO - Processing file /Users/uab910/dev/nnam-poc/pyenv/lib/python3.10/site-packages/airflow/example_dags/example_branch_operator.py for tasks to queue
[2023-03-03T17:00:04.444+0100] {logging_mixin.py:137} INFO - [2023-03-03T17:00:04.444+0100] {dagbag.py:537} INFO - Filling up the DagBag from /Users/uab910/dev/nnam-poc/pyenv/lib/python3.10/site-packages/airflow/example_dags/example_branch_operator.py
[2023-03-03T17:00:04.504+0100] {processor.py:766} INFO - DAG(s) dict_keys(['example_branch_operator']) retrieved from /Users/uab910/dev/nnam-poc/pyenv/lib/python3.10/site-packages/airflow/example_dags/example_branch_operator.py
[2023-03-03T17:00:04.690+0100] {logging_mixin.py:137} INFO - [2023-03-03T17:00:04.690+0100] {dag.py:2585} INFO - Sync 1 DAGs
[2023-03-03T17:00:04.705+0100] {logging_mixin.py:137} INFO - [2023-03-03T17:00:04.705+0100] {dag.py:3336} INFO - Setting next_dagrun for example_branch_operator to 2023-03-02T00:00:00+00:00, run_after=2023-03-03T00:00:00+00:00
[2023-03-03T17:00:04.724+0100] {processor.py:176} INFO - Processing /Users/uab910/dev/nnam-poc/pyenv/lib/python3.10/site-packages/airflow/example_dags/example_branch_operator.py took 0.287 seconds
[2023-03-03T17:01:37.058+0100] {processor.py:154} INFO - Started process (PID=59504) to work on /Users/uab910/dev/nnam-poc/pyenv/lib/python3.10/site-packages/airflow/example_dags/example_branch_operator.py
[2023-03-03T17:01:37.063+0100] {processor.py:756} INFO - Processing file /Users/uab910/dev/nnam-poc/pyenv/lib/python3.10/site-packages/airflow/example_dags/example_branch_operator.py for tasks to queue
[2023-03-03T17:01:37.064+0100] {logging_mixin.py:137} INFO - [2023-03-03T17:01:37.064+0100] {dagbag.py:537} INFO - Filling up the DagBag from /Users/uab910/dev/nnam-poc/pyenv/lib/python3.10/site-packages/airflow/example_dags/example_branch_operator.py
[2023-03-03T17:01:37.114+0100] {processor.py:766} INFO - DAG(s) dict_keys(['example_branch_operator']) retrieved from /Users/uab910/dev/nnam-poc/pyenv/lib/python3.10/site-packages/airflow/example_dags/example_branch_operator.py
[2023-03-03T17:01:37.269+0100] {logging_mixin.py:137} INFO - [2023-03-03T17:01:37.269+0100] {dag.py:2585} INFO - Sync 1 DAGs
[2023-03-03T17:01:37.284+0100] {logging_mixin.py:137} INFO - [2023-03-03T17:01:37.284+0100] {dag.py:3336} INFO - Setting next_dagrun for example_branch_operator to 2023-03-02T00:00:00+00:00, run_after=2023-03-03T00:00:00+00:00
[2023-03-03T17:01:37.299+0100] {processor.py:176} INFO - Processing /Users/uab910/dev/nnam-poc/pyenv/lib/python3.10/site-packages/airflow/example_dags/example_branch_operator.py took 0.242 seconds
[2023-03-03T17:03:09.352+0100] {processor.py:154} INFO - Started process (PID=59551) to work on /Users/uab910/dev/nnam-poc/pyenv/lib/python3.10/site-packages/airflow/example_dags/example_branch_operator.py
[2023-03-03T17:03:09.358+0100] {processor.py:756} INFO - Processing file /Users/uab910/dev/nnam-poc/pyenv/lib/python3.10/site-packages/airflow/example_dags/example_branch_operator.py for tasks to queue
[2023-03-03T17:03:09.359+0100] {logging_mixin.py:137} INFO - [2023-03-03T17:03:09.358+0100] {dagbag.py:537} INFO - Filling up the DagBag from /Users/uab910/dev/nnam-poc/pyenv/lib/python3.10/site-packages/airflow/example_dags/example_branch_operator.py
[2023-03-03T17:03:09.410+0100] {processor.py:766} INFO - DAG(s) dict_keys(['example_branch_operator']) retrieved from /Users/uab910/dev/nnam-poc/pyenv/lib/python3.10/site-packages/airflow/example_dags/example_branch_operator.py
[2023-03-03T17:03:09.575+0100] {logging_mixin.py:137} INFO - [2023-03-03T17:03:09.575+0100] {dag.py:2585} INFO - Sync 1 DAGs
[2023-03-03T17:03:09.591+0100] {logging_mixin.py:137} INFO - [2023-03-03T17:03:09.591+0100] {dag.py:3336} INFO - Setting next_dagrun for example_branch_operator to 2023-03-02T00:00:00+00:00, run_after=2023-03-03T00:00:00+00:00
[2023-03-03T17:03:09.606+0100] {processor.py:176} INFO - Processing /Users/uab910/dev/nnam-poc/pyenv/lib/python3.10/site-packages/airflow/example_dags/example_branch_operator.py took 0.255 seconds
[2023-03-03T17:04:40.169+0100] {processor.py:154} INFO - Started process (PID=59617) to work on /Users/uab910/dev/nnam-poc/pyenv/lib/python3.10/site-packages/airflow/example_dags/example_branch_operator.py
[2023-03-03T17:04:40.175+0100] {processor.py:756} INFO - Processing file /Users/uab910/dev/nnam-poc/pyenv/lib/python3.10/site-packages/airflow/example_dags/example_branch_operator.py for tasks to queue
[2023-03-03T17:04:40.176+0100] {logging_mixin.py:137} INFO - [2023-03-03T17:04:40.176+0100] {dagbag.py:537} INFO - Filling up the DagBag from /Users/uab910/dev/nnam-poc/pyenv/lib/python3.10/site-packages/airflow/example_dags/example_branch_operator.py
[2023-03-03T17:04:40.230+0100] {processor.py:766} INFO - DAG(s) dict_keys(['example_branch_operator']) retrieved from /Users/uab910/dev/nnam-poc/pyenv/lib/python3.10/site-packages/airflow/example_dags/example_branch_operator.py
[2023-03-03T17:04:40.397+0100] {logging_mixin.py:137} INFO - [2023-03-03T17:04:40.397+0100] {dag.py:2585} INFO - Sync 1 DAGs
[2023-03-03T17:04:40.412+0100] {logging_mixin.py:137} INFO - [2023-03-03T17:04:40.412+0100] {dag.py:3336} INFO - Setting next_dagrun for example_branch_operator to 2023-03-02T00:00:00+00:00, run_after=2023-03-03T00:00:00+00:00
[2023-03-03T17:04:40.427+0100] {processor.py:176} INFO - Processing /Users/uab910/dev/nnam-poc/pyenv/lib/python3.10/site-packages/airflow/example_dags/example_branch_operator.py took 0.259 seconds
[2023-03-03T17:06:09.302+0100] {processor.py:154} INFO - Started process (PID=59666) to work on /Users/uab910/dev/nnam-poc/pyenv/lib/python3.10/site-packages/airflow/example_dags/example_branch_operator.py
[2023-03-03T17:06:09.307+0100] {processor.py:756} INFO - Processing file /Users/uab910/dev/nnam-poc/pyenv/lib/python3.10/site-packages/airflow/example_dags/example_branch_operator.py for tasks to queue
[2023-03-03T17:06:09.307+0100] {logging_mixin.py:137} INFO - [2023-03-03T17:06:09.307+0100] {dagbag.py:537} INFO - Filling up the DagBag from /Users/uab910/dev/nnam-poc/pyenv/lib/python3.10/site-packages/airflow/example_dags/example_branch_operator.py
[2023-03-03T17:06:09.358+0100] {processor.py:766} INFO - DAG(s) dict_keys(['example_branch_operator']) retrieved from /Users/uab910/dev/nnam-poc/pyenv/lib/python3.10/site-packages/airflow/example_dags/example_branch_operator.py
[2023-03-03T17:06:09.515+0100] {logging_mixin.py:137} INFO - [2023-03-03T17:06:09.515+0100] {dag.py:2585} INFO - Sync 1 DAGs
[2023-03-03T17:06:09.529+0100] {logging_mixin.py:137} INFO - [2023-03-03T17:06:09.529+0100] {dag.py:3336} INFO - Setting next_dagrun for example_branch_operator to 2023-03-02T00:00:00+00:00, run_after=2023-03-03T00:00:00+00:00
[2023-03-03T17:06:09.545+0100] {processor.py:176} INFO - Processing /Users/uab910/dev/nnam-poc/pyenv/lib/python3.10/site-packages/airflow/example_dags/example_branch_operator.py took 0.244 seconds
[2023-03-03T17:07:52.940+0100] {processor.py:154} INFO - Started process (PID=59721) to work on /Users/uab910/dev/nnam-poc/pyenv/lib/python3.10/site-packages/airflow/example_dags/example_branch_operator.py
[2023-03-03T17:07:52.944+0100] {processor.py:756} INFO - Processing file /Users/uab910/dev/nnam-poc/pyenv/lib/python3.10/site-packages/airflow/example_dags/example_branch_operator.py for tasks to queue
[2023-03-03T17:07:52.944+0100] {logging_mixin.py:137} INFO - [2023-03-03T17:07:52.944+0100] {dagbag.py:537} INFO - Filling up the DagBag from /Users/uab910/dev/nnam-poc/pyenv/lib/python3.10/site-packages/airflow/example_dags/example_branch_operator.py
[2023-03-03T17:07:52.993+0100] {processor.py:766} INFO - DAG(s) dict_keys(['example_branch_operator']) retrieved from /Users/uab910/dev/nnam-poc/pyenv/lib/python3.10/site-packages/airflow/example_dags/example_branch_operator.py
[2023-03-03T17:07:53.166+0100] {logging_mixin.py:137} INFO - [2023-03-03T17:07:53.166+0100] {dag.py:2585} INFO - Sync 1 DAGs
[2023-03-03T17:07:53.206+0100] {logging_mixin.py:137} INFO - [2023-03-03T17:07:53.206+0100] {dag.py:3336} INFO - Setting next_dagrun for example_branch_operator to 2023-03-02T00:00:00+00:00, run_after=2023-03-03T00:00:00+00:00
[2023-03-03T17:07:53.245+0100] {processor.py:176} INFO - Processing /Users/uab910/dev/nnam-poc/pyenv/lib/python3.10/site-packages/airflow/example_dags/example_branch_operator.py took 0.307 seconds
[2023-03-03T17:09:30.046+0100] {processor.py:154} INFO - Started process (PID=59788) to work on /Users/uab910/dev/nnam-poc/pyenv/lib/python3.10/site-packages/airflow/example_dags/example_branch_operator.py
[2023-03-03T17:09:30.052+0100] {processor.py:756} INFO - Processing file /Users/uab910/dev/nnam-poc/pyenv/lib/python3.10/site-packages/airflow/example_dags/example_branch_operator.py for tasks to queue
[2023-03-03T17:09:30.052+0100] {logging_mixin.py:137} INFO - [2023-03-03T17:09:30.052+0100] {dagbag.py:537} INFO - Filling up the DagBag from /Users/uab910/dev/nnam-poc/pyenv/lib/python3.10/site-packages/airflow/example_dags/example_branch_operator.py
[2023-03-03T17:09:30.102+0100] {processor.py:766} INFO - DAG(s) dict_keys(['example_branch_operator']) retrieved from /Users/uab910/dev/nnam-poc/pyenv/lib/python3.10/site-packages/airflow/example_dags/example_branch_operator.py
[2023-03-03T17:09:30.257+0100] {logging_mixin.py:137} INFO - [2023-03-03T17:09:30.257+0100] {dag.py:2585} INFO - Sync 1 DAGs
[2023-03-03T17:09:30.271+0100] {logging_mixin.py:137} INFO - [2023-03-03T17:09:30.270+0100] {dag.py:3336} INFO - Setting next_dagrun for example_branch_operator to 2023-03-02T00:00:00+00:00, run_after=2023-03-03T00:00:00+00:00
[2023-03-03T17:09:30.286+0100] {processor.py:176} INFO - Processing /Users/uab910/dev/nnam-poc/pyenv/lib/python3.10/site-packages/airflow/example_dags/example_branch_operator.py took 0.240 seconds
[2023-03-03T17:10:56.753+0100] {processor.py:154} INFO - Started process (PID=59836) to work on /Users/uab910/dev/nnam-poc/pyenv/lib/python3.10/site-packages/airflow/example_dags/example_branch_operator.py
[2023-03-03T17:10:56.757+0100] {processor.py:756} INFO - Processing file /Users/uab910/dev/nnam-poc/pyenv/lib/python3.10/site-packages/airflow/example_dags/example_branch_operator.py for tasks to queue
[2023-03-03T17:10:56.758+0100] {logging_mixin.py:137} INFO - [2023-03-03T17:10:56.758+0100] {dagbag.py:537} INFO - Filling up the DagBag from /Users/uab910/dev/nnam-poc/pyenv/lib/python3.10/site-packages/airflow/example_dags/example_branch_operator.py
[2023-03-03T17:10:56.803+0100] {processor.py:766} INFO - DAG(s) dict_keys(['example_branch_operator']) retrieved from /Users/uab910/dev/nnam-poc/pyenv/lib/python3.10/site-packages/airflow/example_dags/example_branch_operator.py
[2023-03-03T17:10:56.965+0100] {logging_mixin.py:137} INFO - [2023-03-03T17:10:56.965+0100] {dag.py:2585} INFO - Sync 1 DAGs
[2023-03-03T17:10:56.980+0100] {logging_mixin.py:137} INFO - [2023-03-03T17:10:56.980+0100] {dag.py:3336} INFO - Setting next_dagrun for example_branch_operator to 2023-03-02T00:00:00+00:00, run_after=2023-03-03T00:00:00+00:00
[2023-03-03T17:10:56.996+0100] {processor.py:176} INFO - Processing /Users/uab910/dev/nnam-poc/pyenv/lib/python3.10/site-packages/airflow/example_dags/example_branch_operator.py took 0.243 seconds
[2023-03-03T17:12:26.234+0100] {processor.py:154} INFO - Started process (PID=59900) to work on /Users/uab910/dev/nnam-poc/pyenv/lib/python3.10/site-packages/airflow/example_dags/example_branch_operator.py
[2023-03-03T17:12:26.238+0100] {processor.py:756} INFO - Processing file /Users/uab910/dev/nnam-poc/pyenv/lib/python3.10/site-packages/airflow/example_dags/example_branch_operator.py for tasks to queue
[2023-03-03T17:12:26.239+0100] {logging_mixin.py:137} INFO - [2023-03-03T17:12:26.239+0100] {dagbag.py:537} INFO - Filling up the DagBag from /Users/uab910/dev/nnam-poc/pyenv/lib/python3.10/site-packages/airflow/example_dags/example_branch_operator.py
[2023-03-03T17:12:26.290+0100] {processor.py:766} INFO - DAG(s) dict_keys(['example_branch_operator']) retrieved from /Users/uab910/dev/nnam-poc/pyenv/lib/python3.10/site-packages/airflow/example_dags/example_branch_operator.py
[2023-03-03T17:12:26.449+0100] {logging_mixin.py:137} INFO - [2023-03-03T17:12:26.449+0100] {dag.py:2585} INFO - Sync 1 DAGs
[2023-03-03T17:12:26.465+0100] {logging_mixin.py:137} INFO - [2023-03-03T17:12:26.465+0100] {dag.py:3336} INFO - Setting next_dagrun for example_branch_operator to 2023-03-02T00:00:00+00:00, run_after=2023-03-03T00:00:00+00:00
[2023-03-03T17:12:26.482+0100] {processor.py:176} INFO - Processing /Users/uab910/dev/nnam-poc/pyenv/lib/python3.10/site-packages/airflow/example_dags/example_branch_operator.py took 0.249 seconds
[2023-03-03T17:13:56.229+0100] {processor.py:154} INFO - Started process (PID=59982) to work on /Users/uab910/dev/nnam-poc/pyenv/lib/python3.10/site-packages/airflow/example_dags/example_branch_operator.py
[2023-03-03T17:13:56.234+0100] {processor.py:756} INFO - Processing file /Users/uab910/dev/nnam-poc/pyenv/lib/python3.10/site-packages/airflow/example_dags/example_branch_operator.py for tasks to queue
[2023-03-03T17:13:56.234+0100] {logging_mixin.py:137} INFO - [2023-03-03T17:13:56.234+0100] {dagbag.py:537} INFO - Filling up the DagBag from /Users/uab910/dev/nnam-poc/pyenv/lib/python3.10/site-packages/airflow/example_dags/example_branch_operator.py
[2023-03-03T17:13:56.282+0100] {processor.py:766} INFO - DAG(s) dict_keys(['example_branch_operator']) retrieved from /Users/uab910/dev/nnam-poc/pyenv/lib/python3.10/site-packages/airflow/example_dags/example_branch_operator.py
[2023-03-03T17:13:56.453+0100] {logging_mixin.py:137} INFO - [2023-03-03T17:13:56.453+0100] {dag.py:2585} INFO - Sync 1 DAGs
[2023-03-03T17:13:56.471+0100] {logging_mixin.py:137} INFO - [2023-03-03T17:13:56.471+0100] {dag.py:3336} INFO - Setting next_dagrun for example_branch_operator to 2023-03-02T00:00:00+00:00, run_after=2023-03-03T00:00:00+00:00
[2023-03-03T17:13:56.490+0100] {processor.py:176} INFO - Processing /Users/uab910/dev/nnam-poc/pyenv/lib/python3.10/site-packages/airflow/example_dags/example_branch_operator.py took 0.261 seconds
[2023-03-03T17:15:28.715+0100] {processor.py:154} INFO - Started process (PID=60037) to work on /Users/uab910/dev/nnam-poc/pyenv/lib/python3.10/site-packages/airflow/example_dags/example_branch_operator.py
[2023-03-03T17:15:28.722+0100] {processor.py:756} INFO - Processing file /Users/uab910/dev/nnam-poc/pyenv/lib/python3.10/site-packages/airflow/example_dags/example_branch_operator.py for tasks to queue
[2023-03-03T17:15:28.722+0100] {logging_mixin.py:137} INFO - [2023-03-03T17:15:28.722+0100] {dagbag.py:537} INFO - Filling up the DagBag from /Users/uab910/dev/nnam-poc/pyenv/lib/python3.10/site-packages/airflow/example_dags/example_branch_operator.py
[2023-03-03T17:15:28.778+0100] {processor.py:766} INFO - DAG(s) dict_keys(['example_branch_operator']) retrieved from /Users/uab910/dev/nnam-poc/pyenv/lib/python3.10/site-packages/airflow/example_dags/example_branch_operator.py
[2023-03-03T17:15:28.965+0100] {logging_mixin.py:137} INFO - [2023-03-03T17:15:28.965+0100] {dag.py:2585} INFO - Sync 1 DAGs
[2023-03-03T17:15:28.979+0100] {logging_mixin.py:137} INFO - [2023-03-03T17:15:28.979+0100] {dag.py:3336} INFO - Setting next_dagrun for example_branch_operator to 2023-03-02T00:00:00+00:00, run_after=2023-03-03T00:00:00+00:00
[2023-03-03T17:15:28.995+0100] {processor.py:176} INFO - Processing /Users/uab910/dev/nnam-poc/pyenv/lib/python3.10/site-packages/airflow/example_dags/example_branch_operator.py took 0.281 seconds
[2023-03-03T17:17:02.391+0100] {processor.py:154} INFO - Started process (PID=60091) to work on /Users/uab910/dev/nnam-poc/pyenv/lib/python3.10/site-packages/airflow/example_dags/example_branch_operator.py
[2023-03-03T17:17:02.396+0100] {processor.py:756} INFO - Processing file /Users/uab910/dev/nnam-poc/pyenv/lib/python3.10/site-packages/airflow/example_dags/example_branch_operator.py for tasks to queue
[2023-03-03T17:17:02.396+0100] {logging_mixin.py:137} INFO - [2023-03-03T17:17:02.396+0100] {dagbag.py:537} INFO - Filling up the DagBag from /Users/uab910/dev/nnam-poc/pyenv/lib/python3.10/site-packages/airflow/example_dags/example_branch_operator.py
[2023-03-03T17:17:02.442+0100] {processor.py:766} INFO - DAG(s) dict_keys(['example_branch_operator']) retrieved from /Users/uab910/dev/nnam-poc/pyenv/lib/python3.10/site-packages/airflow/example_dags/example_branch_operator.py
[2023-03-03T17:17:02.602+0100] {logging_mixin.py:137} INFO - [2023-03-03T17:17:02.602+0100] {dag.py:2585} INFO - Sync 1 DAGs
[2023-03-03T17:17:02.617+0100] {logging_mixin.py:137} INFO - [2023-03-03T17:17:02.616+0100] {dag.py:3336} INFO - Setting next_dagrun for example_branch_operator to 2023-03-02T00:00:00+00:00, run_after=2023-03-03T00:00:00+00:00
[2023-03-03T17:17:02.630+0100] {processor.py:176} INFO - Processing /Users/uab910/dev/nnam-poc/pyenv/lib/python3.10/site-packages/airflow/example_dags/example_branch_operator.py took 0.239 seconds
[2023-03-03T17:18:29.532+0100] {processor.py:154} INFO - Started process (PID=60142) to work on /Users/uab910/dev/nnam-poc/pyenv/lib/python3.10/site-packages/airflow/example_dags/example_branch_operator.py
[2023-03-03T17:18:29.538+0100] {processor.py:756} INFO - Processing file /Users/uab910/dev/nnam-poc/pyenv/lib/python3.10/site-packages/airflow/example_dags/example_branch_operator.py for tasks to queue
[2023-03-03T17:18:29.538+0100] {logging_mixin.py:137} INFO - [2023-03-03T17:18:29.538+0100] {dagbag.py:537} INFO - Filling up the DagBag from /Users/uab910/dev/nnam-poc/pyenv/lib/python3.10/site-packages/airflow/example_dags/example_branch_operator.py
[2023-03-03T17:18:29.582+0100] {processor.py:766} INFO - DAG(s) dict_keys(['example_branch_operator']) retrieved from /Users/uab910/dev/nnam-poc/pyenv/lib/python3.10/site-packages/airflow/example_dags/example_branch_operator.py
[2023-03-03T17:18:29.748+0100] {logging_mixin.py:137} INFO - [2023-03-03T17:18:29.748+0100] {dag.py:2585} INFO - Sync 1 DAGs
[2023-03-03T17:18:29.763+0100] {logging_mixin.py:137} INFO - [2023-03-03T17:18:29.763+0100] {dag.py:3336} INFO - Setting next_dagrun for example_branch_operator to 2023-03-02T00:00:00+00:00, run_after=2023-03-03T00:00:00+00:00
[2023-03-03T17:18:29.779+0100] {processor.py:176} INFO - Processing /Users/uab910/dev/nnam-poc/pyenv/lib/python3.10/site-packages/airflow/example_dags/example_branch_operator.py took 0.247 seconds
