[2023-03-03T16:01:28.901+0100] {processor.py:154} INFO - Started process (PID=57147) to work on /Users/uab910/dev/nnam-poc/pyenv/lib/python3.10/site-packages/airflow/example_dags/example_external_task_marker_dag.py
[2023-03-03T16:01:28.906+0100] {processor.py:756} INFO - Processing file /Users/uab910/dev/nnam-poc/pyenv/lib/python3.10/site-packages/airflow/example_dags/example_external_task_marker_dag.py for tasks to queue
[2023-03-03T16:01:28.906+0100] {logging_mixin.py:137} INFO - [2023-03-03T16:01:28.906+0100] {dagbag.py:537} INFO - Filling up the DagBag from /Users/uab910/dev/nnam-poc/pyenv/lib/python3.10/site-packages/airflow/example_dags/example_external_task_marker_dag.py
[2023-03-03T16:01:28.941+0100] {processor.py:766} INFO - DAG(s) dict_keys(['example_external_task_marker_child', 'example_external_task_marker_parent']) retrieved from /Users/uab910/dev/nnam-poc/pyenv/lib/python3.10/site-packages/airflow/example_dags/example_external_task_marker_dag.py
[2023-03-03T16:01:30.240+0100] {logging_mixin.py:137} INFO - [2023-03-03T16:01:30.240+0100] {manager.py:507} INFO - Created Permission View: can read on DAG:example_external_task_marker_child
[2023-03-03T16:01:30.248+0100] {logging_mixin.py:137} INFO - [2023-03-03T16:01:30.248+0100] {manager.py:507} INFO - Created Permission View: can edit on DAG:example_external_task_marker_child
[2023-03-03T16:01:30.255+0100] {logging_mixin.py:137} INFO - [2023-03-03T16:01:30.255+0100] {manager.py:507} INFO - Created Permission View: can delete on DAG:example_external_task_marker_child
[2023-03-03T16:01:30.268+0100] {logging_mixin.py:137} INFO - [2023-03-03T16:01:30.268+0100] {manager.py:507} INFO - Created Permission View: can read on DAG:example_external_task_marker_parent
[2023-03-03T16:01:30.274+0100] {logging_mixin.py:137} INFO - [2023-03-03T16:01:30.274+0100] {manager.py:507} INFO - Created Permission View: can edit on DAG:example_external_task_marker_parent
[2023-03-03T16:01:30.281+0100] {logging_mixin.py:137} INFO - [2023-03-03T16:01:30.281+0100] {manager.py:507} INFO - Created Permission View: can delete on DAG:example_external_task_marker_parent
[2023-03-03T16:01:30.281+0100] {logging_mixin.py:137} INFO - [2023-03-03T16:01:30.281+0100] {dag.py:2585} INFO - Sync 2 DAGs
[2023-03-03T16:01:30.292+0100] {logging_mixin.py:137} INFO - [2023-03-03T16:01:30.291+0100] {dag.py:2606} INFO - Creating ORM DAG for example_external_task_marker_parent
[2023-03-03T16:01:30.292+0100] {logging_mixin.py:137} INFO - [2023-03-03T16:01:30.292+0100] {dag.py:2606} INFO - Creating ORM DAG for example_external_task_marker_child
[2023-03-03T16:01:30.300+0100] {logging_mixin.py:137} INFO - [2023-03-03T16:01:30.300+0100] {dag.py:3336} INFO - Setting next_dagrun for example_external_task_marker_child to None, run_after=None
[2023-03-03T16:01:30.300+0100] {logging_mixin.py:137} INFO - [2023-03-03T16:01:30.300+0100] {dag.py:3336} INFO - Setting next_dagrun for example_external_task_marker_parent to None, run_after=None
[2023-03-03T16:01:30.319+0100] {processor.py:176} INFO - Processing /Users/uab910/dev/nnam-poc/pyenv/lib/python3.10/site-packages/airflow/example_dags/example_external_task_marker_dag.py took 1.419 seconds
[2023-03-03T16:03:26.435+0100] {processor.py:154} INFO - Started process (PID=57244) to work on /Users/uab910/dev/nnam-poc/pyenv/lib/python3.10/site-packages/airflow/example_dags/example_external_task_marker_dag.py
[2023-03-03T16:03:26.441+0100] {processor.py:756} INFO - Processing file /Users/uab910/dev/nnam-poc/pyenv/lib/python3.10/site-packages/airflow/example_dags/example_external_task_marker_dag.py for tasks to queue
[2023-03-03T16:03:26.441+0100] {logging_mixin.py:137} INFO - [2023-03-03T16:03:26.441+0100] {dagbag.py:537} INFO - Filling up the DagBag from /Users/uab910/dev/nnam-poc/pyenv/lib/python3.10/site-packages/airflow/example_dags/example_external_task_marker_dag.py
[2023-03-03T16:03:26.473+0100] {processor.py:766} INFO - DAG(s) dict_keys(['example_external_task_marker_child', 'example_external_task_marker_parent']) retrieved from /Users/uab910/dev/nnam-poc/pyenv/lib/python3.10/site-packages/airflow/example_dags/example_external_task_marker_dag.py
[2023-03-03T16:03:26.737+0100] {logging_mixin.py:137} INFO - [2023-03-03T16:03:26.737+0100] {dag.py:2585} INFO - Sync 2 DAGs
[2023-03-03T16:03:26.751+0100] {logging_mixin.py:137} INFO - [2023-03-03T16:03:26.751+0100] {dag.py:3336} INFO - Setting next_dagrun for example_external_task_marker_child to None, run_after=None
[2023-03-03T16:03:26.753+0100] {logging_mixin.py:137} INFO - [2023-03-03T16:03:26.753+0100] {dag.py:3336} INFO - Setting next_dagrun for example_external_task_marker_parent to None, run_after=None
[2023-03-03T16:03:26.767+0100] {processor.py:176} INFO - Processing /Users/uab910/dev/nnam-poc/pyenv/lib/python3.10/site-packages/airflow/example_dags/example_external_task_marker_dag.py took 0.332 seconds
[2023-03-03T16:04:42.475+0100] {processor.py:154} INFO - Started process (PID=57303) to work on /Users/uab910/dev/nnam-poc/pyenv/lib/python3.10/site-packages/airflow/example_dags/example_external_task_marker_dag.py
[2023-03-03T16:04:42.481+0100] {processor.py:756} INFO - Processing file /Users/uab910/dev/nnam-poc/pyenv/lib/python3.10/site-packages/airflow/example_dags/example_external_task_marker_dag.py for tasks to queue
[2023-03-03T16:04:42.482+0100] {logging_mixin.py:137} INFO - [2023-03-03T16:04:42.482+0100] {dagbag.py:537} INFO - Filling up the DagBag from /Users/uab910/dev/nnam-poc/pyenv/lib/python3.10/site-packages/airflow/example_dags/example_external_task_marker_dag.py
[2023-03-03T16:04:42.521+0100] {processor.py:766} INFO - DAG(s) dict_keys(['example_external_task_marker_child', 'example_external_task_marker_parent']) retrieved from /Users/uab910/dev/nnam-poc/pyenv/lib/python3.10/site-packages/airflow/example_dags/example_external_task_marker_dag.py
[2023-03-03T16:04:42.852+0100] {logging_mixin.py:137} INFO - [2023-03-03T16:04:42.852+0100] {dag.py:2585} INFO - Sync 2 DAGs
[2023-03-03T16:04:42.867+0100] {logging_mixin.py:137} INFO - [2023-03-03T16:04:42.867+0100] {dag.py:3336} INFO - Setting next_dagrun for example_external_task_marker_child to None, run_after=None
[2023-03-03T16:04:42.870+0100] {logging_mixin.py:137} INFO - [2023-03-03T16:04:42.870+0100] {dag.py:3336} INFO - Setting next_dagrun for example_external_task_marker_parent to None, run_after=None
[2023-03-03T16:04:42.886+0100] {processor.py:176} INFO - Processing /Users/uab910/dev/nnam-poc/pyenv/lib/python3.10/site-packages/airflow/example_dags/example_external_task_marker_dag.py took 0.412 seconds
[2023-03-03T16:05:56.123+0100] {processor.py:154} INFO - Started process (PID=57351) to work on /Users/uab910/dev/nnam-poc/pyenv/lib/python3.10/site-packages/airflow/example_dags/example_external_task_marker_dag.py
[2023-03-03T16:05:56.129+0100] {processor.py:756} INFO - Processing file /Users/uab910/dev/nnam-poc/pyenv/lib/python3.10/site-packages/airflow/example_dags/example_external_task_marker_dag.py for tasks to queue
[2023-03-03T16:05:56.129+0100] {logging_mixin.py:137} INFO - [2023-03-03T16:05:56.129+0100] {dagbag.py:537} INFO - Filling up the DagBag from /Users/uab910/dev/nnam-poc/pyenv/lib/python3.10/site-packages/airflow/example_dags/example_external_task_marker_dag.py
[2023-03-03T16:05:56.162+0100] {processor.py:766} INFO - DAG(s) dict_keys(['example_external_task_marker_parent', 'example_external_task_marker_child']) retrieved from /Users/uab910/dev/nnam-poc/pyenv/lib/python3.10/site-packages/airflow/example_dags/example_external_task_marker_dag.py
[2023-03-03T16:05:56.417+0100] {logging_mixin.py:137} INFO - [2023-03-03T16:05:56.417+0100] {dag.py:2585} INFO - Sync 2 DAGs
[2023-03-03T16:05:56.429+0100] {logging_mixin.py:137} INFO - [2023-03-03T16:05:56.429+0100] {dag.py:3336} INFO - Setting next_dagrun for example_external_task_marker_child to None, run_after=None
[2023-03-03T16:05:56.431+0100] {logging_mixin.py:137} INFO - [2023-03-03T16:05:56.431+0100] {dag.py:3336} INFO - Setting next_dagrun for example_external_task_marker_parent to None, run_after=None
[2023-03-03T16:05:56.446+0100] {processor.py:176} INFO - Processing /Users/uab910/dev/nnam-poc/pyenv/lib/python3.10/site-packages/airflow/example_dags/example_external_task_marker_dag.py took 0.323 seconds
[2023-03-03T16:07:17.162+0100] {processor.py:154} INFO - Started process (PID=57409) to work on /Users/uab910/dev/nnam-poc/pyenv/lib/python3.10/site-packages/airflow/example_dags/example_external_task_marker_dag.py
[2023-03-03T16:07:17.168+0100] {processor.py:756} INFO - Processing file /Users/uab910/dev/nnam-poc/pyenv/lib/python3.10/site-packages/airflow/example_dags/example_external_task_marker_dag.py for tasks to queue
[2023-03-03T16:07:17.168+0100] {logging_mixin.py:137} INFO - [2023-03-03T16:07:17.168+0100] {dagbag.py:537} INFO - Filling up the DagBag from /Users/uab910/dev/nnam-poc/pyenv/lib/python3.10/site-packages/airflow/example_dags/example_external_task_marker_dag.py
[2023-03-03T16:07:17.213+0100] {processor.py:766} INFO - DAG(s) dict_keys(['example_external_task_marker_child', 'example_external_task_marker_parent']) retrieved from /Users/uab910/dev/nnam-poc/pyenv/lib/python3.10/site-packages/airflow/example_dags/example_external_task_marker_dag.py
[2023-03-03T16:07:21.887+0100] {logging_mixin.py:137} INFO - [2023-03-03T16:07:21.886+0100] {dag.py:2585} INFO - Sync 2 DAGs
[2023-03-03T16:07:21.949+0100] {logging_mixin.py:137} INFO - [2023-03-03T16:07:21.949+0100] {dag.py:3336} INFO - Setting next_dagrun for example_external_task_marker_child to None, run_after=None
[2023-03-03T16:07:21.952+0100] {logging_mixin.py:137} INFO - [2023-03-03T16:07:21.952+0100] {dag.py:3336} INFO - Setting next_dagrun for example_external_task_marker_parent to None, run_after=None
[2023-03-03T16:07:21.972+0100] {processor.py:176} INFO - Processing /Users/uab910/dev/nnam-poc/pyenv/lib/python3.10/site-packages/airflow/example_dags/example_external_task_marker_dag.py took 4.811 seconds
[2023-03-03T16:08:36.945+0100] {processor.py:154} INFO - Started process (PID=57458) to work on /Users/uab910/dev/nnam-poc/pyenv/lib/python3.10/site-packages/airflow/example_dags/example_external_task_marker_dag.py
[2023-03-03T16:08:36.951+0100] {processor.py:756} INFO - Processing file /Users/uab910/dev/nnam-poc/pyenv/lib/python3.10/site-packages/airflow/example_dags/example_external_task_marker_dag.py for tasks to queue
[2023-03-03T16:08:36.951+0100] {logging_mixin.py:137} INFO - [2023-03-03T16:08:36.951+0100] {dagbag.py:537} INFO - Filling up the DagBag from /Users/uab910/dev/nnam-poc/pyenv/lib/python3.10/site-packages/airflow/example_dags/example_external_task_marker_dag.py
[2023-03-03T16:08:36.984+0100] {processor.py:766} INFO - DAG(s) dict_keys(['example_external_task_marker_parent', 'example_external_task_marker_child']) retrieved from /Users/uab910/dev/nnam-poc/pyenv/lib/python3.10/site-packages/airflow/example_dags/example_external_task_marker_dag.py
[2023-03-03T16:08:38.411+0100] {logging_mixin.py:137} INFO - [2023-03-03T16:08:38.411+0100] {dag.py:2585} INFO - Sync 2 DAGs
[2023-03-03T16:08:38.474+0100] {logging_mixin.py:137} INFO - [2023-03-03T16:08:38.474+0100] {dag.py:3336} INFO - Setting next_dagrun for example_external_task_marker_child to None, run_after=None
[2023-03-03T16:08:38.477+0100] {logging_mixin.py:137} INFO - [2023-03-03T16:08:38.477+0100] {dag.py:3336} INFO - Setting next_dagrun for example_external_task_marker_parent to None, run_after=None
[2023-03-03T16:08:38.494+0100] {processor.py:176} INFO - Processing /Users/uab910/dev/nnam-poc/pyenv/lib/python3.10/site-packages/airflow/example_dags/example_external_task_marker_dag.py took 1.550 seconds
[2023-03-03T16:09:54.528+0100] {processor.py:154} INFO - Started process (PID=57506) to work on /Users/uab910/dev/nnam-poc/pyenv/lib/python3.10/site-packages/airflow/example_dags/example_external_task_marker_dag.py
[2023-03-03T16:09:54.533+0100] {processor.py:756} INFO - Processing file /Users/uab910/dev/nnam-poc/pyenv/lib/python3.10/site-packages/airflow/example_dags/example_external_task_marker_dag.py for tasks to queue
[2023-03-03T16:09:54.534+0100] {logging_mixin.py:137} INFO - [2023-03-03T16:09:54.534+0100] {dagbag.py:537} INFO - Filling up the DagBag from /Users/uab910/dev/nnam-poc/pyenv/lib/python3.10/site-packages/airflow/example_dags/example_external_task_marker_dag.py
[2023-03-03T16:09:54.568+0100] {processor.py:766} INFO - DAG(s) dict_keys(['example_external_task_marker_child', 'example_external_task_marker_parent']) retrieved from /Users/uab910/dev/nnam-poc/pyenv/lib/python3.10/site-packages/airflow/example_dags/example_external_task_marker_dag.py
[2023-03-03T16:09:54.871+0100] {logging_mixin.py:137} INFO - [2023-03-03T16:09:54.871+0100] {dag.py:2585} INFO - Sync 2 DAGs
[2023-03-03T16:09:54.887+0100] {logging_mixin.py:137} INFO - [2023-03-03T16:09:54.886+0100] {dag.py:3336} INFO - Setting next_dagrun for example_external_task_marker_child to None, run_after=None
[2023-03-03T16:09:54.889+0100] {logging_mixin.py:137} INFO - [2023-03-03T16:09:54.889+0100] {dag.py:3336} INFO - Setting next_dagrun for example_external_task_marker_parent to None, run_after=None
[2023-03-03T16:09:54.905+0100] {processor.py:176} INFO - Processing /Users/uab910/dev/nnam-poc/pyenv/lib/python3.10/site-packages/airflow/example_dags/example_external_task_marker_dag.py took 0.378 seconds
[2023-03-03T16:11:11.220+0100] {processor.py:154} INFO - Started process (PID=57551) to work on /Users/uab910/dev/nnam-poc/pyenv/lib/python3.10/site-packages/airflow/example_dags/example_external_task_marker_dag.py
[2023-03-03T16:11:11.227+0100] {processor.py:756} INFO - Processing file /Users/uab910/dev/nnam-poc/pyenv/lib/python3.10/site-packages/airflow/example_dags/example_external_task_marker_dag.py for tasks to queue
[2023-03-03T16:11:11.228+0100] {logging_mixin.py:137} INFO - [2023-03-03T16:11:11.227+0100] {dagbag.py:537} INFO - Filling up the DagBag from /Users/uab910/dev/nnam-poc/pyenv/lib/python3.10/site-packages/airflow/example_dags/example_external_task_marker_dag.py
[2023-03-03T16:11:11.265+0100] {processor.py:766} INFO - DAG(s) dict_keys(['example_external_task_marker_child', 'example_external_task_marker_parent']) retrieved from /Users/uab910/dev/nnam-poc/pyenv/lib/python3.10/site-packages/airflow/example_dags/example_external_task_marker_dag.py
[2023-03-03T16:11:12.808+0100] {logging_mixin.py:137} INFO - [2023-03-03T16:11:12.807+0100] {dag.py:2585} INFO - Sync 2 DAGs
[2023-03-03T16:11:12.862+0100] {logging_mixin.py:137} INFO - [2023-03-03T16:11:12.862+0100] {dag.py:3336} INFO - Setting next_dagrun for example_external_task_marker_child to None, run_after=None
[2023-03-03T16:11:12.864+0100] {logging_mixin.py:137} INFO - [2023-03-03T16:11:12.864+0100] {dag.py:3336} INFO - Setting next_dagrun for example_external_task_marker_parent to None, run_after=None
[2023-03-03T16:11:12.879+0100] {processor.py:176} INFO - Processing /Users/uab910/dev/nnam-poc/pyenv/lib/python3.10/site-packages/airflow/example_dags/example_external_task_marker_dag.py took 1.660 seconds
[2023-03-03T16:12:29.307+0100] {processor.py:154} INFO - Started process (PID=57590) to work on /Users/uab910/dev/nnam-poc/pyenv/lib/python3.10/site-packages/airflow/example_dags/example_external_task_marker_dag.py
[2023-03-03T16:12:29.313+0100] {processor.py:756} INFO - Processing file /Users/uab910/dev/nnam-poc/pyenv/lib/python3.10/site-packages/airflow/example_dags/example_external_task_marker_dag.py for tasks to queue
[2023-03-03T16:12:29.314+0100] {logging_mixin.py:137} INFO - [2023-03-03T16:12:29.314+0100] {dagbag.py:537} INFO - Filling up the DagBag from /Users/uab910/dev/nnam-poc/pyenv/lib/python3.10/site-packages/airflow/example_dags/example_external_task_marker_dag.py
[2023-03-03T16:12:29.349+0100] {processor.py:766} INFO - DAG(s) dict_keys(['example_external_task_marker_child', 'example_external_task_marker_parent']) retrieved from /Users/uab910/dev/nnam-poc/pyenv/lib/python3.10/site-packages/airflow/example_dags/example_external_task_marker_dag.py
[2023-03-03T16:12:29.654+0100] {logging_mixin.py:137} INFO - [2023-03-03T16:12:29.654+0100] {dag.py:2585} INFO - Sync 2 DAGs
[2023-03-03T16:12:29.668+0100] {logging_mixin.py:137} INFO - [2023-03-03T16:12:29.668+0100] {dag.py:3336} INFO - Setting next_dagrun for example_external_task_marker_child to None, run_after=None
[2023-03-03T16:12:29.670+0100] {logging_mixin.py:137} INFO - [2023-03-03T16:12:29.670+0100] {dag.py:3336} INFO - Setting next_dagrun for example_external_task_marker_parent to None, run_after=None
[2023-03-03T16:12:29.685+0100] {processor.py:176} INFO - Processing /Users/uab910/dev/nnam-poc/pyenv/lib/python3.10/site-packages/airflow/example_dags/example_external_task_marker_dag.py took 0.379 seconds
[2023-03-03T16:13:41.545+0100] {processor.py:154} INFO - Started process (PID=57641) to work on /Users/uab910/dev/nnam-poc/pyenv/lib/python3.10/site-packages/airflow/example_dags/example_external_task_marker_dag.py
[2023-03-03T16:13:41.552+0100] {processor.py:756} INFO - Processing file /Users/uab910/dev/nnam-poc/pyenv/lib/python3.10/site-packages/airflow/example_dags/example_external_task_marker_dag.py for tasks to queue
[2023-03-03T16:13:41.552+0100] {logging_mixin.py:137} INFO - [2023-03-03T16:13:41.552+0100] {dagbag.py:537} INFO - Filling up the DagBag from /Users/uab910/dev/nnam-poc/pyenv/lib/python3.10/site-packages/airflow/example_dags/example_external_task_marker_dag.py
[2023-03-03T16:13:41.587+0100] {processor.py:766} INFO - DAG(s) dict_keys(['example_external_task_marker_child', 'example_external_task_marker_parent']) retrieved from /Users/uab910/dev/nnam-poc/pyenv/lib/python3.10/site-packages/airflow/example_dags/example_external_task_marker_dag.py
[2023-03-03T16:13:42.942+0100] {logging_mixin.py:137} INFO - [2023-03-03T16:13:42.942+0100] {dag.py:2585} INFO - Sync 2 DAGs
[2023-03-03T16:13:42.996+0100] {logging_mixin.py:137} INFO - [2023-03-03T16:13:42.995+0100] {dag.py:3336} INFO - Setting next_dagrun for example_external_task_marker_child to None, run_after=None
[2023-03-03T16:13:42.997+0100] {logging_mixin.py:137} INFO - [2023-03-03T16:13:42.997+0100] {dag.py:3336} INFO - Setting next_dagrun for example_external_task_marker_parent to None, run_after=None
[2023-03-03T16:13:43.012+0100] {processor.py:176} INFO - Processing /Users/uab910/dev/nnam-poc/pyenv/lib/python3.10/site-packages/airflow/example_dags/example_external_task_marker_dag.py took 1.467 seconds
[2023-03-03T16:14:58.096+0100] {processor.py:154} INFO - Started process (PID=57696) to work on /Users/uab910/dev/nnam-poc/pyenv/lib/python3.10/site-packages/airflow/example_dags/example_external_task_marker_dag.py
[2023-03-03T16:14:58.101+0100] {processor.py:756} INFO - Processing file /Users/uab910/dev/nnam-poc/pyenv/lib/python3.10/site-packages/airflow/example_dags/example_external_task_marker_dag.py for tasks to queue
[2023-03-03T16:14:58.102+0100] {logging_mixin.py:137} INFO - [2023-03-03T16:14:58.102+0100] {dagbag.py:537} INFO - Filling up the DagBag from /Users/uab910/dev/nnam-poc/pyenv/lib/python3.10/site-packages/airflow/example_dags/example_external_task_marker_dag.py
[2023-03-03T16:14:58.134+0100] {processor.py:766} INFO - DAG(s) dict_keys(['example_external_task_marker_child', 'example_external_task_marker_parent']) retrieved from /Users/uab910/dev/nnam-poc/pyenv/lib/python3.10/site-packages/airflow/example_dags/example_external_task_marker_dag.py
[2023-03-03T16:14:58.450+0100] {logging_mixin.py:137} INFO - [2023-03-03T16:14:58.450+0100] {dag.py:2585} INFO - Sync 2 DAGs
[2023-03-03T16:14:58.464+0100] {logging_mixin.py:137} INFO - [2023-03-03T16:14:58.464+0100] {dag.py:3336} INFO - Setting next_dagrun for example_external_task_marker_child to None, run_after=None
[2023-03-03T16:14:58.466+0100] {logging_mixin.py:137} INFO - [2023-03-03T16:14:58.466+0100] {dag.py:3336} INFO - Setting next_dagrun for example_external_task_marker_parent to None, run_after=None
[2023-03-03T16:14:58.484+0100] {processor.py:176} INFO - Processing /Users/uab910/dev/nnam-poc/pyenv/lib/python3.10/site-packages/airflow/example_dags/example_external_task_marker_dag.py took 0.389 seconds
[2023-03-03T16:16:15.784+0100] {processor.py:154} INFO - Started process (PID=57757) to work on /Users/uab910/dev/nnam-poc/pyenv/lib/python3.10/site-packages/airflow/example_dags/example_external_task_marker_dag.py
[2023-03-03T16:16:15.790+0100] {processor.py:756} INFO - Processing file /Users/uab910/dev/nnam-poc/pyenv/lib/python3.10/site-packages/airflow/example_dags/example_external_task_marker_dag.py for tasks to queue
[2023-03-03T16:16:15.790+0100] {logging_mixin.py:137} INFO - [2023-03-03T16:16:15.790+0100] {dagbag.py:537} INFO - Filling up the DagBag from /Users/uab910/dev/nnam-poc/pyenv/lib/python3.10/site-packages/airflow/example_dags/example_external_task_marker_dag.py
[2023-03-03T16:16:15.830+0100] {processor.py:766} INFO - DAG(s) dict_keys(['example_external_task_marker_parent', 'example_external_task_marker_child']) retrieved from /Users/uab910/dev/nnam-poc/pyenv/lib/python3.10/site-packages/airflow/example_dags/example_external_task_marker_dag.py
[2023-03-03T16:16:17.286+0100] {logging_mixin.py:137} INFO - [2023-03-03T16:16:17.286+0100] {dag.py:2585} INFO - Sync 2 DAGs
[2023-03-03T16:16:17.355+0100] {logging_mixin.py:137} INFO - [2023-03-03T16:16:17.355+0100] {dag.py:3336} INFO - Setting next_dagrun for example_external_task_marker_child to None, run_after=None
[2023-03-03T16:16:17.358+0100] {logging_mixin.py:137} INFO - [2023-03-03T16:16:17.357+0100] {dag.py:3336} INFO - Setting next_dagrun for example_external_task_marker_parent to None, run_after=None
[2023-03-03T16:16:17.378+0100] {processor.py:176} INFO - Processing /Users/uab910/dev/nnam-poc/pyenv/lib/python3.10/site-packages/airflow/example_dags/example_external_task_marker_dag.py took 1.594 seconds
[2023-03-03T16:17:35.496+0100] {processor.py:154} INFO - Started process (PID=57845) to work on /Users/uab910/dev/nnam-poc/pyenv/lib/python3.10/site-packages/airflow/example_dags/example_external_task_marker_dag.py
[2023-03-03T16:17:35.501+0100] {processor.py:756} INFO - Processing file /Users/uab910/dev/nnam-poc/pyenv/lib/python3.10/site-packages/airflow/example_dags/example_external_task_marker_dag.py for tasks to queue
[2023-03-03T16:17:35.501+0100] {logging_mixin.py:137} INFO - [2023-03-03T16:17:35.501+0100] {dagbag.py:537} INFO - Filling up the DagBag from /Users/uab910/dev/nnam-poc/pyenv/lib/python3.10/site-packages/airflow/example_dags/example_external_task_marker_dag.py
[2023-03-03T16:17:35.536+0100] {processor.py:766} INFO - DAG(s) dict_keys(['example_external_task_marker_child', 'example_external_task_marker_parent']) retrieved from /Users/uab910/dev/nnam-poc/pyenv/lib/python3.10/site-packages/airflow/example_dags/example_external_task_marker_dag.py
[2023-03-03T16:17:36.914+0100] {logging_mixin.py:137} INFO - [2023-03-03T16:17:36.914+0100] {dag.py:2585} INFO - Sync 2 DAGs
[2023-03-03T16:17:36.963+0100] {logging_mixin.py:137} INFO - [2023-03-03T16:17:36.963+0100] {dag.py:3336} INFO - Setting next_dagrun for example_external_task_marker_child to None, run_after=None
[2023-03-03T16:17:36.965+0100] {logging_mixin.py:137} INFO - [2023-03-03T16:17:36.965+0100] {dag.py:3336} INFO - Setting next_dagrun for example_external_task_marker_parent to None, run_after=None
[2023-03-03T16:17:36.979+0100] {processor.py:176} INFO - Processing /Users/uab910/dev/nnam-poc/pyenv/lib/python3.10/site-packages/airflow/example_dags/example_external_task_marker_dag.py took 1.483 seconds
[2023-03-03T16:18:53.826+0100] {processor.py:154} INFO - Started process (PID=57900) to work on /Users/uab910/dev/nnam-poc/pyenv/lib/python3.10/site-packages/airflow/example_dags/example_external_task_marker_dag.py
[2023-03-03T16:18:53.832+0100] {processor.py:756} INFO - Processing file /Users/uab910/dev/nnam-poc/pyenv/lib/python3.10/site-packages/airflow/example_dags/example_external_task_marker_dag.py for tasks to queue
[2023-03-03T16:18:53.832+0100] {logging_mixin.py:137} INFO - [2023-03-03T16:18:53.832+0100] {dagbag.py:537} INFO - Filling up the DagBag from /Users/uab910/dev/nnam-poc/pyenv/lib/python3.10/site-packages/airflow/example_dags/example_external_task_marker_dag.py
[2023-03-03T16:18:53.868+0100] {processor.py:766} INFO - DAG(s) dict_keys(['example_external_task_marker_parent', 'example_external_task_marker_child']) retrieved from /Users/uab910/dev/nnam-poc/pyenv/lib/python3.10/site-packages/airflow/example_dags/example_external_task_marker_dag.py
[2023-03-03T16:18:55.212+0100] {logging_mixin.py:137} INFO - [2023-03-03T16:18:55.212+0100] {dag.py:2585} INFO - Sync 2 DAGs
[2023-03-03T16:18:55.264+0100] {logging_mixin.py:137} INFO - [2023-03-03T16:18:55.264+0100] {dag.py:3336} INFO - Setting next_dagrun for example_external_task_marker_child to None, run_after=None
[2023-03-03T16:18:55.266+0100] {logging_mixin.py:137} INFO - [2023-03-03T16:18:55.266+0100] {dag.py:3336} INFO - Setting next_dagrun for example_external_task_marker_parent to None, run_after=None
[2023-03-03T16:18:55.280+0100] {processor.py:176} INFO - Processing /Users/uab910/dev/nnam-poc/pyenv/lib/python3.10/site-packages/airflow/example_dags/example_external_task_marker_dag.py took 1.455 seconds
[2023-03-03T16:20:10.951+0100] {processor.py:154} INFO - Started process (PID=57957) to work on /Users/uab910/dev/nnam-poc/pyenv/lib/python3.10/site-packages/airflow/example_dags/example_external_task_marker_dag.py
[2023-03-03T16:20:10.957+0100] {processor.py:756} INFO - Processing file /Users/uab910/dev/nnam-poc/pyenv/lib/python3.10/site-packages/airflow/example_dags/example_external_task_marker_dag.py for tasks to queue
[2023-03-03T16:20:10.958+0100] {logging_mixin.py:137} INFO - [2023-03-03T16:20:10.958+0100] {dagbag.py:537} INFO - Filling up the DagBag from /Users/uab910/dev/nnam-poc/pyenv/lib/python3.10/site-packages/airflow/example_dags/example_external_task_marker_dag.py
[2023-03-03T16:20:10.990+0100] {processor.py:766} INFO - DAG(s) dict_keys(['example_external_task_marker_parent', 'example_external_task_marker_child']) retrieved from /Users/uab910/dev/nnam-poc/pyenv/lib/python3.10/site-packages/airflow/example_dags/example_external_task_marker_dag.py
[2023-03-03T16:20:11.236+0100] {logging_mixin.py:137} INFO - [2023-03-03T16:20:11.236+0100] {dag.py:2585} INFO - Sync 2 DAGs
[2023-03-03T16:20:11.248+0100] {logging_mixin.py:137} INFO - [2023-03-03T16:20:11.248+0100] {dag.py:3336} INFO - Setting next_dagrun for example_external_task_marker_child to None, run_after=None
[2023-03-03T16:20:11.250+0100] {logging_mixin.py:137} INFO - [2023-03-03T16:20:11.250+0100] {dag.py:3336} INFO - Setting next_dagrun for example_external_task_marker_parent to None, run_after=None
[2023-03-03T16:20:11.263+0100] {processor.py:176} INFO - Processing /Users/uab910/dev/nnam-poc/pyenv/lib/python3.10/site-packages/airflow/example_dags/example_external_task_marker_dag.py took 0.313 seconds
[2023-03-03T16:21:31.846+0100] {processor.py:154} INFO - Started process (PID=58045) to work on /Users/uab910/dev/nnam-poc/pyenv/lib/python3.10/site-packages/airflow/example_dags/example_external_task_marker_dag.py
[2023-03-03T16:21:31.851+0100] {processor.py:756} INFO - Processing file /Users/uab910/dev/nnam-poc/pyenv/lib/python3.10/site-packages/airflow/example_dags/example_external_task_marker_dag.py for tasks to queue
[2023-03-03T16:21:31.852+0100] {logging_mixin.py:137} INFO - [2023-03-03T16:21:31.852+0100] {dagbag.py:537} INFO - Filling up the DagBag from /Users/uab910/dev/nnam-poc/pyenv/lib/python3.10/site-packages/airflow/example_dags/example_external_task_marker_dag.py
[2023-03-03T16:21:31.890+0100] {processor.py:766} INFO - DAG(s) dict_keys(['example_external_task_marker_child', 'example_external_task_marker_parent']) retrieved from /Users/uab910/dev/nnam-poc/pyenv/lib/python3.10/site-packages/airflow/example_dags/example_external_task_marker_dag.py
[2023-03-03T16:21:36.520+0100] {logging_mixin.py:137} INFO - [2023-03-03T16:21:36.520+0100] {dag.py:2585} INFO - Sync 2 DAGs
[2023-03-03T16:21:36.582+0100] {logging_mixin.py:137} INFO - [2023-03-03T16:21:36.582+0100] {dag.py:3336} INFO - Setting next_dagrun for example_external_task_marker_child to None, run_after=None
[2023-03-03T16:21:36.584+0100] {logging_mixin.py:137} INFO - [2023-03-03T16:21:36.584+0100] {dag.py:3336} INFO - Setting next_dagrun for example_external_task_marker_parent to None, run_after=None
[2023-03-03T16:21:36.603+0100] {processor.py:176} INFO - Processing /Users/uab910/dev/nnam-poc/pyenv/lib/python3.10/site-packages/airflow/example_dags/example_external_task_marker_dag.py took 4.759 seconds
[2023-03-03T16:22:49.849+0100] {processor.py:154} INFO - Started process (PID=58095) to work on /Users/uab910/dev/nnam-poc/pyenv/lib/python3.10/site-packages/airflow/example_dags/example_external_task_marker_dag.py
[2023-03-03T16:22:49.853+0100] {processor.py:756} INFO - Processing file /Users/uab910/dev/nnam-poc/pyenv/lib/python3.10/site-packages/airflow/example_dags/example_external_task_marker_dag.py for tasks to queue
[2023-03-03T16:22:49.853+0100] {logging_mixin.py:137} INFO - [2023-03-03T16:22:49.853+0100] {dagbag.py:537} INFO - Filling up the DagBag from /Users/uab910/dev/nnam-poc/pyenv/lib/python3.10/site-packages/airflow/example_dags/example_external_task_marker_dag.py
[2023-03-03T16:22:49.883+0100] {processor.py:766} INFO - DAG(s) dict_keys(['example_external_task_marker_parent', 'example_external_task_marker_child']) retrieved from /Users/uab910/dev/nnam-poc/pyenv/lib/python3.10/site-packages/airflow/example_dags/example_external_task_marker_dag.py
[2023-03-03T16:22:50.986+0100] {logging_mixin.py:137} INFO - [2023-03-03T16:22:50.986+0100] {dag.py:2585} INFO - Sync 2 DAGs
[2023-03-03T16:22:51.044+0100] {logging_mixin.py:137} INFO - [2023-03-03T16:22:51.044+0100] {dag.py:3336} INFO - Setting next_dagrun for example_external_task_marker_child to None, run_after=None
[2023-03-03T16:22:51.047+0100] {logging_mixin.py:137} INFO - [2023-03-03T16:22:51.047+0100] {dag.py:3336} INFO - Setting next_dagrun for example_external_task_marker_parent to None, run_after=None
[2023-03-03T16:22:51.067+0100] {processor.py:176} INFO - Processing /Users/uab910/dev/nnam-poc/pyenv/lib/python3.10/site-packages/airflow/example_dags/example_external_task_marker_dag.py took 1.218 seconds
[2023-03-03T16:24:05.222+0100] {processor.py:154} INFO - Started process (PID=58184) to work on /Users/uab910/dev/nnam-poc/pyenv/lib/python3.10/site-packages/airflow/example_dags/example_external_task_marker_dag.py
[2023-03-03T16:24:05.227+0100] {processor.py:756} INFO - Processing file /Users/uab910/dev/nnam-poc/pyenv/lib/python3.10/site-packages/airflow/example_dags/example_external_task_marker_dag.py for tasks to queue
[2023-03-03T16:24:05.228+0100] {logging_mixin.py:137} INFO - [2023-03-03T16:24:05.228+0100] {dagbag.py:537} INFO - Filling up the DagBag from /Users/uab910/dev/nnam-poc/pyenv/lib/python3.10/site-packages/airflow/example_dags/example_external_task_marker_dag.py
[2023-03-03T16:24:05.260+0100] {processor.py:766} INFO - DAG(s) dict_keys(['example_external_task_marker_child', 'example_external_task_marker_parent']) retrieved from /Users/uab910/dev/nnam-poc/pyenv/lib/python3.10/site-packages/airflow/example_dags/example_external_task_marker_dag.py
[2023-03-03T16:24:06.497+0100] {logging_mixin.py:137} INFO - [2023-03-03T16:24:06.497+0100] {dag.py:2585} INFO - Sync 2 DAGs
[2023-03-03T16:24:06.557+0100] {logging_mixin.py:137} INFO - [2023-03-03T16:24:06.557+0100] {dag.py:3336} INFO - Setting next_dagrun for example_external_task_marker_child to None, run_after=None
[2023-03-03T16:24:06.560+0100] {logging_mixin.py:137} INFO - [2023-03-03T16:24:06.560+0100] {dag.py:3336} INFO - Setting next_dagrun for example_external_task_marker_parent to None, run_after=None
[2023-03-03T16:24:06.579+0100] {processor.py:176} INFO - Processing /Users/uab910/dev/nnam-poc/pyenv/lib/python3.10/site-packages/airflow/example_dags/example_external_task_marker_dag.py took 1.357 seconds
[2023-03-03T16:25:22.114+0100] {processor.py:154} INFO - Started process (PID=58223) to work on /Users/uab910/dev/nnam-poc/pyenv/lib/python3.10/site-packages/airflow/example_dags/example_external_task_marker_dag.py
[2023-03-03T16:25:22.119+0100] {processor.py:756} INFO - Processing file /Users/uab910/dev/nnam-poc/pyenv/lib/python3.10/site-packages/airflow/example_dags/example_external_task_marker_dag.py for tasks to queue
[2023-03-03T16:25:22.120+0100] {logging_mixin.py:137} INFO - [2023-03-03T16:25:22.120+0100] {dagbag.py:537} INFO - Filling up the DagBag from /Users/uab910/dev/nnam-poc/pyenv/lib/python3.10/site-packages/airflow/example_dags/example_external_task_marker_dag.py
[2023-03-03T16:25:22.155+0100] {processor.py:766} INFO - DAG(s) dict_keys(['example_external_task_marker_parent', 'example_external_task_marker_child']) retrieved from /Users/uab910/dev/nnam-poc/pyenv/lib/python3.10/site-packages/airflow/example_dags/example_external_task_marker_dag.py
[2023-03-03T16:25:22.458+0100] {logging_mixin.py:137} INFO - [2023-03-03T16:25:22.458+0100] {dag.py:2585} INFO - Sync 2 DAGs
[2023-03-03T16:25:22.473+0100] {logging_mixin.py:137} INFO - [2023-03-03T16:25:22.473+0100] {dag.py:3336} INFO - Setting next_dagrun for example_external_task_marker_child to None, run_after=None
[2023-03-03T16:25:22.475+0100] {logging_mixin.py:137} INFO - [2023-03-03T16:25:22.475+0100] {dag.py:3336} INFO - Setting next_dagrun for example_external_task_marker_parent to None, run_after=None
[2023-03-03T16:25:22.489+0100] {processor.py:176} INFO - Processing /Users/uab910/dev/nnam-poc/pyenv/lib/python3.10/site-packages/airflow/example_dags/example_external_task_marker_dag.py took 0.376 seconds
[2023-03-03T16:26:35.928+0100] {processor.py:154} INFO - Started process (PID=58263) to work on /Users/uab910/dev/nnam-poc/pyenv/lib/python3.10/site-packages/airflow/example_dags/example_external_task_marker_dag.py
[2023-03-03T16:26:35.933+0100] {processor.py:756} INFO - Processing file /Users/uab910/dev/nnam-poc/pyenv/lib/python3.10/site-packages/airflow/example_dags/example_external_task_marker_dag.py for tasks to queue
[2023-03-03T16:26:35.933+0100] {logging_mixin.py:137} INFO - [2023-03-03T16:26:35.933+0100] {dagbag.py:537} INFO - Filling up the DagBag from /Users/uab910/dev/nnam-poc/pyenv/lib/python3.10/site-packages/airflow/example_dags/example_external_task_marker_dag.py
[2023-03-03T16:26:35.963+0100] {processor.py:766} INFO - DAG(s) dict_keys(['example_external_task_marker_child', 'example_external_task_marker_parent']) retrieved from /Users/uab910/dev/nnam-poc/pyenv/lib/python3.10/site-packages/airflow/example_dags/example_external_task_marker_dag.py
[2023-03-03T16:26:36.210+0100] {logging_mixin.py:137} INFO - [2023-03-03T16:26:36.210+0100] {dag.py:2585} INFO - Sync 2 DAGs
[2023-03-03T16:26:36.222+0100] {logging_mixin.py:137} INFO - [2023-03-03T16:26:36.222+0100] {dag.py:3336} INFO - Setting next_dagrun for example_external_task_marker_child to None, run_after=None
[2023-03-03T16:26:36.224+0100] {logging_mixin.py:137} INFO - [2023-03-03T16:26:36.224+0100] {dag.py:3336} INFO - Setting next_dagrun for example_external_task_marker_parent to None, run_after=None
[2023-03-03T16:26:36.237+0100] {processor.py:176} INFO - Processing /Users/uab910/dev/nnam-poc/pyenv/lib/python3.10/site-packages/airflow/example_dags/example_external_task_marker_dag.py took 0.309 seconds
[2023-03-03T16:27:51.256+0100] {processor.py:154} INFO - Started process (PID=58312) to work on /Users/uab910/dev/nnam-poc/pyenv/lib/python3.10/site-packages/airflow/example_dags/example_external_task_marker_dag.py
[2023-03-03T16:27:51.261+0100] {processor.py:756} INFO - Processing file /Users/uab910/dev/nnam-poc/pyenv/lib/python3.10/site-packages/airflow/example_dags/example_external_task_marker_dag.py for tasks to queue
[2023-03-03T16:27:51.261+0100] {logging_mixin.py:137} INFO - [2023-03-03T16:27:51.261+0100] {dagbag.py:537} INFO - Filling up the DagBag from /Users/uab910/dev/nnam-poc/pyenv/lib/python3.10/site-packages/airflow/example_dags/example_external_task_marker_dag.py
[2023-03-03T16:27:51.291+0100] {processor.py:766} INFO - DAG(s) dict_keys(['example_external_task_marker_child', 'example_external_task_marker_parent']) retrieved from /Users/uab910/dev/nnam-poc/pyenv/lib/python3.10/site-packages/airflow/example_dags/example_external_task_marker_dag.py
[2023-03-03T16:27:51.549+0100] {logging_mixin.py:137} INFO - [2023-03-03T16:27:51.549+0100] {dag.py:2585} INFO - Sync 2 DAGs
[2023-03-03T16:27:51.562+0100] {logging_mixin.py:137} INFO - [2023-03-03T16:27:51.562+0100] {dag.py:3336} INFO - Setting next_dagrun for example_external_task_marker_child to None, run_after=None
[2023-03-03T16:27:51.564+0100] {logging_mixin.py:137} INFO - [2023-03-03T16:27:51.564+0100] {dag.py:3336} INFO - Setting next_dagrun for example_external_task_marker_parent to None, run_after=None
[2023-03-03T16:27:51.576+0100] {processor.py:176} INFO - Processing /Users/uab910/dev/nnam-poc/pyenv/lib/python3.10/site-packages/airflow/example_dags/example_external_task_marker_dag.py took 0.321 seconds
[2023-03-03T16:29:06.841+0100] {processor.py:154} INFO - Started process (PID=58357) to work on /Users/uab910/dev/nnam-poc/pyenv/lib/python3.10/site-packages/airflow/example_dags/example_external_task_marker_dag.py
[2023-03-03T16:29:06.846+0100] {processor.py:756} INFO - Processing file /Users/uab910/dev/nnam-poc/pyenv/lib/python3.10/site-packages/airflow/example_dags/example_external_task_marker_dag.py for tasks to queue
[2023-03-03T16:29:06.846+0100] {logging_mixin.py:137} INFO - [2023-03-03T16:29:06.846+0100] {dagbag.py:537} INFO - Filling up the DagBag from /Users/uab910/dev/nnam-poc/pyenv/lib/python3.10/site-packages/airflow/example_dags/example_external_task_marker_dag.py
[2023-03-03T16:29:06.878+0100] {processor.py:766} INFO - DAG(s) dict_keys(['example_external_task_marker_child', 'example_external_task_marker_parent']) retrieved from /Users/uab910/dev/nnam-poc/pyenv/lib/python3.10/site-packages/airflow/example_dags/example_external_task_marker_dag.py
[2023-03-03T16:29:07.976+0100] {logging_mixin.py:137} INFO - [2023-03-03T16:29:07.976+0100] {dag.py:2585} INFO - Sync 2 DAGs
[2023-03-03T16:29:08.033+0100] {logging_mixin.py:137} INFO - [2023-03-03T16:29:08.033+0100] {dag.py:3336} INFO - Setting next_dagrun for example_external_task_marker_child to None, run_after=None
[2023-03-03T16:29:08.036+0100] {logging_mixin.py:137} INFO - [2023-03-03T16:29:08.035+0100] {dag.py:3336} INFO - Setting next_dagrun for example_external_task_marker_parent to None, run_after=None
[2023-03-03T16:29:08.054+0100] {processor.py:176} INFO - Processing /Users/uab910/dev/nnam-poc/pyenv/lib/python3.10/site-packages/airflow/example_dags/example_external_task_marker_dag.py took 1.214 seconds
[2023-03-03T16:30:23.005+0100] {processor.py:154} INFO - Started process (PID=58397) to work on /Users/uab910/dev/nnam-poc/pyenv/lib/python3.10/site-packages/airflow/example_dags/example_external_task_marker_dag.py
[2023-03-03T16:30:23.011+0100] {processor.py:756} INFO - Processing file /Users/uab910/dev/nnam-poc/pyenv/lib/python3.10/site-packages/airflow/example_dags/example_external_task_marker_dag.py for tasks to queue
[2023-03-03T16:30:23.012+0100] {logging_mixin.py:137} INFO - [2023-03-03T16:30:23.011+0100] {dagbag.py:537} INFO - Filling up the DagBag from /Users/uab910/dev/nnam-poc/pyenv/lib/python3.10/site-packages/airflow/example_dags/example_external_task_marker_dag.py
[2023-03-03T16:30:23.044+0100] {processor.py:766} INFO - DAG(s) dict_keys(['example_external_task_marker_parent', 'example_external_task_marker_child']) retrieved from /Users/uab910/dev/nnam-poc/pyenv/lib/python3.10/site-packages/airflow/example_dags/example_external_task_marker_dag.py
[2023-03-03T16:30:23.299+0100] {logging_mixin.py:137} INFO - [2023-03-03T16:30:23.299+0100] {dag.py:2585} INFO - Sync 2 DAGs
[2023-03-03T16:30:23.311+0100] {logging_mixin.py:137} INFO - [2023-03-03T16:30:23.311+0100] {dag.py:3336} INFO - Setting next_dagrun for example_external_task_marker_child to None, run_after=None
[2023-03-03T16:30:23.313+0100] {logging_mixin.py:137} INFO - [2023-03-03T16:30:23.313+0100] {dag.py:3336} INFO - Setting next_dagrun for example_external_task_marker_parent to None, run_after=None
[2023-03-03T16:30:23.326+0100] {processor.py:176} INFO - Processing /Users/uab910/dev/nnam-poc/pyenv/lib/python3.10/site-packages/airflow/example_dags/example_external_task_marker_dag.py took 0.322 seconds
[2023-03-03T16:31:39.135+0100] {processor.py:154} INFO - Started process (PID=58438) to work on /Users/uab910/dev/nnam-poc/pyenv/lib/python3.10/site-packages/airflow/example_dags/example_external_task_marker_dag.py
[2023-03-03T16:31:39.141+0100] {processor.py:756} INFO - Processing file /Users/uab910/dev/nnam-poc/pyenv/lib/python3.10/site-packages/airflow/example_dags/example_external_task_marker_dag.py for tasks to queue
[2023-03-03T16:31:39.142+0100] {logging_mixin.py:137} INFO - [2023-03-03T16:31:39.141+0100] {dagbag.py:537} INFO - Filling up the DagBag from /Users/uab910/dev/nnam-poc/pyenv/lib/python3.10/site-packages/airflow/example_dags/example_external_task_marker_dag.py
[2023-03-03T16:31:39.173+0100] {processor.py:766} INFO - DAG(s) dict_keys(['example_external_task_marker_child', 'example_external_task_marker_parent']) retrieved from /Users/uab910/dev/nnam-poc/pyenv/lib/python3.10/site-packages/airflow/example_dags/example_external_task_marker_dag.py
[2023-03-03T16:31:40.435+0100] {logging_mixin.py:137} INFO - [2023-03-03T16:31:40.435+0100] {dag.py:2585} INFO - Sync 2 DAGs
[2023-03-03T16:31:40.485+0100] {logging_mixin.py:137} INFO - [2023-03-03T16:31:40.485+0100] {dag.py:3336} INFO - Setting next_dagrun for example_external_task_marker_child to None, run_after=None
[2023-03-03T16:31:40.486+0100] {logging_mixin.py:137} INFO - [2023-03-03T16:31:40.486+0100] {dag.py:3336} INFO - Setting next_dagrun for example_external_task_marker_parent to None, run_after=None
[2023-03-03T16:31:40.502+0100] {processor.py:176} INFO - Processing /Users/uab910/dev/nnam-poc/pyenv/lib/python3.10/site-packages/airflow/example_dags/example_external_task_marker_dag.py took 1.368 seconds
[2023-03-03T16:32:56.035+0100] {processor.py:154} INFO - Started process (PID=58476) to work on /Users/uab910/dev/nnam-poc/pyenv/lib/python3.10/site-packages/airflow/example_dags/example_external_task_marker_dag.py
[2023-03-03T16:32:56.040+0100] {processor.py:756} INFO - Processing file /Users/uab910/dev/nnam-poc/pyenv/lib/python3.10/site-packages/airflow/example_dags/example_external_task_marker_dag.py for tasks to queue
[2023-03-03T16:32:56.041+0100] {logging_mixin.py:137} INFO - [2023-03-03T16:32:56.041+0100] {dagbag.py:537} INFO - Filling up the DagBag from /Users/uab910/dev/nnam-poc/pyenv/lib/python3.10/site-packages/airflow/example_dags/example_external_task_marker_dag.py
[2023-03-03T16:32:56.073+0100] {processor.py:766} INFO - DAG(s) dict_keys(['example_external_task_marker_parent', 'example_external_task_marker_child']) retrieved from /Users/uab910/dev/nnam-poc/pyenv/lib/python3.10/site-packages/airflow/example_dags/example_external_task_marker_dag.py
[2023-03-03T16:32:56.391+0100] {logging_mixin.py:137} INFO - [2023-03-03T16:32:56.390+0100] {dag.py:2585} INFO - Sync 2 DAGs
[2023-03-03T16:32:56.405+0100] {logging_mixin.py:137} INFO - [2023-03-03T16:32:56.405+0100] {dag.py:3336} INFO - Setting next_dagrun for example_external_task_marker_child to None, run_after=None
[2023-03-03T16:32:56.407+0100] {logging_mixin.py:137} INFO - [2023-03-03T16:32:56.407+0100] {dag.py:3336} INFO - Setting next_dagrun for example_external_task_marker_parent to None, run_after=None
[2023-03-03T16:32:56.421+0100] {processor.py:176} INFO - Processing /Users/uab910/dev/nnam-poc/pyenv/lib/python3.10/site-packages/airflow/example_dags/example_external_task_marker_dag.py took 0.387 seconds
[2023-03-03T16:34:13.286+0100] {processor.py:154} INFO - Started process (PID=58538) to work on /Users/uab910/dev/nnam-poc/pyenv/lib/python3.10/site-packages/airflow/example_dags/example_external_task_marker_dag.py
[2023-03-03T16:34:13.292+0100] {processor.py:756} INFO - Processing file /Users/uab910/dev/nnam-poc/pyenv/lib/python3.10/site-packages/airflow/example_dags/example_external_task_marker_dag.py for tasks to queue
[2023-03-03T16:34:13.293+0100] {logging_mixin.py:137} INFO - [2023-03-03T16:34:13.292+0100] {dagbag.py:537} INFO - Filling up the DagBag from /Users/uab910/dev/nnam-poc/pyenv/lib/python3.10/site-packages/airflow/example_dags/example_external_task_marker_dag.py
[2023-03-03T16:34:13.325+0100] {processor.py:766} INFO - DAG(s) dict_keys(['example_external_task_marker_parent', 'example_external_task_marker_child']) retrieved from /Users/uab910/dev/nnam-poc/pyenv/lib/python3.10/site-packages/airflow/example_dags/example_external_task_marker_dag.py
[2023-03-03T16:34:13.584+0100] {logging_mixin.py:137} INFO - [2023-03-03T16:34:13.584+0100] {dag.py:2585} INFO - Sync 2 DAGs
[2023-03-03T16:34:13.596+0100] {logging_mixin.py:137} INFO - [2023-03-03T16:34:13.596+0100] {dag.py:3336} INFO - Setting next_dagrun for example_external_task_marker_child to None, run_after=None
[2023-03-03T16:34:13.598+0100] {logging_mixin.py:137} INFO - [2023-03-03T16:34:13.598+0100] {dag.py:3336} INFO - Setting next_dagrun for example_external_task_marker_parent to None, run_after=None
[2023-03-03T16:34:13.611+0100] {processor.py:176} INFO - Processing /Users/uab910/dev/nnam-poc/pyenv/lib/python3.10/site-packages/airflow/example_dags/example_external_task_marker_dag.py took 0.325 seconds
[2023-03-03T16:35:30.254+0100] {processor.py:154} INFO - Started process (PID=58582) to work on /Users/uab910/dev/nnam-poc/pyenv/lib/python3.10/site-packages/airflow/example_dags/example_external_task_marker_dag.py
[2023-03-03T16:35:30.260+0100] {processor.py:756} INFO - Processing file /Users/uab910/dev/nnam-poc/pyenv/lib/python3.10/site-packages/airflow/example_dags/example_external_task_marker_dag.py for tasks to queue
[2023-03-03T16:35:30.260+0100] {logging_mixin.py:137} INFO - [2023-03-03T16:35:30.260+0100] {dagbag.py:537} INFO - Filling up the DagBag from /Users/uab910/dev/nnam-poc/pyenv/lib/python3.10/site-packages/airflow/example_dags/example_external_task_marker_dag.py
[2023-03-03T16:35:30.293+0100] {processor.py:766} INFO - DAG(s) dict_keys(['example_external_task_marker_parent', 'example_external_task_marker_child']) retrieved from /Users/uab910/dev/nnam-poc/pyenv/lib/python3.10/site-packages/airflow/example_dags/example_external_task_marker_dag.py
[2023-03-03T16:35:31.623+0100] {logging_mixin.py:137} INFO - [2023-03-03T16:35:31.623+0100] {dag.py:2585} INFO - Sync 2 DAGs
[2023-03-03T16:35:31.672+0100] {logging_mixin.py:137} INFO - [2023-03-03T16:35:31.672+0100] {dag.py:3336} INFO - Setting next_dagrun for example_external_task_marker_child to None, run_after=None
[2023-03-03T16:35:31.674+0100] {logging_mixin.py:137} INFO - [2023-03-03T16:35:31.674+0100] {dag.py:3336} INFO - Setting next_dagrun for example_external_task_marker_parent to None, run_after=None
[2023-03-03T16:35:31.688+0100] {processor.py:176} INFO - Processing /Users/uab910/dev/nnam-poc/pyenv/lib/python3.10/site-packages/airflow/example_dags/example_external_task_marker_dag.py took 1.434 seconds
[2023-03-03T16:36:46.560+0100] {processor.py:154} INFO - Started process (PID=58626) to work on /Users/uab910/dev/nnam-poc/pyenv/lib/python3.10/site-packages/airflow/example_dags/example_external_task_marker_dag.py
[2023-03-03T16:36:46.566+0100] {processor.py:756} INFO - Processing file /Users/uab910/dev/nnam-poc/pyenv/lib/python3.10/site-packages/airflow/example_dags/example_external_task_marker_dag.py for tasks to queue
[2023-03-03T16:36:46.567+0100] {logging_mixin.py:137} INFO - [2023-03-03T16:36:46.567+0100] {dagbag.py:537} INFO - Filling up the DagBag from /Users/uab910/dev/nnam-poc/pyenv/lib/python3.10/site-packages/airflow/example_dags/example_external_task_marker_dag.py
[2023-03-03T16:36:46.599+0100] {processor.py:766} INFO - DAG(s) dict_keys(['example_external_task_marker_parent', 'example_external_task_marker_child']) retrieved from /Users/uab910/dev/nnam-poc/pyenv/lib/python3.10/site-packages/airflow/example_dags/example_external_task_marker_dag.py
[2023-03-03T16:36:47.914+0100] {logging_mixin.py:137} INFO - [2023-03-03T16:36:47.914+0100] {dag.py:2585} INFO - Sync 2 DAGs
[2023-03-03T16:36:47.962+0100] {logging_mixin.py:137} INFO - [2023-03-03T16:36:47.962+0100] {dag.py:3336} INFO - Setting next_dagrun for example_external_task_marker_child to None, run_after=None
[2023-03-03T16:36:47.964+0100] {logging_mixin.py:137} INFO - [2023-03-03T16:36:47.964+0100] {dag.py:3336} INFO - Setting next_dagrun for example_external_task_marker_parent to None, run_after=None
[2023-03-03T16:36:47.978+0100] {processor.py:176} INFO - Processing /Users/uab910/dev/nnam-poc/pyenv/lib/python3.10/site-packages/airflow/example_dags/example_external_task_marker_dag.py took 1.418 seconds
[2023-03-03T16:38:05.274+0100] {processor.py:154} INFO - Started process (PID=58669) to work on /Users/uab910/dev/nnam-poc/pyenv/lib/python3.10/site-packages/airflow/example_dags/example_external_task_marker_dag.py
[2023-03-03T16:38:05.280+0100] {processor.py:756} INFO - Processing file /Users/uab910/dev/nnam-poc/pyenv/lib/python3.10/site-packages/airflow/example_dags/example_external_task_marker_dag.py for tasks to queue
[2023-03-03T16:38:05.281+0100] {logging_mixin.py:137} INFO - [2023-03-03T16:38:05.280+0100] {dagbag.py:537} INFO - Filling up the DagBag from /Users/uab910/dev/nnam-poc/pyenv/lib/python3.10/site-packages/airflow/example_dags/example_external_task_marker_dag.py
[2023-03-03T16:38:05.316+0100] {processor.py:766} INFO - DAG(s) dict_keys(['example_external_task_marker_child', 'example_external_task_marker_parent']) retrieved from /Users/uab910/dev/nnam-poc/pyenv/lib/python3.10/site-packages/airflow/example_dags/example_external_task_marker_dag.py
[2023-03-03T16:38:05.660+0100] {logging_mixin.py:137} INFO - [2023-03-03T16:38:05.660+0100] {dag.py:2585} INFO - Sync 2 DAGs
[2023-03-03T16:38:05.678+0100] {logging_mixin.py:137} INFO - [2023-03-03T16:38:05.677+0100] {dag.py:3336} INFO - Setting next_dagrun for example_external_task_marker_child to None, run_after=None
[2023-03-03T16:38:05.681+0100] {logging_mixin.py:137} INFO - [2023-03-03T16:38:05.681+0100] {dag.py:3336} INFO - Setting next_dagrun for example_external_task_marker_parent to None, run_after=None
[2023-03-03T16:38:05.699+0100] {processor.py:176} INFO - Processing /Users/uab910/dev/nnam-poc/pyenv/lib/python3.10/site-packages/airflow/example_dags/example_external_task_marker_dag.py took 0.425 seconds
[2023-03-03T16:39:42.814+0100] {processor.py:154} INFO - Started process (PID=58721) to work on /Users/uab910/dev/nnam-poc/pyenv/lib/python3.10/site-packages/airflow/example_dags/example_external_task_marker_dag.py
[2023-03-03T16:39:42.819+0100] {processor.py:756} INFO - Processing file /Users/uab910/dev/nnam-poc/pyenv/lib/python3.10/site-packages/airflow/example_dags/example_external_task_marker_dag.py for tasks to queue
[2023-03-03T16:39:42.820+0100] {logging_mixin.py:137} INFO - [2023-03-03T16:39:42.819+0100] {dagbag.py:537} INFO - Filling up the DagBag from /Users/uab910/dev/nnam-poc/pyenv/lib/python3.10/site-packages/airflow/example_dags/example_external_task_marker_dag.py
[2023-03-03T16:39:42.852+0100] {processor.py:766} INFO - DAG(s) dict_keys(['example_external_task_marker_child', 'example_external_task_marker_parent']) retrieved from /Users/uab910/dev/nnam-poc/pyenv/lib/python3.10/site-packages/airflow/example_dags/example_external_task_marker_dag.py
[2023-03-03T16:39:44.348+0100] {logging_mixin.py:137} INFO - [2023-03-03T16:39:44.348+0100] {dag.py:2585} INFO - Sync 2 DAGs
[2023-03-03T16:39:44.399+0100] {logging_mixin.py:137} INFO - [2023-03-03T16:39:44.399+0100] {dag.py:3336} INFO - Setting next_dagrun for example_external_task_marker_child to None, run_after=None
[2023-03-03T16:39:44.400+0100] {logging_mixin.py:137} INFO - [2023-03-03T16:39:44.400+0100] {dag.py:3336} INFO - Setting next_dagrun for example_external_task_marker_parent to None, run_after=None
[2023-03-03T16:39:44.414+0100] {processor.py:176} INFO - Processing /Users/uab910/dev/nnam-poc/pyenv/lib/python3.10/site-packages/airflow/example_dags/example_external_task_marker_dag.py took 1.601 seconds
[2023-03-03T16:41:17.589+0100] {processor.py:154} INFO - Started process (PID=58775) to work on /Users/uab910/dev/nnam-poc/pyenv/lib/python3.10/site-packages/airflow/example_dags/example_external_task_marker_dag.py
[2023-03-03T16:41:17.595+0100] {processor.py:756} INFO - Processing file /Users/uab910/dev/nnam-poc/pyenv/lib/python3.10/site-packages/airflow/example_dags/example_external_task_marker_dag.py for tasks to queue
[2023-03-03T16:41:17.595+0100] {logging_mixin.py:137} INFO - [2023-03-03T16:41:17.595+0100] {dagbag.py:537} INFO - Filling up the DagBag from /Users/uab910/dev/nnam-poc/pyenv/lib/python3.10/site-packages/airflow/example_dags/example_external_task_marker_dag.py
[2023-03-03T16:41:17.627+0100] {processor.py:766} INFO - DAG(s) dict_keys(['example_external_task_marker_child', 'example_external_task_marker_parent']) retrieved from /Users/uab910/dev/nnam-poc/pyenv/lib/python3.10/site-packages/airflow/example_dags/example_external_task_marker_dag.py
[2023-03-03T16:41:17.923+0100] {logging_mixin.py:137} INFO - [2023-03-03T16:41:17.923+0100] {dag.py:2585} INFO - Sync 2 DAGs
[2023-03-03T16:41:17.939+0100] {logging_mixin.py:137} INFO - [2023-03-03T16:41:17.939+0100] {dag.py:3336} INFO - Setting next_dagrun for example_external_task_marker_child to None, run_after=None
[2023-03-03T16:41:17.941+0100] {logging_mixin.py:137} INFO - [2023-03-03T16:41:17.941+0100] {dag.py:3336} INFO - Setting next_dagrun for example_external_task_marker_parent to None, run_after=None
[2023-03-03T16:41:17.959+0100] {processor.py:176} INFO - Processing /Users/uab910/dev/nnam-poc/pyenv/lib/python3.10/site-packages/airflow/example_dags/example_external_task_marker_dag.py took 0.370 seconds
[2023-03-03T16:42:47.265+0100] {processor.py:154} INFO - Started process (PID=58819) to work on /Users/uab910/dev/nnam-poc/pyenv/lib/python3.10/site-packages/airflow/example_dags/example_external_task_marker_dag.py
[2023-03-03T16:42:47.272+0100] {processor.py:756} INFO - Processing file /Users/uab910/dev/nnam-poc/pyenv/lib/python3.10/site-packages/airflow/example_dags/example_external_task_marker_dag.py for tasks to queue
[2023-03-03T16:42:47.272+0100] {logging_mixin.py:137} INFO - [2023-03-03T16:42:47.272+0100] {dagbag.py:537} INFO - Filling up the DagBag from /Users/uab910/dev/nnam-poc/pyenv/lib/python3.10/site-packages/airflow/example_dags/example_external_task_marker_dag.py
[2023-03-03T16:42:47.308+0100] {processor.py:766} INFO - DAG(s) dict_keys(['example_external_task_marker_parent', 'example_external_task_marker_child']) retrieved from /Users/uab910/dev/nnam-poc/pyenv/lib/python3.10/site-packages/airflow/example_dags/example_external_task_marker_dag.py
[2023-03-03T16:42:48.662+0100] {logging_mixin.py:137} INFO - [2023-03-03T16:42:48.662+0100] {dag.py:2585} INFO - Sync 2 DAGs
[2023-03-03T16:42:48.712+0100] {logging_mixin.py:137} INFO - [2023-03-03T16:42:48.712+0100] {dag.py:3336} INFO - Setting next_dagrun for example_external_task_marker_child to None, run_after=None
[2023-03-03T16:42:48.713+0100] {logging_mixin.py:137} INFO - [2023-03-03T16:42:48.713+0100] {dag.py:3336} INFO - Setting next_dagrun for example_external_task_marker_parent to None, run_after=None
[2023-03-03T16:42:48.731+0100] {processor.py:176} INFO - Processing /Users/uab910/dev/nnam-poc/pyenv/lib/python3.10/site-packages/airflow/example_dags/example_external_task_marker_dag.py took 1.466 seconds
[2023-03-03T16:44:23.247+0100] {processor.py:154} INFO - Started process (PID=58897) to work on /Users/uab910/dev/nnam-poc/pyenv/lib/python3.10/site-packages/airflow/example_dags/example_external_task_marker_dag.py
[2023-03-03T16:44:23.254+0100] {processor.py:756} INFO - Processing file /Users/uab910/dev/nnam-poc/pyenv/lib/python3.10/site-packages/airflow/example_dags/example_external_task_marker_dag.py for tasks to queue
[2023-03-03T16:44:23.254+0100] {logging_mixin.py:137} INFO - [2023-03-03T16:44:23.254+0100] {dagbag.py:537} INFO - Filling up the DagBag from /Users/uab910/dev/nnam-poc/pyenv/lib/python3.10/site-packages/airflow/example_dags/example_external_task_marker_dag.py
[2023-03-03T16:44:23.291+0100] {processor.py:766} INFO - DAG(s) dict_keys(['example_external_task_marker_child', 'example_external_task_marker_parent']) retrieved from /Users/uab910/dev/nnam-poc/pyenv/lib/python3.10/site-packages/airflow/example_dags/example_external_task_marker_dag.py
[2023-03-03T16:44:23.653+0100] {logging_mixin.py:137} INFO - [2023-03-03T16:44:23.653+0100] {dag.py:2585} INFO - Sync 2 DAGs
[2023-03-03T16:44:23.671+0100] {logging_mixin.py:137} INFO - [2023-03-03T16:44:23.671+0100] {dag.py:3336} INFO - Setting next_dagrun for example_external_task_marker_child to None, run_after=None
[2023-03-03T16:44:23.674+0100] {logging_mixin.py:137} INFO - [2023-03-03T16:44:23.674+0100] {dag.py:3336} INFO - Setting next_dagrun for example_external_task_marker_parent to None, run_after=None
[2023-03-03T16:44:23.690+0100] {processor.py:176} INFO - Processing /Users/uab910/dev/nnam-poc/pyenv/lib/python3.10/site-packages/airflow/example_dags/example_external_task_marker_dag.py took 0.444 seconds
[2023-03-03T16:45:56.658+0100] {processor.py:154} INFO - Started process (PID=58958) to work on /Users/uab910/dev/nnam-poc/pyenv/lib/python3.10/site-packages/airflow/example_dags/example_external_task_marker_dag.py
[2023-03-03T16:45:56.664+0100] {processor.py:756} INFO - Processing file /Users/uab910/dev/nnam-poc/pyenv/lib/python3.10/site-packages/airflow/example_dags/example_external_task_marker_dag.py for tasks to queue
[2023-03-03T16:45:56.665+0100] {logging_mixin.py:137} INFO - [2023-03-03T16:45:56.665+0100] {dagbag.py:537} INFO - Filling up the DagBag from /Users/uab910/dev/nnam-poc/pyenv/lib/python3.10/site-packages/airflow/example_dags/example_external_task_marker_dag.py
[2023-03-03T16:45:56.703+0100] {processor.py:766} INFO - DAG(s) dict_keys(['example_external_task_marker_child', 'example_external_task_marker_parent']) retrieved from /Users/uab910/dev/nnam-poc/pyenv/lib/python3.10/site-packages/airflow/example_dags/example_external_task_marker_dag.py
[2023-03-03T16:45:58.077+0100] {logging_mixin.py:137} INFO - [2023-03-03T16:45:58.077+0100] {dag.py:2585} INFO - Sync 2 DAGs
[2023-03-03T16:45:58.133+0100] {logging_mixin.py:137} INFO - [2023-03-03T16:45:58.133+0100] {dag.py:3336} INFO - Setting next_dagrun for example_external_task_marker_child to None, run_after=None
[2023-03-03T16:45:58.135+0100] {logging_mixin.py:137} INFO - [2023-03-03T16:45:58.135+0100] {dag.py:3336} INFO - Setting next_dagrun for example_external_task_marker_parent to None, run_after=None
[2023-03-03T16:45:58.150+0100] {processor.py:176} INFO - Processing /Users/uab910/dev/nnam-poc/pyenv/lib/python3.10/site-packages/airflow/example_dags/example_external_task_marker_dag.py took 1.493 seconds
[2023-03-03T16:47:29.913+0100] {processor.py:154} INFO - Started process (PID=59023) to work on /Users/uab910/dev/nnam-poc/pyenv/lib/python3.10/site-packages/airflow/example_dags/example_external_task_marker_dag.py
[2023-03-03T16:47:29.919+0100] {processor.py:756} INFO - Processing file /Users/uab910/dev/nnam-poc/pyenv/lib/python3.10/site-packages/airflow/example_dags/example_external_task_marker_dag.py for tasks to queue
[2023-03-03T16:47:29.919+0100] {logging_mixin.py:137} INFO - [2023-03-03T16:47:29.919+0100] {dagbag.py:537} INFO - Filling up the DagBag from /Users/uab910/dev/nnam-poc/pyenv/lib/python3.10/site-packages/airflow/example_dags/example_external_task_marker_dag.py
[2023-03-03T16:47:29.955+0100] {processor.py:766} INFO - DAG(s) dict_keys(['example_external_task_marker_child', 'example_external_task_marker_parent']) retrieved from /Users/uab910/dev/nnam-poc/pyenv/lib/python3.10/site-packages/airflow/example_dags/example_external_task_marker_dag.py
[2023-03-03T16:47:30.282+0100] {logging_mixin.py:137} INFO - [2023-03-03T16:47:30.282+0100] {dag.py:2585} INFO - Sync 2 DAGs
[2023-03-03T16:47:30.294+0100] {logging_mixin.py:137} INFO - [2023-03-03T16:47:30.294+0100] {dag.py:3336} INFO - Setting next_dagrun for example_external_task_marker_child to None, run_after=None
[2023-03-03T16:47:30.296+0100] {logging_mixin.py:137} INFO - [2023-03-03T16:47:30.296+0100] {dag.py:3336} INFO - Setting next_dagrun for example_external_task_marker_parent to None, run_after=None
[2023-03-03T16:47:30.309+0100] {processor.py:176} INFO - Processing /Users/uab910/dev/nnam-poc/pyenv/lib/python3.10/site-packages/airflow/example_dags/example_external_task_marker_dag.py took 0.397 seconds
[2023-03-03T16:49:01.026+0100] {processor.py:154} INFO - Started process (PID=59075) to work on /Users/uab910/dev/nnam-poc/pyenv/lib/python3.10/site-packages/airflow/example_dags/example_external_task_marker_dag.py
[2023-03-03T16:49:01.033+0100] {processor.py:756} INFO - Processing file /Users/uab910/dev/nnam-poc/pyenv/lib/python3.10/site-packages/airflow/example_dags/example_external_task_marker_dag.py for tasks to queue
[2023-03-03T16:49:01.033+0100] {logging_mixin.py:137} INFO - [2023-03-03T16:49:01.033+0100] {dagbag.py:537} INFO - Filling up the DagBag from /Users/uab910/dev/nnam-poc/pyenv/lib/python3.10/site-packages/airflow/example_dags/example_external_task_marker_dag.py
[2023-03-03T16:49:01.071+0100] {processor.py:766} INFO - DAG(s) dict_keys(['example_external_task_marker_parent', 'example_external_task_marker_child']) retrieved from /Users/uab910/dev/nnam-poc/pyenv/lib/python3.10/site-packages/airflow/example_dags/example_external_task_marker_dag.py
[2023-03-03T16:49:01.365+0100] {logging_mixin.py:137} INFO - [2023-03-03T16:49:01.365+0100] {dag.py:2585} INFO - Sync 2 DAGs
[2023-03-03T16:49:01.379+0100] {logging_mixin.py:137} INFO - [2023-03-03T16:49:01.379+0100] {dag.py:3336} INFO - Setting next_dagrun for example_external_task_marker_child to None, run_after=None
[2023-03-03T16:49:01.381+0100] {logging_mixin.py:137} INFO - [2023-03-03T16:49:01.381+0100] {dag.py:3336} INFO - Setting next_dagrun for example_external_task_marker_parent to None, run_after=None
[2023-03-03T16:49:01.396+0100] {processor.py:176} INFO - Processing /Users/uab910/dev/nnam-poc/pyenv/lib/python3.10/site-packages/airflow/example_dags/example_external_task_marker_dag.py took 0.371 seconds
[2023-03-03T16:50:35.353+0100] {processor.py:154} INFO - Started process (PID=59137) to work on /Users/uab910/dev/nnam-poc/pyenv/lib/python3.10/site-packages/airflow/example_dags/example_external_task_marker_dag.py
[2023-03-03T16:50:35.358+0100] {processor.py:756} INFO - Processing file /Users/uab910/dev/nnam-poc/pyenv/lib/python3.10/site-packages/airflow/example_dags/example_external_task_marker_dag.py for tasks to queue
[2023-03-03T16:50:35.358+0100] {logging_mixin.py:137} INFO - [2023-03-03T16:50:35.358+0100] {dagbag.py:537} INFO - Filling up the DagBag from /Users/uab910/dev/nnam-poc/pyenv/lib/python3.10/site-packages/airflow/example_dags/example_external_task_marker_dag.py
[2023-03-03T16:50:35.390+0100] {processor.py:766} INFO - DAG(s) dict_keys(['example_external_task_marker_child', 'example_external_task_marker_parent']) retrieved from /Users/uab910/dev/nnam-poc/pyenv/lib/python3.10/site-packages/airflow/example_dags/example_external_task_marker_dag.py
[2023-03-03T16:50:36.514+0100] {logging_mixin.py:137} INFO - [2023-03-03T16:50:36.514+0100] {dag.py:2585} INFO - Sync 2 DAGs
[2023-03-03T16:50:36.574+0100] {logging_mixin.py:137} INFO - [2023-03-03T16:50:36.574+0100] {dag.py:3336} INFO - Setting next_dagrun for example_external_task_marker_child to None, run_after=None
[2023-03-03T16:50:36.577+0100] {logging_mixin.py:137} INFO - [2023-03-03T16:50:36.577+0100] {dag.py:3336} INFO - Setting next_dagrun for example_external_task_marker_parent to None, run_after=None
[2023-03-03T16:50:36.596+0100] {processor.py:176} INFO - Processing /Users/uab910/dev/nnam-poc/pyenv/lib/python3.10/site-packages/airflow/example_dags/example_external_task_marker_dag.py took 1.244 seconds
[2023-03-03T16:52:07.713+0100] {processor.py:154} INFO - Started process (PID=59194) to work on /Users/uab910/dev/nnam-poc/pyenv/lib/python3.10/site-packages/airflow/example_dags/example_external_task_marker_dag.py
[2023-03-03T16:52:07.718+0100] {processor.py:756} INFO - Processing file /Users/uab910/dev/nnam-poc/pyenv/lib/python3.10/site-packages/airflow/example_dags/example_external_task_marker_dag.py for tasks to queue
[2023-03-03T16:52:07.719+0100] {logging_mixin.py:137} INFO - [2023-03-03T16:52:07.719+0100] {dagbag.py:537} INFO - Filling up the DagBag from /Users/uab910/dev/nnam-poc/pyenv/lib/python3.10/site-packages/airflow/example_dags/example_external_task_marker_dag.py
[2023-03-03T16:52:07.755+0100] {processor.py:766} INFO - DAG(s) dict_keys(['example_external_task_marker_parent', 'example_external_task_marker_child']) retrieved from /Users/uab910/dev/nnam-poc/pyenv/lib/python3.10/site-packages/airflow/example_dags/example_external_task_marker_dag.py
[2023-03-03T16:52:08.011+0100] {logging_mixin.py:137} INFO - [2023-03-03T16:52:08.011+0100] {dag.py:2585} INFO - Sync 2 DAGs
[2023-03-03T16:52:08.023+0100] {logging_mixin.py:137} INFO - [2023-03-03T16:52:08.023+0100] {dag.py:3336} INFO - Setting next_dagrun for example_external_task_marker_child to None, run_after=None
[2023-03-03T16:52:08.025+0100] {logging_mixin.py:137} INFO - [2023-03-03T16:52:08.025+0100] {dag.py:3336} INFO - Setting next_dagrun for example_external_task_marker_parent to None, run_after=None
[2023-03-03T16:52:08.037+0100] {processor.py:176} INFO - Processing /Users/uab910/dev/nnam-poc/pyenv/lib/python3.10/site-packages/airflow/example_dags/example_external_task_marker_dag.py took 0.325 seconds
[2023-03-03T16:53:36.408+0100] {processor.py:154} INFO - Started process (PID=59241) to work on /Users/uab910/dev/nnam-poc/pyenv/lib/python3.10/site-packages/airflow/example_dags/example_external_task_marker_dag.py
[2023-03-03T16:53:36.414+0100] {processor.py:756} INFO - Processing file /Users/uab910/dev/nnam-poc/pyenv/lib/python3.10/site-packages/airflow/example_dags/example_external_task_marker_dag.py for tasks to queue
[2023-03-03T16:53:36.414+0100] {logging_mixin.py:137} INFO - [2023-03-03T16:53:36.414+0100] {dagbag.py:537} INFO - Filling up the DagBag from /Users/uab910/dev/nnam-poc/pyenv/lib/python3.10/site-packages/airflow/example_dags/example_external_task_marker_dag.py
[2023-03-03T16:53:36.452+0100] {processor.py:766} INFO - DAG(s) dict_keys(['example_external_task_marker_parent', 'example_external_task_marker_child']) retrieved from /Users/uab910/dev/nnam-poc/pyenv/lib/python3.10/site-packages/airflow/example_dags/example_external_task_marker_dag.py
[2023-03-03T16:53:36.749+0100] {logging_mixin.py:137} INFO - [2023-03-03T16:53:36.749+0100] {dag.py:2585} INFO - Sync 2 DAGs
[2023-03-03T16:53:36.761+0100] {logging_mixin.py:137} INFO - [2023-03-03T16:53:36.761+0100] {dag.py:3336} INFO - Setting next_dagrun for example_external_task_marker_child to None, run_after=None
[2023-03-03T16:53:36.763+0100] {logging_mixin.py:137} INFO - [2023-03-03T16:53:36.763+0100] {dag.py:3336} INFO - Setting next_dagrun for example_external_task_marker_parent to None, run_after=None
[2023-03-03T16:53:36.775+0100] {processor.py:176} INFO - Processing /Users/uab910/dev/nnam-poc/pyenv/lib/python3.10/site-packages/airflow/example_dags/example_external_task_marker_dag.py took 0.368 seconds
[2023-03-03T16:55:07.794+0100] {processor.py:154} INFO - Started process (PID=59303) to work on /Users/uab910/dev/nnam-poc/pyenv/lib/python3.10/site-packages/airflow/example_dags/example_external_task_marker_dag.py
[2023-03-03T16:55:07.799+0100] {processor.py:756} INFO - Processing file /Users/uab910/dev/nnam-poc/pyenv/lib/python3.10/site-packages/airflow/example_dags/example_external_task_marker_dag.py for tasks to queue
[2023-03-03T16:55:07.800+0100] {logging_mixin.py:137} INFO - [2023-03-03T16:55:07.800+0100] {dagbag.py:537} INFO - Filling up the DagBag from /Users/uab910/dev/nnam-poc/pyenv/lib/python3.10/site-packages/airflow/example_dags/example_external_task_marker_dag.py
[2023-03-03T16:55:07.835+0100] {processor.py:766} INFO - DAG(s) dict_keys(['example_external_task_marker_child', 'example_external_task_marker_parent']) retrieved from /Users/uab910/dev/nnam-poc/pyenv/lib/python3.10/site-packages/airflow/example_dags/example_external_task_marker_dag.py
[2023-03-03T16:55:09.120+0100] {logging_mixin.py:137} INFO - [2023-03-03T16:55:09.119+0100] {dag.py:2585} INFO - Sync 2 DAGs
[2023-03-03T16:55:09.184+0100] {logging_mixin.py:137} INFO - [2023-03-03T16:55:09.184+0100] {dag.py:3336} INFO - Setting next_dagrun for example_external_task_marker_child to None, run_after=None
[2023-03-03T16:55:09.187+0100] {logging_mixin.py:137} INFO - [2023-03-03T16:55:09.187+0100] {dag.py:3336} INFO - Setting next_dagrun for example_external_task_marker_parent to None, run_after=None
[2023-03-03T16:55:09.205+0100] {processor.py:176} INFO - Processing /Users/uab910/dev/nnam-poc/pyenv/lib/python3.10/site-packages/airflow/example_dags/example_external_task_marker_dag.py took 1.412 seconds
[2023-03-03T16:56:41.819+0100] {processor.py:154} INFO - Started process (PID=59353) to work on /Users/uab910/dev/nnam-poc/pyenv/lib/python3.10/site-packages/airflow/example_dags/example_external_task_marker_dag.py
[2023-03-03T16:56:41.825+0100] {processor.py:756} INFO - Processing file /Users/uab910/dev/nnam-poc/pyenv/lib/python3.10/site-packages/airflow/example_dags/example_external_task_marker_dag.py for tasks to queue
[2023-03-03T16:56:41.826+0100] {logging_mixin.py:137} INFO - [2023-03-03T16:56:41.826+0100] {dagbag.py:537} INFO - Filling up the DagBag from /Users/uab910/dev/nnam-poc/pyenv/lib/python3.10/site-packages/airflow/example_dags/example_external_task_marker_dag.py
[2023-03-03T16:56:41.863+0100] {processor.py:766} INFO - DAG(s) dict_keys(['example_external_task_marker_child', 'example_external_task_marker_parent']) retrieved from /Users/uab910/dev/nnam-poc/pyenv/lib/python3.10/site-packages/airflow/example_dags/example_external_task_marker_dag.py
[2023-03-03T16:56:42.213+0100] {logging_mixin.py:137} INFO - [2023-03-03T16:56:42.212+0100] {dag.py:2585} INFO - Sync 2 DAGs
[2023-03-03T16:56:42.229+0100] {logging_mixin.py:137} INFO - [2023-03-03T16:56:42.229+0100] {dag.py:3336} INFO - Setting next_dagrun for example_external_task_marker_child to None, run_after=None
[2023-03-03T16:56:42.231+0100] {logging_mixin.py:137} INFO - [2023-03-03T16:56:42.231+0100] {dag.py:3336} INFO - Setting next_dagrun for example_external_task_marker_parent to None, run_after=None
[2023-03-03T16:56:42.247+0100] {processor.py:176} INFO - Processing /Users/uab910/dev/nnam-poc/pyenv/lib/python3.10/site-packages/airflow/example_dags/example_external_task_marker_dag.py took 0.428 seconds
[2023-03-03T16:58:14.414+0100] {processor.py:154} INFO - Started process (PID=59402) to work on /Users/uab910/dev/nnam-poc/pyenv/lib/python3.10/site-packages/airflow/example_dags/example_external_task_marker_dag.py
[2023-03-03T16:58:14.420+0100] {processor.py:756} INFO - Processing file /Users/uab910/dev/nnam-poc/pyenv/lib/python3.10/site-packages/airflow/example_dags/example_external_task_marker_dag.py for tasks to queue
[2023-03-03T16:58:14.421+0100] {logging_mixin.py:137} INFO - [2023-03-03T16:58:14.421+0100] {dagbag.py:537} INFO - Filling up the DagBag from /Users/uab910/dev/nnam-poc/pyenv/lib/python3.10/site-packages/airflow/example_dags/example_external_task_marker_dag.py
[2023-03-03T16:58:14.460+0100] {processor.py:766} INFO - DAG(s) dict_keys(['example_external_task_marker_child', 'example_external_task_marker_parent']) retrieved from /Users/uab910/dev/nnam-poc/pyenv/lib/python3.10/site-packages/airflow/example_dags/example_external_task_marker_dag.py
[2023-03-03T16:58:15.819+0100] {logging_mixin.py:137} INFO - [2023-03-03T16:58:15.819+0100] {dag.py:2585} INFO - Sync 2 DAGs
[2023-03-03T16:58:15.867+0100] {logging_mixin.py:137} INFO - [2023-03-03T16:58:15.867+0100] {dag.py:3336} INFO - Setting next_dagrun for example_external_task_marker_child to None, run_after=None
[2023-03-03T16:58:15.869+0100] {logging_mixin.py:137} INFO - [2023-03-03T16:58:15.869+0100] {dag.py:3336} INFO - Setting next_dagrun for example_external_task_marker_parent to None, run_after=None
[2023-03-03T16:58:15.883+0100] {processor.py:176} INFO - Processing /Users/uab910/dev/nnam-poc/pyenv/lib/python3.10/site-packages/airflow/example_dags/example_external_task_marker_dag.py took 1.469 seconds
[2023-03-03T16:59:47.891+0100] {processor.py:154} INFO - Started process (PID=59447) to work on /Users/uab910/dev/nnam-poc/pyenv/lib/python3.10/site-packages/airflow/example_dags/example_external_task_marker_dag.py
[2023-03-03T16:59:47.897+0100] {processor.py:756} INFO - Processing file /Users/uab910/dev/nnam-poc/pyenv/lib/python3.10/site-packages/airflow/example_dags/example_external_task_marker_dag.py for tasks to queue
[2023-03-03T16:59:47.898+0100] {logging_mixin.py:137} INFO - [2023-03-03T16:59:47.898+0100] {dagbag.py:537} INFO - Filling up the DagBag from /Users/uab910/dev/nnam-poc/pyenv/lib/python3.10/site-packages/airflow/example_dags/example_external_task_marker_dag.py
[2023-03-03T16:59:47.934+0100] {processor.py:766} INFO - DAG(s) dict_keys(['example_external_task_marker_child', 'example_external_task_marker_parent']) retrieved from /Users/uab910/dev/nnam-poc/pyenv/lib/python3.10/site-packages/airflow/example_dags/example_external_task_marker_dag.py
[2023-03-03T16:59:49.329+0100] {logging_mixin.py:137} INFO - [2023-03-03T16:59:49.329+0100] {dag.py:2585} INFO - Sync 2 DAGs
[2023-03-03T16:59:49.389+0100] {logging_mixin.py:137} INFO - [2023-03-03T16:59:49.389+0100] {dag.py:3336} INFO - Setting next_dagrun for example_external_task_marker_child to None, run_after=None
[2023-03-03T16:59:49.391+0100] {logging_mixin.py:137} INFO - [2023-03-03T16:59:49.391+0100] {dag.py:3336} INFO - Setting next_dagrun for example_external_task_marker_parent to None, run_after=None
[2023-03-03T16:59:49.405+0100] {processor.py:176} INFO - Processing /Users/uab910/dev/nnam-poc/pyenv/lib/python3.10/site-packages/airflow/example_dags/example_external_task_marker_dag.py took 1.514 seconds
[2023-03-03T17:01:22.055+0100] {processor.py:154} INFO - Started process (PID=59498) to work on /Users/uab910/dev/nnam-poc/pyenv/lib/python3.10/site-packages/airflow/example_dags/example_external_task_marker_dag.py
[2023-03-03T17:01:22.061+0100] {processor.py:756} INFO - Processing file /Users/uab910/dev/nnam-poc/pyenv/lib/python3.10/site-packages/airflow/example_dags/example_external_task_marker_dag.py for tasks to queue
[2023-03-03T17:01:22.061+0100] {logging_mixin.py:137} INFO - [2023-03-03T17:01:22.061+0100] {dagbag.py:537} INFO - Filling up the DagBag from /Users/uab910/dev/nnam-poc/pyenv/lib/python3.10/site-packages/airflow/example_dags/example_external_task_marker_dag.py
[2023-03-03T17:01:22.095+0100] {processor.py:766} INFO - DAG(s) dict_keys(['example_external_task_marker_parent', 'example_external_task_marker_child']) retrieved from /Users/uab910/dev/nnam-poc/pyenv/lib/python3.10/site-packages/airflow/example_dags/example_external_task_marker_dag.py
[2023-03-03T17:01:22.404+0100] {logging_mixin.py:137} INFO - [2023-03-03T17:01:22.404+0100] {dag.py:2585} INFO - Sync 2 DAGs
[2023-03-03T17:01:22.417+0100] {logging_mixin.py:137} INFO - [2023-03-03T17:01:22.417+0100] {dag.py:3336} INFO - Setting next_dagrun for example_external_task_marker_child to None, run_after=None
[2023-03-03T17:01:22.419+0100] {logging_mixin.py:137} INFO - [2023-03-03T17:01:22.419+0100] {dag.py:3336} INFO - Setting next_dagrun for example_external_task_marker_parent to None, run_after=None
[2023-03-03T17:01:22.433+0100] {processor.py:176} INFO - Processing /Users/uab910/dev/nnam-poc/pyenv/lib/python3.10/site-packages/airflow/example_dags/example_external_task_marker_dag.py took 0.378 seconds
[2023-03-03T17:02:54.191+0100] {processor.py:154} INFO - Started process (PID=59545) to work on /Users/uab910/dev/nnam-poc/pyenv/lib/python3.10/site-packages/airflow/example_dags/example_external_task_marker_dag.py
[2023-03-03T17:02:54.197+0100] {processor.py:756} INFO - Processing file /Users/uab910/dev/nnam-poc/pyenv/lib/python3.10/site-packages/airflow/example_dags/example_external_task_marker_dag.py for tasks to queue
[2023-03-03T17:02:54.198+0100] {logging_mixin.py:137} INFO - [2023-03-03T17:02:54.198+0100] {dagbag.py:537} INFO - Filling up the DagBag from /Users/uab910/dev/nnam-poc/pyenv/lib/python3.10/site-packages/airflow/example_dags/example_external_task_marker_dag.py
[2023-03-03T17:02:54.229+0100] {processor.py:766} INFO - DAG(s) dict_keys(['example_external_task_marker_parent', 'example_external_task_marker_child']) retrieved from /Users/uab910/dev/nnam-poc/pyenv/lib/python3.10/site-packages/airflow/example_dags/example_external_task_marker_dag.py
[2023-03-03T17:02:54.528+0100] {logging_mixin.py:137} INFO - [2023-03-03T17:02:54.528+0100] {dag.py:2585} INFO - Sync 2 DAGs
[2023-03-03T17:02:54.543+0100] {logging_mixin.py:137} INFO - [2023-03-03T17:02:54.543+0100] {dag.py:3336} INFO - Setting next_dagrun for example_external_task_marker_child to None, run_after=None
[2023-03-03T17:02:54.546+0100] {logging_mixin.py:137} INFO - [2023-03-03T17:02:54.545+0100] {dag.py:3336} INFO - Setting next_dagrun for example_external_task_marker_parent to None, run_after=None
[2023-03-03T17:02:54.561+0100] {processor.py:176} INFO - Processing /Users/uab910/dev/nnam-poc/pyenv/lib/python3.10/site-packages/airflow/example_dags/example_external_task_marker_dag.py took 0.371 seconds
[2023-03-03T17:04:26.116+0100] {processor.py:154} INFO - Started process (PID=59609) to work on /Users/uab910/dev/nnam-poc/pyenv/lib/python3.10/site-packages/airflow/example_dags/example_external_task_marker_dag.py
[2023-03-03T17:04:26.123+0100] {processor.py:756} INFO - Processing file /Users/uab910/dev/nnam-poc/pyenv/lib/python3.10/site-packages/airflow/example_dags/example_external_task_marker_dag.py for tasks to queue
[2023-03-03T17:04:26.123+0100] {logging_mixin.py:137} INFO - [2023-03-03T17:04:26.123+0100] {dagbag.py:537} INFO - Filling up the DagBag from /Users/uab910/dev/nnam-poc/pyenv/lib/python3.10/site-packages/airflow/example_dags/example_external_task_marker_dag.py
[2023-03-03T17:04:26.159+0100] {processor.py:766} INFO - DAG(s) dict_keys(['example_external_task_marker_parent', 'example_external_task_marker_child']) retrieved from /Users/uab910/dev/nnam-poc/pyenv/lib/python3.10/site-packages/airflow/example_dags/example_external_task_marker_dag.py
[2023-03-03T17:04:26.457+0100] {logging_mixin.py:137} INFO - [2023-03-03T17:04:26.457+0100] {dag.py:2585} INFO - Sync 2 DAGs
[2023-03-03T17:04:26.470+0100] {logging_mixin.py:137} INFO - [2023-03-03T17:04:26.470+0100] {dag.py:3336} INFO - Setting next_dagrun for example_external_task_marker_child to None, run_after=None
[2023-03-03T17:04:26.472+0100] {logging_mixin.py:137} INFO - [2023-03-03T17:04:26.472+0100] {dag.py:3336} INFO - Setting next_dagrun for example_external_task_marker_parent to None, run_after=None
[2023-03-03T17:04:26.487+0100] {processor.py:176} INFO - Processing /Users/uab910/dev/nnam-poc/pyenv/lib/python3.10/site-packages/airflow/example_dags/example_external_task_marker_dag.py took 0.372 seconds
[2023-03-03T17:05:54.889+0100] {processor.py:154} INFO - Started process (PID=59660) to work on /Users/uab910/dev/nnam-poc/pyenv/lib/python3.10/site-packages/airflow/example_dags/example_external_task_marker_dag.py
[2023-03-03T17:05:54.895+0100] {processor.py:756} INFO - Processing file /Users/uab910/dev/nnam-poc/pyenv/lib/python3.10/site-packages/airflow/example_dags/example_external_task_marker_dag.py for tasks to queue
[2023-03-03T17:05:54.895+0100] {logging_mixin.py:137} INFO - [2023-03-03T17:05:54.895+0100] {dagbag.py:537} INFO - Filling up the DagBag from /Users/uab910/dev/nnam-poc/pyenv/lib/python3.10/site-packages/airflow/example_dags/example_external_task_marker_dag.py
[2023-03-03T17:05:54.929+0100] {processor.py:766} INFO - DAG(s) dict_keys(['example_external_task_marker_child', 'example_external_task_marker_parent']) retrieved from /Users/uab910/dev/nnam-poc/pyenv/lib/python3.10/site-packages/airflow/example_dags/example_external_task_marker_dag.py
[2023-03-03T17:05:55.245+0100] {logging_mixin.py:137} INFO - [2023-03-03T17:05:55.245+0100] {dag.py:2585} INFO - Sync 2 DAGs
[2023-03-03T17:05:55.259+0100] {logging_mixin.py:137} INFO - [2023-03-03T17:05:55.259+0100] {dag.py:3336} INFO - Setting next_dagrun for example_external_task_marker_child to None, run_after=None
[2023-03-03T17:05:55.262+0100] {logging_mixin.py:137} INFO - [2023-03-03T17:05:55.261+0100] {dag.py:3336} INFO - Setting next_dagrun for example_external_task_marker_parent to None, run_after=None
[2023-03-03T17:05:55.276+0100] {processor.py:176} INFO - Processing /Users/uab910/dev/nnam-poc/pyenv/lib/python3.10/site-packages/airflow/example_dags/example_external_task_marker_dag.py took 0.388 seconds
[2023-03-03T17:07:33.135+0100] {processor.py:154} INFO - Started process (PID=59713) to work on /Users/uab910/dev/nnam-poc/pyenv/lib/python3.10/site-packages/airflow/example_dags/example_external_task_marker_dag.py
[2023-03-03T17:07:33.141+0100] {processor.py:756} INFO - Processing file /Users/uab910/dev/nnam-poc/pyenv/lib/python3.10/site-packages/airflow/example_dags/example_external_task_marker_dag.py for tasks to queue
[2023-03-03T17:07:33.141+0100] {logging_mixin.py:137} INFO - [2023-03-03T17:07:33.141+0100] {dagbag.py:537} INFO - Filling up the DagBag from /Users/uab910/dev/nnam-poc/pyenv/lib/python3.10/site-packages/airflow/example_dags/example_external_task_marker_dag.py
[2023-03-03T17:07:33.181+0100] {processor.py:766} INFO - DAG(s) dict_keys(['example_external_task_marker_child', 'example_external_task_marker_parent']) retrieved from /Users/uab910/dev/nnam-poc/pyenv/lib/python3.10/site-packages/airflow/example_dags/example_external_task_marker_dag.py
[2023-03-03T17:07:37.982+0100] {logging_mixin.py:137} INFO - [2023-03-03T17:07:37.982+0100] {dag.py:2585} INFO - Sync 2 DAGs
[2023-03-03T17:07:38.042+0100] {logging_mixin.py:137} INFO - [2023-03-03T17:07:38.041+0100] {dag.py:3336} INFO - Setting next_dagrun for example_external_task_marker_child to None, run_after=None
[2023-03-03T17:07:38.044+0100] {logging_mixin.py:137} INFO - [2023-03-03T17:07:38.044+0100] {dag.py:3336} INFO - Setting next_dagrun for example_external_task_marker_parent to None, run_after=None
[2023-03-03T17:07:38.061+0100] {processor.py:176} INFO - Processing /Users/uab910/dev/nnam-poc/pyenv/lib/python3.10/site-packages/airflow/example_dags/example_external_task_marker_dag.py took 4.926 seconds
[2023-03-03T17:09:14.112+0100] {processor.py:154} INFO - Started process (PID=59782) to work on /Users/uab910/dev/nnam-poc/pyenv/lib/python3.10/site-packages/airflow/example_dags/example_external_task_marker_dag.py
[2023-03-03T17:09:14.117+0100] {processor.py:756} INFO - Processing file /Users/uab910/dev/nnam-poc/pyenv/lib/python3.10/site-packages/airflow/example_dags/example_external_task_marker_dag.py for tasks to queue
[2023-03-03T17:09:14.118+0100] {logging_mixin.py:137} INFO - [2023-03-03T17:09:14.118+0100] {dagbag.py:537} INFO - Filling up the DagBag from /Users/uab910/dev/nnam-poc/pyenv/lib/python3.10/site-packages/airflow/example_dags/example_external_task_marker_dag.py
[2023-03-03T17:09:14.150+0100] {processor.py:766} INFO - DAG(s) dict_keys(['example_external_task_marker_parent', 'example_external_task_marker_child']) retrieved from /Users/uab910/dev/nnam-poc/pyenv/lib/python3.10/site-packages/airflow/example_dags/example_external_task_marker_dag.py
[2023-03-03T17:09:15.498+0100] {logging_mixin.py:137} INFO - [2023-03-03T17:09:15.497+0100] {dag.py:2585} INFO - Sync 2 DAGs
[2023-03-03T17:09:15.547+0100] {logging_mixin.py:137} INFO - [2023-03-03T17:09:15.547+0100] {dag.py:3336} INFO - Setting next_dagrun for example_external_task_marker_child to None, run_after=None
[2023-03-03T17:09:15.549+0100] {logging_mixin.py:137} INFO - [2023-03-03T17:09:15.548+0100] {dag.py:3336} INFO - Setting next_dagrun for example_external_task_marker_parent to None, run_after=None
[2023-03-03T17:09:15.562+0100] {processor.py:176} INFO - Processing /Users/uab910/dev/nnam-poc/pyenv/lib/python3.10/site-packages/airflow/example_dags/example_external_task_marker_dag.py took 1.451 seconds
[2023-03-03T17:10:42.691+0100] {processor.py:154} INFO - Started process (PID=59828) to work on /Users/uab910/dev/nnam-poc/pyenv/lib/python3.10/site-packages/airflow/example_dags/example_external_task_marker_dag.py
[2023-03-03T17:10:42.695+0100] {processor.py:756} INFO - Processing file /Users/uab910/dev/nnam-poc/pyenv/lib/python3.10/site-packages/airflow/example_dags/example_external_task_marker_dag.py for tasks to queue
[2023-03-03T17:10:42.695+0100] {logging_mixin.py:137} INFO - [2023-03-03T17:10:42.695+0100] {dagbag.py:537} INFO - Filling up the DagBag from /Users/uab910/dev/nnam-poc/pyenv/lib/python3.10/site-packages/airflow/example_dags/example_external_task_marker_dag.py
[2023-03-03T17:10:42.724+0100] {processor.py:766} INFO - DAG(s) dict_keys(['example_external_task_marker_parent', 'example_external_task_marker_child']) retrieved from /Users/uab910/dev/nnam-poc/pyenv/lib/python3.10/site-packages/airflow/example_dags/example_external_task_marker_dag.py
[2023-03-03T17:10:42.979+0100] {logging_mixin.py:137} INFO - [2023-03-03T17:10:42.979+0100] {dag.py:2585} INFO - Sync 2 DAGs
[2023-03-03T17:10:42.991+0100] {logging_mixin.py:137} INFO - [2023-03-03T17:10:42.991+0100] {dag.py:3336} INFO - Setting next_dagrun for example_external_task_marker_child to None, run_after=None
[2023-03-03T17:10:42.993+0100] {logging_mixin.py:137} INFO - [2023-03-03T17:10:42.993+0100] {dag.py:3336} INFO - Setting next_dagrun for example_external_task_marker_parent to None, run_after=None
[2023-03-03T17:10:43.005+0100] {processor.py:176} INFO - Processing /Users/uab910/dev/nnam-poc/pyenv/lib/python3.10/site-packages/airflow/example_dags/example_external_task_marker_dag.py took 0.315 seconds
[2023-03-03T17:12:12.232+0100] {processor.py:154} INFO - Started process (PID=59887) to work on /Users/uab910/dev/nnam-poc/pyenv/lib/python3.10/site-packages/airflow/example_dags/example_external_task_marker_dag.py
[2023-03-03T17:12:12.237+0100] {processor.py:756} INFO - Processing file /Users/uab910/dev/nnam-poc/pyenv/lib/python3.10/site-packages/airflow/example_dags/example_external_task_marker_dag.py for tasks to queue
[2023-03-03T17:12:12.238+0100] {logging_mixin.py:137} INFO - [2023-03-03T17:12:12.238+0100] {dagbag.py:537} INFO - Filling up the DagBag from /Users/uab910/dev/nnam-poc/pyenv/lib/python3.10/site-packages/airflow/example_dags/example_external_task_marker_dag.py
[2023-03-03T17:12:12.275+0100] {processor.py:766} INFO - DAG(s) dict_keys(['example_external_task_marker_child', 'example_external_task_marker_parent']) retrieved from /Users/uab910/dev/nnam-poc/pyenv/lib/python3.10/site-packages/airflow/example_dags/example_external_task_marker_dag.py
[2023-03-03T17:12:12.579+0100] {logging_mixin.py:137} INFO - [2023-03-03T17:12:12.579+0100] {dag.py:2585} INFO - Sync 2 DAGs
[2023-03-03T17:12:12.594+0100] {logging_mixin.py:137} INFO - [2023-03-03T17:12:12.594+0100] {dag.py:3336} INFO - Setting next_dagrun for example_external_task_marker_child to None, run_after=None
[2023-03-03T17:12:12.596+0100] {logging_mixin.py:137} INFO - [2023-03-03T17:12:12.596+0100] {dag.py:3336} INFO - Setting next_dagrun for example_external_task_marker_parent to None, run_after=None
[2023-03-03T17:12:12.611+0100] {processor.py:176} INFO - Processing /Users/uab910/dev/nnam-poc/pyenv/lib/python3.10/site-packages/airflow/example_dags/example_external_task_marker_dag.py took 0.380 seconds
[2023-03-03T17:13:41.553+0100] {processor.py:154} INFO - Started process (PID=59974) to work on /Users/uab910/dev/nnam-poc/pyenv/lib/python3.10/site-packages/airflow/example_dags/example_external_task_marker_dag.py
[2023-03-03T17:13:41.558+0100] {processor.py:756} INFO - Processing file /Users/uab910/dev/nnam-poc/pyenv/lib/python3.10/site-packages/airflow/example_dags/example_external_task_marker_dag.py for tasks to queue
[2023-03-03T17:13:41.558+0100] {logging_mixin.py:137} INFO - [2023-03-03T17:13:41.558+0100] {dagbag.py:537} INFO - Filling up the DagBag from /Users/uab910/dev/nnam-poc/pyenv/lib/python3.10/site-packages/airflow/example_dags/example_external_task_marker_dag.py
[2023-03-03T17:13:41.589+0100] {processor.py:766} INFO - DAG(s) dict_keys(['example_external_task_marker_child', 'example_external_task_marker_parent']) retrieved from /Users/uab910/dev/nnam-poc/pyenv/lib/python3.10/site-packages/airflow/example_dags/example_external_task_marker_dag.py
[2023-03-03T17:13:41.868+0100] {logging_mixin.py:137} INFO - [2023-03-03T17:13:41.868+0100] {dag.py:2585} INFO - Sync 2 DAGs
[2023-03-03T17:13:41.884+0100] {logging_mixin.py:137} INFO - [2023-03-03T17:13:41.884+0100] {dag.py:3336} INFO - Setting next_dagrun for example_external_task_marker_child to None, run_after=None
[2023-03-03T17:13:41.887+0100] {logging_mixin.py:137} INFO - [2023-03-03T17:13:41.886+0100] {dag.py:3336} INFO - Setting next_dagrun for example_external_task_marker_parent to None, run_after=None
[2023-03-03T17:13:41.902+0100] {processor.py:176} INFO - Processing /Users/uab910/dev/nnam-poc/pyenv/lib/python3.10/site-packages/airflow/example_dags/example_external_task_marker_dag.py took 0.350 seconds
[2023-03-03T17:15:13.503+0100] {processor.py:154} INFO - Started process (PID=60029) to work on /Users/uab910/dev/nnam-poc/pyenv/lib/python3.10/site-packages/airflow/example_dags/example_external_task_marker_dag.py
[2023-03-03T17:15:13.508+0100] {processor.py:756} INFO - Processing file /Users/uab910/dev/nnam-poc/pyenv/lib/python3.10/site-packages/airflow/example_dags/example_external_task_marker_dag.py for tasks to queue
[2023-03-03T17:15:13.509+0100] {logging_mixin.py:137} INFO - [2023-03-03T17:15:13.508+0100] {dagbag.py:537} INFO - Filling up the DagBag from /Users/uab910/dev/nnam-poc/pyenv/lib/python3.10/site-packages/airflow/example_dags/example_external_task_marker_dag.py
[2023-03-03T17:15:13.538+0100] {processor.py:766} INFO - DAG(s) dict_keys(['example_external_task_marker_child', 'example_external_task_marker_parent']) retrieved from /Users/uab910/dev/nnam-poc/pyenv/lib/python3.10/site-packages/airflow/example_dags/example_external_task_marker_dag.py
[2023-03-03T17:15:14.673+0100] {logging_mixin.py:137} INFO - [2023-03-03T17:15:14.673+0100] {dag.py:2585} INFO - Sync 2 DAGs
[2023-03-03T17:15:14.732+0100] {logging_mixin.py:137} INFO - [2023-03-03T17:15:14.732+0100] {dag.py:3336} INFO - Setting next_dagrun for example_external_task_marker_child to None, run_after=None
[2023-03-03T17:15:14.735+0100] {logging_mixin.py:137} INFO - [2023-03-03T17:15:14.734+0100] {dag.py:3336} INFO - Setting next_dagrun for example_external_task_marker_parent to None, run_after=None
[2023-03-03T17:15:14.752+0100] {processor.py:176} INFO - Processing /Users/uab910/dev/nnam-poc/pyenv/lib/python3.10/site-packages/airflow/example_dags/example_external_task_marker_dag.py took 1.250 seconds
[2023-03-03T17:16:46.517+0100] {processor.py:154} INFO - Started process (PID=60085) to work on /Users/uab910/dev/nnam-poc/pyenv/lib/python3.10/site-packages/airflow/example_dags/example_external_task_marker_dag.py
[2023-03-03T17:16:46.522+0100] {processor.py:756} INFO - Processing file /Users/uab910/dev/nnam-poc/pyenv/lib/python3.10/site-packages/airflow/example_dags/example_external_task_marker_dag.py for tasks to queue
[2023-03-03T17:16:46.522+0100] {logging_mixin.py:137} INFO - [2023-03-03T17:16:46.522+0100] {dagbag.py:537} INFO - Filling up the DagBag from /Users/uab910/dev/nnam-poc/pyenv/lib/python3.10/site-packages/airflow/example_dags/example_external_task_marker_dag.py
[2023-03-03T17:16:46.554+0100] {processor.py:766} INFO - DAG(s) dict_keys(['example_external_task_marker_parent', 'example_external_task_marker_child']) retrieved from /Users/uab910/dev/nnam-poc/pyenv/lib/python3.10/site-packages/airflow/example_dags/example_external_task_marker_dag.py
[2023-03-03T17:16:47.859+0100] {logging_mixin.py:137} INFO - [2023-03-03T17:16:47.859+0100] {dag.py:2585} INFO - Sync 2 DAGs
[2023-03-03T17:16:47.908+0100] {logging_mixin.py:137} INFO - [2023-03-03T17:16:47.907+0100] {dag.py:3336} INFO - Setting next_dagrun for example_external_task_marker_child to None, run_after=None
[2023-03-03T17:16:47.909+0100] {logging_mixin.py:137} INFO - [2023-03-03T17:16:47.909+0100] {dag.py:3336} INFO - Setting next_dagrun for example_external_task_marker_parent to None, run_after=None
[2023-03-03T17:16:47.923+0100] {processor.py:176} INFO - Processing /Users/uab910/dev/nnam-poc/pyenv/lib/python3.10/site-packages/airflow/example_dags/example_external_task_marker_dag.py took 1.406 seconds
[2023-03-03T17:18:14.682+0100] {processor.py:154} INFO - Started process (PID=60136) to work on /Users/uab910/dev/nnam-poc/pyenv/lib/python3.10/site-packages/airflow/example_dags/example_external_task_marker_dag.py
[2023-03-03T17:18:14.687+0100] {processor.py:756} INFO - Processing file /Users/uab910/dev/nnam-poc/pyenv/lib/python3.10/site-packages/airflow/example_dags/example_external_task_marker_dag.py for tasks to queue
[2023-03-03T17:18:14.688+0100] {logging_mixin.py:137} INFO - [2023-03-03T17:18:14.688+0100] {dagbag.py:537} INFO - Filling up the DagBag from /Users/uab910/dev/nnam-poc/pyenv/lib/python3.10/site-packages/airflow/example_dags/example_external_task_marker_dag.py
[2023-03-03T17:18:14.717+0100] {processor.py:766} INFO - DAG(s) dict_keys(['example_external_task_marker_child', 'example_external_task_marker_parent']) retrieved from /Users/uab910/dev/nnam-poc/pyenv/lib/python3.10/site-packages/airflow/example_dags/example_external_task_marker_dag.py
[2023-03-03T17:18:16.022+0100] {logging_mixin.py:137} INFO - [2023-03-03T17:18:16.021+0100] {dag.py:2585} INFO - Sync 2 DAGs
[2023-03-03T17:18:16.073+0100] {logging_mixin.py:137} INFO - [2023-03-03T17:18:16.073+0100] {dag.py:3336} INFO - Setting next_dagrun for example_external_task_marker_child to None, run_after=None
[2023-03-03T17:18:16.075+0100] {logging_mixin.py:137} INFO - [2023-03-03T17:18:16.075+0100] {dag.py:3336} INFO - Setting next_dagrun for example_external_task_marker_parent to None, run_after=None
[2023-03-03T17:18:16.089+0100] {processor.py:176} INFO - Processing /Users/uab910/dev/nnam-poc/pyenv/lib/python3.10/site-packages/airflow/example_dags/example_external_task_marker_dag.py took 1.408 seconds
