[2023-03-03T16:00:39.128+0100] {processor.py:154} INFO - Started process (PID=57120) to work on /Users/uab910/dev/nnam-poc/pyenv/lib/python3.10/site-packages/airflow/example_dags/example_time_delta_sensor_async.py
[2023-03-03T16:00:39.134+0100] {processor.py:756} INFO - Processing file /Users/uab910/dev/nnam-poc/pyenv/lib/python3.10/site-packages/airflow/example_dags/example_time_delta_sensor_async.py for tasks to queue
[2023-03-03T16:00:39.134+0100] {logging_mixin.py:137} INFO - [2023-03-03T16:00:39.134+0100] {dagbag.py:537} INFO - Filling up the DagBag from /Users/uab910/dev/nnam-poc/pyenv/lib/python3.10/site-packages/airflow/example_dags/example_time_delta_sensor_async.py
[2023-03-03T16:00:39.168+0100] {processor.py:766} INFO - DAG(s) dict_keys(['example_time_delta_sensor_async']) retrieved from /Users/uab910/dev/nnam-poc/pyenv/lib/python3.10/site-packages/airflow/example_dags/example_time_delta_sensor_async.py
[2023-03-03T16:00:40.525+0100] {logging_mixin.py:137} INFO - [2023-03-03T16:00:40.524+0100] {manager.py:507} INFO - Created Permission View: can read on DAG:example_time_delta_sensor_async
[2023-03-03T16:00:40.533+0100] {logging_mixin.py:137} INFO - [2023-03-03T16:00:40.532+0100] {manager.py:507} INFO - Created Permission View: can delete on DAG:example_time_delta_sensor_async
[2023-03-03T16:00:40.539+0100] {logging_mixin.py:137} INFO - [2023-03-03T16:00:40.539+0100] {manager.py:507} INFO - Created Permission View: can edit on DAG:example_time_delta_sensor_async
[2023-03-03T16:00:40.539+0100] {logging_mixin.py:137} INFO - [2023-03-03T16:00:40.539+0100] {dag.py:2585} INFO - Sync 1 DAGs
[2023-03-03T16:00:40.549+0100] {logging_mixin.py:137} INFO - [2023-03-03T16:00:40.548+0100] {dag.py:2606} INFO - Creating ORM DAG for example_time_delta_sensor_async
[2023-03-03T16:00:40.556+0100] {logging_mixin.py:137} INFO - [2023-03-03T16:00:40.556+0100] {dag.py:3336} INFO - Setting next_dagrun for example_time_delta_sensor_async to None, run_after=None
[2023-03-03T16:00:40.574+0100] {processor.py:176} INFO - Processing /Users/uab910/dev/nnam-poc/pyenv/lib/python3.10/site-packages/airflow/example_dags/example_time_delta_sensor_async.py took 1.447 seconds
[2023-03-03T16:02:56.017+0100] {processor.py:154} INFO - Started process (PID=57228) to work on /Users/uab910/dev/nnam-poc/pyenv/lib/python3.10/site-packages/airflow/example_dags/example_time_delta_sensor_async.py
[2023-03-03T16:02:56.023+0100] {processor.py:756} INFO - Processing file /Users/uab910/dev/nnam-poc/pyenv/lib/python3.10/site-packages/airflow/example_dags/example_time_delta_sensor_async.py for tasks to queue
[2023-03-03T16:02:56.023+0100] {logging_mixin.py:137} INFO - [2023-03-03T16:02:56.023+0100] {dagbag.py:537} INFO - Filling up the DagBag from /Users/uab910/dev/nnam-poc/pyenv/lib/python3.10/site-packages/airflow/example_dags/example_time_delta_sensor_async.py
[2023-03-03T16:02:56.060+0100] {processor.py:766} INFO - DAG(s) dict_keys(['example_time_delta_sensor_async']) retrieved from /Users/uab910/dev/nnam-poc/pyenv/lib/python3.10/site-packages/airflow/example_dags/example_time_delta_sensor_async.py
[2023-03-03T16:02:56.102+0100] {logging_mixin.py:137} INFO - [2023-03-03T16:02:56.101+0100] {dag.py:2585} INFO - Sync 1 DAGs
[2023-03-03T16:02:56.213+0100] {logging_mixin.py:137} INFO - [2023-03-03T16:02:56.213+0100] {dag.py:3336} INFO - Setting next_dagrun for example_time_delta_sensor_async to None, run_after=None
[2023-03-03T16:02:56.227+0100] {processor.py:176} INFO - Processing /Users/uab910/dev/nnam-poc/pyenv/lib/python3.10/site-packages/airflow/example_dags/example_time_delta_sensor_async.py took 0.211 seconds
[2023-03-03T16:04:12.106+0100] {processor.py:154} INFO - Started process (PID=57285) to work on /Users/uab910/dev/nnam-poc/pyenv/lib/python3.10/site-packages/airflow/example_dags/example_time_delta_sensor_async.py
[2023-03-03T16:04:12.111+0100] {processor.py:756} INFO - Processing file /Users/uab910/dev/nnam-poc/pyenv/lib/python3.10/site-packages/airflow/example_dags/example_time_delta_sensor_async.py for tasks to queue
[2023-03-03T16:04:12.111+0100] {logging_mixin.py:137} INFO - [2023-03-03T16:04:12.111+0100] {dagbag.py:537} INFO - Filling up the DagBag from /Users/uab910/dev/nnam-poc/pyenv/lib/python3.10/site-packages/airflow/example_dags/example_time_delta_sensor_async.py
[2023-03-03T16:04:12.144+0100] {processor.py:766} INFO - DAG(s) dict_keys(['example_time_delta_sensor_async']) retrieved from /Users/uab910/dev/nnam-poc/pyenv/lib/python3.10/site-packages/airflow/example_dags/example_time_delta_sensor_async.py
[2023-03-03T16:04:12.445+0100] {logging_mixin.py:137} INFO - [2023-03-03T16:04:12.444+0100] {dag.py:2585} INFO - Sync 1 DAGs
[2023-03-03T16:04:12.460+0100] {logging_mixin.py:137} INFO - [2023-03-03T16:04:12.460+0100] {dag.py:3336} INFO - Setting next_dagrun for example_time_delta_sensor_async to None, run_after=None
[2023-03-03T16:04:12.475+0100] {processor.py:176} INFO - Processing /Users/uab910/dev/nnam-poc/pyenv/lib/python3.10/site-packages/airflow/example_dags/example_time_delta_sensor_async.py took 0.370 seconds
[2023-03-03T16:05:26.396+0100] {processor.py:154} INFO - Started process (PID=57333) to work on /Users/uab910/dev/nnam-poc/pyenv/lib/python3.10/site-packages/airflow/example_dags/example_time_delta_sensor_async.py
[2023-03-03T16:05:26.402+0100] {processor.py:756} INFO - Processing file /Users/uab910/dev/nnam-poc/pyenv/lib/python3.10/site-packages/airflow/example_dags/example_time_delta_sensor_async.py for tasks to queue
[2023-03-03T16:05:26.403+0100] {logging_mixin.py:137} INFO - [2023-03-03T16:05:26.403+0100] {dagbag.py:537} INFO - Filling up the DagBag from /Users/uab910/dev/nnam-poc/pyenv/lib/python3.10/site-packages/airflow/example_dags/example_time_delta_sensor_async.py
[2023-03-03T16:05:26.436+0100] {processor.py:766} INFO - DAG(s) dict_keys(['example_time_delta_sensor_async']) retrieved from /Users/uab910/dev/nnam-poc/pyenv/lib/python3.10/site-packages/airflow/example_dags/example_time_delta_sensor_async.py
[2023-03-03T16:05:26.760+0100] {logging_mixin.py:137} INFO - [2023-03-03T16:05:26.760+0100] {dag.py:2585} INFO - Sync 1 DAGs
[2023-03-03T16:05:26.777+0100] {logging_mixin.py:137} INFO - [2023-03-03T16:05:26.777+0100] {dag.py:3336} INFO - Setting next_dagrun for example_time_delta_sensor_async to None, run_after=None
[2023-03-03T16:05:26.794+0100] {processor.py:176} INFO - Processing /Users/uab910/dev/nnam-poc/pyenv/lib/python3.10/site-packages/airflow/example_dags/example_time_delta_sensor_async.py took 0.399 seconds
[2023-03-03T16:06:45.396+0100] {processor.py:154} INFO - Started process (PID=57380) to work on /Users/uab910/dev/nnam-poc/pyenv/lib/python3.10/site-packages/airflow/example_dags/example_time_delta_sensor_async.py
[2023-03-03T16:06:45.401+0100] {processor.py:756} INFO - Processing file /Users/uab910/dev/nnam-poc/pyenv/lib/python3.10/site-packages/airflow/example_dags/example_time_delta_sensor_async.py for tasks to queue
[2023-03-03T16:06:45.402+0100] {logging_mixin.py:137} INFO - [2023-03-03T16:06:45.401+0100] {dagbag.py:537} INFO - Filling up the DagBag from /Users/uab910/dev/nnam-poc/pyenv/lib/python3.10/site-packages/airflow/example_dags/example_time_delta_sensor_async.py
[2023-03-03T16:06:45.448+0100] {processor.py:766} INFO - DAG(s) dict_keys(['example_time_delta_sensor_async']) retrieved from /Users/uab910/dev/nnam-poc/pyenv/lib/python3.10/site-packages/airflow/example_dags/example_time_delta_sensor_async.py
[2023-03-03T16:06:46.479+0100] {logging_mixin.py:137} INFO - [2023-03-03T16:06:46.478+0100] {dag.py:2585} INFO - Sync 1 DAGs
[2023-03-03T16:06:46.493+0100] {logging_mixin.py:137} INFO - [2023-03-03T16:06:46.493+0100] {dag.py:3336} INFO - Setting next_dagrun for example_time_delta_sensor_async to None, run_after=None
[2023-03-03T16:06:46.508+0100] {processor.py:176} INFO - Processing /Users/uab910/dev/nnam-poc/pyenv/lib/python3.10/site-packages/airflow/example_dags/example_time_delta_sensor_async.py took 1.114 seconds
[2023-03-03T16:08:07.306+0100] {processor.py:154} INFO - Started process (PID=57433) to work on /Users/uab910/dev/nnam-poc/pyenv/lib/python3.10/site-packages/airflow/example_dags/example_time_delta_sensor_async.py
[2023-03-03T16:08:07.311+0100] {processor.py:756} INFO - Processing file /Users/uab910/dev/nnam-poc/pyenv/lib/python3.10/site-packages/airflow/example_dags/example_time_delta_sensor_async.py for tasks to queue
[2023-03-03T16:08:07.311+0100] {logging_mixin.py:137} INFO - [2023-03-03T16:08:07.311+0100] {dagbag.py:537} INFO - Filling up the DagBag from /Users/uab910/dev/nnam-poc/pyenv/lib/python3.10/site-packages/airflow/example_dags/example_time_delta_sensor_async.py
[2023-03-03T16:08:07.344+0100] {processor.py:766} INFO - DAG(s) dict_keys(['example_time_delta_sensor_async']) retrieved from /Users/uab910/dev/nnam-poc/pyenv/lib/python3.10/site-packages/airflow/example_dags/example_time_delta_sensor_async.py
[2023-03-03T16:08:07.646+0100] {logging_mixin.py:137} INFO - [2023-03-03T16:08:07.646+0100] {dag.py:2585} INFO - Sync 1 DAGs
[2023-03-03T16:08:07.660+0100] {logging_mixin.py:137} INFO - [2023-03-03T16:08:07.660+0100] {dag.py:3336} INFO - Setting next_dagrun for example_time_delta_sensor_async to None, run_after=None
[2023-03-03T16:08:07.675+0100] {processor.py:176} INFO - Processing /Users/uab910/dev/nnam-poc/pyenv/lib/python3.10/site-packages/airflow/example_dags/example_time_delta_sensor_async.py took 0.370 seconds
[2023-03-03T16:09:22.972+0100] {processor.py:154} INFO - Started process (PID=57489) to work on /Users/uab910/dev/nnam-poc/pyenv/lib/python3.10/site-packages/airflow/example_dags/example_time_delta_sensor_async.py
[2023-03-03T16:09:22.978+0100] {processor.py:756} INFO - Processing file /Users/uab910/dev/nnam-poc/pyenv/lib/python3.10/site-packages/airflow/example_dags/example_time_delta_sensor_async.py for tasks to queue
[2023-03-03T16:09:22.978+0100] {logging_mixin.py:137} INFO - [2023-03-03T16:09:22.978+0100] {dagbag.py:537} INFO - Filling up the DagBag from /Users/uab910/dev/nnam-poc/pyenv/lib/python3.10/site-packages/airflow/example_dags/example_time_delta_sensor_async.py
[2023-03-03T16:09:23.012+0100] {processor.py:766} INFO - DAG(s) dict_keys(['example_time_delta_sensor_async']) retrieved from /Users/uab910/dev/nnam-poc/pyenv/lib/python3.10/site-packages/airflow/example_dags/example_time_delta_sensor_async.py
[2023-03-03T16:09:23.363+0100] {logging_mixin.py:137} INFO - [2023-03-03T16:09:23.363+0100] {dag.py:2585} INFO - Sync 1 DAGs
[2023-03-03T16:09:23.381+0100] {logging_mixin.py:137} INFO - [2023-03-03T16:09:23.381+0100] {dag.py:3336} INFO - Setting next_dagrun for example_time_delta_sensor_async to None, run_after=None
[2023-03-03T16:09:23.479+0100] {processor.py:176} INFO - Processing /Users/uab910/dev/nnam-poc/pyenv/lib/python3.10/site-packages/airflow/example_dags/example_time_delta_sensor_async.py took 0.508 seconds
[2023-03-03T16:10:40.433+0100] {processor.py:154} INFO - Started process (PID=57529) to work on /Users/uab910/dev/nnam-poc/pyenv/lib/python3.10/site-packages/airflow/example_dags/example_time_delta_sensor_async.py
[2023-03-03T16:10:40.438+0100] {processor.py:756} INFO - Processing file /Users/uab910/dev/nnam-poc/pyenv/lib/python3.10/site-packages/airflow/example_dags/example_time_delta_sensor_async.py for tasks to queue
[2023-03-03T16:10:40.439+0100] {logging_mixin.py:137} INFO - [2023-03-03T16:10:40.439+0100] {dagbag.py:537} INFO - Filling up the DagBag from /Users/uab910/dev/nnam-poc/pyenv/lib/python3.10/site-packages/airflow/example_dags/example_time_delta_sensor_async.py
[2023-03-03T16:10:40.473+0100] {processor.py:766} INFO - DAG(s) dict_keys(['example_time_delta_sensor_async']) retrieved from /Users/uab910/dev/nnam-poc/pyenv/lib/python3.10/site-packages/airflow/example_dags/example_time_delta_sensor_async.py
[2023-03-03T16:10:40.793+0100] {logging_mixin.py:137} INFO - [2023-03-03T16:10:40.793+0100] {dag.py:2585} INFO - Sync 1 DAGs
[2023-03-03T16:10:40.810+0100] {logging_mixin.py:137} INFO - [2023-03-03T16:10:40.810+0100] {dag.py:3336} INFO - Setting next_dagrun for example_time_delta_sensor_async to None, run_after=None
[2023-03-03T16:10:40.829+0100] {processor.py:176} INFO - Processing /Users/uab910/dev/nnam-poc/pyenv/lib/python3.10/site-packages/airflow/example_dags/example_time_delta_sensor_async.py took 0.397 seconds
[2023-03-03T16:11:57.939+0100] {processor.py:154} INFO - Started process (PID=57574) to work on /Users/uab910/dev/nnam-poc/pyenv/lib/python3.10/site-packages/airflow/example_dags/example_time_delta_sensor_async.py
[2023-03-03T16:11:57.945+0100] {processor.py:756} INFO - Processing file /Users/uab910/dev/nnam-poc/pyenv/lib/python3.10/site-packages/airflow/example_dags/example_time_delta_sensor_async.py for tasks to queue
[2023-03-03T16:11:57.946+0100] {logging_mixin.py:137} INFO - [2023-03-03T16:11:57.946+0100] {dagbag.py:537} INFO - Filling up the DagBag from /Users/uab910/dev/nnam-poc/pyenv/lib/python3.10/site-packages/airflow/example_dags/example_time_delta_sensor_async.py
[2023-03-03T16:11:57.983+0100] {processor.py:766} INFO - DAG(s) dict_keys(['example_time_delta_sensor_async']) retrieved from /Users/uab910/dev/nnam-poc/pyenv/lib/python3.10/site-packages/airflow/example_dags/example_time_delta_sensor_async.py
[2023-03-03T16:11:58.316+0100] {logging_mixin.py:137} INFO - [2023-03-03T16:11:58.316+0100] {dag.py:2585} INFO - Sync 1 DAGs
[2023-03-03T16:11:58.331+0100] {logging_mixin.py:137} INFO - [2023-03-03T16:11:58.330+0100] {dag.py:3336} INFO - Setting next_dagrun for example_time_delta_sensor_async to None, run_after=None
[2023-03-03T16:11:58.346+0100] {processor.py:176} INFO - Processing /Users/uab910/dev/nnam-poc/pyenv/lib/python3.10/site-packages/airflow/example_dags/example_time_delta_sensor_async.py took 0.408 seconds
[2023-03-03T16:13:11.552+0100] {processor.py:154} INFO - Started process (PID=57613) to work on /Users/uab910/dev/nnam-poc/pyenv/lib/python3.10/site-packages/airflow/example_dags/example_time_delta_sensor_async.py
[2023-03-03T16:13:11.558+0100] {processor.py:756} INFO - Processing file /Users/uab910/dev/nnam-poc/pyenv/lib/python3.10/site-packages/airflow/example_dags/example_time_delta_sensor_async.py for tasks to queue
[2023-03-03T16:13:11.559+0100] {logging_mixin.py:137} INFO - [2023-03-03T16:13:11.558+0100] {dagbag.py:537} INFO - Filling up the DagBag from /Users/uab910/dev/nnam-poc/pyenv/lib/python3.10/site-packages/airflow/example_dags/example_time_delta_sensor_async.py
[2023-03-03T16:13:11.592+0100] {processor.py:766} INFO - DAG(s) dict_keys(['example_time_delta_sensor_async']) retrieved from /Users/uab910/dev/nnam-poc/pyenv/lib/python3.10/site-packages/airflow/example_dags/example_time_delta_sensor_async.py
[2023-03-03T16:13:11.951+0100] {logging_mixin.py:137} INFO - [2023-03-03T16:13:11.951+0100] {dag.py:2585} INFO - Sync 1 DAGs
[2023-03-03T16:13:11.970+0100] {logging_mixin.py:137} INFO - [2023-03-03T16:13:11.970+0100] {dag.py:3336} INFO - Setting next_dagrun for example_time_delta_sensor_async to None, run_after=None
[2023-03-03T16:13:11.991+0100] {processor.py:176} INFO - Processing /Users/uab910/dev/nnam-poc/pyenv/lib/python3.10/site-packages/airflow/example_dags/example_time_delta_sensor_async.py took 0.441 seconds
[2023-03-03T16:14:26.999+0100] {processor.py:154} INFO - Started process (PID=57674) to work on /Users/uab910/dev/nnam-poc/pyenv/lib/python3.10/site-packages/airflow/example_dags/example_time_delta_sensor_async.py
[2023-03-03T16:14:27.003+0100] {processor.py:756} INFO - Processing file /Users/uab910/dev/nnam-poc/pyenv/lib/python3.10/site-packages/airflow/example_dags/example_time_delta_sensor_async.py for tasks to queue
[2023-03-03T16:14:27.003+0100] {logging_mixin.py:137} INFO - [2023-03-03T16:14:27.003+0100] {dagbag.py:537} INFO - Filling up the DagBag from /Users/uab910/dev/nnam-poc/pyenv/lib/python3.10/site-packages/airflow/example_dags/example_time_delta_sensor_async.py
[2023-03-03T16:14:27.041+0100] {processor.py:766} INFO - DAG(s) dict_keys(['example_time_delta_sensor_async']) retrieved from /Users/uab910/dev/nnam-poc/pyenv/lib/python3.10/site-packages/airflow/example_dags/example_time_delta_sensor_async.py
[2023-03-03T16:14:27.298+0100] {logging_mixin.py:137} INFO - [2023-03-03T16:14:27.297+0100] {dag.py:2585} INFO - Sync 1 DAGs
[2023-03-03T16:14:27.313+0100] {logging_mixin.py:137} INFO - [2023-03-03T16:14:27.313+0100] {dag.py:3336} INFO - Setting next_dagrun for example_time_delta_sensor_async to None, run_after=None
[2023-03-03T16:14:27.328+0100] {processor.py:176} INFO - Processing /Users/uab910/dev/nnam-poc/pyenv/lib/python3.10/site-packages/airflow/example_dags/example_time_delta_sensor_async.py took 0.330 seconds
[2023-03-03T16:15:44.820+0100] {processor.py:154} INFO - Started process (PID=57737) to work on /Users/uab910/dev/nnam-poc/pyenv/lib/python3.10/site-packages/airflow/example_dags/example_time_delta_sensor_async.py
[2023-03-03T16:15:44.826+0100] {processor.py:756} INFO - Processing file /Users/uab910/dev/nnam-poc/pyenv/lib/python3.10/site-packages/airflow/example_dags/example_time_delta_sensor_async.py for tasks to queue
[2023-03-03T16:15:44.826+0100] {logging_mixin.py:137} INFO - [2023-03-03T16:15:44.826+0100] {dagbag.py:537} INFO - Filling up the DagBag from /Users/uab910/dev/nnam-poc/pyenv/lib/python3.10/site-packages/airflow/example_dags/example_time_delta_sensor_async.py
[2023-03-03T16:15:44.859+0100] {processor.py:766} INFO - DAG(s) dict_keys(['example_time_delta_sensor_async']) retrieved from /Users/uab910/dev/nnam-poc/pyenv/lib/python3.10/site-packages/airflow/example_dags/example_time_delta_sensor_async.py
[2023-03-03T16:15:45.182+0100] {logging_mixin.py:137} INFO - [2023-03-03T16:15:45.181+0100] {dag.py:2585} INFO - Sync 1 DAGs
[2023-03-03T16:15:45.195+0100] {logging_mixin.py:137} INFO - [2023-03-03T16:15:45.195+0100] {dag.py:3336} INFO - Setting next_dagrun for example_time_delta_sensor_async to None, run_after=None
[2023-03-03T16:15:45.210+0100] {processor.py:176} INFO - Processing /Users/uab910/dev/nnam-poc/pyenv/lib/python3.10/site-packages/airflow/example_dags/example_time_delta_sensor_async.py took 0.391 seconds
[2023-03-03T16:17:04.099+0100] {processor.py:154} INFO - Started process (PID=57822) to work on /Users/uab910/dev/nnam-poc/pyenv/lib/python3.10/site-packages/airflow/example_dags/example_time_delta_sensor_async.py
[2023-03-03T16:17:04.105+0100] {processor.py:756} INFO - Processing file /Users/uab910/dev/nnam-poc/pyenv/lib/python3.10/site-packages/airflow/example_dags/example_time_delta_sensor_async.py for tasks to queue
[2023-03-03T16:17:04.106+0100] {logging_mixin.py:137} INFO - [2023-03-03T16:17:04.106+0100] {dagbag.py:537} INFO - Filling up the DagBag from /Users/uab910/dev/nnam-poc/pyenv/lib/python3.10/site-packages/airflow/example_dags/example_time_delta_sensor_async.py
[2023-03-03T16:17:04.141+0100] {processor.py:766} INFO - DAG(s) dict_keys(['example_time_delta_sensor_async']) retrieved from /Users/uab910/dev/nnam-poc/pyenv/lib/python3.10/site-packages/airflow/example_dags/example_time_delta_sensor_async.py
[2023-03-03T16:17:04.475+0100] {logging_mixin.py:137} INFO - [2023-03-03T16:17:04.475+0100] {dag.py:2585} INFO - Sync 1 DAGs
[2023-03-03T16:17:04.489+0100] {logging_mixin.py:137} INFO - [2023-03-03T16:17:04.488+0100] {dag.py:3336} INFO - Setting next_dagrun for example_time_delta_sensor_async to None, run_after=None
[2023-03-03T16:17:04.503+0100] {processor.py:176} INFO - Processing /Users/uab910/dev/nnam-poc/pyenv/lib/python3.10/site-packages/airflow/example_dags/example_time_delta_sensor_async.py took 0.404 seconds
[2023-03-03T16:18:23.083+0100] {processor.py:154} INFO - Started process (PID=57873) to work on /Users/uab910/dev/nnam-poc/pyenv/lib/python3.10/site-packages/airflow/example_dags/example_time_delta_sensor_async.py
[2023-03-03T16:18:23.089+0100] {processor.py:756} INFO - Processing file /Users/uab910/dev/nnam-poc/pyenv/lib/python3.10/site-packages/airflow/example_dags/example_time_delta_sensor_async.py for tasks to queue
[2023-03-03T16:18:23.090+0100] {logging_mixin.py:137} INFO - [2023-03-03T16:18:23.090+0100] {dagbag.py:537} INFO - Filling up the DagBag from /Users/uab910/dev/nnam-poc/pyenv/lib/python3.10/site-packages/airflow/example_dags/example_time_delta_sensor_async.py
[2023-03-03T16:18:23.126+0100] {processor.py:766} INFO - DAG(s) dict_keys(['example_time_delta_sensor_async']) retrieved from /Users/uab910/dev/nnam-poc/pyenv/lib/python3.10/site-packages/airflow/example_dags/example_time_delta_sensor_async.py
[2023-03-03T16:18:23.458+0100] {logging_mixin.py:137} INFO - [2023-03-03T16:18:23.458+0100] {dag.py:2585} INFO - Sync 1 DAGs
[2023-03-03T16:18:23.473+0100] {logging_mixin.py:137} INFO - [2023-03-03T16:18:23.473+0100] {dag.py:3336} INFO - Setting next_dagrun for example_time_delta_sensor_async to None, run_after=None
[2023-03-03T16:18:23.494+0100] {processor.py:176} INFO - Processing /Users/uab910/dev/nnam-poc/pyenv/lib/python3.10/site-packages/airflow/example_dags/example_time_delta_sensor_async.py took 0.411 seconds
[2023-03-03T16:19:40.680+0100] {processor.py:154} INFO - Started process (PID=57933) to work on /Users/uab910/dev/nnam-poc/pyenv/lib/python3.10/site-packages/airflow/example_dags/example_time_delta_sensor_async.py
[2023-03-03T16:19:40.684+0100] {processor.py:756} INFO - Processing file /Users/uab910/dev/nnam-poc/pyenv/lib/python3.10/site-packages/airflow/example_dags/example_time_delta_sensor_async.py for tasks to queue
[2023-03-03T16:19:40.685+0100] {logging_mixin.py:137} INFO - [2023-03-03T16:19:40.685+0100] {dagbag.py:537} INFO - Filling up the DagBag from /Users/uab910/dev/nnam-poc/pyenv/lib/python3.10/site-packages/airflow/example_dags/example_time_delta_sensor_async.py
[2023-03-03T16:19:40.717+0100] {processor.py:766} INFO - DAG(s) dict_keys(['example_time_delta_sensor_async']) retrieved from /Users/uab910/dev/nnam-poc/pyenv/lib/python3.10/site-packages/airflow/example_dags/example_time_delta_sensor_async.py
[2023-03-03T16:19:41.037+0100] {logging_mixin.py:137} INFO - [2023-03-03T16:19:41.037+0100] {dag.py:2585} INFO - Sync 1 DAGs
[2023-03-03T16:19:41.050+0100] {logging_mixin.py:137} INFO - [2023-03-03T16:19:41.050+0100] {dag.py:3336} INFO - Setting next_dagrun for example_time_delta_sensor_async to None, run_after=None
[2023-03-03T16:19:41.064+0100] {processor.py:176} INFO - Processing /Users/uab910/dev/nnam-poc/pyenv/lib/python3.10/site-packages/airflow/example_dags/example_time_delta_sensor_async.py took 0.385 seconds
[2023-03-03T16:20:56.944+0100] {processor.py:154} INFO - Started process (PID=58017) to work on /Users/uab910/dev/nnam-poc/pyenv/lib/python3.10/site-packages/airflow/example_dags/example_time_delta_sensor_async.py
[2023-03-03T16:20:56.948+0100] {processor.py:756} INFO - Processing file /Users/uab910/dev/nnam-poc/pyenv/lib/python3.10/site-packages/airflow/example_dags/example_time_delta_sensor_async.py for tasks to queue
[2023-03-03T16:20:56.948+0100] {logging_mixin.py:137} INFO - [2023-03-03T16:20:56.948+0100] {dagbag.py:537} INFO - Filling up the DagBag from /Users/uab910/dev/nnam-poc/pyenv/lib/python3.10/site-packages/airflow/example_dags/example_time_delta_sensor_async.py
[2023-03-03T16:20:56.978+0100] {processor.py:766} INFO - DAG(s) dict_keys(['example_time_delta_sensor_async']) retrieved from /Users/uab910/dev/nnam-poc/pyenv/lib/python3.10/site-packages/airflow/example_dags/example_time_delta_sensor_async.py
[2023-03-03T16:20:57.253+0100] {logging_mixin.py:137} INFO - [2023-03-03T16:20:57.253+0100] {dag.py:2585} INFO - Sync 1 DAGs
[2023-03-03T16:20:57.267+0100] {logging_mixin.py:137} INFO - [2023-03-03T16:20:57.267+0100] {dag.py:3336} INFO - Setting next_dagrun for example_time_delta_sensor_async to None, run_after=None
[2023-03-03T16:20:57.283+0100] {processor.py:176} INFO - Processing /Users/uab910/dev/nnam-poc/pyenv/lib/python3.10/site-packages/airflow/example_dags/example_time_delta_sensor_async.py took 0.340 seconds
[2023-03-03T16:22:20.307+0100] {processor.py:154} INFO - Started process (PID=58079) to work on /Users/uab910/dev/nnam-poc/pyenv/lib/python3.10/site-packages/airflow/example_dags/example_time_delta_sensor_async.py
[2023-03-03T16:22:20.313+0100] {processor.py:756} INFO - Processing file /Users/uab910/dev/nnam-poc/pyenv/lib/python3.10/site-packages/airflow/example_dags/example_time_delta_sensor_async.py for tasks to queue
[2023-03-03T16:22:20.313+0100] {logging_mixin.py:137} INFO - [2023-03-03T16:22:20.313+0100] {dagbag.py:537} INFO - Filling up the DagBag from /Users/uab910/dev/nnam-poc/pyenv/lib/python3.10/site-packages/airflow/example_dags/example_time_delta_sensor_async.py
[2023-03-03T16:22:20.361+0100] {processor.py:766} INFO - DAG(s) dict_keys(['example_time_delta_sensor_async']) retrieved from /Users/uab910/dev/nnam-poc/pyenv/lib/python3.10/site-packages/airflow/example_dags/example_time_delta_sensor_async.py
[2023-03-03T16:22:20.611+0100] {logging_mixin.py:137} INFO - [2023-03-03T16:22:20.611+0100] {dag.py:2585} INFO - Sync 1 DAGs
[2023-03-03T16:22:20.624+0100] {logging_mixin.py:137} INFO - [2023-03-03T16:22:20.624+0100] {dag.py:3336} INFO - Setting next_dagrun for example_time_delta_sensor_async to None, run_after=None
[2023-03-03T16:22:20.643+0100] {processor.py:176} INFO - Processing /Users/uab910/dev/nnam-poc/pyenv/lib/python3.10/site-packages/airflow/example_dags/example_time_delta_sensor_async.py took 0.336 seconds
[2023-03-03T16:23:35.389+0100] {processor.py:154} INFO - Started process (PID=58145) to work on /Users/uab910/dev/nnam-poc/pyenv/lib/python3.10/site-packages/airflow/example_dags/example_time_delta_sensor_async.py
[2023-03-03T16:23:35.393+0100] {processor.py:756} INFO - Processing file /Users/uab910/dev/nnam-poc/pyenv/lib/python3.10/site-packages/airflow/example_dags/example_time_delta_sensor_async.py for tasks to queue
[2023-03-03T16:23:35.394+0100] {logging_mixin.py:137} INFO - [2023-03-03T16:23:35.394+0100] {dagbag.py:537} INFO - Filling up the DagBag from /Users/uab910/dev/nnam-poc/pyenv/lib/python3.10/site-packages/airflow/example_dags/example_time_delta_sensor_async.py
[2023-03-03T16:23:35.424+0100] {processor.py:766} INFO - DAG(s) dict_keys(['example_time_delta_sensor_async']) retrieved from /Users/uab910/dev/nnam-poc/pyenv/lib/python3.10/site-packages/airflow/example_dags/example_time_delta_sensor_async.py
[2023-03-03T16:23:35.669+0100] {logging_mixin.py:137} INFO - [2023-03-03T16:23:35.669+0100] {dag.py:2585} INFO - Sync 1 DAGs
[2023-03-03T16:23:35.683+0100] {logging_mixin.py:137} INFO - [2023-03-03T16:23:35.683+0100] {dag.py:3336} INFO - Setting next_dagrun for example_time_delta_sensor_async to None, run_after=None
[2023-03-03T16:23:35.698+0100] {processor.py:176} INFO - Processing /Users/uab910/dev/nnam-poc/pyenv/lib/python3.10/site-packages/airflow/example_dags/example_time_delta_sensor_async.py took 0.310 seconds
[2023-03-03T16:24:52.137+0100] {processor.py:154} INFO - Started process (PID=58207) to work on /Users/uab910/dev/nnam-poc/pyenv/lib/python3.10/site-packages/airflow/example_dags/example_time_delta_sensor_async.py
[2023-03-03T16:24:52.142+0100] {processor.py:756} INFO - Processing file /Users/uab910/dev/nnam-poc/pyenv/lib/python3.10/site-packages/airflow/example_dags/example_time_delta_sensor_async.py for tasks to queue
[2023-03-03T16:24:52.142+0100] {logging_mixin.py:137} INFO - [2023-03-03T16:24:52.142+0100] {dagbag.py:537} INFO - Filling up the DagBag from /Users/uab910/dev/nnam-poc/pyenv/lib/python3.10/site-packages/airflow/example_dags/example_time_delta_sensor_async.py
[2023-03-03T16:24:52.171+0100] {processor.py:766} INFO - DAG(s) dict_keys(['example_time_delta_sensor_async']) retrieved from /Users/uab910/dev/nnam-poc/pyenv/lib/python3.10/site-packages/airflow/example_dags/example_time_delta_sensor_async.py
[2023-03-03T16:24:52.422+0100] {logging_mixin.py:137} INFO - [2023-03-03T16:24:52.422+0100] {dag.py:2585} INFO - Sync 1 DAGs
[2023-03-03T16:24:52.436+0100] {logging_mixin.py:137} INFO - [2023-03-03T16:24:52.436+0100] {dag.py:3336} INFO - Setting next_dagrun for example_time_delta_sensor_async to None, run_after=None
[2023-03-03T16:24:52.452+0100] {processor.py:176} INFO - Processing /Users/uab910/dev/nnam-poc/pyenv/lib/python3.10/site-packages/airflow/example_dags/example_time_delta_sensor_async.py took 0.315 seconds
[2023-03-03T16:26:07.051+0100] {processor.py:154} INFO - Started process (PID=58246) to work on /Users/uab910/dev/nnam-poc/pyenv/lib/python3.10/site-packages/airflow/example_dags/example_time_delta_sensor_async.py
[2023-03-03T16:26:07.056+0100] {processor.py:756} INFO - Processing file /Users/uab910/dev/nnam-poc/pyenv/lib/python3.10/site-packages/airflow/example_dags/example_time_delta_sensor_async.py for tasks to queue
[2023-03-03T16:26:07.056+0100] {logging_mixin.py:137} INFO - [2023-03-03T16:26:07.056+0100] {dagbag.py:537} INFO - Filling up the DagBag from /Users/uab910/dev/nnam-poc/pyenv/lib/python3.10/site-packages/airflow/example_dags/example_time_delta_sensor_async.py
[2023-03-03T16:26:07.086+0100] {processor.py:766} INFO - DAG(s) dict_keys(['example_time_delta_sensor_async']) retrieved from /Users/uab910/dev/nnam-poc/pyenv/lib/python3.10/site-packages/airflow/example_dags/example_time_delta_sensor_async.py
[2023-03-03T16:26:07.333+0100] {logging_mixin.py:137} INFO - [2023-03-03T16:26:07.333+0100] {dag.py:2585} INFO - Sync 1 DAGs
[2023-03-03T16:26:07.347+0100] {logging_mixin.py:137} INFO - [2023-03-03T16:26:07.347+0100] {dag.py:3336} INFO - Setting next_dagrun for example_time_delta_sensor_async to None, run_after=None
[2023-03-03T16:26:07.362+0100] {processor.py:176} INFO - Processing /Users/uab910/dev/nnam-poc/pyenv/lib/python3.10/site-packages/airflow/example_dags/example_time_delta_sensor_async.py took 0.312 seconds
[2023-03-03T16:27:20.865+0100] {processor.py:154} INFO - Started process (PID=58295) to work on /Users/uab910/dev/nnam-poc/pyenv/lib/python3.10/site-packages/airflow/example_dags/example_time_delta_sensor_async.py
[2023-03-03T16:27:20.872+0100] {processor.py:756} INFO - Processing file /Users/uab910/dev/nnam-poc/pyenv/lib/python3.10/site-packages/airflow/example_dags/example_time_delta_sensor_async.py for tasks to queue
[2023-03-03T16:27:20.872+0100] {logging_mixin.py:137} INFO - [2023-03-03T16:27:20.872+0100] {dagbag.py:537} INFO - Filling up the DagBag from /Users/uab910/dev/nnam-poc/pyenv/lib/python3.10/site-packages/airflow/example_dags/example_time_delta_sensor_async.py
[2023-03-03T16:27:20.908+0100] {processor.py:766} INFO - DAG(s) dict_keys(['example_time_delta_sensor_async']) retrieved from /Users/uab910/dev/nnam-poc/pyenv/lib/python3.10/site-packages/airflow/example_dags/example_time_delta_sensor_async.py
[2023-03-03T16:27:21.172+0100] {logging_mixin.py:137} INFO - [2023-03-03T16:27:21.172+0100] {dag.py:2585} INFO - Sync 1 DAGs
[2023-03-03T16:27:21.187+0100] {logging_mixin.py:137} INFO - [2023-03-03T16:27:21.187+0100] {dag.py:3336} INFO - Setting next_dagrun for example_time_delta_sensor_async to None, run_after=None
[2023-03-03T16:27:21.201+0100] {processor.py:176} INFO - Processing /Users/uab910/dev/nnam-poc/pyenv/lib/python3.10/site-packages/airflow/example_dags/example_time_delta_sensor_async.py took 0.336 seconds
[2023-03-03T16:28:35.701+0100] {processor.py:154} INFO - Started process (PID=58333) to work on /Users/uab910/dev/nnam-poc/pyenv/lib/python3.10/site-packages/airflow/example_dags/example_time_delta_sensor_async.py
[2023-03-03T16:28:35.706+0100] {processor.py:756} INFO - Processing file /Users/uab910/dev/nnam-poc/pyenv/lib/python3.10/site-packages/airflow/example_dags/example_time_delta_sensor_async.py for tasks to queue
[2023-03-03T16:28:35.706+0100] {logging_mixin.py:137} INFO - [2023-03-03T16:28:35.706+0100] {dagbag.py:537} INFO - Filling up the DagBag from /Users/uab910/dev/nnam-poc/pyenv/lib/python3.10/site-packages/airflow/example_dags/example_time_delta_sensor_async.py
[2023-03-03T16:28:35.741+0100] {processor.py:766} INFO - DAG(s) dict_keys(['example_time_delta_sensor_async']) retrieved from /Users/uab910/dev/nnam-poc/pyenv/lib/python3.10/site-packages/airflow/example_dags/example_time_delta_sensor_async.py
[2023-03-03T16:28:36.004+0100] {logging_mixin.py:137} INFO - [2023-03-03T16:28:36.004+0100] {dag.py:2585} INFO - Sync 1 DAGs
[2023-03-03T16:28:36.021+0100] {logging_mixin.py:137} INFO - [2023-03-03T16:28:36.021+0100] {dag.py:3336} INFO - Setting next_dagrun for example_time_delta_sensor_async to None, run_after=None
[2023-03-03T16:28:36.039+0100] {processor.py:176} INFO - Processing /Users/uab910/dev/nnam-poc/pyenv/lib/python3.10/site-packages/airflow/example_dags/example_time_delta_sensor_async.py took 0.339 seconds
[2023-03-03T16:29:52.752+0100] {processor.py:154} INFO - Started process (PID=58379) to work on /Users/uab910/dev/nnam-poc/pyenv/lib/python3.10/site-packages/airflow/example_dags/example_time_delta_sensor_async.py
[2023-03-03T16:29:52.757+0100] {processor.py:756} INFO - Processing file /Users/uab910/dev/nnam-poc/pyenv/lib/python3.10/site-packages/airflow/example_dags/example_time_delta_sensor_async.py for tasks to queue
[2023-03-03T16:29:52.758+0100] {logging_mixin.py:137} INFO - [2023-03-03T16:29:52.757+0100] {dagbag.py:537} INFO - Filling up the DagBag from /Users/uab910/dev/nnam-poc/pyenv/lib/python3.10/site-packages/airflow/example_dags/example_time_delta_sensor_async.py
[2023-03-03T16:29:52.787+0100] {processor.py:766} INFO - DAG(s) dict_keys(['example_time_delta_sensor_async']) retrieved from /Users/uab910/dev/nnam-poc/pyenv/lib/python3.10/site-packages/airflow/example_dags/example_time_delta_sensor_async.py
[2023-03-03T16:29:53.057+0100] {logging_mixin.py:137} INFO - [2023-03-03T16:29:53.057+0100] {dag.py:2585} INFO - Sync 1 DAGs
[2023-03-03T16:29:53.071+0100] {logging_mixin.py:137} INFO - [2023-03-03T16:29:53.071+0100] {dag.py:3336} INFO - Setting next_dagrun for example_time_delta_sensor_async to None, run_after=None
[2023-03-03T16:29:53.087+0100] {processor.py:176} INFO - Processing /Users/uab910/dev/nnam-poc/pyenv/lib/python3.10/site-packages/airflow/example_dags/example_time_delta_sensor_async.py took 0.335 seconds
[2023-03-03T16:31:08.892+0100] {processor.py:154} INFO - Started process (PID=58423) to work on /Users/uab910/dev/nnam-poc/pyenv/lib/python3.10/site-packages/airflow/example_dags/example_time_delta_sensor_async.py
[2023-03-03T16:31:08.898+0100] {processor.py:756} INFO - Processing file /Users/uab910/dev/nnam-poc/pyenv/lib/python3.10/site-packages/airflow/example_dags/example_time_delta_sensor_async.py for tasks to queue
[2023-03-03T16:31:08.899+0100] {logging_mixin.py:137} INFO - [2023-03-03T16:31:08.899+0100] {dagbag.py:537} INFO - Filling up the DagBag from /Users/uab910/dev/nnam-poc/pyenv/lib/python3.10/site-packages/airflow/example_dags/example_time_delta_sensor_async.py
[2023-03-03T16:31:08.933+0100] {processor.py:766} INFO - DAG(s) dict_keys(['example_time_delta_sensor_async']) retrieved from /Users/uab910/dev/nnam-poc/pyenv/lib/python3.10/site-packages/airflow/example_dags/example_time_delta_sensor_async.py
[2023-03-03T16:31:09.268+0100] {logging_mixin.py:137} INFO - [2023-03-03T16:31:09.268+0100] {dag.py:2585} INFO - Sync 1 DAGs
[2023-03-03T16:31:09.283+0100] {logging_mixin.py:137} INFO - [2023-03-03T16:31:09.282+0100] {dag.py:3336} INFO - Setting next_dagrun for example_time_delta_sensor_async to None, run_after=None
[2023-03-03T16:31:09.298+0100] {processor.py:176} INFO - Processing /Users/uab910/dev/nnam-poc/pyenv/lib/python3.10/site-packages/airflow/example_dags/example_time_delta_sensor_async.py took 0.406 seconds
[2023-03-03T16:32:25.522+0100] {processor.py:154} INFO - Started process (PID=58459) to work on /Users/uab910/dev/nnam-poc/pyenv/lib/python3.10/site-packages/airflow/example_dags/example_time_delta_sensor_async.py
[2023-03-03T16:32:25.527+0100] {processor.py:756} INFO - Processing file /Users/uab910/dev/nnam-poc/pyenv/lib/python3.10/site-packages/airflow/example_dags/example_time_delta_sensor_async.py for tasks to queue
[2023-03-03T16:32:25.527+0100] {logging_mixin.py:137} INFO - [2023-03-03T16:32:25.527+0100] {dagbag.py:537} INFO - Filling up the DagBag from /Users/uab910/dev/nnam-poc/pyenv/lib/python3.10/site-packages/airflow/example_dags/example_time_delta_sensor_async.py
[2023-03-03T16:32:25.554+0100] {processor.py:766} INFO - DAG(s) dict_keys(['example_time_delta_sensor_async']) retrieved from /Users/uab910/dev/nnam-poc/pyenv/lib/python3.10/site-packages/airflow/example_dags/example_time_delta_sensor_async.py
[2023-03-03T16:32:25.818+0100] {logging_mixin.py:137} INFO - [2023-03-03T16:32:25.818+0100] {dag.py:2585} INFO - Sync 1 DAGs
[2023-03-03T16:32:25.833+0100] {logging_mixin.py:137} INFO - [2023-03-03T16:32:25.833+0100] {dag.py:3336} INFO - Setting next_dagrun for example_time_delta_sensor_async to None, run_after=None
[2023-03-03T16:32:25.849+0100] {processor.py:176} INFO - Processing /Users/uab910/dev/nnam-poc/pyenv/lib/python3.10/site-packages/airflow/example_dags/example_time_delta_sensor_async.py took 0.327 seconds
[2023-03-03T16:33:40.940+0100] {processor.py:154} INFO - Started process (PID=58512) to work on /Users/uab910/dev/nnam-poc/pyenv/lib/python3.10/site-packages/airflow/example_dags/example_time_delta_sensor_async.py
[2023-03-03T16:33:40.946+0100] {processor.py:756} INFO - Processing file /Users/uab910/dev/nnam-poc/pyenv/lib/python3.10/site-packages/airflow/example_dags/example_time_delta_sensor_async.py for tasks to queue
[2023-03-03T16:33:40.946+0100] {logging_mixin.py:137} INFO - [2023-03-03T16:33:40.946+0100] {dagbag.py:537} INFO - Filling up the DagBag from /Users/uab910/dev/nnam-poc/pyenv/lib/python3.10/site-packages/airflow/example_dags/example_time_delta_sensor_async.py
[2023-03-03T16:33:40.979+0100] {processor.py:766} INFO - DAG(s) dict_keys(['example_time_delta_sensor_async']) retrieved from /Users/uab910/dev/nnam-poc/pyenv/lib/python3.10/site-packages/airflow/example_dags/example_time_delta_sensor_async.py
[2023-03-03T16:33:41.287+0100] {logging_mixin.py:137} INFO - [2023-03-03T16:33:41.287+0100] {dag.py:2585} INFO - Sync 1 DAGs
[2023-03-03T16:33:41.301+0100] {logging_mixin.py:137} INFO - [2023-03-03T16:33:41.301+0100] {dag.py:3336} INFO - Setting next_dagrun for example_time_delta_sensor_async to None, run_after=None
[2023-03-03T16:33:41.318+0100] {processor.py:176} INFO - Processing /Users/uab910/dev/nnam-poc/pyenv/lib/python3.10/site-packages/airflow/example_dags/example_time_delta_sensor_async.py took 0.379 seconds
[2023-03-03T16:34:58.344+0100] {processor.py:154} INFO - Started process (PID=58565) to work on /Users/uab910/dev/nnam-poc/pyenv/lib/python3.10/site-packages/airflow/example_dags/example_time_delta_sensor_async.py
[2023-03-03T16:34:58.350+0100] {processor.py:756} INFO - Processing file /Users/uab910/dev/nnam-poc/pyenv/lib/python3.10/site-packages/airflow/example_dags/example_time_delta_sensor_async.py for tasks to queue
[2023-03-03T16:34:58.350+0100] {logging_mixin.py:137} INFO - [2023-03-03T16:34:58.350+0100] {dagbag.py:537} INFO - Filling up the DagBag from /Users/uab910/dev/nnam-poc/pyenv/lib/python3.10/site-packages/airflow/example_dags/example_time_delta_sensor_async.py
[2023-03-03T16:34:58.390+0100] {processor.py:766} INFO - DAG(s) dict_keys(['example_time_delta_sensor_async']) retrieved from /Users/uab910/dev/nnam-poc/pyenv/lib/python3.10/site-packages/airflow/example_dags/example_time_delta_sensor_async.py
[2023-03-03T16:34:58.760+0100] {logging_mixin.py:137} INFO - [2023-03-03T16:34:58.759+0100] {dag.py:2585} INFO - Sync 1 DAGs
[2023-03-03T16:34:58.776+0100] {logging_mixin.py:137} INFO - [2023-03-03T16:34:58.776+0100] {dag.py:3336} INFO - Setting next_dagrun for example_time_delta_sensor_async to None, run_after=None
[2023-03-03T16:34:58.794+0100] {processor.py:176} INFO - Processing /Users/uab910/dev/nnam-poc/pyenv/lib/python3.10/site-packages/airflow/example_dags/example_time_delta_sensor_async.py took 0.451 seconds
[2023-03-03T16:36:15.394+0100] {processor.py:154} INFO - Started process (PID=58604) to work on /Users/uab910/dev/nnam-poc/pyenv/lib/python3.10/site-packages/airflow/example_dags/example_time_delta_sensor_async.py
[2023-03-03T16:36:15.401+0100] {processor.py:756} INFO - Processing file /Users/uab910/dev/nnam-poc/pyenv/lib/python3.10/site-packages/airflow/example_dags/example_time_delta_sensor_async.py for tasks to queue
[2023-03-03T16:36:15.402+0100] {logging_mixin.py:137} INFO - [2023-03-03T16:36:15.401+0100] {dagbag.py:537} INFO - Filling up the DagBag from /Users/uab910/dev/nnam-poc/pyenv/lib/python3.10/site-packages/airflow/example_dags/example_time_delta_sensor_async.py
[2023-03-03T16:36:15.441+0100] {processor.py:766} INFO - DAG(s) dict_keys(['example_time_delta_sensor_async']) retrieved from /Users/uab910/dev/nnam-poc/pyenv/lib/python3.10/site-packages/airflow/example_dags/example_time_delta_sensor_async.py
[2023-03-03T16:36:15.804+0100] {logging_mixin.py:137} INFO - [2023-03-03T16:36:15.804+0100] {dag.py:2585} INFO - Sync 1 DAGs
[2023-03-03T16:36:15.822+0100] {logging_mixin.py:137} INFO - [2023-03-03T16:36:15.822+0100] {dag.py:3336} INFO - Setting next_dagrun for example_time_delta_sensor_async to None, run_after=None
[2023-03-03T16:36:15.841+0100] {processor.py:176} INFO - Processing /Users/uab910/dev/nnam-poc/pyenv/lib/python3.10/site-packages/airflow/example_dags/example_time_delta_sensor_async.py took 0.448 seconds
[2023-03-03T16:37:32.457+0100] {processor.py:154} INFO - Started process (PID=58650) to work on /Users/uab910/dev/nnam-poc/pyenv/lib/python3.10/site-packages/airflow/example_dags/example_time_delta_sensor_async.py
[2023-03-03T16:37:32.463+0100] {processor.py:756} INFO - Processing file /Users/uab910/dev/nnam-poc/pyenv/lib/python3.10/site-packages/airflow/example_dags/example_time_delta_sensor_async.py for tasks to queue
[2023-03-03T16:37:32.463+0100] {logging_mixin.py:137} INFO - [2023-03-03T16:37:32.463+0100] {dagbag.py:537} INFO - Filling up the DagBag from /Users/uab910/dev/nnam-poc/pyenv/lib/python3.10/site-packages/airflow/example_dags/example_time_delta_sensor_async.py
[2023-03-03T16:37:32.494+0100] {processor.py:766} INFO - DAG(s) dict_keys(['example_time_delta_sensor_async']) retrieved from /Users/uab910/dev/nnam-poc/pyenv/lib/python3.10/site-packages/airflow/example_dags/example_time_delta_sensor_async.py
[2023-03-03T16:37:32.831+0100] {logging_mixin.py:137} INFO - [2023-03-03T16:37:32.831+0100] {dag.py:2585} INFO - Sync 1 DAGs
[2023-03-03T16:37:32.847+0100] {logging_mixin.py:137} INFO - [2023-03-03T16:37:32.847+0100] {dag.py:3336} INFO - Setting next_dagrun for example_time_delta_sensor_async to None, run_after=None
[2023-03-03T16:37:32.863+0100] {processor.py:176} INFO - Processing /Users/uab910/dev/nnam-poc/pyenv/lib/python3.10/site-packages/airflow/example_dags/example_time_delta_sensor_async.py took 0.407 seconds
[2023-03-03T16:38:50.291+0100] {processor.py:154} INFO - Started process (PID=58691) to work on /Users/uab910/dev/nnam-poc/pyenv/lib/python3.10/site-packages/airflow/example_dags/example_time_delta_sensor_async.py
[2023-03-03T16:38:50.297+0100] {processor.py:756} INFO - Processing file /Users/uab910/dev/nnam-poc/pyenv/lib/python3.10/site-packages/airflow/example_dags/example_time_delta_sensor_async.py for tasks to queue
[2023-03-03T16:38:50.297+0100] {logging_mixin.py:137} INFO - [2023-03-03T16:38:50.297+0100] {dagbag.py:537} INFO - Filling up the DagBag from /Users/uab910/dev/nnam-poc/pyenv/lib/python3.10/site-packages/airflow/example_dags/example_time_delta_sensor_async.py
[2023-03-03T16:38:50.331+0100] {processor.py:766} INFO - DAG(s) dict_keys(['example_time_delta_sensor_async']) retrieved from /Users/uab910/dev/nnam-poc/pyenv/lib/python3.10/site-packages/airflow/example_dags/example_time_delta_sensor_async.py
[2023-03-03T16:38:50.676+0100] {logging_mixin.py:137} INFO - [2023-03-03T16:38:50.676+0100] {dag.py:2585} INFO - Sync 1 DAGs
[2023-03-03T16:38:50.693+0100] {logging_mixin.py:137} INFO - [2023-03-03T16:38:50.693+0100] {dag.py:3336} INFO - Setting next_dagrun for example_time_delta_sensor_async to None, run_after=None
[2023-03-03T16:38:50.711+0100] {processor.py:176} INFO - Processing /Users/uab910/dev/nnam-poc/pyenv/lib/python3.10/site-packages/airflow/example_dags/example_time_delta_sensor_async.py took 0.420 seconds
[2023-03-03T16:40:28.634+0100] {processor.py:154} INFO - Started process (PID=58745) to work on /Users/uab910/dev/nnam-poc/pyenv/lib/python3.10/site-packages/airflow/example_dags/example_time_delta_sensor_async.py
[2023-03-03T16:40:28.639+0100] {processor.py:756} INFO - Processing file /Users/uab910/dev/nnam-poc/pyenv/lib/python3.10/site-packages/airflow/example_dags/example_time_delta_sensor_async.py for tasks to queue
[2023-03-03T16:40:28.640+0100] {logging_mixin.py:137} INFO - [2023-03-03T16:40:28.640+0100] {dagbag.py:537} INFO - Filling up the DagBag from /Users/uab910/dev/nnam-poc/pyenv/lib/python3.10/site-packages/airflow/example_dags/example_time_delta_sensor_async.py
[2023-03-03T16:40:28.676+0100] {processor.py:766} INFO - DAG(s) dict_keys(['example_time_delta_sensor_async']) retrieved from /Users/uab910/dev/nnam-poc/pyenv/lib/python3.10/site-packages/airflow/example_dags/example_time_delta_sensor_async.py
[2023-03-03T16:40:28.996+0100] {logging_mixin.py:137} INFO - [2023-03-03T16:40:28.996+0100] {dag.py:2585} INFO - Sync 1 DAGs
[2023-03-03T16:40:29.012+0100] {logging_mixin.py:137} INFO - [2023-03-03T16:40:29.012+0100] {dag.py:3336} INFO - Setting next_dagrun for example_time_delta_sensor_async to None, run_after=None
[2023-03-03T16:40:29.031+0100] {processor.py:176} INFO - Processing /Users/uab910/dev/nnam-poc/pyenv/lib/python3.10/site-packages/airflow/example_dags/example_time_delta_sensor_async.py took 0.398 seconds
[2023-03-03T16:41:58.690+0100] {processor.py:154} INFO - Started process (PID=58794) to work on /Users/uab910/dev/nnam-poc/pyenv/lib/python3.10/site-packages/airflow/example_dags/example_time_delta_sensor_async.py
[2023-03-03T16:41:58.697+0100] {processor.py:756} INFO - Processing file /Users/uab910/dev/nnam-poc/pyenv/lib/python3.10/site-packages/airflow/example_dags/example_time_delta_sensor_async.py for tasks to queue
[2023-03-03T16:41:58.697+0100] {logging_mixin.py:137} INFO - [2023-03-03T16:41:58.697+0100] {dagbag.py:537} INFO - Filling up the DagBag from /Users/uab910/dev/nnam-poc/pyenv/lib/python3.10/site-packages/airflow/example_dags/example_time_delta_sensor_async.py
[2023-03-03T16:41:58.734+0100] {processor.py:766} INFO - DAG(s) dict_keys(['example_time_delta_sensor_async']) retrieved from /Users/uab910/dev/nnam-poc/pyenv/lib/python3.10/site-packages/airflow/example_dags/example_time_delta_sensor_async.py
[2023-03-03T16:41:59.073+0100] {logging_mixin.py:137} INFO - [2023-03-03T16:41:59.072+0100] {dag.py:2585} INFO - Sync 1 DAGs
[2023-03-03T16:41:59.089+0100] {logging_mixin.py:137} INFO - [2023-03-03T16:41:59.088+0100] {dag.py:3336} INFO - Setting next_dagrun for example_time_delta_sensor_async to None, run_after=None
[2023-03-03T16:41:59.105+0100] {processor.py:176} INFO - Processing /Users/uab910/dev/nnam-poc/pyenv/lib/python3.10/site-packages/airflow/example_dags/example_time_delta_sensor_async.py took 0.415 seconds
[2023-03-03T16:43:31.358+0100] {processor.py:154} INFO - Started process (PID=58840) to work on /Users/uab910/dev/nnam-poc/pyenv/lib/python3.10/site-packages/airflow/example_dags/example_time_delta_sensor_async.py
[2023-03-03T16:43:31.363+0100] {processor.py:756} INFO - Processing file /Users/uab910/dev/nnam-poc/pyenv/lib/python3.10/site-packages/airflow/example_dags/example_time_delta_sensor_async.py for tasks to queue
[2023-03-03T16:43:31.363+0100] {logging_mixin.py:137} INFO - [2023-03-03T16:43:31.363+0100] {dagbag.py:537} INFO - Filling up the DagBag from /Users/uab910/dev/nnam-poc/pyenv/lib/python3.10/site-packages/airflow/example_dags/example_time_delta_sensor_async.py
[2023-03-03T16:43:31.392+0100] {processor.py:766} INFO - DAG(s) dict_keys(['example_time_delta_sensor_async']) retrieved from /Users/uab910/dev/nnam-poc/pyenv/lib/python3.10/site-packages/airflow/example_dags/example_time_delta_sensor_async.py
[2023-03-03T16:43:31.639+0100] {logging_mixin.py:137} INFO - [2023-03-03T16:43:31.639+0100] {dag.py:2585} INFO - Sync 1 DAGs
[2023-03-03T16:43:31.652+0100] {logging_mixin.py:137} INFO - [2023-03-03T16:43:31.652+0100] {dag.py:3336} INFO - Setting next_dagrun for example_time_delta_sensor_async to None, run_after=None
[2023-03-03T16:43:31.665+0100] {processor.py:176} INFO - Processing /Users/uab910/dev/nnam-poc/pyenv/lib/python3.10/site-packages/airflow/example_dags/example_time_delta_sensor_async.py took 0.308 seconds
[2023-03-03T16:45:06.846+0100] {processor.py:154} INFO - Started process (PID=58921) to work on /Users/uab910/dev/nnam-poc/pyenv/lib/python3.10/site-packages/airflow/example_dags/example_time_delta_sensor_async.py
[2023-03-03T16:45:06.851+0100] {processor.py:756} INFO - Processing file /Users/uab910/dev/nnam-poc/pyenv/lib/python3.10/site-packages/airflow/example_dags/example_time_delta_sensor_async.py for tasks to queue
[2023-03-03T16:45:06.851+0100] {logging_mixin.py:137} INFO - [2023-03-03T16:45:06.851+0100] {dagbag.py:537} INFO - Filling up the DagBag from /Users/uab910/dev/nnam-poc/pyenv/lib/python3.10/site-packages/airflow/example_dags/example_time_delta_sensor_async.py
[2023-03-03T16:45:06.885+0100] {processor.py:766} INFO - DAG(s) dict_keys(['example_time_delta_sensor_async']) retrieved from /Users/uab910/dev/nnam-poc/pyenv/lib/python3.10/site-packages/airflow/example_dags/example_time_delta_sensor_async.py
[2023-03-03T16:45:07.187+0100] {logging_mixin.py:137} INFO - [2023-03-03T16:45:07.187+0100] {dag.py:2585} INFO - Sync 1 DAGs
[2023-03-03T16:45:07.202+0100] {logging_mixin.py:137} INFO - [2023-03-03T16:45:07.202+0100] {dag.py:3336} INFO - Setting next_dagrun for example_time_delta_sensor_async to None, run_after=None
[2023-03-03T16:45:07.219+0100] {processor.py:176} INFO - Processing /Users/uab910/dev/nnam-poc/pyenv/lib/python3.10/site-packages/airflow/example_dags/example_time_delta_sensor_async.py took 0.374 seconds
[2023-03-03T16:46:41.617+0100] {processor.py:154} INFO - Started process (PID=58994) to work on /Users/uab910/dev/nnam-poc/pyenv/lib/python3.10/site-packages/airflow/example_dags/example_time_delta_sensor_async.py
[2023-03-03T16:46:41.622+0100] {processor.py:756} INFO - Processing file /Users/uab910/dev/nnam-poc/pyenv/lib/python3.10/site-packages/airflow/example_dags/example_time_delta_sensor_async.py for tasks to queue
[2023-03-03T16:46:41.623+0100] {logging_mixin.py:137} INFO - [2023-03-03T16:46:41.623+0100] {dagbag.py:537} INFO - Filling up the DagBag from /Users/uab910/dev/nnam-poc/pyenv/lib/python3.10/site-packages/airflow/example_dags/example_time_delta_sensor_async.py
[2023-03-03T16:46:41.658+0100] {processor.py:766} INFO - DAG(s) dict_keys(['example_time_delta_sensor_async']) retrieved from /Users/uab910/dev/nnam-poc/pyenv/lib/python3.10/site-packages/airflow/example_dags/example_time_delta_sensor_async.py
[2023-03-03T16:46:41.970+0100] {logging_mixin.py:137} INFO - [2023-03-03T16:46:41.970+0100] {dag.py:2585} INFO - Sync 1 DAGs
[2023-03-03T16:46:41.984+0100] {logging_mixin.py:137} INFO - [2023-03-03T16:46:41.984+0100] {dag.py:3336} INFO - Setting next_dagrun for example_time_delta_sensor_async to None, run_after=None
[2023-03-03T16:46:42.001+0100] {processor.py:176} INFO - Processing /Users/uab910/dev/nnam-poc/pyenv/lib/python3.10/site-packages/airflow/example_dags/example_time_delta_sensor_async.py took 0.385 seconds
[2023-03-03T16:48:11.533+0100] {processor.py:154} INFO - Started process (PID=59050) to work on /Users/uab910/dev/nnam-poc/pyenv/lib/python3.10/site-packages/airflow/example_dags/example_time_delta_sensor_async.py
[2023-03-03T16:48:11.539+0100] {processor.py:756} INFO - Processing file /Users/uab910/dev/nnam-poc/pyenv/lib/python3.10/site-packages/airflow/example_dags/example_time_delta_sensor_async.py for tasks to queue
[2023-03-03T16:48:11.546+0100] {logging_mixin.py:137} INFO - [2023-03-03T16:48:11.546+0100] {dagbag.py:537} INFO - Filling up the DagBag from /Users/uab910/dev/nnam-poc/pyenv/lib/python3.10/site-packages/airflow/example_dags/example_time_delta_sensor_async.py
[2023-03-03T16:48:11.582+0100] {processor.py:766} INFO - DAG(s) dict_keys(['example_time_delta_sensor_async']) retrieved from /Users/uab910/dev/nnam-poc/pyenv/lib/python3.10/site-packages/airflow/example_dags/example_time_delta_sensor_async.py
[2023-03-03T16:48:11.842+0100] {logging_mixin.py:137} INFO - [2023-03-03T16:48:11.842+0100] {dag.py:2585} INFO - Sync 1 DAGs
[2023-03-03T16:48:11.856+0100] {logging_mixin.py:137} INFO - [2023-03-03T16:48:11.856+0100] {dag.py:3336} INFO - Setting next_dagrun for example_time_delta_sensor_async to None, run_after=None
[2023-03-03T16:48:11.870+0100] {processor.py:176} INFO - Processing /Users/uab910/dev/nnam-poc/pyenv/lib/python3.10/site-packages/airflow/example_dags/example_time_delta_sensor_async.py took 0.338 seconds
[2023-03-03T16:49:45.477+0100] {processor.py:154} INFO - Started process (PID=59103) to work on /Users/uab910/dev/nnam-poc/pyenv/lib/python3.10/site-packages/airflow/example_dags/example_time_delta_sensor_async.py
[2023-03-03T16:49:45.482+0100] {processor.py:756} INFO - Processing file /Users/uab910/dev/nnam-poc/pyenv/lib/python3.10/site-packages/airflow/example_dags/example_time_delta_sensor_async.py for tasks to queue
[2023-03-03T16:49:45.483+0100] {logging_mixin.py:137} INFO - [2023-03-03T16:49:45.483+0100] {dagbag.py:537} INFO - Filling up the DagBag from /Users/uab910/dev/nnam-poc/pyenv/lib/python3.10/site-packages/airflow/example_dags/example_time_delta_sensor_async.py
[2023-03-03T16:49:45.517+0100] {processor.py:766} INFO - DAG(s) dict_keys(['example_time_delta_sensor_async']) retrieved from /Users/uab910/dev/nnam-poc/pyenv/lib/python3.10/site-packages/airflow/example_dags/example_time_delta_sensor_async.py
[2023-03-03T16:49:45.787+0100] {logging_mixin.py:137} INFO - [2023-03-03T16:49:45.787+0100] {dag.py:2585} INFO - Sync 1 DAGs
[2023-03-03T16:49:45.803+0100] {logging_mixin.py:137} INFO - [2023-03-03T16:49:45.803+0100] {dag.py:3336} INFO - Setting next_dagrun for example_time_delta_sensor_async to None, run_after=None
[2023-03-03T16:49:45.818+0100] {processor.py:176} INFO - Processing /Users/uab910/dev/nnam-poc/pyenv/lib/python3.10/site-packages/airflow/example_dags/example_time_delta_sensor_async.py took 0.342 seconds
[2023-03-03T16:51:18.448+0100] {processor.py:154} INFO - Started process (PID=59165) to work on /Users/uab910/dev/nnam-poc/pyenv/lib/python3.10/site-packages/airflow/example_dags/example_time_delta_sensor_async.py
[2023-03-03T16:51:18.453+0100] {processor.py:756} INFO - Processing file /Users/uab910/dev/nnam-poc/pyenv/lib/python3.10/site-packages/airflow/example_dags/example_time_delta_sensor_async.py for tasks to queue
[2023-03-03T16:51:18.453+0100] {logging_mixin.py:137} INFO - [2023-03-03T16:51:18.453+0100] {dagbag.py:537} INFO - Filling up the DagBag from /Users/uab910/dev/nnam-poc/pyenv/lib/python3.10/site-packages/airflow/example_dags/example_time_delta_sensor_async.py
[2023-03-03T16:51:18.483+0100] {processor.py:766} INFO - DAG(s) dict_keys(['example_time_delta_sensor_async']) retrieved from /Users/uab910/dev/nnam-poc/pyenv/lib/python3.10/site-packages/airflow/example_dags/example_time_delta_sensor_async.py
[2023-03-03T16:51:18.753+0100] {logging_mixin.py:137} INFO - [2023-03-03T16:51:18.753+0100] {dag.py:2585} INFO - Sync 1 DAGs
[2023-03-03T16:51:18.770+0100] {logging_mixin.py:137} INFO - [2023-03-03T16:51:18.769+0100] {dag.py:3336} INFO - Setting next_dagrun for example_time_delta_sensor_async to None, run_after=None
[2023-03-03T16:51:18.787+0100] {processor.py:176} INFO - Processing /Users/uab910/dev/nnam-poc/pyenv/lib/python3.10/site-packages/airflow/example_dags/example_time_delta_sensor_async.py took 0.339 seconds
[2023-03-03T16:52:51.179+0100] {processor.py:154} INFO - Started process (PID=59215) to work on /Users/uab910/dev/nnam-poc/pyenv/lib/python3.10/site-packages/airflow/example_dags/example_time_delta_sensor_async.py
[2023-03-03T16:52:51.185+0100] {processor.py:756} INFO - Processing file /Users/uab910/dev/nnam-poc/pyenv/lib/python3.10/site-packages/airflow/example_dags/example_time_delta_sensor_async.py for tasks to queue
[2023-03-03T16:52:51.185+0100] {logging_mixin.py:137} INFO - [2023-03-03T16:52:51.185+0100] {dagbag.py:537} INFO - Filling up the DagBag from /Users/uab910/dev/nnam-poc/pyenv/lib/python3.10/site-packages/airflow/example_dags/example_time_delta_sensor_async.py
[2023-03-03T16:52:51.216+0100] {processor.py:766} INFO - DAG(s) dict_keys(['example_time_delta_sensor_async']) retrieved from /Users/uab910/dev/nnam-poc/pyenv/lib/python3.10/site-packages/airflow/example_dags/example_time_delta_sensor_async.py
[2023-03-03T16:52:51.517+0100] {logging_mixin.py:137} INFO - [2023-03-03T16:52:51.517+0100] {dag.py:2585} INFO - Sync 1 DAGs
[2023-03-03T16:52:51.529+0100] {logging_mixin.py:137} INFO - [2023-03-03T16:52:51.529+0100] {dag.py:3336} INFO - Setting next_dagrun for example_time_delta_sensor_async to None, run_after=None
[2023-03-03T16:52:51.545+0100] {processor.py:176} INFO - Processing /Users/uab910/dev/nnam-poc/pyenv/lib/python3.10/site-packages/airflow/example_dags/example_time_delta_sensor_async.py took 0.366 seconds
[2023-03-03T16:54:16.989+0100] {processor.py:154} INFO - Started process (PID=59276) to work on /Users/uab910/dev/nnam-poc/pyenv/lib/python3.10/site-packages/airflow/example_dags/example_time_delta_sensor_async.py
[2023-03-03T16:54:16.995+0100] {processor.py:756} INFO - Processing file /Users/uab910/dev/nnam-poc/pyenv/lib/python3.10/site-packages/airflow/example_dags/example_time_delta_sensor_async.py for tasks to queue
[2023-03-03T16:54:16.995+0100] {logging_mixin.py:137} INFO - [2023-03-03T16:54:16.995+0100] {dagbag.py:537} INFO - Filling up the DagBag from /Users/uab910/dev/nnam-poc/pyenv/lib/python3.10/site-packages/airflow/example_dags/example_time_delta_sensor_async.py
[2023-03-03T16:54:17.032+0100] {processor.py:766} INFO - DAG(s) dict_keys(['example_time_delta_sensor_async']) retrieved from /Users/uab910/dev/nnam-poc/pyenv/lib/python3.10/site-packages/airflow/example_dags/example_time_delta_sensor_async.py
[2023-03-03T16:54:17.299+0100] {logging_mixin.py:137} INFO - [2023-03-03T16:54:17.298+0100] {dag.py:2585} INFO - Sync 1 DAGs
[2023-03-03T16:54:17.312+0100] {logging_mixin.py:137} INFO - [2023-03-03T16:54:17.312+0100] {dag.py:3336} INFO - Setting next_dagrun for example_time_delta_sensor_async to None, run_after=None
[2023-03-03T16:54:17.325+0100] {processor.py:176} INFO - Processing /Users/uab910/dev/nnam-poc/pyenv/lib/python3.10/site-packages/airflow/example_dags/example_time_delta_sensor_async.py took 0.337 seconds
[2023-03-03T16:55:52.898+0100] {processor.py:154} INFO - Started process (PID=59325) to work on /Users/uab910/dev/nnam-poc/pyenv/lib/python3.10/site-packages/airflow/example_dags/example_time_delta_sensor_async.py
[2023-03-03T16:55:52.903+0100] {processor.py:756} INFO - Processing file /Users/uab910/dev/nnam-poc/pyenv/lib/python3.10/site-packages/airflow/example_dags/example_time_delta_sensor_async.py for tasks to queue
[2023-03-03T16:55:52.904+0100] {logging_mixin.py:137} INFO - [2023-03-03T16:55:52.903+0100] {dagbag.py:537} INFO - Filling up the DagBag from /Users/uab910/dev/nnam-poc/pyenv/lib/python3.10/site-packages/airflow/example_dags/example_time_delta_sensor_async.py
[2023-03-03T16:55:52.933+0100] {processor.py:766} INFO - DAG(s) dict_keys(['example_time_delta_sensor_async']) retrieved from /Users/uab910/dev/nnam-poc/pyenv/lib/python3.10/site-packages/airflow/example_dags/example_time_delta_sensor_async.py
[2023-03-03T16:55:53.184+0100] {logging_mixin.py:137} INFO - [2023-03-03T16:55:53.184+0100] {dag.py:2585} INFO - Sync 1 DAGs
[2023-03-03T16:55:53.199+0100] {logging_mixin.py:137} INFO - [2023-03-03T16:55:53.199+0100] {dag.py:3336} INFO - Setting next_dagrun for example_time_delta_sensor_async to None, run_after=None
[2023-03-03T16:55:53.215+0100] {processor.py:176} INFO - Processing /Users/uab910/dev/nnam-poc/pyenv/lib/python3.10/site-packages/airflow/example_dags/example_time_delta_sensor_async.py took 0.318 seconds
[2023-03-03T16:57:26.357+0100] {processor.py:154} INFO - Started process (PID=59376) to work on /Users/uab910/dev/nnam-poc/pyenv/lib/python3.10/site-packages/airflow/example_dags/example_time_delta_sensor_async.py
[2023-03-03T16:57:26.363+0100] {processor.py:756} INFO - Processing file /Users/uab910/dev/nnam-poc/pyenv/lib/python3.10/site-packages/airflow/example_dags/example_time_delta_sensor_async.py for tasks to queue
[2023-03-03T16:57:26.363+0100] {logging_mixin.py:137} INFO - [2023-03-03T16:57:26.363+0100] {dagbag.py:537} INFO - Filling up the DagBag from /Users/uab910/dev/nnam-poc/pyenv/lib/python3.10/site-packages/airflow/example_dags/example_time_delta_sensor_async.py
[2023-03-03T16:57:26.395+0100] {processor.py:766} INFO - DAG(s) dict_keys(['example_time_delta_sensor_async']) retrieved from /Users/uab910/dev/nnam-poc/pyenv/lib/python3.10/site-packages/airflow/example_dags/example_time_delta_sensor_async.py
[2023-03-03T16:57:26.696+0100] {logging_mixin.py:137} INFO - [2023-03-03T16:57:26.696+0100] {dag.py:2585} INFO - Sync 1 DAGs
[2023-03-03T16:57:26.710+0100] {logging_mixin.py:137} INFO - [2023-03-03T16:57:26.710+0100] {dag.py:3336} INFO - Setting next_dagrun for example_time_delta_sensor_async to None, run_after=None
[2023-03-03T16:57:26.726+0100] {processor.py:176} INFO - Processing /Users/uab910/dev/nnam-poc/pyenv/lib/python3.10/site-packages/airflow/example_dags/example_time_delta_sensor_async.py took 0.370 seconds
[2023-03-03T16:58:58.991+0100] {processor.py:154} INFO - Started process (PID=59423) to work on /Users/uab910/dev/nnam-poc/pyenv/lib/python3.10/site-packages/airflow/example_dags/example_time_delta_sensor_async.py
[2023-03-03T16:58:58.998+0100] {processor.py:756} INFO - Processing file /Users/uab910/dev/nnam-poc/pyenv/lib/python3.10/site-packages/airflow/example_dags/example_time_delta_sensor_async.py for tasks to queue
[2023-03-03T16:58:58.999+0100] {logging_mixin.py:137} INFO - [2023-03-03T16:58:58.999+0100] {dagbag.py:537} INFO - Filling up the DagBag from /Users/uab910/dev/nnam-poc/pyenv/lib/python3.10/site-packages/airflow/example_dags/example_time_delta_sensor_async.py
[2023-03-03T16:58:59.033+0100] {processor.py:766} INFO - DAG(s) dict_keys(['example_time_delta_sensor_async']) retrieved from /Users/uab910/dev/nnam-poc/pyenv/lib/python3.10/site-packages/airflow/example_dags/example_time_delta_sensor_async.py
[2023-03-03T16:58:59.356+0100] {logging_mixin.py:137} INFO - [2023-03-03T16:58:59.356+0100] {dag.py:2585} INFO - Sync 1 DAGs
[2023-03-03T16:58:59.370+0100] {logging_mixin.py:137} INFO - [2023-03-03T16:58:59.370+0100] {dag.py:3336} INFO - Setting next_dagrun for example_time_delta_sensor_async to None, run_after=None
[2023-03-03T16:58:59.386+0100] {processor.py:176} INFO - Processing /Users/uab910/dev/nnam-poc/pyenv/lib/python3.10/site-packages/airflow/example_dags/example_time_delta_sensor_async.py took 0.396 seconds
[2023-03-03T17:00:33.189+0100] {processor.py:154} INFO - Started process (PID=59468) to work on /Users/uab910/dev/nnam-poc/pyenv/lib/python3.10/site-packages/airflow/example_dags/example_time_delta_sensor_async.py
[2023-03-03T17:00:33.195+0100] {processor.py:756} INFO - Processing file /Users/uab910/dev/nnam-poc/pyenv/lib/python3.10/site-packages/airflow/example_dags/example_time_delta_sensor_async.py for tasks to queue
[2023-03-03T17:00:33.196+0100] {logging_mixin.py:137} INFO - [2023-03-03T17:00:33.196+0100] {dagbag.py:537} INFO - Filling up the DagBag from /Users/uab910/dev/nnam-poc/pyenv/lib/python3.10/site-packages/airflow/example_dags/example_time_delta_sensor_async.py
[2023-03-03T17:00:33.230+0100] {processor.py:766} INFO - DAG(s) dict_keys(['example_time_delta_sensor_async']) retrieved from /Users/uab910/dev/nnam-poc/pyenv/lib/python3.10/site-packages/airflow/example_dags/example_time_delta_sensor_async.py
[2023-03-03T17:00:33.482+0100] {logging_mixin.py:137} INFO - [2023-03-03T17:00:33.482+0100] {dag.py:2585} INFO - Sync 1 DAGs
[2023-03-03T17:00:33.494+0100] {logging_mixin.py:137} INFO - [2023-03-03T17:00:33.494+0100] {dag.py:3336} INFO - Setting next_dagrun for example_time_delta_sensor_async to None, run_after=None
[2023-03-03T17:00:33.508+0100] {processor.py:176} INFO - Processing /Users/uab910/dev/nnam-poc/pyenv/lib/python3.10/site-packages/airflow/example_dags/example_time_delta_sensor_async.py took 0.319 seconds
[2023-03-03T17:02:05.667+0100] {processor.py:154} INFO - Started process (PID=59519) to work on /Users/uab910/dev/nnam-poc/pyenv/lib/python3.10/site-packages/airflow/example_dags/example_time_delta_sensor_async.py
[2023-03-03T17:02:05.672+0100] {processor.py:756} INFO - Processing file /Users/uab910/dev/nnam-poc/pyenv/lib/python3.10/site-packages/airflow/example_dags/example_time_delta_sensor_async.py for tasks to queue
[2023-03-03T17:02:05.673+0100] {logging_mixin.py:137} INFO - [2023-03-03T17:02:05.673+0100] {dagbag.py:537} INFO - Filling up the DagBag from /Users/uab910/dev/nnam-poc/pyenv/lib/python3.10/site-packages/airflow/example_dags/example_time_delta_sensor_async.py
[2023-03-03T17:02:05.702+0100] {processor.py:766} INFO - DAG(s) dict_keys(['example_time_delta_sensor_async']) retrieved from /Users/uab910/dev/nnam-poc/pyenv/lib/python3.10/site-packages/airflow/example_dags/example_time_delta_sensor_async.py
[2023-03-03T17:02:05.945+0100] {logging_mixin.py:137} INFO - [2023-03-03T17:02:05.945+0100] {dag.py:2585} INFO - Sync 1 DAGs
[2023-03-03T17:02:05.958+0100] {logging_mixin.py:137} INFO - [2023-03-03T17:02:05.957+0100] {dag.py:3336} INFO - Setting next_dagrun for example_time_delta_sensor_async to None, run_after=None
[2023-03-03T17:02:05.972+0100] {processor.py:176} INFO - Processing /Users/uab910/dev/nnam-poc/pyenv/lib/python3.10/site-packages/airflow/example_dags/example_time_delta_sensor_async.py took 0.305 seconds
[2023-03-03T17:03:37.352+0100] {processor.py:154} INFO - Started process (PID=59572) to work on /Users/uab910/dev/nnam-poc/pyenv/lib/python3.10/site-packages/airflow/example_dags/example_time_delta_sensor_async.py
[2023-03-03T17:03:37.358+0100] {processor.py:756} INFO - Processing file /Users/uab910/dev/nnam-poc/pyenv/lib/python3.10/site-packages/airflow/example_dags/example_time_delta_sensor_async.py for tasks to queue
[2023-03-03T17:03:37.359+0100] {logging_mixin.py:137} INFO - [2023-03-03T17:03:37.359+0100] {dagbag.py:537} INFO - Filling up the DagBag from /Users/uab910/dev/nnam-poc/pyenv/lib/python3.10/site-packages/airflow/example_dags/example_time_delta_sensor_async.py
[2023-03-03T17:03:37.392+0100] {processor.py:766} INFO - DAG(s) dict_keys(['example_time_delta_sensor_async']) retrieved from /Users/uab910/dev/nnam-poc/pyenv/lib/python3.10/site-packages/airflow/example_dags/example_time_delta_sensor_async.py
[2023-03-03T17:03:37.715+0100] {logging_mixin.py:137} INFO - [2023-03-03T17:03:37.715+0100] {dag.py:2585} INFO - Sync 1 DAGs
[2023-03-03T17:03:37.727+0100] {logging_mixin.py:137} INFO - [2023-03-03T17:03:37.727+0100] {dag.py:3336} INFO - Setting next_dagrun for example_time_delta_sensor_async to None, run_after=None
[2023-03-03T17:03:37.742+0100] {processor.py:176} INFO - Processing /Users/uab910/dev/nnam-poc/pyenv/lib/python3.10/site-packages/airflow/example_dags/example_time_delta_sensor_async.py took 0.390 seconds
[2023-03-03T17:05:06.322+0100] {processor.py:154} INFO - Started process (PID=59632) to work on /Users/uab910/dev/nnam-poc/pyenv/lib/python3.10/site-packages/airflow/example_dags/example_time_delta_sensor_async.py
[2023-03-03T17:05:06.328+0100] {processor.py:756} INFO - Processing file /Users/uab910/dev/nnam-poc/pyenv/lib/python3.10/site-packages/airflow/example_dags/example_time_delta_sensor_async.py for tasks to queue
[2023-03-03T17:05:06.329+0100] {logging_mixin.py:137} INFO - [2023-03-03T17:05:06.329+0100] {dagbag.py:537} INFO - Filling up the DagBag from /Users/uab910/dev/nnam-poc/pyenv/lib/python3.10/site-packages/airflow/example_dags/example_time_delta_sensor_async.py
[2023-03-03T17:05:06.366+0100] {processor.py:766} INFO - DAG(s) dict_keys(['example_time_delta_sensor_async']) retrieved from /Users/uab910/dev/nnam-poc/pyenv/lib/python3.10/site-packages/airflow/example_dags/example_time_delta_sensor_async.py
[2023-03-03T17:05:06.665+0100] {logging_mixin.py:137} INFO - [2023-03-03T17:05:06.665+0100] {dag.py:2585} INFO - Sync 1 DAGs
[2023-03-03T17:05:06.678+0100] {logging_mixin.py:137} INFO - [2023-03-03T17:05:06.678+0100] {dag.py:3336} INFO - Setting next_dagrun for example_time_delta_sensor_async to None, run_after=None
[2023-03-03T17:05:06.693+0100] {processor.py:176} INFO - Processing /Users/uab910/dev/nnam-poc/pyenv/lib/python3.10/site-packages/airflow/example_dags/example_time_delta_sensor_async.py took 0.372 seconds
[2023-03-03T17:06:41.591+0100] {processor.py:154} INFO - Started process (PID=59687) to work on /Users/uab910/dev/nnam-poc/pyenv/lib/python3.10/site-packages/airflow/example_dags/example_time_delta_sensor_async.py
[2023-03-03T17:06:41.596+0100] {processor.py:756} INFO - Processing file /Users/uab910/dev/nnam-poc/pyenv/lib/python3.10/site-packages/airflow/example_dags/example_time_delta_sensor_async.py for tasks to queue
[2023-03-03T17:06:41.597+0100] {logging_mixin.py:137} INFO - [2023-03-03T17:06:41.597+0100] {dagbag.py:537} INFO - Filling up the DagBag from /Users/uab910/dev/nnam-poc/pyenv/lib/python3.10/site-packages/airflow/example_dags/example_time_delta_sensor_async.py
[2023-03-03T17:06:41.642+0100] {processor.py:766} INFO - DAG(s) dict_keys(['example_time_delta_sensor_async']) retrieved from /Users/uab910/dev/nnam-poc/pyenv/lib/python3.10/site-packages/airflow/example_dags/example_time_delta_sensor_async.py
[2023-03-03T17:06:42.696+0100] {logging_mixin.py:137} INFO - [2023-03-03T17:06:42.695+0100] {dag.py:2585} INFO - Sync 1 DAGs
[2023-03-03T17:06:42.712+0100] {logging_mixin.py:137} INFO - [2023-03-03T17:06:42.712+0100] {dag.py:3336} INFO - Setting next_dagrun for example_time_delta_sensor_async to None, run_after=None
[2023-03-03T17:06:42.729+0100] {processor.py:176} INFO - Processing /Users/uab910/dev/nnam-poc/pyenv/lib/python3.10/site-packages/airflow/example_dags/example_time_delta_sensor_async.py took 1.139 seconds
[2023-03-03T17:08:24.134+0100] {processor.py:154} INFO - Started process (PID=59751) to work on /Users/uab910/dev/nnam-poc/pyenv/lib/python3.10/site-packages/airflow/example_dags/example_time_delta_sensor_async.py
[2023-03-03T17:08:24.140+0100] {processor.py:756} INFO - Processing file /Users/uab910/dev/nnam-poc/pyenv/lib/python3.10/site-packages/airflow/example_dags/example_time_delta_sensor_async.py for tasks to queue
[2023-03-03T17:08:24.141+0100] {logging_mixin.py:137} INFO - [2023-03-03T17:08:24.141+0100] {dagbag.py:537} INFO - Filling up the DagBag from /Users/uab910/dev/nnam-poc/pyenv/lib/python3.10/site-packages/airflow/example_dags/example_time_delta_sensor_async.py
[2023-03-03T17:08:24.178+0100] {processor.py:766} INFO - DAG(s) dict_keys(['example_time_delta_sensor_async']) retrieved from /Users/uab910/dev/nnam-poc/pyenv/lib/python3.10/site-packages/airflow/example_dags/example_time_delta_sensor_async.py
[2023-03-03T17:08:24.504+0100] {logging_mixin.py:137} INFO - [2023-03-03T17:08:24.504+0100] {dag.py:2585} INFO - Sync 1 DAGs
[2023-03-03T17:08:24.517+0100] {logging_mixin.py:137} INFO - [2023-03-03T17:08:24.517+0100] {dag.py:3336} INFO - Setting next_dagrun for example_time_delta_sensor_async to None, run_after=None
[2023-03-03T17:08:24.531+0100] {processor.py:176} INFO - Processing /Users/uab910/dev/nnam-poc/pyenv/lib/python3.10/site-packages/airflow/example_dags/example_time_delta_sensor_async.py took 0.398 seconds
[2023-03-03T17:09:53.177+0100] {processor.py:154} INFO - Started process (PID=59800) to work on /Users/uab910/dev/nnam-poc/pyenv/lib/python3.10/site-packages/airflow/example_dags/example_time_delta_sensor_async.py
[2023-03-03T17:09:53.183+0100] {processor.py:756} INFO - Processing file /Users/uab910/dev/nnam-poc/pyenv/lib/python3.10/site-packages/airflow/example_dags/example_time_delta_sensor_async.py for tasks to queue
[2023-03-03T17:09:53.183+0100] {logging_mixin.py:137} INFO - [2023-03-03T17:09:53.183+0100] {dagbag.py:537} INFO - Filling up the DagBag from /Users/uab910/dev/nnam-poc/pyenv/lib/python3.10/site-packages/airflow/example_dags/example_time_delta_sensor_async.py
[2023-03-03T17:09:53.215+0100] {processor.py:766} INFO - DAG(s) dict_keys(['example_time_delta_sensor_async']) retrieved from /Users/uab910/dev/nnam-poc/pyenv/lib/python3.10/site-packages/airflow/example_dags/example_time_delta_sensor_async.py
[2023-03-03T17:09:53.466+0100] {logging_mixin.py:137} INFO - [2023-03-03T17:09:53.466+0100] {dag.py:2585} INFO - Sync 1 DAGs
[2023-03-03T17:09:53.480+0100] {logging_mixin.py:137} INFO - [2023-03-03T17:09:53.479+0100] {dag.py:3336} INFO - Setting next_dagrun for example_time_delta_sensor_async to None, run_after=None
[2023-03-03T17:09:53.495+0100] {processor.py:176} INFO - Processing /Users/uab910/dev/nnam-poc/pyenv/lib/python3.10/site-packages/airflow/example_dags/example_time_delta_sensor_async.py took 0.318 seconds
[2023-03-03T17:11:20.346+0100] {processor.py:154} INFO - Started process (PID=59848) to work on /Users/uab910/dev/nnam-poc/pyenv/lib/python3.10/site-packages/airflow/example_dags/example_time_delta_sensor_async.py
[2023-03-03T17:11:20.351+0100] {processor.py:756} INFO - Processing file /Users/uab910/dev/nnam-poc/pyenv/lib/python3.10/site-packages/airflow/example_dags/example_time_delta_sensor_async.py for tasks to queue
[2023-03-03T17:11:20.351+0100] {logging_mixin.py:137} INFO - [2023-03-03T17:11:20.351+0100] {dagbag.py:537} INFO - Filling up the DagBag from /Users/uab910/dev/nnam-poc/pyenv/lib/python3.10/site-packages/airflow/example_dags/example_time_delta_sensor_async.py
[2023-03-03T17:11:20.381+0100] {processor.py:766} INFO - DAG(s) dict_keys(['example_time_delta_sensor_async']) retrieved from /Users/uab910/dev/nnam-poc/pyenv/lib/python3.10/site-packages/airflow/example_dags/example_time_delta_sensor_async.py
[2023-03-03T17:11:20.624+0100] {logging_mixin.py:137} INFO - [2023-03-03T17:11:20.623+0100] {dag.py:2585} INFO - Sync 1 DAGs
[2023-03-03T17:11:20.636+0100] {logging_mixin.py:137} INFO - [2023-03-03T17:11:20.636+0100] {dag.py:3336} INFO - Setting next_dagrun for example_time_delta_sensor_async to None, run_after=None
[2023-03-03T17:11:20.650+0100] {processor.py:176} INFO - Processing /Users/uab910/dev/nnam-poc/pyenv/lib/python3.10/site-packages/airflow/example_dags/example_time_delta_sensor_async.py took 0.304 seconds
[2023-03-03T17:12:49.676+0100] {processor.py:154} INFO - Started process (PID=59922) to work on /Users/uab910/dev/nnam-poc/pyenv/lib/python3.10/site-packages/airflow/example_dags/example_time_delta_sensor_async.py
[2023-03-03T17:12:49.682+0100] {processor.py:756} INFO - Processing file /Users/uab910/dev/nnam-poc/pyenv/lib/python3.10/site-packages/airflow/example_dags/example_time_delta_sensor_async.py for tasks to queue
[2023-03-03T17:12:49.682+0100] {logging_mixin.py:137} INFO - [2023-03-03T17:12:49.682+0100] {dagbag.py:537} INFO - Filling up the DagBag from /Users/uab910/dev/nnam-poc/pyenv/lib/python3.10/site-packages/airflow/example_dags/example_time_delta_sensor_async.py
[2023-03-03T17:12:49.718+0100] {processor.py:766} INFO - DAG(s) dict_keys(['example_time_delta_sensor_async']) retrieved from /Users/uab910/dev/nnam-poc/pyenv/lib/python3.10/site-packages/airflow/example_dags/example_time_delta_sensor_async.py
[2023-03-03T17:12:50.003+0100] {logging_mixin.py:137} INFO - [2023-03-03T17:12:50.003+0100] {dag.py:2585} INFO - Sync 1 DAGs
[2023-03-03T17:12:50.019+0100] {logging_mixin.py:137} INFO - [2023-03-03T17:12:50.018+0100] {dag.py:3336} INFO - Setting next_dagrun for example_time_delta_sensor_async to None, run_after=None
[2023-03-03T17:12:50.037+0100] {processor.py:176} INFO - Processing /Users/uab910/dev/nnam-poc/pyenv/lib/python3.10/site-packages/airflow/example_dags/example_time_delta_sensor_async.py took 0.362 seconds
[2023-03-03T17:14:22.534+0100] {processor.py:154} INFO - Started process (PID=59995) to work on /Users/uab910/dev/nnam-poc/pyenv/lib/python3.10/site-packages/airflow/example_dags/example_time_delta_sensor_async.py
[2023-03-03T17:14:22.538+0100] {processor.py:756} INFO - Processing file /Users/uab910/dev/nnam-poc/pyenv/lib/python3.10/site-packages/airflow/example_dags/example_time_delta_sensor_async.py for tasks to queue
[2023-03-03T17:14:22.538+0100] {logging_mixin.py:137} INFO - [2023-03-03T17:14:22.538+0100] {dagbag.py:537} INFO - Filling up the DagBag from /Users/uab910/dev/nnam-poc/pyenv/lib/python3.10/site-packages/airflow/example_dags/example_time_delta_sensor_async.py
[2023-03-03T17:14:22.565+0100] {processor.py:766} INFO - DAG(s) dict_keys(['example_time_delta_sensor_async']) retrieved from /Users/uab910/dev/nnam-poc/pyenv/lib/python3.10/site-packages/airflow/example_dags/example_time_delta_sensor_async.py
[2023-03-03T17:14:22.820+0100] {logging_mixin.py:137} INFO - [2023-03-03T17:14:22.819+0100] {dag.py:2585} INFO - Sync 1 DAGs
[2023-03-03T17:14:22.837+0100] {logging_mixin.py:137} INFO - [2023-03-03T17:14:22.837+0100] {dag.py:3336} INFO - Setting next_dagrun for example_time_delta_sensor_async to None, run_after=None
[2023-03-03T17:14:22.855+0100] {processor.py:176} INFO - Processing /Users/uab910/dev/nnam-poc/pyenv/lib/python3.10/site-packages/airflow/example_dags/example_time_delta_sensor_async.py took 0.322 seconds
[2023-03-03T17:15:55.903+0100] {processor.py:154} INFO - Started process (PID=60052) to work on /Users/uab910/dev/nnam-poc/pyenv/lib/python3.10/site-packages/airflow/example_dags/example_time_delta_sensor_async.py
[2023-03-03T17:15:55.909+0100] {processor.py:756} INFO - Processing file /Users/uab910/dev/nnam-poc/pyenv/lib/python3.10/site-packages/airflow/example_dags/example_time_delta_sensor_async.py for tasks to queue
[2023-03-03T17:15:55.909+0100] {logging_mixin.py:137} INFO - [2023-03-03T17:15:55.909+0100] {dagbag.py:537} INFO - Filling up the DagBag from /Users/uab910/dev/nnam-poc/pyenv/lib/python3.10/site-packages/airflow/example_dags/example_time_delta_sensor_async.py
[2023-03-03T17:15:55.942+0100] {processor.py:766} INFO - DAG(s) dict_keys(['example_time_delta_sensor_async']) retrieved from /Users/uab910/dev/nnam-poc/pyenv/lib/python3.10/site-packages/airflow/example_dags/example_time_delta_sensor_async.py
[2023-03-03T17:15:56.257+0100] {logging_mixin.py:137} INFO - [2023-03-03T17:15:56.257+0100] {dag.py:2585} INFO - Sync 1 DAGs
[2023-03-03T17:15:56.271+0100] {logging_mixin.py:137} INFO - [2023-03-03T17:15:56.271+0100] {dag.py:3336} INFO - Setting next_dagrun for example_time_delta_sensor_async to None, run_after=None
[2023-03-03T17:15:56.286+0100] {processor.py:176} INFO - Processing /Users/uab910/dev/nnam-poc/pyenv/lib/python3.10/site-packages/airflow/example_dags/example_time_delta_sensor_async.py took 0.384 seconds
[2023-03-03T17:17:29.066+0100] {processor.py:154} INFO - Started process (PID=60108) to work on /Users/uab910/dev/nnam-poc/pyenv/lib/python3.10/site-packages/airflow/example_dags/example_time_delta_sensor_async.py
[2023-03-03T17:17:29.073+0100] {processor.py:756} INFO - Processing file /Users/uab910/dev/nnam-poc/pyenv/lib/python3.10/site-packages/airflow/example_dags/example_time_delta_sensor_async.py for tasks to queue
[2023-03-03T17:17:29.073+0100] {logging_mixin.py:137} INFO - [2023-03-03T17:17:29.073+0100] {dagbag.py:537} INFO - Filling up the DagBag from /Users/uab910/dev/nnam-poc/pyenv/lib/python3.10/site-packages/airflow/example_dags/example_time_delta_sensor_async.py
[2023-03-03T17:17:29.109+0100] {processor.py:766} INFO - DAG(s) dict_keys(['example_time_delta_sensor_async']) retrieved from /Users/uab910/dev/nnam-poc/pyenv/lib/python3.10/site-packages/airflow/example_dags/example_time_delta_sensor_async.py
[2023-03-03T17:17:29.425+0100] {logging_mixin.py:137} INFO - [2023-03-03T17:17:29.425+0100] {dag.py:2585} INFO - Sync 1 DAGs
[2023-03-03T17:17:29.442+0100] {logging_mixin.py:137} INFO - [2023-03-03T17:17:29.442+0100] {dag.py:3336} INFO - Setting next_dagrun for example_time_delta_sensor_async to None, run_after=None
[2023-03-03T17:17:29.461+0100] {processor.py:176} INFO - Processing /Users/uab910/dev/nnam-poc/pyenv/lib/python3.10/site-packages/airflow/example_dags/example_time_delta_sensor_async.py took 0.396 seconds
[2023-03-03T17:18:54.997+0100] {processor.py:154} INFO - Started process (PID=60159) to work on /Users/uab910/dev/nnam-poc/pyenv/lib/python3.10/site-packages/airflow/example_dags/example_time_delta_sensor_async.py
[2023-03-03T17:18:55.001+0100] {processor.py:756} INFO - Processing file /Users/uab910/dev/nnam-poc/pyenv/lib/python3.10/site-packages/airflow/example_dags/example_time_delta_sensor_async.py for tasks to queue
[2023-03-03T17:18:55.001+0100] {logging_mixin.py:137} INFO - [2023-03-03T17:18:55.001+0100] {dagbag.py:537} INFO - Filling up the DagBag from /Users/uab910/dev/nnam-poc/pyenv/lib/python3.10/site-packages/airflow/example_dags/example_time_delta_sensor_async.py
[2023-03-03T17:18:55.032+0100] {processor.py:766} INFO - DAG(s) dict_keys(['example_time_delta_sensor_async']) retrieved from /Users/uab910/dev/nnam-poc/pyenv/lib/python3.10/site-packages/airflow/example_dags/example_time_delta_sensor_async.py
[2023-03-03T17:18:55.280+0100] {logging_mixin.py:137} INFO - [2023-03-03T17:18:55.280+0100] {dag.py:2585} INFO - Sync 1 DAGs
[2023-03-03T17:18:55.294+0100] {logging_mixin.py:137} INFO - [2023-03-03T17:18:55.294+0100] {dag.py:3336} INFO - Setting next_dagrun for example_time_delta_sensor_async to None, run_after=None
[2023-03-03T17:18:55.309+0100] {processor.py:176} INFO - Processing /Users/uab910/dev/nnam-poc/pyenv/lib/python3.10/site-packages/airflow/example_dags/example_time_delta_sensor_async.py took 0.313 seconds
