[2023-03-03T16:00:56.832+0100] {processor.py:154} INFO - Started process (PID=57132) to work on /Users/uab910/dev/nnam-poc/pyenv/lib/python3.10/site-packages/airflow/example_dags/example_skip_dag.py
[2023-03-03T16:00:56.838+0100] {processor.py:756} INFO - Processing file /Users/uab910/dev/nnam-poc/pyenv/lib/python3.10/site-packages/airflow/example_dags/example_skip_dag.py for tasks to queue
[2023-03-03T16:00:56.838+0100] {logging_mixin.py:137} INFO - [2023-03-03T16:00:56.838+0100] {dagbag.py:537} INFO - Filling up the DagBag from /Users/uab910/dev/nnam-poc/pyenv/lib/python3.10/site-packages/airflow/example_dags/example_skip_dag.py
[2023-03-03T16:00:56.872+0100] {processor.py:766} INFO - DAG(s) dict_keys(['example_skip_dag']) retrieved from /Users/uab910/dev/nnam-poc/pyenv/lib/python3.10/site-packages/airflow/example_dags/example_skip_dag.py
[2023-03-03T16:00:58.311+0100] {logging_mixin.py:137} INFO - [2023-03-03T16:00:58.310+0100] {manager.py:507} INFO - Created Permission View: can edit on DAG:example_skip_dag
[2023-03-03T16:00:58.322+0100] {logging_mixin.py:137} INFO - [2023-03-03T16:00:58.321+0100] {manager.py:507} INFO - Created Permission View: can delete on DAG:example_skip_dag
[2023-03-03T16:00:58.329+0100] {logging_mixin.py:137} INFO - [2023-03-03T16:00:58.329+0100] {manager.py:507} INFO - Created Permission View: can read on DAG:example_skip_dag
[2023-03-03T16:00:58.330+0100] {logging_mixin.py:137} INFO - [2023-03-03T16:00:58.330+0100] {dag.py:2585} INFO - Sync 1 DAGs
[2023-03-03T16:00:58.341+0100] {logging_mixin.py:137} INFO - [2023-03-03T16:00:58.341+0100] {dag.py:2606} INFO - Creating ORM DAG for example_skip_dag
[2023-03-03T16:00:58.350+0100] {logging_mixin.py:137} INFO - [2023-03-03T16:00:58.350+0100] {dag.py:3336} INFO - Setting next_dagrun for example_skip_dag to 2023-03-02T15:00:58.349932+00:00, run_after=2023-03-03T15:00:58.349932+00:00
[2023-03-03T16:00:58.370+0100] {processor.py:176} INFO - Processing /Users/uab910/dev/nnam-poc/pyenv/lib/python3.10/site-packages/airflow/example_dags/example_skip_dag.py took 1.538 seconds
[2023-03-03T16:03:05.899+0100] {processor.py:154} INFO - Started process (PID=57233) to work on /Users/uab910/dev/nnam-poc/pyenv/lib/python3.10/site-packages/airflow/example_dags/example_skip_dag.py
[2023-03-03T16:03:05.904+0100] {processor.py:756} INFO - Processing file /Users/uab910/dev/nnam-poc/pyenv/lib/python3.10/site-packages/airflow/example_dags/example_skip_dag.py for tasks to queue
[2023-03-03T16:03:05.904+0100] {logging_mixin.py:137} INFO - [2023-03-03T16:03:05.904+0100] {dagbag.py:537} INFO - Filling up the DagBag from /Users/uab910/dev/nnam-poc/pyenv/lib/python3.10/site-packages/airflow/example_dags/example_skip_dag.py
[2023-03-03T16:03:05.936+0100] {processor.py:766} INFO - DAG(s) dict_keys(['example_skip_dag']) retrieved from /Users/uab910/dev/nnam-poc/pyenv/lib/python3.10/site-packages/airflow/example_dags/example_skip_dag.py
[2023-03-03T16:03:06.128+0100] {logging_mixin.py:137} INFO - [2023-03-03T16:03:06.128+0100] {dag.py:2585} INFO - Sync 1 DAGs
[2023-03-03T16:03:06.143+0100] {logging_mixin.py:137} INFO - [2023-03-03T16:03:06.143+0100] {dag.py:3336} INFO - Setting next_dagrun for example_skip_dag to 2023-03-02T15:03:06.143702+00:00, run_after=2023-03-03T15:03:06.143702+00:00
[2023-03-03T16:03:06.159+0100] {processor.py:176} INFO - Processing /Users/uab910/dev/nnam-poc/pyenv/lib/python3.10/site-packages/airflow/example_dags/example_skip_dag.py took 0.261 seconds
[2023-03-03T16:04:22.978+0100] {processor.py:154} INFO - Started process (PID=57292) to work on /Users/uab910/dev/nnam-poc/pyenv/lib/python3.10/site-packages/airflow/example_dags/example_skip_dag.py
[2023-03-03T16:04:22.983+0100] {processor.py:756} INFO - Processing file /Users/uab910/dev/nnam-poc/pyenv/lib/python3.10/site-packages/airflow/example_dags/example_skip_dag.py for tasks to queue
[2023-03-03T16:04:22.983+0100] {logging_mixin.py:137} INFO - [2023-03-03T16:04:22.983+0100] {dagbag.py:537} INFO - Filling up the DagBag from /Users/uab910/dev/nnam-poc/pyenv/lib/python3.10/site-packages/airflow/example_dags/example_skip_dag.py
[2023-03-03T16:04:23.015+0100] {processor.py:766} INFO - DAG(s) dict_keys(['example_skip_dag']) retrieved from /Users/uab910/dev/nnam-poc/pyenv/lib/python3.10/site-packages/airflow/example_dags/example_skip_dag.py
[2023-03-03T16:04:23.193+0100] {logging_mixin.py:137} INFO - [2023-03-03T16:04:23.193+0100] {dag.py:2585} INFO - Sync 1 DAGs
[2023-03-03T16:04:23.206+0100] {logging_mixin.py:137} INFO - [2023-03-03T16:04:23.206+0100] {dag.py:3336} INFO - Setting next_dagrun for example_skip_dag to 2023-03-02T15:04:23.206458+00:00, run_after=2023-03-03T15:04:23.206458+00:00
[2023-03-03T16:04:23.222+0100] {processor.py:176} INFO - Processing /Users/uab910/dev/nnam-poc/pyenv/lib/python3.10/site-packages/airflow/example_dags/example_skip_dag.py took 0.244 seconds
[2023-03-03T16:05:36.177+0100] {processor.py:154} INFO - Started process (PID=57339) to work on /Users/uab910/dev/nnam-poc/pyenv/lib/python3.10/site-packages/airflow/example_dags/example_skip_dag.py
[2023-03-03T16:05:36.184+0100] {processor.py:756} INFO - Processing file /Users/uab910/dev/nnam-poc/pyenv/lib/python3.10/site-packages/airflow/example_dags/example_skip_dag.py for tasks to queue
[2023-03-03T16:05:36.184+0100] {logging_mixin.py:137} INFO - [2023-03-03T16:05:36.184+0100] {dagbag.py:537} INFO - Filling up the DagBag from /Users/uab910/dev/nnam-poc/pyenv/lib/python3.10/site-packages/airflow/example_dags/example_skip_dag.py
[2023-03-03T16:05:36.220+0100] {processor.py:766} INFO - DAG(s) dict_keys(['example_skip_dag']) retrieved from /Users/uab910/dev/nnam-poc/pyenv/lib/python3.10/site-packages/airflow/example_dags/example_skip_dag.py
[2023-03-03T16:05:36.418+0100] {logging_mixin.py:137} INFO - [2023-03-03T16:05:36.417+0100] {dag.py:2585} INFO - Sync 1 DAGs
[2023-03-03T16:05:36.434+0100] {logging_mixin.py:137} INFO - [2023-03-03T16:05:36.434+0100] {dag.py:3336} INFO - Setting next_dagrun for example_skip_dag to 2023-03-02T15:05:36.434100+00:00, run_after=2023-03-03T15:05:36.434100+00:00
[2023-03-03T16:05:36.452+0100] {processor.py:176} INFO - Processing /Users/uab910/dev/nnam-poc/pyenv/lib/python3.10/site-packages/airflow/example_dags/example_skip_dag.py took 0.275 seconds
[2023-03-03T16:06:57.117+0100] {processor.py:154} INFO - Started process (PID=57385) to work on /Users/uab910/dev/nnam-poc/pyenv/lib/python3.10/site-packages/airflow/example_dags/example_skip_dag.py
[2023-03-03T16:06:57.122+0100] {processor.py:756} INFO - Processing file /Users/uab910/dev/nnam-poc/pyenv/lib/python3.10/site-packages/airflow/example_dags/example_skip_dag.py for tasks to queue
[2023-03-03T16:06:57.122+0100] {logging_mixin.py:137} INFO - [2023-03-03T16:06:57.122+0100] {dagbag.py:537} INFO - Filling up the DagBag from /Users/uab910/dev/nnam-poc/pyenv/lib/python3.10/site-packages/airflow/example_dags/example_skip_dag.py
[2023-03-03T16:06:57.166+0100] {processor.py:766} INFO - DAG(s) dict_keys(['example_skip_dag']) retrieved from /Users/uab910/dev/nnam-poc/pyenv/lib/python3.10/site-packages/airflow/example_dags/example_skip_dag.py
[2023-03-03T16:06:57.397+0100] {logging_mixin.py:137} INFO - [2023-03-03T16:06:57.397+0100] {dag.py:2585} INFO - Sync 1 DAGs
[2023-03-03T16:06:57.421+0100] {logging_mixin.py:137} INFO - [2023-03-03T16:06:57.420+0100] {dag.py:3336} INFO - Setting next_dagrun for example_skip_dag to 2023-03-02T15:06:57.420656+00:00, run_after=2023-03-03T15:06:57.420656+00:00
[2023-03-03T16:06:57.442+0100] {processor.py:176} INFO - Processing /Users/uab910/dev/nnam-poc/pyenv/lib/python3.10/site-packages/airflow/example_dags/example_skip_dag.py took 0.326 seconds
[2023-03-03T16:08:17.037+0100] {processor.py:154} INFO - Started process (PID=57438) to work on /Users/uab910/dev/nnam-poc/pyenv/lib/python3.10/site-packages/airflow/example_dags/example_skip_dag.py
[2023-03-03T16:08:17.042+0100] {processor.py:756} INFO - Processing file /Users/uab910/dev/nnam-poc/pyenv/lib/python3.10/site-packages/airflow/example_dags/example_skip_dag.py for tasks to queue
[2023-03-03T16:08:17.042+0100] {logging_mixin.py:137} INFO - [2023-03-03T16:08:17.042+0100] {dagbag.py:537} INFO - Filling up the DagBag from /Users/uab910/dev/nnam-poc/pyenv/lib/python3.10/site-packages/airflow/example_dags/example_skip_dag.py
[2023-03-03T16:08:17.074+0100] {processor.py:766} INFO - DAG(s) dict_keys(['example_skip_dag']) retrieved from /Users/uab910/dev/nnam-poc/pyenv/lib/python3.10/site-packages/airflow/example_dags/example_skip_dag.py
[2023-03-03T16:08:17.252+0100] {logging_mixin.py:137} INFO - [2023-03-03T16:08:17.252+0100] {dag.py:2585} INFO - Sync 1 DAGs
[2023-03-03T16:08:17.266+0100] {logging_mixin.py:137} INFO - [2023-03-03T16:08:17.266+0100] {dag.py:3336} INFO - Setting next_dagrun for example_skip_dag to 2023-03-02T15:08:17.266491+00:00, run_after=2023-03-03T15:08:17.266491+00:00
[2023-03-03T16:08:17.283+0100] {processor.py:176} INFO - Processing /Users/uab910/dev/nnam-poc/pyenv/lib/python3.10/site-packages/airflow/example_dags/example_skip_dag.py took 0.247 seconds
[2023-03-03T16:09:34.224+0100] {processor.py:154} INFO - Started process (PID=57495) to work on /Users/uab910/dev/nnam-poc/pyenv/lib/python3.10/site-packages/airflow/example_dags/example_skip_dag.py
[2023-03-03T16:09:34.230+0100] {processor.py:756} INFO - Processing file /Users/uab910/dev/nnam-poc/pyenv/lib/python3.10/site-packages/airflow/example_dags/example_skip_dag.py for tasks to queue
[2023-03-03T16:09:34.230+0100] {logging_mixin.py:137} INFO - [2023-03-03T16:09:34.230+0100] {dagbag.py:537} INFO - Filling up the DagBag from /Users/uab910/dev/nnam-poc/pyenv/lib/python3.10/site-packages/airflow/example_dags/example_skip_dag.py
[2023-03-03T16:09:34.262+0100] {processor.py:766} INFO - DAG(s) dict_keys(['example_skip_dag']) retrieved from /Users/uab910/dev/nnam-poc/pyenv/lib/python3.10/site-packages/airflow/example_dags/example_skip_dag.py
[2023-03-03T16:09:34.434+0100] {logging_mixin.py:137} INFO - [2023-03-03T16:09:34.434+0100] {dag.py:2585} INFO - Sync 1 DAGs
[2023-03-03T16:09:34.454+0100] {logging_mixin.py:137} INFO - [2023-03-03T16:09:34.454+0100] {dag.py:3336} INFO - Setting next_dagrun for example_skip_dag to 2023-03-02T15:09:34.453922+00:00, run_after=2023-03-03T15:09:34.453922+00:00
[2023-03-03T16:09:34.471+0100] {processor.py:176} INFO - Processing /Users/uab910/dev/nnam-poc/pyenv/lib/python3.10/site-packages/airflow/example_dags/example_skip_dag.py took 0.247 seconds
[2023-03-03T16:10:50.655+0100] {processor.py:154} INFO - Started process (PID=57537) to work on /Users/uab910/dev/nnam-poc/pyenv/lib/python3.10/site-packages/airflow/example_dags/example_skip_dag.py
[2023-03-03T16:10:50.661+0100] {processor.py:756} INFO - Processing file /Users/uab910/dev/nnam-poc/pyenv/lib/python3.10/site-packages/airflow/example_dags/example_skip_dag.py for tasks to queue
[2023-03-03T16:10:50.662+0100] {logging_mixin.py:137} INFO - [2023-03-03T16:10:50.662+0100] {dagbag.py:537} INFO - Filling up the DagBag from /Users/uab910/dev/nnam-poc/pyenv/lib/python3.10/site-packages/airflow/example_dags/example_skip_dag.py
[2023-03-03T16:10:50.697+0100] {processor.py:766} INFO - DAG(s) dict_keys(['example_skip_dag']) retrieved from /Users/uab910/dev/nnam-poc/pyenv/lib/python3.10/site-packages/airflow/example_dags/example_skip_dag.py
[2023-03-03T16:10:50.934+0100] {logging_mixin.py:137} INFO - [2023-03-03T16:10:50.934+0100] {dag.py:2585} INFO - Sync 1 DAGs
[2023-03-03T16:10:50.954+0100] {logging_mixin.py:137} INFO - [2023-03-03T16:10:50.954+0100] {dag.py:3336} INFO - Setting next_dagrun for example_skip_dag to 2023-03-02T15:10:50.954150+00:00, run_after=2023-03-03T15:10:50.954150+00:00
[2023-03-03T16:10:50.976+0100] {processor.py:176} INFO - Processing /Users/uab910/dev/nnam-poc/pyenv/lib/python3.10/site-packages/airflow/example_dags/example_skip_dag.py took 0.322 seconds
[2023-03-03T16:12:09.105+0100] {processor.py:154} INFO - Started process (PID=57580) to work on /Users/uab910/dev/nnam-poc/pyenv/lib/python3.10/site-packages/airflow/example_dags/example_skip_dag.py
[2023-03-03T16:12:09.110+0100] {processor.py:756} INFO - Processing file /Users/uab910/dev/nnam-poc/pyenv/lib/python3.10/site-packages/airflow/example_dags/example_skip_dag.py for tasks to queue
[2023-03-03T16:12:09.111+0100] {logging_mixin.py:137} INFO - [2023-03-03T16:12:09.111+0100] {dagbag.py:537} INFO - Filling up the DagBag from /Users/uab910/dev/nnam-poc/pyenv/lib/python3.10/site-packages/airflow/example_dags/example_skip_dag.py
[2023-03-03T16:12:09.148+0100] {processor.py:766} INFO - DAG(s) dict_keys(['example_skip_dag']) retrieved from /Users/uab910/dev/nnam-poc/pyenv/lib/python3.10/site-packages/airflow/example_dags/example_skip_dag.py
[2023-03-03T16:12:09.341+0100] {logging_mixin.py:137} INFO - [2023-03-03T16:12:09.341+0100] {dag.py:2585} INFO - Sync 1 DAGs
[2023-03-03T16:12:09.355+0100] {logging_mixin.py:137} INFO - [2023-03-03T16:12:09.355+0100] {dag.py:3336} INFO - Setting next_dagrun for example_skip_dag to 2023-03-02T15:12:09.355417+00:00, run_after=2023-03-03T15:12:09.355417+00:00
[2023-03-03T16:12:09.371+0100] {processor.py:176} INFO - Processing /Users/uab910/dev/nnam-poc/pyenv/lib/python3.10/site-packages/airflow/example_dags/example_skip_dag.py took 0.267 seconds
[2023-03-03T16:13:21.742+0100] {processor.py:154} INFO - Started process (PID=57618) to work on /Users/uab910/dev/nnam-poc/pyenv/lib/python3.10/site-packages/airflow/example_dags/example_skip_dag.py
[2023-03-03T16:13:21.748+0100] {processor.py:756} INFO - Processing file /Users/uab910/dev/nnam-poc/pyenv/lib/python3.10/site-packages/airflow/example_dags/example_skip_dag.py for tasks to queue
[2023-03-03T16:13:21.748+0100] {logging_mixin.py:137} INFO - [2023-03-03T16:13:21.748+0100] {dagbag.py:537} INFO - Filling up the DagBag from /Users/uab910/dev/nnam-poc/pyenv/lib/python3.10/site-packages/airflow/example_dags/example_skip_dag.py
[2023-03-03T16:13:21.780+0100] {processor.py:766} INFO - DAG(s) dict_keys(['example_skip_dag']) retrieved from /Users/uab910/dev/nnam-poc/pyenv/lib/python3.10/site-packages/airflow/example_dags/example_skip_dag.py
[2023-03-03T16:13:21.957+0100] {logging_mixin.py:137} INFO - [2023-03-03T16:13:21.957+0100] {dag.py:2585} INFO - Sync 1 DAGs
[2023-03-03T16:13:21.972+0100] {logging_mixin.py:137} INFO - [2023-03-03T16:13:21.972+0100] {dag.py:3336} INFO - Setting next_dagrun for example_skip_dag to 2023-03-02T15:13:21.972010+00:00, run_after=2023-03-03T15:13:21.972010+00:00
[2023-03-03T16:13:21.989+0100] {processor.py:176} INFO - Processing /Users/uab910/dev/nnam-poc/pyenv/lib/python3.10/site-packages/airflow/example_dags/example_skip_dag.py took 0.248 seconds
[2023-03-03T16:14:37.538+0100] {processor.py:154} INFO - Started process (PID=57681) to work on /Users/uab910/dev/nnam-poc/pyenv/lib/python3.10/site-packages/airflow/example_dags/example_skip_dag.py
[2023-03-03T16:14:37.543+0100] {processor.py:756} INFO - Processing file /Users/uab910/dev/nnam-poc/pyenv/lib/python3.10/site-packages/airflow/example_dags/example_skip_dag.py for tasks to queue
[2023-03-03T16:14:37.544+0100] {logging_mixin.py:137} INFO - [2023-03-03T16:14:37.544+0100] {dagbag.py:537} INFO - Filling up the DagBag from /Users/uab910/dev/nnam-poc/pyenv/lib/python3.10/site-packages/airflow/example_dags/example_skip_dag.py
[2023-03-03T16:14:37.575+0100] {processor.py:766} INFO - DAG(s) dict_keys(['example_skip_dag']) retrieved from /Users/uab910/dev/nnam-poc/pyenv/lib/python3.10/site-packages/airflow/example_dags/example_skip_dag.py
[2023-03-03T16:14:37.744+0100] {logging_mixin.py:137} INFO - [2023-03-03T16:14:37.743+0100] {dag.py:2585} INFO - Sync 1 DAGs
[2023-03-03T16:14:37.756+0100] {logging_mixin.py:137} INFO - [2023-03-03T16:14:37.756+0100] {dag.py:3336} INFO - Setting next_dagrun for example_skip_dag to 2023-03-02T15:14:37.756400+00:00, run_after=2023-03-03T15:14:37.756400+00:00
[2023-03-03T16:14:37.771+0100] {processor.py:176} INFO - Processing /Users/uab910/dev/nnam-poc/pyenv/lib/python3.10/site-packages/airflow/example_dags/example_skip_dag.py took 0.233 seconds
[2023-03-03T16:15:54.953+0100] {processor.py:154} INFO - Started process (PID=57744) to work on /Users/uab910/dev/nnam-poc/pyenv/lib/python3.10/site-packages/airflow/example_dags/example_skip_dag.py
[2023-03-03T16:15:54.959+0100] {processor.py:756} INFO - Processing file /Users/uab910/dev/nnam-poc/pyenv/lib/python3.10/site-packages/airflow/example_dags/example_skip_dag.py for tasks to queue
[2023-03-03T16:15:54.959+0100] {logging_mixin.py:137} INFO - [2023-03-03T16:15:54.959+0100] {dagbag.py:537} INFO - Filling up the DagBag from /Users/uab910/dev/nnam-poc/pyenv/lib/python3.10/site-packages/airflow/example_dags/example_skip_dag.py
[2023-03-03T16:15:54.990+0100] {processor.py:766} INFO - DAG(s) dict_keys(['example_skip_dag']) retrieved from /Users/uab910/dev/nnam-poc/pyenv/lib/python3.10/site-packages/airflow/example_dags/example_skip_dag.py
[2023-03-03T16:15:55.184+0100] {logging_mixin.py:137} INFO - [2023-03-03T16:15:55.184+0100] {dag.py:2585} INFO - Sync 1 DAGs
[2023-03-03T16:15:55.200+0100] {logging_mixin.py:137} INFO - [2023-03-03T16:15:55.200+0100] {dag.py:3336} INFO - Setting next_dagrun for example_skip_dag to 2023-03-02T15:15:55.200674+00:00, run_after=2023-03-03T15:15:55.200674+00:00
[2023-03-03T16:15:55.219+0100] {processor.py:176} INFO - Processing /Users/uab910/dev/nnam-poc/pyenv/lib/python3.10/site-packages/airflow/example_dags/example_skip_dag.py took 0.266 seconds
[2023-03-03T16:17:14.833+0100] {processor.py:154} INFO - Started process (PID=57832) to work on /Users/uab910/dev/nnam-poc/pyenv/lib/python3.10/site-packages/airflow/example_dags/example_skip_dag.py
[2023-03-03T16:17:14.838+0100] {processor.py:756} INFO - Processing file /Users/uab910/dev/nnam-poc/pyenv/lib/python3.10/site-packages/airflow/example_dags/example_skip_dag.py for tasks to queue
[2023-03-03T16:17:14.838+0100] {logging_mixin.py:137} INFO - [2023-03-03T16:17:14.838+0100] {dagbag.py:537} INFO - Filling up the DagBag from /Users/uab910/dev/nnam-poc/pyenv/lib/python3.10/site-packages/airflow/example_dags/example_skip_dag.py
[2023-03-03T16:17:14.871+0100] {processor.py:766} INFO - DAG(s) dict_keys(['example_skip_dag']) retrieved from /Users/uab910/dev/nnam-poc/pyenv/lib/python3.10/site-packages/airflow/example_dags/example_skip_dag.py
[2023-03-03T16:17:15.047+0100] {logging_mixin.py:137} INFO - [2023-03-03T16:17:15.047+0100] {dag.py:2585} INFO - Sync 1 DAGs
[2023-03-03T16:17:15.061+0100] {logging_mixin.py:137} INFO - [2023-03-03T16:17:15.061+0100] {dag.py:3336} INFO - Setting next_dagrun for example_skip_dag to 2023-03-02T15:17:15.061109+00:00, run_after=2023-03-03T15:17:15.061109+00:00
[2023-03-03T16:17:15.075+0100] {processor.py:176} INFO - Processing /Users/uab910/dev/nnam-poc/pyenv/lib/python3.10/site-packages/airflow/example_dags/example_skip_dag.py took 0.243 seconds
[2023-03-03T16:18:33.943+0100] {processor.py:154} INFO - Started process (PID=57889) to work on /Users/uab910/dev/nnam-poc/pyenv/lib/python3.10/site-packages/airflow/example_dags/example_skip_dag.py
[2023-03-03T16:18:33.949+0100] {processor.py:756} INFO - Processing file /Users/uab910/dev/nnam-poc/pyenv/lib/python3.10/site-packages/airflow/example_dags/example_skip_dag.py for tasks to queue
[2023-03-03T16:18:33.949+0100] {logging_mixin.py:137} INFO - [2023-03-03T16:18:33.949+0100] {dagbag.py:537} INFO - Filling up the DagBag from /Users/uab910/dev/nnam-poc/pyenv/lib/python3.10/site-packages/airflow/example_dags/example_skip_dag.py
[2023-03-03T16:18:33.984+0100] {processor.py:766} INFO - DAG(s) dict_keys(['example_skip_dag']) retrieved from /Users/uab910/dev/nnam-poc/pyenv/lib/python3.10/site-packages/airflow/example_dags/example_skip_dag.py
[2023-03-03T16:18:34.215+0100] {logging_mixin.py:137} INFO - [2023-03-03T16:18:34.214+0100] {dag.py:2585} INFO - Sync 1 DAGs
[2023-03-03T16:18:34.233+0100] {logging_mixin.py:137} INFO - [2023-03-03T16:18:34.233+0100] {dag.py:3336} INFO - Setting next_dagrun for example_skip_dag to 2023-03-02T15:18:34.233419+00:00, run_after=2023-03-03T15:18:34.233419+00:00
[2023-03-03T16:18:34.252+0100] {processor.py:176} INFO - Processing /Users/uab910/dev/nnam-poc/pyenv/lib/python3.10/site-packages/airflow/example_dags/example_skip_dag.py took 0.310 seconds
[2023-03-03T16:19:51.621+0100] {processor.py:154} INFO - Started process (PID=57943) to work on /Users/uab910/dev/nnam-poc/pyenv/lib/python3.10/site-packages/airflow/example_dags/example_skip_dag.py
[2023-03-03T16:19:51.626+0100] {processor.py:756} INFO - Processing file /Users/uab910/dev/nnam-poc/pyenv/lib/python3.10/site-packages/airflow/example_dags/example_skip_dag.py for tasks to queue
[2023-03-03T16:19:51.627+0100] {logging_mixin.py:137} INFO - [2023-03-03T16:19:51.627+0100] {dagbag.py:537} INFO - Filling up the DagBag from /Users/uab910/dev/nnam-poc/pyenv/lib/python3.10/site-packages/airflow/example_dags/example_skip_dag.py
[2023-03-03T16:19:51.658+0100] {processor.py:766} INFO - DAG(s) dict_keys(['example_skip_dag']) retrieved from /Users/uab910/dev/nnam-poc/pyenv/lib/python3.10/site-packages/airflow/example_dags/example_skip_dag.py
[2023-03-03T16:19:51.834+0100] {logging_mixin.py:137} INFO - [2023-03-03T16:19:51.834+0100] {dag.py:2585} INFO - Sync 1 DAGs
[2023-03-03T16:19:51.847+0100] {logging_mixin.py:137} INFO - [2023-03-03T16:19:51.847+0100] {dag.py:3336} INFO - Setting next_dagrun for example_skip_dag to 2023-03-02T15:19:51.847316+00:00, run_after=2023-03-03T15:19:51.847316+00:00
[2023-03-03T16:19:51.863+0100] {processor.py:176} INFO - Processing /Users/uab910/dev/nnam-poc/pyenv/lib/python3.10/site-packages/airflow/example_dags/example_skip_dag.py took 0.243 seconds
[2023-03-03T16:21:06.976+0100] {processor.py:154} INFO - Started process (PID=58023) to work on /Users/uab910/dev/nnam-poc/pyenv/lib/python3.10/site-packages/airflow/example_dags/example_skip_dag.py
[2023-03-03T16:21:06.981+0100] {processor.py:756} INFO - Processing file /Users/uab910/dev/nnam-poc/pyenv/lib/python3.10/site-packages/airflow/example_dags/example_skip_dag.py for tasks to queue
[2023-03-03T16:21:06.981+0100] {logging_mixin.py:137} INFO - [2023-03-03T16:21:06.981+0100] {dagbag.py:537} INFO - Filling up the DagBag from /Users/uab910/dev/nnam-poc/pyenv/lib/python3.10/site-packages/airflow/example_dags/example_skip_dag.py
[2023-03-03T16:21:07.025+0100] {processor.py:766} INFO - DAG(s) dict_keys(['example_skip_dag']) retrieved from /Users/uab910/dev/nnam-poc/pyenv/lib/python3.10/site-packages/airflow/example_dags/example_skip_dag.py
[2023-03-03T16:21:07.217+0100] {logging_mixin.py:137} INFO - [2023-03-03T16:21:07.217+0100] {dag.py:2585} INFO - Sync 1 DAGs
[2023-03-03T16:21:07.232+0100] {logging_mixin.py:137} INFO - [2023-03-03T16:21:07.232+0100] {dag.py:3336} INFO - Setting next_dagrun for example_skip_dag to 2023-03-02T15:21:07.232415+00:00, run_after=2023-03-03T15:21:07.232415+00:00
[2023-03-03T16:21:07.247+0100] {processor.py:176} INFO - Processing /Users/uab910/dev/nnam-poc/pyenv/lib/python3.10/site-packages/airflow/example_dags/example_skip_dag.py took 0.272 seconds
[2023-03-03T16:22:30.732+0100] {processor.py:154} INFO - Started process (PID=58085) to work on /Users/uab910/dev/nnam-poc/pyenv/lib/python3.10/site-packages/airflow/example_dags/example_skip_dag.py
[2023-03-03T16:22:30.737+0100] {processor.py:756} INFO - Processing file /Users/uab910/dev/nnam-poc/pyenv/lib/python3.10/site-packages/airflow/example_dags/example_skip_dag.py for tasks to queue
[2023-03-03T16:22:30.737+0100] {logging_mixin.py:137} INFO - [2023-03-03T16:22:30.737+0100] {dagbag.py:537} INFO - Filling up the DagBag from /Users/uab910/dev/nnam-poc/pyenv/lib/python3.10/site-packages/airflow/example_dags/example_skip_dag.py
[2023-03-03T16:22:30.775+0100] {processor.py:766} INFO - DAG(s) dict_keys(['example_skip_dag']) retrieved from /Users/uab910/dev/nnam-poc/pyenv/lib/python3.10/site-packages/airflow/example_dags/example_skip_dag.py
[2023-03-03T16:22:30.960+0100] {logging_mixin.py:137} INFO - [2023-03-03T16:22:30.960+0100] {dag.py:2585} INFO - Sync 1 DAGs
[2023-03-03T16:22:30.975+0100] {logging_mixin.py:137} INFO - [2023-03-03T16:22:30.975+0100] {dag.py:3336} INFO - Setting next_dagrun for example_skip_dag to 2023-03-02T15:22:30.975636+00:00, run_after=2023-03-03T15:22:30.975636+00:00
[2023-03-03T16:22:30.990+0100] {processor.py:176} INFO - Processing /Users/uab910/dev/nnam-poc/pyenv/lib/python3.10/site-packages/airflow/example_dags/example_skip_dag.py took 0.259 seconds
[2023-03-03T16:23:45.446+0100] {processor.py:154} INFO - Started process (PID=58165) to work on /Users/uab910/dev/nnam-poc/pyenv/lib/python3.10/site-packages/airflow/example_dags/example_skip_dag.py
[2023-03-03T16:23:45.450+0100] {processor.py:756} INFO - Processing file /Users/uab910/dev/nnam-poc/pyenv/lib/python3.10/site-packages/airflow/example_dags/example_skip_dag.py for tasks to queue
[2023-03-03T16:23:45.450+0100] {logging_mixin.py:137} INFO - [2023-03-03T16:23:45.450+0100] {dagbag.py:537} INFO - Filling up the DagBag from /Users/uab910/dev/nnam-poc/pyenv/lib/python3.10/site-packages/airflow/example_dags/example_skip_dag.py
[2023-03-03T16:23:45.480+0100] {processor.py:766} INFO - DAG(s) dict_keys(['example_skip_dag']) retrieved from /Users/uab910/dev/nnam-poc/pyenv/lib/python3.10/site-packages/airflow/example_dags/example_skip_dag.py
[2023-03-03T16:23:45.647+0100] {logging_mixin.py:137} INFO - [2023-03-03T16:23:45.647+0100] {dag.py:2585} INFO - Sync 1 DAGs
[2023-03-03T16:23:45.659+0100] {logging_mixin.py:137} INFO - [2023-03-03T16:23:45.659+0100] {dag.py:3336} INFO - Setting next_dagrun for example_skip_dag to 2023-03-02T15:23:45.659657+00:00, run_after=2023-03-03T15:23:45.659657+00:00
[2023-03-03T16:23:45.674+0100] {processor.py:176} INFO - Processing /Users/uab910/dev/nnam-poc/pyenv/lib/python3.10/site-packages/airflow/example_dags/example_skip_dag.py took 0.229 seconds
[2023-03-03T16:25:03.109+0100] {processor.py:154} INFO - Started process (PID=58213) to work on /Users/uab910/dev/nnam-poc/pyenv/lib/python3.10/site-packages/airflow/example_dags/example_skip_dag.py
[2023-03-03T16:25:03.114+0100] {processor.py:756} INFO - Processing file /Users/uab910/dev/nnam-poc/pyenv/lib/python3.10/site-packages/airflow/example_dags/example_skip_dag.py for tasks to queue
[2023-03-03T16:25:03.115+0100] {logging_mixin.py:137} INFO - [2023-03-03T16:25:03.115+0100] {dagbag.py:537} INFO - Filling up the DagBag from /Users/uab910/dev/nnam-poc/pyenv/lib/python3.10/site-packages/airflow/example_dags/example_skip_dag.py
[2023-03-03T16:25:03.149+0100] {processor.py:766} INFO - DAG(s) dict_keys(['example_skip_dag']) retrieved from /Users/uab910/dev/nnam-poc/pyenv/lib/python3.10/site-packages/airflow/example_dags/example_skip_dag.py
[2023-03-03T16:25:03.356+0100] {logging_mixin.py:137} INFO - [2023-03-03T16:25:03.356+0100] {dag.py:2585} INFO - Sync 1 DAGs
[2023-03-03T16:25:03.373+0100] {logging_mixin.py:137} INFO - [2023-03-03T16:25:03.373+0100] {dag.py:3336} INFO - Setting next_dagrun for example_skip_dag to 2023-03-02T15:25:03.373173+00:00, run_after=2023-03-03T15:25:03.373173+00:00
[2023-03-03T16:25:03.391+0100] {processor.py:176} INFO - Processing /Users/uab910/dev/nnam-poc/pyenv/lib/python3.10/site-packages/airflow/example_dags/example_skip_dag.py took 0.283 seconds
[2023-03-03T16:26:16.393+0100] {processor.py:154} INFO - Started process (PID=58251) to work on /Users/uab910/dev/nnam-poc/pyenv/lib/python3.10/site-packages/airflow/example_dags/example_skip_dag.py
[2023-03-03T16:26:16.397+0100] {processor.py:756} INFO - Processing file /Users/uab910/dev/nnam-poc/pyenv/lib/python3.10/site-packages/airflow/example_dags/example_skip_dag.py for tasks to queue
[2023-03-03T16:26:16.398+0100] {logging_mixin.py:137} INFO - [2023-03-03T16:26:16.398+0100] {dagbag.py:537} INFO - Filling up the DagBag from /Users/uab910/dev/nnam-poc/pyenv/lib/python3.10/site-packages/airflow/example_dags/example_skip_dag.py
[2023-03-03T16:26:16.437+0100] {processor.py:766} INFO - DAG(s) dict_keys(['example_skip_dag']) retrieved from /Users/uab910/dev/nnam-poc/pyenv/lib/python3.10/site-packages/airflow/example_dags/example_skip_dag.py
[2023-03-03T16:26:16.611+0100] {logging_mixin.py:137} INFO - [2023-03-03T16:26:16.611+0100] {dag.py:2585} INFO - Sync 1 DAGs
[2023-03-03T16:26:16.625+0100] {logging_mixin.py:137} INFO - [2023-03-03T16:26:16.624+0100] {dag.py:3336} INFO - Setting next_dagrun for example_skip_dag to 2023-03-02T15:26:16.624824+00:00, run_after=2023-03-03T15:26:16.624824+00:00
[2023-03-03T16:26:16.640+0100] {processor.py:176} INFO - Processing /Users/uab910/dev/nnam-poc/pyenv/lib/python3.10/site-packages/airflow/example_dags/example_skip_dag.py took 0.248 seconds
[2023-03-03T16:27:30.998+0100] {processor.py:154} INFO - Started process (PID=58302) to work on /Users/uab910/dev/nnam-poc/pyenv/lib/python3.10/site-packages/airflow/example_dags/example_skip_dag.py
[2023-03-03T16:27:31.003+0100] {processor.py:756} INFO - Processing file /Users/uab910/dev/nnam-poc/pyenv/lib/python3.10/site-packages/airflow/example_dags/example_skip_dag.py for tasks to queue
[2023-03-03T16:27:31.003+0100] {logging_mixin.py:137} INFO - [2023-03-03T16:27:31.003+0100] {dagbag.py:537} INFO - Filling up the DagBag from /Users/uab910/dev/nnam-poc/pyenv/lib/python3.10/site-packages/airflow/example_dags/example_skip_dag.py
[2023-03-03T16:27:31.033+0100] {processor.py:766} INFO - DAG(s) dict_keys(['example_skip_dag']) retrieved from /Users/uab910/dev/nnam-poc/pyenv/lib/python3.10/site-packages/airflow/example_dags/example_skip_dag.py
[2023-03-03T16:27:31.206+0100] {logging_mixin.py:137} INFO - [2023-03-03T16:27:31.206+0100] {dag.py:2585} INFO - Sync 1 DAGs
[2023-03-03T16:27:31.222+0100] {logging_mixin.py:137} INFO - [2023-03-03T16:27:31.222+0100] {dag.py:3336} INFO - Setting next_dagrun for example_skip_dag to 2023-03-02T15:27:31.221958+00:00, run_after=2023-03-03T15:27:31.221958+00:00
[2023-03-03T16:27:31.237+0100] {processor.py:176} INFO - Processing /Users/uab910/dev/nnam-poc/pyenv/lib/python3.10/site-packages/airflow/example_dags/example_skip_dag.py took 0.240 seconds
[2023-03-03T16:28:46.743+0100] {processor.py:154} INFO - Started process (PID=58340) to work on /Users/uab910/dev/nnam-poc/pyenv/lib/python3.10/site-packages/airflow/example_dags/example_skip_dag.py
[2023-03-03T16:28:46.748+0100] {processor.py:756} INFO - Processing file /Users/uab910/dev/nnam-poc/pyenv/lib/python3.10/site-packages/airflow/example_dags/example_skip_dag.py for tasks to queue
[2023-03-03T16:28:46.748+0100] {logging_mixin.py:137} INFO - [2023-03-03T16:28:46.748+0100] {dagbag.py:537} INFO - Filling up the DagBag from /Users/uab910/dev/nnam-poc/pyenv/lib/python3.10/site-packages/airflow/example_dags/example_skip_dag.py
[2023-03-03T16:28:46.778+0100] {processor.py:766} INFO - DAG(s) dict_keys(['example_skip_dag']) retrieved from /Users/uab910/dev/nnam-poc/pyenv/lib/python3.10/site-packages/airflow/example_dags/example_skip_dag.py
[2023-03-03T16:28:46.980+0100] {logging_mixin.py:137} INFO - [2023-03-03T16:28:46.980+0100] {dag.py:2585} INFO - Sync 1 DAGs
[2023-03-03T16:28:46.995+0100] {logging_mixin.py:137} INFO - [2023-03-03T16:28:46.995+0100] {dag.py:3336} INFO - Setting next_dagrun for example_skip_dag to 2023-03-02T15:28:46.995487+00:00, run_after=2023-03-03T15:28:46.995487+00:00
[2023-03-03T16:28:47.012+0100] {processor.py:176} INFO - Processing /Users/uab910/dev/nnam-poc/pyenv/lib/python3.10/site-packages/airflow/example_dags/example_skip_dag.py took 0.269 seconds
[2023-03-03T16:30:03.003+0100] {processor.py:154} INFO - Started process (PID=58386) to work on /Users/uab910/dev/nnam-poc/pyenv/lib/python3.10/site-packages/airflow/example_dags/example_skip_dag.py
[2023-03-03T16:30:03.009+0100] {processor.py:756} INFO - Processing file /Users/uab910/dev/nnam-poc/pyenv/lib/python3.10/site-packages/airflow/example_dags/example_skip_dag.py for tasks to queue
[2023-03-03T16:30:03.010+0100] {logging_mixin.py:137} INFO - [2023-03-03T16:30:03.010+0100] {dagbag.py:537} INFO - Filling up the DagBag from /Users/uab910/dev/nnam-poc/pyenv/lib/python3.10/site-packages/airflow/example_dags/example_skip_dag.py
[2023-03-03T16:30:03.043+0100] {processor.py:766} INFO - DAG(s) dict_keys(['example_skip_dag']) retrieved from /Users/uab910/dev/nnam-poc/pyenv/lib/python3.10/site-packages/airflow/example_dags/example_skip_dag.py
[2023-03-03T16:30:03.214+0100] {logging_mixin.py:137} INFO - [2023-03-03T16:30:03.214+0100] {dag.py:2585} INFO - Sync 1 DAGs
[2023-03-03T16:30:03.227+0100] {logging_mixin.py:137} INFO - [2023-03-03T16:30:03.227+0100] {dag.py:3336} INFO - Setting next_dagrun for example_skip_dag to 2023-03-02T15:30:03.227104+00:00, run_after=2023-03-03T15:30:03.227104+00:00
[2023-03-03T16:30:03.242+0100] {processor.py:176} INFO - Processing /Users/uab910/dev/nnam-poc/pyenv/lib/python3.10/site-packages/airflow/example_dags/example_skip_dag.py took 0.239 seconds
[2023-03-03T16:31:19.126+0100] {processor.py:154} INFO - Started process (PID=58428) to work on /Users/uab910/dev/nnam-poc/pyenv/lib/python3.10/site-packages/airflow/example_dags/example_skip_dag.py
[2023-03-03T16:31:19.132+0100] {processor.py:756} INFO - Processing file /Users/uab910/dev/nnam-poc/pyenv/lib/python3.10/site-packages/airflow/example_dags/example_skip_dag.py for tasks to queue
[2023-03-03T16:31:19.132+0100] {logging_mixin.py:137} INFO - [2023-03-03T16:31:19.132+0100] {dagbag.py:537} INFO - Filling up the DagBag from /Users/uab910/dev/nnam-poc/pyenv/lib/python3.10/site-packages/airflow/example_dags/example_skip_dag.py
[2023-03-03T16:31:19.167+0100] {processor.py:766} INFO - DAG(s) dict_keys(['example_skip_dag']) retrieved from /Users/uab910/dev/nnam-poc/pyenv/lib/python3.10/site-packages/airflow/example_dags/example_skip_dag.py
[2023-03-03T16:31:19.349+0100] {logging_mixin.py:137} INFO - [2023-03-03T16:31:19.349+0100] {dag.py:2585} INFO - Sync 1 DAGs
[2023-03-03T16:31:19.363+0100] {logging_mixin.py:137} INFO - [2023-03-03T16:31:19.363+0100] {dag.py:3336} INFO - Setting next_dagrun for example_skip_dag to 2023-03-02T15:31:19.363719+00:00, run_after=2023-03-03T15:31:19.363719+00:00
[2023-03-03T16:31:19.380+0100] {processor.py:176} INFO - Processing /Users/uab910/dev/nnam-poc/pyenv/lib/python3.10/site-packages/airflow/example_dags/example_skip_dag.py took 0.254 seconds
[2023-03-03T16:32:35.535+0100] {processor.py:154} INFO - Started process (PID=58465) to work on /Users/uab910/dev/nnam-poc/pyenv/lib/python3.10/site-packages/airflow/example_dags/example_skip_dag.py
[2023-03-03T16:32:35.540+0100] {processor.py:756} INFO - Processing file /Users/uab910/dev/nnam-poc/pyenv/lib/python3.10/site-packages/airflow/example_dags/example_skip_dag.py for tasks to queue
[2023-03-03T16:32:35.541+0100] {logging_mixin.py:137} INFO - [2023-03-03T16:32:35.541+0100] {dagbag.py:537} INFO - Filling up the DagBag from /Users/uab910/dev/nnam-poc/pyenv/lib/python3.10/site-packages/airflow/example_dags/example_skip_dag.py
[2023-03-03T16:32:35.574+0100] {processor.py:766} INFO - DAG(s) dict_keys(['example_skip_dag']) retrieved from /Users/uab910/dev/nnam-poc/pyenv/lib/python3.10/site-packages/airflow/example_dags/example_skip_dag.py
[2023-03-03T16:32:35.758+0100] {logging_mixin.py:137} INFO - [2023-03-03T16:32:35.758+0100] {dag.py:2585} INFO - Sync 1 DAGs
[2023-03-03T16:32:35.772+0100] {logging_mixin.py:137} INFO - [2023-03-03T16:32:35.772+0100] {dag.py:3336} INFO - Setting next_dagrun for example_skip_dag to 2023-03-02T15:32:35.772560+00:00, run_after=2023-03-03T15:32:35.772560+00:00
[2023-03-03T16:32:35.788+0100] {processor.py:176} INFO - Processing /Users/uab910/dev/nnam-poc/pyenv/lib/python3.10/site-packages/airflow/example_dags/example_skip_dag.py took 0.254 seconds
[2023-03-03T16:33:52.995+0100] {processor.py:154} INFO - Started process (PID=58523) to work on /Users/uab910/dev/nnam-poc/pyenv/lib/python3.10/site-packages/airflow/example_dags/example_skip_dag.py
[2023-03-03T16:33:53.002+0100] {processor.py:756} INFO - Processing file /Users/uab910/dev/nnam-poc/pyenv/lib/python3.10/site-packages/airflow/example_dags/example_skip_dag.py for tasks to queue
[2023-03-03T16:33:53.002+0100] {logging_mixin.py:137} INFO - [2023-03-03T16:33:53.002+0100] {dagbag.py:537} INFO - Filling up the DagBag from /Users/uab910/dev/nnam-poc/pyenv/lib/python3.10/site-packages/airflow/example_dags/example_skip_dag.py
[2023-03-03T16:33:53.042+0100] {processor.py:766} INFO - DAG(s) dict_keys(['example_skip_dag']) retrieved from /Users/uab910/dev/nnam-poc/pyenv/lib/python3.10/site-packages/airflow/example_dags/example_skip_dag.py
[2023-03-03T16:33:53.289+0100] {logging_mixin.py:137} INFO - [2023-03-03T16:33:53.289+0100] {dag.py:2585} INFO - Sync 1 DAGs
[2023-03-03T16:33:53.316+0100] {logging_mixin.py:137} INFO - [2023-03-03T16:33:53.316+0100] {dag.py:3336} INFO - Setting next_dagrun for example_skip_dag to 2023-03-02T15:33:53.316164+00:00, run_after=2023-03-03T15:33:53.316164+00:00
[2023-03-03T16:33:53.341+0100] {processor.py:176} INFO - Processing /Users/uab910/dev/nnam-poc/pyenv/lib/python3.10/site-packages/airflow/example_dags/example_skip_dag.py took 0.346 seconds
[2023-03-03T16:35:09.157+0100] {processor.py:154} INFO - Started process (PID=58571) to work on /Users/uab910/dev/nnam-poc/pyenv/lib/python3.10/site-packages/airflow/example_dags/example_skip_dag.py
[2023-03-03T16:35:09.164+0100] {processor.py:756} INFO - Processing file /Users/uab910/dev/nnam-poc/pyenv/lib/python3.10/site-packages/airflow/example_dags/example_skip_dag.py for tasks to queue
[2023-03-03T16:35:09.164+0100] {logging_mixin.py:137} INFO - [2023-03-03T16:35:09.164+0100] {dagbag.py:537} INFO - Filling up the DagBag from /Users/uab910/dev/nnam-poc/pyenv/lib/python3.10/site-packages/airflow/example_dags/example_skip_dag.py
[2023-03-03T16:35:09.201+0100] {processor.py:766} INFO - DAG(s) dict_keys(['example_skip_dag']) retrieved from /Users/uab910/dev/nnam-poc/pyenv/lib/python3.10/site-packages/airflow/example_dags/example_skip_dag.py
[2023-03-03T16:35:09.399+0100] {logging_mixin.py:137} INFO - [2023-03-03T16:35:09.398+0100] {dag.py:2585} INFO - Sync 1 DAGs
[2023-03-03T16:35:09.412+0100] {logging_mixin.py:137} INFO - [2023-03-03T16:35:09.412+0100] {dag.py:3336} INFO - Setting next_dagrun for example_skip_dag to 2023-03-02T15:35:09.412621+00:00, run_after=2023-03-03T15:35:09.412621+00:00
[2023-03-03T16:35:09.428+0100] {processor.py:176} INFO - Processing /Users/uab910/dev/nnam-poc/pyenv/lib/python3.10/site-packages/airflow/example_dags/example_skip_dag.py took 0.272 seconds
[2023-03-03T16:36:26.254+0100] {processor.py:154} INFO - Started process (PID=58615) to work on /Users/uab910/dev/nnam-poc/pyenv/lib/python3.10/site-packages/airflow/example_dags/example_skip_dag.py
[2023-03-03T16:36:26.259+0100] {processor.py:756} INFO - Processing file /Users/uab910/dev/nnam-poc/pyenv/lib/python3.10/site-packages/airflow/example_dags/example_skip_dag.py for tasks to queue
[2023-03-03T16:36:26.259+0100] {logging_mixin.py:137} INFO - [2023-03-03T16:36:26.259+0100] {dagbag.py:537} INFO - Filling up the DagBag from /Users/uab910/dev/nnam-poc/pyenv/lib/python3.10/site-packages/airflow/example_dags/example_skip_dag.py
[2023-03-03T16:36:26.290+0100] {processor.py:766} INFO - DAG(s) dict_keys(['example_skip_dag']) retrieved from /Users/uab910/dev/nnam-poc/pyenv/lib/python3.10/site-packages/airflow/example_dags/example_skip_dag.py
[2023-03-03T16:36:26.465+0100] {logging_mixin.py:137} INFO - [2023-03-03T16:36:26.465+0100] {dag.py:2585} INFO - Sync 1 DAGs
[2023-03-03T16:36:26.478+0100] {logging_mixin.py:137} INFO - [2023-03-03T16:36:26.478+0100] {dag.py:3336} INFO - Setting next_dagrun for example_skip_dag to 2023-03-02T15:36:26.477946+00:00, run_after=2023-03-03T15:36:26.477946+00:00
[2023-03-03T16:36:26.492+0100] {processor.py:176} INFO - Processing /Users/uab910/dev/nnam-poc/pyenv/lib/python3.10/site-packages/airflow/example_dags/example_skip_dag.py took 0.239 seconds
[2023-03-03T16:37:42.583+0100] {processor.py:154} INFO - Started process (PID=58656) to work on /Users/uab910/dev/nnam-poc/pyenv/lib/python3.10/site-packages/airflow/example_dags/example_skip_dag.py
[2023-03-03T16:37:42.589+0100] {processor.py:756} INFO - Processing file /Users/uab910/dev/nnam-poc/pyenv/lib/python3.10/site-packages/airflow/example_dags/example_skip_dag.py for tasks to queue
[2023-03-03T16:37:42.590+0100] {logging_mixin.py:137} INFO - [2023-03-03T16:37:42.590+0100] {dagbag.py:537} INFO - Filling up the DagBag from /Users/uab910/dev/nnam-poc/pyenv/lib/python3.10/site-packages/airflow/example_dags/example_skip_dag.py
[2023-03-03T16:37:42.625+0100] {processor.py:766} INFO - DAG(s) dict_keys(['example_skip_dag']) retrieved from /Users/uab910/dev/nnam-poc/pyenv/lib/python3.10/site-packages/airflow/example_dags/example_skip_dag.py
[2023-03-03T16:37:42.849+0100] {logging_mixin.py:137} INFO - [2023-03-03T16:37:42.849+0100] {dag.py:2585} INFO - Sync 1 DAGs
[2023-03-03T16:37:42.867+0100] {logging_mixin.py:137} INFO - [2023-03-03T16:37:42.867+0100] {dag.py:3336} INFO - Setting next_dagrun for example_skip_dag to 2023-03-02T15:37:42.866916+00:00, run_after=2023-03-03T15:37:42.866916+00:00
[2023-03-03T16:37:42.884+0100] {processor.py:176} INFO - Processing /Users/uab910/dev/nnam-poc/pyenv/lib/python3.10/site-packages/airflow/example_dags/example_skip_dag.py took 0.302 seconds
[2023-03-03T16:39:01.381+0100] {processor.py:154} INFO - Started process (PID=58696) to work on /Users/uab910/dev/nnam-poc/pyenv/lib/python3.10/site-packages/airflow/example_dags/example_skip_dag.py
[2023-03-03T16:39:01.387+0100] {processor.py:756} INFO - Processing file /Users/uab910/dev/nnam-poc/pyenv/lib/python3.10/site-packages/airflow/example_dags/example_skip_dag.py for tasks to queue
[2023-03-03T16:39:01.388+0100] {logging_mixin.py:137} INFO - [2023-03-03T16:39:01.387+0100] {dagbag.py:537} INFO - Filling up the DagBag from /Users/uab910/dev/nnam-poc/pyenv/lib/python3.10/site-packages/airflow/example_dags/example_skip_dag.py
[2023-03-03T16:39:01.423+0100] {processor.py:766} INFO - DAG(s) dict_keys(['example_skip_dag']) retrieved from /Users/uab910/dev/nnam-poc/pyenv/lib/python3.10/site-packages/airflow/example_dags/example_skip_dag.py
[2023-03-03T16:39:01.608+0100] {logging_mixin.py:137} INFO - [2023-03-03T16:39:01.608+0100] {dag.py:2585} INFO - Sync 1 DAGs
[2023-03-03T16:39:01.622+0100] {logging_mixin.py:137} INFO - [2023-03-03T16:39:01.622+0100] {dag.py:3336} INFO - Setting next_dagrun for example_skip_dag to 2023-03-02T15:39:01.622740+00:00, run_after=2023-03-03T15:39:01.622740+00:00
[2023-03-03T16:39:01.640+0100] {processor.py:176} INFO - Processing /Users/uab910/dev/nnam-poc/pyenv/lib/python3.10/site-packages/airflow/example_dags/example_skip_dag.py took 0.261 seconds
[2023-03-03T16:40:37.634+0100] {processor.py:154} INFO - Started process (PID=58751) to work on /Users/uab910/dev/nnam-poc/pyenv/lib/python3.10/site-packages/airflow/example_dags/example_skip_dag.py
[2023-03-03T16:40:37.640+0100] {processor.py:756} INFO - Processing file /Users/uab910/dev/nnam-poc/pyenv/lib/python3.10/site-packages/airflow/example_dags/example_skip_dag.py for tasks to queue
[2023-03-03T16:40:37.640+0100] {logging_mixin.py:137} INFO - [2023-03-03T16:40:37.640+0100] {dagbag.py:537} INFO - Filling up the DagBag from /Users/uab910/dev/nnam-poc/pyenv/lib/python3.10/site-packages/airflow/example_dags/example_skip_dag.py
[2023-03-03T16:40:37.672+0100] {processor.py:766} INFO - DAG(s) dict_keys(['example_skip_dag']) retrieved from /Users/uab910/dev/nnam-poc/pyenv/lib/python3.10/site-packages/airflow/example_dags/example_skip_dag.py
[2023-03-03T16:40:37.849+0100] {logging_mixin.py:137} INFO - [2023-03-03T16:40:37.848+0100] {dag.py:2585} INFO - Sync 1 DAGs
[2023-03-03T16:40:37.863+0100] {logging_mixin.py:137} INFO - [2023-03-03T16:40:37.863+0100] {dag.py:3336} INFO - Setting next_dagrun for example_skip_dag to 2023-03-02T15:40:37.863029+00:00, run_after=2023-03-03T15:40:37.863029+00:00
[2023-03-03T16:40:37.878+0100] {processor.py:176} INFO - Processing /Users/uab910/dev/nnam-poc/pyenv/lib/python3.10/site-packages/airflow/example_dags/example_skip_dag.py took 0.245 seconds
[2023-03-03T16:42:08.674+0100] {processor.py:154} INFO - Started process (PID=58799) to work on /Users/uab910/dev/nnam-poc/pyenv/lib/python3.10/site-packages/airflow/example_dags/example_skip_dag.py
[2023-03-03T16:42:08.679+0100] {processor.py:756} INFO - Processing file /Users/uab910/dev/nnam-poc/pyenv/lib/python3.10/site-packages/airflow/example_dags/example_skip_dag.py for tasks to queue
[2023-03-03T16:42:08.680+0100] {logging_mixin.py:137} INFO - [2023-03-03T16:42:08.680+0100] {dagbag.py:537} INFO - Filling up the DagBag from /Users/uab910/dev/nnam-poc/pyenv/lib/python3.10/site-packages/airflow/example_dags/example_skip_dag.py
[2023-03-03T16:42:08.711+0100] {processor.py:766} INFO - DAG(s) dict_keys(['example_skip_dag']) retrieved from /Users/uab910/dev/nnam-poc/pyenv/lib/python3.10/site-packages/airflow/example_dags/example_skip_dag.py
[2023-03-03T16:42:08.880+0100] {logging_mixin.py:137} INFO - [2023-03-03T16:42:08.880+0100] {dag.py:2585} INFO - Sync 1 DAGs
[2023-03-03T16:42:08.893+0100] {logging_mixin.py:137} INFO - [2023-03-03T16:42:08.892+0100] {dag.py:3336} INFO - Setting next_dagrun for example_skip_dag to 2023-03-02T15:42:08.892869+00:00, run_after=2023-03-03T15:42:08.892869+00:00
[2023-03-03T16:42:08.908+0100] {processor.py:176} INFO - Processing /Users/uab910/dev/nnam-poc/pyenv/lib/python3.10/site-packages/airflow/example_dags/example_skip_dag.py took 0.235 seconds
[2023-03-03T16:43:41.953+0100] {processor.py:154} INFO - Started process (PID=58873) to work on /Users/uab910/dev/nnam-poc/pyenv/lib/python3.10/site-packages/airflow/example_dags/example_skip_dag.py
[2023-03-03T16:43:41.959+0100] {processor.py:756} INFO - Processing file /Users/uab910/dev/nnam-poc/pyenv/lib/python3.10/site-packages/airflow/example_dags/example_skip_dag.py for tasks to queue
[2023-03-03T16:43:41.959+0100] {logging_mixin.py:137} INFO - [2023-03-03T16:43:41.959+0100] {dagbag.py:537} INFO - Filling up the DagBag from /Users/uab910/dev/nnam-poc/pyenv/lib/python3.10/site-packages/airflow/example_dags/example_skip_dag.py
[2023-03-03T16:43:41.993+0100] {processor.py:766} INFO - DAG(s) dict_keys(['example_skip_dag']) retrieved from /Users/uab910/dev/nnam-poc/pyenv/lib/python3.10/site-packages/airflow/example_dags/example_skip_dag.py
[2023-03-03T16:43:42.167+0100] {logging_mixin.py:137} INFO - [2023-03-03T16:43:42.167+0100] {dag.py:2585} INFO - Sync 1 DAGs
[2023-03-03T16:43:42.180+0100] {logging_mixin.py:137} INFO - [2023-03-03T16:43:42.180+0100] {dag.py:3336} INFO - Setting next_dagrun for example_skip_dag to 2023-03-02T15:43:42.180714+00:00, run_after=2023-03-03T15:43:42.180714+00:00
[2023-03-03T16:43:42.195+0100] {processor.py:176} INFO - Processing /Users/uab910/dev/nnam-poc/pyenv/lib/python3.10/site-packages/airflow/example_dags/example_skip_dag.py took 0.243 seconds
[2023-03-03T16:45:16.737+0100] {processor.py:154} INFO - Started process (PID=58930) to work on /Users/uab910/dev/nnam-poc/pyenv/lib/python3.10/site-packages/airflow/example_dags/example_skip_dag.py
[2023-03-03T16:45:16.743+0100] {processor.py:756} INFO - Processing file /Users/uab910/dev/nnam-poc/pyenv/lib/python3.10/site-packages/airflow/example_dags/example_skip_dag.py for tasks to queue
[2023-03-03T16:45:16.743+0100] {logging_mixin.py:137} INFO - [2023-03-03T16:45:16.743+0100] {dagbag.py:537} INFO - Filling up the DagBag from /Users/uab910/dev/nnam-poc/pyenv/lib/python3.10/site-packages/airflow/example_dags/example_skip_dag.py
[2023-03-03T16:45:16.778+0100] {processor.py:766} INFO - DAG(s) dict_keys(['example_skip_dag']) retrieved from /Users/uab910/dev/nnam-poc/pyenv/lib/python3.10/site-packages/airflow/example_dags/example_skip_dag.py
[2023-03-03T16:45:16.982+0100] {logging_mixin.py:137} INFO - [2023-03-03T16:45:16.981+0100] {dag.py:2585} INFO - Sync 1 DAGs
[2023-03-03T16:45:16.998+0100] {logging_mixin.py:137} INFO - [2023-03-03T16:45:16.998+0100] {dag.py:3336} INFO - Setting next_dagrun for example_skip_dag to 2023-03-02T15:45:16.998026+00:00, run_after=2023-03-03T15:45:16.998026+00:00
[2023-03-03T16:45:17.017+0100] {processor.py:176} INFO - Processing /Users/uab910/dev/nnam-poc/pyenv/lib/python3.10/site-packages/airflow/example_dags/example_skip_dag.py took 0.281 seconds
[2023-03-03T16:46:51.740+0100] {processor.py:154} INFO - Started process (PID=59001) to work on /Users/uab910/dev/nnam-poc/pyenv/lib/python3.10/site-packages/airflow/example_dags/example_skip_dag.py
[2023-03-03T16:46:51.745+0100] {processor.py:756} INFO - Processing file /Users/uab910/dev/nnam-poc/pyenv/lib/python3.10/site-packages/airflow/example_dags/example_skip_dag.py for tasks to queue
[2023-03-03T16:46:51.746+0100] {logging_mixin.py:137} INFO - [2023-03-03T16:46:51.746+0100] {dagbag.py:537} INFO - Filling up the DagBag from /Users/uab910/dev/nnam-poc/pyenv/lib/python3.10/site-packages/airflow/example_dags/example_skip_dag.py
[2023-03-03T16:46:51.777+0100] {processor.py:766} INFO - DAG(s) dict_keys(['example_skip_dag']) retrieved from /Users/uab910/dev/nnam-poc/pyenv/lib/python3.10/site-packages/airflow/example_dags/example_skip_dag.py
[2023-03-03T16:46:51.956+0100] {logging_mixin.py:137} INFO - [2023-03-03T16:46:51.956+0100] {dag.py:2585} INFO - Sync 1 DAGs
[2023-03-03T16:46:51.969+0100] {logging_mixin.py:137} INFO - [2023-03-03T16:46:51.969+0100] {dag.py:3336} INFO - Setting next_dagrun for example_skip_dag to 2023-03-02T15:46:51.969650+00:00, run_after=2023-03-03T15:46:51.969650+00:00
[2023-03-03T16:46:51.986+0100] {processor.py:176} INFO - Processing /Users/uab910/dev/nnam-poc/pyenv/lib/python3.10/site-packages/airflow/example_dags/example_skip_dag.py took 0.246 seconds
[2023-03-03T16:48:20.951+0100] {processor.py:154} INFO - Started process (PID=59055) to work on /Users/uab910/dev/nnam-poc/pyenv/lib/python3.10/site-packages/airflow/example_dags/example_skip_dag.py
[2023-03-03T16:48:20.957+0100] {processor.py:756} INFO - Processing file /Users/uab910/dev/nnam-poc/pyenv/lib/python3.10/site-packages/airflow/example_dags/example_skip_dag.py for tasks to queue
[2023-03-03T16:48:20.958+0100] {logging_mixin.py:137} INFO - [2023-03-03T16:48:20.958+0100] {dagbag.py:537} INFO - Filling up the DagBag from /Users/uab910/dev/nnam-poc/pyenv/lib/python3.10/site-packages/airflow/example_dags/example_skip_dag.py
[2023-03-03T16:48:20.993+0100] {processor.py:766} INFO - DAG(s) dict_keys(['example_skip_dag']) retrieved from /Users/uab910/dev/nnam-poc/pyenv/lib/python3.10/site-packages/airflow/example_dags/example_skip_dag.py
[2023-03-03T16:48:21.206+0100] {logging_mixin.py:137} INFO - [2023-03-03T16:48:21.205+0100] {dag.py:2585} INFO - Sync 1 DAGs
[2023-03-03T16:48:21.223+0100] {logging_mixin.py:137} INFO - [2023-03-03T16:48:21.223+0100] {dag.py:3336} INFO - Setting next_dagrun for example_skip_dag to 2023-03-02T15:48:21.223180+00:00, run_after=2023-03-03T15:48:21.223180+00:00
[2023-03-03T16:48:21.240+0100] {processor.py:176} INFO - Processing /Users/uab910/dev/nnam-poc/pyenv/lib/python3.10/site-packages/airflow/example_dags/example_skip_dag.py took 0.291 seconds
[2023-03-03T16:49:55.223+0100] {processor.py:154} INFO - Started process (PID=59108) to work on /Users/uab910/dev/nnam-poc/pyenv/lib/python3.10/site-packages/airflow/example_dags/example_skip_dag.py
[2023-03-03T16:49:55.229+0100] {processor.py:756} INFO - Processing file /Users/uab910/dev/nnam-poc/pyenv/lib/python3.10/site-packages/airflow/example_dags/example_skip_dag.py for tasks to queue
[2023-03-03T16:49:55.229+0100] {logging_mixin.py:137} INFO - [2023-03-03T16:49:55.229+0100] {dagbag.py:537} INFO - Filling up the DagBag from /Users/uab910/dev/nnam-poc/pyenv/lib/python3.10/site-packages/airflow/example_dags/example_skip_dag.py
[2023-03-03T16:49:55.263+0100] {processor.py:766} INFO - DAG(s) dict_keys(['example_skip_dag']) retrieved from /Users/uab910/dev/nnam-poc/pyenv/lib/python3.10/site-packages/airflow/example_dags/example_skip_dag.py
[2023-03-03T16:49:55.479+0100] {logging_mixin.py:137} INFO - [2023-03-03T16:49:55.478+0100] {dag.py:2585} INFO - Sync 1 DAGs
[2023-03-03T16:49:55.497+0100] {logging_mixin.py:137} INFO - [2023-03-03T16:49:55.497+0100] {dag.py:3336} INFO - Setting next_dagrun for example_skip_dag to 2023-03-02T15:49:55.496917+00:00, run_after=2023-03-03T15:49:55.496917+00:00
[2023-03-03T16:49:55.515+0100] {processor.py:176} INFO - Processing /Users/uab910/dev/nnam-poc/pyenv/lib/python3.10/site-packages/airflow/example_dags/example_skip_dag.py took 0.293 seconds
[2023-03-03T16:51:29.296+0100] {processor.py:154} INFO - Started process (PID=59174) to work on /Users/uab910/dev/nnam-poc/pyenv/lib/python3.10/site-packages/airflow/example_dags/example_skip_dag.py
[2023-03-03T16:51:29.300+0100] {processor.py:756} INFO - Processing file /Users/uab910/dev/nnam-poc/pyenv/lib/python3.10/site-packages/airflow/example_dags/example_skip_dag.py for tasks to queue
[2023-03-03T16:51:29.301+0100] {logging_mixin.py:137} INFO - [2023-03-03T16:51:29.301+0100] {dagbag.py:537} INFO - Filling up the DagBag from /Users/uab910/dev/nnam-poc/pyenv/lib/python3.10/site-packages/airflow/example_dags/example_skip_dag.py
[2023-03-03T16:51:29.329+0100] {processor.py:766} INFO - DAG(s) dict_keys(['example_skip_dag']) retrieved from /Users/uab910/dev/nnam-poc/pyenv/lib/python3.10/site-packages/airflow/example_dags/example_skip_dag.py
[2023-03-03T16:51:29.514+0100] {logging_mixin.py:137} INFO - [2023-03-03T16:51:29.514+0100] {dag.py:2585} INFO - Sync 1 DAGs
[2023-03-03T16:51:29.531+0100] {logging_mixin.py:137} INFO - [2023-03-03T16:51:29.530+0100] {dag.py:3336} INFO - Setting next_dagrun for example_skip_dag to 2023-03-02T15:51:29.530773+00:00, run_after=2023-03-03T15:51:29.530773+00:00
[2023-03-03T16:51:29.548+0100] {processor.py:176} INFO - Processing /Users/uab910/dev/nnam-poc/pyenv/lib/python3.10/site-packages/airflow/example_dags/example_skip_dag.py took 0.253 seconds
[2023-03-03T16:53:02.265+0100] {processor.py:154} INFO - Started process (PID=59222) to work on /Users/uab910/dev/nnam-poc/pyenv/lib/python3.10/site-packages/airflow/example_dags/example_skip_dag.py
[2023-03-03T16:53:02.272+0100] {processor.py:756} INFO - Processing file /Users/uab910/dev/nnam-poc/pyenv/lib/python3.10/site-packages/airflow/example_dags/example_skip_dag.py for tasks to queue
[2023-03-03T16:53:02.272+0100] {logging_mixin.py:137} INFO - [2023-03-03T16:53:02.272+0100] {dagbag.py:537} INFO - Filling up the DagBag from /Users/uab910/dev/nnam-poc/pyenv/lib/python3.10/site-packages/airflow/example_dags/example_skip_dag.py
[2023-03-03T16:53:02.309+0100] {processor.py:766} INFO - DAG(s) dict_keys(['example_skip_dag']) retrieved from /Users/uab910/dev/nnam-poc/pyenv/lib/python3.10/site-packages/airflow/example_dags/example_skip_dag.py
[2023-03-03T16:53:02.525+0100] {logging_mixin.py:137} INFO - [2023-03-03T16:53:02.525+0100] {dag.py:2585} INFO - Sync 1 DAGs
[2023-03-03T16:53:02.541+0100] {logging_mixin.py:137} INFO - [2023-03-03T16:53:02.541+0100] {dag.py:3336} INFO - Setting next_dagrun for example_skip_dag to 2023-03-02T15:53:02.540989+00:00, run_after=2023-03-03T15:53:02.540989+00:00
[2023-03-03T16:53:02.558+0100] {processor.py:176} INFO - Processing /Users/uab910/dev/nnam-poc/pyenv/lib/python3.10/site-packages/airflow/example_dags/example_skip_dag.py took 0.294 seconds
[2023-03-03T16:54:27.722+0100] {processor.py:154} INFO - Started process (PID=59281) to work on /Users/uab910/dev/nnam-poc/pyenv/lib/python3.10/site-packages/airflow/example_dags/example_skip_dag.py
[2023-03-03T16:54:27.727+0100] {processor.py:756} INFO - Processing file /Users/uab910/dev/nnam-poc/pyenv/lib/python3.10/site-packages/airflow/example_dags/example_skip_dag.py for tasks to queue
[2023-03-03T16:54:27.728+0100] {logging_mixin.py:137} INFO - [2023-03-03T16:54:27.728+0100] {dagbag.py:537} INFO - Filling up the DagBag from /Users/uab910/dev/nnam-poc/pyenv/lib/python3.10/site-packages/airflow/example_dags/example_skip_dag.py
[2023-03-03T16:54:27.757+0100] {processor.py:766} INFO - DAG(s) dict_keys(['example_skip_dag']) retrieved from /Users/uab910/dev/nnam-poc/pyenv/lib/python3.10/site-packages/airflow/example_dags/example_skip_dag.py
[2023-03-03T16:54:27.931+0100] {logging_mixin.py:137} INFO - [2023-03-03T16:54:27.931+0100] {dag.py:2585} INFO - Sync 1 DAGs
[2023-03-03T16:54:27.944+0100] {logging_mixin.py:137} INFO - [2023-03-03T16:54:27.944+0100] {dag.py:3336} INFO - Setting next_dagrun for example_skip_dag to 2023-03-02T15:54:27.944112+00:00, run_after=2023-03-03T15:54:27.944112+00:00
[2023-03-03T16:54:27.957+0100] {processor.py:176} INFO - Processing /Users/uab910/dev/nnam-poc/pyenv/lib/python3.10/site-packages/airflow/example_dags/example_skip_dag.py took 0.235 seconds
[2023-03-03T16:56:02.924+0100] {processor.py:154} INFO - Started process (PID=59330) to work on /Users/uab910/dev/nnam-poc/pyenv/lib/python3.10/site-packages/airflow/example_dags/example_skip_dag.py
[2023-03-03T16:56:02.929+0100] {processor.py:756} INFO - Processing file /Users/uab910/dev/nnam-poc/pyenv/lib/python3.10/site-packages/airflow/example_dags/example_skip_dag.py for tasks to queue
[2023-03-03T16:56:02.930+0100] {logging_mixin.py:137} INFO - [2023-03-03T16:56:02.930+0100] {dagbag.py:537} INFO - Filling up the DagBag from /Users/uab910/dev/nnam-poc/pyenv/lib/python3.10/site-packages/airflow/example_dags/example_skip_dag.py
[2023-03-03T16:56:02.960+0100] {processor.py:766} INFO - DAG(s) dict_keys(['example_skip_dag']) retrieved from /Users/uab910/dev/nnam-poc/pyenv/lib/python3.10/site-packages/airflow/example_dags/example_skip_dag.py
[2023-03-03T16:56:03.155+0100] {logging_mixin.py:137} INFO - [2023-03-03T16:56:03.155+0100] {dag.py:2585} INFO - Sync 1 DAGs
[2023-03-03T16:56:03.170+0100] {logging_mixin.py:137} INFO - [2023-03-03T16:56:03.170+0100] {dag.py:3336} INFO - Setting next_dagrun for example_skip_dag to 2023-03-02T15:56:03.169937+00:00, run_after=2023-03-03T15:56:03.169937+00:00
[2023-03-03T16:56:03.186+0100] {processor.py:176} INFO - Processing /Users/uab910/dev/nnam-poc/pyenv/lib/python3.10/site-packages/airflow/example_dags/example_skip_dag.py took 0.262 seconds
[2023-03-03T16:57:36.697+0100] {processor.py:154} INFO - Started process (PID=59383) to work on /Users/uab910/dev/nnam-poc/pyenv/lib/python3.10/site-packages/airflow/example_dags/example_skip_dag.py
[2023-03-03T16:57:36.702+0100] {processor.py:756} INFO - Processing file /Users/uab910/dev/nnam-poc/pyenv/lib/python3.10/site-packages/airflow/example_dags/example_skip_dag.py for tasks to queue
[2023-03-03T16:57:36.703+0100] {logging_mixin.py:137} INFO - [2023-03-03T16:57:36.703+0100] {dagbag.py:537} INFO - Filling up the DagBag from /Users/uab910/dev/nnam-poc/pyenv/lib/python3.10/site-packages/airflow/example_dags/example_skip_dag.py
[2023-03-03T16:57:36.736+0100] {processor.py:766} INFO - DAG(s) dict_keys(['example_skip_dag']) retrieved from /Users/uab910/dev/nnam-poc/pyenv/lib/python3.10/site-packages/airflow/example_dags/example_skip_dag.py
[2023-03-03T16:57:36.909+0100] {logging_mixin.py:137} INFO - [2023-03-03T16:57:36.909+0100] {dag.py:2585} INFO - Sync 1 DAGs
[2023-03-03T16:57:36.923+0100] {logging_mixin.py:137} INFO - [2023-03-03T16:57:36.923+0100] {dag.py:3336} INFO - Setting next_dagrun for example_skip_dag to 2023-03-02T15:57:36.923644+00:00, run_after=2023-03-03T15:57:36.923644+00:00
[2023-03-03T16:57:36.939+0100] {processor.py:176} INFO - Processing /Users/uab910/dev/nnam-poc/pyenv/lib/python3.10/site-packages/airflow/example_dags/example_skip_dag.py took 0.243 seconds
[2023-03-03T16:59:10.028+0100] {processor.py:154} INFO - Started process (PID=59428) to work on /Users/uab910/dev/nnam-poc/pyenv/lib/python3.10/site-packages/airflow/example_dags/example_skip_dag.py
[2023-03-03T16:59:10.033+0100] {processor.py:756} INFO - Processing file /Users/uab910/dev/nnam-poc/pyenv/lib/python3.10/site-packages/airflow/example_dags/example_skip_dag.py for tasks to queue
[2023-03-03T16:59:10.033+0100] {logging_mixin.py:137} INFO - [2023-03-03T16:59:10.033+0100] {dagbag.py:537} INFO - Filling up the DagBag from /Users/uab910/dev/nnam-poc/pyenv/lib/python3.10/site-packages/airflow/example_dags/example_skip_dag.py
[2023-03-03T16:59:10.063+0100] {processor.py:766} INFO - DAG(s) dict_keys(['example_skip_dag']) retrieved from /Users/uab910/dev/nnam-poc/pyenv/lib/python3.10/site-packages/airflow/example_dags/example_skip_dag.py
[2023-03-03T16:59:10.230+0100] {logging_mixin.py:137} INFO - [2023-03-03T16:59:10.230+0100] {dag.py:2585} INFO - Sync 1 DAGs
[2023-03-03T16:59:10.243+0100] {logging_mixin.py:137} INFO - [2023-03-03T16:59:10.243+0100] {dag.py:3336} INFO - Setting next_dagrun for example_skip_dag to 2023-03-02T15:59:10.243489+00:00, run_after=2023-03-03T15:59:10.243489+00:00
[2023-03-03T16:59:10.258+0100] {processor.py:176} INFO - Processing /Users/uab910/dev/nnam-poc/pyenv/lib/python3.10/site-packages/airflow/example_dags/example_skip_dag.py took 0.231 seconds
[2023-03-03T17:00:42.591+0100] {processor.py:154} INFO - Started process (PID=59473) to work on /Users/uab910/dev/nnam-poc/pyenv/lib/python3.10/site-packages/airflow/example_dags/example_skip_dag.py
[2023-03-03T17:00:42.597+0100] {processor.py:756} INFO - Processing file /Users/uab910/dev/nnam-poc/pyenv/lib/python3.10/site-packages/airflow/example_dags/example_skip_dag.py for tasks to queue
[2023-03-03T17:00:42.598+0100] {logging_mixin.py:137} INFO - [2023-03-03T17:00:42.598+0100] {dagbag.py:537} INFO - Filling up the DagBag from /Users/uab910/dev/nnam-poc/pyenv/lib/python3.10/site-packages/airflow/example_dags/example_skip_dag.py
[2023-03-03T17:00:42.632+0100] {processor.py:766} INFO - DAG(s) dict_keys(['example_skip_dag']) retrieved from /Users/uab910/dev/nnam-poc/pyenv/lib/python3.10/site-packages/airflow/example_dags/example_skip_dag.py
[2023-03-03T17:00:42.824+0100] {logging_mixin.py:137} INFO - [2023-03-03T17:00:42.823+0100] {dag.py:2585} INFO - Sync 1 DAGs
[2023-03-03T17:00:42.837+0100] {logging_mixin.py:137} INFO - [2023-03-03T17:00:42.837+0100] {dag.py:3336} INFO - Setting next_dagrun for example_skip_dag to 2023-03-02T16:00:42.837761+00:00, run_after=2023-03-03T16:00:42.837761+00:00
[2023-03-03T17:00:42.852+0100] {processor.py:176} INFO - Processing /Users/uab910/dev/nnam-poc/pyenv/lib/python3.10/site-packages/airflow/example_dags/example_skip_dag.py took 0.262 seconds
[2023-03-03T17:02:15.769+0100] {processor.py:154} INFO - Started process (PID=59524) to work on /Users/uab910/dev/nnam-poc/pyenv/lib/python3.10/site-packages/airflow/example_dags/example_skip_dag.py
[2023-03-03T17:02:15.774+0100] {processor.py:756} INFO - Processing file /Users/uab910/dev/nnam-poc/pyenv/lib/python3.10/site-packages/airflow/example_dags/example_skip_dag.py for tasks to queue
[2023-03-03T17:02:15.775+0100] {logging_mixin.py:137} INFO - [2023-03-03T17:02:15.775+0100] {dagbag.py:537} INFO - Filling up the DagBag from /Users/uab910/dev/nnam-poc/pyenv/lib/python3.10/site-packages/airflow/example_dags/example_skip_dag.py
[2023-03-03T17:02:15.811+0100] {processor.py:766} INFO - DAG(s) dict_keys(['example_skip_dag']) retrieved from /Users/uab910/dev/nnam-poc/pyenv/lib/python3.10/site-packages/airflow/example_dags/example_skip_dag.py
[2023-03-03T17:02:16.007+0100] {logging_mixin.py:137} INFO - [2023-03-03T17:02:16.007+0100] {dag.py:2585} INFO - Sync 1 DAGs
[2023-03-03T17:02:16.023+0100] {logging_mixin.py:137} INFO - [2023-03-03T17:02:16.022+0100] {dag.py:3336} INFO - Setting next_dagrun for example_skip_dag to 2023-03-02T16:02:16.022779+00:00, run_after=2023-03-03T16:02:16.022779+00:00
[2023-03-03T17:02:16.039+0100] {processor.py:176} INFO - Processing /Users/uab910/dev/nnam-poc/pyenv/lib/python3.10/site-packages/airflow/example_dags/example_skip_dag.py took 0.270 seconds
[2023-03-03T17:03:48.246+0100] {processor.py:154} INFO - Started process (PID=59590) to work on /Users/uab910/dev/nnam-poc/pyenv/lib/python3.10/site-packages/airflow/example_dags/example_skip_dag.py
[2023-03-03T17:03:48.251+0100] {processor.py:756} INFO - Processing file /Users/uab910/dev/nnam-poc/pyenv/lib/python3.10/site-packages/airflow/example_dags/example_skip_dag.py for tasks to queue
[2023-03-03T17:03:48.252+0100] {logging_mixin.py:137} INFO - [2023-03-03T17:03:48.252+0100] {dagbag.py:537} INFO - Filling up the DagBag from /Users/uab910/dev/nnam-poc/pyenv/lib/python3.10/site-packages/airflow/example_dags/example_skip_dag.py
[2023-03-03T17:03:48.281+0100] {processor.py:766} INFO - DAG(s) dict_keys(['example_skip_dag']) retrieved from /Users/uab910/dev/nnam-poc/pyenv/lib/python3.10/site-packages/airflow/example_dags/example_skip_dag.py
[2023-03-03T17:03:48.453+0100] {logging_mixin.py:137} INFO - [2023-03-03T17:03:48.453+0100] {dag.py:2585} INFO - Sync 1 DAGs
[2023-03-03T17:03:48.469+0100] {logging_mixin.py:137} INFO - [2023-03-03T17:03:48.468+0100] {dag.py:3336} INFO - Setting next_dagrun for example_skip_dag to 2023-03-02T16:03:48.468756+00:00, run_after=2023-03-03T16:03:48.468756+00:00
[2023-03-03T17:03:48.486+0100] {processor.py:176} INFO - Processing /Users/uab910/dev/nnam-poc/pyenv/lib/python3.10/site-packages/airflow/example_dags/example_skip_dag.py took 0.240 seconds
[2023-03-03T17:05:16.301+0100] {processor.py:154} INFO - Started process (PID=59637) to work on /Users/uab910/dev/nnam-poc/pyenv/lib/python3.10/site-packages/airflow/example_dags/example_skip_dag.py
[2023-03-03T17:05:16.307+0100] {processor.py:756} INFO - Processing file /Users/uab910/dev/nnam-poc/pyenv/lib/python3.10/site-packages/airflow/example_dags/example_skip_dag.py for tasks to queue
[2023-03-03T17:05:16.308+0100] {logging_mixin.py:137} INFO - [2023-03-03T17:05:16.307+0100] {dagbag.py:537} INFO - Filling up the DagBag from /Users/uab910/dev/nnam-poc/pyenv/lib/python3.10/site-packages/airflow/example_dags/example_skip_dag.py
[2023-03-03T17:05:16.339+0100] {processor.py:766} INFO - DAG(s) dict_keys(['example_skip_dag']) retrieved from /Users/uab910/dev/nnam-poc/pyenv/lib/python3.10/site-packages/airflow/example_dags/example_skip_dag.py
[2023-03-03T17:05:16.502+0100] {logging_mixin.py:137} INFO - [2023-03-03T17:05:16.501+0100] {dag.py:2585} INFO - Sync 1 DAGs
[2023-03-03T17:05:16.515+0100] {logging_mixin.py:137} INFO - [2023-03-03T17:05:16.514+0100] {dag.py:3336} INFO - Setting next_dagrun for example_skip_dag to 2023-03-02T16:05:16.514819+00:00, run_after=2023-03-03T16:05:16.514819+00:00
[2023-03-03T17:05:16.529+0100] {processor.py:176} INFO - Processing /Users/uab910/dev/nnam-poc/pyenv/lib/python3.10/site-packages/airflow/example_dags/example_skip_dag.py took 0.229 seconds
[2023-03-03T17:06:53.200+0100] {processor.py:154} INFO - Started process (PID=59693) to work on /Users/uab910/dev/nnam-poc/pyenv/lib/python3.10/site-packages/airflow/example_dags/example_skip_dag.py
[2023-03-03T17:06:53.206+0100] {processor.py:756} INFO - Processing file /Users/uab910/dev/nnam-poc/pyenv/lib/python3.10/site-packages/airflow/example_dags/example_skip_dag.py for tasks to queue
[2023-03-03T17:06:53.207+0100] {logging_mixin.py:137} INFO - [2023-03-03T17:06:53.206+0100] {dagbag.py:537} INFO - Filling up the DagBag from /Users/uab910/dev/nnam-poc/pyenv/lib/python3.10/site-packages/airflow/example_dags/example_skip_dag.py
[2023-03-03T17:06:53.257+0100] {processor.py:766} INFO - DAG(s) dict_keys(['example_skip_dag']) retrieved from /Users/uab910/dev/nnam-poc/pyenv/lib/python3.10/site-packages/airflow/example_dags/example_skip_dag.py
[2023-03-03T17:06:53.431+0100] {logging_mixin.py:137} INFO - [2023-03-03T17:06:53.431+0100] {dag.py:2585} INFO - Sync 1 DAGs
[2023-03-03T17:06:53.444+0100] {logging_mixin.py:137} INFO - [2023-03-03T17:06:53.444+0100] {dag.py:3336} INFO - Setting next_dagrun for example_skip_dag to 2023-03-02T16:06:53.444029+00:00, run_after=2023-03-03T16:06:53.444029+00:00
[2023-03-03T17:06:53.459+0100] {processor.py:176} INFO - Processing /Users/uab910/dev/nnam-poc/pyenv/lib/python3.10/site-packages/airflow/example_dags/example_skip_dag.py took 0.260 seconds
[2023-03-03T17:08:33.912+0100] {processor.py:154} INFO - Started process (PID=59756) to work on /Users/uab910/dev/nnam-poc/pyenv/lib/python3.10/site-packages/airflow/example_dags/example_skip_dag.py
[2023-03-03T17:08:33.918+0100] {processor.py:756} INFO - Processing file /Users/uab910/dev/nnam-poc/pyenv/lib/python3.10/site-packages/airflow/example_dags/example_skip_dag.py for tasks to queue
[2023-03-03T17:08:33.919+0100] {logging_mixin.py:137} INFO - [2023-03-03T17:08:33.919+0100] {dagbag.py:537} INFO - Filling up the DagBag from /Users/uab910/dev/nnam-poc/pyenv/lib/python3.10/site-packages/airflow/example_dags/example_skip_dag.py
[2023-03-03T17:08:33.954+0100] {processor.py:766} INFO - DAG(s) dict_keys(['example_skip_dag']) retrieved from /Users/uab910/dev/nnam-poc/pyenv/lib/python3.10/site-packages/airflow/example_dags/example_skip_dag.py
[2023-03-03T17:08:34.139+0100] {logging_mixin.py:137} INFO - [2023-03-03T17:08:34.139+0100] {dag.py:2585} INFO - Sync 1 DAGs
[2023-03-03T17:08:34.155+0100] {logging_mixin.py:137} INFO - [2023-03-03T17:08:34.155+0100] {dag.py:3336} INFO - Setting next_dagrun for example_skip_dag to 2023-03-02T16:08:34.155603+00:00, run_after=2023-03-03T16:08:34.155603+00:00
[2023-03-03T17:08:34.174+0100] {processor.py:176} INFO - Processing /Users/uab910/dev/nnam-poc/pyenv/lib/python3.10/site-packages/airflow/example_dags/example_skip_dag.py took 0.262 seconds
[2023-03-03T17:10:03.159+0100] {processor.py:154} INFO - Started process (PID=59805) to work on /Users/uab910/dev/nnam-poc/pyenv/lib/python3.10/site-packages/airflow/example_dags/example_skip_dag.py
[2023-03-03T17:10:03.164+0100] {processor.py:756} INFO - Processing file /Users/uab910/dev/nnam-poc/pyenv/lib/python3.10/site-packages/airflow/example_dags/example_skip_dag.py for tasks to queue
[2023-03-03T17:10:03.165+0100] {logging_mixin.py:137} INFO - [2023-03-03T17:10:03.164+0100] {dagbag.py:537} INFO - Filling up the DagBag from /Users/uab910/dev/nnam-poc/pyenv/lib/python3.10/site-packages/airflow/example_dags/example_skip_dag.py
[2023-03-03T17:10:03.196+0100] {processor.py:766} INFO - DAG(s) dict_keys(['example_skip_dag']) retrieved from /Users/uab910/dev/nnam-poc/pyenv/lib/python3.10/site-packages/airflow/example_dags/example_skip_dag.py
[2023-03-03T17:10:03.366+0100] {logging_mixin.py:137} INFO - [2023-03-03T17:10:03.365+0100] {dag.py:2585} INFO - Sync 1 DAGs
[2023-03-03T17:10:03.378+0100] {logging_mixin.py:137} INFO - [2023-03-03T17:10:03.378+0100] {dag.py:3336} INFO - Setting next_dagrun for example_skip_dag to 2023-03-02T16:10:03.378611+00:00, run_after=2023-03-03T16:10:03.378611+00:00
[2023-03-03T17:10:03.393+0100] {processor.py:176} INFO - Processing /Users/uab910/dev/nnam-poc/pyenv/lib/python3.10/site-packages/airflow/example_dags/example_skip_dag.py took 0.234 seconds
[2023-03-03T17:11:30.909+0100] {processor.py:154} INFO - Started process (PID=59853) to work on /Users/uab910/dev/nnam-poc/pyenv/lib/python3.10/site-packages/airflow/example_dags/example_skip_dag.py
[2023-03-03T17:11:30.914+0100] {processor.py:756} INFO - Processing file /Users/uab910/dev/nnam-poc/pyenv/lib/python3.10/site-packages/airflow/example_dags/example_skip_dag.py for tasks to queue
[2023-03-03T17:11:30.914+0100] {logging_mixin.py:137} INFO - [2023-03-03T17:11:30.914+0100] {dagbag.py:537} INFO - Filling up the DagBag from /Users/uab910/dev/nnam-poc/pyenv/lib/python3.10/site-packages/airflow/example_dags/example_skip_dag.py
[2023-03-03T17:11:30.942+0100] {processor.py:766} INFO - DAG(s) dict_keys(['example_skip_dag']) retrieved from /Users/uab910/dev/nnam-poc/pyenv/lib/python3.10/site-packages/airflow/example_dags/example_skip_dag.py
[2023-03-03T17:11:31.109+0100] {logging_mixin.py:137} INFO - [2023-03-03T17:11:31.109+0100] {dag.py:2585} INFO - Sync 1 DAGs
[2023-03-03T17:11:31.121+0100] {logging_mixin.py:137} INFO - [2023-03-03T17:11:31.121+0100] {dag.py:3336} INFO - Setting next_dagrun for example_skip_dag to 2023-03-02T16:11:31.121452+00:00, run_after=2023-03-03T16:11:31.121452+00:00
[2023-03-03T17:11:31.137+0100] {processor.py:176} INFO - Processing /Users/uab910/dev/nnam-poc/pyenv/lib/python3.10/site-packages/airflow/example_dags/example_skip_dag.py took 0.229 seconds
[2023-03-03T17:13:00.386+0100] {processor.py:154} INFO - Started process (PID=59932) to work on /Users/uab910/dev/nnam-poc/pyenv/lib/python3.10/site-packages/airflow/example_dags/example_skip_dag.py
[2023-03-03T17:13:00.390+0100] {processor.py:756} INFO - Processing file /Users/uab910/dev/nnam-poc/pyenv/lib/python3.10/site-packages/airflow/example_dags/example_skip_dag.py for tasks to queue
[2023-03-03T17:13:00.391+0100] {logging_mixin.py:137} INFO - [2023-03-03T17:13:00.391+0100] {dagbag.py:537} INFO - Filling up the DagBag from /Users/uab910/dev/nnam-poc/pyenv/lib/python3.10/site-packages/airflow/example_dags/example_skip_dag.py
[2023-03-03T17:13:00.422+0100] {processor.py:766} INFO - DAG(s) dict_keys(['example_skip_dag']) retrieved from /Users/uab910/dev/nnam-poc/pyenv/lib/python3.10/site-packages/airflow/example_dags/example_skip_dag.py
[2023-03-03T17:13:00.593+0100] {logging_mixin.py:137} INFO - [2023-03-03T17:13:00.593+0100] {dag.py:2585} INFO - Sync 1 DAGs
[2023-03-03T17:13:00.607+0100] {logging_mixin.py:137} INFO - [2023-03-03T17:13:00.607+0100] {dag.py:3336} INFO - Setting next_dagrun for example_skip_dag to 2023-03-02T16:13:00.607468+00:00, run_after=2023-03-03T16:13:00.607468+00:00
[2023-03-03T17:13:00.623+0100] {processor.py:176} INFO - Processing /Users/uab910/dev/nnam-poc/pyenv/lib/python3.10/site-packages/airflow/example_dags/example_skip_dag.py took 0.238 seconds
[2023-03-03T17:14:32.873+0100] {processor.py:154} INFO - Started process (PID=60000) to work on /Users/uab910/dev/nnam-poc/pyenv/lib/python3.10/site-packages/airflow/example_dags/example_skip_dag.py
[2023-03-03T17:14:32.878+0100] {processor.py:756} INFO - Processing file /Users/uab910/dev/nnam-poc/pyenv/lib/python3.10/site-packages/airflow/example_dags/example_skip_dag.py for tasks to queue
[2023-03-03T17:14:32.878+0100] {logging_mixin.py:137} INFO - [2023-03-03T17:14:32.878+0100] {dagbag.py:537} INFO - Filling up the DagBag from /Users/uab910/dev/nnam-poc/pyenv/lib/python3.10/site-packages/airflow/example_dags/example_skip_dag.py
[2023-03-03T17:14:32.908+0100] {processor.py:766} INFO - DAG(s) dict_keys(['example_skip_dag']) retrieved from /Users/uab910/dev/nnam-poc/pyenv/lib/python3.10/site-packages/airflow/example_dags/example_skip_dag.py
[2023-03-03T17:14:33.077+0100] {logging_mixin.py:137} INFO - [2023-03-03T17:14:33.076+0100] {dag.py:2585} INFO - Sync 1 DAGs
[2023-03-03T17:14:33.092+0100] {logging_mixin.py:137} INFO - [2023-03-03T17:14:33.092+0100] {dag.py:3336} INFO - Setting next_dagrun for example_skip_dag to 2023-03-02T16:14:33.091987+00:00, run_after=2023-03-03T16:14:33.091987+00:00
[2023-03-03T17:14:33.108+0100] {processor.py:176} INFO - Processing /Users/uab910/dev/nnam-poc/pyenv/lib/python3.10/site-packages/airflow/example_dags/example_skip_dag.py took 0.236 seconds
[2023-03-03T17:16:05.428+0100] {processor.py:154} INFO - Started process (PID=60057) to work on /Users/uab910/dev/nnam-poc/pyenv/lib/python3.10/site-packages/airflow/example_dags/example_skip_dag.py
[2023-03-03T17:16:05.433+0100] {processor.py:756} INFO - Processing file /Users/uab910/dev/nnam-poc/pyenv/lib/python3.10/site-packages/airflow/example_dags/example_skip_dag.py for tasks to queue
[2023-03-03T17:16:05.433+0100] {logging_mixin.py:137} INFO - [2023-03-03T17:16:05.433+0100] {dagbag.py:537} INFO - Filling up the DagBag from /Users/uab910/dev/nnam-poc/pyenv/lib/python3.10/site-packages/airflow/example_dags/example_skip_dag.py
[2023-03-03T17:16:05.461+0100] {processor.py:766} INFO - DAG(s) dict_keys(['example_skip_dag']) retrieved from /Users/uab910/dev/nnam-poc/pyenv/lib/python3.10/site-packages/airflow/example_dags/example_skip_dag.py
[2023-03-03T17:16:05.629+0100] {logging_mixin.py:137} INFO - [2023-03-03T17:16:05.629+0100] {dag.py:2585} INFO - Sync 1 DAGs
[2023-03-03T17:16:05.643+0100] {logging_mixin.py:137} INFO - [2023-03-03T17:16:05.643+0100] {dag.py:3336} INFO - Setting next_dagrun for example_skip_dag to 2023-03-02T16:16:05.643292+00:00, run_after=2023-03-03T16:16:05.643292+00:00
[2023-03-03T17:16:05.659+0100] {processor.py:176} INFO - Processing /Users/uab910/dev/nnam-poc/pyenv/lib/python3.10/site-packages/airflow/example_dags/example_skip_dag.py took 0.232 seconds
[2023-03-03T17:17:37.111+0100] {processor.py:154} INFO - Started process (PID=60113) to work on /Users/uab910/dev/nnam-poc/pyenv/lib/python3.10/site-packages/airflow/example_dags/example_skip_dag.py
[2023-03-03T17:17:37.116+0100] {processor.py:756} INFO - Processing file /Users/uab910/dev/nnam-poc/pyenv/lib/python3.10/site-packages/airflow/example_dags/example_skip_dag.py for tasks to queue
[2023-03-03T17:17:37.117+0100] {logging_mixin.py:137} INFO - [2023-03-03T17:17:37.116+0100] {dagbag.py:537} INFO - Filling up the DagBag from /Users/uab910/dev/nnam-poc/pyenv/lib/python3.10/site-packages/airflow/example_dags/example_skip_dag.py
[2023-03-03T17:17:37.146+0100] {processor.py:766} INFO - DAG(s) dict_keys(['example_skip_dag']) retrieved from /Users/uab910/dev/nnam-poc/pyenv/lib/python3.10/site-packages/airflow/example_dags/example_skip_dag.py
[2023-03-03T17:17:37.337+0100] {logging_mixin.py:137} INFO - [2023-03-03T17:17:37.337+0100] {dag.py:2585} INFO - Sync 1 DAGs
[2023-03-03T17:17:37.350+0100] {logging_mixin.py:137} INFO - [2023-03-03T17:17:37.350+0100] {dag.py:3336} INFO - Setting next_dagrun for example_skip_dag to 2023-03-02T16:17:37.350442+00:00, run_after=2023-03-03T16:17:37.350442+00:00
[2023-03-03T17:17:37.363+0100] {processor.py:176} INFO - Processing /Users/uab910/dev/nnam-poc/pyenv/lib/python3.10/site-packages/airflow/example_dags/example_skip_dag.py took 0.253 seconds
[2023-03-03T17:19:05.923+0100] {processor.py:154} INFO - Started process (PID=60170) to work on /Users/uab910/dev/nnam-poc/pyenv/lib/python3.10/site-packages/airflow/example_dags/example_skip_dag.py
[2023-03-03T17:19:05.928+0100] {processor.py:756} INFO - Processing file /Users/uab910/dev/nnam-poc/pyenv/lib/python3.10/site-packages/airflow/example_dags/example_skip_dag.py for tasks to queue
[2023-03-03T17:19:05.928+0100] {logging_mixin.py:137} INFO - [2023-03-03T17:19:05.928+0100] {dagbag.py:537} INFO - Filling up the DagBag from /Users/uab910/dev/nnam-poc/pyenv/lib/python3.10/site-packages/airflow/example_dags/example_skip_dag.py
[2023-03-03T17:19:05.956+0100] {processor.py:766} INFO - DAG(s) dict_keys(['example_skip_dag']) retrieved from /Users/uab910/dev/nnam-poc/pyenv/lib/python3.10/site-packages/airflow/example_dags/example_skip_dag.py
[2023-03-03T17:19:06.140+0100] {logging_mixin.py:137} INFO - [2023-03-03T17:19:06.140+0100] {dag.py:2585} INFO - Sync 1 DAGs
[2023-03-03T17:19:06.156+0100] {logging_mixin.py:137} INFO - [2023-03-03T17:19:06.156+0100] {dag.py:3336} INFO - Setting next_dagrun for example_skip_dag to 2023-03-02T16:19:06.156065+00:00, run_after=2023-03-03T16:19:06.156065+00:00
[2023-03-03T17:19:06.175+0100] {processor.py:176} INFO - Processing /Users/uab910/dev/nnam-poc/pyenv/lib/python3.10/site-packages/airflow/example_dags/example_skip_dag.py took 0.252 seconds
