[2023-03-03T16:01:14.230+0100] {processor.py:154} INFO - Started process (PID=57142) to work on /Users/uab910/dev/nnam-poc/pyenv/lib/python3.10/site-packages/airflow/example_dags/example_nested_branch_dag.py
[2023-03-03T16:01:14.235+0100] {processor.py:756} INFO - Processing file /Users/uab910/dev/nnam-poc/pyenv/lib/python3.10/site-packages/airflow/example_dags/example_nested_branch_dag.py for tasks to queue
[2023-03-03T16:01:14.236+0100] {logging_mixin.py:137} INFO - [2023-03-03T16:01:14.235+0100] {dagbag.py:537} INFO - Filling up the DagBag from /Users/uab910/dev/nnam-poc/pyenv/lib/python3.10/site-packages/airflow/example_dags/example_nested_branch_dag.py
[2023-03-03T16:01:14.296+0100] {processor.py:766} INFO - DAG(s) dict_keys(['example_nested_branch_dag']) retrieved from /Users/uab910/dev/nnam-poc/pyenv/lib/python3.10/site-packages/airflow/example_dags/example_nested_branch_dag.py
[2023-03-03T16:01:15.487+0100] {logging_mixin.py:137} INFO - [2023-03-03T16:01:15.487+0100] {manager.py:507} INFO - Created Permission View: can edit on DAG:example_nested_branch_dag
[2023-03-03T16:01:15.494+0100] {logging_mixin.py:137} INFO - [2023-03-03T16:01:15.494+0100] {manager.py:507} INFO - Created Permission View: can delete on DAG:example_nested_branch_dag
[2023-03-03T16:01:15.501+0100] {logging_mixin.py:137} INFO - [2023-03-03T16:01:15.501+0100] {manager.py:507} INFO - Created Permission View: can read on DAG:example_nested_branch_dag
[2023-03-03T16:01:15.501+0100] {logging_mixin.py:137} INFO - [2023-03-03T16:01:15.501+0100] {dag.py:2585} INFO - Sync 1 DAGs
[2023-03-03T16:01:15.511+0100] {logging_mixin.py:137} INFO - [2023-03-03T16:01:15.511+0100] {dag.py:2606} INFO - Creating ORM DAG for example_nested_branch_dag
[2023-03-03T16:01:15.520+0100] {logging_mixin.py:137} INFO - [2023-03-03T16:01:15.520+0100] {dag.py:3336} INFO - Setting next_dagrun for example_nested_branch_dag to 2023-03-02T00:00:00+00:00, run_after=2023-03-03T00:00:00+00:00
[2023-03-03T16:01:15.536+0100] {processor.py:176} INFO - Processing /Users/uab910/dev/nnam-poc/pyenv/lib/python3.10/site-packages/airflow/example_dags/example_nested_branch_dag.py took 1.306 seconds
[2023-03-03T16:03:15.896+0100] {processor.py:154} INFO - Started process (PID=57239) to work on /Users/uab910/dev/nnam-poc/pyenv/lib/python3.10/site-packages/airflow/example_dags/example_nested_branch_dag.py
[2023-03-03T16:03:15.901+0100] {processor.py:756} INFO - Processing file /Users/uab910/dev/nnam-poc/pyenv/lib/python3.10/site-packages/airflow/example_dags/example_nested_branch_dag.py for tasks to queue
[2023-03-03T16:03:15.902+0100] {logging_mixin.py:137} INFO - [2023-03-03T16:03:15.902+0100] {dagbag.py:537} INFO - Filling up the DagBag from /Users/uab910/dev/nnam-poc/pyenv/lib/python3.10/site-packages/airflow/example_dags/example_nested_branch_dag.py
[2023-03-03T16:03:15.966+0100] {processor.py:766} INFO - DAG(s) dict_keys(['example_nested_branch_dag']) retrieved from /Users/uab910/dev/nnam-poc/pyenv/lib/python3.10/site-packages/airflow/example_dags/example_nested_branch_dag.py
[2023-03-03T16:03:16.136+0100] {logging_mixin.py:137} INFO - [2023-03-03T16:03:16.135+0100] {dag.py:2585} INFO - Sync 1 DAGs
[2023-03-03T16:03:16.152+0100] {logging_mixin.py:137} INFO - [2023-03-03T16:03:16.151+0100] {dag.py:3336} INFO - Setting next_dagrun for example_nested_branch_dag to 2023-03-02T00:00:00+00:00, run_after=2023-03-03T00:00:00+00:00
[2023-03-03T16:03:16.168+0100] {processor.py:176} INFO - Processing /Users/uab910/dev/nnam-poc/pyenv/lib/python3.10/site-packages/airflow/example_dags/example_nested_branch_dag.py took 0.273 seconds
[2023-03-03T16:04:32.663+0100] {processor.py:154} INFO - Started process (PID=57298) to work on /Users/uab910/dev/nnam-poc/pyenv/lib/python3.10/site-packages/airflow/example_dags/example_nested_branch_dag.py
[2023-03-03T16:04:32.668+0100] {processor.py:756} INFO - Processing file /Users/uab910/dev/nnam-poc/pyenv/lib/python3.10/site-packages/airflow/example_dags/example_nested_branch_dag.py for tasks to queue
[2023-03-03T16:04:32.668+0100] {logging_mixin.py:137} INFO - [2023-03-03T16:04:32.668+0100] {dagbag.py:537} INFO - Filling up the DagBag from /Users/uab910/dev/nnam-poc/pyenv/lib/python3.10/site-packages/airflow/example_dags/example_nested_branch_dag.py
[2023-03-03T16:04:32.728+0100] {processor.py:766} INFO - DAG(s) dict_keys(['example_nested_branch_dag']) retrieved from /Users/uab910/dev/nnam-poc/pyenv/lib/python3.10/site-packages/airflow/example_dags/example_nested_branch_dag.py
[2023-03-03T16:04:32.885+0100] {logging_mixin.py:137} INFO - [2023-03-03T16:04:32.884+0100] {dag.py:2585} INFO - Sync 1 DAGs
[2023-03-03T16:04:32.899+0100] {logging_mixin.py:137} INFO - [2023-03-03T16:04:32.899+0100] {dag.py:3336} INFO - Setting next_dagrun for example_nested_branch_dag to 2023-03-02T00:00:00+00:00, run_after=2023-03-03T00:00:00+00:00
[2023-03-03T16:04:32.914+0100] {processor.py:176} INFO - Processing /Users/uab910/dev/nnam-poc/pyenv/lib/python3.10/site-packages/airflow/example_dags/example_nested_branch_dag.py took 0.252 seconds
[2023-03-03T16:05:45.942+0100] {processor.py:154} INFO - Started process (PID=57345) to work on /Users/uab910/dev/nnam-poc/pyenv/lib/python3.10/site-packages/airflow/example_dags/example_nested_branch_dag.py
[2023-03-03T16:05:45.948+0100] {processor.py:756} INFO - Processing file /Users/uab910/dev/nnam-poc/pyenv/lib/python3.10/site-packages/airflow/example_dags/example_nested_branch_dag.py for tasks to queue
[2023-03-03T16:05:45.948+0100] {logging_mixin.py:137} INFO - [2023-03-03T16:05:45.948+0100] {dagbag.py:537} INFO - Filling up the DagBag from /Users/uab910/dev/nnam-poc/pyenv/lib/python3.10/site-packages/airflow/example_dags/example_nested_branch_dag.py
[2023-03-03T16:05:46.010+0100] {processor.py:766} INFO - DAG(s) dict_keys(['example_nested_branch_dag']) retrieved from /Users/uab910/dev/nnam-poc/pyenv/lib/python3.10/site-packages/airflow/example_dags/example_nested_branch_dag.py
[2023-03-03T16:05:46.171+0100] {logging_mixin.py:137} INFO - [2023-03-03T16:05:46.171+0100] {dag.py:2585} INFO - Sync 1 DAGs
[2023-03-03T16:05:46.187+0100] {logging_mixin.py:137} INFO - [2023-03-03T16:05:46.186+0100] {dag.py:3336} INFO - Setting next_dagrun for example_nested_branch_dag to 2023-03-02T00:00:00+00:00, run_after=2023-03-03T00:00:00+00:00
[2023-03-03T16:05:46.202+0100] {processor.py:176} INFO - Processing /Users/uab910/dev/nnam-poc/pyenv/lib/python3.10/site-packages/airflow/example_dags/example_nested_branch_dag.py took 0.261 seconds
[2023-03-03T16:07:06.852+0100] {processor.py:154} INFO - Started process (PID=57397) to work on /Users/uab910/dev/nnam-poc/pyenv/lib/python3.10/site-packages/airflow/example_dags/example_nested_branch_dag.py
[2023-03-03T16:07:06.858+0100] {processor.py:756} INFO - Processing file /Users/uab910/dev/nnam-poc/pyenv/lib/python3.10/site-packages/airflow/example_dags/example_nested_branch_dag.py for tasks to queue
[2023-03-03T16:07:06.858+0100] {logging_mixin.py:137} INFO - [2023-03-03T16:07:06.858+0100] {dagbag.py:537} INFO - Filling up the DagBag from /Users/uab910/dev/nnam-poc/pyenv/lib/python3.10/site-packages/airflow/example_dags/example_nested_branch_dag.py
[2023-03-03T16:07:06.926+0100] {processor.py:766} INFO - DAG(s) dict_keys(['example_nested_branch_dag']) retrieved from /Users/uab910/dev/nnam-poc/pyenv/lib/python3.10/site-packages/airflow/example_dags/example_nested_branch_dag.py
[2023-03-03T16:07:07.087+0100] {logging_mixin.py:137} INFO - [2023-03-03T16:07:07.087+0100] {dag.py:2585} INFO - Sync 1 DAGs
[2023-03-03T16:07:07.103+0100] {logging_mixin.py:137} INFO - [2023-03-03T16:07:07.103+0100] {dag.py:3336} INFO - Setting next_dagrun for example_nested_branch_dag to 2023-03-02T00:00:00+00:00, run_after=2023-03-03T00:00:00+00:00
[2023-03-03T16:07:07.118+0100] {processor.py:176} INFO - Processing /Users/uab910/dev/nnam-poc/pyenv/lib/python3.10/site-packages/airflow/example_dags/example_nested_branch_dag.py took 0.267 seconds
[2023-03-03T16:08:27.907+0100] {processor.py:154} INFO - Started process (PID=57451) to work on /Users/uab910/dev/nnam-poc/pyenv/lib/python3.10/site-packages/airflow/example_dags/example_nested_branch_dag.py
[2023-03-03T16:08:27.913+0100] {processor.py:756} INFO - Processing file /Users/uab910/dev/nnam-poc/pyenv/lib/python3.10/site-packages/airflow/example_dags/example_nested_branch_dag.py for tasks to queue
[2023-03-03T16:08:27.914+0100] {logging_mixin.py:137} INFO - [2023-03-03T16:08:27.914+0100] {dagbag.py:537} INFO - Filling up the DagBag from /Users/uab910/dev/nnam-poc/pyenv/lib/python3.10/site-packages/airflow/example_dags/example_nested_branch_dag.py
[2023-03-03T16:08:27.976+0100] {processor.py:766} INFO - DAG(s) dict_keys(['example_nested_branch_dag']) retrieved from /Users/uab910/dev/nnam-poc/pyenv/lib/python3.10/site-packages/airflow/example_dags/example_nested_branch_dag.py
[2023-03-03T16:08:28.138+0100] {logging_mixin.py:137} INFO - [2023-03-03T16:08:28.138+0100] {dag.py:2585} INFO - Sync 1 DAGs
[2023-03-03T16:08:28.154+0100] {logging_mixin.py:137} INFO - [2023-03-03T16:08:28.154+0100] {dag.py:3336} INFO - Setting next_dagrun for example_nested_branch_dag to 2023-03-02T00:00:00+00:00, run_after=2023-03-03T00:00:00+00:00
[2023-03-03T16:08:28.169+0100] {processor.py:176} INFO - Processing /Users/uab910/dev/nnam-poc/pyenv/lib/python3.10/site-packages/airflow/example_dags/example_nested_branch_dag.py took 0.263 seconds
[2023-03-03T16:09:44.430+0100] {processor.py:154} INFO - Started process (PID=57501) to work on /Users/uab910/dev/nnam-poc/pyenv/lib/python3.10/site-packages/airflow/example_dags/example_nested_branch_dag.py
[2023-03-03T16:09:44.436+0100] {processor.py:756} INFO - Processing file /Users/uab910/dev/nnam-poc/pyenv/lib/python3.10/site-packages/airflow/example_dags/example_nested_branch_dag.py for tasks to queue
[2023-03-03T16:09:44.436+0100] {logging_mixin.py:137} INFO - [2023-03-03T16:09:44.436+0100] {dagbag.py:537} INFO - Filling up the DagBag from /Users/uab910/dev/nnam-poc/pyenv/lib/python3.10/site-packages/airflow/example_dags/example_nested_branch_dag.py
[2023-03-03T16:09:44.499+0100] {processor.py:766} INFO - DAG(s) dict_keys(['example_nested_branch_dag']) retrieved from /Users/uab910/dev/nnam-poc/pyenv/lib/python3.10/site-packages/airflow/example_dags/example_nested_branch_dag.py
[2023-03-03T16:09:44.657+0100] {logging_mixin.py:137} INFO - [2023-03-03T16:09:44.657+0100] {dag.py:2585} INFO - Sync 1 DAGs
[2023-03-03T16:09:44.674+0100] {logging_mixin.py:137} INFO - [2023-03-03T16:09:44.674+0100] {dag.py:3336} INFO - Setting next_dagrun for example_nested_branch_dag to 2023-03-02T00:00:00+00:00, run_after=2023-03-03T00:00:00+00:00
[2023-03-03T16:09:44.691+0100] {processor.py:176} INFO - Processing /Users/uab910/dev/nnam-poc/pyenv/lib/python3.10/site-packages/airflow/example_dags/example_nested_branch_dag.py took 0.262 seconds
[2023-03-03T16:11:01.132+0100] {processor.py:154} INFO - Started process (PID=57546) to work on /Users/uab910/dev/nnam-poc/pyenv/lib/python3.10/site-packages/airflow/example_dags/example_nested_branch_dag.py
[2023-03-03T16:11:01.137+0100] {processor.py:756} INFO - Processing file /Users/uab910/dev/nnam-poc/pyenv/lib/python3.10/site-packages/airflow/example_dags/example_nested_branch_dag.py for tasks to queue
[2023-03-03T16:11:01.138+0100] {logging_mixin.py:137} INFO - [2023-03-03T16:11:01.138+0100] {dagbag.py:537} INFO - Filling up the DagBag from /Users/uab910/dev/nnam-poc/pyenv/lib/python3.10/site-packages/airflow/example_dags/example_nested_branch_dag.py
[2023-03-03T16:11:01.200+0100] {processor.py:766} INFO - DAG(s) dict_keys(['example_nested_branch_dag']) retrieved from /Users/uab910/dev/nnam-poc/pyenv/lib/python3.10/site-packages/airflow/example_dags/example_nested_branch_dag.py
[2023-03-03T16:11:01.368+0100] {logging_mixin.py:137} INFO - [2023-03-03T16:11:01.368+0100] {dag.py:2585} INFO - Sync 1 DAGs
[2023-03-03T16:11:01.382+0100] {logging_mixin.py:137} INFO - [2023-03-03T16:11:01.382+0100] {dag.py:3336} INFO - Setting next_dagrun for example_nested_branch_dag to 2023-03-02T00:00:00+00:00, run_after=2023-03-03T00:00:00+00:00
[2023-03-03T16:11:01.399+0100] {processor.py:176} INFO - Processing /Users/uab910/dev/nnam-poc/pyenv/lib/python3.10/site-packages/airflow/example_dags/example_nested_branch_dag.py took 0.268 seconds
[2023-03-03T16:12:19.460+0100] {processor.py:154} INFO - Started process (PID=57585) to work on /Users/uab910/dev/nnam-poc/pyenv/lib/python3.10/site-packages/airflow/example_dags/example_nested_branch_dag.py
[2023-03-03T16:12:19.466+0100] {processor.py:756} INFO - Processing file /Users/uab910/dev/nnam-poc/pyenv/lib/python3.10/site-packages/airflow/example_dags/example_nested_branch_dag.py for tasks to queue
[2023-03-03T16:12:19.466+0100] {logging_mixin.py:137} INFO - [2023-03-03T16:12:19.466+0100] {dagbag.py:537} INFO - Filling up the DagBag from /Users/uab910/dev/nnam-poc/pyenv/lib/python3.10/site-packages/airflow/example_dags/example_nested_branch_dag.py
[2023-03-03T16:12:19.531+0100] {processor.py:766} INFO - DAG(s) dict_keys(['example_nested_branch_dag']) retrieved from /Users/uab910/dev/nnam-poc/pyenv/lib/python3.10/site-packages/airflow/example_dags/example_nested_branch_dag.py
[2023-03-03T16:12:19.708+0100] {logging_mixin.py:137} INFO - [2023-03-03T16:12:19.708+0100] {dag.py:2585} INFO - Sync 1 DAGs
[2023-03-03T16:12:19.724+0100] {logging_mixin.py:137} INFO - [2023-03-03T16:12:19.723+0100] {dag.py:3336} INFO - Setting next_dagrun for example_nested_branch_dag to 2023-03-02T00:00:00+00:00, run_after=2023-03-03T00:00:00+00:00
[2023-03-03T16:12:19.740+0100] {processor.py:176} INFO - Processing /Users/uab910/dev/nnam-poc/pyenv/lib/python3.10/site-packages/airflow/example_dags/example_nested_branch_dag.py took 0.281 seconds
[2023-03-03T16:13:31.715+0100] {processor.py:154} INFO - Started process (PID=57623) to work on /Users/uab910/dev/nnam-poc/pyenv/lib/python3.10/site-packages/airflow/example_dags/example_nested_branch_dag.py
[2023-03-03T16:13:31.722+0100] {processor.py:756} INFO - Processing file /Users/uab910/dev/nnam-poc/pyenv/lib/python3.10/site-packages/airflow/example_dags/example_nested_branch_dag.py for tasks to queue
[2023-03-03T16:13:31.723+0100] {logging_mixin.py:137} INFO - [2023-03-03T16:13:31.723+0100] {dagbag.py:537} INFO - Filling up the DagBag from /Users/uab910/dev/nnam-poc/pyenv/lib/python3.10/site-packages/airflow/example_dags/example_nested_branch_dag.py
[2023-03-03T16:13:31.789+0100] {processor.py:766} INFO - DAG(s) dict_keys(['example_nested_branch_dag']) retrieved from /Users/uab910/dev/nnam-poc/pyenv/lib/python3.10/site-packages/airflow/example_dags/example_nested_branch_dag.py
[2023-03-03T16:13:31.956+0100] {logging_mixin.py:137} INFO - [2023-03-03T16:13:31.955+0100] {dag.py:2585} INFO - Sync 1 DAGs
[2023-03-03T16:13:31.971+0100] {logging_mixin.py:137} INFO - [2023-03-03T16:13:31.971+0100] {dag.py:3336} INFO - Setting next_dagrun for example_nested_branch_dag to 2023-03-02T00:00:00+00:00, run_after=2023-03-03T00:00:00+00:00
[2023-03-03T16:13:31.986+0100] {processor.py:176} INFO - Processing /Users/uab910/dev/nnam-poc/pyenv/lib/python3.10/site-packages/airflow/example_dags/example_nested_branch_dag.py took 0.271 seconds
[2023-03-03T16:14:47.915+0100] {processor.py:154} INFO - Started process (PID=57688) to work on /Users/uab910/dev/nnam-poc/pyenv/lib/python3.10/site-packages/airflow/example_dags/example_nested_branch_dag.py
[2023-03-03T16:14:47.921+0100] {processor.py:756} INFO - Processing file /Users/uab910/dev/nnam-poc/pyenv/lib/python3.10/site-packages/airflow/example_dags/example_nested_branch_dag.py for tasks to queue
[2023-03-03T16:14:47.921+0100] {logging_mixin.py:137} INFO - [2023-03-03T16:14:47.921+0100] {dagbag.py:537} INFO - Filling up the DagBag from /Users/uab910/dev/nnam-poc/pyenv/lib/python3.10/site-packages/airflow/example_dags/example_nested_branch_dag.py
[2023-03-03T16:14:47.988+0100] {processor.py:766} INFO - DAG(s) dict_keys(['example_nested_branch_dag']) retrieved from /Users/uab910/dev/nnam-poc/pyenv/lib/python3.10/site-packages/airflow/example_dags/example_nested_branch_dag.py
[2023-03-03T16:14:48.172+0100] {logging_mixin.py:137} INFO - [2023-03-03T16:14:48.172+0100] {dag.py:2585} INFO - Sync 1 DAGs
[2023-03-03T16:14:48.187+0100] {logging_mixin.py:137} INFO - [2023-03-03T16:14:48.187+0100] {dag.py:3336} INFO - Setting next_dagrun for example_nested_branch_dag to 2023-03-02T00:00:00+00:00, run_after=2023-03-03T00:00:00+00:00
[2023-03-03T16:14:48.202+0100] {processor.py:176} INFO - Processing /Users/uab910/dev/nnam-poc/pyenv/lib/python3.10/site-packages/airflow/example_dags/example_nested_branch_dag.py took 0.288 seconds
[2023-03-03T16:16:05.644+0100] {processor.py:154} INFO - Started process (PID=57749) to work on /Users/uab910/dev/nnam-poc/pyenv/lib/python3.10/site-packages/airflow/example_dags/example_nested_branch_dag.py
[2023-03-03T16:16:05.651+0100] {processor.py:756} INFO - Processing file /Users/uab910/dev/nnam-poc/pyenv/lib/python3.10/site-packages/airflow/example_dags/example_nested_branch_dag.py for tasks to queue
[2023-03-03T16:16:05.651+0100] {logging_mixin.py:137} INFO - [2023-03-03T16:16:05.651+0100] {dagbag.py:537} INFO - Filling up the DagBag from /Users/uab910/dev/nnam-poc/pyenv/lib/python3.10/site-packages/airflow/example_dags/example_nested_branch_dag.py
[2023-03-03T16:16:05.719+0100] {processor.py:766} INFO - DAG(s) dict_keys(['example_nested_branch_dag']) retrieved from /Users/uab910/dev/nnam-poc/pyenv/lib/python3.10/site-packages/airflow/example_dags/example_nested_branch_dag.py
[2023-03-03T16:16:05.881+0100] {logging_mixin.py:137} INFO - [2023-03-03T16:16:05.881+0100] {dag.py:2585} INFO - Sync 1 DAGs
[2023-03-03T16:16:05.898+0100] {logging_mixin.py:137} INFO - [2023-03-03T16:16:05.898+0100] {dag.py:3336} INFO - Setting next_dagrun for example_nested_branch_dag to 2023-03-02T00:00:00+00:00, run_after=2023-03-03T00:00:00+00:00
[2023-03-03T16:16:05.915+0100] {processor.py:176} INFO - Processing /Users/uab910/dev/nnam-poc/pyenv/lib/python3.10/site-packages/airflow/example_dags/example_nested_branch_dag.py took 0.272 seconds
[2023-03-03T16:17:25.722+0100] {processor.py:154} INFO - Started process (PID=57838) to work on /Users/uab910/dev/nnam-poc/pyenv/lib/python3.10/site-packages/airflow/example_dags/example_nested_branch_dag.py
[2023-03-03T16:17:25.730+0100] {processor.py:756} INFO - Processing file /Users/uab910/dev/nnam-poc/pyenv/lib/python3.10/site-packages/airflow/example_dags/example_nested_branch_dag.py for tasks to queue
[2023-03-03T16:17:25.730+0100] {logging_mixin.py:137} INFO - [2023-03-03T16:17:25.730+0100] {dagbag.py:537} INFO - Filling up the DagBag from /Users/uab910/dev/nnam-poc/pyenv/lib/python3.10/site-packages/airflow/example_dags/example_nested_branch_dag.py
[2023-03-03T16:17:25.854+0100] {processor.py:766} INFO - DAG(s) dict_keys(['example_nested_branch_dag']) retrieved from /Users/uab910/dev/nnam-poc/pyenv/lib/python3.10/site-packages/airflow/example_dags/example_nested_branch_dag.py
[2023-03-03T16:17:26.105+0100] {logging_mixin.py:137} INFO - [2023-03-03T16:17:26.105+0100] {dag.py:2585} INFO - Sync 1 DAGs
[2023-03-03T16:17:26.124+0100] {logging_mixin.py:137} INFO - [2023-03-03T16:17:26.124+0100] {dag.py:3336} INFO - Setting next_dagrun for example_nested_branch_dag to 2023-03-02T00:00:00+00:00, run_after=2023-03-03T00:00:00+00:00
[2023-03-03T16:17:26.144+0100] {processor.py:176} INFO - Processing /Users/uab910/dev/nnam-poc/pyenv/lib/python3.10/site-packages/airflow/example_dags/example_nested_branch_dag.py took 0.424 seconds
[2023-03-03T16:18:44.864+0100] {processor.py:154} INFO - Started process (PID=57895) to work on /Users/uab910/dev/nnam-poc/pyenv/lib/python3.10/site-packages/airflow/example_dags/example_nested_branch_dag.py
[2023-03-03T16:18:44.870+0100] {processor.py:756} INFO - Processing file /Users/uab910/dev/nnam-poc/pyenv/lib/python3.10/site-packages/airflow/example_dags/example_nested_branch_dag.py for tasks to queue
[2023-03-03T16:18:44.870+0100] {logging_mixin.py:137} INFO - [2023-03-03T16:18:44.870+0100] {dagbag.py:537} INFO - Filling up the DagBag from /Users/uab910/dev/nnam-poc/pyenv/lib/python3.10/site-packages/airflow/example_dags/example_nested_branch_dag.py
[2023-03-03T16:18:44.937+0100] {processor.py:766} INFO - DAG(s) dict_keys(['example_nested_branch_dag']) retrieved from /Users/uab910/dev/nnam-poc/pyenv/lib/python3.10/site-packages/airflow/example_dags/example_nested_branch_dag.py
[2023-03-03T16:18:45.117+0100] {logging_mixin.py:137} INFO - [2023-03-03T16:18:45.117+0100] {dag.py:2585} INFO - Sync 1 DAGs
[2023-03-03T16:18:45.135+0100] {logging_mixin.py:137} INFO - [2023-03-03T16:18:45.135+0100] {dag.py:3336} INFO - Setting next_dagrun for example_nested_branch_dag to 2023-03-02T00:00:00+00:00, run_after=2023-03-03T00:00:00+00:00
[2023-03-03T16:18:45.152+0100] {processor.py:176} INFO - Processing /Users/uab910/dev/nnam-poc/pyenv/lib/python3.10/site-packages/airflow/example_dags/example_nested_branch_dag.py took 0.289 seconds
[2023-03-03T16:20:00.779+0100] {processor.py:154} INFO - Started process (PID=57950) to work on /Users/uab910/dev/nnam-poc/pyenv/lib/python3.10/site-packages/airflow/example_dags/example_nested_branch_dag.py
[2023-03-03T16:20:00.785+0100] {processor.py:756} INFO - Processing file /Users/uab910/dev/nnam-poc/pyenv/lib/python3.10/site-packages/airflow/example_dags/example_nested_branch_dag.py for tasks to queue
[2023-03-03T16:20:00.785+0100] {logging_mixin.py:137} INFO - [2023-03-03T16:20:00.785+0100] {dagbag.py:537} INFO - Filling up the DagBag from /Users/uab910/dev/nnam-poc/pyenv/lib/python3.10/site-packages/airflow/example_dags/example_nested_branch_dag.py
[2023-03-03T16:20:00.842+0100] {processor.py:766} INFO - DAG(s) dict_keys(['example_nested_branch_dag']) retrieved from /Users/uab910/dev/nnam-poc/pyenv/lib/python3.10/site-packages/airflow/example_dags/example_nested_branch_dag.py
[2023-03-03T16:20:01.000+0100] {logging_mixin.py:137} INFO - [2023-03-03T16:20:01.000+0100] {dag.py:2585} INFO - Sync 1 DAGs
[2023-03-03T16:20:01.015+0100] {logging_mixin.py:137} INFO - [2023-03-03T16:20:01.015+0100] {dag.py:3336} INFO - Setting next_dagrun for example_nested_branch_dag to 2023-03-02T00:00:00+00:00, run_after=2023-03-03T00:00:00+00:00
[2023-03-03T16:20:01.031+0100] {processor.py:176} INFO - Processing /Users/uab910/dev/nnam-poc/pyenv/lib/python3.10/site-packages/airflow/example_dags/example_nested_branch_dag.py took 0.252 seconds
[2023-03-03T16:21:18.802+0100] {processor.py:154} INFO - Started process (PID=58033) to work on /Users/uab910/dev/nnam-poc/pyenv/lib/python3.10/site-packages/airflow/example_dags/example_nested_branch_dag.py
[2023-03-03T16:21:18.810+0100] {processor.py:756} INFO - Processing file /Users/uab910/dev/nnam-poc/pyenv/lib/python3.10/site-packages/airflow/example_dags/example_nested_branch_dag.py for tasks to queue
[2023-03-03T16:21:18.810+0100] {logging_mixin.py:137} INFO - [2023-03-03T16:21:18.810+0100] {dagbag.py:537} INFO - Filling up the DagBag from /Users/uab910/dev/nnam-poc/pyenv/lib/python3.10/site-packages/airflow/example_dags/example_nested_branch_dag.py
[2023-03-03T16:21:19.067+0100] {processor.py:766} INFO - DAG(s) dict_keys(['example_nested_branch_dag']) retrieved from /Users/uab910/dev/nnam-poc/pyenv/lib/python3.10/site-packages/airflow/example_dags/example_nested_branch_dag.py
[2023-03-03T16:21:19.601+0100] {logging_mixin.py:137} INFO - [2023-03-03T16:21:19.601+0100] {dag.py:2585} INFO - Sync 1 DAGs
[2023-03-03T16:21:19.618+0100] {logging_mixin.py:137} INFO - [2023-03-03T16:21:19.618+0100] {dag.py:3336} INFO - Setting next_dagrun for example_nested_branch_dag to 2023-03-02T00:00:00+00:00, run_after=2023-03-03T00:00:00+00:00
[2023-03-03T16:21:19.634+0100] {processor.py:176} INFO - Processing /Users/uab910/dev/nnam-poc/pyenv/lib/python3.10/site-packages/airflow/example_dags/example_nested_branch_dag.py took 0.833 seconds
[2023-03-03T16:22:40.247+0100] {processor.py:154} INFO - Started process (PID=58090) to work on /Users/uab910/dev/nnam-poc/pyenv/lib/python3.10/site-packages/airflow/example_dags/example_nested_branch_dag.py
[2023-03-03T16:22:40.252+0100] {processor.py:756} INFO - Processing file /Users/uab910/dev/nnam-poc/pyenv/lib/python3.10/site-packages/airflow/example_dags/example_nested_branch_dag.py for tasks to queue
[2023-03-03T16:22:40.252+0100] {logging_mixin.py:137} INFO - [2023-03-03T16:22:40.252+0100] {dagbag.py:537} INFO - Filling up the DagBag from /Users/uab910/dev/nnam-poc/pyenv/lib/python3.10/site-packages/airflow/example_dags/example_nested_branch_dag.py
[2023-03-03T16:22:40.309+0100] {processor.py:766} INFO - DAG(s) dict_keys(['example_nested_branch_dag']) retrieved from /Users/uab910/dev/nnam-poc/pyenv/lib/python3.10/site-packages/airflow/example_dags/example_nested_branch_dag.py
[2023-03-03T16:22:40.490+0100] {logging_mixin.py:137} INFO - [2023-03-03T16:22:40.490+0100] {dag.py:2585} INFO - Sync 1 DAGs
[2023-03-03T16:22:40.504+0100] {logging_mixin.py:137} INFO - [2023-03-03T16:22:40.504+0100] {dag.py:3336} INFO - Setting next_dagrun for example_nested_branch_dag to 2023-03-02T00:00:00+00:00, run_after=2023-03-03T00:00:00+00:00
[2023-03-03T16:22:40.517+0100] {processor.py:176} INFO - Processing /Users/uab910/dev/nnam-poc/pyenv/lib/python3.10/site-packages/airflow/example_dags/example_nested_branch_dag.py took 0.271 seconds
[2023-03-03T16:23:55.317+0100] {processor.py:154} INFO - Started process (PID=58170) to work on /Users/uab910/dev/nnam-poc/pyenv/lib/python3.10/site-packages/airflow/example_dags/example_nested_branch_dag.py
[2023-03-03T16:23:55.323+0100] {processor.py:756} INFO - Processing file /Users/uab910/dev/nnam-poc/pyenv/lib/python3.10/site-packages/airflow/example_dags/example_nested_branch_dag.py for tasks to queue
[2023-03-03T16:23:55.324+0100] {logging_mixin.py:137} INFO - [2023-03-03T16:23:55.323+0100] {dagbag.py:537} INFO - Filling up the DagBag from /Users/uab910/dev/nnam-poc/pyenv/lib/python3.10/site-packages/airflow/example_dags/example_nested_branch_dag.py
[2023-03-03T16:23:55.391+0100] {processor.py:766} INFO - DAG(s) dict_keys(['example_nested_branch_dag']) retrieved from /Users/uab910/dev/nnam-poc/pyenv/lib/python3.10/site-packages/airflow/example_dags/example_nested_branch_dag.py
[2023-03-03T16:23:55.553+0100] {logging_mixin.py:137} INFO - [2023-03-03T16:23:55.553+0100] {dag.py:2585} INFO - Sync 1 DAGs
[2023-03-03T16:23:55.569+0100] {logging_mixin.py:137} INFO - [2023-03-03T16:23:55.569+0100] {dag.py:3336} INFO - Setting next_dagrun for example_nested_branch_dag to 2023-03-02T00:00:00+00:00, run_after=2023-03-03T00:00:00+00:00
[2023-03-03T16:23:55.584+0100] {processor.py:176} INFO - Processing /Users/uab910/dev/nnam-poc/pyenv/lib/python3.10/site-packages/airflow/example_dags/example_nested_branch_dag.py took 0.268 seconds
[2023-03-03T16:25:11.994+0100] {processor.py:154} INFO - Started process (PID=58218) to work on /Users/uab910/dev/nnam-poc/pyenv/lib/python3.10/site-packages/airflow/example_dags/example_nested_branch_dag.py
[2023-03-03T16:25:11.999+0100] {processor.py:756} INFO - Processing file /Users/uab910/dev/nnam-poc/pyenv/lib/python3.10/site-packages/airflow/example_dags/example_nested_branch_dag.py for tasks to queue
[2023-03-03T16:25:11.999+0100] {logging_mixin.py:137} INFO - [2023-03-03T16:25:11.999+0100] {dagbag.py:537} INFO - Filling up the DagBag from /Users/uab910/dev/nnam-poc/pyenv/lib/python3.10/site-packages/airflow/example_dags/example_nested_branch_dag.py
[2023-03-03T16:25:12.055+0100] {processor.py:766} INFO - DAG(s) dict_keys(['example_nested_branch_dag']) retrieved from /Users/uab910/dev/nnam-poc/pyenv/lib/python3.10/site-packages/airflow/example_dags/example_nested_branch_dag.py
[2023-03-03T16:25:12.207+0100] {logging_mixin.py:137} INFO - [2023-03-03T16:25:12.207+0100] {dag.py:2585} INFO - Sync 1 DAGs
[2023-03-03T16:25:12.221+0100] {logging_mixin.py:137} INFO - [2023-03-03T16:25:12.221+0100] {dag.py:3336} INFO - Setting next_dagrun for example_nested_branch_dag to 2023-03-02T00:00:00+00:00, run_after=2023-03-03T00:00:00+00:00
[2023-03-03T16:25:12.236+0100] {processor.py:176} INFO - Processing /Users/uab910/dev/nnam-poc/pyenv/lib/python3.10/site-packages/airflow/example_dags/example_nested_branch_dag.py took 0.243 seconds
[2023-03-03T16:26:26.893+0100] {processor.py:154} INFO - Started process (PID=58258) to work on /Users/uab910/dev/nnam-poc/pyenv/lib/python3.10/site-packages/airflow/example_dags/example_nested_branch_dag.py
[2023-03-03T16:26:26.898+0100] {processor.py:756} INFO - Processing file /Users/uab910/dev/nnam-poc/pyenv/lib/python3.10/site-packages/airflow/example_dags/example_nested_branch_dag.py for tasks to queue
[2023-03-03T16:26:26.899+0100] {logging_mixin.py:137} INFO - [2023-03-03T16:26:26.898+0100] {dagbag.py:537} INFO - Filling up the DagBag from /Users/uab910/dev/nnam-poc/pyenv/lib/python3.10/site-packages/airflow/example_dags/example_nested_branch_dag.py
[2023-03-03T16:26:26.956+0100] {processor.py:766} INFO - DAG(s) dict_keys(['example_nested_branch_dag']) retrieved from /Users/uab910/dev/nnam-poc/pyenv/lib/python3.10/site-packages/airflow/example_dags/example_nested_branch_dag.py
[2023-03-03T16:26:27.112+0100] {logging_mixin.py:137} INFO - [2023-03-03T16:26:27.112+0100] {dag.py:2585} INFO - Sync 1 DAGs
[2023-03-03T16:26:27.127+0100] {logging_mixin.py:137} INFO - [2023-03-03T16:26:27.126+0100] {dag.py:3336} INFO - Setting next_dagrun for example_nested_branch_dag to 2023-03-02T00:00:00+00:00, run_after=2023-03-03T00:00:00+00:00
[2023-03-03T16:26:27.142+0100] {processor.py:176} INFO - Processing /Users/uab910/dev/nnam-poc/pyenv/lib/python3.10/site-packages/airflow/example_dags/example_nested_branch_dag.py took 0.250 seconds
[2023-03-03T16:27:40.849+0100] {processor.py:154} INFO - Started process (PID=58307) to work on /Users/uab910/dev/nnam-poc/pyenv/lib/python3.10/site-packages/airflow/example_dags/example_nested_branch_dag.py
[2023-03-03T16:27:40.855+0100] {processor.py:756} INFO - Processing file /Users/uab910/dev/nnam-poc/pyenv/lib/python3.10/site-packages/airflow/example_dags/example_nested_branch_dag.py for tasks to queue
[2023-03-03T16:27:40.855+0100] {logging_mixin.py:137} INFO - [2023-03-03T16:27:40.855+0100] {dagbag.py:537} INFO - Filling up the DagBag from /Users/uab910/dev/nnam-poc/pyenv/lib/python3.10/site-packages/airflow/example_dags/example_nested_branch_dag.py
[2023-03-03T16:27:40.924+0100] {processor.py:766} INFO - DAG(s) dict_keys(['example_nested_branch_dag']) retrieved from /Users/uab910/dev/nnam-poc/pyenv/lib/python3.10/site-packages/airflow/example_dags/example_nested_branch_dag.py
[2023-03-03T16:27:41.090+0100] {logging_mixin.py:137} INFO - [2023-03-03T16:27:41.090+0100] {dag.py:2585} INFO - Sync 1 DAGs
[2023-03-03T16:27:41.105+0100] {logging_mixin.py:137} INFO - [2023-03-03T16:27:41.105+0100] {dag.py:3336} INFO - Setting next_dagrun for example_nested_branch_dag to 2023-03-02T00:00:00+00:00, run_after=2023-03-03T00:00:00+00:00
[2023-03-03T16:27:41.120+0100] {processor.py:176} INFO - Processing /Users/uab910/dev/nnam-poc/pyenv/lib/python3.10/site-packages/airflow/example_dags/example_nested_branch_dag.py took 0.273 seconds
[2023-03-03T16:28:56.706+0100] {processor.py:154} INFO - Started process (PID=58345) to work on /Users/uab910/dev/nnam-poc/pyenv/lib/python3.10/site-packages/airflow/example_dags/example_nested_branch_dag.py
[2023-03-03T16:28:56.711+0100] {processor.py:756} INFO - Processing file /Users/uab910/dev/nnam-poc/pyenv/lib/python3.10/site-packages/airflow/example_dags/example_nested_branch_dag.py for tasks to queue
[2023-03-03T16:28:56.712+0100] {logging_mixin.py:137} INFO - [2023-03-03T16:28:56.712+0100] {dagbag.py:537} INFO - Filling up the DagBag from /Users/uab910/dev/nnam-poc/pyenv/lib/python3.10/site-packages/airflow/example_dags/example_nested_branch_dag.py
[2023-03-03T16:28:56.776+0100] {processor.py:766} INFO - DAG(s) dict_keys(['example_nested_branch_dag']) retrieved from /Users/uab910/dev/nnam-poc/pyenv/lib/python3.10/site-packages/airflow/example_dags/example_nested_branch_dag.py
[2023-03-03T16:28:56.938+0100] {logging_mixin.py:137} INFO - [2023-03-03T16:28:56.938+0100] {dag.py:2585} INFO - Sync 1 DAGs
[2023-03-03T16:28:56.951+0100] {logging_mixin.py:137} INFO - [2023-03-03T16:28:56.951+0100] {dag.py:3336} INFO - Setting next_dagrun for example_nested_branch_dag to 2023-03-02T00:00:00+00:00, run_after=2023-03-03T00:00:00+00:00
[2023-03-03T16:28:56.966+0100] {processor.py:176} INFO - Processing /Users/uab910/dev/nnam-poc/pyenv/lib/python3.10/site-packages/airflow/example_dags/example_nested_branch_dag.py took 0.261 seconds
[2023-03-03T16:30:12.594+0100] {processor.py:154} INFO - Started process (PID=58391) to work on /Users/uab910/dev/nnam-poc/pyenv/lib/python3.10/site-packages/airflow/example_dags/example_nested_branch_dag.py
[2023-03-03T16:30:12.600+0100] {processor.py:756} INFO - Processing file /Users/uab910/dev/nnam-poc/pyenv/lib/python3.10/site-packages/airflow/example_dags/example_nested_branch_dag.py for tasks to queue
[2023-03-03T16:30:12.601+0100] {logging_mixin.py:137} INFO - [2023-03-03T16:30:12.601+0100] {dagbag.py:537} INFO - Filling up the DagBag from /Users/uab910/dev/nnam-poc/pyenv/lib/python3.10/site-packages/airflow/example_dags/example_nested_branch_dag.py
[2023-03-03T16:30:12.668+0100] {processor.py:766} INFO - DAG(s) dict_keys(['example_nested_branch_dag']) retrieved from /Users/uab910/dev/nnam-poc/pyenv/lib/python3.10/site-packages/airflow/example_dags/example_nested_branch_dag.py
[2023-03-03T16:30:12.861+0100] {logging_mixin.py:137} INFO - [2023-03-03T16:30:12.861+0100] {dag.py:2585} INFO - Sync 1 DAGs
[2023-03-03T16:30:12.878+0100] {logging_mixin.py:137} INFO - [2023-03-03T16:30:12.877+0100] {dag.py:3336} INFO - Setting next_dagrun for example_nested_branch_dag to 2023-03-02T00:00:00+00:00, run_after=2023-03-03T00:00:00+00:00
[2023-03-03T16:30:12.894+0100] {processor.py:176} INFO - Processing /Users/uab910/dev/nnam-poc/pyenv/lib/python3.10/site-packages/airflow/example_dags/example_nested_branch_dag.py took 0.301 seconds
[2023-03-03T16:31:29.127+0100] {processor.py:154} INFO - Started process (PID=58433) to work on /Users/uab910/dev/nnam-poc/pyenv/lib/python3.10/site-packages/airflow/example_dags/example_nested_branch_dag.py
[2023-03-03T16:31:29.133+0100] {processor.py:756} INFO - Processing file /Users/uab910/dev/nnam-poc/pyenv/lib/python3.10/site-packages/airflow/example_dags/example_nested_branch_dag.py for tasks to queue
[2023-03-03T16:31:29.133+0100] {logging_mixin.py:137} INFO - [2023-03-03T16:31:29.133+0100] {dagbag.py:537} INFO - Filling up the DagBag from /Users/uab910/dev/nnam-poc/pyenv/lib/python3.10/site-packages/airflow/example_dags/example_nested_branch_dag.py
[2023-03-03T16:31:29.195+0100] {processor.py:766} INFO - DAG(s) dict_keys(['example_nested_branch_dag']) retrieved from /Users/uab910/dev/nnam-poc/pyenv/lib/python3.10/site-packages/airflow/example_dags/example_nested_branch_dag.py
[2023-03-03T16:31:29.355+0100] {logging_mixin.py:137} INFO - [2023-03-03T16:31:29.355+0100] {dag.py:2585} INFO - Sync 1 DAGs
[2023-03-03T16:31:29.371+0100] {logging_mixin.py:137} INFO - [2023-03-03T16:31:29.371+0100] {dag.py:3336} INFO - Setting next_dagrun for example_nested_branch_dag to 2023-03-02T00:00:00+00:00, run_after=2023-03-03T00:00:00+00:00
[2023-03-03T16:31:29.386+0100] {processor.py:176} INFO - Processing /Users/uab910/dev/nnam-poc/pyenv/lib/python3.10/site-packages/airflow/example_dags/example_nested_branch_dag.py took 0.260 seconds
[2023-03-03T16:32:46.451+0100] {processor.py:154} INFO - Started process (PID=58471) to work on /Users/uab910/dev/nnam-poc/pyenv/lib/python3.10/site-packages/airflow/example_dags/example_nested_branch_dag.py
[2023-03-03T16:32:46.457+0100] {processor.py:756} INFO - Processing file /Users/uab910/dev/nnam-poc/pyenv/lib/python3.10/site-packages/airflow/example_dags/example_nested_branch_dag.py for tasks to queue
[2023-03-03T16:32:46.458+0100] {logging_mixin.py:137} INFO - [2023-03-03T16:32:46.458+0100] {dagbag.py:537} INFO - Filling up the DagBag from /Users/uab910/dev/nnam-poc/pyenv/lib/python3.10/site-packages/airflow/example_dags/example_nested_branch_dag.py
[2023-03-03T16:32:46.518+0100] {processor.py:766} INFO - DAG(s) dict_keys(['example_nested_branch_dag']) retrieved from /Users/uab910/dev/nnam-poc/pyenv/lib/python3.10/site-packages/airflow/example_dags/example_nested_branch_dag.py
[2023-03-03T16:32:46.674+0100] {logging_mixin.py:137} INFO - [2023-03-03T16:32:46.674+0100] {dag.py:2585} INFO - Sync 1 DAGs
[2023-03-03T16:32:46.688+0100] {logging_mixin.py:137} INFO - [2023-03-03T16:32:46.688+0100] {dag.py:3336} INFO - Setting next_dagrun for example_nested_branch_dag to 2023-03-02T00:00:00+00:00, run_after=2023-03-03T00:00:00+00:00
[2023-03-03T16:32:46.703+0100] {processor.py:176} INFO - Processing /Users/uab910/dev/nnam-poc/pyenv/lib/python3.10/site-packages/airflow/example_dags/example_nested_branch_dag.py took 0.253 seconds
[2023-03-03T16:34:03.317+0100] {processor.py:154} INFO - Started process (PID=58533) to work on /Users/uab910/dev/nnam-poc/pyenv/lib/python3.10/site-packages/airflow/example_dags/example_nested_branch_dag.py
[2023-03-03T16:34:03.322+0100] {processor.py:756} INFO - Processing file /Users/uab910/dev/nnam-poc/pyenv/lib/python3.10/site-packages/airflow/example_dags/example_nested_branch_dag.py for tasks to queue
[2023-03-03T16:34:03.322+0100] {logging_mixin.py:137} INFO - [2023-03-03T16:34:03.322+0100] {dagbag.py:537} INFO - Filling up the DagBag from /Users/uab910/dev/nnam-poc/pyenv/lib/python3.10/site-packages/airflow/example_dags/example_nested_branch_dag.py
[2023-03-03T16:34:03.381+0100] {processor.py:766} INFO - DAG(s) dict_keys(['example_nested_branch_dag']) retrieved from /Users/uab910/dev/nnam-poc/pyenv/lib/python3.10/site-packages/airflow/example_dags/example_nested_branch_dag.py
[2023-03-03T16:34:03.542+0100] {logging_mixin.py:137} INFO - [2023-03-03T16:34:03.541+0100] {dag.py:2585} INFO - Sync 1 DAGs
[2023-03-03T16:34:03.556+0100] {logging_mixin.py:137} INFO - [2023-03-03T16:34:03.556+0100] {dag.py:3336} INFO - Setting next_dagrun for example_nested_branch_dag to 2023-03-02T00:00:00+00:00, run_after=2023-03-03T00:00:00+00:00
[2023-03-03T16:34:03.570+0100] {processor.py:176} INFO - Processing /Users/uab910/dev/nnam-poc/pyenv/lib/python3.10/site-packages/airflow/example_dags/example_nested_branch_dag.py took 0.254 seconds
[2023-03-03T16:35:19.378+0100] {processor.py:154} INFO - Started process (PID=58577) to work on /Users/uab910/dev/nnam-poc/pyenv/lib/python3.10/site-packages/airflow/example_dags/example_nested_branch_dag.py
[2023-03-03T16:35:19.384+0100] {processor.py:756} INFO - Processing file /Users/uab910/dev/nnam-poc/pyenv/lib/python3.10/site-packages/airflow/example_dags/example_nested_branch_dag.py for tasks to queue
[2023-03-03T16:35:19.385+0100] {logging_mixin.py:137} INFO - [2023-03-03T16:35:19.385+0100] {dagbag.py:537} INFO - Filling up the DagBag from /Users/uab910/dev/nnam-poc/pyenv/lib/python3.10/site-packages/airflow/example_dags/example_nested_branch_dag.py
[2023-03-03T16:35:19.446+0100] {processor.py:766} INFO - DAG(s) dict_keys(['example_nested_branch_dag']) retrieved from /Users/uab910/dev/nnam-poc/pyenv/lib/python3.10/site-packages/airflow/example_dags/example_nested_branch_dag.py
[2023-03-03T16:35:19.617+0100] {logging_mixin.py:137} INFO - [2023-03-03T16:35:19.617+0100] {dag.py:2585} INFO - Sync 1 DAGs
[2023-03-03T16:35:19.632+0100] {logging_mixin.py:137} INFO - [2023-03-03T16:35:19.632+0100] {dag.py:3336} INFO - Setting next_dagrun for example_nested_branch_dag to 2023-03-02T00:00:00+00:00, run_after=2023-03-03T00:00:00+00:00
[2023-03-03T16:35:19.648+0100] {processor.py:176} INFO - Processing /Users/uab910/dev/nnam-poc/pyenv/lib/python3.10/site-packages/airflow/example_dags/example_nested_branch_dag.py took 0.270 seconds
[2023-03-03T16:36:36.155+0100] {processor.py:154} INFO - Started process (PID=58620) to work on /Users/uab910/dev/nnam-poc/pyenv/lib/python3.10/site-packages/airflow/example_dags/example_nested_branch_dag.py
[2023-03-03T16:36:36.161+0100] {processor.py:756} INFO - Processing file /Users/uab910/dev/nnam-poc/pyenv/lib/python3.10/site-packages/airflow/example_dags/example_nested_branch_dag.py for tasks to queue
[2023-03-03T16:36:36.162+0100] {logging_mixin.py:137} INFO - [2023-03-03T16:36:36.162+0100] {dagbag.py:537} INFO - Filling up the DagBag from /Users/uab910/dev/nnam-poc/pyenv/lib/python3.10/site-packages/airflow/example_dags/example_nested_branch_dag.py
[2023-03-03T16:36:36.221+0100] {processor.py:766} INFO - DAG(s) dict_keys(['example_nested_branch_dag']) retrieved from /Users/uab910/dev/nnam-poc/pyenv/lib/python3.10/site-packages/airflow/example_dags/example_nested_branch_dag.py
[2023-03-03T16:36:36.369+0100] {logging_mixin.py:137} INFO - [2023-03-03T16:36:36.369+0100] {dag.py:2585} INFO - Sync 1 DAGs
[2023-03-03T16:36:36.385+0100] {logging_mixin.py:137} INFO - [2023-03-03T16:36:36.384+0100] {dag.py:3336} INFO - Setting next_dagrun for example_nested_branch_dag to 2023-03-02T00:00:00+00:00, run_after=2023-03-03T00:00:00+00:00
[2023-03-03T16:36:36.400+0100] {processor.py:176} INFO - Processing /Users/uab910/dev/nnam-poc/pyenv/lib/python3.10/site-packages/airflow/example_dags/example_nested_branch_dag.py took 0.245 seconds
[2023-03-03T16:37:54.135+0100] {processor.py:154} INFO - Started process (PID=58663) to work on /Users/uab910/dev/nnam-poc/pyenv/lib/python3.10/site-packages/airflow/example_dags/example_nested_branch_dag.py
[2023-03-03T16:37:54.142+0100] {processor.py:756} INFO - Processing file /Users/uab910/dev/nnam-poc/pyenv/lib/python3.10/site-packages/airflow/example_dags/example_nested_branch_dag.py for tasks to queue
[2023-03-03T16:37:54.142+0100] {logging_mixin.py:137} INFO - [2023-03-03T16:37:54.142+0100] {dagbag.py:537} INFO - Filling up the DagBag from /Users/uab910/dev/nnam-poc/pyenv/lib/python3.10/site-packages/airflow/example_dags/example_nested_branch_dag.py
[2023-03-03T16:37:54.213+0100] {processor.py:766} INFO - DAG(s) dict_keys(['example_nested_branch_dag']) retrieved from /Users/uab910/dev/nnam-poc/pyenv/lib/python3.10/site-packages/airflow/example_dags/example_nested_branch_dag.py
[2023-03-03T16:37:54.417+0100] {logging_mixin.py:137} INFO - [2023-03-03T16:37:54.416+0100] {dag.py:2585} INFO - Sync 1 DAGs
[2023-03-03T16:37:54.434+0100] {logging_mixin.py:137} INFO - [2023-03-03T16:37:54.434+0100] {dag.py:3336} INFO - Setting next_dagrun for example_nested_branch_dag to 2023-03-02T00:00:00+00:00, run_after=2023-03-03T00:00:00+00:00
[2023-03-03T16:37:54.451+0100] {processor.py:176} INFO - Processing /Users/uab910/dev/nnam-poc/pyenv/lib/python3.10/site-packages/airflow/example_dags/example_nested_branch_dag.py took 0.317 seconds
[2023-03-03T16:39:11.486+0100] {processor.py:154} INFO - Started process (PID=58701) to work on /Users/uab910/dev/nnam-poc/pyenv/lib/python3.10/site-packages/airflow/example_dags/example_nested_branch_dag.py
[2023-03-03T16:39:11.493+0100] {processor.py:756} INFO - Processing file /Users/uab910/dev/nnam-poc/pyenv/lib/python3.10/site-packages/airflow/example_dags/example_nested_branch_dag.py for tasks to queue
[2023-03-03T16:39:11.493+0100] {logging_mixin.py:137} INFO - [2023-03-03T16:39:11.493+0100] {dagbag.py:537} INFO - Filling up the DagBag from /Users/uab910/dev/nnam-poc/pyenv/lib/python3.10/site-packages/airflow/example_dags/example_nested_branch_dag.py
[2023-03-03T16:39:11.563+0100] {processor.py:766} INFO - DAG(s) dict_keys(['example_nested_branch_dag']) retrieved from /Users/uab910/dev/nnam-poc/pyenv/lib/python3.10/site-packages/airflow/example_dags/example_nested_branch_dag.py
[2023-03-03T16:39:11.728+0100] {logging_mixin.py:137} INFO - [2023-03-03T16:39:11.727+0100] {dag.py:2585} INFO - Sync 1 DAGs
[2023-03-03T16:39:11.741+0100] {logging_mixin.py:137} INFO - [2023-03-03T16:39:11.741+0100] {dag.py:3336} INFO - Setting next_dagrun for example_nested_branch_dag to 2023-03-02T00:00:00+00:00, run_after=2023-03-03T00:00:00+00:00
[2023-03-03T16:39:11.755+0100] {processor.py:176} INFO - Processing /Users/uab910/dev/nnam-poc/pyenv/lib/python3.10/site-packages/airflow/example_dags/example_nested_branch_dag.py took 0.270 seconds
[2023-03-03T16:40:48.170+0100] {processor.py:154} INFO - Started process (PID=58757) to work on /Users/uab910/dev/nnam-poc/pyenv/lib/python3.10/site-packages/airflow/example_dags/example_nested_branch_dag.py
[2023-03-03T16:40:48.175+0100] {processor.py:756} INFO - Processing file /Users/uab910/dev/nnam-poc/pyenv/lib/python3.10/site-packages/airflow/example_dags/example_nested_branch_dag.py for tasks to queue
[2023-03-03T16:40:48.176+0100] {logging_mixin.py:137} INFO - [2023-03-03T16:40:48.176+0100] {dagbag.py:537} INFO - Filling up the DagBag from /Users/uab910/dev/nnam-poc/pyenv/lib/python3.10/site-packages/airflow/example_dags/example_nested_branch_dag.py
[2023-03-03T16:40:48.236+0100] {processor.py:766} INFO - DAG(s) dict_keys(['example_nested_branch_dag']) retrieved from /Users/uab910/dev/nnam-poc/pyenv/lib/python3.10/site-packages/airflow/example_dags/example_nested_branch_dag.py
[2023-03-03T16:40:48.399+0100] {logging_mixin.py:137} INFO - [2023-03-03T16:40:48.398+0100] {dag.py:2585} INFO - Sync 1 DAGs
[2023-03-03T16:40:48.414+0100] {logging_mixin.py:137} INFO - [2023-03-03T16:40:48.414+0100] {dag.py:3336} INFO - Setting next_dagrun for example_nested_branch_dag to 2023-03-02T00:00:00+00:00, run_after=2023-03-03T00:00:00+00:00
[2023-03-03T16:40:48.431+0100] {processor.py:176} INFO - Processing /Users/uab910/dev/nnam-poc/pyenv/lib/python3.10/site-packages/airflow/example_dags/example_nested_branch_dag.py took 0.262 seconds
[2023-03-03T16:42:18.965+0100] {processor.py:154} INFO - Started process (PID=58804) to work on /Users/uab910/dev/nnam-poc/pyenv/lib/python3.10/site-packages/airflow/example_dags/example_nested_branch_dag.py
[2023-03-03T16:42:18.972+0100] {processor.py:756} INFO - Processing file /Users/uab910/dev/nnam-poc/pyenv/lib/python3.10/site-packages/airflow/example_dags/example_nested_branch_dag.py for tasks to queue
[2023-03-03T16:42:18.972+0100] {logging_mixin.py:137} INFO - [2023-03-03T16:42:18.972+0100] {dagbag.py:537} INFO - Filling up the DagBag from /Users/uab910/dev/nnam-poc/pyenv/lib/python3.10/site-packages/airflow/example_dags/example_nested_branch_dag.py
[2023-03-03T16:42:19.038+0100] {processor.py:766} INFO - DAG(s) dict_keys(['example_nested_branch_dag']) retrieved from /Users/uab910/dev/nnam-poc/pyenv/lib/python3.10/site-packages/airflow/example_dags/example_nested_branch_dag.py
[2023-03-03T16:42:19.207+0100] {logging_mixin.py:137} INFO - [2023-03-03T16:42:19.206+0100] {dag.py:2585} INFO - Sync 1 DAGs
[2023-03-03T16:42:19.221+0100] {logging_mixin.py:137} INFO - [2023-03-03T16:42:19.221+0100] {dag.py:3336} INFO - Setting next_dagrun for example_nested_branch_dag to 2023-03-02T00:00:00+00:00, run_after=2023-03-03T00:00:00+00:00
[2023-03-03T16:42:19.236+0100] {processor.py:176} INFO - Processing /Users/uab910/dev/nnam-poc/pyenv/lib/python3.10/site-packages/airflow/example_dags/example_nested_branch_dag.py took 0.272 seconds
[2023-03-03T16:43:52.059+0100] {processor.py:154} INFO - Started process (PID=58881) to work on /Users/uab910/dev/nnam-poc/pyenv/lib/python3.10/site-packages/airflow/example_dags/example_nested_branch_dag.py
[2023-03-03T16:43:52.065+0100] {processor.py:756} INFO - Processing file /Users/uab910/dev/nnam-poc/pyenv/lib/python3.10/site-packages/airflow/example_dags/example_nested_branch_dag.py for tasks to queue
[2023-03-03T16:43:52.065+0100] {logging_mixin.py:137} INFO - [2023-03-03T16:43:52.065+0100] {dagbag.py:537} INFO - Filling up the DagBag from /Users/uab910/dev/nnam-poc/pyenv/lib/python3.10/site-packages/airflow/example_dags/example_nested_branch_dag.py
[2023-03-03T16:43:52.130+0100] {processor.py:766} INFO - DAG(s) dict_keys(['example_nested_branch_dag']) retrieved from /Users/uab910/dev/nnam-poc/pyenv/lib/python3.10/site-packages/airflow/example_dags/example_nested_branch_dag.py
[2023-03-03T16:43:52.291+0100] {logging_mixin.py:137} INFO - [2023-03-03T16:43:52.291+0100] {dag.py:2585} INFO - Sync 1 DAGs
[2023-03-03T16:43:52.306+0100] {logging_mixin.py:137} INFO - [2023-03-03T16:43:52.306+0100] {dag.py:3336} INFO - Setting next_dagrun for example_nested_branch_dag to 2023-03-02T00:00:00+00:00, run_after=2023-03-03T00:00:00+00:00
[2023-03-03T16:43:52.322+0100] {processor.py:176} INFO - Processing /Users/uab910/dev/nnam-poc/pyenv/lib/python3.10/site-packages/airflow/example_dags/example_nested_branch_dag.py took 0.264 seconds
[2023-03-03T16:45:27.609+0100] {processor.py:154} INFO - Started process (PID=58935) to work on /Users/uab910/dev/nnam-poc/pyenv/lib/python3.10/site-packages/airflow/example_dags/example_nested_branch_dag.py
[2023-03-03T16:45:27.615+0100] {processor.py:756} INFO - Processing file /Users/uab910/dev/nnam-poc/pyenv/lib/python3.10/site-packages/airflow/example_dags/example_nested_branch_dag.py for tasks to queue
[2023-03-03T16:45:27.616+0100] {logging_mixin.py:137} INFO - [2023-03-03T16:45:27.616+0100] {dagbag.py:537} INFO - Filling up the DagBag from /Users/uab910/dev/nnam-poc/pyenv/lib/python3.10/site-packages/airflow/example_dags/example_nested_branch_dag.py
[2023-03-03T16:45:27.687+0100] {processor.py:766} INFO - DAG(s) dict_keys(['example_nested_branch_dag']) retrieved from /Users/uab910/dev/nnam-poc/pyenv/lib/python3.10/site-packages/airflow/example_dags/example_nested_branch_dag.py
[2023-03-03T16:45:27.878+0100] {logging_mixin.py:137} INFO - [2023-03-03T16:45:27.878+0100] {dag.py:2585} INFO - Sync 1 DAGs
[2023-03-03T16:45:27.896+0100] {logging_mixin.py:137} INFO - [2023-03-03T16:45:27.896+0100] {dag.py:3336} INFO - Setting next_dagrun for example_nested_branch_dag to 2023-03-02T00:00:00+00:00, run_after=2023-03-03T00:00:00+00:00
[2023-03-03T16:45:27.914+0100] {processor.py:176} INFO - Processing /Users/uab910/dev/nnam-poc/pyenv/lib/python3.10/site-packages/airflow/example_dags/example_nested_branch_dag.py took 0.306 seconds
[2023-03-03T16:47:01.520+0100] {processor.py:154} INFO - Started process (PID=59007) to work on /Users/uab910/dev/nnam-poc/pyenv/lib/python3.10/site-packages/airflow/example_dags/example_nested_branch_dag.py
[2023-03-03T16:47:01.527+0100] {processor.py:756} INFO - Processing file /Users/uab910/dev/nnam-poc/pyenv/lib/python3.10/site-packages/airflow/example_dags/example_nested_branch_dag.py for tasks to queue
[2023-03-03T16:47:01.527+0100] {logging_mixin.py:137} INFO - [2023-03-03T16:47:01.527+0100] {dagbag.py:537} INFO - Filling up the DagBag from /Users/uab910/dev/nnam-poc/pyenv/lib/python3.10/site-packages/airflow/example_dags/example_nested_branch_dag.py
[2023-03-03T16:47:01.599+0100] {processor.py:766} INFO - DAG(s) dict_keys(['example_nested_branch_dag']) retrieved from /Users/uab910/dev/nnam-poc/pyenv/lib/python3.10/site-packages/airflow/example_dags/example_nested_branch_dag.py
[2023-03-03T16:47:01.784+0100] {logging_mixin.py:137} INFO - [2023-03-03T16:47:01.784+0100] {dag.py:2585} INFO - Sync 1 DAGs
[2023-03-03T16:47:01.798+0100] {logging_mixin.py:137} INFO - [2023-03-03T16:47:01.798+0100] {dag.py:3336} INFO - Setting next_dagrun for example_nested_branch_dag to 2023-03-02T00:00:00+00:00, run_after=2023-03-03T00:00:00+00:00
[2023-03-03T16:47:01.812+0100] {processor.py:176} INFO - Processing /Users/uab910/dev/nnam-poc/pyenv/lib/python3.10/site-packages/airflow/example_dags/example_nested_branch_dag.py took 0.293 seconds
[2023-03-03T16:48:31.714+0100] {processor.py:154} INFO - Started process (PID=59060) to work on /Users/uab910/dev/nnam-poc/pyenv/lib/python3.10/site-packages/airflow/example_dags/example_nested_branch_dag.py
[2023-03-03T16:48:31.721+0100] {processor.py:756} INFO - Processing file /Users/uab910/dev/nnam-poc/pyenv/lib/python3.10/site-packages/airflow/example_dags/example_nested_branch_dag.py for tasks to queue
[2023-03-03T16:48:31.722+0100] {logging_mixin.py:137} INFO - [2023-03-03T16:48:31.722+0100] {dagbag.py:537} INFO - Filling up the DagBag from /Users/uab910/dev/nnam-poc/pyenv/lib/python3.10/site-packages/airflow/example_dags/example_nested_branch_dag.py
[2023-03-03T16:48:31.792+0100] {processor.py:766} INFO - DAG(s) dict_keys(['example_nested_branch_dag']) retrieved from /Users/uab910/dev/nnam-poc/pyenv/lib/python3.10/site-packages/airflow/example_dags/example_nested_branch_dag.py
[2023-03-03T16:48:31.992+0100] {logging_mixin.py:137} INFO - [2023-03-03T16:48:31.992+0100] {dag.py:2585} INFO - Sync 1 DAGs
[2023-03-03T16:48:32.010+0100] {logging_mixin.py:137} INFO - [2023-03-03T16:48:32.010+0100] {dag.py:3336} INFO - Setting next_dagrun for example_nested_branch_dag to 2023-03-02T00:00:00+00:00, run_after=2023-03-03T00:00:00+00:00
[2023-03-03T16:48:32.029+0100] {processor.py:176} INFO - Processing /Users/uab910/dev/nnam-poc/pyenv/lib/python3.10/site-packages/airflow/example_dags/example_nested_branch_dag.py took 0.316 seconds
[2023-03-03T16:50:06.216+0100] {processor.py:154} INFO - Started process (PID=59117) to work on /Users/uab910/dev/nnam-poc/pyenv/lib/python3.10/site-packages/airflow/example_dags/example_nested_branch_dag.py
[2023-03-03T16:50:06.222+0100] {processor.py:756} INFO - Processing file /Users/uab910/dev/nnam-poc/pyenv/lib/python3.10/site-packages/airflow/example_dags/example_nested_branch_dag.py for tasks to queue
[2023-03-03T16:50:06.222+0100] {logging_mixin.py:137} INFO - [2023-03-03T16:50:06.222+0100] {dagbag.py:537} INFO - Filling up the DagBag from /Users/uab910/dev/nnam-poc/pyenv/lib/python3.10/site-packages/airflow/example_dags/example_nested_branch_dag.py
[2023-03-03T16:50:06.288+0100] {processor.py:766} INFO - DAG(s) dict_keys(['example_nested_branch_dag']) retrieved from /Users/uab910/dev/nnam-poc/pyenv/lib/python3.10/site-packages/airflow/example_dags/example_nested_branch_dag.py
[2023-03-03T16:50:06.469+0100] {logging_mixin.py:137} INFO - [2023-03-03T16:50:06.469+0100] {dag.py:2585} INFO - Sync 1 DAGs
[2023-03-03T16:50:06.486+0100] {logging_mixin.py:137} INFO - [2023-03-03T16:50:06.486+0100] {dag.py:3336} INFO - Setting next_dagrun for example_nested_branch_dag to 2023-03-02T00:00:00+00:00, run_after=2023-03-03T00:00:00+00:00
[2023-03-03T16:50:06.505+0100] {processor.py:176} INFO - Processing /Users/uab910/dev/nnam-poc/pyenv/lib/python3.10/site-packages/airflow/example_dags/example_nested_branch_dag.py took 0.289 seconds
[2023-03-03T16:51:39.702+0100] {processor.py:154} INFO - Started process (PID=59179) to work on /Users/uab910/dev/nnam-poc/pyenv/lib/python3.10/site-packages/airflow/example_dags/example_nested_branch_dag.py
[2023-03-03T16:51:39.708+0100] {processor.py:756} INFO - Processing file /Users/uab910/dev/nnam-poc/pyenv/lib/python3.10/site-packages/airflow/example_dags/example_nested_branch_dag.py for tasks to queue
[2023-03-03T16:51:39.708+0100] {logging_mixin.py:137} INFO - [2023-03-03T16:51:39.708+0100] {dagbag.py:537} INFO - Filling up the DagBag from /Users/uab910/dev/nnam-poc/pyenv/lib/python3.10/site-packages/airflow/example_dags/example_nested_branch_dag.py
[2023-03-03T16:51:39.770+0100] {processor.py:766} INFO - DAG(s) dict_keys(['example_nested_branch_dag']) retrieved from /Users/uab910/dev/nnam-poc/pyenv/lib/python3.10/site-packages/airflow/example_dags/example_nested_branch_dag.py
[2023-03-03T16:51:39.933+0100] {logging_mixin.py:137} INFO - [2023-03-03T16:51:39.932+0100] {dag.py:2585} INFO - Sync 1 DAGs
[2023-03-03T16:51:39.947+0100] {logging_mixin.py:137} INFO - [2023-03-03T16:51:39.947+0100] {dag.py:3336} INFO - Setting next_dagrun for example_nested_branch_dag to 2023-03-02T00:00:00+00:00, run_after=2023-03-03T00:00:00+00:00
[2023-03-03T16:51:39.961+0100] {processor.py:176} INFO - Processing /Users/uab910/dev/nnam-poc/pyenv/lib/python3.10/site-packages/airflow/example_dags/example_nested_branch_dag.py took 0.260 seconds
[2023-03-03T16:53:10.110+0100] {processor.py:154} INFO - Started process (PID=59227) to work on /Users/uab910/dev/nnam-poc/pyenv/lib/python3.10/site-packages/airflow/example_dags/example_nested_branch_dag.py
[2023-03-03T16:53:10.116+0100] {processor.py:756} INFO - Processing file /Users/uab910/dev/nnam-poc/pyenv/lib/python3.10/site-packages/airflow/example_dags/example_nested_branch_dag.py for tasks to queue
[2023-03-03T16:53:10.117+0100] {logging_mixin.py:137} INFO - [2023-03-03T16:53:10.117+0100] {dagbag.py:537} INFO - Filling up the DagBag from /Users/uab910/dev/nnam-poc/pyenv/lib/python3.10/site-packages/airflow/example_dags/example_nested_branch_dag.py
[2023-03-03T16:53:10.180+0100] {processor.py:766} INFO - DAG(s) dict_keys(['example_nested_branch_dag']) retrieved from /Users/uab910/dev/nnam-poc/pyenv/lib/python3.10/site-packages/airflow/example_dags/example_nested_branch_dag.py
[2023-03-03T16:53:10.342+0100] {logging_mixin.py:137} INFO - [2023-03-03T16:53:10.342+0100] {dag.py:2585} INFO - Sync 1 DAGs
[2023-03-03T16:53:10.357+0100] {logging_mixin.py:137} INFO - [2023-03-03T16:53:10.357+0100] {dag.py:3336} INFO - Setting next_dagrun for example_nested_branch_dag to 2023-03-02T00:00:00+00:00, run_after=2023-03-03T00:00:00+00:00
[2023-03-03T16:53:10.372+0100] {processor.py:176} INFO - Processing /Users/uab910/dev/nnam-poc/pyenv/lib/python3.10/site-packages/airflow/example_dags/example_nested_branch_dag.py took 0.263 seconds
[2023-03-03T16:54:37.996+0100] {processor.py:154} INFO - Started process (PID=59286) to work on /Users/uab910/dev/nnam-poc/pyenv/lib/python3.10/site-packages/airflow/example_dags/example_nested_branch_dag.py
[2023-03-03T16:54:38.002+0100] {processor.py:756} INFO - Processing file /Users/uab910/dev/nnam-poc/pyenv/lib/python3.10/site-packages/airflow/example_dags/example_nested_branch_dag.py for tasks to queue
[2023-03-03T16:54:38.003+0100] {logging_mixin.py:137} INFO - [2023-03-03T16:54:38.003+0100] {dagbag.py:537} INFO - Filling up the DagBag from /Users/uab910/dev/nnam-poc/pyenv/lib/python3.10/site-packages/airflow/example_dags/example_nested_branch_dag.py
[2023-03-03T16:54:38.074+0100] {processor.py:766} INFO - DAG(s) dict_keys(['example_nested_branch_dag']) retrieved from /Users/uab910/dev/nnam-poc/pyenv/lib/python3.10/site-packages/airflow/example_dags/example_nested_branch_dag.py
[2023-03-03T16:54:38.269+0100] {logging_mixin.py:137} INFO - [2023-03-03T16:54:38.269+0100] {dag.py:2585} INFO - Sync 1 DAGs
[2023-03-03T16:54:38.287+0100] {logging_mixin.py:137} INFO - [2023-03-03T16:54:38.287+0100] {dag.py:3336} INFO - Setting next_dagrun for example_nested_branch_dag to 2023-03-02T00:00:00+00:00, run_after=2023-03-03T00:00:00+00:00
[2023-03-03T16:54:38.306+0100] {processor.py:176} INFO - Processing /Users/uab910/dev/nnam-poc/pyenv/lib/python3.10/site-packages/airflow/example_dags/example_nested_branch_dag.py took 0.311 seconds
[2023-03-03T16:56:13.523+0100] {processor.py:154} INFO - Started process (PID=59336) to work on /Users/uab910/dev/nnam-poc/pyenv/lib/python3.10/site-packages/airflow/example_dags/example_nested_branch_dag.py
[2023-03-03T16:56:13.529+0100] {processor.py:756} INFO - Processing file /Users/uab910/dev/nnam-poc/pyenv/lib/python3.10/site-packages/airflow/example_dags/example_nested_branch_dag.py for tasks to queue
[2023-03-03T16:56:13.529+0100] {logging_mixin.py:137} INFO - [2023-03-03T16:56:13.529+0100] {dagbag.py:537} INFO - Filling up the DagBag from /Users/uab910/dev/nnam-poc/pyenv/lib/python3.10/site-packages/airflow/example_dags/example_nested_branch_dag.py
[2023-03-03T16:56:13.595+0100] {processor.py:766} INFO - DAG(s) dict_keys(['example_nested_branch_dag']) retrieved from /Users/uab910/dev/nnam-poc/pyenv/lib/python3.10/site-packages/airflow/example_dags/example_nested_branch_dag.py
[2023-03-03T16:56:13.785+0100] {logging_mixin.py:137} INFO - [2023-03-03T16:56:13.785+0100] {dag.py:2585} INFO - Sync 1 DAGs
[2023-03-03T16:56:13.802+0100] {logging_mixin.py:137} INFO - [2023-03-03T16:56:13.802+0100] {dag.py:3336} INFO - Setting next_dagrun for example_nested_branch_dag to 2023-03-02T00:00:00+00:00, run_after=2023-03-03T00:00:00+00:00
[2023-03-03T16:56:13.819+0100] {processor.py:176} INFO - Processing /Users/uab910/dev/nnam-poc/pyenv/lib/python3.10/site-packages/airflow/example_dags/example_nested_branch_dag.py took 0.296 seconds
[2023-03-03T16:57:46.457+0100] {processor.py:154} INFO - Started process (PID=59388) to work on /Users/uab910/dev/nnam-poc/pyenv/lib/python3.10/site-packages/airflow/example_dags/example_nested_branch_dag.py
[2023-03-03T16:57:46.463+0100] {processor.py:756} INFO - Processing file /Users/uab910/dev/nnam-poc/pyenv/lib/python3.10/site-packages/airflow/example_dags/example_nested_branch_dag.py for tasks to queue
[2023-03-03T16:57:46.463+0100] {logging_mixin.py:137} INFO - [2023-03-03T16:57:46.463+0100] {dagbag.py:537} INFO - Filling up the DagBag from /Users/uab910/dev/nnam-poc/pyenv/lib/python3.10/site-packages/airflow/example_dags/example_nested_branch_dag.py
[2023-03-03T16:57:46.521+0100] {processor.py:766} INFO - DAG(s) dict_keys(['example_nested_branch_dag']) retrieved from /Users/uab910/dev/nnam-poc/pyenv/lib/python3.10/site-packages/airflow/example_dags/example_nested_branch_dag.py
[2023-03-03T16:57:46.669+0100] {logging_mixin.py:137} INFO - [2023-03-03T16:57:46.669+0100] {dag.py:2585} INFO - Sync 1 DAGs
[2023-03-03T16:57:46.682+0100] {logging_mixin.py:137} INFO - [2023-03-03T16:57:46.682+0100] {dag.py:3336} INFO - Setting next_dagrun for example_nested_branch_dag to 2023-03-02T00:00:00+00:00, run_after=2023-03-03T00:00:00+00:00
[2023-03-03T16:57:46.696+0100] {processor.py:176} INFO - Processing /Users/uab910/dev/nnam-poc/pyenv/lib/python3.10/site-packages/airflow/example_dags/example_nested_branch_dag.py took 0.239 seconds
[2023-03-03T16:59:20.483+0100] {processor.py:154} INFO - Started process (PID=59433) to work on /Users/uab910/dev/nnam-poc/pyenv/lib/python3.10/site-packages/airflow/example_dags/example_nested_branch_dag.py
[2023-03-03T16:59:20.489+0100] {processor.py:756} INFO - Processing file /Users/uab910/dev/nnam-poc/pyenv/lib/python3.10/site-packages/airflow/example_dags/example_nested_branch_dag.py for tasks to queue
[2023-03-03T16:59:20.489+0100] {logging_mixin.py:137} INFO - [2023-03-03T16:59:20.489+0100] {dagbag.py:537} INFO - Filling up the DagBag from /Users/uab910/dev/nnam-poc/pyenv/lib/python3.10/site-packages/airflow/example_dags/example_nested_branch_dag.py
[2023-03-03T16:59:20.552+0100] {processor.py:766} INFO - DAG(s) dict_keys(['example_nested_branch_dag']) retrieved from /Users/uab910/dev/nnam-poc/pyenv/lib/python3.10/site-packages/airflow/example_dags/example_nested_branch_dag.py
[2023-03-03T16:59:20.711+0100] {logging_mixin.py:137} INFO - [2023-03-03T16:59:20.711+0100] {dag.py:2585} INFO - Sync 1 DAGs
[2023-03-03T16:59:20.727+0100] {logging_mixin.py:137} INFO - [2023-03-03T16:59:20.727+0100] {dag.py:3336} INFO - Setting next_dagrun for example_nested_branch_dag to 2023-03-02T00:00:00+00:00, run_after=2023-03-03T00:00:00+00:00
[2023-03-03T16:59:20.744+0100] {processor.py:176} INFO - Processing /Users/uab910/dev/nnam-poc/pyenv/lib/python3.10/site-packages/airflow/example_dags/example_nested_branch_dag.py took 0.261 seconds
[2023-03-03T17:00:53.107+0100] {processor.py:154} INFO - Started process (PID=59480) to work on /Users/uab910/dev/nnam-poc/pyenv/lib/python3.10/site-packages/airflow/example_dags/example_nested_branch_dag.py
[2023-03-03T17:00:53.113+0100] {processor.py:756} INFO - Processing file /Users/uab910/dev/nnam-poc/pyenv/lib/python3.10/site-packages/airflow/example_dags/example_nested_branch_dag.py for tasks to queue
[2023-03-03T17:00:53.114+0100] {logging_mixin.py:137} INFO - [2023-03-03T17:00:53.114+0100] {dagbag.py:537} INFO - Filling up the DagBag from /Users/uab910/dev/nnam-poc/pyenv/lib/python3.10/site-packages/airflow/example_dags/example_nested_branch_dag.py
[2023-03-03T17:00:53.184+0100] {processor.py:766} INFO - DAG(s) dict_keys(['example_nested_branch_dag']) retrieved from /Users/uab910/dev/nnam-poc/pyenv/lib/python3.10/site-packages/airflow/example_dags/example_nested_branch_dag.py
[2023-03-03T17:00:53.386+0100] {logging_mixin.py:137} INFO - [2023-03-03T17:00:53.386+0100] {dag.py:2585} INFO - Sync 1 DAGs
[2023-03-03T17:00:53.404+0100] {logging_mixin.py:137} INFO - [2023-03-03T17:00:53.403+0100] {dag.py:3336} INFO - Setting next_dagrun for example_nested_branch_dag to 2023-03-02T00:00:00+00:00, run_after=2023-03-03T00:00:00+00:00
[2023-03-03T17:00:53.421+0100] {processor.py:176} INFO - Processing /Users/uab910/dev/nnam-poc/pyenv/lib/python3.10/site-packages/airflow/example_dags/example_nested_branch_dag.py took 0.315 seconds
[2023-03-03T17:02:26.466+0100] {processor.py:154} INFO - Started process (PID=59530) to work on /Users/uab910/dev/nnam-poc/pyenv/lib/python3.10/site-packages/airflow/example_dags/example_nested_branch_dag.py
[2023-03-03T17:02:26.472+0100] {processor.py:756} INFO - Processing file /Users/uab910/dev/nnam-poc/pyenv/lib/python3.10/site-packages/airflow/example_dags/example_nested_branch_dag.py for tasks to queue
[2023-03-03T17:02:26.472+0100] {logging_mixin.py:137} INFO - [2023-03-03T17:02:26.472+0100] {dagbag.py:537} INFO - Filling up the DagBag from /Users/uab910/dev/nnam-poc/pyenv/lib/python3.10/site-packages/airflow/example_dags/example_nested_branch_dag.py
[2023-03-03T17:02:26.536+0100] {processor.py:766} INFO - DAG(s) dict_keys(['example_nested_branch_dag']) retrieved from /Users/uab910/dev/nnam-poc/pyenv/lib/python3.10/site-packages/airflow/example_dags/example_nested_branch_dag.py
[2023-03-03T17:02:26.706+0100] {logging_mixin.py:137} INFO - [2023-03-03T17:02:26.706+0100] {dag.py:2585} INFO - Sync 1 DAGs
[2023-03-03T17:02:26.723+0100] {logging_mixin.py:137} INFO - [2023-03-03T17:02:26.723+0100] {dag.py:3336} INFO - Setting next_dagrun for example_nested_branch_dag to 2023-03-02T00:00:00+00:00, run_after=2023-03-03T00:00:00+00:00
[2023-03-03T17:02:26.739+0100] {processor.py:176} INFO - Processing /Users/uab910/dev/nnam-poc/pyenv/lib/python3.10/site-packages/airflow/example_dags/example_nested_branch_dag.py took 0.274 seconds
[2023-03-03T17:03:58.016+0100] {processor.py:154} INFO - Started process (PID=59595) to work on /Users/uab910/dev/nnam-poc/pyenv/lib/python3.10/site-packages/airflow/example_dags/example_nested_branch_dag.py
[2023-03-03T17:03:58.021+0100] {processor.py:756} INFO - Processing file /Users/uab910/dev/nnam-poc/pyenv/lib/python3.10/site-packages/airflow/example_dags/example_nested_branch_dag.py for tasks to queue
[2023-03-03T17:03:58.022+0100] {logging_mixin.py:137} INFO - [2023-03-03T17:03:58.022+0100] {dagbag.py:537} INFO - Filling up the DagBag from /Users/uab910/dev/nnam-poc/pyenv/lib/python3.10/site-packages/airflow/example_dags/example_nested_branch_dag.py
[2023-03-03T17:03:58.081+0100] {processor.py:766} INFO - DAG(s) dict_keys(['example_nested_branch_dag']) retrieved from /Users/uab910/dev/nnam-poc/pyenv/lib/python3.10/site-packages/airflow/example_dags/example_nested_branch_dag.py
[2023-03-03T17:03:58.229+0100] {logging_mixin.py:137} INFO - [2023-03-03T17:03:58.228+0100] {dag.py:2585} INFO - Sync 1 DAGs
[2023-03-03T17:03:58.244+0100] {logging_mixin.py:137} INFO - [2023-03-03T17:03:58.244+0100] {dag.py:3336} INFO - Setting next_dagrun for example_nested_branch_dag to 2023-03-02T00:00:00+00:00, run_after=2023-03-03T00:00:00+00:00
[2023-03-03T17:03:58.261+0100] {processor.py:176} INFO - Processing /Users/uab910/dev/nnam-poc/pyenv/lib/python3.10/site-packages/airflow/example_dags/example_nested_branch_dag.py took 0.246 seconds
[2023-03-03T17:05:26.418+0100] {processor.py:154} INFO - Started process (PID=59642) to work on /Users/uab910/dev/nnam-poc/pyenv/lib/python3.10/site-packages/airflow/example_dags/example_nested_branch_dag.py
[2023-03-03T17:05:26.423+0100] {processor.py:756} INFO - Processing file /Users/uab910/dev/nnam-poc/pyenv/lib/python3.10/site-packages/airflow/example_dags/example_nested_branch_dag.py for tasks to queue
[2023-03-03T17:05:26.424+0100] {logging_mixin.py:137} INFO - [2023-03-03T17:05:26.424+0100] {dagbag.py:537} INFO - Filling up the DagBag from /Users/uab910/dev/nnam-poc/pyenv/lib/python3.10/site-packages/airflow/example_dags/example_nested_branch_dag.py
[2023-03-03T17:05:26.483+0100] {processor.py:766} INFO - DAG(s) dict_keys(['example_nested_branch_dag']) retrieved from /Users/uab910/dev/nnam-poc/pyenv/lib/python3.10/site-packages/airflow/example_dags/example_nested_branch_dag.py
[2023-03-03T17:05:26.647+0100] {logging_mixin.py:137} INFO - [2023-03-03T17:05:26.647+0100] {dag.py:2585} INFO - Sync 1 DAGs
[2023-03-03T17:05:26.662+0100] {logging_mixin.py:137} INFO - [2023-03-03T17:05:26.662+0100] {dag.py:3336} INFO - Setting next_dagrun for example_nested_branch_dag to 2023-03-02T00:00:00+00:00, run_after=2023-03-03T00:00:00+00:00
[2023-03-03T17:05:26.675+0100] {processor.py:176} INFO - Processing /Users/uab910/dev/nnam-poc/pyenv/lib/python3.10/site-packages/airflow/example_dags/example_nested_branch_dag.py took 0.258 seconds
[2023-03-03T17:07:02.219+0100] {processor.py:154} INFO - Started process (PID=59698) to work on /Users/uab910/dev/nnam-poc/pyenv/lib/python3.10/site-packages/airflow/example_dags/example_nested_branch_dag.py
[2023-03-03T17:07:02.224+0100] {processor.py:756} INFO - Processing file /Users/uab910/dev/nnam-poc/pyenv/lib/python3.10/site-packages/airflow/example_dags/example_nested_branch_dag.py for tasks to queue
[2023-03-03T17:07:02.225+0100] {logging_mixin.py:137} INFO - [2023-03-03T17:07:02.225+0100] {dagbag.py:537} INFO - Filling up the DagBag from /Users/uab910/dev/nnam-poc/pyenv/lib/python3.10/site-packages/airflow/example_dags/example_nested_branch_dag.py
[2023-03-03T17:07:02.299+0100] {processor.py:766} INFO - DAG(s) dict_keys(['example_nested_branch_dag']) retrieved from /Users/uab910/dev/nnam-poc/pyenv/lib/python3.10/site-packages/airflow/example_dags/example_nested_branch_dag.py
[2023-03-03T17:07:02.492+0100] {logging_mixin.py:137} INFO - [2023-03-03T17:07:02.492+0100] {dag.py:2585} INFO - Sync 1 DAGs
[2023-03-03T17:07:02.511+0100] {logging_mixin.py:137} INFO - [2023-03-03T17:07:02.511+0100] {dag.py:3336} INFO - Setting next_dagrun for example_nested_branch_dag to 2023-03-02T00:00:00+00:00, run_after=2023-03-03T00:00:00+00:00
[2023-03-03T17:07:02.529+0100] {processor.py:176} INFO - Processing /Users/uab910/dev/nnam-poc/pyenv/lib/python3.10/site-packages/airflow/example_dags/example_nested_branch_dag.py took 0.311 seconds
[2023-03-03T17:08:43.898+0100] {processor.py:154} INFO - Started process (PID=59761) to work on /Users/uab910/dev/nnam-poc/pyenv/lib/python3.10/site-packages/airflow/example_dags/example_nested_branch_dag.py
[2023-03-03T17:08:43.904+0100] {processor.py:756} INFO - Processing file /Users/uab910/dev/nnam-poc/pyenv/lib/python3.10/site-packages/airflow/example_dags/example_nested_branch_dag.py for tasks to queue
[2023-03-03T17:08:43.905+0100] {logging_mixin.py:137} INFO - [2023-03-03T17:08:43.905+0100] {dagbag.py:537} INFO - Filling up the DagBag from /Users/uab910/dev/nnam-poc/pyenv/lib/python3.10/site-packages/airflow/example_dags/example_nested_branch_dag.py
[2023-03-03T17:08:43.961+0100] {processor.py:766} INFO - DAG(s) dict_keys(['example_nested_branch_dag']) retrieved from /Users/uab910/dev/nnam-poc/pyenv/lib/python3.10/site-packages/airflow/example_dags/example_nested_branch_dag.py
[2023-03-03T17:08:44.126+0100] {logging_mixin.py:137} INFO - [2023-03-03T17:08:44.125+0100] {dag.py:2585} INFO - Sync 1 DAGs
[2023-03-03T17:08:44.141+0100] {logging_mixin.py:137} INFO - [2023-03-03T17:08:44.141+0100] {dag.py:3336} INFO - Setting next_dagrun for example_nested_branch_dag to 2023-03-02T00:00:00+00:00, run_after=2023-03-03T00:00:00+00:00
[2023-03-03T17:08:44.155+0100] {processor.py:176} INFO - Processing /Users/uab910/dev/nnam-poc/pyenv/lib/python3.10/site-packages/airflow/example_dags/example_nested_branch_dag.py took 0.258 seconds
[2023-03-03T17:10:13.077+0100] {processor.py:154} INFO - Started process (PID=59810) to work on /Users/uab910/dev/nnam-poc/pyenv/lib/python3.10/site-packages/airflow/example_dags/example_nested_branch_dag.py
[2023-03-03T17:10:13.083+0100] {processor.py:756} INFO - Processing file /Users/uab910/dev/nnam-poc/pyenv/lib/python3.10/site-packages/airflow/example_dags/example_nested_branch_dag.py for tasks to queue
[2023-03-03T17:10:13.083+0100] {logging_mixin.py:137} INFO - [2023-03-03T17:10:13.083+0100] {dagbag.py:537} INFO - Filling up the DagBag from /Users/uab910/dev/nnam-poc/pyenv/lib/python3.10/site-packages/airflow/example_dags/example_nested_branch_dag.py
[2023-03-03T17:10:13.149+0100] {processor.py:766} INFO - DAG(s) dict_keys(['example_nested_branch_dag']) retrieved from /Users/uab910/dev/nnam-poc/pyenv/lib/python3.10/site-packages/airflow/example_dags/example_nested_branch_dag.py
[2023-03-03T17:10:13.305+0100] {logging_mixin.py:137} INFO - [2023-03-03T17:10:13.305+0100] {dag.py:2585} INFO - Sync 1 DAGs
[2023-03-03T17:10:13.319+0100] {logging_mixin.py:137} INFO - [2023-03-03T17:10:13.319+0100] {dag.py:3336} INFO - Setting next_dagrun for example_nested_branch_dag to 2023-03-02T00:00:00+00:00, run_after=2023-03-03T00:00:00+00:00
[2023-03-03T17:10:13.333+0100] {processor.py:176} INFO - Processing /Users/uab910/dev/nnam-poc/pyenv/lib/python3.10/site-packages/airflow/example_dags/example_nested_branch_dag.py took 0.257 seconds
[2023-03-03T17:11:40.843+0100] {processor.py:154} INFO - Started process (PID=59861) to work on /Users/uab910/dev/nnam-poc/pyenv/lib/python3.10/site-packages/airflow/example_dags/example_nested_branch_dag.py
[2023-03-03T17:11:40.847+0100] {processor.py:756} INFO - Processing file /Users/uab910/dev/nnam-poc/pyenv/lib/python3.10/site-packages/airflow/example_dags/example_nested_branch_dag.py for tasks to queue
[2023-03-03T17:11:40.848+0100] {logging_mixin.py:137} INFO - [2023-03-03T17:11:40.848+0100] {dagbag.py:537} INFO - Filling up the DagBag from /Users/uab910/dev/nnam-poc/pyenv/lib/python3.10/site-packages/airflow/example_dags/example_nested_branch_dag.py
[2023-03-03T17:11:40.919+0100] {processor.py:766} INFO - DAG(s) dict_keys(['example_nested_branch_dag']) retrieved from /Users/uab910/dev/nnam-poc/pyenv/lib/python3.10/site-packages/airflow/example_dags/example_nested_branch_dag.py
[2023-03-03T17:11:41.091+0100] {logging_mixin.py:137} INFO - [2023-03-03T17:11:41.091+0100] {dag.py:2585} INFO - Sync 1 DAGs
[2023-03-03T17:11:41.105+0100] {logging_mixin.py:137} INFO - [2023-03-03T17:11:41.105+0100] {dag.py:3336} INFO - Setting next_dagrun for example_nested_branch_dag to 2023-03-02T00:00:00+00:00, run_after=2023-03-03T00:00:00+00:00
[2023-03-03T17:11:41.123+0100] {processor.py:176} INFO - Processing /Users/uab910/dev/nnam-poc/pyenv/lib/python3.10/site-packages/airflow/example_dags/example_nested_branch_dag.py took 0.281 seconds
[2023-03-03T17:13:10.867+0100] {processor.py:154} INFO - Started process (PID=59942) to work on /Users/uab910/dev/nnam-poc/pyenv/lib/python3.10/site-packages/airflow/example_dags/example_nested_branch_dag.py
[2023-03-03T17:13:10.872+0100] {processor.py:756} INFO - Processing file /Users/uab910/dev/nnam-poc/pyenv/lib/python3.10/site-packages/airflow/example_dags/example_nested_branch_dag.py for tasks to queue
[2023-03-03T17:13:10.873+0100] {logging_mixin.py:137} INFO - [2023-03-03T17:13:10.873+0100] {dagbag.py:537} INFO - Filling up the DagBag from /Users/uab910/dev/nnam-poc/pyenv/lib/python3.10/site-packages/airflow/example_dags/example_nested_branch_dag.py
[2023-03-03T17:13:10.955+0100] {processor.py:766} INFO - DAG(s) dict_keys(['example_nested_branch_dag']) retrieved from /Users/uab910/dev/nnam-poc/pyenv/lib/python3.10/site-packages/airflow/example_dags/example_nested_branch_dag.py
[2023-03-03T17:13:11.160+0100] {logging_mixin.py:137} INFO - [2023-03-03T17:13:11.160+0100] {dag.py:2585} INFO - Sync 1 DAGs
[2023-03-03T17:13:11.179+0100] {logging_mixin.py:137} INFO - [2023-03-03T17:13:11.179+0100] {dag.py:3336} INFO - Setting next_dagrun for example_nested_branch_dag to 2023-03-02T00:00:00+00:00, run_after=2023-03-03T00:00:00+00:00
[2023-03-03T17:13:11.197+0100] {processor.py:176} INFO - Processing /Users/uab910/dev/nnam-poc/pyenv/lib/python3.10/site-packages/airflow/example_dags/example_nested_branch_dag.py took 0.331 seconds
[2023-03-03T17:14:43.546+0100] {processor.py:154} INFO - Started process (PID=60006) to work on /Users/uab910/dev/nnam-poc/pyenv/lib/python3.10/site-packages/airflow/example_dags/example_nested_branch_dag.py
[2023-03-03T17:14:43.551+0100] {processor.py:756} INFO - Processing file /Users/uab910/dev/nnam-poc/pyenv/lib/python3.10/site-packages/airflow/example_dags/example_nested_branch_dag.py for tasks to queue
[2023-03-03T17:14:43.552+0100] {logging_mixin.py:137} INFO - [2023-03-03T17:14:43.552+0100] {dagbag.py:537} INFO - Filling up the DagBag from /Users/uab910/dev/nnam-poc/pyenv/lib/python3.10/site-packages/airflow/example_dags/example_nested_branch_dag.py
[2023-03-03T17:14:43.633+0100] {processor.py:766} INFO - DAG(s) dict_keys(['example_nested_branch_dag']) retrieved from /Users/uab910/dev/nnam-poc/pyenv/lib/python3.10/site-packages/airflow/example_dags/example_nested_branch_dag.py
[2023-03-03T17:14:43.846+0100] {logging_mixin.py:137} INFO - [2023-03-03T17:14:43.846+0100] {dag.py:2585} INFO - Sync 1 DAGs
[2023-03-03T17:14:43.867+0100] {logging_mixin.py:137} INFO - [2023-03-03T17:14:43.867+0100] {dag.py:3336} INFO - Setting next_dagrun for example_nested_branch_dag to 2023-03-02T00:00:00+00:00, run_after=2023-03-03T00:00:00+00:00
[2023-03-03T17:14:43.886+0100] {processor.py:176} INFO - Processing /Users/uab910/dev/nnam-poc/pyenv/lib/python3.10/site-packages/airflow/example_dags/example_nested_branch_dag.py took 0.341 seconds
[2023-03-03T17:16:15.620+0100] {processor.py:154} INFO - Started process (PID=60063) to work on /Users/uab910/dev/nnam-poc/pyenv/lib/python3.10/site-packages/airflow/example_dags/example_nested_branch_dag.py
[2023-03-03T17:16:15.626+0100] {processor.py:756} INFO - Processing file /Users/uab910/dev/nnam-poc/pyenv/lib/python3.10/site-packages/airflow/example_dags/example_nested_branch_dag.py for tasks to queue
[2023-03-03T17:16:15.626+0100] {logging_mixin.py:137} INFO - [2023-03-03T17:16:15.626+0100] {dagbag.py:537} INFO - Filling up the DagBag from /Users/uab910/dev/nnam-poc/pyenv/lib/python3.10/site-packages/airflow/example_dags/example_nested_branch_dag.py
[2023-03-03T17:16:15.684+0100] {processor.py:766} INFO - DAG(s) dict_keys(['example_nested_branch_dag']) retrieved from /Users/uab910/dev/nnam-poc/pyenv/lib/python3.10/site-packages/airflow/example_dags/example_nested_branch_dag.py
[2023-03-03T17:16:15.842+0100] {logging_mixin.py:137} INFO - [2023-03-03T17:16:15.842+0100] {dag.py:2585} INFO - Sync 1 DAGs
[2023-03-03T17:16:15.855+0100] {logging_mixin.py:137} INFO - [2023-03-03T17:16:15.855+0100] {dag.py:3336} INFO - Setting next_dagrun for example_nested_branch_dag to 2023-03-02T00:00:00+00:00, run_after=2023-03-03T00:00:00+00:00
[2023-03-03T17:16:15.870+0100] {processor.py:176} INFO - Processing /Users/uab910/dev/nnam-poc/pyenv/lib/python3.10/site-packages/airflow/example_dags/example_nested_branch_dag.py took 0.250 seconds
[2023-03-03T17:17:46.954+0100] {processor.py:154} INFO - Started process (PID=60119) to work on /Users/uab910/dev/nnam-poc/pyenv/lib/python3.10/site-packages/airflow/example_dags/example_nested_branch_dag.py
[2023-03-03T17:17:46.959+0100] {processor.py:756} INFO - Processing file /Users/uab910/dev/nnam-poc/pyenv/lib/python3.10/site-packages/airflow/example_dags/example_nested_branch_dag.py for tasks to queue
[2023-03-03T17:17:46.960+0100] {logging_mixin.py:137} INFO - [2023-03-03T17:17:46.960+0100] {dagbag.py:537} INFO - Filling up the DagBag from /Users/uab910/dev/nnam-poc/pyenv/lib/python3.10/site-packages/airflow/example_dags/example_nested_branch_dag.py
[2023-03-03T17:17:47.016+0100] {processor.py:766} INFO - DAG(s) dict_keys(['example_nested_branch_dag']) retrieved from /Users/uab910/dev/nnam-poc/pyenv/lib/python3.10/site-packages/airflow/example_dags/example_nested_branch_dag.py
[2023-03-03T17:17:47.171+0100] {logging_mixin.py:137} INFO - [2023-03-03T17:17:47.171+0100] {dag.py:2585} INFO - Sync 1 DAGs
[2023-03-03T17:17:47.185+0100] {logging_mixin.py:137} INFO - [2023-03-03T17:17:47.185+0100] {dag.py:3336} INFO - Setting next_dagrun for example_nested_branch_dag to 2023-03-02T00:00:00+00:00, run_after=2023-03-03T00:00:00+00:00
[2023-03-03T17:17:47.201+0100] {processor.py:176} INFO - Processing /Users/uab910/dev/nnam-poc/pyenv/lib/python3.10/site-packages/airflow/example_dags/example_nested_branch_dag.py took 0.248 seconds
[2023-03-03T17:19:15.943+0100] {processor.py:154} INFO - Started process (PID=60178) to work on /Users/uab910/dev/nnam-poc/pyenv/lib/python3.10/site-packages/airflow/example_dags/example_nested_branch_dag.py
[2023-03-03T17:19:15.948+0100] {processor.py:756} INFO - Processing file /Users/uab910/dev/nnam-poc/pyenv/lib/python3.10/site-packages/airflow/example_dags/example_nested_branch_dag.py for tasks to queue
[2023-03-03T17:19:15.948+0100] {logging_mixin.py:137} INFO - [2023-03-03T17:19:15.948+0100] {dagbag.py:537} INFO - Filling up the DagBag from /Users/uab910/dev/nnam-poc/pyenv/lib/python3.10/site-packages/airflow/example_dags/example_nested_branch_dag.py
[2023-03-03T17:19:16.008+0100] {processor.py:766} INFO - DAG(s) dict_keys(['example_nested_branch_dag']) retrieved from /Users/uab910/dev/nnam-poc/pyenv/lib/python3.10/site-packages/airflow/example_dags/example_nested_branch_dag.py
[2023-03-03T17:19:16.162+0100] {logging_mixin.py:137} INFO - [2023-03-03T17:19:16.162+0100] {dag.py:2585} INFO - Sync 1 DAGs
[2023-03-03T17:19:16.178+0100] {logging_mixin.py:137} INFO - [2023-03-03T17:19:16.177+0100] {dag.py:3336} INFO - Setting next_dagrun for example_nested_branch_dag to 2023-03-02T00:00:00+00:00, run_after=2023-03-03T00:00:00+00:00
[2023-03-03T17:19:16.193+0100] {processor.py:176} INFO - Processing /Users/uab910/dev/nnam-poc/pyenv/lib/python3.10/site-packages/airflow/example_dags/example_nested_branch_dag.py took 0.251 seconds
