[2023-03-03T16:01:41.880+0100] {processor.py:154} INFO - Started process (PID=57151) to work on /Users/uab910/dev/nnam-poc/pyenv/lib/python3.10/site-packages/airflow/example_dags/example_branch_python_dop_operator_3.py
[2023-03-03T16:01:41.884+0100] {processor.py:756} INFO - Processing file /Users/uab910/dev/nnam-poc/pyenv/lib/python3.10/site-packages/airflow/example_dags/example_branch_python_dop_operator_3.py for tasks to queue
[2023-03-03T16:01:41.885+0100] {logging_mixin.py:137} INFO - [2023-03-03T16:01:41.885+0100] {dagbag.py:537} INFO - Filling up the DagBag from /Users/uab910/dev/nnam-poc/pyenv/lib/python3.10/site-packages/airflow/example_dags/example_branch_python_dop_operator_3.py
[2023-03-03T16:01:41.947+0100] {processor.py:766} INFO - DAG(s) dict_keys(['example_branch_dop_operator_v3']) retrieved from /Users/uab910/dev/nnam-poc/pyenv/lib/python3.10/site-packages/airflow/example_dags/example_branch_python_dop_operator_3.py
[2023-03-03T16:01:43.110+0100] {logging_mixin.py:137} INFO - [2023-03-03T16:01:43.110+0100] {manager.py:507} INFO - Created Permission View: can edit on DAG:example_branch_dop_operator_v3
[2023-03-03T16:01:43.117+0100] {logging_mixin.py:137} INFO - [2023-03-03T16:01:43.117+0100] {manager.py:507} INFO - Created Permission View: can read on DAG:example_branch_dop_operator_v3
[2023-03-03T16:01:43.124+0100] {logging_mixin.py:137} INFO - [2023-03-03T16:01:43.123+0100] {manager.py:507} INFO - Created Permission View: can delete on DAG:example_branch_dop_operator_v3
[2023-03-03T16:01:43.124+0100] {logging_mixin.py:137} INFO - [2023-03-03T16:01:43.124+0100] {dag.py:2585} INFO - Sync 1 DAGs
[2023-03-03T16:01:43.133+0100] {logging_mixin.py:137} INFO - [2023-03-03T16:01:43.133+0100] {dag.py:2606} INFO - Creating ORM DAG for example_branch_dop_operator_v3
[2023-03-03T16:01:43.145+0100] {logging_mixin.py:137} INFO - [2023-03-03T16:01:43.145+0100] {dag.py:3336} INFO - Setting next_dagrun for example_branch_dop_operator_v3 to 2023-03-03T15:00:00+00:00, run_after=2023-03-03T15:01:00+00:00
[2023-03-03T16:01:43.161+0100] {processor.py:176} INFO - Processing /Users/uab910/dev/nnam-poc/pyenv/lib/python3.10/site-packages/airflow/example_dags/example_branch_python_dop_operator_3.py took 1.282 seconds
[2023-03-03T16:03:37.446+0100] {processor.py:154} INFO - Started process (PID=57263) to work on /Users/uab910/dev/nnam-poc/pyenv/lib/python3.10/site-packages/airflow/example_dags/example_branch_python_dop_operator_3.py
[2023-03-03T16:03:37.451+0100] {processor.py:756} INFO - Processing file /Users/uab910/dev/nnam-poc/pyenv/lib/python3.10/site-packages/airflow/example_dags/example_branch_python_dop_operator_3.py for tasks to queue
[2023-03-03T16:03:37.452+0100] {logging_mixin.py:137} INFO - [2023-03-03T16:03:37.452+0100] {dagbag.py:537} INFO - Filling up the DagBag from /Users/uab910/dev/nnam-poc/pyenv/lib/python3.10/site-packages/airflow/example_dags/example_branch_python_dop_operator_3.py
[2023-03-03T16:03:37.518+0100] {processor.py:766} INFO - DAG(s) dict_keys(['example_branch_dop_operator_v3']) retrieved from /Users/uab910/dev/nnam-poc/pyenv/lib/python3.10/site-packages/airflow/example_dags/example_branch_python_dop_operator_3.py
[2023-03-03T16:03:37.693+0100] {logging_mixin.py:137} INFO - [2023-03-03T16:03:37.693+0100] {dag.py:2585} INFO - Sync 1 DAGs
[2023-03-03T16:03:37.711+0100] {logging_mixin.py:137} INFO - [2023-03-03T16:03:37.711+0100] {dag.py:3336} INFO - Setting next_dagrun for example_branch_dop_operator_v3 to 2023-03-03T15:02:00+00:00, run_after=2023-03-03T15:03:00+00:00
[2023-03-03T16:03:37.726+0100] {processor.py:176} INFO - Processing /Users/uab910/dev/nnam-poc/pyenv/lib/python3.10/site-packages/airflow/example_dags/example_branch_python_dop_operator_3.py took 0.281 seconds
[2023-03-03T16:04:53.468+0100] {processor.py:154} INFO - Started process (PID=57311) to work on /Users/uab910/dev/nnam-poc/pyenv/lib/python3.10/site-packages/airflow/example_dags/example_branch_python_dop_operator_3.py
[2023-03-03T16:04:53.474+0100] {processor.py:756} INFO - Processing file /Users/uab910/dev/nnam-poc/pyenv/lib/python3.10/site-packages/airflow/example_dags/example_branch_python_dop_operator_3.py for tasks to queue
[2023-03-03T16:04:53.474+0100] {logging_mixin.py:137} INFO - [2023-03-03T16:04:53.474+0100] {dagbag.py:537} INFO - Filling up the DagBag from /Users/uab910/dev/nnam-poc/pyenv/lib/python3.10/site-packages/airflow/example_dags/example_branch_python_dop_operator_3.py
[2023-03-03T16:04:53.534+0100] {processor.py:766} INFO - DAG(s) dict_keys(['example_branch_dop_operator_v3']) retrieved from /Users/uab910/dev/nnam-poc/pyenv/lib/python3.10/site-packages/airflow/example_dags/example_branch_python_dop_operator_3.py
[2023-03-03T16:04:53.700+0100] {logging_mixin.py:137} INFO - [2023-03-03T16:04:53.700+0100] {dag.py:2585} INFO - Sync 1 DAGs
[2023-03-03T16:04:53.719+0100] {logging_mixin.py:137} INFO - [2023-03-03T16:04:53.719+0100] {dag.py:3336} INFO - Setting next_dagrun for example_branch_dop_operator_v3 to 2023-03-03T15:03:00+00:00, run_after=2023-03-03T15:04:00+00:00
[2023-03-03T16:04:53.734+0100] {processor.py:176} INFO - Processing /Users/uab910/dev/nnam-poc/pyenv/lib/python3.10/site-packages/airflow/example_dags/example_branch_python_dop_operator_3.py took 0.267 seconds
[2023-03-03T16:06:07.667+0100] {processor.py:154} INFO - Started process (PID=57355) to work on /Users/uab910/dev/nnam-poc/pyenv/lib/python3.10/site-packages/airflow/example_dags/example_branch_python_dop_operator_3.py
[2023-03-03T16:06:07.673+0100] {processor.py:756} INFO - Processing file /Users/uab910/dev/nnam-poc/pyenv/lib/python3.10/site-packages/airflow/example_dags/example_branch_python_dop_operator_3.py for tasks to queue
[2023-03-03T16:06:07.673+0100] {logging_mixin.py:137} INFO - [2023-03-03T16:06:07.673+0100] {dagbag.py:537} INFO - Filling up the DagBag from /Users/uab910/dev/nnam-poc/pyenv/lib/python3.10/site-packages/airflow/example_dags/example_branch_python_dop_operator_3.py
[2023-03-03T16:06:07.736+0100] {processor.py:766} INFO - DAG(s) dict_keys(['example_branch_dop_operator_v3']) retrieved from /Users/uab910/dev/nnam-poc/pyenv/lib/python3.10/site-packages/airflow/example_dags/example_branch_python_dop_operator_3.py
[2023-03-03T16:06:07.940+0100] {logging_mixin.py:137} INFO - [2023-03-03T16:06:07.940+0100] {dag.py:2585} INFO - Sync 1 DAGs
[2023-03-03T16:06:07.966+0100] {logging_mixin.py:137} INFO - [2023-03-03T16:06:07.966+0100] {dag.py:3336} INFO - Setting next_dagrun for example_branch_dop_operator_v3 to 2023-03-03T15:05:00+00:00, run_after=2023-03-03T15:06:00+00:00
[2023-03-03T16:06:07.985+0100] {processor.py:176} INFO - Processing /Users/uab910/dev/nnam-poc/pyenv/lib/python3.10/site-packages/airflow/example_dags/example_branch_python_dop_operator_3.py took 0.320 seconds
[2023-03-03T16:07:32.291+0100] {processor.py:154} INFO - Started process (PID=57414) to work on /Users/uab910/dev/nnam-poc/pyenv/lib/python3.10/site-packages/airflow/example_dags/example_branch_python_dop_operator_3.py
[2023-03-03T16:07:32.296+0100] {processor.py:756} INFO - Processing file /Users/uab910/dev/nnam-poc/pyenv/lib/python3.10/site-packages/airflow/example_dags/example_branch_python_dop_operator_3.py for tasks to queue
[2023-03-03T16:07:32.296+0100] {logging_mixin.py:137} INFO - [2023-03-03T16:07:32.296+0100] {dagbag.py:537} INFO - Filling up the DagBag from /Users/uab910/dev/nnam-poc/pyenv/lib/python3.10/site-packages/airflow/example_dags/example_branch_python_dop_operator_3.py
[2023-03-03T16:07:32.364+0100] {processor.py:766} INFO - DAG(s) dict_keys(['example_branch_dop_operator_v3']) retrieved from /Users/uab910/dev/nnam-poc/pyenv/lib/python3.10/site-packages/airflow/example_dags/example_branch_python_dop_operator_3.py
[2023-03-03T16:07:32.522+0100] {logging_mixin.py:137} INFO - [2023-03-03T16:07:32.522+0100] {dag.py:2585} INFO - Sync 1 DAGs
[2023-03-03T16:07:32.539+0100] {logging_mixin.py:137} INFO - [2023-03-03T16:07:32.539+0100] {dag.py:3336} INFO - Setting next_dagrun for example_branch_dop_operator_v3 to 2023-03-03T15:06:00+00:00, run_after=2023-03-03T15:07:00+00:00
[2023-03-03T16:07:32.555+0100] {processor.py:176} INFO - Processing /Users/uab910/dev/nnam-poc/pyenv/lib/python3.10/site-packages/airflow/example_dags/example_branch_python_dop_operator_3.py took 0.265 seconds
[2023-03-03T16:08:48.886+0100] {processor.py:154} INFO - Started process (PID=57464) to work on /Users/uab910/dev/nnam-poc/pyenv/lib/python3.10/site-packages/airflow/example_dags/example_branch_python_dop_operator_3.py
[2023-03-03T16:08:48.892+0100] {processor.py:756} INFO - Processing file /Users/uab910/dev/nnam-poc/pyenv/lib/python3.10/site-packages/airflow/example_dags/example_branch_python_dop_operator_3.py for tasks to queue
[2023-03-03T16:08:48.892+0100] {logging_mixin.py:137} INFO - [2023-03-03T16:08:48.892+0100] {dagbag.py:537} INFO - Filling up the DagBag from /Users/uab910/dev/nnam-poc/pyenv/lib/python3.10/site-packages/airflow/example_dags/example_branch_python_dop_operator_3.py
[2023-03-03T16:08:48.956+0100] {processor.py:766} INFO - DAG(s) dict_keys(['example_branch_dop_operator_v3']) retrieved from /Users/uab910/dev/nnam-poc/pyenv/lib/python3.10/site-packages/airflow/example_dags/example_branch_python_dop_operator_3.py
[2023-03-03T16:08:49.146+0100] {logging_mixin.py:137} INFO - [2023-03-03T16:08:49.146+0100] {dag.py:2585} INFO - Sync 1 DAGs
[2023-03-03T16:08:49.167+0100] {logging_mixin.py:137} INFO - [2023-03-03T16:08:49.167+0100] {dag.py:3336} INFO - Setting next_dagrun for example_branch_dop_operator_v3 to 2023-03-03T15:07:00+00:00, run_after=2023-03-03T15:08:00+00:00
[2023-03-03T16:08:49.184+0100] {processor.py:176} INFO - Processing /Users/uab910/dev/nnam-poc/pyenv/lib/python3.10/site-packages/airflow/example_dags/example_branch_python_dop_operator_3.py took 0.299 seconds
[2023-03-03T16:10:05.801+0100] {processor.py:154} INFO - Started process (PID=57510) to work on /Users/uab910/dev/nnam-poc/pyenv/lib/python3.10/site-packages/airflow/example_dags/example_branch_python_dop_operator_3.py
[2023-03-03T16:10:05.807+0100] {processor.py:756} INFO - Processing file /Users/uab910/dev/nnam-poc/pyenv/lib/python3.10/site-packages/airflow/example_dags/example_branch_python_dop_operator_3.py for tasks to queue
[2023-03-03T16:10:05.808+0100] {logging_mixin.py:137} INFO - [2023-03-03T16:10:05.808+0100] {dagbag.py:537} INFO - Filling up the DagBag from /Users/uab910/dev/nnam-poc/pyenv/lib/python3.10/site-packages/airflow/example_dags/example_branch_python_dop_operator_3.py
[2023-03-03T16:10:05.872+0100] {processor.py:766} INFO - DAG(s) dict_keys(['example_branch_dop_operator_v3']) retrieved from /Users/uab910/dev/nnam-poc/pyenv/lib/python3.10/site-packages/airflow/example_dags/example_branch_python_dop_operator_3.py
[2023-03-03T16:10:06.037+0100] {logging_mixin.py:137} INFO - [2023-03-03T16:10:06.036+0100] {dag.py:2585} INFO - Sync 1 DAGs
[2023-03-03T16:10:06.054+0100] {logging_mixin.py:137} INFO - [2023-03-03T16:10:06.054+0100] {dag.py:3336} INFO - Setting next_dagrun for example_branch_dop_operator_v3 to 2023-03-03T15:09:00+00:00, run_after=2023-03-03T15:10:00+00:00
[2023-03-03T16:10:06.071+0100] {processor.py:176} INFO - Processing /Users/uab910/dev/nnam-poc/pyenv/lib/python3.10/site-packages/airflow/example_dags/example_branch_python_dop_operator_3.py took 0.271 seconds
[2023-03-03T16:11:23.408+0100] {processor.py:154} INFO - Started process (PID=57557) to work on /Users/uab910/dev/nnam-poc/pyenv/lib/python3.10/site-packages/airflow/example_dags/example_branch_python_dop_operator_3.py
[2023-03-03T16:11:23.414+0100] {processor.py:756} INFO - Processing file /Users/uab910/dev/nnam-poc/pyenv/lib/python3.10/site-packages/airflow/example_dags/example_branch_python_dop_operator_3.py for tasks to queue
[2023-03-03T16:11:23.415+0100] {logging_mixin.py:137} INFO - [2023-03-03T16:11:23.415+0100] {dagbag.py:537} INFO - Filling up the DagBag from /Users/uab910/dev/nnam-poc/pyenv/lib/python3.10/site-packages/airflow/example_dags/example_branch_python_dop_operator_3.py
[2023-03-03T16:11:23.475+0100] {processor.py:766} INFO - DAG(s) dict_keys(['example_branch_dop_operator_v3']) retrieved from /Users/uab910/dev/nnam-poc/pyenv/lib/python3.10/site-packages/airflow/example_dags/example_branch_python_dop_operator_3.py
[2023-03-03T16:11:23.635+0100] {logging_mixin.py:137} INFO - [2023-03-03T16:11:23.635+0100] {dag.py:2585} INFO - Sync 1 DAGs
[2023-03-03T16:11:23.651+0100] {logging_mixin.py:137} INFO - [2023-03-03T16:11:23.651+0100] {dag.py:3336} INFO - Setting next_dagrun for example_branch_dop_operator_v3 to 2023-03-03T15:10:00+00:00, run_after=2023-03-03T15:11:00+00:00
[2023-03-03T16:11:23.668+0100] {processor.py:176} INFO - Processing /Users/uab910/dev/nnam-poc/pyenv/lib/python3.10/site-packages/airflow/example_dags/example_branch_python_dop_operator_3.py took 0.261 seconds
[2023-03-03T16:12:40.423+0100] {processor.py:154} INFO - Started process (PID=57594) to work on /Users/uab910/dev/nnam-poc/pyenv/lib/python3.10/site-packages/airflow/example_dags/example_branch_python_dop_operator_3.py
[2023-03-03T16:12:40.429+0100] {processor.py:756} INFO - Processing file /Users/uab910/dev/nnam-poc/pyenv/lib/python3.10/site-packages/airflow/example_dags/example_branch_python_dop_operator_3.py for tasks to queue
[2023-03-03T16:12:40.429+0100] {logging_mixin.py:137} INFO - [2023-03-03T16:12:40.429+0100] {dagbag.py:537} INFO - Filling up the DagBag from /Users/uab910/dev/nnam-poc/pyenv/lib/python3.10/site-packages/airflow/example_dags/example_branch_python_dop_operator_3.py
[2023-03-03T16:12:40.503+0100] {processor.py:766} INFO - DAG(s) dict_keys(['example_branch_dop_operator_v3']) retrieved from /Users/uab910/dev/nnam-poc/pyenv/lib/python3.10/site-packages/airflow/example_dags/example_branch_python_dop_operator_3.py
[2023-03-03T16:12:40.704+0100] {logging_mixin.py:137} INFO - [2023-03-03T16:12:40.704+0100] {dag.py:2585} INFO - Sync 1 DAGs
[2023-03-03T16:12:40.726+0100] {logging_mixin.py:137} INFO - [2023-03-03T16:12:40.726+0100] {dag.py:3336} INFO - Setting next_dagrun for example_branch_dop_operator_v3 to 2023-03-03T15:11:00+00:00, run_after=2023-03-03T15:12:00+00:00
[2023-03-03T16:12:40.744+0100] {processor.py:176} INFO - Processing /Users/uab910/dev/nnam-poc/pyenv/lib/python3.10/site-packages/airflow/example_dags/example_branch_python_dop_operator_3.py took 0.322 seconds
[2023-03-03T16:13:53.052+0100] {processor.py:154} INFO - Started process (PID=57646) to work on /Users/uab910/dev/nnam-poc/pyenv/lib/python3.10/site-packages/airflow/example_dags/example_branch_python_dop_operator_3.py
[2023-03-03T16:13:53.058+0100] {processor.py:756} INFO - Processing file /Users/uab910/dev/nnam-poc/pyenv/lib/python3.10/site-packages/airflow/example_dags/example_branch_python_dop_operator_3.py for tasks to queue
[2023-03-03T16:13:53.059+0100] {logging_mixin.py:137} INFO - [2023-03-03T16:13:53.059+0100] {dagbag.py:537} INFO - Filling up the DagBag from /Users/uab910/dev/nnam-poc/pyenv/lib/python3.10/site-packages/airflow/example_dags/example_branch_python_dop_operator_3.py
[2023-03-03T16:13:53.123+0100] {processor.py:766} INFO - DAG(s) dict_keys(['example_branch_dop_operator_v3']) retrieved from /Users/uab910/dev/nnam-poc/pyenv/lib/python3.10/site-packages/airflow/example_dags/example_branch_python_dop_operator_3.py
[2023-03-03T16:13:53.291+0100] {logging_mixin.py:137} INFO - [2023-03-03T16:13:53.290+0100] {dag.py:2585} INFO - Sync 1 DAGs
[2023-03-03T16:13:53.309+0100] {logging_mixin.py:137} INFO - [2023-03-03T16:13:53.309+0100] {dag.py:3336} INFO - Setting next_dagrun for example_branch_dop_operator_v3 to 2023-03-03T15:12:00+00:00, run_after=2023-03-03T15:13:00+00:00
[2023-03-03T16:13:53.329+0100] {processor.py:176} INFO - Processing /Users/uab910/dev/nnam-poc/pyenv/lib/python3.10/site-packages/airflow/example_dags/example_branch_python_dop_operator_3.py took 0.278 seconds
[2023-03-03T16:15:09.268+0100] {processor.py:154} INFO - Started process (PID=57708) to work on /Users/uab910/dev/nnam-poc/pyenv/lib/python3.10/site-packages/airflow/example_dags/example_branch_python_dop_operator_3.py
[2023-03-03T16:15:09.274+0100] {processor.py:756} INFO - Processing file /Users/uab910/dev/nnam-poc/pyenv/lib/python3.10/site-packages/airflow/example_dags/example_branch_python_dop_operator_3.py for tasks to queue
[2023-03-03T16:15:09.274+0100] {logging_mixin.py:137} INFO - [2023-03-03T16:15:09.274+0100] {dagbag.py:537} INFO - Filling up the DagBag from /Users/uab910/dev/nnam-poc/pyenv/lib/python3.10/site-packages/airflow/example_dags/example_branch_python_dop_operator_3.py
[2023-03-03T16:15:09.334+0100] {processor.py:766} INFO - DAG(s) dict_keys(['example_branch_dop_operator_v3']) retrieved from /Users/uab910/dev/nnam-poc/pyenv/lib/python3.10/site-packages/airflow/example_dags/example_branch_python_dop_operator_3.py
[2023-03-03T16:15:09.492+0100] {logging_mixin.py:137} INFO - [2023-03-03T16:15:09.492+0100] {dag.py:2585} INFO - Sync 1 DAGs
[2023-03-03T16:15:09.510+0100] {logging_mixin.py:137} INFO - [2023-03-03T16:15:09.510+0100] {dag.py:3336} INFO - Setting next_dagrun for example_branch_dop_operator_v3 to 2023-03-03T15:14:00+00:00, run_after=2023-03-03T15:15:00+00:00
[2023-03-03T16:15:09.526+0100] {processor.py:176} INFO - Processing /Users/uab910/dev/nnam-poc/pyenv/lib/python3.10/site-packages/airflow/example_dags/example_branch_python_dop_operator_3.py took 0.259 seconds
[2023-03-03T16:16:28.623+0100] {processor.py:154} INFO - Started process (PID=57765) to work on /Users/uab910/dev/nnam-poc/pyenv/lib/python3.10/site-packages/airflow/example_dags/example_branch_python_dop_operator_3.py
[2023-03-03T16:16:28.630+0100] {processor.py:756} INFO - Processing file /Users/uab910/dev/nnam-poc/pyenv/lib/python3.10/site-packages/airflow/example_dags/example_branch_python_dop_operator_3.py for tasks to queue
[2023-03-03T16:16:28.630+0100] {logging_mixin.py:137} INFO - [2023-03-03T16:16:28.630+0100] {dagbag.py:537} INFO - Filling up the DagBag from /Users/uab910/dev/nnam-poc/pyenv/lib/python3.10/site-packages/airflow/example_dags/example_branch_python_dop_operator_3.py
[2023-03-03T16:16:28.693+0100] {processor.py:766} INFO - DAG(s) dict_keys(['example_branch_dop_operator_v3']) retrieved from /Users/uab910/dev/nnam-poc/pyenv/lib/python3.10/site-packages/airflow/example_dags/example_branch_python_dop_operator_3.py
[2023-03-03T16:16:28.880+0100] {logging_mixin.py:137} INFO - [2023-03-03T16:16:28.880+0100] {dag.py:2585} INFO - Sync 1 DAGs
[2023-03-03T16:16:28.900+0100] {logging_mixin.py:137} INFO - [2023-03-03T16:16:28.900+0100] {dag.py:3336} INFO - Setting next_dagrun for example_branch_dop_operator_v3 to 2023-03-03T15:15:00+00:00, run_after=2023-03-03T15:16:00+00:00
[2023-03-03T16:16:28.917+0100] {processor.py:176} INFO - Processing /Users/uab910/dev/nnam-poc/pyenv/lib/python3.10/site-packages/airflow/example_dags/example_branch_python_dop_operator_3.py took 0.295 seconds
[2023-03-03T16:17:47.972+0100] {processor.py:154} INFO - Started process (PID=57850) to work on /Users/uab910/dev/nnam-poc/pyenv/lib/python3.10/site-packages/airflow/example_dags/example_branch_python_dop_operator_3.py
[2023-03-03T16:17:47.978+0100] {processor.py:756} INFO - Processing file /Users/uab910/dev/nnam-poc/pyenv/lib/python3.10/site-packages/airflow/example_dags/example_branch_python_dop_operator_3.py for tasks to queue
[2023-03-03T16:17:47.978+0100] {logging_mixin.py:137} INFO - [2023-03-03T16:17:47.978+0100] {dagbag.py:537} INFO - Filling up the DagBag from /Users/uab910/dev/nnam-poc/pyenv/lib/python3.10/site-packages/airflow/example_dags/example_branch_python_dop_operator_3.py
[2023-03-03T16:17:48.039+0100] {processor.py:766} INFO - DAG(s) dict_keys(['example_branch_dop_operator_v3']) retrieved from /Users/uab910/dev/nnam-poc/pyenv/lib/python3.10/site-packages/airflow/example_dags/example_branch_python_dop_operator_3.py
[2023-03-03T16:17:48.196+0100] {logging_mixin.py:137} INFO - [2023-03-03T16:17:48.195+0100] {dag.py:2585} INFO - Sync 1 DAGs
[2023-03-03T16:17:48.213+0100] {logging_mixin.py:137} INFO - [2023-03-03T16:17:48.213+0100] {dag.py:3336} INFO - Setting next_dagrun for example_branch_dop_operator_v3 to 2023-03-03T15:16:00+00:00, run_after=2023-03-03T15:17:00+00:00
[2023-03-03T16:17:48.228+0100] {processor.py:176} INFO - Processing /Users/uab910/dev/nnam-poc/pyenv/lib/python3.10/site-packages/airflow/example_dags/example_branch_python_dop_operator_3.py took 0.256 seconds
[2023-03-03T16:19:06.232+0100] {processor.py:154} INFO - Started process (PID=57904) to work on /Users/uab910/dev/nnam-poc/pyenv/lib/python3.10/site-packages/airflow/example_dags/example_branch_python_dop_operator_3.py
[2023-03-03T16:19:06.238+0100] {processor.py:756} INFO - Processing file /Users/uab910/dev/nnam-poc/pyenv/lib/python3.10/site-packages/airflow/example_dags/example_branch_python_dop_operator_3.py for tasks to queue
[2023-03-03T16:19:06.239+0100] {logging_mixin.py:137} INFO - [2023-03-03T16:19:06.239+0100] {dagbag.py:537} INFO - Filling up the DagBag from /Users/uab910/dev/nnam-poc/pyenv/lib/python3.10/site-packages/airflow/example_dags/example_branch_python_dop_operator_3.py
[2023-03-03T16:19:06.304+0100] {processor.py:766} INFO - DAG(s) dict_keys(['example_branch_dop_operator_v3']) retrieved from /Users/uab910/dev/nnam-poc/pyenv/lib/python3.10/site-packages/airflow/example_dags/example_branch_python_dop_operator_3.py
[2023-03-03T16:19:06.459+0100] {logging_mixin.py:137} INFO - [2023-03-03T16:19:06.459+0100] {dag.py:2585} INFO - Sync 1 DAGs
[2023-03-03T16:19:06.479+0100] {logging_mixin.py:137} INFO - [2023-03-03T16:19:06.479+0100] {dag.py:3336} INFO - Setting next_dagrun for example_branch_dop_operator_v3 to 2023-03-03T15:18:00+00:00, run_after=2023-03-03T15:19:00+00:00
[2023-03-03T16:19:06.497+0100] {processor.py:176} INFO - Processing /Users/uab910/dev/nnam-poc/pyenv/lib/python3.10/site-packages/airflow/example_dags/example_branch_python_dop_operator_3.py took 0.265 seconds
[2023-03-03T16:20:22.024+0100] {processor.py:154} INFO - Started process (PID=57990) to work on /Users/uab910/dev/nnam-poc/pyenv/lib/python3.10/site-packages/airflow/example_dags/example_branch_python_dop_operator_3.py
[2023-03-03T16:20:22.031+0100] {processor.py:756} INFO - Processing file /Users/uab910/dev/nnam-poc/pyenv/lib/python3.10/site-packages/airflow/example_dags/example_branch_python_dop_operator_3.py for tasks to queue
[2023-03-03T16:20:22.032+0100] {logging_mixin.py:137} INFO - [2023-03-03T16:20:22.032+0100] {dagbag.py:537} INFO - Filling up the DagBag from /Users/uab910/dev/nnam-poc/pyenv/lib/python3.10/site-packages/airflow/example_dags/example_branch_python_dop_operator_3.py
[2023-03-03T16:20:22.104+0100] {processor.py:766} INFO - DAG(s) dict_keys(['example_branch_dop_operator_v3']) retrieved from /Users/uab910/dev/nnam-poc/pyenv/lib/python3.10/site-packages/airflow/example_dags/example_branch_python_dop_operator_3.py
[2023-03-03T16:20:22.261+0100] {logging_mixin.py:137} INFO - [2023-03-03T16:20:22.261+0100] {dag.py:2585} INFO - Sync 1 DAGs
[2023-03-03T16:20:22.276+0100] {logging_mixin.py:137} INFO - [2023-03-03T16:20:22.276+0100] {dag.py:3336} INFO - Setting next_dagrun for example_branch_dop_operator_v3 to 2023-03-03T15:19:00+00:00, run_after=2023-03-03T15:20:00+00:00
[2023-03-03T16:20:22.291+0100] {processor.py:176} INFO - Processing /Users/uab910/dev/nnam-poc/pyenv/lib/python3.10/site-packages/airflow/example_dags/example_branch_python_dop_operator_3.py took 0.268 seconds
[2023-03-03T16:21:47.447+0100] {processor.py:154} INFO - Started process (PID=58055) to work on /Users/uab910/dev/nnam-poc/pyenv/lib/python3.10/site-packages/airflow/example_dags/example_branch_python_dop_operator_3.py
[2023-03-03T16:21:47.453+0100] {processor.py:756} INFO - Processing file /Users/uab910/dev/nnam-poc/pyenv/lib/python3.10/site-packages/airflow/example_dags/example_branch_python_dop_operator_3.py for tasks to queue
[2023-03-03T16:21:47.453+0100] {logging_mixin.py:137} INFO - [2023-03-03T16:21:47.453+0100] {dagbag.py:537} INFO - Filling up the DagBag from /Users/uab910/dev/nnam-poc/pyenv/lib/python3.10/site-packages/airflow/example_dags/example_branch_python_dop_operator_3.py
[2023-03-03T16:21:47.524+0100] {processor.py:766} INFO - DAG(s) dict_keys(['example_branch_dop_operator_v3']) retrieved from /Users/uab910/dev/nnam-poc/pyenv/lib/python3.10/site-packages/airflow/example_dags/example_branch_python_dop_operator_3.py
[2023-03-03T16:21:47.702+0100] {logging_mixin.py:137} INFO - [2023-03-03T16:21:47.702+0100] {dag.py:2585} INFO - Sync 1 DAGs
[2023-03-03T16:21:47.719+0100] {logging_mixin.py:137} INFO - [2023-03-03T16:21:47.719+0100] {dag.py:3336} INFO - Setting next_dagrun for example_branch_dop_operator_v3 to 2023-03-03T15:20:00+00:00, run_after=2023-03-03T15:21:00+00:00
[2023-03-03T16:21:47.733+0100] {processor.py:176} INFO - Processing /Users/uab910/dev/nnam-poc/pyenv/lib/python3.10/site-packages/airflow/example_dags/example_branch_python_dop_operator_3.py took 0.287 seconds
[2023-03-03T16:23:01.533+0100] {processor.py:154} INFO - Started process (PID=58099) to work on /Users/uab910/dev/nnam-poc/pyenv/lib/python3.10/site-packages/airflow/example_dags/example_branch_python_dop_operator_3.py
[2023-03-03T16:23:01.538+0100] {processor.py:756} INFO - Processing file /Users/uab910/dev/nnam-poc/pyenv/lib/python3.10/site-packages/airflow/example_dags/example_branch_python_dop_operator_3.py for tasks to queue
[2023-03-03T16:23:01.539+0100] {logging_mixin.py:137} INFO - [2023-03-03T16:23:01.539+0100] {dagbag.py:537} INFO - Filling up the DagBag from /Users/uab910/dev/nnam-poc/pyenv/lib/python3.10/site-packages/airflow/example_dags/example_branch_python_dop_operator_3.py
[2023-03-03T16:23:01.594+0100] {processor.py:766} INFO - DAG(s) dict_keys(['example_branch_dop_operator_v3']) retrieved from /Users/uab910/dev/nnam-poc/pyenv/lib/python3.10/site-packages/airflow/example_dags/example_branch_python_dop_operator_3.py
[2023-03-03T16:23:01.745+0100] {logging_mixin.py:137} INFO - [2023-03-03T16:23:01.745+0100] {dag.py:2585} INFO - Sync 1 DAGs
[2023-03-03T16:23:01.761+0100] {logging_mixin.py:137} INFO - [2023-03-03T16:23:01.761+0100] {dag.py:3336} INFO - Setting next_dagrun for example_branch_dop_operator_v3 to 2023-03-03T15:22:00+00:00, run_after=2023-03-03T15:23:00+00:00
[2023-03-03T16:23:01.774+0100] {processor.py:176} INFO - Processing /Users/uab910/dev/nnam-poc/pyenv/lib/python3.10/site-packages/airflow/example_dags/example_branch_python_dop_operator_3.py took 0.242 seconds
[2023-03-03T16:24:17.465+0100] {processor.py:154} INFO - Started process (PID=58188) to work on /Users/uab910/dev/nnam-poc/pyenv/lib/python3.10/site-packages/airflow/example_dags/example_branch_python_dop_operator_3.py
[2023-03-03T16:24:17.470+0100] {processor.py:756} INFO - Processing file /Users/uab910/dev/nnam-poc/pyenv/lib/python3.10/site-packages/airflow/example_dags/example_branch_python_dop_operator_3.py for tasks to queue
[2023-03-03T16:24:17.470+0100] {logging_mixin.py:137} INFO - [2023-03-03T16:24:17.470+0100] {dagbag.py:537} INFO - Filling up the DagBag from /Users/uab910/dev/nnam-poc/pyenv/lib/python3.10/site-packages/airflow/example_dags/example_branch_python_dop_operator_3.py
[2023-03-03T16:24:17.525+0100] {processor.py:766} INFO - DAG(s) dict_keys(['example_branch_dop_operator_v3']) retrieved from /Users/uab910/dev/nnam-poc/pyenv/lib/python3.10/site-packages/airflow/example_dags/example_branch_python_dop_operator_3.py
[2023-03-03T16:24:17.714+0100] {logging_mixin.py:137} INFO - [2023-03-03T16:24:17.714+0100] {dag.py:2585} INFO - Sync 1 DAGs
[2023-03-03T16:24:17.736+0100] {logging_mixin.py:137} INFO - [2023-03-03T16:24:17.736+0100] {dag.py:3336} INFO - Setting next_dagrun for example_branch_dop_operator_v3 to 2023-03-03T15:23:00+00:00, run_after=2023-03-03T15:24:00+00:00
[2023-03-03T16:24:17.756+0100] {processor.py:176} INFO - Processing /Users/uab910/dev/nnam-poc/pyenv/lib/python3.10/site-packages/airflow/example_dags/example_branch_python_dop_operator_3.py took 0.292 seconds
[2023-03-03T16:25:33.209+0100] {processor.py:154} INFO - Started process (PID=58228) to work on /Users/uab910/dev/nnam-poc/pyenv/lib/python3.10/site-packages/airflow/example_dags/example_branch_python_dop_operator_3.py
[2023-03-03T16:25:33.213+0100] {processor.py:756} INFO - Processing file /Users/uab910/dev/nnam-poc/pyenv/lib/python3.10/site-packages/airflow/example_dags/example_branch_python_dop_operator_3.py for tasks to queue
[2023-03-03T16:25:33.213+0100] {logging_mixin.py:137} INFO - [2023-03-03T16:25:33.213+0100] {dagbag.py:537} INFO - Filling up the DagBag from /Users/uab910/dev/nnam-poc/pyenv/lib/python3.10/site-packages/airflow/example_dags/example_branch_python_dop_operator_3.py
[2023-03-03T16:25:33.270+0100] {processor.py:766} INFO - DAG(s) dict_keys(['example_branch_dop_operator_v3']) retrieved from /Users/uab910/dev/nnam-poc/pyenv/lib/python3.10/site-packages/airflow/example_dags/example_branch_python_dop_operator_3.py
[2023-03-03T16:25:33.426+0100] {logging_mixin.py:137} INFO - [2023-03-03T16:25:33.426+0100] {dag.py:2585} INFO - Sync 1 DAGs
[2023-03-03T16:25:33.445+0100] {logging_mixin.py:137} INFO - [2023-03-03T16:25:33.445+0100] {dag.py:3336} INFO - Setting next_dagrun for example_branch_dop_operator_v3 to 2023-03-03T15:24:00+00:00, run_after=2023-03-03T15:25:00+00:00
[2023-03-03T16:25:33.461+0100] {processor.py:176} INFO - Processing /Users/uab910/dev/nnam-poc/pyenv/lib/python3.10/site-packages/airflow/example_dags/example_branch_python_dop_operator_3.py took 0.253 seconds
[2023-03-03T16:26:46.492+0100] {processor.py:154} INFO - Started process (PID=58269) to work on /Users/uab910/dev/nnam-poc/pyenv/lib/python3.10/site-packages/airflow/example_dags/example_branch_python_dop_operator_3.py
[2023-03-03T16:26:46.498+0100] {processor.py:756} INFO - Processing file /Users/uab910/dev/nnam-poc/pyenv/lib/python3.10/site-packages/airflow/example_dags/example_branch_python_dop_operator_3.py for tasks to queue
[2023-03-03T16:26:46.498+0100] {logging_mixin.py:137} INFO - [2023-03-03T16:26:46.498+0100] {dagbag.py:537} INFO - Filling up the DagBag from /Users/uab910/dev/nnam-poc/pyenv/lib/python3.10/site-packages/airflow/example_dags/example_branch_python_dop_operator_3.py
[2023-03-03T16:26:46.569+0100] {processor.py:766} INFO - DAG(s) dict_keys(['example_branch_dop_operator_v3']) retrieved from /Users/uab910/dev/nnam-poc/pyenv/lib/python3.10/site-packages/airflow/example_dags/example_branch_python_dop_operator_3.py
[2023-03-03T16:26:46.750+0100] {logging_mixin.py:137} INFO - [2023-03-03T16:26:46.750+0100] {dag.py:2585} INFO - Sync 1 DAGs
[2023-03-03T16:26:46.769+0100] {logging_mixin.py:137} INFO - [2023-03-03T16:26:46.769+0100] {dag.py:3336} INFO - Setting next_dagrun for example_branch_dop_operator_v3 to 2023-03-03T15:25:00+00:00, run_after=2023-03-03T15:26:00+00:00
[2023-03-03T16:26:46.787+0100] {processor.py:176} INFO - Processing /Users/uab910/dev/nnam-poc/pyenv/lib/python3.10/site-packages/airflow/example_dags/example_branch_python_dop_operator_3.py took 0.295 seconds
[2023-03-03T16:28:01.328+0100] {processor.py:154} INFO - Started process (PID=58316) to work on /Users/uab910/dev/nnam-poc/pyenv/lib/python3.10/site-packages/airflow/example_dags/example_branch_python_dop_operator_3.py
[2023-03-03T16:28:01.333+0100] {processor.py:756} INFO - Processing file /Users/uab910/dev/nnam-poc/pyenv/lib/python3.10/site-packages/airflow/example_dags/example_branch_python_dop_operator_3.py for tasks to queue
[2023-03-03T16:28:01.333+0100] {logging_mixin.py:137} INFO - [2023-03-03T16:28:01.333+0100] {dagbag.py:537} INFO - Filling up the DagBag from /Users/uab910/dev/nnam-poc/pyenv/lib/python3.10/site-packages/airflow/example_dags/example_branch_python_dop_operator_3.py
[2023-03-03T16:28:01.390+0100] {processor.py:766} INFO - DAG(s) dict_keys(['example_branch_dop_operator_v3']) retrieved from /Users/uab910/dev/nnam-poc/pyenv/lib/python3.10/site-packages/airflow/example_dags/example_branch_python_dop_operator_3.py
[2023-03-03T16:28:01.545+0100] {logging_mixin.py:137} INFO - [2023-03-03T16:28:01.544+0100] {dag.py:2585} INFO - Sync 1 DAGs
[2023-03-03T16:28:01.564+0100] {logging_mixin.py:137} INFO - [2023-03-03T16:28:01.564+0100] {dag.py:3336} INFO - Setting next_dagrun for example_branch_dop_operator_v3 to 2023-03-03T15:27:00+00:00, run_after=2023-03-03T15:28:00+00:00
[2023-03-03T16:28:01.580+0100] {processor.py:176} INFO - Processing /Users/uab910/dev/nnam-poc/pyenv/lib/python3.10/site-packages/airflow/example_dags/example_branch_python_dop_operator_3.py took 0.253 seconds
[2023-03-03T16:29:18.452+0100] {processor.py:154} INFO - Started process (PID=58361) to work on /Users/uab910/dev/nnam-poc/pyenv/lib/python3.10/site-packages/airflow/example_dags/example_branch_python_dop_operator_3.py
[2023-03-03T16:29:18.457+0100] {processor.py:756} INFO - Processing file /Users/uab910/dev/nnam-poc/pyenv/lib/python3.10/site-packages/airflow/example_dags/example_branch_python_dop_operator_3.py for tasks to queue
[2023-03-03T16:29:18.458+0100] {logging_mixin.py:137} INFO - [2023-03-03T16:29:18.458+0100] {dagbag.py:537} INFO - Filling up the DagBag from /Users/uab910/dev/nnam-poc/pyenv/lib/python3.10/site-packages/airflow/example_dags/example_branch_python_dop_operator_3.py
[2023-03-03T16:29:18.517+0100] {processor.py:766} INFO - DAG(s) dict_keys(['example_branch_dop_operator_v3']) retrieved from /Users/uab910/dev/nnam-poc/pyenv/lib/python3.10/site-packages/airflow/example_dags/example_branch_python_dop_operator_3.py
[2023-03-03T16:29:18.677+0100] {logging_mixin.py:137} INFO - [2023-03-03T16:29:18.677+0100] {dag.py:2585} INFO - Sync 1 DAGs
[2023-03-03T16:29:18.695+0100] {logging_mixin.py:137} INFO - [2023-03-03T16:29:18.695+0100] {dag.py:3336} INFO - Setting next_dagrun for example_branch_dop_operator_v3 to 2023-03-03T15:28:00+00:00, run_after=2023-03-03T15:29:00+00:00
[2023-03-03T16:29:18.711+0100] {processor.py:176} INFO - Processing /Users/uab910/dev/nnam-poc/pyenv/lib/python3.10/site-packages/airflow/example_dags/example_branch_python_dop_operator_3.py took 0.259 seconds
[2023-03-03T16:30:33.806+0100] {processor.py:154} INFO - Started process (PID=58402) to work on /Users/uab910/dev/nnam-poc/pyenv/lib/python3.10/site-packages/airflow/example_dags/example_branch_python_dop_operator_3.py
[2023-03-03T16:30:33.812+0100] {processor.py:756} INFO - Processing file /Users/uab910/dev/nnam-poc/pyenv/lib/python3.10/site-packages/airflow/example_dags/example_branch_python_dop_operator_3.py for tasks to queue
[2023-03-03T16:30:33.812+0100] {logging_mixin.py:137} INFO - [2023-03-03T16:30:33.812+0100] {dagbag.py:537} INFO - Filling up the DagBag from /Users/uab910/dev/nnam-poc/pyenv/lib/python3.10/site-packages/airflow/example_dags/example_branch_python_dop_operator_3.py
[2023-03-03T16:30:33.877+0100] {processor.py:766} INFO - DAG(s) dict_keys(['example_branch_dop_operator_v3']) retrieved from /Users/uab910/dev/nnam-poc/pyenv/lib/python3.10/site-packages/airflow/example_dags/example_branch_python_dop_operator_3.py
[2023-03-03T16:30:34.039+0100] {logging_mixin.py:137} INFO - [2023-03-03T16:30:34.039+0100] {dag.py:2585} INFO - Sync 1 DAGs
[2023-03-03T16:30:34.055+0100] {logging_mixin.py:137} INFO - [2023-03-03T16:30:34.055+0100] {dag.py:3336} INFO - Setting next_dagrun for example_branch_dop_operator_v3 to 2023-03-03T15:29:00+00:00, run_after=2023-03-03T15:30:00+00:00
[2023-03-03T16:30:34.070+0100] {processor.py:176} INFO - Processing /Users/uab910/dev/nnam-poc/pyenv/lib/python3.10/site-packages/airflow/example_dags/example_branch_python_dop_operator_3.py took 0.265 seconds
[2023-03-03T16:31:51.210+0100] {processor.py:154} INFO - Started process (PID=58442) to work on /Users/uab910/dev/nnam-poc/pyenv/lib/python3.10/site-packages/airflow/example_dags/example_branch_python_dop_operator_3.py
[2023-03-03T16:31:51.216+0100] {processor.py:756} INFO - Processing file /Users/uab910/dev/nnam-poc/pyenv/lib/python3.10/site-packages/airflow/example_dags/example_branch_python_dop_operator_3.py for tasks to queue
[2023-03-03T16:31:51.216+0100] {logging_mixin.py:137} INFO - [2023-03-03T16:31:51.216+0100] {dagbag.py:537} INFO - Filling up the DagBag from /Users/uab910/dev/nnam-poc/pyenv/lib/python3.10/site-packages/airflow/example_dags/example_branch_python_dop_operator_3.py
[2023-03-03T16:31:51.281+0100] {processor.py:766} INFO - DAG(s) dict_keys(['example_branch_dop_operator_v3']) retrieved from /Users/uab910/dev/nnam-poc/pyenv/lib/python3.10/site-packages/airflow/example_dags/example_branch_python_dop_operator_3.py
[2023-03-03T16:31:51.440+0100] {logging_mixin.py:137} INFO - [2023-03-03T16:31:51.440+0100] {dag.py:2585} INFO - Sync 1 DAGs
[2023-03-03T16:31:51.459+0100] {logging_mixin.py:137} INFO - [2023-03-03T16:31:51.459+0100] {dag.py:3336} INFO - Setting next_dagrun for example_branch_dop_operator_v3 to 2023-03-03T15:30:00+00:00, run_after=2023-03-03T15:31:00+00:00
[2023-03-03T16:31:51.475+0100] {processor.py:176} INFO - Processing /Users/uab910/dev/nnam-poc/pyenv/lib/python3.10/site-packages/airflow/example_dags/example_branch_python_dop_operator_3.py took 0.266 seconds
[2023-03-03T16:33:06.929+0100] {processor.py:154} INFO - Started process (PID=58480) to work on /Users/uab910/dev/nnam-poc/pyenv/lib/python3.10/site-packages/airflow/example_dags/example_branch_python_dop_operator_3.py
[2023-03-03T16:33:06.935+0100] {processor.py:756} INFO - Processing file /Users/uab910/dev/nnam-poc/pyenv/lib/python3.10/site-packages/airflow/example_dags/example_branch_python_dop_operator_3.py for tasks to queue
[2023-03-03T16:33:06.935+0100] {logging_mixin.py:137} INFO - [2023-03-03T16:33:06.935+0100] {dagbag.py:537} INFO - Filling up the DagBag from /Users/uab910/dev/nnam-poc/pyenv/lib/python3.10/site-packages/airflow/example_dags/example_branch_python_dop_operator_3.py
[2023-03-03T16:33:07.005+0100] {processor.py:766} INFO - DAG(s) dict_keys(['example_branch_dop_operator_v3']) retrieved from /Users/uab910/dev/nnam-poc/pyenv/lib/python3.10/site-packages/airflow/example_dags/example_branch_python_dop_operator_3.py
[2023-03-03T16:33:07.192+0100] {logging_mixin.py:137} INFO - [2023-03-03T16:33:07.192+0100] {dag.py:2585} INFO - Sync 1 DAGs
[2023-03-03T16:33:07.213+0100] {logging_mixin.py:137} INFO - [2023-03-03T16:33:07.213+0100] {dag.py:3336} INFO - Setting next_dagrun for example_branch_dop_operator_v3 to 2023-03-03T15:32:00+00:00, run_after=2023-03-03T15:33:00+00:00
[2023-03-03T16:33:07.231+0100] {processor.py:176} INFO - Processing /Users/uab910/dev/nnam-poc/pyenv/lib/python3.10/site-packages/airflow/example_dags/example_branch_python_dop_operator_3.py took 0.303 seconds
[2023-03-03T16:34:23.992+0100] {processor.py:154} INFO - Started process (PID=58544) to work on /Users/uab910/dev/nnam-poc/pyenv/lib/python3.10/site-packages/airflow/example_dags/example_branch_python_dop_operator_3.py
[2023-03-03T16:34:23.997+0100] {processor.py:756} INFO - Processing file /Users/uab910/dev/nnam-poc/pyenv/lib/python3.10/site-packages/airflow/example_dags/example_branch_python_dop_operator_3.py for tasks to queue
[2023-03-03T16:34:23.998+0100] {logging_mixin.py:137} INFO - [2023-03-03T16:34:23.998+0100] {dagbag.py:537} INFO - Filling up the DagBag from /Users/uab910/dev/nnam-poc/pyenv/lib/python3.10/site-packages/airflow/example_dags/example_branch_python_dop_operator_3.py
[2023-03-03T16:34:24.059+0100] {processor.py:766} INFO - DAG(s) dict_keys(['example_branch_dop_operator_v3']) retrieved from /Users/uab910/dev/nnam-poc/pyenv/lib/python3.10/site-packages/airflow/example_dags/example_branch_python_dop_operator_3.py
[2023-03-03T16:34:24.223+0100] {logging_mixin.py:137} INFO - [2023-03-03T16:34:24.223+0100] {dag.py:2585} INFO - Sync 1 DAGs
[2023-03-03T16:34:24.241+0100] {logging_mixin.py:137} INFO - [2023-03-03T16:34:24.241+0100] {dag.py:3336} INFO - Setting next_dagrun for example_branch_dop_operator_v3 to 2023-03-03T15:33:00+00:00, run_after=2023-03-03T15:34:00+00:00
[2023-03-03T16:34:24.257+0100] {processor.py:176} INFO - Processing /Users/uab910/dev/nnam-poc/pyenv/lib/python3.10/site-packages/airflow/example_dags/example_branch_python_dop_operator_3.py took 0.266 seconds
[2023-03-03T16:35:42.801+0100] {processor.py:154} INFO - Started process (PID=58587) to work on /Users/uab910/dev/nnam-poc/pyenv/lib/python3.10/site-packages/airflow/example_dags/example_branch_python_dop_operator_3.py
[2023-03-03T16:35:42.807+0100] {processor.py:756} INFO - Processing file /Users/uab910/dev/nnam-poc/pyenv/lib/python3.10/site-packages/airflow/example_dags/example_branch_python_dop_operator_3.py for tasks to queue
[2023-03-03T16:35:42.807+0100] {logging_mixin.py:137} INFO - [2023-03-03T16:35:42.807+0100] {dagbag.py:537} INFO - Filling up the DagBag from /Users/uab910/dev/nnam-poc/pyenv/lib/python3.10/site-packages/airflow/example_dags/example_branch_python_dop_operator_3.py
[2023-03-03T16:35:42.869+0100] {processor.py:766} INFO - DAG(s) dict_keys(['example_branch_dop_operator_v3']) retrieved from /Users/uab910/dev/nnam-poc/pyenv/lib/python3.10/site-packages/airflow/example_dags/example_branch_python_dop_operator_3.py
[2023-03-03T16:35:43.035+0100] {logging_mixin.py:137} INFO - [2023-03-03T16:35:43.035+0100] {dag.py:2585} INFO - Sync 1 DAGs
[2023-03-03T16:35:43.056+0100] {logging_mixin.py:137} INFO - [2023-03-03T16:35:43.056+0100] {dag.py:3336} INFO - Setting next_dagrun for example_branch_dop_operator_v3 to 2023-03-03T15:34:00+00:00, run_after=2023-03-03T15:35:00+00:00
[2023-03-03T16:35:43.075+0100] {processor.py:176} INFO - Processing /Users/uab910/dev/nnam-poc/pyenv/lib/python3.10/site-packages/airflow/example_dags/example_branch_python_dop_operator_3.py took 0.275 seconds
[2023-03-03T16:36:57.677+0100] {processor.py:154} INFO - Started process (PID=58631) to work on /Users/uab910/dev/nnam-poc/pyenv/lib/python3.10/site-packages/airflow/example_dags/example_branch_python_dop_operator_3.py
[2023-03-03T16:36:57.682+0100] {processor.py:756} INFO - Processing file /Users/uab910/dev/nnam-poc/pyenv/lib/python3.10/site-packages/airflow/example_dags/example_branch_python_dop_operator_3.py for tasks to queue
[2023-03-03T16:36:57.683+0100] {logging_mixin.py:137} INFO - [2023-03-03T16:36:57.683+0100] {dagbag.py:537} INFO - Filling up the DagBag from /Users/uab910/dev/nnam-poc/pyenv/lib/python3.10/site-packages/airflow/example_dags/example_branch_python_dop_operator_3.py
[2023-03-03T16:36:57.742+0100] {processor.py:766} INFO - DAG(s) dict_keys(['example_branch_dop_operator_v3']) retrieved from /Users/uab910/dev/nnam-poc/pyenv/lib/python3.10/site-packages/airflow/example_dags/example_branch_python_dop_operator_3.py
[2023-03-03T16:36:57.905+0100] {logging_mixin.py:137} INFO - [2023-03-03T16:36:57.905+0100] {dag.py:2585} INFO - Sync 1 DAGs
[2023-03-03T16:36:57.924+0100] {logging_mixin.py:137} INFO - [2023-03-03T16:36:57.924+0100] {dag.py:3336} INFO - Setting next_dagrun for example_branch_dop_operator_v3 to 2023-03-03T15:35:00+00:00, run_after=2023-03-03T15:36:00+00:00
[2023-03-03T16:36:57.938+0100] {processor.py:176} INFO - Processing /Users/uab910/dev/nnam-poc/pyenv/lib/python3.10/site-packages/airflow/example_dags/example_branch_python_dop_operator_3.py took 0.262 seconds
[2023-03-03T16:38:16.051+0100] {processor.py:154} INFO - Started process (PID=58673) to work on /Users/uab910/dev/nnam-poc/pyenv/lib/python3.10/site-packages/airflow/example_dags/example_branch_python_dop_operator_3.py
[2023-03-03T16:38:16.056+0100] {processor.py:756} INFO - Processing file /Users/uab910/dev/nnam-poc/pyenv/lib/python3.10/site-packages/airflow/example_dags/example_branch_python_dop_operator_3.py for tasks to queue
[2023-03-03T16:38:16.056+0100] {logging_mixin.py:137} INFO - [2023-03-03T16:38:16.056+0100] {dagbag.py:537} INFO - Filling up the DagBag from /Users/uab910/dev/nnam-poc/pyenv/lib/python3.10/site-packages/airflow/example_dags/example_branch_python_dop_operator_3.py
[2023-03-03T16:38:16.124+0100] {processor.py:766} INFO - DAG(s) dict_keys(['example_branch_dop_operator_v3']) retrieved from /Users/uab910/dev/nnam-poc/pyenv/lib/python3.10/site-packages/airflow/example_dags/example_branch_python_dop_operator_3.py
[2023-03-03T16:38:16.302+0100] {logging_mixin.py:137} INFO - [2023-03-03T16:38:16.301+0100] {dag.py:2585} INFO - Sync 1 DAGs
[2023-03-03T16:38:16.317+0100] {logging_mixin.py:137} INFO - [2023-03-03T16:38:16.317+0100] {dag.py:3336} INFO - Setting next_dagrun for example_branch_dop_operator_v3 to 2023-03-03T15:37:00+00:00, run_after=2023-03-03T15:38:00+00:00
[2023-03-03T16:38:16.334+0100] {processor.py:176} INFO - Processing /Users/uab910/dev/nnam-poc/pyenv/lib/python3.10/site-packages/airflow/example_dags/example_branch_python_dop_operator_3.py took 0.283 seconds
[2023-03-03T16:39:55.292+0100] {processor.py:154} INFO - Started process (PID=58726) to work on /Users/uab910/dev/nnam-poc/pyenv/lib/python3.10/site-packages/airflow/example_dags/example_branch_python_dop_operator_3.py
[2023-03-03T16:39:55.298+0100] {processor.py:756} INFO - Processing file /Users/uab910/dev/nnam-poc/pyenv/lib/python3.10/site-packages/airflow/example_dags/example_branch_python_dop_operator_3.py for tasks to queue
[2023-03-03T16:39:55.298+0100] {logging_mixin.py:137} INFO - [2023-03-03T16:39:55.298+0100] {dagbag.py:537} INFO - Filling up the DagBag from /Users/uab910/dev/nnam-poc/pyenv/lib/python3.10/site-packages/airflow/example_dags/example_branch_python_dop_operator_3.py
[2023-03-03T16:39:55.360+0100] {processor.py:766} INFO - DAG(s) dict_keys(['example_branch_dop_operator_v3']) retrieved from /Users/uab910/dev/nnam-poc/pyenv/lib/python3.10/site-packages/airflow/example_dags/example_branch_python_dop_operator_3.py
[2023-03-03T16:39:55.549+0100] {logging_mixin.py:137} INFO - [2023-03-03T16:39:55.549+0100] {dag.py:2585} INFO - Sync 1 DAGs
[2023-03-03T16:39:55.565+0100] {logging_mixin.py:137} INFO - [2023-03-03T16:39:55.565+0100] {dag.py:3336} INFO - Setting next_dagrun for example_branch_dop_operator_v3 to 2023-03-03T15:38:00+00:00, run_after=2023-03-03T15:39:00+00:00
[2023-03-03T16:39:55.584+0100] {processor.py:176} INFO - Processing /Users/uab910/dev/nnam-poc/pyenv/lib/python3.10/site-packages/airflow/example_dags/example_branch_python_dop_operator_3.py took 0.292 seconds
[2023-03-03T16:41:28.508+0100] {processor.py:154} INFO - Started process (PID=58779) to work on /Users/uab910/dev/nnam-poc/pyenv/lib/python3.10/site-packages/airflow/example_dags/example_branch_python_dop_operator_3.py
[2023-03-03T16:41:28.513+0100] {processor.py:756} INFO - Processing file /Users/uab910/dev/nnam-poc/pyenv/lib/python3.10/site-packages/airflow/example_dags/example_branch_python_dop_operator_3.py for tasks to queue
[2023-03-03T16:41:28.514+0100] {logging_mixin.py:137} INFO - [2023-03-03T16:41:28.514+0100] {dagbag.py:537} INFO - Filling up the DagBag from /Users/uab910/dev/nnam-poc/pyenv/lib/python3.10/site-packages/airflow/example_dags/example_branch_python_dop_operator_3.py
[2023-03-03T16:41:28.578+0100] {processor.py:766} INFO - DAG(s) dict_keys(['example_branch_dop_operator_v3']) retrieved from /Users/uab910/dev/nnam-poc/pyenv/lib/python3.10/site-packages/airflow/example_dags/example_branch_python_dop_operator_3.py
[2023-03-03T16:41:28.746+0100] {logging_mixin.py:137} INFO - [2023-03-03T16:41:28.746+0100] {dag.py:2585} INFO - Sync 1 DAGs
[2023-03-03T16:41:28.768+0100] {logging_mixin.py:137} INFO - [2023-03-03T16:41:28.768+0100] {dag.py:3336} INFO - Setting next_dagrun for example_branch_dop_operator_v3 to 2023-03-03T15:40:00+00:00, run_after=2023-03-03T15:41:00+00:00
[2023-03-03T16:41:28.786+0100] {processor.py:176} INFO - Processing /Users/uab910/dev/nnam-poc/pyenv/lib/python3.10/site-packages/airflow/example_dags/example_branch_python_dop_operator_3.py took 0.279 seconds
[2023-03-03T16:42:59.440+0100] {processor.py:154} INFO - Started process (PID=58823) to work on /Users/uab910/dev/nnam-poc/pyenv/lib/python3.10/site-packages/airflow/example_dags/example_branch_python_dop_operator_3.py
[2023-03-03T16:42:59.446+0100] {processor.py:756} INFO - Processing file /Users/uab910/dev/nnam-poc/pyenv/lib/python3.10/site-packages/airflow/example_dags/example_branch_python_dop_operator_3.py for tasks to queue
[2023-03-03T16:42:59.447+0100] {logging_mixin.py:137} INFO - [2023-03-03T16:42:59.447+0100] {dagbag.py:537} INFO - Filling up the DagBag from /Users/uab910/dev/nnam-poc/pyenv/lib/python3.10/site-packages/airflow/example_dags/example_branch_python_dop_operator_3.py
[2023-03-03T16:42:59.506+0100] {processor.py:766} INFO - DAG(s) dict_keys(['example_branch_dop_operator_v3']) retrieved from /Users/uab910/dev/nnam-poc/pyenv/lib/python3.10/site-packages/airflow/example_dags/example_branch_python_dop_operator_3.py
[2023-03-03T16:42:59.666+0100] {logging_mixin.py:137} INFO - [2023-03-03T16:42:59.666+0100] {dag.py:2585} INFO - Sync 1 DAGs
[2023-03-03T16:42:59.684+0100] {logging_mixin.py:137} INFO - [2023-03-03T16:42:59.684+0100] {dag.py:3336} INFO - Setting next_dagrun for example_branch_dop_operator_v3 to 2023-03-03T15:41:00+00:00, run_after=2023-03-03T15:42:00+00:00
[2023-03-03T16:42:59.699+0100] {processor.py:176} INFO - Processing /Users/uab910/dev/nnam-poc/pyenv/lib/python3.10/site-packages/airflow/example_dags/example_branch_python_dop_operator_3.py took 0.260 seconds
[2023-03-03T16:44:34.622+0100] {processor.py:154} INFO - Started process (PID=58902) to work on /Users/uab910/dev/nnam-poc/pyenv/lib/python3.10/site-packages/airflow/example_dags/example_branch_python_dop_operator_3.py
[2023-03-03T16:44:34.628+0100] {processor.py:756} INFO - Processing file /Users/uab910/dev/nnam-poc/pyenv/lib/python3.10/site-packages/airflow/example_dags/example_branch_python_dop_operator_3.py for tasks to queue
[2023-03-03T16:44:34.629+0100] {logging_mixin.py:137} INFO - [2023-03-03T16:44:34.629+0100] {dagbag.py:537} INFO - Filling up the DagBag from /Users/uab910/dev/nnam-poc/pyenv/lib/python3.10/site-packages/airflow/example_dags/example_branch_python_dop_operator_3.py
[2023-03-03T16:44:34.690+0100] {processor.py:766} INFO - DAG(s) dict_keys(['example_branch_dop_operator_v3']) retrieved from /Users/uab910/dev/nnam-poc/pyenv/lib/python3.10/site-packages/airflow/example_dags/example_branch_python_dop_operator_3.py
[2023-03-03T16:44:34.848+0100] {logging_mixin.py:137} INFO - [2023-03-03T16:44:34.848+0100] {dag.py:2585} INFO - Sync 1 DAGs
[2023-03-03T16:44:34.866+0100] {logging_mixin.py:137} INFO - [2023-03-03T16:44:34.866+0100] {dag.py:3336} INFO - Setting next_dagrun for example_branch_dop_operator_v3 to 2023-03-03T15:43:00+00:00, run_after=2023-03-03T15:44:00+00:00
[2023-03-03T16:44:34.880+0100] {processor.py:176} INFO - Processing /Users/uab910/dev/nnam-poc/pyenv/lib/python3.10/site-packages/airflow/example_dags/example_branch_python_dop_operator_3.py took 0.259 seconds
[2023-03-03T16:46:08.835+0100] {processor.py:154} INFO - Started process (PID=58967) to work on /Users/uab910/dev/nnam-poc/pyenv/lib/python3.10/site-packages/airflow/example_dags/example_branch_python_dop_operator_3.py
[2023-03-03T16:46:08.841+0100] {processor.py:756} INFO - Processing file /Users/uab910/dev/nnam-poc/pyenv/lib/python3.10/site-packages/airflow/example_dags/example_branch_python_dop_operator_3.py for tasks to queue
[2023-03-03T16:46:08.842+0100] {logging_mixin.py:137} INFO - [2023-03-03T16:46:08.841+0100] {dagbag.py:537} INFO - Filling up the DagBag from /Users/uab910/dev/nnam-poc/pyenv/lib/python3.10/site-packages/airflow/example_dags/example_branch_python_dop_operator_3.py
[2023-03-03T16:46:08.904+0100] {processor.py:766} INFO - DAG(s) dict_keys(['example_branch_dop_operator_v3']) retrieved from /Users/uab910/dev/nnam-poc/pyenv/lib/python3.10/site-packages/airflow/example_dags/example_branch_python_dop_operator_3.py
[2023-03-03T16:46:09.085+0100] {logging_mixin.py:137} INFO - [2023-03-03T16:46:09.084+0100] {dag.py:2585} INFO - Sync 1 DAGs
[2023-03-03T16:46:09.103+0100] {logging_mixin.py:137} INFO - [2023-03-03T16:46:09.103+0100] {dag.py:3336} INFO - Setting next_dagrun for example_branch_dop_operator_v3 to 2023-03-03T15:45:00+00:00, run_after=2023-03-03T15:46:00+00:00
[2023-03-03T16:46:09.119+0100] {processor.py:176} INFO - Processing /Users/uab910/dev/nnam-poc/pyenv/lib/python3.10/site-packages/airflow/example_dags/example_branch_python_dop_operator_3.py took 0.284 seconds
[2023-03-03T16:47:39.963+0100] {processor.py:154} INFO - Started process (PID=59031) to work on /Users/uab910/dev/nnam-poc/pyenv/lib/python3.10/site-packages/airflow/example_dags/example_branch_python_dop_operator_3.py
[2023-03-03T16:47:39.968+0100] {processor.py:756} INFO - Processing file /Users/uab910/dev/nnam-poc/pyenv/lib/python3.10/site-packages/airflow/example_dags/example_branch_python_dop_operator_3.py for tasks to queue
[2023-03-03T16:47:39.969+0100] {logging_mixin.py:137} INFO - [2023-03-03T16:47:39.969+0100] {dagbag.py:537} INFO - Filling up the DagBag from /Users/uab910/dev/nnam-poc/pyenv/lib/python3.10/site-packages/airflow/example_dags/example_branch_python_dop_operator_3.py
[2023-03-03T16:47:40.032+0100] {processor.py:766} INFO - DAG(s) dict_keys(['example_branch_dop_operator_v3']) retrieved from /Users/uab910/dev/nnam-poc/pyenv/lib/python3.10/site-packages/airflow/example_dags/example_branch_python_dop_operator_3.py
[2023-03-03T16:47:40.218+0100] {logging_mixin.py:137} INFO - [2023-03-03T16:47:40.218+0100] {dag.py:2585} INFO - Sync 1 DAGs
[2023-03-03T16:47:40.238+0100] {logging_mixin.py:137} INFO - [2023-03-03T16:47:40.238+0100] {dag.py:3336} INFO - Setting next_dagrun for example_branch_dop_operator_v3 to 2023-03-03T15:46:00+00:00, run_after=2023-03-03T15:47:00+00:00
[2023-03-03T16:47:40.255+0100] {processor.py:176} INFO - Processing /Users/uab910/dev/nnam-poc/pyenv/lib/python3.10/site-packages/airflow/example_dags/example_branch_python_dop_operator_3.py took 0.293 seconds
[2023-03-03T16:49:12.065+0100] {processor.py:154} INFO - Started process (PID=59079) to work on /Users/uab910/dev/nnam-poc/pyenv/lib/python3.10/site-packages/airflow/example_dags/example_branch_python_dop_operator_3.py
[2023-03-03T16:49:12.070+0100] {processor.py:756} INFO - Processing file /Users/uab910/dev/nnam-poc/pyenv/lib/python3.10/site-packages/airflow/example_dags/example_branch_python_dop_operator_3.py for tasks to queue
[2023-03-03T16:49:12.071+0100] {logging_mixin.py:137} INFO - [2023-03-03T16:49:12.070+0100] {dagbag.py:537} INFO - Filling up the DagBag from /Users/uab910/dev/nnam-poc/pyenv/lib/python3.10/site-packages/airflow/example_dags/example_branch_python_dop_operator_3.py
[2023-03-03T16:49:12.132+0100] {processor.py:766} INFO - DAG(s) dict_keys(['example_branch_dop_operator_v3']) retrieved from /Users/uab910/dev/nnam-poc/pyenv/lib/python3.10/site-packages/airflow/example_dags/example_branch_python_dop_operator_3.py
[2023-03-03T16:49:12.310+0100] {logging_mixin.py:137} INFO - [2023-03-03T16:49:12.310+0100] {dag.py:2585} INFO - Sync 1 DAGs
[2023-03-03T16:49:12.329+0100] {logging_mixin.py:137} INFO - [2023-03-03T16:49:12.329+0100] {dag.py:3336} INFO - Setting next_dagrun for example_branch_dop_operator_v3 to 2023-03-03T15:48:00+00:00, run_after=2023-03-03T15:49:00+00:00
[2023-03-03T16:49:12.346+0100] {processor.py:176} INFO - Processing /Users/uab910/dev/nnam-poc/pyenv/lib/python3.10/site-packages/airflow/example_dags/example_branch_python_dop_operator_3.py took 0.282 seconds
[2023-03-03T16:50:46.762+0100] {processor.py:154} INFO - Started process (PID=59144) to work on /Users/uab910/dev/nnam-poc/pyenv/lib/python3.10/site-packages/airflow/example_dags/example_branch_python_dop_operator_3.py
[2023-03-03T16:50:46.766+0100] {processor.py:756} INFO - Processing file /Users/uab910/dev/nnam-poc/pyenv/lib/python3.10/site-packages/airflow/example_dags/example_branch_python_dop_operator_3.py for tasks to queue
[2023-03-03T16:50:46.767+0100] {logging_mixin.py:137} INFO - [2023-03-03T16:50:46.766+0100] {dagbag.py:537} INFO - Filling up the DagBag from /Users/uab910/dev/nnam-poc/pyenv/lib/python3.10/site-packages/airflow/example_dags/example_branch_python_dop_operator_3.py
[2023-03-03T16:50:46.822+0100] {processor.py:766} INFO - DAG(s) dict_keys(['example_branch_dop_operator_v3']) retrieved from /Users/uab910/dev/nnam-poc/pyenv/lib/python3.10/site-packages/airflow/example_dags/example_branch_python_dop_operator_3.py
[2023-03-03T16:50:46.979+0100] {logging_mixin.py:137} INFO - [2023-03-03T16:50:46.978+0100] {dag.py:2585} INFO - Sync 1 DAGs
[2023-03-03T16:50:46.996+0100] {logging_mixin.py:137} INFO - [2023-03-03T16:50:46.996+0100] {dag.py:3336} INFO - Setting next_dagrun for example_branch_dop_operator_v3 to 2023-03-03T15:49:00+00:00, run_after=2023-03-03T15:50:00+00:00
[2023-03-03T16:50:47.013+0100] {processor.py:176} INFO - Processing /Users/uab910/dev/nnam-poc/pyenv/lib/python3.10/site-packages/airflow/example_dags/example_branch_python_dop_operator_3.py took 0.252 seconds
[2023-03-03T16:52:19.071+0100] {processor.py:154} INFO - Started process (PID=59199) to work on /Users/uab910/dev/nnam-poc/pyenv/lib/python3.10/site-packages/airflow/example_dags/example_branch_python_dop_operator_3.py
[2023-03-03T16:52:19.077+0100] {processor.py:756} INFO - Processing file /Users/uab910/dev/nnam-poc/pyenv/lib/python3.10/site-packages/airflow/example_dags/example_branch_python_dop_operator_3.py for tasks to queue
[2023-03-03T16:52:19.078+0100] {logging_mixin.py:137} INFO - [2023-03-03T16:52:19.078+0100] {dagbag.py:537} INFO - Filling up the DagBag from /Users/uab910/dev/nnam-poc/pyenv/lib/python3.10/site-packages/airflow/example_dags/example_branch_python_dop_operator_3.py
[2023-03-03T16:52:19.141+0100] {processor.py:766} INFO - DAG(s) dict_keys(['example_branch_dop_operator_v3']) retrieved from /Users/uab910/dev/nnam-poc/pyenv/lib/python3.10/site-packages/airflow/example_dags/example_branch_python_dop_operator_3.py
[2023-03-03T16:52:19.300+0100] {logging_mixin.py:137} INFO - [2023-03-03T16:52:19.300+0100] {dag.py:2585} INFO - Sync 1 DAGs
[2023-03-03T16:52:19.318+0100] {logging_mixin.py:137} INFO - [2023-03-03T16:52:19.318+0100] {dag.py:3336} INFO - Setting next_dagrun for example_branch_dop_operator_v3 to 2023-03-03T15:51:00+00:00, run_after=2023-03-03T15:52:00+00:00
[2023-03-03T16:52:19.332+0100] {processor.py:176} INFO - Processing /Users/uab910/dev/nnam-poc/pyenv/lib/python3.10/site-packages/airflow/example_dags/example_branch_python_dop_operator_3.py took 0.261 seconds
[2023-03-03T16:53:46.306+0100] {processor.py:154} INFO - Started process (PID=59258) to work on /Users/uab910/dev/nnam-poc/pyenv/lib/python3.10/site-packages/airflow/example_dags/example_branch_python_dop_operator_3.py
[2023-03-03T16:53:46.311+0100] {processor.py:756} INFO - Processing file /Users/uab910/dev/nnam-poc/pyenv/lib/python3.10/site-packages/airflow/example_dags/example_branch_python_dop_operator_3.py for tasks to queue
[2023-03-03T16:53:46.312+0100] {logging_mixin.py:137} INFO - [2023-03-03T16:53:46.312+0100] {dagbag.py:537} INFO - Filling up the DagBag from /Users/uab910/dev/nnam-poc/pyenv/lib/python3.10/site-packages/airflow/example_dags/example_branch_python_dop_operator_3.py
[2023-03-03T16:53:46.370+0100] {processor.py:766} INFO - DAG(s) dict_keys(['example_branch_dop_operator_v3']) retrieved from /Users/uab910/dev/nnam-poc/pyenv/lib/python3.10/site-packages/airflow/example_dags/example_branch_python_dop_operator_3.py
[2023-03-03T16:53:46.532+0100] {logging_mixin.py:137} INFO - [2023-03-03T16:53:46.532+0100] {dag.py:2585} INFO - Sync 1 DAGs
[2023-03-03T16:53:46.549+0100] {logging_mixin.py:137} INFO - [2023-03-03T16:53:46.549+0100] {dag.py:3336} INFO - Setting next_dagrun for example_branch_dop_operator_v3 to 2023-03-03T15:52:00+00:00, run_after=2023-03-03T15:53:00+00:00
[2023-03-03T16:53:46.564+0100] {processor.py:176} INFO - Processing /Users/uab910/dev/nnam-poc/pyenv/lib/python3.10/site-packages/airflow/example_dags/example_branch_python_dop_operator_3.py took 0.258 seconds
[2023-03-03T16:55:19.867+0100] {processor.py:154} INFO - Started process (PID=59308) to work on /Users/uab910/dev/nnam-poc/pyenv/lib/python3.10/site-packages/airflow/example_dags/example_branch_python_dop_operator_3.py
[2023-03-03T16:55:19.871+0100] {processor.py:756} INFO - Processing file /Users/uab910/dev/nnam-poc/pyenv/lib/python3.10/site-packages/airflow/example_dags/example_branch_python_dop_operator_3.py for tasks to queue
[2023-03-03T16:55:19.872+0100] {logging_mixin.py:137} INFO - [2023-03-03T16:55:19.872+0100] {dagbag.py:537} INFO - Filling up the DagBag from /Users/uab910/dev/nnam-poc/pyenv/lib/python3.10/site-packages/airflow/example_dags/example_branch_python_dop_operator_3.py
[2023-03-03T16:55:19.929+0100] {processor.py:766} INFO - DAG(s) dict_keys(['example_branch_dop_operator_v3']) retrieved from /Users/uab910/dev/nnam-poc/pyenv/lib/python3.10/site-packages/airflow/example_dags/example_branch_python_dop_operator_3.py
[2023-03-03T16:55:20.087+0100] {logging_mixin.py:137} INFO - [2023-03-03T16:55:20.087+0100] {dag.py:2585} INFO - Sync 1 DAGs
[2023-03-03T16:55:20.105+0100] {logging_mixin.py:137} INFO - [2023-03-03T16:55:20.105+0100] {dag.py:3336} INFO - Setting next_dagrun for example_branch_dop_operator_v3 to 2023-03-03T15:54:00+00:00, run_after=2023-03-03T15:55:00+00:00
[2023-03-03T16:55:20.122+0100] {processor.py:176} INFO - Processing /Users/uab910/dev/nnam-poc/pyenv/lib/python3.10/site-packages/airflow/example_dags/example_branch_python_dop_operator_3.py took 0.256 seconds
[2023-03-03T16:56:52.848+0100] {processor.py:154} INFO - Started process (PID=59357) to work on /Users/uab910/dev/nnam-poc/pyenv/lib/python3.10/site-packages/airflow/example_dags/example_branch_python_dop_operator_3.py
[2023-03-03T16:56:52.855+0100] {processor.py:756} INFO - Processing file /Users/uab910/dev/nnam-poc/pyenv/lib/python3.10/site-packages/airflow/example_dags/example_branch_python_dop_operator_3.py for tasks to queue
[2023-03-03T16:56:52.856+0100] {logging_mixin.py:137} INFO - [2023-03-03T16:56:52.855+0100] {dagbag.py:537} INFO - Filling up the DagBag from /Users/uab910/dev/nnam-poc/pyenv/lib/python3.10/site-packages/airflow/example_dags/example_branch_python_dop_operator_3.py
[2023-03-03T16:56:52.929+0100] {processor.py:766} INFO - DAG(s) dict_keys(['example_branch_dop_operator_v3']) retrieved from /Users/uab910/dev/nnam-poc/pyenv/lib/python3.10/site-packages/airflow/example_dags/example_branch_python_dop_operator_3.py
[2023-03-03T16:56:53.137+0100] {logging_mixin.py:137} INFO - [2023-03-03T16:56:53.137+0100] {dag.py:2585} INFO - Sync 1 DAGs
[2023-03-03T16:56:53.160+0100] {logging_mixin.py:137} INFO - [2023-03-03T16:56:53.159+0100] {dag.py:3336} INFO - Setting next_dagrun for example_branch_dop_operator_v3 to 2023-03-03T15:55:00+00:00, run_after=2023-03-03T15:56:00+00:00
[2023-03-03T16:56:53.178+0100] {processor.py:176} INFO - Processing /Users/uab910/dev/nnam-poc/pyenv/lib/python3.10/site-packages/airflow/example_dags/example_branch_python_dop_operator_3.py took 0.331 seconds
[2023-03-03T16:58:26.471+0100] {processor.py:154} INFO - Started process (PID=59406) to work on /Users/uab910/dev/nnam-poc/pyenv/lib/python3.10/site-packages/airflow/example_dags/example_branch_python_dop_operator_3.py
[2023-03-03T16:58:26.478+0100] {processor.py:756} INFO - Processing file /Users/uab910/dev/nnam-poc/pyenv/lib/python3.10/site-packages/airflow/example_dags/example_branch_python_dop_operator_3.py for tasks to queue
[2023-03-03T16:58:26.478+0100] {logging_mixin.py:137} INFO - [2023-03-03T16:58:26.478+0100] {dagbag.py:537} INFO - Filling up the DagBag from /Users/uab910/dev/nnam-poc/pyenv/lib/python3.10/site-packages/airflow/example_dags/example_branch_python_dop_operator_3.py
[2023-03-03T16:58:26.541+0100] {processor.py:766} INFO - DAG(s) dict_keys(['example_branch_dop_operator_v3']) retrieved from /Users/uab910/dev/nnam-poc/pyenv/lib/python3.10/site-packages/airflow/example_dags/example_branch_python_dop_operator_3.py
[2023-03-03T16:58:26.714+0100] {logging_mixin.py:137} INFO - [2023-03-03T16:58:26.714+0100] {dag.py:2585} INFO - Sync 1 DAGs
[2023-03-03T16:58:26.734+0100] {logging_mixin.py:137} INFO - [2023-03-03T16:58:26.734+0100] {dag.py:3336} INFO - Setting next_dagrun for example_branch_dop_operator_v3 to 2023-03-03T15:57:00+00:00, run_after=2023-03-03T15:58:00+00:00
[2023-03-03T16:58:26.751+0100] {processor.py:176} INFO - Processing /Users/uab910/dev/nnam-poc/pyenv/lib/python3.10/site-packages/airflow/example_dags/example_branch_python_dop_operator_3.py took 0.281 seconds
[2023-03-03T17:00:00.320+0100] {processor.py:154} INFO - Started process (PID=59451) to work on /Users/uab910/dev/nnam-poc/pyenv/lib/python3.10/site-packages/airflow/example_dags/example_branch_python_dop_operator_3.py
[2023-03-03T17:00:00.326+0100] {processor.py:756} INFO - Processing file /Users/uab910/dev/nnam-poc/pyenv/lib/python3.10/site-packages/airflow/example_dags/example_branch_python_dop_operator_3.py for tasks to queue
[2023-03-03T17:00:00.327+0100] {logging_mixin.py:137} INFO - [2023-03-03T17:00:00.327+0100] {dagbag.py:537} INFO - Filling up the DagBag from /Users/uab910/dev/nnam-poc/pyenv/lib/python3.10/site-packages/airflow/example_dags/example_branch_python_dop_operator_3.py
[2023-03-03T17:00:00.385+0100] {processor.py:766} INFO - DAG(s) dict_keys(['example_branch_dop_operator_v3']) retrieved from /Users/uab910/dev/nnam-poc/pyenv/lib/python3.10/site-packages/airflow/example_dags/example_branch_python_dop_operator_3.py
[2023-03-03T17:00:00.570+0100] {logging_mixin.py:137} INFO - [2023-03-03T17:00:00.569+0100] {dag.py:2585} INFO - Sync 1 DAGs
[2023-03-03T17:00:00.589+0100] {logging_mixin.py:137} INFO - [2023-03-03T17:00:00.588+0100] {dag.py:3336} INFO - Setting next_dagrun for example_branch_dop_operator_v3 to 2023-03-03T15:59:00+00:00, run_after=2023-03-03T16:00:00+00:00
[2023-03-03T17:00:00.605+0100] {processor.py:176} INFO - Processing /Users/uab910/dev/nnam-poc/pyenv/lib/python3.10/site-packages/airflow/example_dags/example_branch_python_dop_operator_3.py took 0.286 seconds
[2023-03-03T17:01:33.101+0100] {processor.py:154} INFO - Started process (PID=59502) to work on /Users/uab910/dev/nnam-poc/pyenv/lib/python3.10/site-packages/airflow/example_dags/example_branch_python_dop_operator_3.py
[2023-03-03T17:01:33.107+0100] {processor.py:756} INFO - Processing file /Users/uab910/dev/nnam-poc/pyenv/lib/python3.10/site-packages/airflow/example_dags/example_branch_python_dop_operator_3.py for tasks to queue
[2023-03-03T17:01:33.107+0100] {logging_mixin.py:137} INFO - [2023-03-03T17:01:33.107+0100] {dagbag.py:537} INFO - Filling up the DagBag from /Users/uab910/dev/nnam-poc/pyenv/lib/python3.10/site-packages/airflow/example_dags/example_branch_python_dop_operator_3.py
[2023-03-03T17:01:33.169+0100] {processor.py:766} INFO - DAG(s) dict_keys(['example_branch_dop_operator_v3']) retrieved from /Users/uab910/dev/nnam-poc/pyenv/lib/python3.10/site-packages/airflow/example_dags/example_branch_python_dop_operator_3.py
[2023-03-03T17:01:33.323+0100] {logging_mixin.py:137} INFO - [2023-03-03T17:01:33.323+0100] {dag.py:2585} INFO - Sync 1 DAGs
[2023-03-03T17:01:33.340+0100] {logging_mixin.py:137} INFO - [2023-03-03T17:01:33.340+0100] {dag.py:3336} INFO - Setting next_dagrun for example_branch_dop_operator_v3 to 2023-03-03T16:00:00+00:00, run_after=2023-03-03T16:01:00+00:00
[2023-03-03T17:01:33.355+0100] {processor.py:176} INFO - Processing /Users/uab910/dev/nnam-poc/pyenv/lib/python3.10/site-packages/airflow/example_dags/example_branch_python_dop_operator_3.py took 0.254 seconds
[2023-03-03T17:03:05.370+0100] {processor.py:154} INFO - Started process (PID=59549) to work on /Users/uab910/dev/nnam-poc/pyenv/lib/python3.10/site-packages/airflow/example_dags/example_branch_python_dop_operator_3.py
[2023-03-03T17:03:05.376+0100] {processor.py:756} INFO - Processing file /Users/uab910/dev/nnam-poc/pyenv/lib/python3.10/site-packages/airflow/example_dags/example_branch_python_dop_operator_3.py for tasks to queue
[2023-03-03T17:03:05.377+0100] {logging_mixin.py:137} INFO - [2023-03-03T17:03:05.377+0100] {dagbag.py:537} INFO - Filling up the DagBag from /Users/uab910/dev/nnam-poc/pyenv/lib/python3.10/site-packages/airflow/example_dags/example_branch_python_dop_operator_3.py
[2023-03-03T17:03:05.433+0100] {processor.py:766} INFO - DAG(s) dict_keys(['example_branch_dop_operator_v3']) retrieved from /Users/uab910/dev/nnam-poc/pyenv/lib/python3.10/site-packages/airflow/example_dags/example_branch_python_dop_operator_3.py
[2023-03-03T17:03:05.586+0100] {logging_mixin.py:137} INFO - [2023-03-03T17:03:05.585+0100] {dag.py:2585} INFO - Sync 1 DAGs
[2023-03-03T17:03:05.604+0100] {logging_mixin.py:137} INFO - [2023-03-03T17:03:05.604+0100] {dag.py:3336} INFO - Setting next_dagrun for example_branch_dop_operator_v3 to 2023-03-03T16:02:00+00:00, run_after=2023-03-03T16:03:00+00:00
[2023-03-03T17:03:05.620+0100] {processor.py:176} INFO - Processing /Users/uab910/dev/nnam-poc/pyenv/lib/python3.10/site-packages/airflow/example_dags/example_branch_python_dop_operator_3.py took 0.250 seconds
[2023-03-03T17:04:36.753+0100] {processor.py:154} INFO - Started process (PID=59615) to work on /Users/uab910/dev/nnam-poc/pyenv/lib/python3.10/site-packages/airflow/example_dags/example_branch_python_dop_operator_3.py
[2023-03-03T17:04:36.758+0100] {processor.py:756} INFO - Processing file /Users/uab910/dev/nnam-poc/pyenv/lib/python3.10/site-packages/airflow/example_dags/example_branch_python_dop_operator_3.py for tasks to queue
[2023-03-03T17:04:36.759+0100] {logging_mixin.py:137} INFO - [2023-03-03T17:04:36.759+0100] {dagbag.py:537} INFO - Filling up the DagBag from /Users/uab910/dev/nnam-poc/pyenv/lib/python3.10/site-packages/airflow/example_dags/example_branch_python_dop_operator_3.py
[2023-03-03T17:04:36.826+0100] {processor.py:766} INFO - DAG(s) dict_keys(['example_branch_dop_operator_v3']) retrieved from /Users/uab910/dev/nnam-poc/pyenv/lib/python3.10/site-packages/airflow/example_dags/example_branch_python_dop_operator_3.py
[2023-03-03T17:04:37.000+0100] {logging_mixin.py:137} INFO - [2023-03-03T17:04:37.000+0100] {dag.py:2585} INFO - Sync 1 DAGs
[2023-03-03T17:04:37.016+0100] {logging_mixin.py:137} INFO - [2023-03-03T17:04:37.016+0100] {dag.py:3336} INFO - Setting next_dagrun for example_branch_dop_operator_v3 to 2023-03-03T16:03:00+00:00, run_after=2023-03-03T16:04:00+00:00
[2023-03-03T17:04:37.030+0100] {processor.py:176} INFO - Processing /Users/uab910/dev/nnam-poc/pyenv/lib/python3.10/site-packages/airflow/example_dags/example_branch_python_dop_operator_3.py took 0.278 seconds
[2023-03-03T17:06:05.322+0100] {processor.py:154} INFO - Started process (PID=59664) to work on /Users/uab910/dev/nnam-poc/pyenv/lib/python3.10/site-packages/airflow/example_dags/example_branch_python_dop_operator_3.py
[2023-03-03T17:06:05.327+0100] {processor.py:756} INFO - Processing file /Users/uab910/dev/nnam-poc/pyenv/lib/python3.10/site-packages/airflow/example_dags/example_branch_python_dop_operator_3.py for tasks to queue
[2023-03-03T17:06:05.328+0100] {logging_mixin.py:137} INFO - [2023-03-03T17:06:05.328+0100] {dagbag.py:537} INFO - Filling up the DagBag from /Users/uab910/dev/nnam-poc/pyenv/lib/python3.10/site-packages/airflow/example_dags/example_branch_python_dop_operator_3.py
[2023-03-03T17:06:05.391+0100] {processor.py:766} INFO - DAG(s) dict_keys(['example_branch_dop_operator_v3']) retrieved from /Users/uab910/dev/nnam-poc/pyenv/lib/python3.10/site-packages/airflow/example_dags/example_branch_python_dop_operator_3.py
[2023-03-03T17:06:05.552+0100] {logging_mixin.py:137} INFO - [2023-03-03T17:06:05.552+0100] {dag.py:2585} INFO - Sync 1 DAGs
[2023-03-03T17:06:05.568+0100] {logging_mixin.py:137} INFO - [2023-03-03T17:06:05.568+0100] {dag.py:3336} INFO - Setting next_dagrun for example_branch_dop_operator_v3 to 2023-03-03T16:05:00+00:00, run_after=2023-03-03T16:06:00+00:00
[2023-03-03T17:06:05.582+0100] {processor.py:176} INFO - Processing /Users/uab910/dev/nnam-poc/pyenv/lib/python3.10/site-packages/airflow/example_dags/example_branch_python_dop_operator_3.py took 0.261 seconds
[2023-03-03T17:07:49.104+0100] {processor.py:154} INFO - Started process (PID=59719) to work on /Users/uab910/dev/nnam-poc/pyenv/lib/python3.10/site-packages/airflow/example_dags/example_branch_python_dop_operator_3.py
[2023-03-03T17:07:49.110+0100] {processor.py:756} INFO - Processing file /Users/uab910/dev/nnam-poc/pyenv/lib/python3.10/site-packages/airflow/example_dags/example_branch_python_dop_operator_3.py for tasks to queue
[2023-03-03T17:07:49.111+0100] {logging_mixin.py:137} INFO - [2023-03-03T17:07:49.111+0100] {dagbag.py:537} INFO - Filling up the DagBag from /Users/uab910/dev/nnam-poc/pyenv/lib/python3.10/site-packages/airflow/example_dags/example_branch_python_dop_operator_3.py
[2023-03-03T17:07:49.171+0100] {processor.py:766} INFO - DAG(s) dict_keys(['example_branch_dop_operator_v3']) retrieved from /Users/uab910/dev/nnam-poc/pyenv/lib/python3.10/site-packages/airflow/example_dags/example_branch_python_dop_operator_3.py
[2023-03-03T17:07:49.329+0100] {logging_mixin.py:137} INFO - [2023-03-03T17:07:49.329+0100] {dag.py:2585} INFO - Sync 1 DAGs
[2023-03-03T17:07:49.348+0100] {logging_mixin.py:137} INFO - [2023-03-03T17:07:49.347+0100] {dag.py:3336} INFO - Setting next_dagrun for example_branch_dop_operator_v3 to 2023-03-03T16:06:00+00:00, run_after=2023-03-03T16:07:00+00:00
[2023-03-03T17:07:49.362+0100] {processor.py:176} INFO - Processing /Users/uab910/dev/nnam-poc/pyenv/lib/python3.10/site-packages/airflow/example_dags/example_branch_python_dop_operator_3.py took 0.259 seconds
[2023-03-03T17:09:25.826+0100] {processor.py:154} INFO - Started process (PID=59786) to work on /Users/uab910/dev/nnam-poc/pyenv/lib/python3.10/site-packages/airflow/example_dags/example_branch_python_dop_operator_3.py
[2023-03-03T17:09:25.846+0100] {processor.py:756} INFO - Processing file /Users/uab910/dev/nnam-poc/pyenv/lib/python3.10/site-packages/airflow/example_dags/example_branch_python_dop_operator_3.py for tasks to queue
[2023-03-03T17:09:25.847+0100] {logging_mixin.py:137} INFO - [2023-03-03T17:09:25.847+0100] {dagbag.py:537} INFO - Filling up the DagBag from /Users/uab910/dev/nnam-poc/pyenv/lib/python3.10/site-packages/airflow/example_dags/example_branch_python_dop_operator_3.py
[2023-03-03T17:09:25.916+0100] {processor.py:766} INFO - DAG(s) dict_keys(['example_branch_dop_operator_v3']) retrieved from /Users/uab910/dev/nnam-poc/pyenv/lib/python3.10/site-packages/airflow/example_dags/example_branch_python_dop_operator_3.py
[2023-03-03T17:09:26.081+0100] {logging_mixin.py:137} INFO - [2023-03-03T17:09:26.081+0100] {dag.py:2585} INFO - Sync 1 DAGs
[2023-03-03T17:09:26.098+0100] {logging_mixin.py:137} INFO - [2023-03-03T17:09:26.098+0100] {dag.py:3336} INFO - Setting next_dagrun for example_branch_dop_operator_v3 to 2023-03-03T16:08:00+00:00, run_after=2023-03-03T16:09:00+00:00
[2023-03-03T17:09:26.114+0100] {processor.py:176} INFO - Processing /Users/uab910/dev/nnam-poc/pyenv/lib/python3.10/site-packages/airflow/example_dags/example_branch_python_dop_operator_3.py took 0.289 seconds
[2023-03-03T17:10:52.746+0100] {processor.py:154} INFO - Started process (PID=59834) to work on /Users/uab910/dev/nnam-poc/pyenv/lib/python3.10/site-packages/airflow/example_dags/example_branch_python_dop_operator_3.py
[2023-03-03T17:10:52.750+0100] {processor.py:756} INFO - Processing file /Users/uab910/dev/nnam-poc/pyenv/lib/python3.10/site-packages/airflow/example_dags/example_branch_python_dop_operator_3.py for tasks to queue
[2023-03-03T17:10:52.750+0100] {logging_mixin.py:137} INFO - [2023-03-03T17:10:52.750+0100] {dagbag.py:537} INFO - Filling up the DagBag from /Users/uab910/dev/nnam-poc/pyenv/lib/python3.10/site-packages/airflow/example_dags/example_branch_python_dop_operator_3.py
[2023-03-03T17:10:52.807+0100] {processor.py:766} INFO - DAG(s) dict_keys(['example_branch_dop_operator_v3']) retrieved from /Users/uab910/dev/nnam-poc/pyenv/lib/python3.10/site-packages/airflow/example_dags/example_branch_python_dop_operator_3.py
[2023-03-03T17:10:52.958+0100] {logging_mixin.py:137} INFO - [2023-03-03T17:10:52.958+0100] {dag.py:2585} INFO - Sync 1 DAGs
[2023-03-03T17:10:52.974+0100] {logging_mixin.py:137} INFO - [2023-03-03T17:10:52.974+0100] {dag.py:3336} INFO - Setting next_dagrun for example_branch_dop_operator_v3 to 2023-03-03T16:09:00+00:00, run_after=2023-03-03T16:10:00+00:00
[2023-03-03T17:10:52.987+0100] {processor.py:176} INFO - Processing /Users/uab910/dev/nnam-poc/pyenv/lib/python3.10/site-packages/airflow/example_dags/example_branch_python_dop_operator_3.py took 0.242 seconds
[2023-03-03T17:12:22.646+0100] {processor.py:154} INFO - Started process (PID=59897) to work on /Users/uab910/dev/nnam-poc/pyenv/lib/python3.10/site-packages/airflow/example_dags/example_branch_python_dop_operator_3.py
[2023-03-03T17:12:22.651+0100] {processor.py:756} INFO - Processing file /Users/uab910/dev/nnam-poc/pyenv/lib/python3.10/site-packages/airflow/example_dags/example_branch_python_dop_operator_3.py for tasks to queue
[2023-03-03T17:12:22.651+0100] {logging_mixin.py:137} INFO - [2023-03-03T17:12:22.651+0100] {dagbag.py:537} INFO - Filling up the DagBag from /Users/uab910/dev/nnam-poc/pyenv/lib/python3.10/site-packages/airflow/example_dags/example_branch_python_dop_operator_3.py
[2023-03-03T17:12:22.706+0100] {processor.py:766} INFO - DAG(s) dict_keys(['example_branch_dop_operator_v3']) retrieved from /Users/uab910/dev/nnam-poc/pyenv/lib/python3.10/site-packages/airflow/example_dags/example_branch_python_dop_operator_3.py
[2023-03-03T17:12:22.866+0100] {logging_mixin.py:137} INFO - [2023-03-03T17:12:22.866+0100] {dag.py:2585} INFO - Sync 1 DAGs
[2023-03-03T17:12:22.884+0100] {logging_mixin.py:137} INFO - [2023-03-03T17:12:22.884+0100] {dag.py:3336} INFO - Setting next_dagrun for example_branch_dop_operator_v3 to 2023-03-03T16:11:00+00:00, run_after=2023-03-03T16:12:00+00:00
[2023-03-03T17:12:22.901+0100] {processor.py:176} INFO - Processing /Users/uab910/dev/nnam-poc/pyenv/lib/python3.10/site-packages/airflow/example_dags/example_branch_python_dop_operator_3.py took 0.256 seconds
[2023-03-03T17:13:52.149+0100] {processor.py:154} INFO - Started process (PID=59980) to work on /Users/uab910/dev/nnam-poc/pyenv/lib/python3.10/site-packages/airflow/example_dags/example_branch_python_dop_operator_3.py
[2023-03-03T17:13:52.154+0100] {processor.py:756} INFO - Processing file /Users/uab910/dev/nnam-poc/pyenv/lib/python3.10/site-packages/airflow/example_dags/example_branch_python_dop_operator_3.py for tasks to queue
[2023-03-03T17:13:52.154+0100] {logging_mixin.py:137} INFO - [2023-03-03T17:13:52.154+0100] {dagbag.py:537} INFO - Filling up the DagBag from /Users/uab910/dev/nnam-poc/pyenv/lib/python3.10/site-packages/airflow/example_dags/example_branch_python_dop_operator_3.py
[2023-03-03T17:13:52.209+0100] {processor.py:766} INFO - DAG(s) dict_keys(['example_branch_dop_operator_v3']) retrieved from /Users/uab910/dev/nnam-poc/pyenv/lib/python3.10/site-packages/airflow/example_dags/example_branch_python_dop_operator_3.py
[2023-03-03T17:13:52.364+0100] {logging_mixin.py:137} INFO - [2023-03-03T17:13:52.364+0100] {dag.py:2585} INFO - Sync 1 DAGs
[2023-03-03T17:13:52.380+0100] {logging_mixin.py:137} INFO - [2023-03-03T17:13:52.380+0100] {dag.py:3336} INFO - Setting next_dagrun for example_branch_dop_operator_v3 to 2023-03-03T16:12:00+00:00, run_after=2023-03-03T16:13:00+00:00
[2023-03-03T17:13:52.394+0100] {processor.py:176} INFO - Processing /Users/uab910/dev/nnam-poc/pyenv/lib/python3.10/site-packages/airflow/example_dags/example_branch_python_dop_operator_3.py took 0.246 seconds
[2023-03-03T17:15:25.159+0100] {processor.py:154} INFO - Started process (PID=60035) to work on /Users/uab910/dev/nnam-poc/pyenv/lib/python3.10/site-packages/airflow/example_dags/example_branch_python_dop_operator_3.py
[2023-03-03T17:15:25.164+0100] {processor.py:756} INFO - Processing file /Users/uab910/dev/nnam-poc/pyenv/lib/python3.10/site-packages/airflow/example_dags/example_branch_python_dop_operator_3.py for tasks to queue
[2023-03-03T17:15:25.164+0100] {logging_mixin.py:137} INFO - [2023-03-03T17:15:25.164+0100] {dagbag.py:537} INFO - Filling up the DagBag from /Users/uab910/dev/nnam-poc/pyenv/lib/python3.10/site-packages/airflow/example_dags/example_branch_python_dop_operator_3.py
[2023-03-03T17:15:25.229+0100] {processor.py:766} INFO - DAG(s) dict_keys(['example_branch_dop_operator_v3']) retrieved from /Users/uab910/dev/nnam-poc/pyenv/lib/python3.10/site-packages/airflow/example_dags/example_branch_python_dop_operator_3.py
[2023-03-03T17:15:25.414+0100] {logging_mixin.py:137} INFO - [2023-03-03T17:15:25.414+0100] {dag.py:2585} INFO - Sync 1 DAGs
[2023-03-03T17:15:25.433+0100] {logging_mixin.py:137} INFO - [2023-03-03T17:15:25.433+0100] {dag.py:3336} INFO - Setting next_dagrun for example_branch_dop_operator_v3 to 2023-03-03T16:14:00+00:00, run_after=2023-03-03T16:15:00+00:00
[2023-03-03T17:15:25.449+0100] {processor.py:176} INFO - Processing /Users/uab910/dev/nnam-poc/pyenv/lib/python3.10/site-packages/airflow/example_dags/example_branch_python_dop_operator_3.py took 0.291 seconds
[2023-03-03T17:16:58.368+0100] {processor.py:154} INFO - Started process (PID=60089) to work on /Users/uab910/dev/nnam-poc/pyenv/lib/python3.10/site-packages/airflow/example_dags/example_branch_python_dop_operator_3.py
[2023-03-03T17:16:58.372+0100] {processor.py:756} INFO - Processing file /Users/uab910/dev/nnam-poc/pyenv/lib/python3.10/site-packages/airflow/example_dags/example_branch_python_dop_operator_3.py for tasks to queue
[2023-03-03T17:16:58.372+0100] {logging_mixin.py:137} INFO - [2023-03-03T17:16:58.372+0100] {dagbag.py:537} INFO - Filling up the DagBag from /Users/uab910/dev/nnam-poc/pyenv/lib/python3.10/site-packages/airflow/example_dags/example_branch_python_dop_operator_3.py
[2023-03-03T17:16:58.427+0100] {processor.py:766} INFO - DAG(s) dict_keys(['example_branch_dop_operator_v3']) retrieved from /Users/uab910/dev/nnam-poc/pyenv/lib/python3.10/site-packages/airflow/example_dags/example_branch_python_dop_operator_3.py
[2023-03-03T17:16:58.598+0100] {logging_mixin.py:137} INFO - [2023-03-03T17:16:58.597+0100] {dag.py:2585} INFO - Sync 1 DAGs
[2023-03-03T17:16:58.616+0100] {logging_mixin.py:137} INFO - [2023-03-03T17:16:58.616+0100] {dag.py:3336} INFO - Setting next_dagrun for example_branch_dop_operator_v3 to 2023-03-03T16:15:00+00:00, run_after=2023-03-03T16:16:00+00:00
[2023-03-03T17:16:58.632+0100] {processor.py:176} INFO - Processing /Users/uab910/dev/nnam-poc/pyenv/lib/python3.10/site-packages/airflow/example_dags/example_branch_python_dop_operator_3.py took 0.265 seconds
[2023-03-03T17:18:25.210+0100] {processor.py:154} INFO - Started process (PID=60140) to work on /Users/uab910/dev/nnam-poc/pyenv/lib/python3.10/site-packages/airflow/example_dags/example_branch_python_dop_operator_3.py
[2023-03-03T17:18:25.215+0100] {processor.py:756} INFO - Processing file /Users/uab910/dev/nnam-poc/pyenv/lib/python3.10/site-packages/airflow/example_dags/example_branch_python_dop_operator_3.py for tasks to queue
[2023-03-03T17:18:25.216+0100] {logging_mixin.py:137} INFO - [2023-03-03T17:18:25.216+0100] {dagbag.py:537} INFO - Filling up the DagBag from /Users/uab910/dev/nnam-poc/pyenv/lib/python3.10/site-packages/airflow/example_dags/example_branch_python_dop_operator_3.py
[2023-03-03T17:18:25.269+0100] {processor.py:766} INFO - DAG(s) dict_keys(['example_branch_dop_operator_v3']) retrieved from /Users/uab910/dev/nnam-poc/pyenv/lib/python3.10/site-packages/airflow/example_dags/example_branch_python_dop_operator_3.py
[2023-03-03T17:18:25.421+0100] {logging_mixin.py:137} INFO - [2023-03-03T17:18:25.421+0100] {dag.py:2585} INFO - Sync 1 DAGs
[2023-03-03T17:18:25.440+0100] {logging_mixin.py:137} INFO - [2023-03-03T17:18:25.440+0100] {dag.py:3336} INFO - Setting next_dagrun for example_branch_dop_operator_v3 to 2023-03-03T16:17:00+00:00, run_after=2023-03-03T16:18:00+00:00
[2023-03-03T17:18:25.456+0100] {processor.py:176} INFO - Processing /Users/uab910/dev/nnam-poc/pyenv/lib/python3.10/site-packages/airflow/example_dags/example_branch_python_dop_operator_3.py took 0.247 seconds
