[2023-03-03T16:00:46.195+0100] {processor.py:154} INFO - Started process (PID=57124) to work on /Users/uab910/dev/nnam-poc/pyenv/lib/python3.10/site-packages/airflow/example_dags/example_task_group.py
[2023-03-03T16:00:46.200+0100] {processor.py:756} INFO - Processing file /Users/uab910/dev/nnam-poc/pyenv/lib/python3.10/site-packages/airflow/example_dags/example_task_group.py for tasks to queue
[2023-03-03T16:00:46.201+0100] {logging_mixin.py:137} INFO - [2023-03-03T16:00:46.201+0100] {dagbag.py:537} INFO - Filling up the DagBag from /Users/uab910/dev/nnam-poc/pyenv/lib/python3.10/site-packages/airflow/example_dags/example_task_group.py
[2023-03-03T16:00:46.240+0100] {processor.py:766} INFO - DAG(s) dict_keys(['example_task_group']) retrieved from /Users/uab910/dev/nnam-poc/pyenv/lib/python3.10/site-packages/airflow/example_dags/example_task_group.py
[2023-03-03T16:00:47.703+0100] {logging_mixin.py:137} INFO - [2023-03-03T16:00:47.702+0100] {manager.py:507} INFO - Created Permission View: can read on DAG:example_task_group
[2023-03-03T16:00:47.711+0100] {logging_mixin.py:137} INFO - [2023-03-03T16:00:47.711+0100] {manager.py:507} INFO - Created Permission View: can delete on DAG:example_task_group
[2023-03-03T16:00:47.717+0100] {logging_mixin.py:137} INFO - [2023-03-03T16:00:47.717+0100] {manager.py:507} INFO - Created Permission View: can edit on DAG:example_task_group
[2023-03-03T16:00:47.718+0100] {logging_mixin.py:137} INFO - [2023-03-03T16:00:47.718+0100] {dag.py:2585} INFO - Sync 1 DAGs
[2023-03-03T16:00:47.728+0100] {logging_mixin.py:137} INFO - [2023-03-03T16:00:47.728+0100] {dag.py:2606} INFO - Creating ORM DAG for example_task_group
[2023-03-03T16:00:47.736+0100] {logging_mixin.py:137} INFO - [2023-03-03T16:00:47.736+0100] {dag.py:3336} INFO - Setting next_dagrun for example_task_group to 2023-03-02T15:00:47.736442+00:00, run_after=2023-03-03T15:00:47.736442+00:00
[2023-03-03T16:00:47.754+0100] {processor.py:176} INFO - Processing /Users/uab910/dev/nnam-poc/pyenv/lib/python3.10/site-packages/airflow/example_dags/example_task_group.py took 1.560 seconds
[2023-03-03T16:03:00.330+0100] {processor.py:154} INFO - Started process (PID=57230) to work on /Users/uab910/dev/nnam-poc/pyenv/lib/python3.10/site-packages/airflow/example_dags/example_task_group.py
[2023-03-03T16:03:00.336+0100] {processor.py:756} INFO - Processing file /Users/uab910/dev/nnam-poc/pyenv/lib/python3.10/site-packages/airflow/example_dags/example_task_group.py for tasks to queue
[2023-03-03T16:03:00.336+0100] {logging_mixin.py:137} INFO - [2023-03-03T16:03:00.336+0100] {dagbag.py:537} INFO - Filling up the DagBag from /Users/uab910/dev/nnam-poc/pyenv/lib/python3.10/site-packages/airflow/example_dags/example_task_group.py
[2023-03-03T16:03:00.374+0100] {processor.py:766} INFO - DAG(s) dict_keys(['example_task_group']) retrieved from /Users/uab910/dev/nnam-poc/pyenv/lib/python3.10/site-packages/airflow/example_dags/example_task_group.py
[2023-03-03T16:03:00.594+0100] {logging_mixin.py:137} INFO - [2023-03-03T16:03:00.593+0100] {dag.py:2585} INFO - Sync 1 DAGs
[2023-03-03T16:03:00.612+0100] {logging_mixin.py:137} INFO - [2023-03-03T16:03:00.612+0100] {dag.py:3336} INFO - Setting next_dagrun for example_task_group to 2023-03-02T15:03:00.611901+00:00, run_after=2023-03-03T15:03:00.611901+00:00
[2023-03-03T16:03:00.630+0100] {processor.py:176} INFO - Processing /Users/uab910/dev/nnam-poc/pyenv/lib/python3.10/site-packages/airflow/example_dags/example_task_group.py took 0.301 seconds
[2023-03-03T16:04:16.831+0100] {processor.py:154} INFO - Started process (PID=57289) to work on /Users/uab910/dev/nnam-poc/pyenv/lib/python3.10/site-packages/airflow/example_dags/example_task_group.py
[2023-03-03T16:04:16.837+0100] {processor.py:756} INFO - Processing file /Users/uab910/dev/nnam-poc/pyenv/lib/python3.10/site-packages/airflow/example_dags/example_task_group.py for tasks to queue
[2023-03-03T16:04:16.838+0100] {logging_mixin.py:137} INFO - [2023-03-03T16:04:16.838+0100] {dagbag.py:537} INFO - Filling up the DagBag from /Users/uab910/dev/nnam-poc/pyenv/lib/python3.10/site-packages/airflow/example_dags/example_task_group.py
[2023-03-03T16:04:16.875+0100] {processor.py:766} INFO - DAG(s) dict_keys(['example_task_group']) retrieved from /Users/uab910/dev/nnam-poc/pyenv/lib/python3.10/site-packages/airflow/example_dags/example_task_group.py
[2023-03-03T16:04:17.081+0100] {logging_mixin.py:137} INFO - [2023-03-03T16:04:17.081+0100] {dag.py:2585} INFO - Sync 1 DAGs
[2023-03-03T16:04:17.095+0100] {logging_mixin.py:137} INFO - [2023-03-03T16:04:17.095+0100] {dag.py:3336} INFO - Setting next_dagrun for example_task_group to 2023-03-02T15:04:17.095362+00:00, run_after=2023-03-03T15:04:17.095362+00:00
[2023-03-03T16:04:17.112+0100] {processor.py:176} INFO - Processing /Users/uab910/dev/nnam-poc/pyenv/lib/python3.10/site-packages/airflow/example_dags/example_task_group.py took 0.282 seconds
[2023-03-03T16:05:30.177+0100] {processor.py:154} INFO - Started process (PID=57335) to work on /Users/uab910/dev/nnam-poc/pyenv/lib/python3.10/site-packages/airflow/example_dags/example_task_group.py
[2023-03-03T16:05:30.184+0100] {processor.py:756} INFO - Processing file /Users/uab910/dev/nnam-poc/pyenv/lib/python3.10/site-packages/airflow/example_dags/example_task_group.py for tasks to queue
[2023-03-03T16:05:30.184+0100] {logging_mixin.py:137} INFO - [2023-03-03T16:05:30.184+0100] {dagbag.py:537} INFO - Filling up the DagBag from /Users/uab910/dev/nnam-poc/pyenv/lib/python3.10/site-packages/airflow/example_dags/example_task_group.py
[2023-03-03T16:05:30.223+0100] {processor.py:766} INFO - DAG(s) dict_keys(['example_task_group']) retrieved from /Users/uab910/dev/nnam-poc/pyenv/lib/python3.10/site-packages/airflow/example_dags/example_task_group.py
[2023-03-03T16:05:30.435+0100] {logging_mixin.py:137} INFO - [2023-03-03T16:05:30.435+0100] {dag.py:2585} INFO - Sync 1 DAGs
[2023-03-03T16:05:30.452+0100] {logging_mixin.py:137} INFO - [2023-03-03T16:05:30.452+0100] {dag.py:3336} INFO - Setting next_dagrun for example_task_group to 2023-03-02T15:05:30.451931+00:00, run_after=2023-03-03T15:05:30.451931+00:00
[2023-03-03T16:05:30.469+0100] {processor.py:176} INFO - Processing /Users/uab910/dev/nnam-poc/pyenv/lib/python3.10/site-packages/airflow/example_dags/example_task_group.py took 0.293 seconds
[2023-03-03T16:06:50.654+0100] {processor.py:154} INFO - Started process (PID=57382) to work on /Users/uab910/dev/nnam-poc/pyenv/lib/python3.10/site-packages/airflow/example_dags/example_task_group.py
[2023-03-03T16:06:50.659+0100] {processor.py:756} INFO - Processing file /Users/uab910/dev/nnam-poc/pyenv/lib/python3.10/site-packages/airflow/example_dags/example_task_group.py for tasks to queue
[2023-03-03T16:06:50.659+0100] {logging_mixin.py:137} INFO - [2023-03-03T16:06:50.659+0100] {dagbag.py:537} INFO - Filling up the DagBag from /Users/uab910/dev/nnam-poc/pyenv/lib/python3.10/site-packages/airflow/example_dags/example_task_group.py
[2023-03-03T16:06:50.700+0100] {processor.py:766} INFO - DAG(s) dict_keys(['example_task_group']) retrieved from /Users/uab910/dev/nnam-poc/pyenv/lib/python3.10/site-packages/airflow/example_dags/example_task_group.py
[2023-03-03T16:06:50.877+0100] {logging_mixin.py:137} INFO - [2023-03-03T16:06:50.877+0100] {dag.py:2585} INFO - Sync 1 DAGs
[2023-03-03T16:06:50.890+0100] {logging_mixin.py:137} INFO - [2023-03-03T16:06:50.890+0100] {dag.py:3336} INFO - Setting next_dagrun for example_task_group to 2023-03-02T15:06:50.890230+00:00, run_after=2023-03-03T15:06:50.890230+00:00
[2023-03-03T16:06:50.905+0100] {processor.py:176} INFO - Processing /Users/uab910/dev/nnam-poc/pyenv/lib/python3.10/site-packages/airflow/example_dags/example_task_group.py took 0.253 seconds
[2023-03-03T16:08:11.363+0100] {processor.py:154} INFO - Started process (PID=57435) to work on /Users/uab910/dev/nnam-poc/pyenv/lib/python3.10/site-packages/airflow/example_dags/example_task_group.py
[2023-03-03T16:08:11.368+0100] {processor.py:756} INFO - Processing file /Users/uab910/dev/nnam-poc/pyenv/lib/python3.10/site-packages/airflow/example_dags/example_task_group.py for tasks to queue
[2023-03-03T16:08:11.368+0100] {logging_mixin.py:137} INFO - [2023-03-03T16:08:11.368+0100] {dagbag.py:537} INFO - Filling up the DagBag from /Users/uab910/dev/nnam-poc/pyenv/lib/python3.10/site-packages/airflow/example_dags/example_task_group.py
[2023-03-03T16:08:11.403+0100] {processor.py:766} INFO - DAG(s) dict_keys(['example_task_group']) retrieved from /Users/uab910/dev/nnam-poc/pyenv/lib/python3.10/site-packages/airflow/example_dags/example_task_group.py
[2023-03-03T16:08:11.579+0100] {logging_mixin.py:137} INFO - [2023-03-03T16:08:11.579+0100] {dag.py:2585} INFO - Sync 1 DAGs
[2023-03-03T16:08:11.593+0100] {logging_mixin.py:137} INFO - [2023-03-03T16:08:11.592+0100] {dag.py:3336} INFO - Setting next_dagrun for example_task_group to 2023-03-02T15:08:11.592837+00:00, run_after=2023-03-03T15:08:11.592837+00:00
[2023-03-03T16:08:11.611+0100] {processor.py:176} INFO - Processing /Users/uab910/dev/nnam-poc/pyenv/lib/python3.10/site-packages/airflow/example_dags/example_task_group.py took 0.249 seconds
[2023-03-03T16:09:27.822+0100] {processor.py:154} INFO - Started process (PID=57492) to work on /Users/uab910/dev/nnam-poc/pyenv/lib/python3.10/site-packages/airflow/example_dags/example_task_group.py
[2023-03-03T16:09:27.828+0100] {processor.py:756} INFO - Processing file /Users/uab910/dev/nnam-poc/pyenv/lib/python3.10/site-packages/airflow/example_dags/example_task_group.py for tasks to queue
[2023-03-03T16:09:27.828+0100] {logging_mixin.py:137} INFO - [2023-03-03T16:09:27.828+0100] {dagbag.py:537} INFO - Filling up the DagBag from /Users/uab910/dev/nnam-poc/pyenv/lib/python3.10/site-packages/airflow/example_dags/example_task_group.py
[2023-03-03T16:09:27.869+0100] {processor.py:766} INFO - DAG(s) dict_keys(['example_task_group']) retrieved from /Users/uab910/dev/nnam-poc/pyenv/lib/python3.10/site-packages/airflow/example_dags/example_task_group.py
[2023-03-03T16:09:28.067+0100] {logging_mixin.py:137} INFO - [2023-03-03T16:09:28.067+0100] {dag.py:2585} INFO - Sync 1 DAGs
[2023-03-03T16:09:28.081+0100] {logging_mixin.py:137} INFO - [2023-03-03T16:09:28.081+0100] {dag.py:3336} INFO - Setting next_dagrun for example_task_group to 2023-03-02T15:09:28.081655+00:00, run_after=2023-03-03T15:09:28.081655+00:00
[2023-03-03T16:09:28.097+0100] {processor.py:176} INFO - Processing /Users/uab910/dev/nnam-poc/pyenv/lib/python3.10/site-packages/airflow/example_dags/example_task_group.py took 0.277 seconds
[2023-03-03T16:10:44.499+0100] {processor.py:154} INFO - Started process (PID=57532) to work on /Users/uab910/dev/nnam-poc/pyenv/lib/python3.10/site-packages/airflow/example_dags/example_task_group.py
[2023-03-03T16:10:44.505+0100] {processor.py:756} INFO - Processing file /Users/uab910/dev/nnam-poc/pyenv/lib/python3.10/site-packages/airflow/example_dags/example_task_group.py for tasks to queue
[2023-03-03T16:10:44.505+0100] {logging_mixin.py:137} INFO - [2023-03-03T16:10:44.505+0100] {dagbag.py:537} INFO - Filling up the DagBag from /Users/uab910/dev/nnam-poc/pyenv/lib/python3.10/site-packages/airflow/example_dags/example_task_group.py
[2023-03-03T16:10:44.544+0100] {processor.py:766} INFO - DAG(s) dict_keys(['example_task_group']) retrieved from /Users/uab910/dev/nnam-poc/pyenv/lib/python3.10/site-packages/airflow/example_dags/example_task_group.py
[2023-03-03T16:10:44.747+0100] {logging_mixin.py:137} INFO - [2023-03-03T16:10:44.746+0100] {dag.py:2585} INFO - Sync 1 DAGs
[2023-03-03T16:10:44.761+0100] {logging_mixin.py:137} INFO - [2023-03-03T16:10:44.761+0100] {dag.py:3336} INFO - Setting next_dagrun for example_task_group to 2023-03-02T15:10:44.761653+00:00, run_after=2023-03-03T15:10:44.761653+00:00
[2023-03-03T16:10:44.782+0100] {processor.py:176} INFO - Processing /Users/uab910/dev/nnam-poc/pyenv/lib/python3.10/site-packages/airflow/example_dags/example_task_group.py took 0.284 seconds
[2023-03-03T16:12:02.604+0100] {processor.py:154} INFO - Started process (PID=57577) to work on /Users/uab910/dev/nnam-poc/pyenv/lib/python3.10/site-packages/airflow/example_dags/example_task_group.py
[2023-03-03T16:12:02.610+0100] {processor.py:756} INFO - Processing file /Users/uab910/dev/nnam-poc/pyenv/lib/python3.10/site-packages/airflow/example_dags/example_task_group.py for tasks to queue
[2023-03-03T16:12:02.611+0100] {logging_mixin.py:137} INFO - [2023-03-03T16:12:02.611+0100] {dagbag.py:537} INFO - Filling up the DagBag from /Users/uab910/dev/nnam-poc/pyenv/lib/python3.10/site-packages/airflow/example_dags/example_task_group.py
[2023-03-03T16:12:02.651+0100] {processor.py:766} INFO - DAG(s) dict_keys(['example_task_group']) retrieved from /Users/uab910/dev/nnam-poc/pyenv/lib/python3.10/site-packages/airflow/example_dags/example_task_group.py
[2023-03-03T16:12:02.869+0100] {logging_mixin.py:137} INFO - [2023-03-03T16:12:02.869+0100] {dag.py:2585} INFO - Sync 1 DAGs
[2023-03-03T16:12:02.884+0100] {logging_mixin.py:137} INFO - [2023-03-03T16:12:02.884+0100] {dag.py:3336} INFO - Setting next_dagrun for example_task_group to 2023-03-02T15:12:02.884319+00:00, run_after=2023-03-03T15:12:02.884319+00:00
[2023-03-03T16:12:02.900+0100] {processor.py:176} INFO - Processing /Users/uab910/dev/nnam-poc/pyenv/lib/python3.10/site-packages/airflow/example_dags/example_task_group.py took 0.297 seconds
[2023-03-03T16:13:15.539+0100] {processor.py:154} INFO - Started process (PID=57615) to work on /Users/uab910/dev/nnam-poc/pyenv/lib/python3.10/site-packages/airflow/example_dags/example_task_group.py
[2023-03-03T16:13:15.545+0100] {processor.py:756} INFO - Processing file /Users/uab910/dev/nnam-poc/pyenv/lib/python3.10/site-packages/airflow/example_dags/example_task_group.py for tasks to queue
[2023-03-03T16:13:15.546+0100] {logging_mixin.py:137} INFO - [2023-03-03T16:13:15.546+0100] {dagbag.py:537} INFO - Filling up the DagBag from /Users/uab910/dev/nnam-poc/pyenv/lib/python3.10/site-packages/airflow/example_dags/example_task_group.py
[2023-03-03T16:13:15.581+0100] {processor.py:766} INFO - DAG(s) dict_keys(['example_task_group']) retrieved from /Users/uab910/dev/nnam-poc/pyenv/lib/python3.10/site-packages/airflow/example_dags/example_task_group.py
[2023-03-03T16:13:15.765+0100] {logging_mixin.py:137} INFO - [2023-03-03T16:13:15.765+0100] {dag.py:2585} INFO - Sync 1 DAGs
[2023-03-03T16:13:15.779+0100] {logging_mixin.py:137} INFO - [2023-03-03T16:13:15.779+0100] {dag.py:3336} INFO - Setting next_dagrun for example_task_group to 2023-03-02T15:13:15.778943+00:00, run_after=2023-03-03T15:13:15.778943+00:00
[2023-03-03T16:13:15.795+0100] {processor.py:176} INFO - Processing /Users/uab910/dev/nnam-poc/pyenv/lib/python3.10/site-packages/airflow/example_dags/example_task_group.py took 0.257 seconds
[2023-03-03T16:14:31.554+0100] {processor.py:154} INFO - Started process (PID=57677) to work on /Users/uab910/dev/nnam-poc/pyenv/lib/python3.10/site-packages/airflow/example_dags/example_task_group.py
[2023-03-03T16:14:31.558+0100] {processor.py:756} INFO - Processing file /Users/uab910/dev/nnam-poc/pyenv/lib/python3.10/site-packages/airflow/example_dags/example_task_group.py for tasks to queue
[2023-03-03T16:14:31.559+0100] {logging_mixin.py:137} INFO - [2023-03-03T16:14:31.559+0100] {dagbag.py:537} INFO - Filling up the DagBag from /Users/uab910/dev/nnam-poc/pyenv/lib/python3.10/site-packages/airflow/example_dags/example_task_group.py
[2023-03-03T16:14:31.592+0100] {processor.py:766} INFO - DAG(s) dict_keys(['example_task_group']) retrieved from /Users/uab910/dev/nnam-poc/pyenv/lib/python3.10/site-packages/airflow/example_dags/example_task_group.py
[2023-03-03T16:14:31.764+0100] {logging_mixin.py:137} INFO - [2023-03-03T16:14:31.764+0100] {dag.py:2585} INFO - Sync 1 DAGs
[2023-03-03T16:14:31.776+0100] {logging_mixin.py:137} INFO - [2023-03-03T16:14:31.776+0100] {dag.py:3336} INFO - Setting next_dagrun for example_task_group to 2023-03-02T15:14:31.776665+00:00, run_after=2023-03-03T15:14:31.776665+00:00
[2023-03-03T16:14:31.791+0100] {processor.py:176} INFO - Processing /Users/uab910/dev/nnam-poc/pyenv/lib/python3.10/site-packages/airflow/example_dags/example_task_group.py took 0.238 seconds
[2023-03-03T16:15:48.769+0100] {processor.py:154} INFO - Started process (PID=57740) to work on /Users/uab910/dev/nnam-poc/pyenv/lib/python3.10/site-packages/airflow/example_dags/example_task_group.py
[2023-03-03T16:15:48.775+0100] {processor.py:756} INFO - Processing file /Users/uab910/dev/nnam-poc/pyenv/lib/python3.10/site-packages/airflow/example_dags/example_task_group.py for tasks to queue
[2023-03-03T16:15:48.775+0100] {logging_mixin.py:137} INFO - [2023-03-03T16:15:48.775+0100] {dagbag.py:537} INFO - Filling up the DagBag from /Users/uab910/dev/nnam-poc/pyenv/lib/python3.10/site-packages/airflow/example_dags/example_task_group.py
[2023-03-03T16:15:48.814+0100] {processor.py:766} INFO - DAG(s) dict_keys(['example_task_group']) retrieved from /Users/uab910/dev/nnam-poc/pyenv/lib/python3.10/site-packages/airflow/example_dags/example_task_group.py
[2023-03-03T16:15:49.010+0100] {logging_mixin.py:137} INFO - [2023-03-03T16:15:49.010+0100] {dag.py:2585} INFO - Sync 1 DAGs
[2023-03-03T16:15:49.024+0100] {logging_mixin.py:137} INFO - [2023-03-03T16:15:49.024+0100] {dag.py:3336} INFO - Setting next_dagrun for example_task_group to 2023-03-02T15:15:49.024150+00:00, run_after=2023-03-03T15:15:49.024150+00:00
[2023-03-03T16:15:49.040+0100] {processor.py:176} INFO - Processing /Users/uab910/dev/nnam-poc/pyenv/lib/python3.10/site-packages/airflow/example_dags/example_task_group.py took 0.272 seconds
[2023-03-03T16:17:08.650+0100] {processor.py:154} INFO - Started process (PID=57829) to work on /Users/uab910/dev/nnam-poc/pyenv/lib/python3.10/site-packages/airflow/example_dags/example_task_group.py
[2023-03-03T16:17:08.656+0100] {processor.py:756} INFO - Processing file /Users/uab910/dev/nnam-poc/pyenv/lib/python3.10/site-packages/airflow/example_dags/example_task_group.py for tasks to queue
[2023-03-03T16:17:08.656+0100] {logging_mixin.py:137} INFO - [2023-03-03T16:17:08.656+0100] {dagbag.py:537} INFO - Filling up the DagBag from /Users/uab910/dev/nnam-poc/pyenv/lib/python3.10/site-packages/airflow/example_dags/example_task_group.py
[2023-03-03T16:17:08.692+0100] {processor.py:766} INFO - DAG(s) dict_keys(['example_task_group']) retrieved from /Users/uab910/dev/nnam-poc/pyenv/lib/python3.10/site-packages/airflow/example_dags/example_task_group.py
[2023-03-03T16:17:08.863+0100] {logging_mixin.py:137} INFO - [2023-03-03T16:17:08.863+0100] {dag.py:2585} INFO - Sync 1 DAGs
[2023-03-03T16:17:08.875+0100] {logging_mixin.py:137} INFO - [2023-03-03T16:17:08.875+0100] {dag.py:3336} INFO - Setting next_dagrun for example_task_group to 2023-03-02T15:17:08.875738+00:00, run_after=2023-03-03T15:17:08.875738+00:00
[2023-03-03T16:17:08.890+0100] {processor.py:176} INFO - Processing /Users/uab910/dev/nnam-poc/pyenv/lib/python3.10/site-packages/airflow/example_dags/example_task_group.py took 0.240 seconds
[2023-03-03T16:18:27.580+0100] {processor.py:154} INFO - Started process (PID=57876) to work on /Users/uab910/dev/nnam-poc/pyenv/lib/python3.10/site-packages/airflow/example_dags/example_task_group.py
[2023-03-03T16:18:27.586+0100] {processor.py:756} INFO - Processing file /Users/uab910/dev/nnam-poc/pyenv/lib/python3.10/site-packages/airflow/example_dags/example_task_group.py for tasks to queue
[2023-03-03T16:18:27.587+0100] {logging_mixin.py:137} INFO - [2023-03-03T16:18:27.587+0100] {dagbag.py:537} INFO - Filling up the DagBag from /Users/uab910/dev/nnam-poc/pyenv/lib/python3.10/site-packages/airflow/example_dags/example_task_group.py
[2023-03-03T16:18:27.624+0100] {processor.py:766} INFO - DAG(s) dict_keys(['example_task_group']) retrieved from /Users/uab910/dev/nnam-poc/pyenv/lib/python3.10/site-packages/airflow/example_dags/example_task_group.py
[2023-03-03T16:18:27.847+0100] {logging_mixin.py:137} INFO - [2023-03-03T16:18:27.847+0100] {dag.py:2585} INFO - Sync 1 DAGs
[2023-03-03T16:18:27.870+0100] {logging_mixin.py:137} INFO - [2023-03-03T16:18:27.870+0100] {dag.py:3336} INFO - Setting next_dagrun for example_task_group to 2023-03-02T15:18:27.870018+00:00, run_after=2023-03-03T15:18:27.870018+00:00
[2023-03-03T16:18:27.886+0100] {processor.py:176} INFO - Processing /Users/uab910/dev/nnam-poc/pyenv/lib/python3.10/site-packages/airflow/example_dags/example_task_group.py took 0.307 seconds
[2023-03-03T16:19:45.321+0100] {processor.py:154} INFO - Started process (PID=57936) to work on /Users/uab910/dev/nnam-poc/pyenv/lib/python3.10/site-packages/airflow/example_dags/example_task_group.py
[2023-03-03T16:19:45.327+0100] {processor.py:756} INFO - Processing file /Users/uab910/dev/nnam-poc/pyenv/lib/python3.10/site-packages/airflow/example_dags/example_task_group.py for tasks to queue
[2023-03-03T16:19:45.327+0100] {logging_mixin.py:137} INFO - [2023-03-03T16:19:45.327+0100] {dagbag.py:537} INFO - Filling up the DagBag from /Users/uab910/dev/nnam-poc/pyenv/lib/python3.10/site-packages/airflow/example_dags/example_task_group.py
[2023-03-03T16:19:45.362+0100] {processor.py:766} INFO - DAG(s) dict_keys(['example_task_group']) retrieved from /Users/uab910/dev/nnam-poc/pyenv/lib/python3.10/site-packages/airflow/example_dags/example_task_group.py
[2023-03-03T16:19:45.538+0100] {logging_mixin.py:137} INFO - [2023-03-03T16:19:45.537+0100] {dag.py:2585} INFO - Sync 1 DAGs
[2023-03-03T16:19:45.552+0100] {logging_mixin.py:137} INFO - [2023-03-03T16:19:45.552+0100] {dag.py:3336} INFO - Setting next_dagrun for example_task_group to 2023-03-02T15:19:45.552303+00:00, run_after=2023-03-03T15:19:45.552303+00:00
[2023-03-03T16:19:45.568+0100] {processor.py:176} INFO - Processing /Users/uab910/dev/nnam-poc/pyenv/lib/python3.10/site-packages/airflow/example_dags/example_task_group.py took 0.248 seconds
[2023-03-03T16:21:01.019+0100] {processor.py:154} INFO - Started process (PID=58019) to work on /Users/uab910/dev/nnam-poc/pyenv/lib/python3.10/site-packages/airflow/example_dags/example_task_group.py
[2023-03-03T16:21:01.024+0100] {processor.py:756} INFO - Processing file /Users/uab910/dev/nnam-poc/pyenv/lib/python3.10/site-packages/airflow/example_dags/example_task_group.py for tasks to queue
[2023-03-03T16:21:01.024+0100] {logging_mixin.py:137} INFO - [2023-03-03T16:21:01.024+0100] {dagbag.py:537} INFO - Filling up the DagBag from /Users/uab910/dev/nnam-poc/pyenv/lib/python3.10/site-packages/airflow/example_dags/example_task_group.py
[2023-03-03T16:21:01.059+0100] {processor.py:766} INFO - DAG(s) dict_keys(['example_task_group']) retrieved from /Users/uab910/dev/nnam-poc/pyenv/lib/python3.10/site-packages/airflow/example_dags/example_task_group.py
[2023-03-03T16:21:01.265+0100] {logging_mixin.py:137} INFO - [2023-03-03T16:21:01.265+0100] {dag.py:2585} INFO - Sync 1 DAGs
[2023-03-03T16:21:01.282+0100] {logging_mixin.py:137} INFO - [2023-03-03T16:21:01.282+0100] {dag.py:3336} INFO - Setting next_dagrun for example_task_group to 2023-03-02T15:21:01.282691+00:00, run_after=2023-03-03T15:21:01.282691+00:00
[2023-03-03T16:21:01.299+0100] {processor.py:176} INFO - Processing /Users/uab910/dev/nnam-poc/pyenv/lib/python3.10/site-packages/airflow/example_dags/example_task_group.py took 0.281 seconds
[2023-03-03T16:22:24.027+0100] {processor.py:154} INFO - Started process (PID=58082) to work on /Users/uab910/dev/nnam-poc/pyenv/lib/python3.10/site-packages/airflow/example_dags/example_task_group.py
[2023-03-03T16:22:24.031+0100] {processor.py:756} INFO - Processing file /Users/uab910/dev/nnam-poc/pyenv/lib/python3.10/site-packages/airflow/example_dags/example_task_group.py for tasks to queue
[2023-03-03T16:22:24.032+0100] {logging_mixin.py:137} INFO - [2023-03-03T16:22:24.032+0100] {dagbag.py:537} INFO - Filling up the DagBag from /Users/uab910/dev/nnam-poc/pyenv/lib/python3.10/site-packages/airflow/example_dags/example_task_group.py
[2023-03-03T16:22:24.077+0100] {processor.py:766} INFO - DAG(s) dict_keys(['example_task_group']) retrieved from /Users/uab910/dev/nnam-poc/pyenv/lib/python3.10/site-packages/airflow/example_dags/example_task_group.py
[2023-03-03T16:22:24.253+0100] {logging_mixin.py:137} INFO - [2023-03-03T16:22:24.253+0100] {dag.py:2585} INFO - Sync 1 DAGs
[2023-03-03T16:22:24.267+0100] {logging_mixin.py:137} INFO - [2023-03-03T16:22:24.267+0100] {dag.py:3336} INFO - Setting next_dagrun for example_task_group to 2023-03-02T15:22:24.267502+00:00, run_after=2023-03-03T15:22:24.267502+00:00
[2023-03-03T16:22:24.282+0100] {processor.py:176} INFO - Processing /Users/uab910/dev/nnam-poc/pyenv/lib/python3.10/site-packages/airflow/example_dags/example_task_group.py took 0.256 seconds
[2023-03-03T16:23:39.348+0100] {processor.py:154} INFO - Started process (PID=58162) to work on /Users/uab910/dev/nnam-poc/pyenv/lib/python3.10/site-packages/airflow/example_dags/example_task_group.py
[2023-03-03T16:23:39.353+0100] {processor.py:756} INFO - Processing file /Users/uab910/dev/nnam-poc/pyenv/lib/python3.10/site-packages/airflow/example_dags/example_task_group.py for tasks to queue
[2023-03-03T16:23:39.354+0100] {logging_mixin.py:137} INFO - [2023-03-03T16:23:39.354+0100] {dagbag.py:537} INFO - Filling up the DagBag from /Users/uab910/dev/nnam-poc/pyenv/lib/python3.10/site-packages/airflow/example_dags/example_task_group.py
[2023-03-03T16:23:39.385+0100] {processor.py:766} INFO - DAG(s) dict_keys(['example_task_group']) retrieved from /Users/uab910/dev/nnam-poc/pyenv/lib/python3.10/site-packages/airflow/example_dags/example_task_group.py
[2023-03-03T16:23:39.557+0100] {logging_mixin.py:137} INFO - [2023-03-03T16:23:39.557+0100] {dag.py:2585} INFO - Sync 1 DAGs
[2023-03-03T16:23:39.569+0100] {logging_mixin.py:137} INFO - [2023-03-03T16:23:39.569+0100] {dag.py:3336} INFO - Setting next_dagrun for example_task_group to 2023-03-02T15:23:39.569666+00:00, run_after=2023-03-03T15:23:39.569666+00:00
[2023-03-03T16:23:39.584+0100] {processor.py:176} INFO - Processing /Users/uab910/dev/nnam-poc/pyenv/lib/python3.10/site-packages/airflow/example_dags/example_task_group.py took 0.236 seconds
[2023-03-03T16:24:56.528+0100] {processor.py:154} INFO - Started process (PID=58209) to work on /Users/uab910/dev/nnam-poc/pyenv/lib/python3.10/site-packages/airflow/example_dags/example_task_group.py
[2023-03-03T16:24:56.534+0100] {processor.py:756} INFO - Processing file /Users/uab910/dev/nnam-poc/pyenv/lib/python3.10/site-packages/airflow/example_dags/example_task_group.py for tasks to queue
[2023-03-03T16:24:56.534+0100] {logging_mixin.py:137} INFO - [2023-03-03T16:24:56.534+0100] {dagbag.py:537} INFO - Filling up the DagBag from /Users/uab910/dev/nnam-poc/pyenv/lib/python3.10/site-packages/airflow/example_dags/example_task_group.py
[2023-03-03T16:24:56.568+0100] {processor.py:766} INFO - DAG(s) dict_keys(['example_task_group']) retrieved from /Users/uab910/dev/nnam-poc/pyenv/lib/python3.10/site-packages/airflow/example_dags/example_task_group.py
[2023-03-03T16:24:56.744+0100] {logging_mixin.py:137} INFO - [2023-03-03T16:24:56.744+0100] {dag.py:2585} INFO - Sync 1 DAGs
[2023-03-03T16:24:56.758+0100] {logging_mixin.py:137} INFO - [2023-03-03T16:24:56.758+0100] {dag.py:3336} INFO - Setting next_dagrun for example_task_group to 2023-03-02T15:24:56.758230+00:00, run_after=2023-03-03T15:24:56.758230+00:00
[2023-03-03T16:24:56.775+0100] {processor.py:176} INFO - Processing /Users/uab910/dev/nnam-poc/pyenv/lib/python3.10/site-packages/airflow/example_dags/example_task_group.py took 0.247 seconds
[2023-03-03T16:26:10.714+0100] {processor.py:154} INFO - Started process (PID=58248) to work on /Users/uab910/dev/nnam-poc/pyenv/lib/python3.10/site-packages/airflow/example_dags/example_task_group.py
[2023-03-03T16:26:10.718+0100] {processor.py:756} INFO - Processing file /Users/uab910/dev/nnam-poc/pyenv/lib/python3.10/site-packages/airflow/example_dags/example_task_group.py for tasks to queue
[2023-03-03T16:26:10.719+0100] {logging_mixin.py:137} INFO - [2023-03-03T16:26:10.719+0100] {dagbag.py:537} INFO - Filling up the DagBag from /Users/uab910/dev/nnam-poc/pyenv/lib/python3.10/site-packages/airflow/example_dags/example_task_group.py
[2023-03-03T16:26:10.754+0100] {processor.py:766} INFO - DAG(s) dict_keys(['example_task_group']) retrieved from /Users/uab910/dev/nnam-poc/pyenv/lib/python3.10/site-packages/airflow/example_dags/example_task_group.py
[2023-03-03T16:26:10.957+0100] {logging_mixin.py:137} INFO - [2023-03-03T16:26:10.956+0100] {dag.py:2585} INFO - Sync 1 DAGs
[2023-03-03T16:26:10.970+0100] {logging_mixin.py:137} INFO - [2023-03-03T16:26:10.970+0100] {dag.py:3336} INFO - Setting next_dagrun for example_task_group to 2023-03-02T15:26:10.970085+00:00, run_after=2023-03-03T15:26:10.970085+00:00
[2023-03-03T16:26:10.983+0100] {processor.py:176} INFO - Processing /Users/uab910/dev/nnam-poc/pyenv/lib/python3.10/site-packages/airflow/example_dags/example_task_group.py took 0.270 seconds
[2023-03-03T16:27:24.822+0100] {processor.py:154} INFO - Started process (PID=58298) to work on /Users/uab910/dev/nnam-poc/pyenv/lib/python3.10/site-packages/airflow/example_dags/example_task_group.py
[2023-03-03T16:27:24.827+0100] {processor.py:756} INFO - Processing file /Users/uab910/dev/nnam-poc/pyenv/lib/python3.10/site-packages/airflow/example_dags/example_task_group.py for tasks to queue
[2023-03-03T16:27:24.828+0100] {logging_mixin.py:137} INFO - [2023-03-03T16:27:24.827+0100] {dagbag.py:537} INFO - Filling up the DagBag from /Users/uab910/dev/nnam-poc/pyenv/lib/python3.10/site-packages/airflow/example_dags/example_task_group.py
[2023-03-03T16:27:24.865+0100] {processor.py:766} INFO - DAG(s) dict_keys(['example_task_group']) retrieved from /Users/uab910/dev/nnam-poc/pyenv/lib/python3.10/site-packages/airflow/example_dags/example_task_group.py
[2023-03-03T16:27:25.067+0100] {logging_mixin.py:137} INFO - [2023-03-03T16:27:25.067+0100] {dag.py:2585} INFO - Sync 1 DAGs
[2023-03-03T16:27:25.085+0100] {logging_mixin.py:137} INFO - [2023-03-03T16:27:25.085+0100] {dag.py:3336} INFO - Setting next_dagrun for example_task_group to 2023-03-02T15:27:25.085023+00:00, run_after=2023-03-03T15:27:25.085023+00:00
[2023-03-03T16:27:25.103+0100] {processor.py:176} INFO - Processing /Users/uab910/dev/nnam-poc/pyenv/lib/python3.10/site-packages/airflow/example_dags/example_task_group.py took 0.282 seconds
[2023-03-03T16:28:40.451+0100] {processor.py:154} INFO - Started process (PID=58336) to work on /Users/uab910/dev/nnam-poc/pyenv/lib/python3.10/site-packages/airflow/example_dags/example_task_group.py
[2023-03-03T16:28:40.457+0100] {processor.py:756} INFO - Processing file /Users/uab910/dev/nnam-poc/pyenv/lib/python3.10/site-packages/airflow/example_dags/example_task_group.py for tasks to queue
[2023-03-03T16:28:40.457+0100] {logging_mixin.py:137} INFO - [2023-03-03T16:28:40.457+0100] {dagbag.py:537} INFO - Filling up the DagBag from /Users/uab910/dev/nnam-poc/pyenv/lib/python3.10/site-packages/airflow/example_dags/example_task_group.py
[2023-03-03T16:28:40.497+0100] {processor.py:766} INFO - DAG(s) dict_keys(['example_task_group']) retrieved from /Users/uab910/dev/nnam-poc/pyenv/lib/python3.10/site-packages/airflow/example_dags/example_task_group.py
[2023-03-03T16:28:40.693+0100] {logging_mixin.py:137} INFO - [2023-03-03T16:28:40.692+0100] {dag.py:2585} INFO - Sync 1 DAGs
[2023-03-03T16:28:40.708+0100] {logging_mixin.py:137} INFO - [2023-03-03T16:28:40.708+0100] {dag.py:3336} INFO - Setting next_dagrun for example_task_group to 2023-03-02T15:28:40.708534+00:00, run_after=2023-03-03T15:28:40.708534+00:00
[2023-03-03T16:28:40.724+0100] {processor.py:176} INFO - Processing /Users/uab910/dev/nnam-poc/pyenv/lib/python3.10/site-packages/airflow/example_dags/example_task_group.py took 0.274 seconds
[2023-03-03T16:29:56.811+0100] {processor.py:154} INFO - Started process (PID=58382) to work on /Users/uab910/dev/nnam-poc/pyenv/lib/python3.10/site-packages/airflow/example_dags/example_task_group.py
[2023-03-03T16:29:56.816+0100] {processor.py:756} INFO - Processing file /Users/uab910/dev/nnam-poc/pyenv/lib/python3.10/site-packages/airflow/example_dags/example_task_group.py for tasks to queue
[2023-03-03T16:29:56.817+0100] {logging_mixin.py:137} INFO - [2023-03-03T16:29:56.817+0100] {dagbag.py:537} INFO - Filling up the DagBag from /Users/uab910/dev/nnam-poc/pyenv/lib/python3.10/site-packages/airflow/example_dags/example_task_group.py
[2023-03-03T16:29:56.854+0100] {processor.py:766} INFO - DAG(s) dict_keys(['example_task_group']) retrieved from /Users/uab910/dev/nnam-poc/pyenv/lib/python3.10/site-packages/airflow/example_dags/example_task_group.py
[2023-03-03T16:29:57.052+0100] {logging_mixin.py:137} INFO - [2023-03-03T16:29:57.051+0100] {dag.py:2585} INFO - Sync 1 DAGs
[2023-03-03T16:29:57.066+0100] {logging_mixin.py:137} INFO - [2023-03-03T16:29:57.066+0100] {dag.py:3336} INFO - Setting next_dagrun for example_task_group to 2023-03-02T15:29:57.065966+00:00, run_after=2023-03-03T15:29:57.065966+00:00
[2023-03-03T16:29:57.081+0100] {processor.py:176} INFO - Processing /Users/uab910/dev/nnam-poc/pyenv/lib/python3.10/site-packages/airflow/example_dags/example_task_group.py took 0.271 seconds
[2023-03-03T16:31:13.436+0100] {processor.py:154} INFO - Started process (PID=58425) to work on /Users/uab910/dev/nnam-poc/pyenv/lib/python3.10/site-packages/airflow/example_dags/example_task_group.py
[2023-03-03T16:31:13.443+0100] {processor.py:756} INFO - Processing file /Users/uab910/dev/nnam-poc/pyenv/lib/python3.10/site-packages/airflow/example_dags/example_task_group.py for tasks to queue
[2023-03-03T16:31:13.443+0100] {logging_mixin.py:137} INFO - [2023-03-03T16:31:13.443+0100] {dagbag.py:537} INFO - Filling up the DagBag from /Users/uab910/dev/nnam-poc/pyenv/lib/python3.10/site-packages/airflow/example_dags/example_task_group.py
[2023-03-03T16:31:13.480+0100] {processor.py:766} INFO - DAG(s) dict_keys(['example_task_group']) retrieved from /Users/uab910/dev/nnam-poc/pyenv/lib/python3.10/site-packages/airflow/example_dags/example_task_group.py
[2023-03-03T16:31:13.658+0100] {logging_mixin.py:137} INFO - [2023-03-03T16:31:13.658+0100] {dag.py:2585} INFO - Sync 1 DAGs
[2023-03-03T16:31:13.671+0100] {logging_mixin.py:137} INFO - [2023-03-03T16:31:13.671+0100] {dag.py:3336} INFO - Setting next_dagrun for example_task_group to 2023-03-02T15:31:13.671316+00:00, run_after=2023-03-03T15:31:13.671316+00:00
[2023-03-03T16:31:13.687+0100] {processor.py:176} INFO - Processing /Users/uab910/dev/nnam-poc/pyenv/lib/python3.10/site-packages/airflow/example_dags/example_task_group.py took 0.252 seconds
[2023-03-03T16:32:29.524+0100] {processor.py:154} INFO - Started process (PID=58461) to work on /Users/uab910/dev/nnam-poc/pyenv/lib/python3.10/site-packages/airflow/example_dags/example_task_group.py
[2023-03-03T16:32:29.528+0100] {processor.py:756} INFO - Processing file /Users/uab910/dev/nnam-poc/pyenv/lib/python3.10/site-packages/airflow/example_dags/example_task_group.py for tasks to queue
[2023-03-03T16:32:29.528+0100] {logging_mixin.py:137} INFO - [2023-03-03T16:32:29.528+0100] {dagbag.py:537} INFO - Filling up the DagBag from /Users/uab910/dev/nnam-poc/pyenv/lib/python3.10/site-packages/airflow/example_dags/example_task_group.py
[2023-03-03T16:32:29.561+0100] {processor.py:766} INFO - DAG(s) dict_keys(['example_task_group']) retrieved from /Users/uab910/dev/nnam-poc/pyenv/lib/python3.10/site-packages/airflow/example_dags/example_task_group.py
[2023-03-03T16:32:29.730+0100] {logging_mixin.py:137} INFO - [2023-03-03T16:32:29.730+0100] {dag.py:2585} INFO - Sync 1 DAGs
[2023-03-03T16:32:29.743+0100] {logging_mixin.py:137} INFO - [2023-03-03T16:32:29.742+0100] {dag.py:3336} INFO - Setting next_dagrun for example_task_group to 2023-03-02T15:32:29.742853+00:00, run_after=2023-03-03T15:32:29.742853+00:00
[2023-03-03T16:32:29.757+0100] {processor.py:176} INFO - Processing /Users/uab910/dev/nnam-poc/pyenv/lib/python3.10/site-packages/airflow/example_dags/example_task_group.py took 0.233 seconds
[2023-03-03T16:33:45.693+0100] {processor.py:154} INFO - Started process (PID=58515) to work on /Users/uab910/dev/nnam-poc/pyenv/lib/python3.10/site-packages/airflow/example_dags/example_task_group.py
[2023-03-03T16:33:45.699+0100] {processor.py:756} INFO - Processing file /Users/uab910/dev/nnam-poc/pyenv/lib/python3.10/site-packages/airflow/example_dags/example_task_group.py for tasks to queue
[2023-03-03T16:33:45.700+0100] {logging_mixin.py:137} INFO - [2023-03-03T16:33:45.700+0100] {dagbag.py:537} INFO - Filling up the DagBag from /Users/uab910/dev/nnam-poc/pyenv/lib/python3.10/site-packages/airflow/example_dags/example_task_group.py
[2023-03-03T16:33:45.737+0100] {processor.py:766} INFO - DAG(s) dict_keys(['example_task_group']) retrieved from /Users/uab910/dev/nnam-poc/pyenv/lib/python3.10/site-packages/airflow/example_dags/example_task_group.py
[2023-03-03T16:33:45.948+0100] {logging_mixin.py:137} INFO - [2023-03-03T16:33:45.948+0100] {dag.py:2585} INFO - Sync 1 DAGs
[2023-03-03T16:33:45.965+0100] {logging_mixin.py:137} INFO - [2023-03-03T16:33:45.965+0100] {dag.py:3336} INFO - Setting next_dagrun for example_task_group to 2023-03-02T15:33:45.964921+00:00, run_after=2023-03-03T15:33:45.964921+00:00
[2023-03-03T16:33:45.983+0100] {processor.py:176} INFO - Processing /Users/uab910/dev/nnam-poc/pyenv/lib/python3.10/site-packages/airflow/example_dags/example_task_group.py took 0.290 seconds
[2023-03-03T16:35:03.044+0100] {processor.py:154} INFO - Started process (PID=58567) to work on /Users/uab910/dev/nnam-poc/pyenv/lib/python3.10/site-packages/airflow/example_dags/example_task_group.py
[2023-03-03T16:35:03.050+0100] {processor.py:756} INFO - Processing file /Users/uab910/dev/nnam-poc/pyenv/lib/python3.10/site-packages/airflow/example_dags/example_task_group.py for tasks to queue
[2023-03-03T16:35:03.050+0100] {logging_mixin.py:137} INFO - [2023-03-03T16:35:03.050+0100] {dagbag.py:537} INFO - Filling up the DagBag from /Users/uab910/dev/nnam-poc/pyenv/lib/python3.10/site-packages/airflow/example_dags/example_task_group.py
[2023-03-03T16:35:03.087+0100] {processor.py:766} INFO - DAG(s) dict_keys(['example_task_group']) retrieved from /Users/uab910/dev/nnam-poc/pyenv/lib/python3.10/site-packages/airflow/example_dags/example_task_group.py
[2023-03-03T16:35:03.268+0100] {logging_mixin.py:137} INFO - [2023-03-03T16:35:03.267+0100] {dag.py:2585} INFO - Sync 1 DAGs
[2023-03-03T16:35:03.281+0100] {logging_mixin.py:137} INFO - [2023-03-03T16:35:03.281+0100] {dag.py:3336} INFO - Setting next_dagrun for example_task_group to 2023-03-02T15:35:03.281597+00:00, run_after=2023-03-03T15:35:03.281597+00:00
[2023-03-03T16:35:03.297+0100] {processor.py:176} INFO - Processing /Users/uab910/dev/nnam-poc/pyenv/lib/python3.10/site-packages/airflow/example_dags/example_task_group.py took 0.253 seconds
[2023-03-03T16:36:19.995+0100] {processor.py:154} INFO - Started process (PID=58612) to work on /Users/uab910/dev/nnam-poc/pyenv/lib/python3.10/site-packages/airflow/example_dags/example_task_group.py
[2023-03-03T16:36:20.001+0100] {processor.py:756} INFO - Processing file /Users/uab910/dev/nnam-poc/pyenv/lib/python3.10/site-packages/airflow/example_dags/example_task_group.py for tasks to queue
[2023-03-03T16:36:20.001+0100] {logging_mixin.py:137} INFO - [2023-03-03T16:36:20.001+0100] {dagbag.py:537} INFO - Filling up the DagBag from /Users/uab910/dev/nnam-poc/pyenv/lib/python3.10/site-packages/airflow/example_dags/example_task_group.py
[2023-03-03T16:36:20.039+0100] {processor.py:766} INFO - DAG(s) dict_keys(['example_task_group']) retrieved from /Users/uab910/dev/nnam-poc/pyenv/lib/python3.10/site-packages/airflow/example_dags/example_task_group.py
[2023-03-03T16:36:20.211+0100] {logging_mixin.py:137} INFO - [2023-03-03T16:36:20.211+0100] {dag.py:2585} INFO - Sync 1 DAGs
[2023-03-03T16:36:20.224+0100] {logging_mixin.py:137} INFO - [2023-03-03T16:36:20.224+0100] {dag.py:3336} INFO - Setting next_dagrun for example_task_group to 2023-03-02T15:36:20.224424+00:00, run_after=2023-03-03T15:36:20.224424+00:00
[2023-03-03T16:36:20.239+0100] {processor.py:176} INFO - Processing /Users/uab910/dev/nnam-poc/pyenv/lib/python3.10/site-packages/airflow/example_dags/example_task_group.py took 0.245 seconds
[2023-03-03T16:37:36.311+0100] {processor.py:154} INFO - Started process (PID=58653) to work on /Users/uab910/dev/nnam-poc/pyenv/lib/python3.10/site-packages/airflow/example_dags/example_task_group.py
[2023-03-03T16:37:36.317+0100] {processor.py:756} INFO - Processing file /Users/uab910/dev/nnam-poc/pyenv/lib/python3.10/site-packages/airflow/example_dags/example_task_group.py for tasks to queue
[2023-03-03T16:37:36.318+0100] {logging_mixin.py:137} INFO - [2023-03-03T16:37:36.318+0100] {dagbag.py:537} INFO - Filling up the DagBag from /Users/uab910/dev/nnam-poc/pyenv/lib/python3.10/site-packages/airflow/example_dags/example_task_group.py
[2023-03-03T16:37:36.353+0100] {processor.py:766} INFO - DAG(s) dict_keys(['example_task_group']) retrieved from /Users/uab910/dev/nnam-poc/pyenv/lib/python3.10/site-packages/airflow/example_dags/example_task_group.py
[2023-03-03T16:37:36.526+0100] {logging_mixin.py:137} INFO - [2023-03-03T16:37:36.526+0100] {dag.py:2585} INFO - Sync 1 DAGs
[2023-03-03T16:37:36.541+0100] {logging_mixin.py:137} INFO - [2023-03-03T16:37:36.541+0100] {dag.py:3336} INFO - Setting next_dagrun for example_task_group to 2023-03-02T15:37:36.541091+00:00, run_after=2023-03-03T15:37:36.541091+00:00
[2023-03-03T16:37:36.557+0100] {processor.py:176} INFO - Processing /Users/uab910/dev/nnam-poc/pyenv/lib/python3.10/site-packages/airflow/example_dags/example_task_group.py took 0.246 seconds
[2023-03-03T16:38:54.948+0100] {processor.py:154} INFO - Started process (PID=58693) to work on /Users/uab910/dev/nnam-poc/pyenv/lib/python3.10/site-packages/airflow/example_dags/example_task_group.py
[2023-03-03T16:38:54.954+0100] {processor.py:756} INFO - Processing file /Users/uab910/dev/nnam-poc/pyenv/lib/python3.10/site-packages/airflow/example_dags/example_task_group.py for tasks to queue
[2023-03-03T16:38:54.954+0100] {logging_mixin.py:137} INFO - [2023-03-03T16:38:54.954+0100] {dagbag.py:537} INFO - Filling up the DagBag from /Users/uab910/dev/nnam-poc/pyenv/lib/python3.10/site-packages/airflow/example_dags/example_task_group.py
[2023-03-03T16:38:54.988+0100] {processor.py:766} INFO - DAG(s) dict_keys(['example_task_group']) retrieved from /Users/uab910/dev/nnam-poc/pyenv/lib/python3.10/site-packages/airflow/example_dags/example_task_group.py
[2023-03-03T16:38:55.177+0100] {logging_mixin.py:137} INFO - [2023-03-03T16:38:55.176+0100] {dag.py:2585} INFO - Sync 1 DAGs
[2023-03-03T16:38:55.193+0100] {logging_mixin.py:137} INFO - [2023-03-03T16:38:55.193+0100] {dag.py:3336} INFO - Setting next_dagrun for example_task_group to 2023-03-02T15:38:55.193361+00:00, run_after=2023-03-03T15:38:55.193361+00:00
[2023-03-03T16:38:55.214+0100] {processor.py:176} INFO - Processing /Users/uab910/dev/nnam-poc/pyenv/lib/python3.10/site-packages/airflow/example_dags/example_task_group.py took 0.266 seconds
[2023-03-03T16:40:32.692+0100] {processor.py:154} INFO - Started process (PID=58747) to work on /Users/uab910/dev/nnam-poc/pyenv/lib/python3.10/site-packages/airflow/example_dags/example_task_group.py
[2023-03-03T16:40:32.698+0100] {processor.py:756} INFO - Processing file /Users/uab910/dev/nnam-poc/pyenv/lib/python3.10/site-packages/airflow/example_dags/example_task_group.py for tasks to queue
[2023-03-03T16:40:32.699+0100] {logging_mixin.py:137} INFO - [2023-03-03T16:40:32.699+0100] {dagbag.py:537} INFO - Filling up the DagBag from /Users/uab910/dev/nnam-poc/pyenv/lib/python3.10/site-packages/airflow/example_dags/example_task_group.py
[2023-03-03T16:40:32.738+0100] {processor.py:766} INFO - DAG(s) dict_keys(['example_task_group']) retrieved from /Users/uab910/dev/nnam-poc/pyenv/lib/python3.10/site-packages/airflow/example_dags/example_task_group.py
[2023-03-03T16:40:32.950+0100] {logging_mixin.py:137} INFO - [2023-03-03T16:40:32.950+0100] {dag.py:2585} INFO - Sync 1 DAGs
[2023-03-03T16:40:32.967+0100] {logging_mixin.py:137} INFO - [2023-03-03T16:40:32.967+0100] {dag.py:3336} INFO - Setting next_dagrun for example_task_group to 2023-03-02T15:40:32.967188+00:00, run_after=2023-03-03T15:40:32.967188+00:00
[2023-03-03T16:40:32.984+0100] {processor.py:176} INFO - Processing /Users/uab910/dev/nnam-poc/pyenv/lib/python3.10/site-packages/airflow/example_dags/example_task_group.py took 0.294 seconds
[2023-03-03T16:42:02.634+0100] {processor.py:154} INFO - Started process (PID=58796) to work on /Users/uab910/dev/nnam-poc/pyenv/lib/python3.10/site-packages/airflow/example_dags/example_task_group.py
[2023-03-03T16:42:02.639+0100] {processor.py:756} INFO - Processing file /Users/uab910/dev/nnam-poc/pyenv/lib/python3.10/site-packages/airflow/example_dags/example_task_group.py for tasks to queue
[2023-03-03T16:42:02.640+0100] {logging_mixin.py:137} INFO - [2023-03-03T16:42:02.640+0100] {dagbag.py:537} INFO - Filling up the DagBag from /Users/uab910/dev/nnam-poc/pyenv/lib/python3.10/site-packages/airflow/example_dags/example_task_group.py
[2023-03-03T16:42:02.675+0100] {processor.py:766} INFO - DAG(s) dict_keys(['example_task_group']) retrieved from /Users/uab910/dev/nnam-poc/pyenv/lib/python3.10/site-packages/airflow/example_dags/example_task_group.py
[2023-03-03T16:42:02.870+0100] {logging_mixin.py:137} INFO - [2023-03-03T16:42:02.870+0100] {dag.py:2585} INFO - Sync 1 DAGs
[2023-03-03T16:42:02.887+0100] {logging_mixin.py:137} INFO - [2023-03-03T16:42:02.887+0100] {dag.py:3336} INFO - Setting next_dagrun for example_task_group to 2023-03-02T15:42:02.886895+00:00, run_after=2023-03-03T15:42:02.886895+00:00
[2023-03-03T16:42:02.905+0100] {processor.py:176} INFO - Processing /Users/uab910/dev/nnam-poc/pyenv/lib/python3.10/site-packages/airflow/example_dags/example_task_group.py took 0.271 seconds
[2023-03-03T16:43:35.647+0100] {processor.py:154} INFO - Started process (PID=58852) to work on /Users/uab910/dev/nnam-poc/pyenv/lib/python3.10/site-packages/airflow/example_dags/example_task_group.py
[2023-03-03T16:43:35.652+0100] {processor.py:756} INFO - Processing file /Users/uab910/dev/nnam-poc/pyenv/lib/python3.10/site-packages/airflow/example_dags/example_task_group.py for tasks to queue
[2023-03-03T16:43:35.652+0100] {logging_mixin.py:137} INFO - [2023-03-03T16:43:35.652+0100] {dagbag.py:537} INFO - Filling up the DagBag from /Users/uab910/dev/nnam-poc/pyenv/lib/python3.10/site-packages/airflow/example_dags/example_task_group.py
[2023-03-03T16:43:35.687+0100] {processor.py:766} INFO - DAG(s) dict_keys(['example_task_group']) retrieved from /Users/uab910/dev/nnam-poc/pyenv/lib/python3.10/site-packages/airflow/example_dags/example_task_group.py
[2023-03-03T16:43:35.872+0100] {logging_mixin.py:137} INFO - [2023-03-03T16:43:35.872+0100] {dag.py:2585} INFO - Sync 1 DAGs
[2023-03-03T16:43:35.885+0100] {logging_mixin.py:137} INFO - [2023-03-03T16:43:35.885+0100] {dag.py:3336} INFO - Setting next_dagrun for example_task_group to 2023-03-02T15:43:35.885227+00:00, run_after=2023-03-03T15:43:35.885227+00:00
[2023-03-03T16:43:35.899+0100] {processor.py:176} INFO - Processing /Users/uab910/dev/nnam-poc/pyenv/lib/python3.10/site-packages/airflow/example_dags/example_task_group.py took 0.253 seconds
[2023-03-03T16:45:11.627+0100] {processor.py:154} INFO - Started process (PID=58927) to work on /Users/uab910/dev/nnam-poc/pyenv/lib/python3.10/site-packages/airflow/example_dags/example_task_group.py
[2023-03-03T16:45:11.632+0100] {processor.py:756} INFO - Processing file /Users/uab910/dev/nnam-poc/pyenv/lib/python3.10/site-packages/airflow/example_dags/example_task_group.py for tasks to queue
[2023-03-03T16:45:11.632+0100] {logging_mixin.py:137} INFO - [2023-03-03T16:45:11.632+0100] {dagbag.py:537} INFO - Filling up the DagBag from /Users/uab910/dev/nnam-poc/pyenv/lib/python3.10/site-packages/airflow/example_dags/example_task_group.py
[2023-03-03T16:45:11.668+0100] {processor.py:766} INFO - DAG(s) dict_keys(['example_task_group']) retrieved from /Users/uab910/dev/nnam-poc/pyenv/lib/python3.10/site-packages/airflow/example_dags/example_task_group.py
[2023-03-03T16:45:11.884+0100] {logging_mixin.py:137} INFO - [2023-03-03T16:45:11.884+0100] {dag.py:2585} INFO - Sync 1 DAGs
[2023-03-03T16:45:11.901+0100] {logging_mixin.py:137} INFO - [2023-03-03T16:45:11.901+0100] {dag.py:3336} INFO - Setting next_dagrun for example_task_group to 2023-03-02T15:45:11.901131+00:00, run_after=2023-03-03T15:45:11.901131+00:00
[2023-03-03T16:45:11.920+0100] {processor.py:176} INFO - Processing /Users/uab910/dev/nnam-poc/pyenv/lib/python3.10/site-packages/airflow/example_dags/example_task_group.py took 0.294 seconds
[2023-03-03T16:46:44.745+0100] {processor.py:154} INFO - Started process (PID=58997) to work on /Users/uab910/dev/nnam-poc/pyenv/lib/python3.10/site-packages/airflow/example_dags/example_task_group.py
[2023-03-03T16:46:44.753+0100] {processor.py:756} INFO - Processing file /Users/uab910/dev/nnam-poc/pyenv/lib/python3.10/site-packages/airflow/example_dags/example_task_group.py for tasks to queue
[2023-03-03T16:46:44.754+0100] {logging_mixin.py:137} INFO - [2023-03-03T16:46:44.754+0100] {dagbag.py:537} INFO - Filling up the DagBag from /Users/uab910/dev/nnam-poc/pyenv/lib/python3.10/site-packages/airflow/example_dags/example_task_group.py
[2023-03-03T16:46:44.794+0100] {processor.py:766} INFO - DAG(s) dict_keys(['example_task_group']) retrieved from /Users/uab910/dev/nnam-poc/pyenv/lib/python3.10/site-packages/airflow/example_dags/example_task_group.py
[2023-03-03T16:46:45.003+0100] {logging_mixin.py:137} INFO - [2023-03-03T16:46:45.003+0100] {dag.py:2585} INFO - Sync 1 DAGs
[2023-03-03T16:46:45.018+0100] {logging_mixin.py:137} INFO - [2023-03-03T16:46:45.017+0100] {dag.py:3336} INFO - Setting next_dagrun for example_task_group to 2023-03-02T15:46:45.017777+00:00, run_after=2023-03-03T15:46:45.017777+00:00
[2023-03-03T16:46:45.033+0100] {processor.py:176} INFO - Processing /Users/uab910/dev/nnam-poc/pyenv/lib/python3.10/site-packages/airflow/example_dags/example_task_group.py took 0.289 seconds
[2023-03-03T16:48:15.468+0100] {processor.py:154} INFO - Started process (PID=59052) to work on /Users/uab910/dev/nnam-poc/pyenv/lib/python3.10/site-packages/airflow/example_dags/example_task_group.py
[2023-03-03T16:48:15.475+0100] {processor.py:756} INFO - Processing file /Users/uab910/dev/nnam-poc/pyenv/lib/python3.10/site-packages/airflow/example_dags/example_task_group.py for tasks to queue
[2023-03-03T16:48:15.476+0100] {logging_mixin.py:137} INFO - [2023-03-03T16:48:15.476+0100] {dagbag.py:537} INFO - Filling up the DagBag from /Users/uab910/dev/nnam-poc/pyenv/lib/python3.10/site-packages/airflow/example_dags/example_task_group.py
[2023-03-03T16:48:15.512+0100] {processor.py:766} INFO - DAG(s) dict_keys(['example_task_group']) retrieved from /Users/uab910/dev/nnam-poc/pyenv/lib/python3.10/site-packages/airflow/example_dags/example_task_group.py
[2023-03-03T16:48:15.721+0100] {logging_mixin.py:137} INFO - [2023-03-03T16:48:15.721+0100] {dag.py:2585} INFO - Sync 1 DAGs
[2023-03-03T16:48:15.737+0100] {logging_mixin.py:137} INFO - [2023-03-03T16:48:15.737+0100] {dag.py:3336} INFO - Setting next_dagrun for example_task_group to 2023-03-02T15:48:15.737223+00:00, run_after=2023-03-03T15:48:15.737223+00:00
[2023-03-03T16:48:15.755+0100] {processor.py:176} INFO - Processing /Users/uab910/dev/nnam-poc/pyenv/lib/python3.10/site-packages/airflow/example_dags/example_task_group.py took 0.288 seconds
[2023-03-03T16:49:49.435+0100] {processor.py:154} INFO - Started process (PID=59105) to work on /Users/uab910/dev/nnam-poc/pyenv/lib/python3.10/site-packages/airflow/example_dags/example_task_group.py
[2023-03-03T16:49:49.441+0100] {processor.py:756} INFO - Processing file /Users/uab910/dev/nnam-poc/pyenv/lib/python3.10/site-packages/airflow/example_dags/example_task_group.py for tasks to queue
[2023-03-03T16:49:49.441+0100] {logging_mixin.py:137} INFO - [2023-03-03T16:49:49.441+0100] {dagbag.py:537} INFO - Filling up the DagBag from /Users/uab910/dev/nnam-poc/pyenv/lib/python3.10/site-packages/airflow/example_dags/example_task_group.py
[2023-03-03T16:49:49.479+0100] {processor.py:766} INFO - DAG(s) dict_keys(['example_task_group']) retrieved from /Users/uab910/dev/nnam-poc/pyenv/lib/python3.10/site-packages/airflow/example_dags/example_task_group.py
[2023-03-03T16:49:49.677+0100] {logging_mixin.py:137} INFO - [2023-03-03T16:49:49.677+0100] {dag.py:2585} INFO - Sync 1 DAGs
[2023-03-03T16:49:49.692+0100] {logging_mixin.py:137} INFO - [2023-03-03T16:49:49.692+0100] {dag.py:3336} INFO - Setting next_dagrun for example_task_group to 2023-03-02T15:49:49.692441+00:00, run_after=2023-03-03T15:49:49.692441+00:00
[2023-03-03T16:49:49.710+0100] {processor.py:176} INFO - Processing /Users/uab910/dev/nnam-poc/pyenv/lib/python3.10/site-packages/airflow/example_dags/example_task_group.py took 0.275 seconds
[2023-03-03T16:51:22.635+0100] {processor.py:154} INFO - Started process (PID=59171) to work on /Users/uab910/dev/nnam-poc/pyenv/lib/python3.10/site-packages/airflow/example_dags/example_task_group.py
[2023-03-03T16:51:22.640+0100] {processor.py:756} INFO - Processing file /Users/uab910/dev/nnam-poc/pyenv/lib/python3.10/site-packages/airflow/example_dags/example_task_group.py for tasks to queue
[2023-03-03T16:51:22.641+0100] {logging_mixin.py:137} INFO - [2023-03-03T16:51:22.640+0100] {dagbag.py:537} INFO - Filling up the DagBag from /Users/uab910/dev/nnam-poc/pyenv/lib/python3.10/site-packages/airflow/example_dags/example_task_group.py
[2023-03-03T16:51:22.672+0100] {processor.py:766} INFO - DAG(s) dict_keys(['example_task_group']) retrieved from /Users/uab910/dev/nnam-poc/pyenv/lib/python3.10/site-packages/airflow/example_dags/example_task_group.py
[2023-03-03T16:51:22.846+0100] {logging_mixin.py:137} INFO - [2023-03-03T16:51:22.846+0100] {dag.py:2585} INFO - Sync 1 DAGs
[2023-03-03T16:51:22.861+0100] {logging_mixin.py:137} INFO - [2023-03-03T16:51:22.860+0100] {dag.py:3336} INFO - Setting next_dagrun for example_task_group to 2023-03-02T15:51:22.860826+00:00, run_after=2023-03-03T15:51:22.860826+00:00
[2023-03-03T16:51:22.877+0100] {processor.py:176} INFO - Processing /Users/uab910/dev/nnam-poc/pyenv/lib/python3.10/site-packages/airflow/example_dags/example_task_group.py took 0.242 seconds
[2023-03-03T16:52:56.008+0100] {processor.py:154} INFO - Started process (PID=59217) to work on /Users/uab910/dev/nnam-poc/pyenv/lib/python3.10/site-packages/airflow/example_dags/example_task_group.py
[2023-03-03T16:52:56.014+0100] {processor.py:756} INFO - Processing file /Users/uab910/dev/nnam-poc/pyenv/lib/python3.10/site-packages/airflow/example_dags/example_task_group.py for tasks to queue
[2023-03-03T16:52:56.015+0100] {logging_mixin.py:137} INFO - [2023-03-03T16:52:56.015+0100] {dagbag.py:537} INFO - Filling up the DagBag from /Users/uab910/dev/nnam-poc/pyenv/lib/python3.10/site-packages/airflow/example_dags/example_task_group.py
[2023-03-03T16:52:56.051+0100] {processor.py:766} INFO - DAG(s) dict_keys(['example_task_group']) retrieved from /Users/uab910/dev/nnam-poc/pyenv/lib/python3.10/site-packages/airflow/example_dags/example_task_group.py
[2023-03-03T16:52:56.240+0100] {logging_mixin.py:137} INFO - [2023-03-03T16:52:56.240+0100] {dag.py:2585} INFO - Sync 1 DAGs
[2023-03-03T16:52:56.256+0100] {logging_mixin.py:137} INFO - [2023-03-03T16:52:56.256+0100] {dag.py:3336} INFO - Setting next_dagrun for example_task_group to 2023-03-02T15:52:56.255877+00:00, run_after=2023-03-03T15:52:56.255877+00:00
[2023-03-03T16:52:56.272+0100] {processor.py:176} INFO - Processing /Users/uab910/dev/nnam-poc/pyenv/lib/python3.10/site-packages/airflow/example_dags/example_task_group.py took 0.264 seconds
[2023-03-03T16:54:21.110+0100] {processor.py:154} INFO - Started process (PID=59278) to work on /Users/uab910/dev/nnam-poc/pyenv/lib/python3.10/site-packages/airflow/example_dags/example_task_group.py
[2023-03-03T16:54:21.116+0100] {processor.py:756} INFO - Processing file /Users/uab910/dev/nnam-poc/pyenv/lib/python3.10/site-packages/airflow/example_dags/example_task_group.py for tasks to queue
[2023-03-03T16:54:21.117+0100] {logging_mixin.py:137} INFO - [2023-03-03T16:54:21.117+0100] {dagbag.py:537} INFO - Filling up the DagBag from /Users/uab910/dev/nnam-poc/pyenv/lib/python3.10/site-packages/airflow/example_dags/example_task_group.py
[2023-03-03T16:54:21.149+0100] {processor.py:766} INFO - DAG(s) dict_keys(['example_task_group']) retrieved from /Users/uab910/dev/nnam-poc/pyenv/lib/python3.10/site-packages/airflow/example_dags/example_task_group.py
[2023-03-03T16:54:21.339+0100] {logging_mixin.py:137} INFO - [2023-03-03T16:54:21.338+0100] {dag.py:2585} INFO - Sync 1 DAGs
[2023-03-03T16:54:21.352+0100] {logging_mixin.py:137} INFO - [2023-03-03T16:54:21.352+0100] {dag.py:3336} INFO - Setting next_dagrun for example_task_group to 2023-03-02T15:54:21.352703+00:00, run_after=2023-03-03T15:54:21.352703+00:00
[2023-03-03T16:54:21.368+0100] {processor.py:176} INFO - Processing /Users/uab910/dev/nnam-poc/pyenv/lib/python3.10/site-packages/airflow/example_dags/example_task_group.py took 0.258 seconds
[2023-03-03T16:55:56.955+0100] {processor.py:154} INFO - Started process (PID=59327) to work on /Users/uab910/dev/nnam-poc/pyenv/lib/python3.10/site-packages/airflow/example_dags/example_task_group.py
[2023-03-03T16:55:56.959+0100] {processor.py:756} INFO - Processing file /Users/uab910/dev/nnam-poc/pyenv/lib/python3.10/site-packages/airflow/example_dags/example_task_group.py for tasks to queue
[2023-03-03T16:55:56.960+0100] {logging_mixin.py:137} INFO - [2023-03-03T16:55:56.960+0100] {dagbag.py:537} INFO - Filling up the DagBag from /Users/uab910/dev/nnam-poc/pyenv/lib/python3.10/site-packages/airflow/example_dags/example_task_group.py
[2023-03-03T16:55:56.990+0100] {processor.py:766} INFO - DAG(s) dict_keys(['example_task_group']) retrieved from /Users/uab910/dev/nnam-poc/pyenv/lib/python3.10/site-packages/airflow/example_dags/example_task_group.py
[2023-03-03T16:55:57.153+0100] {logging_mixin.py:137} INFO - [2023-03-03T16:55:57.153+0100] {dag.py:2585} INFO - Sync 1 DAGs
[2023-03-03T16:55:57.166+0100] {logging_mixin.py:137} INFO - [2023-03-03T16:55:57.166+0100] {dag.py:3336} INFO - Setting next_dagrun for example_task_group to 2023-03-02T15:55:57.166199+00:00, run_after=2023-03-03T15:55:57.166199+00:00
[2023-03-03T16:55:57.181+0100] {processor.py:176} INFO - Processing /Users/uab910/dev/nnam-poc/pyenv/lib/python3.10/site-packages/airflow/example_dags/example_task_group.py took 0.227 seconds
[2023-03-03T16:57:30.315+0100] {processor.py:154} INFO - Started process (PID=59379) to work on /Users/uab910/dev/nnam-poc/pyenv/lib/python3.10/site-packages/airflow/example_dags/example_task_group.py
[2023-03-03T16:57:30.321+0100] {processor.py:756} INFO - Processing file /Users/uab910/dev/nnam-poc/pyenv/lib/python3.10/site-packages/airflow/example_dags/example_task_group.py for tasks to queue
[2023-03-03T16:57:30.321+0100] {logging_mixin.py:137} INFO - [2023-03-03T16:57:30.321+0100] {dagbag.py:537} INFO - Filling up the DagBag from /Users/uab910/dev/nnam-poc/pyenv/lib/python3.10/site-packages/airflow/example_dags/example_task_group.py
[2023-03-03T16:57:30.358+0100] {processor.py:766} INFO - DAG(s) dict_keys(['example_task_group']) retrieved from /Users/uab910/dev/nnam-poc/pyenv/lib/python3.10/site-packages/airflow/example_dags/example_task_group.py
[2023-03-03T16:57:30.528+0100] {logging_mixin.py:137} INFO - [2023-03-03T16:57:30.528+0100] {dag.py:2585} INFO - Sync 1 DAGs
[2023-03-03T16:57:30.542+0100] {logging_mixin.py:137} INFO - [2023-03-03T16:57:30.542+0100] {dag.py:3336} INFO - Setting next_dagrun for example_task_group to 2023-03-02T15:57:30.542000+00:00, run_after=2023-03-03T15:57:30.542000+00:00
[2023-03-03T16:57:30.557+0100] {processor.py:176} INFO - Processing /Users/uab910/dev/nnam-poc/pyenv/lib/python3.10/site-packages/airflow/example_dags/example_task_group.py took 0.243 seconds
[2023-03-03T16:59:03.732+0100] {processor.py:154} INFO - Started process (PID=59425) to work on /Users/uab910/dev/nnam-poc/pyenv/lib/python3.10/site-packages/airflow/example_dags/example_task_group.py
[2023-03-03T16:59:03.737+0100] {processor.py:756} INFO - Processing file /Users/uab910/dev/nnam-poc/pyenv/lib/python3.10/site-packages/airflow/example_dags/example_task_group.py for tasks to queue
[2023-03-03T16:59:03.738+0100] {logging_mixin.py:137} INFO - [2023-03-03T16:59:03.737+0100] {dagbag.py:537} INFO - Filling up the DagBag from /Users/uab910/dev/nnam-poc/pyenv/lib/python3.10/site-packages/airflow/example_dags/example_task_group.py
[2023-03-03T16:59:03.770+0100] {processor.py:766} INFO - DAG(s) dict_keys(['example_task_group']) retrieved from /Users/uab910/dev/nnam-poc/pyenv/lib/python3.10/site-packages/airflow/example_dags/example_task_group.py
[2023-03-03T16:59:03.968+0100] {logging_mixin.py:137} INFO - [2023-03-03T16:59:03.968+0100] {dag.py:2585} INFO - Sync 1 DAGs
[2023-03-03T16:59:03.984+0100] {logging_mixin.py:137} INFO - [2023-03-03T16:59:03.984+0100] {dag.py:3336} INFO - Setting next_dagrun for example_task_group to 2023-03-02T15:59:03.984402+00:00, run_after=2023-03-03T15:59:03.984402+00:00
[2023-03-03T16:59:04.000+0100] {processor.py:176} INFO - Processing /Users/uab910/dev/nnam-poc/pyenv/lib/python3.10/site-packages/airflow/example_dags/example_task_group.py took 0.269 seconds
[2023-03-03T17:00:36.897+0100] {processor.py:154} INFO - Started process (PID=59470) to work on /Users/uab910/dev/nnam-poc/pyenv/lib/python3.10/site-packages/airflow/example_dags/example_task_group.py
[2023-03-03T17:00:36.902+0100] {processor.py:756} INFO - Processing file /Users/uab910/dev/nnam-poc/pyenv/lib/python3.10/site-packages/airflow/example_dags/example_task_group.py for tasks to queue
[2023-03-03T17:00:36.903+0100] {logging_mixin.py:137} INFO - [2023-03-03T17:00:36.903+0100] {dagbag.py:537} INFO - Filling up the DagBag from /Users/uab910/dev/nnam-poc/pyenv/lib/python3.10/site-packages/airflow/example_dags/example_task_group.py
[2023-03-03T17:00:36.941+0100] {processor.py:766} INFO - DAG(s) dict_keys(['example_task_group']) retrieved from /Users/uab910/dev/nnam-poc/pyenv/lib/python3.10/site-packages/airflow/example_dags/example_task_group.py
[2023-03-03T17:00:37.122+0100] {logging_mixin.py:137} INFO - [2023-03-03T17:00:37.121+0100] {dag.py:2585} INFO - Sync 1 DAGs
[2023-03-03T17:00:37.134+0100] {logging_mixin.py:137} INFO - [2023-03-03T17:00:37.134+0100] {dag.py:3336} INFO - Setting next_dagrun for example_task_group to 2023-03-02T16:00:37.134675+00:00, run_after=2023-03-03T16:00:37.134675+00:00
[2023-03-03T17:00:37.149+0100] {processor.py:176} INFO - Processing /Users/uab910/dev/nnam-poc/pyenv/lib/python3.10/site-packages/airflow/example_dags/example_task_group.py took 0.253 seconds
[2023-03-03T17:02:10.147+0100] {processor.py:154} INFO - Started process (PID=59521) to work on /Users/uab910/dev/nnam-poc/pyenv/lib/python3.10/site-packages/airflow/example_dags/example_task_group.py
[2023-03-03T17:02:10.152+0100] {processor.py:756} INFO - Processing file /Users/uab910/dev/nnam-poc/pyenv/lib/python3.10/site-packages/airflow/example_dags/example_task_group.py for tasks to queue
[2023-03-03T17:02:10.153+0100] {logging_mixin.py:137} INFO - [2023-03-03T17:02:10.152+0100] {dagbag.py:537} INFO - Filling up the DagBag from /Users/uab910/dev/nnam-poc/pyenv/lib/python3.10/site-packages/airflow/example_dags/example_task_group.py
[2023-03-03T17:02:10.187+0100] {processor.py:766} INFO - DAG(s) dict_keys(['example_task_group']) retrieved from /Users/uab910/dev/nnam-poc/pyenv/lib/python3.10/site-packages/airflow/example_dags/example_task_group.py
[2023-03-03T17:02:10.358+0100] {logging_mixin.py:137} INFO - [2023-03-03T17:02:10.358+0100] {dag.py:2585} INFO - Sync 1 DAGs
[2023-03-03T17:02:10.370+0100] {logging_mixin.py:137} INFO - [2023-03-03T17:02:10.370+0100] {dag.py:3336} INFO - Setting next_dagrun for example_task_group to 2023-03-02T16:02:10.370621+00:00, run_after=2023-03-03T16:02:10.370621+00:00
[2023-03-03T17:02:10.385+0100] {processor.py:176} INFO - Processing /Users/uab910/dev/nnam-poc/pyenv/lib/python3.10/site-packages/airflow/example_dags/example_task_group.py took 0.239 seconds
[2023-03-03T17:03:41.941+0100] {processor.py:154} INFO - Started process (PID=59586) to work on /Users/uab910/dev/nnam-poc/pyenv/lib/python3.10/site-packages/airflow/example_dags/example_task_group.py
[2023-03-03T17:03:41.947+0100] {processor.py:756} INFO - Processing file /Users/uab910/dev/nnam-poc/pyenv/lib/python3.10/site-packages/airflow/example_dags/example_task_group.py for tasks to queue
[2023-03-03T17:03:41.947+0100] {logging_mixin.py:137} INFO - [2023-03-03T17:03:41.947+0100] {dagbag.py:537} INFO - Filling up the DagBag from /Users/uab910/dev/nnam-poc/pyenv/lib/python3.10/site-packages/airflow/example_dags/example_task_group.py
[2023-03-03T17:03:41.983+0100] {processor.py:766} INFO - DAG(s) dict_keys(['example_task_group']) retrieved from /Users/uab910/dev/nnam-poc/pyenv/lib/python3.10/site-packages/airflow/example_dags/example_task_group.py
[2023-03-03T17:03:42.156+0100] {logging_mixin.py:137} INFO - [2023-03-03T17:03:42.156+0100] {dag.py:2585} INFO - Sync 1 DAGs
[2023-03-03T17:03:42.168+0100] {logging_mixin.py:137} INFO - [2023-03-03T17:03:42.168+0100] {dag.py:3336} INFO - Setting next_dagrun for example_task_group to 2023-03-02T16:03:42.168320+00:00, run_after=2023-03-03T16:03:42.168320+00:00
[2023-03-03T17:03:42.183+0100] {processor.py:176} INFO - Processing /Users/uab910/dev/nnam-poc/pyenv/lib/python3.10/site-packages/airflow/example_dags/example_task_group.py took 0.242 seconds
[2023-03-03T17:05:09.577+0100] {processor.py:154} INFO - Started process (PID=59634) to work on /Users/uab910/dev/nnam-poc/pyenv/lib/python3.10/site-packages/airflow/example_dags/example_task_group.py
[2023-03-03T17:05:09.583+0100] {processor.py:756} INFO - Processing file /Users/uab910/dev/nnam-poc/pyenv/lib/python3.10/site-packages/airflow/example_dags/example_task_group.py for tasks to queue
[2023-03-03T17:05:09.584+0100] {logging_mixin.py:137} INFO - [2023-03-03T17:05:09.583+0100] {dagbag.py:537} INFO - Filling up the DagBag from /Users/uab910/dev/nnam-poc/pyenv/lib/python3.10/site-packages/airflow/example_dags/example_task_group.py
[2023-03-03T17:05:09.622+0100] {processor.py:766} INFO - DAG(s) dict_keys(['example_task_group']) retrieved from /Users/uab910/dev/nnam-poc/pyenv/lib/python3.10/site-packages/airflow/example_dags/example_task_group.py
[2023-03-03T17:05:09.811+0100] {logging_mixin.py:137} INFO - [2023-03-03T17:05:09.811+0100] {dag.py:2585} INFO - Sync 1 DAGs
[2023-03-03T17:05:09.825+0100] {logging_mixin.py:137} INFO - [2023-03-03T17:05:09.825+0100] {dag.py:3336} INFO - Setting next_dagrun for example_task_group to 2023-03-02T16:05:09.825006+00:00, run_after=2023-03-03T16:05:09.825006+00:00
[2023-03-03T17:05:09.840+0100] {processor.py:176} INFO - Processing /Users/uab910/dev/nnam-poc/pyenv/lib/python3.10/site-packages/airflow/example_dags/example_task_group.py took 0.264 seconds
[2023-03-03T17:06:46.913+0100] {processor.py:154} INFO - Started process (PID=59690) to work on /Users/uab910/dev/nnam-poc/pyenv/lib/python3.10/site-packages/airflow/example_dags/example_task_group.py
[2023-03-03T17:06:46.918+0100] {processor.py:756} INFO - Processing file /Users/uab910/dev/nnam-poc/pyenv/lib/python3.10/site-packages/airflow/example_dags/example_task_group.py for tasks to queue
[2023-03-03T17:06:46.918+0100] {logging_mixin.py:137} INFO - [2023-03-03T17:06:46.918+0100] {dagbag.py:537} INFO - Filling up the DagBag from /Users/uab910/dev/nnam-poc/pyenv/lib/python3.10/site-packages/airflow/example_dags/example_task_group.py
[2023-03-03T17:06:46.961+0100] {processor.py:766} INFO - DAG(s) dict_keys(['example_task_group']) retrieved from /Users/uab910/dev/nnam-poc/pyenv/lib/python3.10/site-packages/airflow/example_dags/example_task_group.py
[2023-03-03T17:06:47.147+0100] {logging_mixin.py:137} INFO - [2023-03-03T17:06:47.147+0100] {dag.py:2585} INFO - Sync 1 DAGs
[2023-03-03T17:06:47.160+0100] {logging_mixin.py:137} INFO - [2023-03-03T17:06:47.160+0100] {dag.py:3336} INFO - Setting next_dagrun for example_task_group to 2023-03-02T16:06:47.160072+00:00, run_after=2023-03-03T16:06:47.160072+00:00
[2023-03-03T17:06:47.174+0100] {processor.py:176} INFO - Processing /Users/uab910/dev/nnam-poc/pyenv/lib/python3.10/site-packages/airflow/example_dags/example_task_group.py took 0.262 seconds
[2023-03-03T17:08:27.734+0100] {processor.py:154} INFO - Started process (PID=59753) to work on /Users/uab910/dev/nnam-poc/pyenv/lib/python3.10/site-packages/airflow/example_dags/example_task_group.py
[2023-03-03T17:08:27.740+0100] {processor.py:756} INFO - Processing file /Users/uab910/dev/nnam-poc/pyenv/lib/python3.10/site-packages/airflow/example_dags/example_task_group.py for tasks to queue
[2023-03-03T17:08:27.740+0100] {logging_mixin.py:137} INFO - [2023-03-03T17:08:27.740+0100] {dagbag.py:537} INFO - Filling up the DagBag from /Users/uab910/dev/nnam-poc/pyenv/lib/python3.10/site-packages/airflow/example_dags/example_task_group.py
[2023-03-03T17:08:27.770+0100] {processor.py:766} INFO - DAG(s) dict_keys(['example_task_group']) retrieved from /Users/uab910/dev/nnam-poc/pyenv/lib/python3.10/site-packages/airflow/example_dags/example_task_group.py
[2023-03-03T17:08:27.940+0100] {logging_mixin.py:137} INFO - [2023-03-03T17:08:27.940+0100] {dag.py:2585} INFO - Sync 1 DAGs
[2023-03-03T17:08:27.954+0100] {logging_mixin.py:137} INFO - [2023-03-03T17:08:27.954+0100] {dag.py:3336} INFO - Setting next_dagrun for example_task_group to 2023-03-02T16:08:27.954364+00:00, run_after=2023-03-03T16:08:27.954364+00:00
[2023-03-03T17:08:27.970+0100] {processor.py:176} INFO - Processing /Users/uab910/dev/nnam-poc/pyenv/lib/python3.10/site-packages/airflow/example_dags/example_task_group.py took 0.236 seconds
[2023-03-03T17:09:57.148+0100] {processor.py:154} INFO - Started process (PID=59802) to work on /Users/uab910/dev/nnam-poc/pyenv/lib/python3.10/site-packages/airflow/example_dags/example_task_group.py
[2023-03-03T17:09:57.154+0100] {processor.py:756} INFO - Processing file /Users/uab910/dev/nnam-poc/pyenv/lib/python3.10/site-packages/airflow/example_dags/example_task_group.py for tasks to queue
[2023-03-03T17:09:57.154+0100] {logging_mixin.py:137} INFO - [2023-03-03T17:09:57.154+0100] {dagbag.py:537} INFO - Filling up the DagBag from /Users/uab910/dev/nnam-poc/pyenv/lib/python3.10/site-packages/airflow/example_dags/example_task_group.py
[2023-03-03T17:09:57.188+0100] {processor.py:766} INFO - DAG(s) dict_keys(['example_task_group']) retrieved from /Users/uab910/dev/nnam-poc/pyenv/lib/python3.10/site-packages/airflow/example_dags/example_task_group.py
[2023-03-03T17:09:57.357+0100] {logging_mixin.py:137} INFO - [2023-03-03T17:09:57.357+0100] {dag.py:2585} INFO - Sync 1 DAGs
[2023-03-03T17:09:57.370+0100] {logging_mixin.py:137} INFO - [2023-03-03T17:09:57.370+0100] {dag.py:3336} INFO - Setting next_dagrun for example_task_group to 2023-03-02T16:09:57.370171+00:00, run_after=2023-03-03T16:09:57.370171+00:00
[2023-03-03T17:09:57.384+0100] {processor.py:176} INFO - Processing /Users/uab910/dev/nnam-poc/pyenv/lib/python3.10/site-packages/airflow/example_dags/example_task_group.py took 0.236 seconds
[2023-03-03T17:11:24.700+0100] {processor.py:154} INFO - Started process (PID=59850) to work on /Users/uab910/dev/nnam-poc/pyenv/lib/python3.10/site-packages/airflow/example_dags/example_task_group.py
[2023-03-03T17:11:24.705+0100] {processor.py:756} INFO - Processing file /Users/uab910/dev/nnam-poc/pyenv/lib/python3.10/site-packages/airflow/example_dags/example_task_group.py for tasks to queue
[2023-03-03T17:11:24.705+0100] {logging_mixin.py:137} INFO - [2023-03-03T17:11:24.705+0100] {dagbag.py:537} INFO - Filling up the DagBag from /Users/uab910/dev/nnam-poc/pyenv/lib/python3.10/site-packages/airflow/example_dags/example_task_group.py
[2023-03-03T17:11:24.734+0100] {processor.py:766} INFO - DAG(s) dict_keys(['example_task_group']) retrieved from /Users/uab910/dev/nnam-poc/pyenv/lib/python3.10/site-packages/airflow/example_dags/example_task_group.py
[2023-03-03T17:11:24.903+0100] {logging_mixin.py:137} INFO - [2023-03-03T17:11:24.903+0100] {dag.py:2585} INFO - Sync 1 DAGs
[2023-03-03T17:11:24.917+0100] {logging_mixin.py:137} INFO - [2023-03-03T17:11:24.916+0100] {dag.py:3336} INFO - Setting next_dagrun for example_task_group to 2023-03-02T16:11:24.916780+00:00, run_after=2023-03-03T16:11:24.916780+00:00
[2023-03-03T17:11:24.933+0100] {processor.py:176} INFO - Processing /Users/uab910/dev/nnam-poc/pyenv/lib/python3.10/site-packages/airflow/example_dags/example_task_group.py took 0.233 seconds
[2023-03-03T17:12:54.238+0100] {processor.py:154} INFO - Started process (PID=59925) to work on /Users/uab910/dev/nnam-poc/pyenv/lib/python3.10/site-packages/airflow/example_dags/example_task_group.py
[2023-03-03T17:12:54.243+0100] {processor.py:756} INFO - Processing file /Users/uab910/dev/nnam-poc/pyenv/lib/python3.10/site-packages/airflow/example_dags/example_task_group.py for tasks to queue
[2023-03-03T17:12:54.244+0100] {logging_mixin.py:137} INFO - [2023-03-03T17:12:54.244+0100] {dagbag.py:537} INFO - Filling up the DagBag from /Users/uab910/dev/nnam-poc/pyenv/lib/python3.10/site-packages/airflow/example_dags/example_task_group.py
[2023-03-03T17:12:54.277+0100] {processor.py:766} INFO - DAG(s) dict_keys(['example_task_group']) retrieved from /Users/uab910/dev/nnam-poc/pyenv/lib/python3.10/site-packages/airflow/example_dags/example_task_group.py
[2023-03-03T17:12:54.454+0100] {logging_mixin.py:137} INFO - [2023-03-03T17:12:54.454+0100] {dag.py:2585} INFO - Sync 1 DAGs
[2023-03-03T17:12:54.480+0100] {logging_mixin.py:137} INFO - [2023-03-03T17:12:54.480+0100] {dag.py:3336} INFO - Setting next_dagrun for example_task_group to 2023-03-02T16:12:54.479928+00:00, run_after=2023-03-03T16:12:54.479928+00:00
[2023-03-03T17:12:54.520+0100] {processor.py:176} INFO - Processing /Users/uab910/dev/nnam-poc/pyenv/lib/python3.10/site-packages/airflow/example_dags/example_task_group.py took 0.282 seconds
[2023-03-03T17:14:26.646+0100] {processor.py:154} INFO - Started process (PID=59997) to work on /Users/uab910/dev/nnam-poc/pyenv/lib/python3.10/site-packages/airflow/example_dags/example_task_group.py
[2023-03-03T17:14:26.651+0100] {processor.py:756} INFO - Processing file /Users/uab910/dev/nnam-poc/pyenv/lib/python3.10/site-packages/airflow/example_dags/example_task_group.py for tasks to queue
[2023-03-03T17:14:26.652+0100] {logging_mixin.py:137} INFO - [2023-03-03T17:14:26.652+0100] {dagbag.py:537} INFO - Filling up the DagBag from /Users/uab910/dev/nnam-poc/pyenv/lib/python3.10/site-packages/airflow/example_dags/example_task_group.py
[2023-03-03T17:14:26.687+0100] {processor.py:766} INFO - DAG(s) dict_keys(['example_task_group']) retrieved from /Users/uab910/dev/nnam-poc/pyenv/lib/python3.10/site-packages/airflow/example_dags/example_task_group.py
[2023-03-03T17:14:26.874+0100] {logging_mixin.py:137} INFO - [2023-03-03T17:14:26.874+0100] {dag.py:2585} INFO - Sync 1 DAGs
[2023-03-03T17:14:26.889+0100] {logging_mixin.py:137} INFO - [2023-03-03T17:14:26.889+0100] {dag.py:3336} INFO - Setting next_dagrun for example_task_group to 2023-03-02T16:14:26.889171+00:00, run_after=2023-03-03T16:14:26.889171+00:00
[2023-03-03T17:14:26.904+0100] {processor.py:176} INFO - Processing /Users/uab910/dev/nnam-poc/pyenv/lib/python3.10/site-packages/airflow/example_dags/example_task_group.py took 0.259 seconds
[2023-03-03T17:15:59.539+0100] {processor.py:154} INFO - Started process (PID=60054) to work on /Users/uab910/dev/nnam-poc/pyenv/lib/python3.10/site-packages/airflow/example_dags/example_task_group.py
[2023-03-03T17:15:59.545+0100] {processor.py:756} INFO - Processing file /Users/uab910/dev/nnam-poc/pyenv/lib/python3.10/site-packages/airflow/example_dags/example_task_group.py for tasks to queue
[2023-03-03T17:15:59.545+0100] {logging_mixin.py:137} INFO - [2023-03-03T17:15:59.545+0100] {dagbag.py:537} INFO - Filling up the DagBag from /Users/uab910/dev/nnam-poc/pyenv/lib/python3.10/site-packages/airflow/example_dags/example_task_group.py
[2023-03-03T17:15:59.576+0100] {processor.py:766} INFO - DAG(s) dict_keys(['example_task_group']) retrieved from /Users/uab910/dev/nnam-poc/pyenv/lib/python3.10/site-packages/airflow/example_dags/example_task_group.py
[2023-03-03T17:15:59.750+0100] {logging_mixin.py:137} INFO - [2023-03-03T17:15:59.750+0100] {dag.py:2585} INFO - Sync 1 DAGs
[2023-03-03T17:15:59.763+0100] {logging_mixin.py:137} INFO - [2023-03-03T17:15:59.763+0100] {dag.py:3336} INFO - Setting next_dagrun for example_task_group to 2023-03-02T16:15:59.763513+00:00, run_after=2023-03-03T16:15:59.763513+00:00
[2023-03-03T17:15:59.777+0100] {processor.py:176} INFO - Processing /Users/uab910/dev/nnam-poc/pyenv/lib/python3.10/site-packages/airflow/example_dags/example_task_group.py took 0.239 seconds
[2023-03-03T17:17:32.435+0100] {processor.py:154} INFO - Started process (PID=60110) to work on /Users/uab910/dev/nnam-poc/pyenv/lib/python3.10/site-packages/airflow/example_dags/example_task_group.py
[2023-03-03T17:17:32.440+0100] {processor.py:756} INFO - Processing file /Users/uab910/dev/nnam-poc/pyenv/lib/python3.10/site-packages/airflow/example_dags/example_task_group.py for tasks to queue
[2023-03-03T17:17:32.441+0100] {logging_mixin.py:137} INFO - [2023-03-03T17:17:32.441+0100] {dagbag.py:537} INFO - Filling up the DagBag from /Users/uab910/dev/nnam-poc/pyenv/lib/python3.10/site-packages/airflow/example_dags/example_task_group.py
[2023-03-03T17:17:32.473+0100] {processor.py:766} INFO - DAG(s) dict_keys(['example_task_group']) retrieved from /Users/uab910/dev/nnam-poc/pyenv/lib/python3.10/site-packages/airflow/example_dags/example_task_group.py
[2023-03-03T17:17:32.642+0100] {logging_mixin.py:137} INFO - [2023-03-03T17:17:32.642+0100] {dag.py:2585} INFO - Sync 1 DAGs
[2023-03-03T17:17:32.656+0100] {logging_mixin.py:137} INFO - [2023-03-03T17:17:32.656+0100] {dag.py:3336} INFO - Setting next_dagrun for example_task_group to 2023-03-02T16:17:32.656355+00:00, run_after=2023-03-03T16:17:32.656355+00:00
[2023-03-03T17:17:32.671+0100] {processor.py:176} INFO - Processing /Users/uab910/dev/nnam-poc/pyenv/lib/python3.10/site-packages/airflow/example_dags/example_task_group.py took 0.237 seconds
[2023-03-03T17:18:59.418+0100] {processor.py:154} INFO - Started process (PID=60163) to work on /Users/uab910/dev/nnam-poc/pyenv/lib/python3.10/site-packages/airflow/example_dags/example_task_group.py
[2023-03-03T17:18:59.423+0100] {processor.py:756} INFO - Processing file /Users/uab910/dev/nnam-poc/pyenv/lib/python3.10/site-packages/airflow/example_dags/example_task_group.py for tasks to queue
[2023-03-03T17:18:59.423+0100] {logging_mixin.py:137} INFO - [2023-03-03T17:18:59.423+0100] {dagbag.py:537} INFO - Filling up the DagBag from /Users/uab910/dev/nnam-poc/pyenv/lib/python3.10/site-packages/airflow/example_dags/example_task_group.py
[2023-03-03T17:18:59.458+0100] {processor.py:766} INFO - DAG(s) dict_keys(['example_task_group']) retrieved from /Users/uab910/dev/nnam-poc/pyenv/lib/python3.10/site-packages/airflow/example_dags/example_task_group.py
[2023-03-03T17:18:59.672+0100] {logging_mixin.py:137} INFO - [2023-03-03T17:18:59.672+0100] {dag.py:2585} INFO - Sync 1 DAGs
[2023-03-03T17:18:59.689+0100] {logging_mixin.py:137} INFO - [2023-03-03T17:18:59.689+0100] {dag.py:3336} INFO - Setting next_dagrun for example_task_group to 2023-03-02T16:18:59.689296+00:00, run_after=2023-03-03T16:18:59.689296+00:00
[2023-03-03T17:18:59.706+0100] {processor.py:176} INFO - Processing /Users/uab910/dev/nnam-poc/pyenv/lib/python3.10/site-packages/airflow/example_dags/example_task_group.py took 0.289 seconds
