[2023-03-03T16:01:26.734+0100] {processor.py:154} INFO - Started process (PID=57146) to work on /Users/uab910/dev/nnam-poc/pyenv/lib/python3.10/site-packages/airflow/example_dags/example_kubernetes_executor.py
[2023-03-03T16:01:26.739+0100] {processor.py:756} INFO - Processing file /Users/uab910/dev/nnam-poc/pyenv/lib/python3.10/site-packages/airflow/example_dags/example_kubernetes_executor.py for tasks to queue
[2023-03-03T16:01:26.740+0100] {logging_mixin.py:137} INFO - [2023-03-03T16:01:26.740+0100] {dagbag.py:537} INFO - Filling up the DagBag from /Users/uab910/dev/nnam-poc/pyenv/lib/python3.10/site-packages/airflow/example_dags/example_kubernetes_executor.py
[2023-03-03T16:01:26.789+0100] {logging_mixin.py:137} INFO - [2023-03-03T16:01:26.789+0100] {example_kubernetes_executor.py:41} WARNING - The example_kubernetes_executor example DAG requires the kubernetes provider. Please install it with: pip install apache-airflow[cncf.kubernetes]
[2023-03-03T16:01:26.789+0100] {processor.py:768} WARNING - No viable dags retrieved from /Users/uab910/dev/nnam-poc/pyenv/lib/python3.10/site-packages/airflow/example_dags/example_kubernetes_executor.py
[2023-03-03T16:01:26.919+0100] {processor.py:176} INFO - Processing /Users/uab910/dev/nnam-poc/pyenv/lib/python3.10/site-packages/airflow/example_dags/example_kubernetes_executor.py took 0.186 seconds
[2023-03-03T16:03:24.344+0100] {processor.py:154} INFO - Started process (PID=57243) to work on /Users/uab910/dev/nnam-poc/pyenv/lib/python3.10/site-packages/airflow/example_dags/example_kubernetes_executor.py
[2023-03-03T16:03:24.348+0100] {processor.py:756} INFO - Processing file /Users/uab910/dev/nnam-poc/pyenv/lib/python3.10/site-packages/airflow/example_dags/example_kubernetes_executor.py for tasks to queue
[2023-03-03T16:03:24.349+0100] {logging_mixin.py:137} INFO - [2023-03-03T16:03:24.349+0100] {dagbag.py:537} INFO - Filling up the DagBag from /Users/uab910/dev/nnam-poc/pyenv/lib/python3.10/site-packages/airflow/example_dags/example_kubernetes_executor.py
[2023-03-03T16:03:24.397+0100] {logging_mixin.py:137} INFO - [2023-03-03T16:03:24.397+0100] {example_kubernetes_executor.py:41} WARNING - The example_kubernetes_executor example DAG requires the kubernetes provider. Please install it with: pip install apache-airflow[cncf.kubernetes]
[2023-03-03T16:03:24.397+0100] {processor.py:768} WARNING - No viable dags retrieved from /Users/uab910/dev/nnam-poc/pyenv/lib/python3.10/site-packages/airflow/example_dags/example_kubernetes_executor.py
[2023-03-03T16:03:24.511+0100] {processor.py:176} INFO - Processing /Users/uab910/dev/nnam-poc/pyenv/lib/python3.10/site-packages/airflow/example_dags/example_kubernetes_executor.py took 0.168 seconds
[2023-03-03T16:04:40.764+0100] {processor.py:154} INFO - Started process (PID=57302) to work on /Users/uab910/dev/nnam-poc/pyenv/lib/python3.10/site-packages/airflow/example_dags/example_kubernetes_executor.py
[2023-03-03T16:04:40.770+0100] {processor.py:756} INFO - Processing file /Users/uab910/dev/nnam-poc/pyenv/lib/python3.10/site-packages/airflow/example_dags/example_kubernetes_executor.py for tasks to queue
[2023-03-03T16:04:40.770+0100] {logging_mixin.py:137} INFO - [2023-03-03T16:04:40.770+0100] {dagbag.py:537} INFO - Filling up the DagBag from /Users/uab910/dev/nnam-poc/pyenv/lib/python3.10/site-packages/airflow/example_dags/example_kubernetes_executor.py
[2023-03-03T16:04:40.832+0100] {logging_mixin.py:137} INFO - [2023-03-03T16:04:40.831+0100] {example_kubernetes_executor.py:41} WARNING - The example_kubernetes_executor example DAG requires the kubernetes provider. Please install it with: pip install apache-airflow[cncf.kubernetes]
[2023-03-03T16:04:40.832+0100] {processor.py:768} WARNING - No viable dags retrieved from /Users/uab910/dev/nnam-poc/pyenv/lib/python3.10/site-packages/airflow/example_dags/example_kubernetes_executor.py
[2023-03-03T16:04:40.974+0100] {processor.py:176} INFO - Processing /Users/uab910/dev/nnam-poc/pyenv/lib/python3.10/site-packages/airflow/example_dags/example_kubernetes_executor.py took 0.210 seconds
[2023-03-03T16:05:54.390+0100] {processor.py:154} INFO - Started process (PID=57350) to work on /Users/uab910/dev/nnam-poc/pyenv/lib/python3.10/site-packages/airflow/example_dags/example_kubernetes_executor.py
[2023-03-03T16:05:54.396+0100] {processor.py:756} INFO - Processing file /Users/uab910/dev/nnam-poc/pyenv/lib/python3.10/site-packages/airflow/example_dags/example_kubernetes_executor.py for tasks to queue
[2023-03-03T16:05:54.397+0100] {logging_mixin.py:137} INFO - [2023-03-03T16:05:54.397+0100] {dagbag.py:537} INFO - Filling up the DagBag from /Users/uab910/dev/nnam-poc/pyenv/lib/python3.10/site-packages/airflow/example_dags/example_kubernetes_executor.py
[2023-03-03T16:05:54.443+0100] {logging_mixin.py:137} INFO - [2023-03-03T16:05:54.443+0100] {example_kubernetes_executor.py:41} WARNING - The example_kubernetes_executor example DAG requires the kubernetes provider. Please install it with: pip install apache-airflow[cncf.kubernetes]
[2023-03-03T16:05:54.443+0100] {processor.py:768} WARNING - No viable dags retrieved from /Users/uab910/dev/nnam-poc/pyenv/lib/python3.10/site-packages/airflow/example_dags/example_kubernetes_executor.py
[2023-03-03T16:05:54.561+0100] {processor.py:176} INFO - Processing /Users/uab910/dev/nnam-poc/pyenv/lib/python3.10/site-packages/airflow/example_dags/example_kubernetes_executor.py took 0.171 seconds
[2023-03-03T16:07:15.533+0100] {processor.py:154} INFO - Started process (PID=57408) to work on /Users/uab910/dev/nnam-poc/pyenv/lib/python3.10/site-packages/airflow/example_dags/example_kubernetes_executor.py
[2023-03-03T16:07:15.539+0100] {processor.py:756} INFO - Processing file /Users/uab910/dev/nnam-poc/pyenv/lib/python3.10/site-packages/airflow/example_dags/example_kubernetes_executor.py for tasks to queue
[2023-03-03T16:07:15.539+0100] {logging_mixin.py:137} INFO - [2023-03-03T16:07:15.539+0100] {dagbag.py:537} INFO - Filling up the DagBag from /Users/uab910/dev/nnam-poc/pyenv/lib/python3.10/site-packages/airflow/example_dags/example_kubernetes_executor.py
[2023-03-03T16:07:15.599+0100] {logging_mixin.py:137} INFO - [2023-03-03T16:07:15.599+0100] {example_kubernetes_executor.py:41} WARNING - The example_kubernetes_executor example DAG requires the kubernetes provider. Please install it with: pip install apache-airflow[cncf.kubernetes]
[2023-03-03T16:07:15.600+0100] {processor.py:768} WARNING - No viable dags retrieved from /Users/uab910/dev/nnam-poc/pyenv/lib/python3.10/site-packages/airflow/example_dags/example_kubernetes_executor.py
[2023-03-03T16:07:15.730+0100] {processor.py:176} INFO - Processing /Users/uab910/dev/nnam-poc/pyenv/lib/python3.10/site-packages/airflow/example_dags/example_kubernetes_executor.py took 0.198 seconds
[2023-03-03T16:08:35.302+0100] {processor.py:154} INFO - Started process (PID=57456) to work on /Users/uab910/dev/nnam-poc/pyenv/lib/python3.10/site-packages/airflow/example_dags/example_kubernetes_executor.py
[2023-03-03T16:08:35.309+0100] {processor.py:756} INFO - Processing file /Users/uab910/dev/nnam-poc/pyenv/lib/python3.10/site-packages/airflow/example_dags/example_kubernetes_executor.py for tasks to queue
[2023-03-03T16:08:35.309+0100] {logging_mixin.py:137} INFO - [2023-03-03T16:08:35.309+0100] {dagbag.py:537} INFO - Filling up the DagBag from /Users/uab910/dev/nnam-poc/pyenv/lib/python3.10/site-packages/airflow/example_dags/example_kubernetes_executor.py
[2023-03-03T16:08:35.361+0100] {logging_mixin.py:137} INFO - [2023-03-03T16:08:35.361+0100] {example_kubernetes_executor.py:41} WARNING - The example_kubernetes_executor example DAG requires the kubernetes provider. Please install it with: pip install apache-airflow[cncf.kubernetes]
[2023-03-03T16:08:35.362+0100] {processor.py:768} WARNING - No viable dags retrieved from /Users/uab910/dev/nnam-poc/pyenv/lib/python3.10/site-packages/airflow/example_dags/example_kubernetes_executor.py
[2023-03-03T16:08:35.473+0100] {processor.py:176} INFO - Processing /Users/uab910/dev/nnam-poc/pyenv/lib/python3.10/site-packages/airflow/example_dags/example_kubernetes_executor.py took 0.171 seconds
[2023-03-03T16:09:52.759+0100] {processor.py:154} INFO - Started process (PID=57505) to work on /Users/uab910/dev/nnam-poc/pyenv/lib/python3.10/site-packages/airflow/example_dags/example_kubernetes_executor.py
[2023-03-03T16:09:52.765+0100] {processor.py:756} INFO - Processing file /Users/uab910/dev/nnam-poc/pyenv/lib/python3.10/site-packages/airflow/example_dags/example_kubernetes_executor.py for tasks to queue
[2023-03-03T16:09:52.766+0100] {logging_mixin.py:137} INFO - [2023-03-03T16:09:52.766+0100] {dagbag.py:537} INFO - Filling up the DagBag from /Users/uab910/dev/nnam-poc/pyenv/lib/python3.10/site-packages/airflow/example_dags/example_kubernetes_executor.py
[2023-03-03T16:09:52.814+0100] {logging_mixin.py:137} INFO - [2023-03-03T16:09:52.814+0100] {example_kubernetes_executor.py:41} WARNING - The example_kubernetes_executor example DAG requires the kubernetes provider. Please install it with: pip install apache-airflow[cncf.kubernetes]
[2023-03-03T16:09:52.814+0100] {processor.py:768} WARNING - No viable dags retrieved from /Users/uab910/dev/nnam-poc/pyenv/lib/python3.10/site-packages/airflow/example_dags/example_kubernetes_executor.py
[2023-03-03T16:09:52.924+0100] {processor.py:176} INFO - Processing /Users/uab910/dev/nnam-poc/pyenv/lib/python3.10/site-packages/airflow/example_dags/example_kubernetes_executor.py took 0.166 seconds
[2023-03-03T16:11:09.026+0100] {processor.py:154} INFO - Started process (PID=57550) to work on /Users/uab910/dev/nnam-poc/pyenv/lib/python3.10/site-packages/airflow/example_dags/example_kubernetes_executor.py
[2023-03-03T16:11:09.032+0100] {processor.py:756} INFO - Processing file /Users/uab910/dev/nnam-poc/pyenv/lib/python3.10/site-packages/airflow/example_dags/example_kubernetes_executor.py for tasks to queue
[2023-03-03T16:11:09.033+0100] {logging_mixin.py:137} INFO - [2023-03-03T16:11:09.033+0100] {dagbag.py:537} INFO - Filling up the DagBag from /Users/uab910/dev/nnam-poc/pyenv/lib/python3.10/site-packages/airflow/example_dags/example_kubernetes_executor.py
[2023-03-03T16:11:09.085+0100] {logging_mixin.py:137} INFO - [2023-03-03T16:11:09.084+0100] {example_kubernetes_executor.py:41} WARNING - The example_kubernetes_executor example DAG requires the kubernetes provider. Please install it with: pip install apache-airflow[cncf.kubernetes]
[2023-03-03T16:11:09.085+0100] {processor.py:768} WARNING - No viable dags retrieved from /Users/uab910/dev/nnam-poc/pyenv/lib/python3.10/site-packages/airflow/example_dags/example_kubernetes_executor.py
[2023-03-03T16:11:09.196+0100] {processor.py:176} INFO - Processing /Users/uab910/dev/nnam-poc/pyenv/lib/python3.10/site-packages/airflow/example_dags/example_kubernetes_executor.py took 0.172 seconds
[2023-03-03T16:12:27.138+0100] {processor.py:154} INFO - Started process (PID=57589) to work on /Users/uab910/dev/nnam-poc/pyenv/lib/python3.10/site-packages/airflow/example_dags/example_kubernetes_executor.py
[2023-03-03T16:12:27.144+0100] {processor.py:756} INFO - Processing file /Users/uab910/dev/nnam-poc/pyenv/lib/python3.10/site-packages/airflow/example_dags/example_kubernetes_executor.py for tasks to queue
[2023-03-03T16:12:27.145+0100] {logging_mixin.py:137} INFO - [2023-03-03T16:12:27.145+0100] {dagbag.py:537} INFO - Filling up the DagBag from /Users/uab910/dev/nnam-poc/pyenv/lib/python3.10/site-packages/airflow/example_dags/example_kubernetes_executor.py
[2023-03-03T16:12:27.201+0100] {logging_mixin.py:137} INFO - [2023-03-03T16:12:27.201+0100] {example_kubernetes_executor.py:41} WARNING - The example_kubernetes_executor example DAG requires the kubernetes provider. Please install it with: pip install apache-airflow[cncf.kubernetes]
[2023-03-03T16:12:27.201+0100] {processor.py:768} WARNING - No viable dags retrieved from /Users/uab910/dev/nnam-poc/pyenv/lib/python3.10/site-packages/airflow/example_dags/example_kubernetes_executor.py
[2023-03-03T16:12:27.322+0100] {processor.py:176} INFO - Processing /Users/uab910/dev/nnam-poc/pyenv/lib/python3.10/site-packages/airflow/example_dags/example_kubernetes_executor.py took 0.185 seconds
[2023-03-03T16:13:40.210+0100] {processor.py:154} INFO - Started process (PID=57640) to work on /Users/uab910/dev/nnam-poc/pyenv/lib/python3.10/site-packages/airflow/example_dags/example_kubernetes_executor.py
[2023-03-03T16:13:40.216+0100] {processor.py:756} INFO - Processing file /Users/uab910/dev/nnam-poc/pyenv/lib/python3.10/site-packages/airflow/example_dags/example_kubernetes_executor.py for tasks to queue
[2023-03-03T16:13:40.216+0100] {logging_mixin.py:137} INFO - [2023-03-03T16:13:40.216+0100] {dagbag.py:537} INFO - Filling up the DagBag from /Users/uab910/dev/nnam-poc/pyenv/lib/python3.10/site-packages/airflow/example_dags/example_kubernetes_executor.py
[2023-03-03T16:13:40.266+0100] {logging_mixin.py:137} INFO - [2023-03-03T16:13:40.266+0100] {example_kubernetes_executor.py:41} WARNING - The example_kubernetes_executor example DAG requires the kubernetes provider. Please install it with: pip install apache-airflow[cncf.kubernetes]
[2023-03-03T16:13:40.266+0100] {processor.py:768} WARNING - No viable dags retrieved from /Users/uab910/dev/nnam-poc/pyenv/lib/python3.10/site-packages/airflow/example_dags/example_kubernetes_executor.py
[2023-03-03T16:13:40.376+0100] {processor.py:176} INFO - Processing /Users/uab910/dev/nnam-poc/pyenv/lib/python3.10/site-packages/airflow/example_dags/example_kubernetes_executor.py took 0.167 seconds
[2023-03-03T16:14:55.973+0100] {processor.py:154} INFO - Started process (PID=57695) to work on /Users/uab910/dev/nnam-poc/pyenv/lib/python3.10/site-packages/airflow/example_dags/example_kubernetes_executor.py
[2023-03-03T16:14:55.978+0100] {processor.py:756} INFO - Processing file /Users/uab910/dev/nnam-poc/pyenv/lib/python3.10/site-packages/airflow/example_dags/example_kubernetes_executor.py for tasks to queue
[2023-03-03T16:14:55.978+0100] {logging_mixin.py:137} INFO - [2023-03-03T16:14:55.978+0100] {dagbag.py:537} INFO - Filling up the DagBag from /Users/uab910/dev/nnam-poc/pyenv/lib/python3.10/site-packages/airflow/example_dags/example_kubernetes_executor.py
[2023-03-03T16:14:56.024+0100] {logging_mixin.py:137} INFO - [2023-03-03T16:14:56.023+0100] {example_kubernetes_executor.py:41} WARNING - The example_kubernetes_executor example DAG requires the kubernetes provider. Please install it with: pip install apache-airflow[cncf.kubernetes]
[2023-03-03T16:14:56.024+0100] {processor.py:768} WARNING - No viable dags retrieved from /Users/uab910/dev/nnam-poc/pyenv/lib/python3.10/site-packages/airflow/example_dags/example_kubernetes_executor.py
[2023-03-03T16:14:56.131+0100] {processor.py:176} INFO - Processing /Users/uab910/dev/nnam-poc/pyenv/lib/python3.10/site-packages/airflow/example_dags/example_kubernetes_executor.py took 0.159 seconds
[2023-03-03T16:16:13.357+0100] {processor.py:154} INFO - Started process (PID=57755) to work on /Users/uab910/dev/nnam-poc/pyenv/lib/python3.10/site-packages/airflow/example_dags/example_kubernetes_executor.py
[2023-03-03T16:16:13.363+0100] {processor.py:756} INFO - Processing file /Users/uab910/dev/nnam-poc/pyenv/lib/python3.10/site-packages/airflow/example_dags/example_kubernetes_executor.py for tasks to queue
[2023-03-03T16:16:13.364+0100] {logging_mixin.py:137} INFO - [2023-03-03T16:16:13.363+0100] {dagbag.py:537} INFO - Filling up the DagBag from /Users/uab910/dev/nnam-poc/pyenv/lib/python3.10/site-packages/airflow/example_dags/example_kubernetes_executor.py
[2023-03-03T16:16:13.419+0100] {logging_mixin.py:137} INFO - [2023-03-03T16:16:13.419+0100] {example_kubernetes_executor.py:41} WARNING - The example_kubernetes_executor example DAG requires the kubernetes provider. Please install it with: pip install apache-airflow[cncf.kubernetes]
[2023-03-03T16:16:13.420+0100] {processor.py:768} WARNING - No viable dags retrieved from /Users/uab910/dev/nnam-poc/pyenv/lib/python3.10/site-packages/airflow/example_dags/example_kubernetes_executor.py
[2023-03-03T16:16:13.552+0100] {processor.py:176} INFO - Processing /Users/uab910/dev/nnam-poc/pyenv/lib/python3.10/site-packages/airflow/example_dags/example_kubernetes_executor.py took 0.196 seconds
[2023-03-03T16:17:33.324+0100] {processor.py:154} INFO - Started process (PID=57844) to work on /Users/uab910/dev/nnam-poc/pyenv/lib/python3.10/site-packages/airflow/example_dags/example_kubernetes_executor.py
[2023-03-03T16:17:33.329+0100] {processor.py:756} INFO - Processing file /Users/uab910/dev/nnam-poc/pyenv/lib/python3.10/site-packages/airflow/example_dags/example_kubernetes_executor.py for tasks to queue
[2023-03-03T16:17:33.329+0100] {logging_mixin.py:137} INFO - [2023-03-03T16:17:33.329+0100] {dagbag.py:537} INFO - Filling up the DagBag from /Users/uab910/dev/nnam-poc/pyenv/lib/python3.10/site-packages/airflow/example_dags/example_kubernetes_executor.py
[2023-03-03T16:17:33.384+0100] {logging_mixin.py:137} INFO - [2023-03-03T16:17:33.384+0100] {example_kubernetes_executor.py:41} WARNING - The example_kubernetes_executor example DAG requires the kubernetes provider. Please install it with: pip install apache-airflow[cncf.kubernetes]
[2023-03-03T16:17:33.384+0100] {processor.py:768} WARNING - No viable dags retrieved from /Users/uab910/dev/nnam-poc/pyenv/lib/python3.10/site-packages/airflow/example_dags/example_kubernetes_executor.py
[2023-03-03T16:17:33.521+0100] {processor.py:176} INFO - Processing /Users/uab910/dev/nnam-poc/pyenv/lib/python3.10/site-packages/airflow/example_dags/example_kubernetes_executor.py took 0.198 seconds
[2023-03-03T16:18:52.523+0100] {processor.py:154} INFO - Started process (PID=57899) to work on /Users/uab910/dev/nnam-poc/pyenv/lib/python3.10/site-packages/airflow/example_dags/example_kubernetes_executor.py
[2023-03-03T16:18:52.529+0100] {processor.py:756} INFO - Processing file /Users/uab910/dev/nnam-poc/pyenv/lib/python3.10/site-packages/airflow/example_dags/example_kubernetes_executor.py for tasks to queue
[2023-03-03T16:18:52.530+0100] {logging_mixin.py:137} INFO - [2023-03-03T16:18:52.529+0100] {dagbag.py:537} INFO - Filling up the DagBag from /Users/uab910/dev/nnam-poc/pyenv/lib/python3.10/site-packages/airflow/example_dags/example_kubernetes_executor.py
[2023-03-03T16:18:52.581+0100] {logging_mixin.py:137} INFO - [2023-03-03T16:18:52.581+0100] {example_kubernetes_executor.py:41} WARNING - The example_kubernetes_executor example DAG requires the kubernetes provider. Please install it with: pip install apache-airflow[cncf.kubernetes]
[2023-03-03T16:18:52.581+0100] {processor.py:768} WARNING - No viable dags retrieved from /Users/uab910/dev/nnam-poc/pyenv/lib/python3.10/site-packages/airflow/example_dags/example_kubernetes_executor.py
[2023-03-03T16:18:52.704+0100] {processor.py:176} INFO - Processing /Users/uab910/dev/nnam-poc/pyenv/lib/python3.10/site-packages/airflow/example_dags/example_kubernetes_executor.py took 0.182 seconds
[2023-03-03T16:20:09.056+0100] {processor.py:154} INFO - Started process (PID=57956) to work on /Users/uab910/dev/nnam-poc/pyenv/lib/python3.10/site-packages/airflow/example_dags/example_kubernetes_executor.py
[2023-03-03T16:20:09.062+0100] {processor.py:756} INFO - Processing file /Users/uab910/dev/nnam-poc/pyenv/lib/python3.10/site-packages/airflow/example_dags/example_kubernetes_executor.py for tasks to queue
[2023-03-03T16:20:09.062+0100] {logging_mixin.py:137} INFO - [2023-03-03T16:20:09.062+0100] {dagbag.py:537} INFO - Filling up the DagBag from /Users/uab910/dev/nnam-poc/pyenv/lib/python3.10/site-packages/airflow/example_dags/example_kubernetes_executor.py
[2023-03-03T16:20:09.110+0100] {logging_mixin.py:137} INFO - [2023-03-03T16:20:09.110+0100] {example_kubernetes_executor.py:41} WARNING - The example_kubernetes_executor example DAG requires the kubernetes provider. Please install it with: pip install apache-airflow[cncf.kubernetes]
[2023-03-03T16:20:09.110+0100] {processor.py:768} WARNING - No viable dags retrieved from /Users/uab910/dev/nnam-poc/pyenv/lib/python3.10/site-packages/airflow/example_dags/example_kubernetes_executor.py
[2023-03-03T16:20:09.219+0100] {processor.py:176} INFO - Processing /Users/uab910/dev/nnam-poc/pyenv/lib/python3.10/site-packages/airflow/example_dags/example_kubernetes_executor.py took 0.163 seconds
[2023-03-03T16:21:30.116+0100] {processor.py:154} INFO - Started process (PID=58043) to work on /Users/uab910/dev/nnam-poc/pyenv/lib/python3.10/site-packages/airflow/example_dags/example_kubernetes_executor.py
[2023-03-03T16:21:30.122+0100] {processor.py:756} INFO - Processing file /Users/uab910/dev/nnam-poc/pyenv/lib/python3.10/site-packages/airflow/example_dags/example_kubernetes_executor.py for tasks to queue
[2023-03-03T16:21:30.122+0100] {logging_mixin.py:137} INFO - [2023-03-03T16:21:30.122+0100] {dagbag.py:537} INFO - Filling up the DagBag from /Users/uab910/dev/nnam-poc/pyenv/lib/python3.10/site-packages/airflow/example_dags/example_kubernetes_executor.py
[2023-03-03T16:21:30.180+0100] {logging_mixin.py:137} INFO - [2023-03-03T16:21:30.180+0100] {example_kubernetes_executor.py:41} WARNING - The example_kubernetes_executor example DAG requires the kubernetes provider. Please install it with: pip install apache-airflow[cncf.kubernetes]
[2023-03-03T16:21:30.180+0100] {processor.py:768} WARNING - No viable dags retrieved from /Users/uab910/dev/nnam-poc/pyenv/lib/python3.10/site-packages/airflow/example_dags/example_kubernetes_executor.py
[2023-03-03T16:21:30.289+0100] {processor.py:176} INFO - Processing /Users/uab910/dev/nnam-poc/pyenv/lib/python3.10/site-packages/airflow/example_dags/example_kubernetes_executor.py took 0.174 seconds
[2023-03-03T16:22:48.705+0100] {processor.py:154} INFO - Started process (PID=58094) to work on /Users/uab910/dev/nnam-poc/pyenv/lib/python3.10/site-packages/airflow/example_dags/example_kubernetes_executor.py
[2023-03-03T16:22:48.709+0100] {processor.py:756} INFO - Processing file /Users/uab910/dev/nnam-poc/pyenv/lib/python3.10/site-packages/airflow/example_dags/example_kubernetes_executor.py for tasks to queue
[2023-03-03T16:22:48.710+0100] {logging_mixin.py:137} INFO - [2023-03-03T16:22:48.710+0100] {dagbag.py:537} INFO - Filling up the DagBag from /Users/uab910/dev/nnam-poc/pyenv/lib/python3.10/site-packages/airflow/example_dags/example_kubernetes_executor.py
[2023-03-03T16:22:48.760+0100] {logging_mixin.py:137} INFO - [2023-03-03T16:22:48.760+0100] {example_kubernetes_executor.py:41} WARNING - The example_kubernetes_executor example DAG requires the kubernetes provider. Please install it with: pip install apache-airflow[cncf.kubernetes]
[2023-03-03T16:22:48.760+0100] {processor.py:768} WARNING - No viable dags retrieved from /Users/uab910/dev/nnam-poc/pyenv/lib/python3.10/site-packages/airflow/example_dags/example_kubernetes_executor.py
[2023-03-03T16:22:48.878+0100] {processor.py:176} INFO - Processing /Users/uab910/dev/nnam-poc/pyenv/lib/python3.10/site-packages/airflow/example_dags/example_kubernetes_executor.py took 0.174 seconds
[2023-03-03T16:24:03.667+0100] {processor.py:154} INFO - Started process (PID=58182) to work on /Users/uab910/dev/nnam-poc/pyenv/lib/python3.10/site-packages/airflow/example_dags/example_kubernetes_executor.py
[2023-03-03T16:24:03.672+0100] {processor.py:756} INFO - Processing file /Users/uab910/dev/nnam-poc/pyenv/lib/python3.10/site-packages/airflow/example_dags/example_kubernetes_executor.py for tasks to queue
[2023-03-03T16:24:03.672+0100] {logging_mixin.py:137} INFO - [2023-03-03T16:24:03.672+0100] {dagbag.py:537} INFO - Filling up the DagBag from /Users/uab910/dev/nnam-poc/pyenv/lib/python3.10/site-packages/airflow/example_dags/example_kubernetes_executor.py
[2023-03-03T16:24:03.716+0100] {logging_mixin.py:137} INFO - [2023-03-03T16:24:03.716+0100] {example_kubernetes_executor.py:41} WARNING - The example_kubernetes_executor example DAG requires the kubernetes provider. Please install it with: pip install apache-airflow[cncf.kubernetes]
[2023-03-03T16:24:03.716+0100] {processor.py:768} WARNING - No viable dags retrieved from /Users/uab910/dev/nnam-poc/pyenv/lib/python3.10/site-packages/airflow/example_dags/example_kubernetes_executor.py
[2023-03-03T16:24:03.823+0100] {processor.py:176} INFO - Processing /Users/uab910/dev/nnam-poc/pyenv/lib/python3.10/site-packages/airflow/example_dags/example_kubernetes_executor.py took 0.156 seconds
[2023-03-03T16:25:20.259+0100] {processor.py:154} INFO - Started process (PID=58222) to work on /Users/uab910/dev/nnam-poc/pyenv/lib/python3.10/site-packages/airflow/example_dags/example_kubernetes_executor.py
[2023-03-03T16:25:20.268+0100] {processor.py:756} INFO - Processing file /Users/uab910/dev/nnam-poc/pyenv/lib/python3.10/site-packages/airflow/example_dags/example_kubernetes_executor.py for tasks to queue
[2023-03-03T16:25:20.268+0100] {logging_mixin.py:137} INFO - [2023-03-03T16:25:20.268+0100] {dagbag.py:537} INFO - Filling up the DagBag from /Users/uab910/dev/nnam-poc/pyenv/lib/python3.10/site-packages/airflow/example_dags/example_kubernetes_executor.py
[2023-03-03T16:25:20.320+0100] {logging_mixin.py:137} INFO - [2023-03-03T16:25:20.320+0100] {example_kubernetes_executor.py:41} WARNING - The example_kubernetes_executor example DAG requires the kubernetes provider. Please install it with: pip install apache-airflow[cncf.kubernetes]
[2023-03-03T16:25:20.320+0100] {processor.py:768} WARNING - No viable dags retrieved from /Users/uab910/dev/nnam-poc/pyenv/lib/python3.10/site-packages/airflow/example_dags/example_kubernetes_executor.py
[2023-03-03T16:25:20.439+0100] {processor.py:176} INFO - Processing /Users/uab910/dev/nnam-poc/pyenv/lib/python3.10/site-packages/airflow/example_dags/example_kubernetes_executor.py took 0.181 seconds
[2023-03-03T16:26:34.841+0100] {processor.py:154} INFO - Started process (PID=58262) to work on /Users/uab910/dev/nnam-poc/pyenv/lib/python3.10/site-packages/airflow/example_dags/example_kubernetes_executor.py
[2023-03-03T16:26:34.846+0100] {processor.py:756} INFO - Processing file /Users/uab910/dev/nnam-poc/pyenv/lib/python3.10/site-packages/airflow/example_dags/example_kubernetes_executor.py for tasks to queue
[2023-03-03T16:26:34.846+0100] {logging_mixin.py:137} INFO - [2023-03-03T16:26:34.846+0100] {dagbag.py:537} INFO - Filling up the DagBag from /Users/uab910/dev/nnam-poc/pyenv/lib/python3.10/site-packages/airflow/example_dags/example_kubernetes_executor.py
[2023-03-03T16:26:34.889+0100] {logging_mixin.py:137} INFO - [2023-03-03T16:26:34.889+0100] {example_kubernetes_executor.py:41} WARNING - The example_kubernetes_executor example DAG requires the kubernetes provider. Please install it with: pip install apache-airflow[cncf.kubernetes]
[2023-03-03T16:26:34.889+0100] {processor.py:768} WARNING - No viable dags retrieved from /Users/uab910/dev/nnam-poc/pyenv/lib/python3.10/site-packages/airflow/example_dags/example_kubernetes_executor.py
[2023-03-03T16:26:34.992+0100] {processor.py:176} INFO - Processing /Users/uab910/dev/nnam-poc/pyenv/lib/python3.10/site-packages/airflow/example_dags/example_kubernetes_executor.py took 0.151 seconds
[2023-03-03T16:27:49.172+0100] {processor.py:154} INFO - Started process (PID=58311) to work on /Users/uab910/dev/nnam-poc/pyenv/lib/python3.10/site-packages/airflow/example_dags/example_kubernetes_executor.py
[2023-03-03T16:27:49.178+0100] {processor.py:756} INFO - Processing file /Users/uab910/dev/nnam-poc/pyenv/lib/python3.10/site-packages/airflow/example_dags/example_kubernetes_executor.py for tasks to queue
[2023-03-03T16:27:49.178+0100] {logging_mixin.py:137} INFO - [2023-03-03T16:27:49.178+0100] {dagbag.py:537} INFO - Filling up the DagBag from /Users/uab910/dev/nnam-poc/pyenv/lib/python3.10/site-packages/airflow/example_dags/example_kubernetes_executor.py
[2023-03-03T16:27:49.225+0100] {logging_mixin.py:137} INFO - [2023-03-03T16:27:49.225+0100] {example_kubernetes_executor.py:41} WARNING - The example_kubernetes_executor example DAG requires the kubernetes provider. Please install it with: pip install apache-airflow[cncf.kubernetes]
[2023-03-03T16:27:49.226+0100] {processor.py:768} WARNING - No viable dags retrieved from /Users/uab910/dev/nnam-poc/pyenv/lib/python3.10/site-packages/airflow/example_dags/example_kubernetes_executor.py
[2023-03-03T16:27:49.330+0100] {processor.py:176} INFO - Processing /Users/uab910/dev/nnam-poc/pyenv/lib/python3.10/site-packages/airflow/example_dags/example_kubernetes_executor.py took 0.158 seconds
[2023-03-03T16:29:05.151+0100] {processor.py:154} INFO - Started process (PID=58351) to work on /Users/uab910/dev/nnam-poc/pyenv/lib/python3.10/site-packages/airflow/example_dags/example_kubernetes_executor.py
[2023-03-03T16:29:05.155+0100] {processor.py:756} INFO - Processing file /Users/uab910/dev/nnam-poc/pyenv/lib/python3.10/site-packages/airflow/example_dags/example_kubernetes_executor.py for tasks to queue
[2023-03-03T16:29:05.156+0100] {logging_mixin.py:137} INFO - [2023-03-03T16:29:05.155+0100] {dagbag.py:537} INFO - Filling up the DagBag from /Users/uab910/dev/nnam-poc/pyenv/lib/python3.10/site-packages/airflow/example_dags/example_kubernetes_executor.py
[2023-03-03T16:29:05.202+0100] {logging_mixin.py:137} INFO - [2023-03-03T16:29:05.202+0100] {example_kubernetes_executor.py:41} WARNING - The example_kubernetes_executor example DAG requires the kubernetes provider. Please install it with: pip install apache-airflow[cncf.kubernetes]
[2023-03-03T16:29:05.202+0100] {processor.py:768} WARNING - No viable dags retrieved from /Users/uab910/dev/nnam-poc/pyenv/lib/python3.10/site-packages/airflow/example_dags/example_kubernetes_executor.py
[2023-03-03T16:29:05.313+0100] {processor.py:176} INFO - Processing /Users/uab910/dev/nnam-poc/pyenv/lib/python3.10/site-packages/airflow/example_dags/example_kubernetes_executor.py took 0.163 seconds
[2023-03-03T16:30:20.914+0100] {processor.py:154} INFO - Started process (PID=58395) to work on /Users/uab910/dev/nnam-poc/pyenv/lib/python3.10/site-packages/airflow/example_dags/example_kubernetes_executor.py
[2023-03-03T16:30:20.920+0100] {processor.py:756} INFO - Processing file /Users/uab910/dev/nnam-poc/pyenv/lib/python3.10/site-packages/airflow/example_dags/example_kubernetes_executor.py for tasks to queue
[2023-03-03T16:30:20.920+0100] {logging_mixin.py:137} INFO - [2023-03-03T16:30:20.920+0100] {dagbag.py:537} INFO - Filling up the DagBag from /Users/uab910/dev/nnam-poc/pyenv/lib/python3.10/site-packages/airflow/example_dags/example_kubernetes_executor.py
[2023-03-03T16:30:20.970+0100] {logging_mixin.py:137} INFO - [2023-03-03T16:30:20.970+0100] {example_kubernetes_executor.py:41} WARNING - The example_kubernetes_executor example DAG requires the kubernetes provider. Please install it with: pip install apache-airflow[cncf.kubernetes]
[2023-03-03T16:30:20.970+0100] {processor.py:768} WARNING - No viable dags retrieved from /Users/uab910/dev/nnam-poc/pyenv/lib/python3.10/site-packages/airflow/example_dags/example_kubernetes_executor.py
[2023-03-03T16:30:21.088+0100] {processor.py:176} INFO - Processing /Users/uab910/dev/nnam-poc/pyenv/lib/python3.10/site-packages/airflow/example_dags/example_kubernetes_executor.py took 0.175 seconds
[2023-03-03T16:31:37.300+0100] {processor.py:154} INFO - Started process (PID=58437) to work on /Users/uab910/dev/nnam-poc/pyenv/lib/python3.10/site-packages/airflow/example_dags/example_kubernetes_executor.py
[2023-03-03T16:31:37.305+0100] {processor.py:756} INFO - Processing file /Users/uab910/dev/nnam-poc/pyenv/lib/python3.10/site-packages/airflow/example_dags/example_kubernetes_executor.py for tasks to queue
[2023-03-03T16:31:37.306+0100] {logging_mixin.py:137} INFO - [2023-03-03T16:31:37.306+0100] {dagbag.py:537} INFO - Filling up the DagBag from /Users/uab910/dev/nnam-poc/pyenv/lib/python3.10/site-packages/airflow/example_dags/example_kubernetes_executor.py
[2023-03-03T16:31:37.355+0100] {logging_mixin.py:137} INFO - [2023-03-03T16:31:37.355+0100] {example_kubernetes_executor.py:41} WARNING - The example_kubernetes_executor example DAG requires the kubernetes provider. Please install it with: pip install apache-airflow[cncf.kubernetes]
[2023-03-03T16:31:37.355+0100] {processor.py:768} WARNING - No viable dags retrieved from /Users/uab910/dev/nnam-poc/pyenv/lib/python3.10/site-packages/airflow/example_dags/example_kubernetes_executor.py
[2023-03-03T16:31:37.458+0100] {processor.py:176} INFO - Processing /Users/uab910/dev/nnam-poc/pyenv/lib/python3.10/site-packages/airflow/example_dags/example_kubernetes_executor.py took 0.159 seconds
[2023-03-03T16:32:53.936+0100] {processor.py:154} INFO - Started process (PID=58475) to work on /Users/uab910/dev/nnam-poc/pyenv/lib/python3.10/site-packages/airflow/example_dags/example_kubernetes_executor.py
[2023-03-03T16:32:53.942+0100] {processor.py:756} INFO - Processing file /Users/uab910/dev/nnam-poc/pyenv/lib/python3.10/site-packages/airflow/example_dags/example_kubernetes_executor.py for tasks to queue
[2023-03-03T16:32:53.943+0100] {logging_mixin.py:137} INFO - [2023-03-03T16:32:53.942+0100] {dagbag.py:537} INFO - Filling up the DagBag from /Users/uab910/dev/nnam-poc/pyenv/lib/python3.10/site-packages/airflow/example_dags/example_kubernetes_executor.py
[2023-03-03T16:32:53.990+0100] {logging_mixin.py:137} INFO - [2023-03-03T16:32:53.990+0100] {example_kubernetes_executor.py:41} WARNING - The example_kubernetes_executor example DAG requires the kubernetes provider. Please install it with: pip install apache-airflow[cncf.kubernetes]
[2023-03-03T16:32:53.990+0100] {processor.py:768} WARNING - No viable dags retrieved from /Users/uab910/dev/nnam-poc/pyenv/lib/python3.10/site-packages/airflow/example_dags/example_kubernetes_executor.py
[2023-03-03T16:32:54.102+0100] {processor.py:176} INFO - Processing /Users/uab910/dev/nnam-poc/pyenv/lib/python3.10/site-packages/airflow/example_dags/example_kubernetes_executor.py took 0.166 seconds
[2023-03-03T16:34:11.080+0100] {processor.py:154} INFO - Started process (PID=58537) to work on /Users/uab910/dev/nnam-poc/pyenv/lib/python3.10/site-packages/airflow/example_dags/example_kubernetes_executor.py
[2023-03-03T16:34:11.086+0100] {processor.py:756} INFO - Processing file /Users/uab910/dev/nnam-poc/pyenv/lib/python3.10/site-packages/airflow/example_dags/example_kubernetes_executor.py for tasks to queue
[2023-03-03T16:34:11.086+0100] {logging_mixin.py:137} INFO - [2023-03-03T16:34:11.086+0100] {dagbag.py:537} INFO - Filling up the DagBag from /Users/uab910/dev/nnam-poc/pyenv/lib/python3.10/site-packages/airflow/example_dags/example_kubernetes_executor.py
[2023-03-03T16:34:11.139+0100] {logging_mixin.py:137} INFO - [2023-03-03T16:34:11.139+0100] {example_kubernetes_executor.py:41} WARNING - The example_kubernetes_executor example DAG requires the kubernetes provider. Please install it with: pip install apache-airflow[cncf.kubernetes]
[2023-03-03T16:34:11.139+0100] {processor.py:768} WARNING - No viable dags retrieved from /Users/uab910/dev/nnam-poc/pyenv/lib/python3.10/site-packages/airflow/example_dags/example_kubernetes_executor.py
[2023-03-03T16:34:11.258+0100] {processor.py:176} INFO - Processing /Users/uab910/dev/nnam-poc/pyenv/lib/python3.10/site-packages/airflow/example_dags/example_kubernetes_executor.py took 0.179 seconds
[2023-03-03T16:35:28.085+0100] {processor.py:154} INFO - Started process (PID=58581) to work on /Users/uab910/dev/nnam-poc/pyenv/lib/python3.10/site-packages/airflow/example_dags/example_kubernetes_executor.py
[2023-03-03T16:35:28.092+0100] {processor.py:756} INFO - Processing file /Users/uab910/dev/nnam-poc/pyenv/lib/python3.10/site-packages/airflow/example_dags/example_kubernetes_executor.py for tasks to queue
[2023-03-03T16:35:28.092+0100] {logging_mixin.py:137} INFO - [2023-03-03T16:35:28.092+0100] {dagbag.py:537} INFO - Filling up the DagBag from /Users/uab910/dev/nnam-poc/pyenv/lib/python3.10/site-packages/airflow/example_dags/example_kubernetes_executor.py
[2023-03-03T16:35:28.153+0100] {logging_mixin.py:137} INFO - [2023-03-03T16:35:28.153+0100] {example_kubernetes_executor.py:41} WARNING - The example_kubernetes_executor example DAG requires the kubernetes provider. Please install it with: pip install apache-airflow[cncf.kubernetes]
[2023-03-03T16:35:28.154+0100] {processor.py:768} WARNING - No viable dags retrieved from /Users/uab910/dev/nnam-poc/pyenv/lib/python3.10/site-packages/airflow/example_dags/example_kubernetes_executor.py
[2023-03-03T16:35:28.299+0100] {processor.py:176} INFO - Processing /Users/uab910/dev/nnam-poc/pyenv/lib/python3.10/site-packages/airflow/example_dags/example_kubernetes_executor.py took 0.215 seconds
[2023-03-03T16:36:44.696+0100] {processor.py:154} INFO - Started process (PID=58625) to work on /Users/uab910/dev/nnam-poc/pyenv/lib/python3.10/site-packages/airflow/example_dags/example_kubernetes_executor.py
[2023-03-03T16:36:44.701+0100] {processor.py:756} INFO - Processing file /Users/uab910/dev/nnam-poc/pyenv/lib/python3.10/site-packages/airflow/example_dags/example_kubernetes_executor.py for tasks to queue
[2023-03-03T16:36:44.702+0100] {logging_mixin.py:137} INFO - [2023-03-03T16:36:44.702+0100] {dagbag.py:537} INFO - Filling up the DagBag from /Users/uab910/dev/nnam-poc/pyenv/lib/python3.10/site-packages/airflow/example_dags/example_kubernetes_executor.py
[2023-03-03T16:36:44.743+0100] {logging_mixin.py:137} INFO - [2023-03-03T16:36:44.743+0100] {example_kubernetes_executor.py:41} WARNING - The example_kubernetes_executor example DAG requires the kubernetes provider. Please install it with: pip install apache-airflow[cncf.kubernetes]
[2023-03-03T16:36:44.743+0100] {processor.py:768} WARNING - No viable dags retrieved from /Users/uab910/dev/nnam-poc/pyenv/lib/python3.10/site-packages/airflow/example_dags/example_kubernetes_executor.py
[2023-03-03T16:36:44.849+0100] {processor.py:176} INFO - Processing /Users/uab910/dev/nnam-poc/pyenv/lib/python3.10/site-packages/airflow/example_dags/example_kubernetes_executor.py took 0.154 seconds
[2023-03-03T16:38:03.158+0100] {processor.py:154} INFO - Started process (PID=58668) to work on /Users/uab910/dev/nnam-poc/pyenv/lib/python3.10/site-packages/airflow/example_dags/example_kubernetes_executor.py
[2023-03-03T16:38:03.165+0100] {processor.py:756} INFO - Processing file /Users/uab910/dev/nnam-poc/pyenv/lib/python3.10/site-packages/airflow/example_dags/example_kubernetes_executor.py for tasks to queue
[2023-03-03T16:38:03.165+0100] {logging_mixin.py:137} INFO - [2023-03-03T16:38:03.165+0100] {dagbag.py:537} INFO - Filling up the DagBag from /Users/uab910/dev/nnam-poc/pyenv/lib/python3.10/site-packages/airflow/example_dags/example_kubernetes_executor.py
[2023-03-03T16:38:03.218+0100] {logging_mixin.py:137} INFO - [2023-03-03T16:38:03.218+0100] {example_kubernetes_executor.py:41} WARNING - The example_kubernetes_executor example DAG requires the kubernetes provider. Please install it with: pip install apache-airflow[cncf.kubernetes]
[2023-03-03T16:38:03.219+0100] {processor.py:768} WARNING - No viable dags retrieved from /Users/uab910/dev/nnam-poc/pyenv/lib/python3.10/site-packages/airflow/example_dags/example_kubernetes_executor.py
[2023-03-03T16:38:03.342+0100] {processor.py:176} INFO - Processing /Users/uab910/dev/nnam-poc/pyenv/lib/python3.10/site-packages/airflow/example_dags/example_kubernetes_executor.py took 0.184 seconds
[2023-03-03T16:39:40.596+0100] {processor.py:154} INFO - Started process (PID=58720) to work on /Users/uab910/dev/nnam-poc/pyenv/lib/python3.10/site-packages/airflow/example_dags/example_kubernetes_executor.py
[2023-03-03T16:39:40.606+0100] {processor.py:756} INFO - Processing file /Users/uab910/dev/nnam-poc/pyenv/lib/python3.10/site-packages/airflow/example_dags/example_kubernetes_executor.py for tasks to queue
[2023-03-03T16:39:40.607+0100] {logging_mixin.py:137} INFO - [2023-03-03T16:39:40.607+0100] {dagbag.py:537} INFO - Filling up the DagBag from /Users/uab910/dev/nnam-poc/pyenv/lib/python3.10/site-packages/airflow/example_dags/example_kubernetes_executor.py
[2023-03-03T16:39:40.667+0100] {logging_mixin.py:137} INFO - [2023-03-03T16:39:40.667+0100] {example_kubernetes_executor.py:41} WARNING - The example_kubernetes_executor example DAG requires the kubernetes provider. Please install it with: pip install apache-airflow[cncf.kubernetes]
[2023-03-03T16:39:40.667+0100] {processor.py:768} WARNING - No viable dags retrieved from /Users/uab910/dev/nnam-poc/pyenv/lib/python3.10/site-packages/airflow/example_dags/example_kubernetes_executor.py
[2023-03-03T16:39:40.803+0100] {processor.py:176} INFO - Processing /Users/uab910/dev/nnam-poc/pyenv/lib/python3.10/site-packages/airflow/example_dags/example_kubernetes_executor.py took 0.208 seconds
[2023-03-03T16:41:15.488+0100] {processor.py:154} INFO - Started process (PID=58773) to work on /Users/uab910/dev/nnam-poc/pyenv/lib/python3.10/site-packages/airflow/example_dags/example_kubernetes_executor.py
[2023-03-03T16:41:15.494+0100] {processor.py:756} INFO - Processing file /Users/uab910/dev/nnam-poc/pyenv/lib/python3.10/site-packages/airflow/example_dags/example_kubernetes_executor.py for tasks to queue
[2023-03-03T16:41:15.495+0100] {logging_mixin.py:137} INFO - [2023-03-03T16:41:15.494+0100] {dagbag.py:537} INFO - Filling up the DagBag from /Users/uab910/dev/nnam-poc/pyenv/lib/python3.10/site-packages/airflow/example_dags/example_kubernetes_executor.py
[2023-03-03T16:41:15.550+0100] {logging_mixin.py:137} INFO - [2023-03-03T16:41:15.550+0100] {example_kubernetes_executor.py:41} WARNING - The example_kubernetes_executor example DAG requires the kubernetes provider. Please install it with: pip install apache-airflow[cncf.kubernetes]
[2023-03-03T16:41:15.550+0100] {processor.py:768} WARNING - No viable dags retrieved from /Users/uab910/dev/nnam-poc/pyenv/lib/python3.10/site-packages/airflow/example_dags/example_kubernetes_executor.py
[2023-03-03T16:41:15.678+0100] {processor.py:176} INFO - Processing /Users/uab910/dev/nnam-poc/pyenv/lib/python3.10/site-packages/airflow/example_dags/example_kubernetes_executor.py took 0.191 seconds
[2023-03-03T16:42:45.041+0100] {processor.py:154} INFO - Started process (PID=58818) to work on /Users/uab910/dev/nnam-poc/pyenv/lib/python3.10/site-packages/airflow/example_dags/example_kubernetes_executor.py
[2023-03-03T16:42:45.047+0100] {processor.py:756} INFO - Processing file /Users/uab910/dev/nnam-poc/pyenv/lib/python3.10/site-packages/airflow/example_dags/example_kubernetes_executor.py for tasks to queue
[2023-03-03T16:42:45.048+0100] {logging_mixin.py:137} INFO - [2023-03-03T16:42:45.048+0100] {dagbag.py:537} INFO - Filling up the DagBag from /Users/uab910/dev/nnam-poc/pyenv/lib/python3.10/site-packages/airflow/example_dags/example_kubernetes_executor.py
[2023-03-03T16:42:45.103+0100] {logging_mixin.py:137} INFO - [2023-03-03T16:42:45.103+0100] {example_kubernetes_executor.py:41} WARNING - The example_kubernetes_executor example DAG requires the kubernetes provider. Please install it with: pip install apache-airflow[cncf.kubernetes]
[2023-03-03T16:42:45.103+0100] {processor.py:768} WARNING - No viable dags retrieved from /Users/uab910/dev/nnam-poc/pyenv/lib/python3.10/site-packages/airflow/example_dags/example_kubernetes_executor.py
[2023-03-03T16:42:45.234+0100] {processor.py:176} INFO - Processing /Users/uab910/dev/nnam-poc/pyenv/lib/python3.10/site-packages/airflow/example_dags/example_kubernetes_executor.py took 0.194 seconds
[2023-03-03T16:44:21.172+0100] {processor.py:154} INFO - Started process (PID=58896) to work on /Users/uab910/dev/nnam-poc/pyenv/lib/python3.10/site-packages/airflow/example_dags/example_kubernetes_executor.py
[2023-03-03T16:44:21.178+0100] {processor.py:756} INFO - Processing file /Users/uab910/dev/nnam-poc/pyenv/lib/python3.10/site-packages/airflow/example_dags/example_kubernetes_executor.py for tasks to queue
[2023-03-03T16:44:21.179+0100] {logging_mixin.py:137} INFO - [2023-03-03T16:44:21.179+0100] {dagbag.py:537} INFO - Filling up the DagBag from /Users/uab910/dev/nnam-poc/pyenv/lib/python3.10/site-packages/airflow/example_dags/example_kubernetes_executor.py
[2023-03-03T16:44:21.230+0100] {logging_mixin.py:137} INFO - [2023-03-03T16:44:21.230+0100] {example_kubernetes_executor.py:41} WARNING - The example_kubernetes_executor example DAG requires the kubernetes provider. Please install it with: pip install apache-airflow[cncf.kubernetes]
[2023-03-03T16:44:21.230+0100] {processor.py:768} WARNING - No viable dags retrieved from /Users/uab910/dev/nnam-poc/pyenv/lib/python3.10/site-packages/airflow/example_dags/example_kubernetes_executor.py
[2023-03-03T16:44:21.340+0100] {processor.py:176} INFO - Processing /Users/uab910/dev/nnam-poc/pyenv/lib/python3.10/site-packages/airflow/example_dags/example_kubernetes_executor.py took 0.169 seconds
[2023-03-03T16:45:55.039+0100] {processor.py:154} INFO - Started process (PID=58957) to work on /Users/uab910/dev/nnam-poc/pyenv/lib/python3.10/site-packages/airflow/example_dags/example_kubernetes_executor.py
[2023-03-03T16:45:55.045+0100] {processor.py:756} INFO - Processing file /Users/uab910/dev/nnam-poc/pyenv/lib/python3.10/site-packages/airflow/example_dags/example_kubernetes_executor.py for tasks to queue
[2023-03-03T16:45:55.045+0100] {logging_mixin.py:137} INFO - [2023-03-03T16:45:55.045+0100] {dagbag.py:537} INFO - Filling up the DagBag from /Users/uab910/dev/nnam-poc/pyenv/lib/python3.10/site-packages/airflow/example_dags/example_kubernetes_executor.py
[2023-03-03T16:45:55.100+0100] {logging_mixin.py:137} INFO - [2023-03-03T16:45:55.099+0100] {example_kubernetes_executor.py:41} WARNING - The example_kubernetes_executor example DAG requires the kubernetes provider. Please install it with: pip install apache-airflow[cncf.kubernetes]
[2023-03-03T16:45:55.100+0100] {processor.py:768} WARNING - No viable dags retrieved from /Users/uab910/dev/nnam-poc/pyenv/lib/python3.10/site-packages/airflow/example_dags/example_kubernetes_executor.py
[2023-03-03T16:45:55.211+0100] {processor.py:176} INFO - Processing /Users/uab910/dev/nnam-poc/pyenv/lib/python3.10/site-packages/airflow/example_dags/example_kubernetes_executor.py took 0.172 seconds
[2023-03-03T16:47:28.158+0100] {processor.py:154} INFO - Started process (PID=59022) to work on /Users/uab910/dev/nnam-poc/pyenv/lib/python3.10/site-packages/airflow/example_dags/example_kubernetes_executor.py
[2023-03-03T16:47:28.163+0100] {processor.py:756} INFO - Processing file /Users/uab910/dev/nnam-poc/pyenv/lib/python3.10/site-packages/airflow/example_dags/example_kubernetes_executor.py for tasks to queue
[2023-03-03T16:47:28.163+0100] {logging_mixin.py:137} INFO - [2023-03-03T16:47:28.163+0100] {dagbag.py:537} INFO - Filling up the DagBag from /Users/uab910/dev/nnam-poc/pyenv/lib/python3.10/site-packages/airflow/example_dags/example_kubernetes_executor.py
[2023-03-03T16:47:28.212+0100] {logging_mixin.py:137} INFO - [2023-03-03T16:47:28.212+0100] {example_kubernetes_executor.py:41} WARNING - The example_kubernetes_executor example DAG requires the kubernetes provider. Please install it with: pip install apache-airflow[cncf.kubernetes]
[2023-03-03T16:47:28.212+0100] {processor.py:768} WARNING - No viable dags retrieved from /Users/uab910/dev/nnam-poc/pyenv/lib/python3.10/site-packages/airflow/example_dags/example_kubernetes_executor.py
[2023-03-03T16:47:28.330+0100] {processor.py:176} INFO - Processing /Users/uab910/dev/nnam-poc/pyenv/lib/python3.10/site-packages/airflow/example_dags/example_kubernetes_executor.py took 0.173 seconds
[2023-03-03T16:48:58.858+0100] {processor.py:154} INFO - Started process (PID=59074) to work on /Users/uab910/dev/nnam-poc/pyenv/lib/python3.10/site-packages/airflow/example_dags/example_kubernetes_executor.py
[2023-03-03T16:48:58.864+0100] {processor.py:756} INFO - Processing file /Users/uab910/dev/nnam-poc/pyenv/lib/python3.10/site-packages/airflow/example_dags/example_kubernetes_executor.py for tasks to queue
[2023-03-03T16:48:58.865+0100] {logging_mixin.py:137} INFO - [2023-03-03T16:48:58.865+0100] {dagbag.py:537} INFO - Filling up the DagBag from /Users/uab910/dev/nnam-poc/pyenv/lib/python3.10/site-packages/airflow/example_dags/example_kubernetes_executor.py
[2023-03-03T16:48:58.914+0100] {logging_mixin.py:137} INFO - [2023-03-03T16:48:58.914+0100] {example_kubernetes_executor.py:41} WARNING - The example_kubernetes_executor example DAG requires the kubernetes provider. Please install it with: pip install apache-airflow[cncf.kubernetes]
[2023-03-03T16:48:58.914+0100] {processor.py:768} WARNING - No viable dags retrieved from /Users/uab910/dev/nnam-poc/pyenv/lib/python3.10/site-packages/airflow/example_dags/example_kubernetes_executor.py
[2023-03-03T16:48:59.021+0100] {processor.py:176} INFO - Processing /Users/uab910/dev/nnam-poc/pyenv/lib/python3.10/site-packages/airflow/example_dags/example_kubernetes_executor.py took 0.164 seconds
[2023-03-03T16:50:33.236+0100] {processor.py:154} INFO - Started process (PID=59135) to work on /Users/uab910/dev/nnam-poc/pyenv/lib/python3.10/site-packages/airflow/example_dags/example_kubernetes_executor.py
[2023-03-03T16:50:33.242+0100] {processor.py:756} INFO - Processing file /Users/uab910/dev/nnam-poc/pyenv/lib/python3.10/site-packages/airflow/example_dags/example_kubernetes_executor.py for tasks to queue
[2023-03-03T16:50:33.243+0100] {logging_mixin.py:137} INFO - [2023-03-03T16:50:33.242+0100] {dagbag.py:537} INFO - Filling up the DagBag from /Users/uab910/dev/nnam-poc/pyenv/lib/python3.10/site-packages/airflow/example_dags/example_kubernetes_executor.py
[2023-03-03T16:50:33.301+0100] {logging_mixin.py:137} INFO - [2023-03-03T16:50:33.301+0100] {example_kubernetes_executor.py:41} WARNING - The example_kubernetes_executor example DAG requires the kubernetes provider. Please install it with: pip install apache-airflow[cncf.kubernetes]
[2023-03-03T16:50:33.301+0100] {processor.py:768} WARNING - No viable dags retrieved from /Users/uab910/dev/nnam-poc/pyenv/lib/python3.10/site-packages/airflow/example_dags/example_kubernetes_executor.py
[2023-03-03T16:50:33.427+0100] {processor.py:176} INFO - Processing /Users/uab910/dev/nnam-poc/pyenv/lib/python3.10/site-packages/airflow/example_dags/example_kubernetes_executor.py took 0.191 seconds
[2023-03-03T16:52:05.773+0100] {processor.py:154} INFO - Started process (PID=59193) to work on /Users/uab910/dev/nnam-poc/pyenv/lib/python3.10/site-packages/airflow/example_dags/example_kubernetes_executor.py
[2023-03-03T16:52:05.778+0100] {processor.py:756} INFO - Processing file /Users/uab910/dev/nnam-poc/pyenv/lib/python3.10/site-packages/airflow/example_dags/example_kubernetes_executor.py for tasks to queue
[2023-03-03T16:52:05.778+0100] {logging_mixin.py:137} INFO - [2023-03-03T16:52:05.778+0100] {dagbag.py:537} INFO - Filling up the DagBag from /Users/uab910/dev/nnam-poc/pyenv/lib/python3.10/site-packages/airflow/example_dags/example_kubernetes_executor.py
[2023-03-03T16:52:05.820+0100] {logging_mixin.py:137} INFO - [2023-03-03T16:52:05.820+0100] {example_kubernetes_executor.py:41} WARNING - The example_kubernetes_executor example DAG requires the kubernetes provider. Please install it with: pip install apache-airflow[cncf.kubernetes]
[2023-03-03T16:52:05.820+0100] {processor.py:768} WARNING - No viable dags retrieved from /Users/uab910/dev/nnam-poc/pyenv/lib/python3.10/site-packages/airflow/example_dags/example_kubernetes_executor.py
[2023-03-03T16:52:05.922+0100] {processor.py:176} INFO - Processing /Users/uab910/dev/nnam-poc/pyenv/lib/python3.10/site-packages/airflow/example_dags/example_kubernetes_executor.py took 0.150 seconds
[2023-03-03T16:53:34.216+0100] {processor.py:154} INFO - Started process (PID=59240) to work on /Users/uab910/dev/nnam-poc/pyenv/lib/python3.10/site-packages/airflow/example_dags/example_kubernetes_executor.py
[2023-03-03T16:53:34.221+0100] {processor.py:756} INFO - Processing file /Users/uab910/dev/nnam-poc/pyenv/lib/python3.10/site-packages/airflow/example_dags/example_kubernetes_executor.py for tasks to queue
[2023-03-03T16:53:34.222+0100] {logging_mixin.py:137} INFO - [2023-03-03T16:53:34.222+0100] {dagbag.py:537} INFO - Filling up the DagBag from /Users/uab910/dev/nnam-poc/pyenv/lib/python3.10/site-packages/airflow/example_dags/example_kubernetes_executor.py
[2023-03-03T16:53:34.271+0100] {logging_mixin.py:137} INFO - [2023-03-03T16:53:34.271+0100] {example_kubernetes_executor.py:41} WARNING - The example_kubernetes_executor example DAG requires the kubernetes provider. Please install it with: pip install apache-airflow[cncf.kubernetes]
[2023-03-03T16:53:34.271+0100] {processor.py:768} WARNING - No viable dags retrieved from /Users/uab910/dev/nnam-poc/pyenv/lib/python3.10/site-packages/airflow/example_dags/example_kubernetes_executor.py
[2023-03-03T16:53:34.379+0100] {processor.py:176} INFO - Processing /Users/uab910/dev/nnam-poc/pyenv/lib/python3.10/site-packages/airflow/example_dags/example_kubernetes_executor.py took 0.164 seconds
[2023-03-03T16:55:06.397+0100] {processor.py:154} INFO - Started process (PID=59302) to work on /Users/uab910/dev/nnam-poc/pyenv/lib/python3.10/site-packages/airflow/example_dags/example_kubernetes_executor.py
[2023-03-03T16:55:06.402+0100] {processor.py:756} INFO - Processing file /Users/uab910/dev/nnam-poc/pyenv/lib/python3.10/site-packages/airflow/example_dags/example_kubernetes_executor.py for tasks to queue
[2023-03-03T16:55:06.403+0100] {logging_mixin.py:137} INFO - [2023-03-03T16:55:06.403+0100] {dagbag.py:537} INFO - Filling up the DagBag from /Users/uab910/dev/nnam-poc/pyenv/lib/python3.10/site-packages/airflow/example_dags/example_kubernetes_executor.py
[2023-03-03T16:55:06.459+0100] {logging_mixin.py:137} INFO - [2023-03-03T16:55:06.459+0100] {example_kubernetes_executor.py:41} WARNING - The example_kubernetes_executor example DAG requires the kubernetes provider. Please install it with: pip install apache-airflow[cncf.kubernetes]
[2023-03-03T16:55:06.459+0100] {processor.py:768} WARNING - No viable dags retrieved from /Users/uab910/dev/nnam-poc/pyenv/lib/python3.10/site-packages/airflow/example_dags/example_kubernetes_executor.py
[2023-03-03T16:55:06.592+0100] {processor.py:176} INFO - Processing /Users/uab910/dev/nnam-poc/pyenv/lib/python3.10/site-packages/airflow/example_dags/example_kubernetes_executor.py took 0.196 seconds
[2023-03-03T16:56:39.675+0100] {processor.py:154} INFO - Started process (PID=59352) to work on /Users/uab910/dev/nnam-poc/pyenv/lib/python3.10/site-packages/airflow/example_dags/example_kubernetes_executor.py
[2023-03-03T16:56:39.681+0100] {processor.py:756} INFO - Processing file /Users/uab910/dev/nnam-poc/pyenv/lib/python3.10/site-packages/airflow/example_dags/example_kubernetes_executor.py for tasks to queue
[2023-03-03T16:56:39.681+0100] {logging_mixin.py:137} INFO - [2023-03-03T16:56:39.681+0100] {dagbag.py:537} INFO - Filling up the DagBag from /Users/uab910/dev/nnam-poc/pyenv/lib/python3.10/site-packages/airflow/example_dags/example_kubernetes_executor.py
[2023-03-03T16:56:39.736+0100] {logging_mixin.py:137} INFO - [2023-03-03T16:56:39.736+0100] {example_kubernetes_executor.py:41} WARNING - The example_kubernetes_executor example DAG requires the kubernetes provider. Please install it with: pip install apache-airflow[cncf.kubernetes]
[2023-03-03T16:56:39.736+0100] {processor.py:768} WARNING - No viable dags retrieved from /Users/uab910/dev/nnam-poc/pyenv/lib/python3.10/site-packages/airflow/example_dags/example_kubernetes_executor.py
[2023-03-03T16:56:39.861+0100] {processor.py:176} INFO - Processing /Users/uab910/dev/nnam-poc/pyenv/lib/python3.10/site-packages/airflow/example_dags/example_kubernetes_executor.py took 0.186 seconds
[2023-03-03T16:58:12.384+0100] {processor.py:154} INFO - Started process (PID=59401) to work on /Users/uab910/dev/nnam-poc/pyenv/lib/python3.10/site-packages/airflow/example_dags/example_kubernetes_executor.py
[2023-03-03T16:58:12.389+0100] {processor.py:756} INFO - Processing file /Users/uab910/dev/nnam-poc/pyenv/lib/python3.10/site-packages/airflow/example_dags/example_kubernetes_executor.py for tasks to queue
[2023-03-03T16:58:12.389+0100] {logging_mixin.py:137} INFO - [2023-03-03T16:58:12.389+0100] {dagbag.py:537} INFO - Filling up the DagBag from /Users/uab910/dev/nnam-poc/pyenv/lib/python3.10/site-packages/airflow/example_dags/example_kubernetes_executor.py
[2023-03-03T16:58:12.433+0100] {logging_mixin.py:137} INFO - [2023-03-03T16:58:12.433+0100] {example_kubernetes_executor.py:41} WARNING - The example_kubernetes_executor example DAG requires the kubernetes provider. Please install it with: pip install apache-airflow[cncf.kubernetes]
[2023-03-03T16:58:12.433+0100] {processor.py:768} WARNING - No viable dags retrieved from /Users/uab910/dev/nnam-poc/pyenv/lib/python3.10/site-packages/airflow/example_dags/example_kubernetes_executor.py
[2023-03-03T16:58:12.535+0100] {processor.py:176} INFO - Processing /Users/uab910/dev/nnam-poc/pyenv/lib/python3.10/site-packages/airflow/example_dags/example_kubernetes_executor.py took 0.152 seconds
[2023-03-03T16:59:46.815+0100] {processor.py:154} INFO - Started process (PID=59446) to work on /Users/uab910/dev/nnam-poc/pyenv/lib/python3.10/site-packages/airflow/example_dags/example_kubernetes_executor.py
[2023-03-03T16:59:46.820+0100] {processor.py:756} INFO - Processing file /Users/uab910/dev/nnam-poc/pyenv/lib/python3.10/site-packages/airflow/example_dags/example_kubernetes_executor.py for tasks to queue
[2023-03-03T16:59:46.821+0100] {logging_mixin.py:137} INFO - [2023-03-03T16:59:46.821+0100] {dagbag.py:537} INFO - Filling up the DagBag from /Users/uab910/dev/nnam-poc/pyenv/lib/python3.10/site-packages/airflow/example_dags/example_kubernetes_executor.py
[2023-03-03T16:59:46.876+0100] {logging_mixin.py:137} INFO - [2023-03-03T16:59:46.876+0100] {example_kubernetes_executor.py:41} WARNING - The example_kubernetes_executor example DAG requires the kubernetes provider. Please install it with: pip install apache-airflow[cncf.kubernetes]
[2023-03-03T16:59:46.876+0100] {processor.py:768} WARNING - No viable dags retrieved from /Users/uab910/dev/nnam-poc/pyenv/lib/python3.10/site-packages/airflow/example_dags/example_kubernetes_executor.py
[2023-03-03T16:59:46.982+0100] {processor.py:176} INFO - Processing /Users/uab910/dev/nnam-poc/pyenv/lib/python3.10/site-packages/airflow/example_dags/example_kubernetes_executor.py took 0.168 seconds
[2023-03-03T17:01:20.483+0100] {processor.py:154} INFO - Started process (PID=59497) to work on /Users/uab910/dev/nnam-poc/pyenv/lib/python3.10/site-packages/airflow/example_dags/example_kubernetes_executor.py
[2023-03-03T17:01:20.488+0100] {processor.py:756} INFO - Processing file /Users/uab910/dev/nnam-poc/pyenv/lib/python3.10/site-packages/airflow/example_dags/example_kubernetes_executor.py for tasks to queue
[2023-03-03T17:01:20.488+0100] {logging_mixin.py:137} INFO - [2023-03-03T17:01:20.488+0100] {dagbag.py:537} INFO - Filling up the DagBag from /Users/uab910/dev/nnam-poc/pyenv/lib/python3.10/site-packages/airflow/example_dags/example_kubernetes_executor.py
[2023-03-03T17:01:20.539+0100] {logging_mixin.py:137} INFO - [2023-03-03T17:01:20.539+0100] {example_kubernetes_executor.py:41} WARNING - The example_kubernetes_executor example DAG requires the kubernetes provider. Please install it with: pip install apache-airflow[cncf.kubernetes]
[2023-03-03T17:01:20.539+0100] {processor.py:768} WARNING - No viable dags retrieved from /Users/uab910/dev/nnam-poc/pyenv/lib/python3.10/site-packages/airflow/example_dags/example_kubernetes_executor.py
[2023-03-03T17:01:20.650+0100] {processor.py:176} INFO - Processing /Users/uab910/dev/nnam-poc/pyenv/lib/python3.10/site-packages/airflow/example_dags/example_kubernetes_executor.py took 0.168 seconds
[2023-03-03T17:02:52.343+0100] {processor.py:154} INFO - Started process (PID=59544) to work on /Users/uab910/dev/nnam-poc/pyenv/lib/python3.10/site-packages/airflow/example_dags/example_kubernetes_executor.py
[2023-03-03T17:02:52.349+0100] {processor.py:756} INFO - Processing file /Users/uab910/dev/nnam-poc/pyenv/lib/python3.10/site-packages/airflow/example_dags/example_kubernetes_executor.py for tasks to queue
[2023-03-03T17:02:52.349+0100] {logging_mixin.py:137} INFO - [2023-03-03T17:02:52.349+0100] {dagbag.py:537} INFO - Filling up the DagBag from /Users/uab910/dev/nnam-poc/pyenv/lib/python3.10/site-packages/airflow/example_dags/example_kubernetes_executor.py
[2023-03-03T17:02:52.397+0100] {logging_mixin.py:137} INFO - [2023-03-03T17:02:52.397+0100] {example_kubernetes_executor.py:41} WARNING - The example_kubernetes_executor example DAG requires the kubernetes provider. Please install it with: pip install apache-airflow[cncf.kubernetes]
[2023-03-03T17:02:52.398+0100] {processor.py:768} WARNING - No viable dags retrieved from /Users/uab910/dev/nnam-poc/pyenv/lib/python3.10/site-packages/airflow/example_dags/example_kubernetes_executor.py
[2023-03-03T17:02:52.523+0100] {processor.py:176} INFO - Processing /Users/uab910/dev/nnam-poc/pyenv/lib/python3.10/site-packages/airflow/example_dags/example_kubernetes_executor.py took 0.181 seconds
[2023-03-03T17:04:23.978+0100] {processor.py:154} INFO - Started process (PID=59608) to work on /Users/uab910/dev/nnam-poc/pyenv/lib/python3.10/site-packages/airflow/example_dags/example_kubernetes_executor.py
[2023-03-03T17:04:23.983+0100] {processor.py:756} INFO - Processing file /Users/uab910/dev/nnam-poc/pyenv/lib/python3.10/site-packages/airflow/example_dags/example_kubernetes_executor.py for tasks to queue
[2023-03-03T17:04:23.984+0100] {logging_mixin.py:137} INFO - [2023-03-03T17:04:23.984+0100] {dagbag.py:537} INFO - Filling up the DagBag from /Users/uab910/dev/nnam-poc/pyenv/lib/python3.10/site-packages/airflow/example_dags/example_kubernetes_executor.py
[2023-03-03T17:04:24.031+0100] {logging_mixin.py:137} INFO - [2023-03-03T17:04:24.031+0100] {example_kubernetes_executor.py:41} WARNING - The example_kubernetes_executor example DAG requires the kubernetes provider. Please install it with: pip install apache-airflow[cncf.kubernetes]
[2023-03-03T17:04:24.031+0100] {processor.py:768} WARNING - No viable dags retrieved from /Users/uab910/dev/nnam-poc/pyenv/lib/python3.10/site-packages/airflow/example_dags/example_kubernetes_executor.py
[2023-03-03T17:04:24.133+0100] {processor.py:176} INFO - Processing /Users/uab910/dev/nnam-poc/pyenv/lib/python3.10/site-packages/airflow/example_dags/example_kubernetes_executor.py took 0.156 seconds
[2023-03-03T17:05:52.746+0100] {processor.py:154} INFO - Started process (PID=59657) to work on /Users/uab910/dev/nnam-poc/pyenv/lib/python3.10/site-packages/airflow/example_dags/example_kubernetes_executor.py
[2023-03-03T17:05:52.752+0100] {processor.py:756} INFO - Processing file /Users/uab910/dev/nnam-poc/pyenv/lib/python3.10/site-packages/airflow/example_dags/example_kubernetes_executor.py for tasks to queue
[2023-03-03T17:05:52.752+0100] {logging_mixin.py:137} INFO - [2023-03-03T17:05:52.752+0100] {dagbag.py:537} INFO - Filling up the DagBag from /Users/uab910/dev/nnam-poc/pyenv/lib/python3.10/site-packages/airflow/example_dags/example_kubernetes_executor.py
[2023-03-03T17:05:52.807+0100] {logging_mixin.py:137} INFO - [2023-03-03T17:05:52.807+0100] {example_kubernetes_executor.py:41} WARNING - The example_kubernetes_executor example DAG requires the kubernetes provider. Please install it with: pip install apache-airflow[cncf.kubernetes]
[2023-03-03T17:05:52.808+0100] {processor.py:768} WARNING - No viable dags retrieved from /Users/uab910/dev/nnam-poc/pyenv/lib/python3.10/site-packages/airflow/example_dags/example_kubernetes_executor.py
[2023-03-03T17:05:52.933+0100] {processor.py:176} INFO - Processing /Users/uab910/dev/nnam-poc/pyenv/lib/python3.10/site-packages/airflow/example_dags/example_kubernetes_executor.py took 0.187 seconds
[2023-03-03T17:07:31.187+0100] {processor.py:154} INFO - Started process (PID=59712) to work on /Users/uab910/dev/nnam-poc/pyenv/lib/python3.10/site-packages/airflow/example_dags/example_kubernetes_executor.py
[2023-03-03T17:07:31.192+0100] {processor.py:756} INFO - Processing file /Users/uab910/dev/nnam-poc/pyenv/lib/python3.10/site-packages/airflow/example_dags/example_kubernetes_executor.py for tasks to queue
[2023-03-03T17:07:31.192+0100] {logging_mixin.py:137} INFO - [2023-03-03T17:07:31.192+0100] {dagbag.py:537} INFO - Filling up the DagBag from /Users/uab910/dev/nnam-poc/pyenv/lib/python3.10/site-packages/airflow/example_dags/example_kubernetes_executor.py
[2023-03-03T17:07:31.240+0100] {logging_mixin.py:137} INFO - [2023-03-03T17:07:31.240+0100] {example_kubernetes_executor.py:41} WARNING - The example_kubernetes_executor example DAG requires the kubernetes provider. Please install it with: pip install apache-airflow[cncf.kubernetes]
[2023-03-03T17:07:31.240+0100] {processor.py:768} WARNING - No viable dags retrieved from /Users/uab910/dev/nnam-poc/pyenv/lib/python3.10/site-packages/airflow/example_dags/example_kubernetes_executor.py
[2023-03-03T17:07:31.341+0100] {processor.py:176} INFO - Processing /Users/uab910/dev/nnam-poc/pyenv/lib/python3.10/site-packages/airflow/example_dags/example_kubernetes_executor.py took 0.155 seconds
[2023-03-03T17:08:52.257+0100] {processor.py:154} INFO - Started process (PID=59766) to work on /Users/uab910/dev/nnam-poc/pyenv/lib/python3.10/site-packages/airflow/example_dags/example_kubernetes_executor.py
[2023-03-03T17:08:52.264+0100] {processor.py:756} INFO - Processing file /Users/uab910/dev/nnam-poc/pyenv/lib/python3.10/site-packages/airflow/example_dags/example_kubernetes_executor.py for tasks to queue
[2023-03-03T17:08:52.264+0100] {logging_mixin.py:137} INFO - [2023-03-03T17:08:52.264+0100] {dagbag.py:537} INFO - Filling up the DagBag from /Users/uab910/dev/nnam-poc/pyenv/lib/python3.10/site-packages/airflow/example_dags/example_kubernetes_executor.py
[2023-03-03T17:08:52.320+0100] {logging_mixin.py:137} INFO - [2023-03-03T17:08:52.320+0100] {example_kubernetes_executor.py:41} WARNING - The example_kubernetes_executor example DAG requires the kubernetes provider. Please install it with: pip install apache-airflow[cncf.kubernetes]
[2023-03-03T17:08:52.320+0100] {processor.py:768} WARNING - No viable dags retrieved from /Users/uab910/dev/nnam-poc/pyenv/lib/python3.10/site-packages/airflow/example_dags/example_kubernetes_executor.py
[2023-03-03T17:08:52.448+0100] {processor.py:176} INFO - Processing /Users/uab910/dev/nnam-poc/pyenv/lib/python3.10/site-packages/airflow/example_dags/example_kubernetes_executor.py took 0.191 seconds
[2023-03-03T17:10:20.908+0100] {processor.py:154} INFO - Started process (PID=59814) to work on /Users/uab910/dev/nnam-poc/pyenv/lib/python3.10/site-packages/airflow/example_dags/example_kubernetes_executor.py
[2023-03-03T17:10:20.914+0100] {processor.py:756} INFO - Processing file /Users/uab910/dev/nnam-poc/pyenv/lib/python3.10/site-packages/airflow/example_dags/example_kubernetes_executor.py for tasks to queue
[2023-03-03T17:10:20.915+0100] {logging_mixin.py:137} INFO - [2023-03-03T17:10:20.915+0100] {dagbag.py:537} INFO - Filling up the DagBag from /Users/uab910/dev/nnam-poc/pyenv/lib/python3.10/site-packages/airflow/example_dags/example_kubernetes_executor.py
[2023-03-03T17:10:20.962+0100] {logging_mixin.py:137} INFO - [2023-03-03T17:10:20.962+0100] {example_kubernetes_executor.py:41} WARNING - The example_kubernetes_executor example DAG requires the kubernetes provider. Please install it with: pip install apache-airflow[cncf.kubernetes]
[2023-03-03T17:10:20.962+0100] {processor.py:768} WARNING - No viable dags retrieved from /Users/uab910/dev/nnam-poc/pyenv/lib/python3.10/site-packages/airflow/example_dags/example_kubernetes_executor.py
[2023-03-03T17:10:21.068+0100] {processor.py:176} INFO - Processing /Users/uab910/dev/nnam-poc/pyenv/lib/python3.10/site-packages/airflow/example_dags/example_kubernetes_executor.py took 0.160 seconds
[2023-03-03T17:11:48.491+0100] {processor.py:154} INFO - Started process (PID=59866) to work on /Users/uab910/dev/nnam-poc/pyenv/lib/python3.10/site-packages/airflow/example_dags/example_kubernetes_executor.py
[2023-03-03T17:11:48.495+0100] {processor.py:756} INFO - Processing file /Users/uab910/dev/nnam-poc/pyenv/lib/python3.10/site-packages/airflow/example_dags/example_kubernetes_executor.py for tasks to queue
[2023-03-03T17:11:48.496+0100] {logging_mixin.py:137} INFO - [2023-03-03T17:11:48.495+0100] {dagbag.py:537} INFO - Filling up the DagBag from /Users/uab910/dev/nnam-poc/pyenv/lib/python3.10/site-packages/airflow/example_dags/example_kubernetes_executor.py
[2023-03-03T17:11:48.538+0100] {logging_mixin.py:137} INFO - [2023-03-03T17:11:48.538+0100] {example_kubernetes_executor.py:41} WARNING - The example_kubernetes_executor example DAG requires the kubernetes provider. Please install it with: pip install apache-airflow[cncf.kubernetes]
[2023-03-03T17:11:48.538+0100] {processor.py:768} WARNING - No viable dags retrieved from /Users/uab910/dev/nnam-poc/pyenv/lib/python3.10/site-packages/airflow/example_dags/example_kubernetes_executor.py
[2023-03-03T17:11:48.640+0100] {processor.py:176} INFO - Processing /Users/uab910/dev/nnam-poc/pyenv/lib/python3.10/site-packages/airflow/example_dags/example_kubernetes_executor.py took 0.150 seconds
[2023-03-03T17:13:18.850+0100] {processor.py:154} INFO - Started process (PID=59949) to work on /Users/uab910/dev/nnam-poc/pyenv/lib/python3.10/site-packages/airflow/example_dags/example_kubernetes_executor.py
[2023-03-03T17:13:18.855+0100] {processor.py:756} INFO - Processing file /Users/uab910/dev/nnam-poc/pyenv/lib/python3.10/site-packages/airflow/example_dags/example_kubernetes_executor.py for tasks to queue
[2023-03-03T17:13:18.855+0100] {logging_mixin.py:137} INFO - [2023-03-03T17:13:18.855+0100] {dagbag.py:537} INFO - Filling up the DagBag from /Users/uab910/dev/nnam-poc/pyenv/lib/python3.10/site-packages/airflow/example_dags/example_kubernetes_executor.py
[2023-03-03T17:13:18.901+0100] {logging_mixin.py:137} INFO - [2023-03-03T17:13:18.901+0100] {example_kubernetes_executor.py:41} WARNING - The example_kubernetes_executor example DAG requires the kubernetes provider. Please install it with: pip install apache-airflow[cncf.kubernetes]
[2023-03-03T17:13:18.901+0100] {processor.py:768} WARNING - No viable dags retrieved from /Users/uab910/dev/nnam-poc/pyenv/lib/python3.10/site-packages/airflow/example_dags/example_kubernetes_executor.py
[2023-03-03T17:13:19.011+0100] {processor.py:176} INFO - Processing /Users/uab910/dev/nnam-poc/pyenv/lib/python3.10/site-packages/airflow/example_dags/example_kubernetes_executor.py took 0.162 seconds
[2023-03-03T17:14:51.366+0100] {processor.py:154} INFO - Started process (PID=60016) to work on /Users/uab910/dev/nnam-poc/pyenv/lib/python3.10/site-packages/airflow/example_dags/example_kubernetes_executor.py
[2023-03-03T17:14:51.371+0100] {processor.py:756} INFO - Processing file /Users/uab910/dev/nnam-poc/pyenv/lib/python3.10/site-packages/airflow/example_dags/example_kubernetes_executor.py for tasks to queue
[2023-03-03T17:14:51.371+0100] {logging_mixin.py:137} INFO - [2023-03-03T17:14:51.371+0100] {dagbag.py:537} INFO - Filling up the DagBag from /Users/uab910/dev/nnam-poc/pyenv/lib/python3.10/site-packages/airflow/example_dags/example_kubernetes_executor.py
[2023-03-03T17:14:51.420+0100] {logging_mixin.py:137} INFO - [2023-03-03T17:14:51.419+0100] {example_kubernetes_executor.py:41} WARNING - The example_kubernetes_executor example DAG requires the kubernetes provider. Please install it with: pip install apache-airflow[cncf.kubernetes]
[2023-03-03T17:14:51.420+0100] {processor.py:768} WARNING - No viable dags retrieved from /Users/uab910/dev/nnam-poc/pyenv/lib/python3.10/site-packages/airflow/example_dags/example_kubernetes_executor.py
[2023-03-03T17:14:51.534+0100] {processor.py:176} INFO - Processing /Users/uab910/dev/nnam-poc/pyenv/lib/python3.10/site-packages/airflow/example_dags/example_kubernetes_executor.py took 0.169 seconds
[2023-03-03T17:16:24.019+0100] {processor.py:154} INFO - Started process (PID=60067) to work on /Users/uab910/dev/nnam-poc/pyenv/lib/python3.10/site-packages/airflow/example_dags/example_kubernetes_executor.py
[2023-03-03T17:16:24.026+0100] {processor.py:756} INFO - Processing file /Users/uab910/dev/nnam-poc/pyenv/lib/python3.10/site-packages/airflow/example_dags/example_kubernetes_executor.py for tasks to queue
[2023-03-03T17:16:24.026+0100] {logging_mixin.py:137} INFO - [2023-03-03T17:16:24.026+0100] {dagbag.py:537} INFO - Filling up the DagBag from /Users/uab910/dev/nnam-poc/pyenv/lib/python3.10/site-packages/airflow/example_dags/example_kubernetes_executor.py
[2023-03-03T17:16:24.079+0100] {logging_mixin.py:137} INFO - [2023-03-03T17:16:24.078+0100] {example_kubernetes_executor.py:41} WARNING - The example_kubernetes_executor example DAG requires the kubernetes provider. Please install it with: pip install apache-airflow[cncf.kubernetes]
[2023-03-03T17:16:24.079+0100] {processor.py:768} WARNING - No viable dags retrieved from /Users/uab910/dev/nnam-poc/pyenv/lib/python3.10/site-packages/airflow/example_dags/example_kubernetes_executor.py
[2023-03-03T17:16:24.205+0100] {processor.py:176} INFO - Processing /Users/uab910/dev/nnam-poc/pyenv/lib/python3.10/site-packages/airflow/example_dags/example_kubernetes_executor.py took 0.187 seconds
[2023-03-03T17:17:54.840+0100] {processor.py:154} INFO - Started process (PID=60123) to work on /Users/uab910/dev/nnam-poc/pyenv/lib/python3.10/site-packages/airflow/example_dags/example_kubernetes_executor.py
[2023-03-03T17:17:54.846+0100] {processor.py:756} INFO - Processing file /Users/uab910/dev/nnam-poc/pyenv/lib/python3.10/site-packages/airflow/example_dags/example_kubernetes_executor.py for tasks to queue
[2023-03-03T17:17:54.846+0100] {logging_mixin.py:137} INFO - [2023-03-03T17:17:54.846+0100] {dagbag.py:537} INFO - Filling up the DagBag from /Users/uab910/dev/nnam-poc/pyenv/lib/python3.10/site-packages/airflow/example_dags/example_kubernetes_executor.py
[2023-03-03T17:17:54.896+0100] {logging_mixin.py:137} INFO - [2023-03-03T17:17:54.896+0100] {example_kubernetes_executor.py:41} WARNING - The example_kubernetes_executor example DAG requires the kubernetes provider. Please install it with: pip install apache-airflow[cncf.kubernetes]
[2023-03-03T17:17:54.897+0100] {processor.py:768} WARNING - No viable dags retrieved from /Users/uab910/dev/nnam-poc/pyenv/lib/python3.10/site-packages/airflow/example_dags/example_kubernetes_executor.py
[2023-03-03T17:17:55.014+0100] {processor.py:176} INFO - Processing /Users/uab910/dev/nnam-poc/pyenv/lib/python3.10/site-packages/airflow/example_dags/example_kubernetes_executor.py took 0.175 seconds
[2023-03-03T17:19:24.315+0100] {processor.py:154} INFO - Started process (PID=60183) to work on /Users/uab910/dev/nnam-poc/pyenv/lib/python3.10/site-packages/airflow/example_dags/example_kubernetes_executor.py
[2023-03-03T17:19:24.322+0100] {processor.py:756} INFO - Processing file /Users/uab910/dev/nnam-poc/pyenv/lib/python3.10/site-packages/airflow/example_dags/example_kubernetes_executor.py for tasks to queue
[2023-03-03T17:19:24.322+0100] {logging_mixin.py:137} INFO - [2023-03-03T17:19:24.322+0100] {dagbag.py:537} INFO - Filling up the DagBag from /Users/uab910/dev/nnam-poc/pyenv/lib/python3.10/site-packages/airflow/example_dags/example_kubernetes_executor.py
[2023-03-03T17:19:24.372+0100] {logging_mixin.py:137} INFO - [2023-03-03T17:19:24.372+0100] {example_kubernetes_executor.py:41} WARNING - The example_kubernetes_executor example DAG requires the kubernetes provider. Please install it with: pip install apache-airflow[cncf.kubernetes]
[2023-03-03T17:19:24.372+0100] {processor.py:768} WARNING - No viable dags retrieved from /Users/uab910/dev/nnam-poc/pyenv/lib/python3.10/site-packages/airflow/example_dags/example_kubernetes_executor.py
[2023-03-03T17:19:24.482+0100] {processor.py:176} INFO - Processing /Users/uab910/dev/nnam-poc/pyenv/lib/python3.10/site-packages/airflow/example_dags/example_kubernetes_executor.py took 0.168 seconds
