[2023-03-03T16:00:42.746+0100] {processor.py:154} INFO - Started process (PID=57121) to work on /Users/uab910/dev/nnam-poc/pyenv/lib/python3.10/site-packages/airflow/example_dags/example_task_group_decorator.py
[2023-03-03T16:00:42.752+0100] {processor.py:756} INFO - Processing file /Users/uab910/dev/nnam-poc/pyenv/lib/python3.10/site-packages/airflow/example_dags/example_task_group_decorator.py for tasks to queue
[2023-03-03T16:00:42.753+0100] {logging_mixin.py:137} INFO - [2023-03-03T16:00:42.753+0100] {dagbag.py:537} INFO - Filling up the DagBag from /Users/uab910/dev/nnam-poc/pyenv/lib/python3.10/site-packages/airflow/example_dags/example_task_group_decorator.py
[2023-03-03T16:00:42.819+0100] {processor.py:766} INFO - DAG(s) dict_keys(['example_task_group_decorator']) retrieved from /Users/uab910/dev/nnam-poc/pyenv/lib/python3.10/site-packages/airflow/example_dags/example_task_group_decorator.py
[2023-03-03T16:00:44.016+0100] {logging_mixin.py:137} INFO - [2023-03-03T16:00:44.016+0100] {manager.py:507} INFO - Created Permission View: can edit on DAG:example_task_group_decorator
[2023-03-03T16:00:44.023+0100] {logging_mixin.py:137} INFO - [2023-03-03T16:00:44.023+0100] {manager.py:507} INFO - Created Permission View: can read on DAG:example_task_group_decorator
[2023-03-03T16:00:44.029+0100] {logging_mixin.py:137} INFO - [2023-03-03T16:00:44.029+0100] {manager.py:507} INFO - Created Permission View: can delete on DAG:example_task_group_decorator
[2023-03-03T16:00:44.029+0100] {logging_mixin.py:137} INFO - [2023-03-03T16:00:44.029+0100] {dag.py:2585} INFO - Sync 1 DAGs
[2023-03-03T16:00:44.039+0100] {logging_mixin.py:137} INFO - [2023-03-03T16:00:44.039+0100] {dag.py:2606} INFO - Creating ORM DAG for example_task_group_decorator
[2023-03-03T16:00:44.048+0100] {logging_mixin.py:137} INFO - [2023-03-03T16:00:44.048+0100] {dag.py:3336} INFO - Setting next_dagrun for example_task_group_decorator to 2023-03-02T15:00:44.048330+00:00, run_after=2023-03-03T15:00:44.048330+00:00
[2023-03-03T16:00:44.064+0100] {processor.py:176} INFO - Processing /Users/uab910/dev/nnam-poc/pyenv/lib/python3.10/site-packages/airflow/example_dags/example_task_group_decorator.py took 1.319 seconds
[2023-03-03T16:02:58.072+0100] {processor.py:154} INFO - Started process (PID=57229) to work on /Users/uab910/dev/nnam-poc/pyenv/lib/python3.10/site-packages/airflow/example_dags/example_task_group_decorator.py
[2023-03-03T16:02:58.077+0100] {processor.py:756} INFO - Processing file /Users/uab910/dev/nnam-poc/pyenv/lib/python3.10/site-packages/airflow/example_dags/example_task_group_decorator.py for tasks to queue
[2023-03-03T16:02:58.077+0100] {logging_mixin.py:137} INFO - [2023-03-03T16:02:58.077+0100] {dagbag.py:537} INFO - Filling up the DagBag from /Users/uab910/dev/nnam-poc/pyenv/lib/python3.10/site-packages/airflow/example_dags/example_task_group_decorator.py
[2023-03-03T16:02:58.139+0100] {processor.py:766} INFO - DAG(s) dict_keys(['example_task_group_decorator']) retrieved from /Users/uab910/dev/nnam-poc/pyenv/lib/python3.10/site-packages/airflow/example_dags/example_task_group_decorator.py
[2023-03-03T16:02:58.175+0100] {logging_mixin.py:137} INFO - [2023-03-03T16:02:58.175+0100] {dag.py:2585} INFO - Sync 1 DAGs
[2023-03-03T16:02:58.275+0100] {logging_mixin.py:137} INFO - [2023-03-03T16:02:58.275+0100] {dag.py:3336} INFO - Setting next_dagrun for example_task_group_decorator to 2023-03-02T15:02:58.274987+00:00, run_after=2023-03-03T15:02:58.274987+00:00
[2023-03-03T16:02:58.290+0100] {processor.py:176} INFO - Processing /Users/uab910/dev/nnam-poc/pyenv/lib/python3.10/site-packages/airflow/example_dags/example_task_group_decorator.py took 0.219 seconds
[2023-03-03T16:04:14.512+0100] {processor.py:154} INFO - Started process (PID=57286) to work on /Users/uab910/dev/nnam-poc/pyenv/lib/python3.10/site-packages/airflow/example_dags/example_task_group_decorator.py
[2023-03-03T16:04:14.517+0100] {processor.py:756} INFO - Processing file /Users/uab910/dev/nnam-poc/pyenv/lib/python3.10/site-packages/airflow/example_dags/example_task_group_decorator.py for tasks to queue
[2023-03-03T16:04:14.518+0100] {logging_mixin.py:137} INFO - [2023-03-03T16:04:14.518+0100] {dagbag.py:537} INFO - Filling up the DagBag from /Users/uab910/dev/nnam-poc/pyenv/lib/python3.10/site-packages/airflow/example_dags/example_task_group_decorator.py
[2023-03-03T16:04:14.582+0100] {processor.py:766} INFO - DAG(s) dict_keys(['example_task_group_decorator']) retrieved from /Users/uab910/dev/nnam-poc/pyenv/lib/python3.10/site-packages/airflow/example_dags/example_task_group_decorator.py
[2023-03-03T16:04:14.762+0100] {logging_mixin.py:137} INFO - [2023-03-03T16:04:14.762+0100] {dag.py:2585} INFO - Sync 1 DAGs
[2023-03-03T16:04:14.779+0100] {logging_mixin.py:137} INFO - [2023-03-03T16:04:14.779+0100] {dag.py:3336} INFO - Setting next_dagrun for example_task_group_decorator to 2023-03-02T15:04:14.779301+00:00, run_after=2023-03-03T15:04:14.779301+00:00
[2023-03-03T16:04:14.799+0100] {processor.py:176} INFO - Processing /Users/uab910/dev/nnam-poc/pyenv/lib/python3.10/site-packages/airflow/example_dags/example_task_group_decorator.py took 0.288 seconds
[2023-03-03T16:05:28.788+0100] {processor.py:154} INFO - Started process (PID=57334) to work on /Users/uab910/dev/nnam-poc/pyenv/lib/python3.10/site-packages/airflow/example_dags/example_task_group_decorator.py
[2023-03-03T16:05:28.794+0100] {processor.py:756} INFO - Processing file /Users/uab910/dev/nnam-poc/pyenv/lib/python3.10/site-packages/airflow/example_dags/example_task_group_decorator.py for tasks to queue
[2023-03-03T16:05:28.794+0100] {logging_mixin.py:137} INFO - [2023-03-03T16:05:28.794+0100] {dagbag.py:537} INFO - Filling up the DagBag from /Users/uab910/dev/nnam-poc/pyenv/lib/python3.10/site-packages/airflow/example_dags/example_task_group_decorator.py
[2023-03-03T16:05:28.861+0100] {processor.py:766} INFO - DAG(s) dict_keys(['example_task_group_decorator']) retrieved from /Users/uab910/dev/nnam-poc/pyenv/lib/python3.10/site-packages/airflow/example_dags/example_task_group_decorator.py
[2023-03-03T16:05:29.028+0100] {logging_mixin.py:137} INFO - [2023-03-03T16:05:29.028+0100] {dag.py:2585} INFO - Sync 1 DAGs
[2023-03-03T16:05:29.043+0100] {logging_mixin.py:137} INFO - [2023-03-03T16:05:29.042+0100] {dag.py:3336} INFO - Setting next_dagrun for example_task_group_decorator to 2023-03-02T15:05:29.042845+00:00, run_after=2023-03-03T15:05:29.042845+00:00
[2023-03-03T16:05:29.058+0100] {processor.py:176} INFO - Processing /Users/uab910/dev/nnam-poc/pyenv/lib/python3.10/site-packages/airflow/example_dags/example_task_group_decorator.py took 0.271 seconds
[2023-03-03T16:06:48.440+0100] {processor.py:154} INFO - Started process (PID=57381) to work on /Users/uab910/dev/nnam-poc/pyenv/lib/python3.10/site-packages/airflow/example_dags/example_task_group_decorator.py
[2023-03-03T16:06:48.446+0100] {processor.py:756} INFO - Processing file /Users/uab910/dev/nnam-poc/pyenv/lib/python3.10/site-packages/airflow/example_dags/example_task_group_decorator.py for tasks to queue
[2023-03-03T16:06:48.446+0100] {logging_mixin.py:137} INFO - [2023-03-03T16:06:48.446+0100] {dagbag.py:537} INFO - Filling up the DagBag from /Users/uab910/dev/nnam-poc/pyenv/lib/python3.10/site-packages/airflow/example_dags/example_task_group_decorator.py
[2023-03-03T16:06:48.519+0100] {processor.py:766} INFO - DAG(s) dict_keys(['example_task_group_decorator']) retrieved from /Users/uab910/dev/nnam-poc/pyenv/lib/python3.10/site-packages/airflow/example_dags/example_task_group_decorator.py
[2023-03-03T16:06:48.690+0100] {logging_mixin.py:137} INFO - [2023-03-03T16:06:48.689+0100] {dag.py:2585} INFO - Sync 1 DAGs
[2023-03-03T16:06:48.704+0100] {logging_mixin.py:137} INFO - [2023-03-03T16:06:48.704+0100] {dag.py:3336} INFO - Setting next_dagrun for example_task_group_decorator to 2023-03-02T15:06:48.703954+00:00, run_after=2023-03-03T15:06:48.703954+00:00
[2023-03-03T16:06:48.719+0100] {processor.py:176} INFO - Processing /Users/uab910/dev/nnam-poc/pyenv/lib/python3.10/site-packages/airflow/example_dags/example_task_group_decorator.py took 0.279 seconds
[2023-03-03T16:08:09.616+0100] {processor.py:154} INFO - Started process (PID=57434) to work on /Users/uab910/dev/nnam-poc/pyenv/lib/python3.10/site-packages/airflow/example_dags/example_task_group_decorator.py
[2023-03-03T16:08:09.621+0100] {processor.py:756} INFO - Processing file /Users/uab910/dev/nnam-poc/pyenv/lib/python3.10/site-packages/airflow/example_dags/example_task_group_decorator.py for tasks to queue
[2023-03-03T16:08:09.621+0100] {logging_mixin.py:137} INFO - [2023-03-03T16:08:09.621+0100] {dagbag.py:537} INFO - Filling up the DagBag from /Users/uab910/dev/nnam-poc/pyenv/lib/python3.10/site-packages/airflow/example_dags/example_task_group_decorator.py
[2023-03-03T16:08:09.684+0100] {processor.py:766} INFO - DAG(s) dict_keys(['example_task_group_decorator']) retrieved from /Users/uab910/dev/nnam-poc/pyenv/lib/python3.10/site-packages/airflow/example_dags/example_task_group_decorator.py
[2023-03-03T16:08:09.851+0100] {logging_mixin.py:137} INFO - [2023-03-03T16:08:09.851+0100] {dag.py:2585} INFO - Sync 1 DAGs
[2023-03-03T16:08:09.866+0100] {logging_mixin.py:137} INFO - [2023-03-03T16:08:09.865+0100] {dag.py:3336} INFO - Setting next_dagrun for example_task_group_decorator to 2023-03-02T15:08:09.865836+00:00, run_after=2023-03-03T15:08:09.865836+00:00
[2023-03-03T16:08:09.881+0100] {processor.py:176} INFO - Processing /Users/uab910/dev/nnam-poc/pyenv/lib/python3.10/site-packages/airflow/example_dags/example_task_group_decorator.py took 0.266 seconds
[2023-03-03T16:09:25.528+0100] {processor.py:154} INFO - Started process (PID=57490) to work on /Users/uab910/dev/nnam-poc/pyenv/lib/python3.10/site-packages/airflow/example_dags/example_task_group_decorator.py
[2023-03-03T16:09:25.535+0100] {processor.py:756} INFO - Processing file /Users/uab910/dev/nnam-poc/pyenv/lib/python3.10/site-packages/airflow/example_dags/example_task_group_decorator.py for tasks to queue
[2023-03-03T16:09:25.535+0100] {logging_mixin.py:137} INFO - [2023-03-03T16:09:25.535+0100] {dagbag.py:537} INFO - Filling up the DagBag from /Users/uab910/dev/nnam-poc/pyenv/lib/python3.10/site-packages/airflow/example_dags/example_task_group_decorator.py
[2023-03-03T16:09:25.607+0100] {processor.py:766} INFO - DAG(s) dict_keys(['example_task_group_decorator']) retrieved from /Users/uab910/dev/nnam-poc/pyenv/lib/python3.10/site-packages/airflow/example_dags/example_task_group_decorator.py
[2023-03-03T16:09:25.802+0100] {logging_mixin.py:137} INFO - [2023-03-03T16:09:25.802+0100] {dag.py:2585} INFO - Sync 1 DAGs
[2023-03-03T16:09:25.819+0100] {logging_mixin.py:137} INFO - [2023-03-03T16:09:25.819+0100] {dag.py:3336} INFO - Setting next_dagrun for example_task_group_decorator to 2023-03-02T15:09:25.819116+00:00, run_after=2023-03-03T15:09:25.819116+00:00
[2023-03-03T16:09:25.837+0100] {processor.py:176} INFO - Processing /Users/uab910/dev/nnam-poc/pyenv/lib/python3.10/site-packages/airflow/example_dags/example_task_group_decorator.py took 0.310 seconds
[2023-03-03T16:10:42.887+0100] {processor.py:154} INFO - Started process (PID=57530) to work on /Users/uab910/dev/nnam-poc/pyenv/lib/python3.10/site-packages/airflow/example_dags/example_task_group_decorator.py
[2023-03-03T16:10:42.893+0100] {processor.py:756} INFO - Processing file /Users/uab910/dev/nnam-poc/pyenv/lib/python3.10/site-packages/airflow/example_dags/example_task_group_decorator.py for tasks to queue
[2023-03-03T16:10:42.894+0100] {logging_mixin.py:137} INFO - [2023-03-03T16:10:42.893+0100] {dagbag.py:537} INFO - Filling up the DagBag from /Users/uab910/dev/nnam-poc/pyenv/lib/python3.10/site-packages/airflow/example_dags/example_task_group_decorator.py
[2023-03-03T16:10:42.966+0100] {processor.py:766} INFO - DAG(s) dict_keys(['example_task_group_decorator']) retrieved from /Users/uab910/dev/nnam-poc/pyenv/lib/python3.10/site-packages/airflow/example_dags/example_task_group_decorator.py
[2023-03-03T16:10:43.152+0100] {logging_mixin.py:137} INFO - [2023-03-03T16:10:43.152+0100] {dag.py:2585} INFO - Sync 1 DAGs
[2023-03-03T16:10:43.169+0100] {logging_mixin.py:137} INFO - [2023-03-03T16:10:43.168+0100] {dag.py:3336} INFO - Setting next_dagrun for example_task_group_decorator to 2023-03-02T15:10:43.168793+00:00, run_after=2023-03-03T15:10:43.168793+00:00
[2023-03-03T16:10:43.187+0100] {processor.py:176} INFO - Processing /Users/uab910/dev/nnam-poc/pyenv/lib/python3.10/site-packages/airflow/example_dags/example_task_group_decorator.py took 0.301 seconds
[2023-03-03T16:12:00.312+0100] {processor.py:154} INFO - Started process (PID=57575) to work on /Users/uab910/dev/nnam-poc/pyenv/lib/python3.10/site-packages/airflow/example_dags/example_task_group_decorator.py
[2023-03-03T16:12:00.319+0100] {processor.py:756} INFO - Processing file /Users/uab910/dev/nnam-poc/pyenv/lib/python3.10/site-packages/airflow/example_dags/example_task_group_decorator.py for tasks to queue
[2023-03-03T16:12:00.319+0100] {logging_mixin.py:137} INFO - [2023-03-03T16:12:00.319+0100] {dagbag.py:537} INFO - Filling up the DagBag from /Users/uab910/dev/nnam-poc/pyenv/lib/python3.10/site-packages/airflow/example_dags/example_task_group_decorator.py
[2023-03-03T16:12:00.387+0100] {processor.py:766} INFO - DAG(s) dict_keys(['example_task_group_decorator']) retrieved from /Users/uab910/dev/nnam-poc/pyenv/lib/python3.10/site-packages/airflow/example_dags/example_task_group_decorator.py
[2023-03-03T16:12:00.559+0100] {logging_mixin.py:137} INFO - [2023-03-03T16:12:00.559+0100] {dag.py:2585} INFO - Sync 1 DAGs
[2023-03-03T16:12:00.575+0100] {logging_mixin.py:137} INFO - [2023-03-03T16:12:00.575+0100] {dag.py:3336} INFO - Setting next_dagrun for example_task_group_decorator to 2023-03-02T15:12:00.575492+00:00, run_after=2023-03-03T15:12:00.575492+00:00
[2023-03-03T16:12:00.593+0100] {processor.py:176} INFO - Processing /Users/uab910/dev/nnam-poc/pyenv/lib/python3.10/site-packages/airflow/example_dags/example_task_group_decorator.py took 0.282 seconds
[2023-03-03T16:13:13.270+0100] {processor.py:154} INFO - Started process (PID=57614) to work on /Users/uab910/dev/nnam-poc/pyenv/lib/python3.10/site-packages/airflow/example_dags/example_task_group_decorator.py
[2023-03-03T16:13:13.276+0100] {processor.py:756} INFO - Processing file /Users/uab910/dev/nnam-poc/pyenv/lib/python3.10/site-packages/airflow/example_dags/example_task_group_decorator.py for tasks to queue
[2023-03-03T16:13:13.276+0100] {logging_mixin.py:137} INFO - [2023-03-03T16:13:13.276+0100] {dagbag.py:537} INFO - Filling up the DagBag from /Users/uab910/dev/nnam-poc/pyenv/lib/python3.10/site-packages/airflow/example_dags/example_task_group_decorator.py
[2023-03-03T16:13:13.341+0100] {processor.py:766} INFO - DAG(s) dict_keys(['example_task_group_decorator']) retrieved from /Users/uab910/dev/nnam-poc/pyenv/lib/python3.10/site-packages/airflow/example_dags/example_task_group_decorator.py
[2023-03-03T16:13:13.523+0100] {logging_mixin.py:137} INFO - [2023-03-03T16:13:13.523+0100] {dag.py:2585} INFO - Sync 1 DAGs
[2023-03-03T16:13:13.539+0100] {logging_mixin.py:137} INFO - [2023-03-03T16:13:13.539+0100] {dag.py:3336} INFO - Setting next_dagrun for example_task_group_decorator to 2023-03-02T15:13:13.539389+00:00, run_after=2023-03-03T15:13:13.539389+00:00
[2023-03-03T16:13:13.554+0100] {processor.py:176} INFO - Processing /Users/uab910/dev/nnam-poc/pyenv/lib/python3.10/site-packages/airflow/example_dags/example_task_group_decorator.py took 0.286 seconds
[2023-03-03T16:14:29.311+0100] {processor.py:154} INFO - Started process (PID=57675) to work on /Users/uab910/dev/nnam-poc/pyenv/lib/python3.10/site-packages/airflow/example_dags/example_task_group_decorator.py
[2023-03-03T16:14:29.316+0100] {processor.py:756} INFO - Processing file /Users/uab910/dev/nnam-poc/pyenv/lib/python3.10/site-packages/airflow/example_dags/example_task_group_decorator.py for tasks to queue
[2023-03-03T16:14:29.316+0100] {logging_mixin.py:137} INFO - [2023-03-03T16:14:29.316+0100] {dagbag.py:537} INFO - Filling up the DagBag from /Users/uab910/dev/nnam-poc/pyenv/lib/python3.10/site-packages/airflow/example_dags/example_task_group_decorator.py
[2023-03-03T16:14:29.390+0100] {processor.py:766} INFO - DAG(s) dict_keys(['example_task_group_decorator']) retrieved from /Users/uab910/dev/nnam-poc/pyenv/lib/python3.10/site-packages/airflow/example_dags/example_task_group_decorator.py
[2023-03-03T16:14:29.573+0100] {logging_mixin.py:137} INFO - [2023-03-03T16:14:29.573+0100] {dag.py:2585} INFO - Sync 1 DAGs
[2023-03-03T16:14:29.589+0100] {logging_mixin.py:137} INFO - [2023-03-03T16:14:29.588+0100] {dag.py:3336} INFO - Setting next_dagrun for example_task_group_decorator to 2023-03-02T15:14:29.588796+00:00, run_after=2023-03-03T15:14:29.588796+00:00
[2023-03-03T16:14:29.606+0100] {processor.py:176} INFO - Processing /Users/uab910/dev/nnam-poc/pyenv/lib/python3.10/site-packages/airflow/example_dags/example_task_group_decorator.py took 0.296 seconds
[2023-03-03T16:15:46.925+0100] {processor.py:154} INFO - Started process (PID=57739) to work on /Users/uab910/dev/nnam-poc/pyenv/lib/python3.10/site-packages/airflow/example_dags/example_task_group_decorator.py
[2023-03-03T16:15:46.932+0100] {processor.py:756} INFO - Processing file /Users/uab910/dev/nnam-poc/pyenv/lib/python3.10/site-packages/airflow/example_dags/example_task_group_decorator.py for tasks to queue
[2023-03-03T16:15:46.933+0100] {logging_mixin.py:137} INFO - [2023-03-03T16:15:46.932+0100] {dagbag.py:537} INFO - Filling up the DagBag from /Users/uab910/dev/nnam-poc/pyenv/lib/python3.10/site-packages/airflow/example_dags/example_task_group_decorator.py
[2023-03-03T16:15:47.004+0100] {processor.py:766} INFO - DAG(s) dict_keys(['example_task_group_decorator']) retrieved from /Users/uab910/dev/nnam-poc/pyenv/lib/python3.10/site-packages/airflow/example_dags/example_task_group_decorator.py
[2023-03-03T16:15:47.193+0100] {logging_mixin.py:137} INFO - [2023-03-03T16:15:47.193+0100] {dag.py:2585} INFO - Sync 1 DAGs
[2023-03-03T16:15:47.208+0100] {logging_mixin.py:137} INFO - [2023-03-03T16:15:47.208+0100] {dag.py:3336} INFO - Setting next_dagrun for example_task_group_decorator to 2023-03-02T15:15:47.208309+00:00, run_after=2023-03-03T15:15:47.208309+00:00
[2023-03-03T16:15:47.224+0100] {processor.py:176} INFO - Processing /Users/uab910/dev/nnam-poc/pyenv/lib/python3.10/site-packages/airflow/example_dags/example_task_group_decorator.py took 0.299 seconds
[2023-03-03T16:17:06.428+0100] {processor.py:154} INFO - Started process (PID=57825) to work on /Users/uab910/dev/nnam-poc/pyenv/lib/python3.10/site-packages/airflow/example_dags/example_task_group_decorator.py
[2023-03-03T16:17:06.434+0100] {processor.py:756} INFO - Processing file /Users/uab910/dev/nnam-poc/pyenv/lib/python3.10/site-packages/airflow/example_dags/example_task_group_decorator.py for tasks to queue
[2023-03-03T16:17:06.434+0100] {logging_mixin.py:137} INFO - [2023-03-03T16:17:06.434+0100] {dagbag.py:537} INFO - Filling up the DagBag from /Users/uab910/dev/nnam-poc/pyenv/lib/python3.10/site-packages/airflow/example_dags/example_task_group_decorator.py
[2023-03-03T16:17:06.498+0100] {processor.py:766} INFO - DAG(s) dict_keys(['example_task_group_decorator']) retrieved from /Users/uab910/dev/nnam-poc/pyenv/lib/python3.10/site-packages/airflow/example_dags/example_task_group_decorator.py
[2023-03-03T16:17:06.684+0100] {logging_mixin.py:137} INFO - [2023-03-03T16:17:06.684+0100] {dag.py:2585} INFO - Sync 1 DAGs
[2023-03-03T16:17:06.700+0100] {logging_mixin.py:137} INFO - [2023-03-03T16:17:06.700+0100] {dag.py:3336} INFO - Setting next_dagrun for example_task_group_decorator to 2023-03-02T15:17:06.700077+00:00, run_after=2023-03-03T15:17:06.700077+00:00
[2023-03-03T16:17:06.716+0100] {processor.py:176} INFO - Processing /Users/uab910/dev/nnam-poc/pyenv/lib/python3.10/site-packages/airflow/example_dags/example_task_group_decorator.py took 0.288 seconds
[2023-03-03T16:18:25.471+0100] {processor.py:154} INFO - Started process (PID=57875) to work on /Users/uab910/dev/nnam-poc/pyenv/lib/python3.10/site-packages/airflow/example_dags/example_task_group_decorator.py
[2023-03-03T16:18:25.477+0100] {processor.py:756} INFO - Processing file /Users/uab910/dev/nnam-poc/pyenv/lib/python3.10/site-packages/airflow/example_dags/example_task_group_decorator.py for tasks to queue
[2023-03-03T16:18:25.478+0100] {logging_mixin.py:137} INFO - [2023-03-03T16:18:25.478+0100] {dagbag.py:537} INFO - Filling up the DagBag from /Users/uab910/dev/nnam-poc/pyenv/lib/python3.10/site-packages/airflow/example_dags/example_task_group_decorator.py
[2023-03-03T16:18:25.547+0100] {processor.py:766} INFO - DAG(s) dict_keys(['example_task_group_decorator']) retrieved from /Users/uab910/dev/nnam-poc/pyenv/lib/python3.10/site-packages/airflow/example_dags/example_task_group_decorator.py
[2023-03-03T16:18:25.718+0100] {logging_mixin.py:137} INFO - [2023-03-03T16:18:25.717+0100] {dag.py:2585} INFO - Sync 1 DAGs
[2023-03-03T16:18:25.732+0100] {logging_mixin.py:137} INFO - [2023-03-03T16:18:25.732+0100] {dag.py:3336} INFO - Setting next_dagrun for example_task_group_decorator to 2023-03-02T15:18:25.732656+00:00, run_after=2023-03-03T15:18:25.732656+00:00
[2023-03-03T16:18:25.750+0100] {processor.py:176} INFO - Processing /Users/uab910/dev/nnam-poc/pyenv/lib/python3.10/site-packages/airflow/example_dags/example_task_group_decorator.py took 0.279 seconds
[2023-03-03T16:19:43.042+0100] {processor.py:154} INFO - Started process (PID=57935) to work on /Users/uab910/dev/nnam-poc/pyenv/lib/python3.10/site-packages/airflow/example_dags/example_task_group_decorator.py
[2023-03-03T16:19:43.048+0100] {processor.py:756} INFO - Processing file /Users/uab910/dev/nnam-poc/pyenv/lib/python3.10/site-packages/airflow/example_dags/example_task_group_decorator.py for tasks to queue
[2023-03-03T16:19:43.048+0100] {logging_mixin.py:137} INFO - [2023-03-03T16:19:43.048+0100] {dagbag.py:537} INFO - Filling up the DagBag from /Users/uab910/dev/nnam-poc/pyenv/lib/python3.10/site-packages/airflow/example_dags/example_task_group_decorator.py
[2023-03-03T16:19:43.114+0100] {processor.py:766} INFO - DAG(s) dict_keys(['example_task_group_decorator']) retrieved from /Users/uab910/dev/nnam-poc/pyenv/lib/python3.10/site-packages/airflow/example_dags/example_task_group_decorator.py
[2023-03-03T16:19:43.298+0100] {logging_mixin.py:137} INFO - [2023-03-03T16:19:43.298+0100] {dag.py:2585} INFO - Sync 1 DAGs
[2023-03-03T16:19:43.316+0100] {logging_mixin.py:137} INFO - [2023-03-03T16:19:43.316+0100] {dag.py:3336} INFO - Setting next_dagrun for example_task_group_decorator to 2023-03-02T15:19:43.315892+00:00, run_after=2023-03-03T15:19:43.315892+00:00
[2023-03-03T16:19:43.334+0100] {processor.py:176} INFO - Processing /Users/uab910/dev/nnam-poc/pyenv/lib/python3.10/site-packages/airflow/example_dags/example_task_group_decorator.py took 0.293 seconds
[2023-03-03T16:20:59.221+0100] {processor.py:154} INFO - Started process (PID=58018) to work on /Users/uab910/dev/nnam-poc/pyenv/lib/python3.10/site-packages/airflow/example_dags/example_task_group_decorator.py
[2023-03-03T16:20:59.227+0100] {processor.py:756} INFO - Processing file /Users/uab910/dev/nnam-poc/pyenv/lib/python3.10/site-packages/airflow/example_dags/example_task_group_decorator.py for tasks to queue
[2023-03-03T16:20:59.227+0100] {logging_mixin.py:137} INFO - [2023-03-03T16:20:59.227+0100] {dagbag.py:537} INFO - Filling up the DagBag from /Users/uab910/dev/nnam-poc/pyenv/lib/python3.10/site-packages/airflow/example_dags/example_task_group_decorator.py
[2023-03-03T16:20:59.301+0100] {processor.py:766} INFO - DAG(s) dict_keys(['example_task_group_decorator']) retrieved from /Users/uab910/dev/nnam-poc/pyenv/lib/python3.10/site-packages/airflow/example_dags/example_task_group_decorator.py
[2023-03-03T16:20:59.479+0100] {logging_mixin.py:137} INFO - [2023-03-03T16:20:59.479+0100] {dag.py:2585} INFO - Sync 1 DAGs
[2023-03-03T16:20:59.494+0100] {logging_mixin.py:137} INFO - [2023-03-03T16:20:59.494+0100] {dag.py:3336} INFO - Setting next_dagrun for example_task_group_decorator to 2023-03-02T15:20:59.494207+00:00, run_after=2023-03-03T15:20:59.494207+00:00
[2023-03-03T16:20:59.511+0100] {processor.py:176} INFO - Processing /Users/uab910/dev/nnam-poc/pyenv/lib/python3.10/site-packages/airflow/example_dags/example_task_group_decorator.py took 0.290 seconds
[2023-03-03T16:22:22.618+0100] {processor.py:154} INFO - Started process (PID=58080) to work on /Users/uab910/dev/nnam-poc/pyenv/lib/python3.10/site-packages/airflow/example_dags/example_task_group_decorator.py
[2023-03-03T16:22:22.623+0100] {processor.py:756} INFO - Processing file /Users/uab910/dev/nnam-poc/pyenv/lib/python3.10/site-packages/airflow/example_dags/example_task_group_decorator.py for tasks to queue
[2023-03-03T16:22:22.624+0100] {logging_mixin.py:137} INFO - [2023-03-03T16:22:22.623+0100] {dagbag.py:537} INFO - Filling up the DagBag from /Users/uab910/dev/nnam-poc/pyenv/lib/python3.10/site-packages/airflow/example_dags/example_task_group_decorator.py
[2023-03-03T16:22:22.694+0100] {processor.py:766} INFO - DAG(s) dict_keys(['example_task_group_decorator']) retrieved from /Users/uab910/dev/nnam-poc/pyenv/lib/python3.10/site-packages/airflow/example_dags/example_task_group_decorator.py
[2023-03-03T16:22:22.853+0100] {logging_mixin.py:137} INFO - [2023-03-03T16:22:22.853+0100] {dag.py:2585} INFO - Sync 1 DAGs
[2023-03-03T16:22:22.867+0100] {logging_mixin.py:137} INFO - [2023-03-03T16:22:22.866+0100] {dag.py:3336} INFO - Setting next_dagrun for example_task_group_decorator to 2023-03-02T15:22:22.866803+00:00, run_after=2023-03-03T15:22:22.866803+00:00
[2023-03-03T16:22:22.881+0100] {processor.py:176} INFO - Processing /Users/uab910/dev/nnam-poc/pyenv/lib/python3.10/site-packages/airflow/example_dags/example_task_group_decorator.py took 0.263 seconds
[2023-03-03T16:23:37.634+0100] {processor.py:154} INFO - Started process (PID=58159) to work on /Users/uab910/dev/nnam-poc/pyenv/lib/python3.10/site-packages/airflow/example_dags/example_task_group_decorator.py
[2023-03-03T16:23:37.640+0100] {processor.py:756} INFO - Processing file /Users/uab910/dev/nnam-poc/pyenv/lib/python3.10/site-packages/airflow/example_dags/example_task_group_decorator.py for tasks to queue
[2023-03-03T16:23:37.641+0100] {logging_mixin.py:137} INFO - [2023-03-03T16:23:37.641+0100] {dagbag.py:537} INFO - Filling up the DagBag from /Users/uab910/dev/nnam-poc/pyenv/lib/python3.10/site-packages/airflow/example_dags/example_task_group_decorator.py
[2023-03-03T16:23:37.704+0100] {processor.py:766} INFO - DAG(s) dict_keys(['example_task_group_decorator']) retrieved from /Users/uab910/dev/nnam-poc/pyenv/lib/python3.10/site-packages/airflow/example_dags/example_task_group_decorator.py
[2023-03-03T16:23:37.857+0100] {logging_mixin.py:137} INFO - [2023-03-03T16:23:37.857+0100] {dag.py:2585} INFO - Sync 1 DAGs
[2023-03-03T16:23:37.870+0100] {logging_mixin.py:137} INFO - [2023-03-03T16:23:37.870+0100] {dag.py:3336} INFO - Setting next_dagrun for example_task_group_decorator to 2023-03-02T15:23:37.870071+00:00, run_after=2023-03-03T15:23:37.870071+00:00
[2023-03-03T16:23:37.883+0100] {processor.py:176} INFO - Processing /Users/uab910/dev/nnam-poc/pyenv/lib/python3.10/site-packages/airflow/example_dags/example_task_group_decorator.py took 0.250 seconds
[2023-03-03T16:24:54.464+0100] {processor.py:154} INFO - Started process (PID=58208) to work on /Users/uab910/dev/nnam-poc/pyenv/lib/python3.10/site-packages/airflow/example_dags/example_task_group_decorator.py
[2023-03-03T16:24:54.469+0100] {processor.py:756} INFO - Processing file /Users/uab910/dev/nnam-poc/pyenv/lib/python3.10/site-packages/airflow/example_dags/example_task_group_decorator.py for tasks to queue
[2023-03-03T16:24:54.469+0100] {logging_mixin.py:137} INFO - [2023-03-03T16:24:54.469+0100] {dagbag.py:537} INFO - Filling up the DagBag from /Users/uab910/dev/nnam-poc/pyenv/lib/python3.10/site-packages/airflow/example_dags/example_task_group_decorator.py
[2023-03-03T16:24:54.536+0100] {processor.py:766} INFO - DAG(s) dict_keys(['example_task_group_decorator']) retrieved from /Users/uab910/dev/nnam-poc/pyenv/lib/python3.10/site-packages/airflow/example_dags/example_task_group_decorator.py
[2023-03-03T16:24:54.696+0100] {logging_mixin.py:137} INFO - [2023-03-03T16:24:54.696+0100] {dag.py:2585} INFO - Sync 1 DAGs
[2023-03-03T16:24:54.711+0100] {logging_mixin.py:137} INFO - [2023-03-03T16:24:54.710+0100] {dag.py:3336} INFO - Setting next_dagrun for example_task_group_decorator to 2023-03-02T15:24:54.710771+00:00, run_after=2023-03-03T15:24:54.710771+00:00
[2023-03-03T16:24:54.727+0100] {processor.py:176} INFO - Processing /Users/uab910/dev/nnam-poc/pyenv/lib/python3.10/site-packages/airflow/example_dags/example_task_group_decorator.py took 0.264 seconds
[2023-03-03T16:26:09.279+0100] {processor.py:154} INFO - Started process (PID=58247) to work on /Users/uab910/dev/nnam-poc/pyenv/lib/python3.10/site-packages/airflow/example_dags/example_task_group_decorator.py
[2023-03-03T16:26:09.283+0100] {processor.py:756} INFO - Processing file /Users/uab910/dev/nnam-poc/pyenv/lib/python3.10/site-packages/airflow/example_dags/example_task_group_decorator.py for tasks to queue
[2023-03-03T16:26:09.284+0100] {logging_mixin.py:137} INFO - [2023-03-03T16:26:09.284+0100] {dagbag.py:537} INFO - Filling up the DagBag from /Users/uab910/dev/nnam-poc/pyenv/lib/python3.10/site-packages/airflow/example_dags/example_task_group_decorator.py
[2023-03-03T16:26:09.338+0100] {processor.py:766} INFO - DAG(s) dict_keys(['example_task_group_decorator']) retrieved from /Users/uab910/dev/nnam-poc/pyenv/lib/python3.10/site-packages/airflow/example_dags/example_task_group_decorator.py
[2023-03-03T16:26:09.499+0100] {logging_mixin.py:137} INFO - [2023-03-03T16:26:09.499+0100] {dag.py:2585} INFO - Sync 1 DAGs
[2023-03-03T16:26:09.513+0100] {logging_mixin.py:137} INFO - [2023-03-03T16:26:09.513+0100] {dag.py:3336} INFO - Setting next_dagrun for example_task_group_decorator to 2023-03-02T15:26:09.513188+00:00, run_after=2023-03-03T15:26:09.513188+00:00
[2023-03-03T16:26:09.528+0100] {processor.py:176} INFO - Processing /Users/uab910/dev/nnam-poc/pyenv/lib/python3.10/site-packages/airflow/example_dags/example_task_group_decorator.py took 0.250 seconds
[2023-03-03T16:27:23.128+0100] {processor.py:154} INFO - Started process (PID=58297) to work on /Users/uab910/dev/nnam-poc/pyenv/lib/python3.10/site-packages/airflow/example_dags/example_task_group_decorator.py
[2023-03-03T16:27:23.133+0100] {processor.py:756} INFO - Processing file /Users/uab910/dev/nnam-poc/pyenv/lib/python3.10/site-packages/airflow/example_dags/example_task_group_decorator.py for tasks to queue
[2023-03-03T16:27:23.133+0100] {logging_mixin.py:137} INFO - [2023-03-03T16:27:23.133+0100] {dagbag.py:537} INFO - Filling up the DagBag from /Users/uab910/dev/nnam-poc/pyenv/lib/python3.10/site-packages/airflow/example_dags/example_task_group_decorator.py
[2023-03-03T16:27:23.194+0100] {processor.py:766} INFO - DAG(s) dict_keys(['example_task_group_decorator']) retrieved from /Users/uab910/dev/nnam-poc/pyenv/lib/python3.10/site-packages/airflow/example_dags/example_task_group_decorator.py
[2023-03-03T16:27:23.354+0100] {logging_mixin.py:137} INFO - [2023-03-03T16:27:23.354+0100] {dag.py:2585} INFO - Sync 1 DAGs
[2023-03-03T16:27:23.368+0100] {logging_mixin.py:137} INFO - [2023-03-03T16:27:23.368+0100] {dag.py:3336} INFO - Setting next_dagrun for example_task_group_decorator to 2023-03-02T15:27:23.368083+00:00, run_after=2023-03-03T15:27:23.368083+00:00
[2023-03-03T16:27:23.385+0100] {processor.py:176} INFO - Processing /Users/uab910/dev/nnam-poc/pyenv/lib/python3.10/site-packages/airflow/example_dags/example_task_group_decorator.py took 0.258 seconds
[2023-03-03T16:28:38.089+0100] {processor.py:154} INFO - Started process (PID=58335) to work on /Users/uab910/dev/nnam-poc/pyenv/lib/python3.10/site-packages/airflow/example_dags/example_task_group_decorator.py
[2023-03-03T16:28:38.095+0100] {processor.py:756} INFO - Processing file /Users/uab910/dev/nnam-poc/pyenv/lib/python3.10/site-packages/airflow/example_dags/example_task_group_decorator.py for tasks to queue
[2023-03-03T16:28:38.095+0100] {logging_mixin.py:137} INFO - [2023-03-03T16:28:38.095+0100] {dagbag.py:537} INFO - Filling up the DagBag from /Users/uab910/dev/nnam-poc/pyenv/lib/python3.10/site-packages/airflow/example_dags/example_task_group_decorator.py
[2023-03-03T16:28:38.163+0100] {processor.py:766} INFO - DAG(s) dict_keys(['example_task_group_decorator']) retrieved from /Users/uab910/dev/nnam-poc/pyenv/lib/python3.10/site-packages/airflow/example_dags/example_task_group_decorator.py
[2023-03-03T16:28:38.346+0100] {logging_mixin.py:137} INFO - [2023-03-03T16:28:38.346+0100] {dag.py:2585} INFO - Sync 1 DAGs
[2023-03-03T16:28:38.362+0100] {logging_mixin.py:137} INFO - [2023-03-03T16:28:38.361+0100] {dag.py:3336} INFO - Setting next_dagrun for example_task_group_decorator to 2023-03-02T15:28:38.361845+00:00, run_after=2023-03-03T15:28:38.361845+00:00
[2023-03-03T16:28:38.379+0100] {processor.py:176} INFO - Processing /Users/uab910/dev/nnam-poc/pyenv/lib/python3.10/site-packages/airflow/example_dags/example_task_group_decorator.py took 0.290 seconds
[2023-03-03T16:29:55.038+0100] {processor.py:154} INFO - Started process (PID=58381) to work on /Users/uab910/dev/nnam-poc/pyenv/lib/python3.10/site-packages/airflow/example_dags/example_task_group_decorator.py
[2023-03-03T16:29:55.044+0100] {processor.py:756} INFO - Processing file /Users/uab910/dev/nnam-poc/pyenv/lib/python3.10/site-packages/airflow/example_dags/example_task_group_decorator.py for tasks to queue
[2023-03-03T16:29:55.044+0100] {logging_mixin.py:137} INFO - [2023-03-03T16:29:55.044+0100] {dagbag.py:537} INFO - Filling up the DagBag from /Users/uab910/dev/nnam-poc/pyenv/lib/python3.10/site-packages/airflow/example_dags/example_task_group_decorator.py
[2023-03-03T16:29:55.116+0100] {processor.py:766} INFO - DAG(s) dict_keys(['example_task_group_decorator']) retrieved from /Users/uab910/dev/nnam-poc/pyenv/lib/python3.10/site-packages/airflow/example_dags/example_task_group_decorator.py
[2023-03-03T16:29:55.274+0100] {logging_mixin.py:137} INFO - [2023-03-03T16:29:55.274+0100] {dag.py:2585} INFO - Sync 1 DAGs
[2023-03-03T16:29:55.288+0100] {logging_mixin.py:137} INFO - [2023-03-03T16:29:55.288+0100] {dag.py:3336} INFO - Setting next_dagrun for example_task_group_decorator to 2023-03-02T15:29:55.288632+00:00, run_after=2023-03-03T15:29:55.288632+00:00
[2023-03-03T16:29:55.304+0100] {processor.py:176} INFO - Processing /Users/uab910/dev/nnam-poc/pyenv/lib/python3.10/site-packages/airflow/example_dags/example_task_group_decorator.py took 0.267 seconds
[2023-03-03T16:31:11.265+0100] {processor.py:154} INFO - Started process (PID=58424) to work on /Users/uab910/dev/nnam-poc/pyenv/lib/python3.10/site-packages/airflow/example_dags/example_task_group_decorator.py
[2023-03-03T16:31:11.271+0100] {processor.py:756} INFO - Processing file /Users/uab910/dev/nnam-poc/pyenv/lib/python3.10/site-packages/airflow/example_dags/example_task_group_decorator.py for tasks to queue
[2023-03-03T16:31:11.272+0100] {logging_mixin.py:137} INFO - [2023-03-03T16:31:11.272+0100] {dagbag.py:537} INFO - Filling up the DagBag from /Users/uab910/dev/nnam-poc/pyenv/lib/python3.10/site-packages/airflow/example_dags/example_task_group_decorator.py
[2023-03-03T16:31:11.334+0100] {processor.py:766} INFO - DAG(s) dict_keys(['example_task_group_decorator']) retrieved from /Users/uab910/dev/nnam-poc/pyenv/lib/python3.10/site-packages/airflow/example_dags/example_task_group_decorator.py
[2023-03-03T16:31:11.486+0100] {logging_mixin.py:137} INFO - [2023-03-03T16:31:11.486+0100] {dag.py:2585} INFO - Sync 1 DAGs
[2023-03-03T16:31:11.498+0100] {logging_mixin.py:137} INFO - [2023-03-03T16:31:11.498+0100] {dag.py:3336} INFO - Setting next_dagrun for example_task_group_decorator to 2023-03-02T15:31:11.498327+00:00, run_after=2023-03-03T15:31:11.498327+00:00
[2023-03-03T16:31:11.517+0100] {processor.py:176} INFO - Processing /Users/uab910/dev/nnam-poc/pyenv/lib/python3.10/site-packages/airflow/example_dags/example_task_group_decorator.py took 0.252 seconds
[2023-03-03T16:32:27.780+0100] {processor.py:154} INFO - Started process (PID=58460) to work on /Users/uab910/dev/nnam-poc/pyenv/lib/python3.10/site-packages/airflow/example_dags/example_task_group_decorator.py
[2023-03-03T16:32:27.785+0100] {processor.py:756} INFO - Processing file /Users/uab910/dev/nnam-poc/pyenv/lib/python3.10/site-packages/airflow/example_dags/example_task_group_decorator.py for tasks to queue
[2023-03-03T16:32:27.785+0100] {logging_mixin.py:137} INFO - [2023-03-03T16:32:27.785+0100] {dagbag.py:537} INFO - Filling up the DagBag from /Users/uab910/dev/nnam-poc/pyenv/lib/python3.10/site-packages/airflow/example_dags/example_task_group_decorator.py
[2023-03-03T16:32:27.847+0100] {processor.py:766} INFO - DAG(s) dict_keys(['example_task_group_decorator']) retrieved from /Users/uab910/dev/nnam-poc/pyenv/lib/python3.10/site-packages/airflow/example_dags/example_task_group_decorator.py
[2023-03-03T16:32:28.006+0100] {logging_mixin.py:137} INFO - [2023-03-03T16:32:28.005+0100] {dag.py:2585} INFO - Sync 1 DAGs
[2023-03-03T16:32:28.019+0100] {logging_mixin.py:137} INFO - [2023-03-03T16:32:28.019+0100] {dag.py:3336} INFO - Setting next_dagrun for example_task_group_decorator to 2023-03-02T15:32:28.019380+00:00, run_after=2023-03-03T15:32:28.019380+00:00
[2023-03-03T16:32:28.034+0100] {processor.py:176} INFO - Processing /Users/uab910/dev/nnam-poc/pyenv/lib/python3.10/site-packages/airflow/example_dags/example_task_group_decorator.py took 0.255 seconds
[2023-03-03T16:33:43.368+0100] {processor.py:154} INFO - Started process (PID=58513) to work on /Users/uab910/dev/nnam-poc/pyenv/lib/python3.10/site-packages/airflow/example_dags/example_task_group_decorator.py
[2023-03-03T16:33:43.374+0100] {processor.py:756} INFO - Processing file /Users/uab910/dev/nnam-poc/pyenv/lib/python3.10/site-packages/airflow/example_dags/example_task_group_decorator.py for tasks to queue
[2023-03-03T16:33:43.375+0100] {logging_mixin.py:137} INFO - [2023-03-03T16:33:43.375+0100] {dagbag.py:537} INFO - Filling up the DagBag from /Users/uab910/dev/nnam-poc/pyenv/lib/python3.10/site-packages/airflow/example_dags/example_task_group_decorator.py
[2023-03-03T16:33:43.438+0100] {processor.py:766} INFO - DAG(s) dict_keys(['example_task_group_decorator']) retrieved from /Users/uab910/dev/nnam-poc/pyenv/lib/python3.10/site-packages/airflow/example_dags/example_task_group_decorator.py
[2023-03-03T16:33:43.619+0100] {logging_mixin.py:137} INFO - [2023-03-03T16:33:43.619+0100] {dag.py:2585} INFO - Sync 1 DAGs
[2023-03-03T16:33:43.634+0100] {logging_mixin.py:137} INFO - [2023-03-03T16:33:43.634+0100] {dag.py:3336} INFO - Setting next_dagrun for example_task_group_decorator to 2023-03-02T15:33:43.633923+00:00, run_after=2023-03-03T15:33:43.633923+00:00
[2023-03-03T16:33:43.649+0100] {processor.py:176} INFO - Processing /Users/uab910/dev/nnam-poc/pyenv/lib/python3.10/site-packages/airflow/example_dags/example_task_group_decorator.py took 0.282 seconds
[2023-03-03T16:35:00.724+0100] {processor.py:154} INFO - Started process (PID=58566) to work on /Users/uab910/dev/nnam-poc/pyenv/lib/python3.10/site-packages/airflow/example_dags/example_task_group_decorator.py
[2023-03-03T16:35:00.730+0100] {processor.py:756} INFO - Processing file /Users/uab910/dev/nnam-poc/pyenv/lib/python3.10/site-packages/airflow/example_dags/example_task_group_decorator.py for tasks to queue
[2023-03-03T16:35:00.731+0100] {logging_mixin.py:137} INFO - [2023-03-03T16:35:00.730+0100] {dagbag.py:537} INFO - Filling up the DagBag from /Users/uab910/dev/nnam-poc/pyenv/lib/python3.10/site-packages/airflow/example_dags/example_task_group_decorator.py
[2023-03-03T16:35:00.799+0100] {processor.py:766} INFO - DAG(s) dict_keys(['example_task_group_decorator']) retrieved from /Users/uab910/dev/nnam-poc/pyenv/lib/python3.10/site-packages/airflow/example_dags/example_task_group_decorator.py
[2023-03-03T16:35:00.961+0100] {logging_mixin.py:137} INFO - [2023-03-03T16:35:00.961+0100] {dag.py:2585} INFO - Sync 1 DAGs
[2023-03-03T16:35:00.976+0100] {logging_mixin.py:137} INFO - [2023-03-03T16:35:00.976+0100] {dag.py:3336} INFO - Setting next_dagrun for example_task_group_decorator to 2023-03-02T15:35:00.976216+00:00, run_after=2023-03-03T15:35:00.976216+00:00
[2023-03-03T16:35:00.991+0100] {processor.py:176} INFO - Processing /Users/uab910/dev/nnam-poc/pyenv/lib/python3.10/site-packages/airflow/example_dags/example_task_group_decorator.py took 0.267 seconds
[2023-03-03T16:36:17.799+0100] {processor.py:154} INFO - Started process (PID=58606) to work on /Users/uab910/dev/nnam-poc/pyenv/lib/python3.10/site-packages/airflow/example_dags/example_task_group_decorator.py
[2023-03-03T16:36:17.805+0100] {processor.py:756} INFO - Processing file /Users/uab910/dev/nnam-poc/pyenv/lib/python3.10/site-packages/airflow/example_dags/example_task_group_decorator.py for tasks to queue
[2023-03-03T16:36:17.805+0100] {logging_mixin.py:137} INFO - [2023-03-03T16:36:17.805+0100] {dagbag.py:537} INFO - Filling up the DagBag from /Users/uab910/dev/nnam-poc/pyenv/lib/python3.10/site-packages/airflow/example_dags/example_task_group_decorator.py
[2023-03-03T16:36:17.868+0100] {processor.py:766} INFO - DAG(s) dict_keys(['example_task_group_decorator']) retrieved from /Users/uab910/dev/nnam-poc/pyenv/lib/python3.10/site-packages/airflow/example_dags/example_task_group_decorator.py
[2023-03-03T16:36:18.039+0100] {logging_mixin.py:137} INFO - [2023-03-03T16:36:18.039+0100] {dag.py:2585} INFO - Sync 1 DAGs
[2023-03-03T16:36:18.054+0100] {logging_mixin.py:137} INFO - [2023-03-03T16:36:18.054+0100] {dag.py:3336} INFO - Setting next_dagrun for example_task_group_decorator to 2023-03-02T15:36:18.054466+00:00, run_after=2023-03-03T15:36:18.054466+00:00
[2023-03-03T16:36:18.070+0100] {processor.py:176} INFO - Processing /Users/uab910/dev/nnam-poc/pyenv/lib/python3.10/site-packages/airflow/example_dags/example_task_group_decorator.py took 0.272 seconds
[2023-03-03T16:37:34.089+0100] {processor.py:154} INFO - Started process (PID=58652) to work on /Users/uab910/dev/nnam-poc/pyenv/lib/python3.10/site-packages/airflow/example_dags/example_task_group_decorator.py
[2023-03-03T16:37:34.096+0100] {processor.py:756} INFO - Processing file /Users/uab910/dev/nnam-poc/pyenv/lib/python3.10/site-packages/airflow/example_dags/example_task_group_decorator.py for tasks to queue
[2023-03-03T16:37:34.096+0100] {logging_mixin.py:137} INFO - [2023-03-03T16:37:34.096+0100] {dagbag.py:537} INFO - Filling up the DagBag from /Users/uab910/dev/nnam-poc/pyenv/lib/python3.10/site-packages/airflow/example_dags/example_task_group_decorator.py
[2023-03-03T16:37:34.170+0100] {processor.py:766} INFO - DAG(s) dict_keys(['example_task_group_decorator']) retrieved from /Users/uab910/dev/nnam-poc/pyenv/lib/python3.10/site-packages/airflow/example_dags/example_task_group_decorator.py
[2023-03-03T16:37:34.343+0100] {logging_mixin.py:137} INFO - [2023-03-03T16:37:34.343+0100] {dag.py:2585} INFO - Sync 1 DAGs
[2023-03-03T16:37:34.358+0100] {logging_mixin.py:137} INFO - [2023-03-03T16:37:34.358+0100] {dag.py:3336} INFO - Setting next_dagrun for example_task_group_decorator to 2023-03-02T15:37:34.358713+00:00, run_after=2023-03-03T15:37:34.358713+00:00
[2023-03-03T16:37:34.375+0100] {processor.py:176} INFO - Processing /Users/uab910/dev/nnam-poc/pyenv/lib/python3.10/site-packages/airflow/example_dags/example_task_group_decorator.py took 0.286 seconds
[2023-03-03T16:38:52.663+0100] {processor.py:154} INFO - Started process (PID=58692) to work on /Users/uab910/dev/nnam-poc/pyenv/lib/python3.10/site-packages/airflow/example_dags/example_task_group_decorator.py
[2023-03-03T16:38:52.668+0100] {processor.py:756} INFO - Processing file /Users/uab910/dev/nnam-poc/pyenv/lib/python3.10/site-packages/airflow/example_dags/example_task_group_decorator.py for tasks to queue
[2023-03-03T16:38:52.669+0100] {logging_mixin.py:137} INFO - [2023-03-03T16:38:52.669+0100] {dagbag.py:537} INFO - Filling up the DagBag from /Users/uab910/dev/nnam-poc/pyenv/lib/python3.10/site-packages/airflow/example_dags/example_task_group_decorator.py
[2023-03-03T16:38:52.735+0100] {processor.py:766} INFO - DAG(s) dict_keys(['example_task_group_decorator']) retrieved from /Users/uab910/dev/nnam-poc/pyenv/lib/python3.10/site-packages/airflow/example_dags/example_task_group_decorator.py
[2023-03-03T16:38:52.902+0100] {logging_mixin.py:137} INFO - [2023-03-03T16:38:52.902+0100] {dag.py:2585} INFO - Sync 1 DAGs
[2023-03-03T16:38:52.916+0100] {logging_mixin.py:137} INFO - [2023-03-03T16:38:52.916+0100] {dag.py:3336} INFO - Setting next_dagrun for example_task_group_decorator to 2023-03-02T15:38:52.916099+00:00, run_after=2023-03-03T15:38:52.916099+00:00
[2023-03-03T16:38:52.932+0100] {processor.py:176} INFO - Processing /Users/uab910/dev/nnam-poc/pyenv/lib/python3.10/site-packages/airflow/example_dags/example_task_group_decorator.py took 0.269 seconds
[2023-03-03T16:40:30.395+0100] {processor.py:154} INFO - Started process (PID=58746) to work on /Users/uab910/dev/nnam-poc/pyenv/lib/python3.10/site-packages/airflow/example_dags/example_task_group_decorator.py
[2023-03-03T16:40:30.401+0100] {processor.py:756} INFO - Processing file /Users/uab910/dev/nnam-poc/pyenv/lib/python3.10/site-packages/airflow/example_dags/example_task_group_decorator.py for tasks to queue
[2023-03-03T16:40:30.401+0100] {logging_mixin.py:137} INFO - [2023-03-03T16:40:30.401+0100] {dagbag.py:537} INFO - Filling up the DagBag from /Users/uab910/dev/nnam-poc/pyenv/lib/python3.10/site-packages/airflow/example_dags/example_task_group_decorator.py
[2023-03-03T16:40:30.464+0100] {processor.py:766} INFO - DAG(s) dict_keys(['example_task_group_decorator']) retrieved from /Users/uab910/dev/nnam-poc/pyenv/lib/python3.10/site-packages/airflow/example_dags/example_task_group_decorator.py
[2023-03-03T16:40:30.625+0100] {logging_mixin.py:137} INFO - [2023-03-03T16:40:30.624+0100] {dag.py:2585} INFO - Sync 1 DAGs
[2023-03-03T16:40:30.643+0100] {logging_mixin.py:137} INFO - [2023-03-03T16:40:30.643+0100] {dag.py:3336} INFO - Setting next_dagrun for example_task_group_decorator to 2023-03-02T15:40:30.642799+00:00, run_after=2023-03-03T15:40:30.642799+00:00
[2023-03-03T16:40:30.661+0100] {processor.py:176} INFO - Processing /Users/uab910/dev/nnam-poc/pyenv/lib/python3.10/site-packages/airflow/example_dags/example_task_group_decorator.py took 0.268 seconds
[2023-03-03T16:42:01.110+0100] {processor.py:154} INFO - Started process (PID=58795) to work on /Users/uab910/dev/nnam-poc/pyenv/lib/python3.10/site-packages/airflow/example_dags/example_task_group_decorator.py
[2023-03-03T16:42:01.116+0100] {processor.py:756} INFO - Processing file /Users/uab910/dev/nnam-poc/pyenv/lib/python3.10/site-packages/airflow/example_dags/example_task_group_decorator.py for tasks to queue
[2023-03-03T16:42:01.117+0100] {logging_mixin.py:137} INFO - [2023-03-03T16:42:01.117+0100] {dagbag.py:537} INFO - Filling up the DagBag from /Users/uab910/dev/nnam-poc/pyenv/lib/python3.10/site-packages/airflow/example_dags/example_task_group_decorator.py
[2023-03-03T16:42:01.184+0100] {processor.py:766} INFO - DAG(s) dict_keys(['example_task_group_decorator']) retrieved from /Users/uab910/dev/nnam-poc/pyenv/lib/python3.10/site-packages/airflow/example_dags/example_task_group_decorator.py
[2023-03-03T16:42:01.345+0100] {logging_mixin.py:137} INFO - [2023-03-03T16:42:01.345+0100] {dag.py:2585} INFO - Sync 1 DAGs
[2023-03-03T16:42:01.358+0100] {logging_mixin.py:137} INFO - [2023-03-03T16:42:01.358+0100] {dag.py:3336} INFO - Setting next_dagrun for example_task_group_decorator to 2023-03-02T15:42:01.358563+00:00, run_after=2023-03-03T15:42:01.358563+00:00
[2023-03-03T16:42:01.373+0100] {processor.py:176} INFO - Processing /Users/uab910/dev/nnam-poc/pyenv/lib/python3.10/site-packages/airflow/example_dags/example_task_group_decorator.py took 0.265 seconds
[2023-03-03T16:43:33.410+0100] {processor.py:154} INFO - Started process (PID=58843) to work on /Users/uab910/dev/nnam-poc/pyenv/lib/python3.10/site-packages/airflow/example_dags/example_task_group_decorator.py
[2023-03-03T16:43:33.415+0100] {processor.py:756} INFO - Processing file /Users/uab910/dev/nnam-poc/pyenv/lib/python3.10/site-packages/airflow/example_dags/example_task_group_decorator.py for tasks to queue
[2023-03-03T16:43:33.416+0100] {logging_mixin.py:137} INFO - [2023-03-03T16:43:33.415+0100] {dagbag.py:537} INFO - Filling up the DagBag from /Users/uab910/dev/nnam-poc/pyenv/lib/python3.10/site-packages/airflow/example_dags/example_task_group_decorator.py
[2023-03-03T16:43:33.480+0100] {processor.py:766} INFO - DAG(s) dict_keys(['example_task_group_decorator']) retrieved from /Users/uab910/dev/nnam-poc/pyenv/lib/python3.10/site-packages/airflow/example_dags/example_task_group_decorator.py
[2023-03-03T16:43:33.643+0100] {logging_mixin.py:137} INFO - [2023-03-03T16:43:33.642+0100] {dag.py:2585} INFO - Sync 1 DAGs
[2023-03-03T16:43:33.657+0100] {logging_mixin.py:137} INFO - [2023-03-03T16:43:33.657+0100] {dag.py:3336} INFO - Setting next_dagrun for example_task_group_decorator to 2023-03-02T15:43:33.657314+00:00, run_after=2023-03-03T15:43:33.657314+00:00
[2023-03-03T16:43:33.672+0100] {processor.py:176} INFO - Processing /Users/uab910/dev/nnam-poc/pyenv/lib/python3.10/site-packages/airflow/example_dags/example_task_group_decorator.py took 0.262 seconds
[2023-03-03T16:45:09.273+0100] {processor.py:154} INFO - Started process (PID=58923) to work on /Users/uab910/dev/nnam-poc/pyenv/lib/python3.10/site-packages/airflow/example_dags/example_task_group_decorator.py
[2023-03-03T16:45:09.279+0100] {processor.py:756} INFO - Processing file /Users/uab910/dev/nnam-poc/pyenv/lib/python3.10/site-packages/airflow/example_dags/example_task_group_decorator.py for tasks to queue
[2023-03-03T16:45:09.279+0100] {logging_mixin.py:137} INFO - [2023-03-03T16:45:09.279+0100] {dagbag.py:537} INFO - Filling up the DagBag from /Users/uab910/dev/nnam-poc/pyenv/lib/python3.10/site-packages/airflow/example_dags/example_task_group_decorator.py
[2023-03-03T16:45:09.347+0100] {processor.py:766} INFO - DAG(s) dict_keys(['example_task_group_decorator']) retrieved from /Users/uab910/dev/nnam-poc/pyenv/lib/python3.10/site-packages/airflow/example_dags/example_task_group_decorator.py
[2023-03-03T16:45:09.515+0100] {logging_mixin.py:137} INFO - [2023-03-03T16:45:09.515+0100] {dag.py:2585} INFO - Sync 1 DAGs
[2023-03-03T16:45:09.530+0100] {logging_mixin.py:137} INFO - [2023-03-03T16:45:09.530+0100] {dag.py:3336} INFO - Setting next_dagrun for example_task_group_decorator to 2023-03-02T15:45:09.530560+00:00, run_after=2023-03-03T15:45:09.530560+00:00
[2023-03-03T16:45:09.545+0100] {processor.py:176} INFO - Processing /Users/uab910/dev/nnam-poc/pyenv/lib/python3.10/site-packages/airflow/example_dags/example_task_group_decorator.py took 0.274 seconds
[2023-03-03T16:46:43.063+0100] {processor.py:154} INFO - Started process (PID=58995) to work on /Users/uab910/dev/nnam-poc/pyenv/lib/python3.10/site-packages/airflow/example_dags/example_task_group_decorator.py
[2023-03-03T16:46:43.069+0100] {processor.py:756} INFO - Processing file /Users/uab910/dev/nnam-poc/pyenv/lib/python3.10/site-packages/airflow/example_dags/example_task_group_decorator.py for tasks to queue
[2023-03-03T16:46:43.069+0100] {logging_mixin.py:137} INFO - [2023-03-03T16:46:43.069+0100] {dagbag.py:537} INFO - Filling up the DagBag from /Users/uab910/dev/nnam-poc/pyenv/lib/python3.10/site-packages/airflow/example_dags/example_task_group_decorator.py
[2023-03-03T16:46:43.136+0100] {processor.py:766} INFO - DAG(s) dict_keys(['example_task_group_decorator']) retrieved from /Users/uab910/dev/nnam-poc/pyenv/lib/python3.10/site-packages/airflow/example_dags/example_task_group_decorator.py
[2023-03-03T16:46:43.301+0100] {logging_mixin.py:137} INFO - [2023-03-03T16:46:43.301+0100] {dag.py:2585} INFO - Sync 1 DAGs
[2023-03-03T16:46:43.314+0100] {logging_mixin.py:137} INFO - [2023-03-03T16:46:43.314+0100] {dag.py:3336} INFO - Setting next_dagrun for example_task_group_decorator to 2023-03-02T15:46:43.314090+00:00, run_after=2023-03-03T15:46:43.314090+00:00
[2023-03-03T16:46:43.328+0100] {processor.py:176} INFO - Processing /Users/uab910/dev/nnam-poc/pyenv/lib/python3.10/site-packages/airflow/example_dags/example_task_group_decorator.py took 0.265 seconds
[2023-03-03T16:48:13.214+0100] {processor.py:154} INFO - Started process (PID=59051) to work on /Users/uab910/dev/nnam-poc/pyenv/lib/python3.10/site-packages/airflow/example_dags/example_task_group_decorator.py
[2023-03-03T16:48:13.219+0100] {processor.py:756} INFO - Processing file /Users/uab910/dev/nnam-poc/pyenv/lib/python3.10/site-packages/airflow/example_dags/example_task_group_decorator.py for tasks to queue
[2023-03-03T16:48:13.220+0100] {logging_mixin.py:137} INFO - [2023-03-03T16:48:13.219+0100] {dagbag.py:537} INFO - Filling up the DagBag from /Users/uab910/dev/nnam-poc/pyenv/lib/python3.10/site-packages/airflow/example_dags/example_task_group_decorator.py
[2023-03-03T16:48:13.282+0100] {processor.py:766} INFO - DAG(s) dict_keys(['example_task_group_decorator']) retrieved from /Users/uab910/dev/nnam-poc/pyenv/lib/python3.10/site-packages/airflow/example_dags/example_task_group_decorator.py
[2023-03-03T16:48:13.439+0100] {logging_mixin.py:137} INFO - [2023-03-03T16:48:13.439+0100] {dag.py:2585} INFO - Sync 1 DAGs
[2023-03-03T16:48:13.453+0100] {logging_mixin.py:137} INFO - [2023-03-03T16:48:13.453+0100] {dag.py:3336} INFO - Setting next_dagrun for example_task_group_decorator to 2023-03-02T15:48:13.453414+00:00, run_after=2023-03-03T15:48:13.453414+00:00
[2023-03-03T16:48:13.470+0100] {processor.py:176} INFO - Processing /Users/uab910/dev/nnam-poc/pyenv/lib/python3.10/site-packages/airflow/example_dags/example_task_group_decorator.py took 0.257 seconds
[2023-03-03T16:49:47.103+0100] {processor.py:154} INFO - Started process (PID=59104) to work on /Users/uab910/dev/nnam-poc/pyenv/lib/python3.10/site-packages/airflow/example_dags/example_task_group_decorator.py
[2023-03-03T16:49:47.108+0100] {processor.py:756} INFO - Processing file /Users/uab910/dev/nnam-poc/pyenv/lib/python3.10/site-packages/airflow/example_dags/example_task_group_decorator.py for tasks to queue
[2023-03-03T16:49:47.109+0100] {logging_mixin.py:137} INFO - [2023-03-03T16:49:47.109+0100] {dagbag.py:537} INFO - Filling up the DagBag from /Users/uab910/dev/nnam-poc/pyenv/lib/python3.10/site-packages/airflow/example_dags/example_task_group_decorator.py
[2023-03-03T16:49:47.176+0100] {processor.py:766} INFO - DAG(s) dict_keys(['example_task_group_decorator']) retrieved from /Users/uab910/dev/nnam-poc/pyenv/lib/python3.10/site-packages/airflow/example_dags/example_task_group_decorator.py
[2023-03-03T16:49:47.350+0100] {logging_mixin.py:137} INFO - [2023-03-03T16:49:47.349+0100] {dag.py:2585} INFO - Sync 1 DAGs
[2023-03-03T16:49:47.364+0100] {logging_mixin.py:137} INFO - [2023-03-03T16:49:47.364+0100] {dag.py:3336} INFO - Setting next_dagrun for example_task_group_decorator to 2023-03-02T15:49:47.364564+00:00, run_after=2023-03-03T15:49:47.364564+00:00
[2023-03-03T16:49:47.381+0100] {processor.py:176} INFO - Processing /Users/uab910/dev/nnam-poc/pyenv/lib/python3.10/site-packages/airflow/example_dags/example_task_group_decorator.py took 0.279 seconds
[2023-03-03T16:51:20.746+0100] {processor.py:154} INFO - Started process (PID=59170) to work on /Users/uab910/dev/nnam-poc/pyenv/lib/python3.10/site-packages/airflow/example_dags/example_task_group_decorator.py
[2023-03-03T16:51:20.751+0100] {processor.py:756} INFO - Processing file /Users/uab910/dev/nnam-poc/pyenv/lib/python3.10/site-packages/airflow/example_dags/example_task_group_decorator.py for tasks to queue
[2023-03-03T16:51:20.751+0100] {logging_mixin.py:137} INFO - [2023-03-03T16:51:20.751+0100] {dagbag.py:537} INFO - Filling up the DagBag from /Users/uab910/dev/nnam-poc/pyenv/lib/python3.10/site-packages/airflow/example_dags/example_task_group_decorator.py
[2023-03-03T16:51:20.808+0100] {processor.py:766} INFO - DAG(s) dict_keys(['example_task_group_decorator']) retrieved from /Users/uab910/dev/nnam-poc/pyenv/lib/python3.10/site-packages/airflow/example_dags/example_task_group_decorator.py
[2023-03-03T16:51:20.969+0100] {logging_mixin.py:137} INFO - [2023-03-03T16:51:20.969+0100] {dag.py:2585} INFO - Sync 1 DAGs
[2023-03-03T16:51:20.983+0100] {logging_mixin.py:137} INFO - [2023-03-03T16:51:20.983+0100] {dag.py:3336} INFO - Setting next_dagrun for example_task_group_decorator to 2023-03-02T15:51:20.983040+00:00, run_after=2023-03-03T15:51:20.983040+00:00
[2023-03-03T16:51:20.998+0100] {processor.py:176} INFO - Processing /Users/uab910/dev/nnam-poc/pyenv/lib/python3.10/site-packages/airflow/example_dags/example_task_group_decorator.py took 0.253 seconds
[2023-03-03T16:52:53.624+0100] {processor.py:154} INFO - Started process (PID=59216) to work on /Users/uab910/dev/nnam-poc/pyenv/lib/python3.10/site-packages/airflow/example_dags/example_task_group_decorator.py
[2023-03-03T16:52:53.630+0100] {processor.py:756} INFO - Processing file /Users/uab910/dev/nnam-poc/pyenv/lib/python3.10/site-packages/airflow/example_dags/example_task_group_decorator.py for tasks to queue
[2023-03-03T16:52:53.631+0100] {logging_mixin.py:137} INFO - [2023-03-03T16:52:53.631+0100] {dagbag.py:537} INFO - Filling up the DagBag from /Users/uab910/dev/nnam-poc/pyenv/lib/python3.10/site-packages/airflow/example_dags/example_task_group_decorator.py
[2023-03-03T16:52:53.699+0100] {processor.py:766} INFO - DAG(s) dict_keys(['example_task_group_decorator']) retrieved from /Users/uab910/dev/nnam-poc/pyenv/lib/python3.10/site-packages/airflow/example_dags/example_task_group_decorator.py
[2023-03-03T16:52:53.879+0100] {logging_mixin.py:137} INFO - [2023-03-03T16:52:53.879+0100] {dag.py:2585} INFO - Sync 1 DAGs
[2023-03-03T16:52:53.895+0100] {logging_mixin.py:137} INFO - [2023-03-03T16:52:53.895+0100] {dag.py:3336} INFO - Setting next_dagrun for example_task_group_decorator to 2023-03-02T15:52:53.895565+00:00, run_after=2023-03-03T15:52:53.895565+00:00
[2023-03-03T16:52:53.915+0100] {processor.py:176} INFO - Processing /Users/uab910/dev/nnam-poc/pyenv/lib/python3.10/site-packages/airflow/example_dags/example_task_group_decorator.py took 0.291 seconds
[2023-03-03T16:54:19.341+0100] {processor.py:154} INFO - Started process (PID=59277) to work on /Users/uab910/dev/nnam-poc/pyenv/lib/python3.10/site-packages/airflow/example_dags/example_task_group_decorator.py
[2023-03-03T16:54:19.347+0100] {processor.py:756} INFO - Processing file /Users/uab910/dev/nnam-poc/pyenv/lib/python3.10/site-packages/airflow/example_dags/example_task_group_decorator.py for tasks to queue
[2023-03-03T16:54:19.348+0100] {logging_mixin.py:137} INFO - [2023-03-03T16:54:19.348+0100] {dagbag.py:537} INFO - Filling up the DagBag from /Users/uab910/dev/nnam-poc/pyenv/lib/python3.10/site-packages/airflow/example_dags/example_task_group_decorator.py
[2023-03-03T16:54:19.422+0100] {processor.py:766} INFO - DAG(s) dict_keys(['example_task_group_decorator']) retrieved from /Users/uab910/dev/nnam-poc/pyenv/lib/python3.10/site-packages/airflow/example_dags/example_task_group_decorator.py
[2023-03-03T16:54:19.604+0100] {logging_mixin.py:137} INFO - [2023-03-03T16:54:19.604+0100] {dag.py:2585} INFO - Sync 1 DAGs
[2023-03-03T16:54:19.621+0100] {logging_mixin.py:137} INFO - [2023-03-03T16:54:19.621+0100] {dag.py:3336} INFO - Setting next_dagrun for example_task_group_decorator to 2023-03-02T15:54:19.620888+00:00, run_after=2023-03-03T15:54:19.620888+00:00
[2023-03-03T16:54:19.638+0100] {processor.py:176} INFO - Processing /Users/uab910/dev/nnam-poc/pyenv/lib/python3.10/site-packages/airflow/example_dags/example_task_group_decorator.py took 0.298 seconds
[2023-03-03T16:55:54.786+0100] {processor.py:154} INFO - Started process (PID=59326) to work on /Users/uab910/dev/nnam-poc/pyenv/lib/python3.10/site-packages/airflow/example_dags/example_task_group_decorator.py
[2023-03-03T16:55:54.791+0100] {processor.py:756} INFO - Processing file /Users/uab910/dev/nnam-poc/pyenv/lib/python3.10/site-packages/airflow/example_dags/example_task_group_decorator.py for tasks to queue
[2023-03-03T16:55:54.791+0100] {logging_mixin.py:137} INFO - [2023-03-03T16:55:54.791+0100] {dagbag.py:537} INFO - Filling up the DagBag from /Users/uab910/dev/nnam-poc/pyenv/lib/python3.10/site-packages/airflow/example_dags/example_task_group_decorator.py
[2023-03-03T16:55:54.850+0100] {processor.py:766} INFO - DAG(s) dict_keys(['example_task_group_decorator']) retrieved from /Users/uab910/dev/nnam-poc/pyenv/lib/python3.10/site-packages/airflow/example_dags/example_task_group_decorator.py
[2023-03-03T16:55:55.003+0100] {logging_mixin.py:137} INFO - [2023-03-03T16:55:55.003+0100] {dag.py:2585} INFO - Sync 1 DAGs
[2023-03-03T16:55:55.017+0100] {logging_mixin.py:137} INFO - [2023-03-03T16:55:55.017+0100] {dag.py:3336} INFO - Setting next_dagrun for example_task_group_decorator to 2023-03-02T15:55:55.016908+00:00, run_after=2023-03-03T15:55:55.016908+00:00
[2023-03-03T16:55:55.032+0100] {processor.py:176} INFO - Processing /Users/uab910/dev/nnam-poc/pyenv/lib/python3.10/site-packages/airflow/example_dags/example_task_group_decorator.py took 0.246 seconds
[2023-03-03T16:57:28.144+0100] {processor.py:154} INFO - Started process (PID=59378) to work on /Users/uab910/dev/nnam-poc/pyenv/lib/python3.10/site-packages/airflow/example_dags/example_task_group_decorator.py
[2023-03-03T16:57:28.148+0100] {processor.py:756} INFO - Processing file /Users/uab910/dev/nnam-poc/pyenv/lib/python3.10/site-packages/airflow/example_dags/example_task_group_decorator.py for tasks to queue
[2023-03-03T16:57:28.149+0100] {logging_mixin.py:137} INFO - [2023-03-03T16:57:28.149+0100] {dagbag.py:537} INFO - Filling up the DagBag from /Users/uab910/dev/nnam-poc/pyenv/lib/python3.10/site-packages/airflow/example_dags/example_task_group_decorator.py
[2023-03-03T16:57:28.202+0100] {processor.py:766} INFO - DAG(s) dict_keys(['example_task_group_decorator']) retrieved from /Users/uab910/dev/nnam-poc/pyenv/lib/python3.10/site-packages/airflow/example_dags/example_task_group_decorator.py
[2023-03-03T16:57:28.370+0100] {logging_mixin.py:137} INFO - [2023-03-03T16:57:28.370+0100] {dag.py:2585} INFO - Sync 1 DAGs
[2023-03-03T16:57:28.384+0100] {logging_mixin.py:137} INFO - [2023-03-03T16:57:28.384+0100] {dag.py:3336} INFO - Setting next_dagrun for example_task_group_decorator to 2023-03-02T15:57:28.384177+00:00, run_after=2023-03-03T15:57:28.384177+00:00
[2023-03-03T16:57:28.402+0100] {processor.py:176} INFO - Processing /Users/uab910/dev/nnam-poc/pyenv/lib/python3.10/site-packages/airflow/example_dags/example_task_group_decorator.py took 0.259 seconds
[2023-03-03T16:59:01.541+0100] {processor.py:154} INFO - Started process (PID=59424) to work on /Users/uab910/dev/nnam-poc/pyenv/lib/python3.10/site-packages/airflow/example_dags/example_task_group_decorator.py
[2023-03-03T16:59:01.547+0100] {processor.py:756} INFO - Processing file /Users/uab910/dev/nnam-poc/pyenv/lib/python3.10/site-packages/airflow/example_dags/example_task_group_decorator.py for tasks to queue
[2023-03-03T16:59:01.547+0100] {logging_mixin.py:137} INFO - [2023-03-03T16:59:01.547+0100] {dagbag.py:537} INFO - Filling up the DagBag from /Users/uab910/dev/nnam-poc/pyenv/lib/python3.10/site-packages/airflow/example_dags/example_task_group_decorator.py
[2023-03-03T16:59:01.614+0100] {processor.py:766} INFO - DAG(s) dict_keys(['example_task_group_decorator']) retrieved from /Users/uab910/dev/nnam-poc/pyenv/lib/python3.10/site-packages/airflow/example_dags/example_task_group_decorator.py
[2023-03-03T16:59:01.791+0100] {logging_mixin.py:137} INFO - [2023-03-03T16:59:01.791+0100] {dag.py:2585} INFO - Sync 1 DAGs
[2023-03-03T16:59:01.810+0100] {logging_mixin.py:137} INFO - [2023-03-03T16:59:01.810+0100] {dag.py:3336} INFO - Setting next_dagrun for example_task_group_decorator to 2023-03-02T15:59:01.810359+00:00, run_after=2023-03-03T15:59:01.810359+00:00
[2023-03-03T16:59:01.827+0100] {processor.py:176} INFO - Processing /Users/uab910/dev/nnam-poc/pyenv/lib/python3.10/site-packages/airflow/example_dags/example_task_group_decorator.py took 0.287 seconds
[2023-03-03T17:00:35.438+0100] {processor.py:154} INFO - Started process (PID=59469) to work on /Users/uab910/dev/nnam-poc/pyenv/lib/python3.10/site-packages/airflow/example_dags/example_task_group_decorator.py
[2023-03-03T17:00:35.443+0100] {processor.py:756} INFO - Processing file /Users/uab910/dev/nnam-poc/pyenv/lib/python3.10/site-packages/airflow/example_dags/example_task_group_decorator.py for tasks to queue
[2023-03-03T17:00:35.443+0100] {logging_mixin.py:137} INFO - [2023-03-03T17:00:35.443+0100] {dagbag.py:537} INFO - Filling up the DagBag from /Users/uab910/dev/nnam-poc/pyenv/lib/python3.10/site-packages/airflow/example_dags/example_task_group_decorator.py
[2023-03-03T17:00:35.498+0100] {processor.py:766} INFO - DAG(s) dict_keys(['example_task_group_decorator']) retrieved from /Users/uab910/dev/nnam-poc/pyenv/lib/python3.10/site-packages/airflow/example_dags/example_task_group_decorator.py
[2023-03-03T17:00:35.646+0100] {logging_mixin.py:137} INFO - [2023-03-03T17:00:35.646+0100] {dag.py:2585} INFO - Sync 1 DAGs
[2023-03-03T17:00:35.658+0100] {logging_mixin.py:137} INFO - [2023-03-03T17:00:35.658+0100] {dag.py:3336} INFO - Setting next_dagrun for example_task_group_decorator to 2023-03-02T16:00:35.658412+00:00, run_after=2023-03-03T16:00:35.658412+00:00
[2023-03-03T17:00:35.673+0100] {processor.py:176} INFO - Processing /Users/uab910/dev/nnam-poc/pyenv/lib/python3.10/site-packages/airflow/example_dags/example_task_group_decorator.py took 0.236 seconds
[2023-03-03T17:02:07.907+0100] {processor.py:154} INFO - Started process (PID=59520) to work on /Users/uab910/dev/nnam-poc/pyenv/lib/python3.10/site-packages/airflow/example_dags/example_task_group_decorator.py
[2023-03-03T17:02:07.912+0100] {processor.py:756} INFO - Processing file /Users/uab910/dev/nnam-poc/pyenv/lib/python3.10/site-packages/airflow/example_dags/example_task_group_decorator.py for tasks to queue
[2023-03-03T17:02:07.913+0100] {logging_mixin.py:137} INFO - [2023-03-03T17:02:07.913+0100] {dagbag.py:537} INFO - Filling up the DagBag from /Users/uab910/dev/nnam-poc/pyenv/lib/python3.10/site-packages/airflow/example_dags/example_task_group_decorator.py
[2023-03-03T17:02:07.975+0100] {processor.py:766} INFO - DAG(s) dict_keys(['example_task_group_decorator']) retrieved from /Users/uab910/dev/nnam-poc/pyenv/lib/python3.10/site-packages/airflow/example_dags/example_task_group_decorator.py
[2023-03-03T17:02:08.136+0100] {logging_mixin.py:137} INFO - [2023-03-03T17:02:08.136+0100] {dag.py:2585} INFO - Sync 1 DAGs
[2023-03-03T17:02:08.149+0100] {logging_mixin.py:137} INFO - [2023-03-03T17:02:08.149+0100] {dag.py:3336} INFO - Setting next_dagrun for example_task_group_decorator to 2023-03-02T16:02:08.149076+00:00, run_after=2023-03-03T16:02:08.149076+00:00
[2023-03-03T17:02:08.163+0100] {processor.py:176} INFO - Processing /Users/uab910/dev/nnam-poc/pyenv/lib/python3.10/site-packages/airflow/example_dags/example_task_group_decorator.py took 0.257 seconds
[2023-03-03T17:03:39.758+0100] {processor.py:154} INFO - Started process (PID=59574) to work on /Users/uab910/dev/nnam-poc/pyenv/lib/python3.10/site-packages/airflow/example_dags/example_task_group_decorator.py
[2023-03-03T17:03:39.764+0100] {processor.py:756} INFO - Processing file /Users/uab910/dev/nnam-poc/pyenv/lib/python3.10/site-packages/airflow/example_dags/example_task_group_decorator.py for tasks to queue
[2023-03-03T17:03:39.764+0100] {logging_mixin.py:137} INFO - [2023-03-03T17:03:39.764+0100] {dagbag.py:537} INFO - Filling up the DagBag from /Users/uab910/dev/nnam-poc/pyenv/lib/python3.10/site-packages/airflow/example_dags/example_task_group_decorator.py
[2023-03-03T17:03:39.830+0100] {processor.py:766} INFO - DAG(s) dict_keys(['example_task_group_decorator']) retrieved from /Users/uab910/dev/nnam-poc/pyenv/lib/python3.10/site-packages/airflow/example_dags/example_task_group_decorator.py
[2023-03-03T17:03:39.986+0100] {logging_mixin.py:137} INFO - [2023-03-03T17:03:39.986+0100] {dag.py:2585} INFO - Sync 1 DAGs
[2023-03-03T17:03:39.998+0100] {logging_mixin.py:137} INFO - [2023-03-03T17:03:39.998+0100] {dag.py:3336} INFO - Setting next_dagrun for example_task_group_decorator to 2023-03-02T16:03:39.998469+00:00, run_after=2023-03-03T16:03:39.998469+00:00
[2023-03-03T17:03:40.013+0100] {processor.py:176} INFO - Processing /Users/uab910/dev/nnam-poc/pyenv/lib/python3.10/site-packages/airflow/example_dags/example_task_group_decorator.py took 0.255 seconds
[2023-03-03T17:05:08.005+0100] {processor.py:154} INFO - Started process (PID=59633) to work on /Users/uab910/dev/nnam-poc/pyenv/lib/python3.10/site-packages/airflow/example_dags/example_task_group_decorator.py
[2023-03-03T17:05:08.012+0100] {processor.py:756} INFO - Processing file /Users/uab910/dev/nnam-poc/pyenv/lib/python3.10/site-packages/airflow/example_dags/example_task_group_decorator.py for tasks to queue
[2023-03-03T17:05:08.012+0100] {logging_mixin.py:137} INFO - [2023-03-03T17:05:08.012+0100] {dagbag.py:537} INFO - Filling up the DagBag from /Users/uab910/dev/nnam-poc/pyenv/lib/python3.10/site-packages/airflow/example_dags/example_task_group_decorator.py
[2023-03-03T17:05:08.079+0100] {processor.py:766} INFO - DAG(s) dict_keys(['example_task_group_decorator']) retrieved from /Users/uab910/dev/nnam-poc/pyenv/lib/python3.10/site-packages/airflow/example_dags/example_task_group_decorator.py
[2023-03-03T17:05:08.235+0100] {logging_mixin.py:137} INFO - [2023-03-03T17:05:08.234+0100] {dag.py:2585} INFO - Sync 1 DAGs
[2023-03-03T17:05:08.251+0100] {logging_mixin.py:137} INFO - [2023-03-03T17:05:08.251+0100] {dag.py:3336} INFO - Setting next_dagrun for example_task_group_decorator to 2023-03-02T16:05:08.251297+00:00, run_after=2023-03-03T16:05:08.251297+00:00
[2023-03-03T17:05:08.268+0100] {processor.py:176} INFO - Processing /Users/uab910/dev/nnam-poc/pyenv/lib/python3.10/site-packages/airflow/example_dags/example_task_group_decorator.py took 0.264 seconds
[2023-03-03T17:06:44.722+0100] {processor.py:154} INFO - Started process (PID=59689) to work on /Users/uab910/dev/nnam-poc/pyenv/lib/python3.10/site-packages/airflow/example_dags/example_task_group_decorator.py
[2023-03-03T17:06:44.727+0100] {processor.py:756} INFO - Processing file /Users/uab910/dev/nnam-poc/pyenv/lib/python3.10/site-packages/airflow/example_dags/example_task_group_decorator.py for tasks to queue
[2023-03-03T17:06:44.728+0100] {logging_mixin.py:137} INFO - [2023-03-03T17:06:44.728+0100] {dagbag.py:537} INFO - Filling up the DagBag from /Users/uab910/dev/nnam-poc/pyenv/lib/python3.10/site-packages/airflow/example_dags/example_task_group_decorator.py
[2023-03-03T17:06:44.803+0100] {processor.py:766} INFO - DAG(s) dict_keys(['example_task_group_decorator']) retrieved from /Users/uab910/dev/nnam-poc/pyenv/lib/python3.10/site-packages/airflow/example_dags/example_task_group_decorator.py
[2023-03-03T17:06:44.959+0100] {logging_mixin.py:137} INFO - [2023-03-03T17:06:44.959+0100] {dag.py:2585} INFO - Sync 1 DAGs
[2023-03-03T17:06:44.974+0100] {logging_mixin.py:137} INFO - [2023-03-03T17:06:44.973+0100] {dag.py:3336} INFO - Setting next_dagrun for example_task_group_decorator to 2023-03-02T16:06:44.973862+00:00, run_after=2023-03-03T16:06:44.973862+00:00
[2023-03-03T17:06:44.990+0100] {processor.py:176} INFO - Processing /Users/uab910/dev/nnam-poc/pyenv/lib/python3.10/site-packages/airflow/example_dags/example_task_group_decorator.py took 0.269 seconds
[2023-03-03T17:08:25.498+0100] {processor.py:154} INFO - Started process (PID=59752) to work on /Users/uab910/dev/nnam-poc/pyenv/lib/python3.10/site-packages/airflow/example_dags/example_task_group_decorator.py
[2023-03-03T17:08:25.504+0100] {processor.py:756} INFO - Processing file /Users/uab910/dev/nnam-poc/pyenv/lib/python3.10/site-packages/airflow/example_dags/example_task_group_decorator.py for tasks to queue
[2023-03-03T17:08:25.504+0100] {logging_mixin.py:137} INFO - [2023-03-03T17:08:25.504+0100] {dagbag.py:537} INFO - Filling up the DagBag from /Users/uab910/dev/nnam-poc/pyenv/lib/python3.10/site-packages/airflow/example_dags/example_task_group_decorator.py
[2023-03-03T17:08:25.573+0100] {processor.py:766} INFO - DAG(s) dict_keys(['example_task_group_decorator']) retrieved from /Users/uab910/dev/nnam-poc/pyenv/lib/python3.10/site-packages/airflow/example_dags/example_task_group_decorator.py
[2023-03-03T17:08:25.739+0100] {logging_mixin.py:137} INFO - [2023-03-03T17:08:25.739+0100] {dag.py:2585} INFO - Sync 1 DAGs
[2023-03-03T17:08:25.754+0100] {logging_mixin.py:137} INFO - [2023-03-03T17:08:25.754+0100] {dag.py:3336} INFO - Setting next_dagrun for example_task_group_decorator to 2023-03-02T16:08:25.754070+00:00, run_after=2023-03-03T16:08:25.754070+00:00
[2023-03-03T17:08:25.769+0100] {processor.py:176} INFO - Processing /Users/uab910/dev/nnam-poc/pyenv/lib/python3.10/site-packages/airflow/example_dags/example_task_group_decorator.py took 0.271 seconds
[2023-03-03T17:09:55.396+0100] {processor.py:154} INFO - Started process (PID=59801) to work on /Users/uab910/dev/nnam-poc/pyenv/lib/python3.10/site-packages/airflow/example_dags/example_task_group_decorator.py
[2023-03-03T17:09:55.402+0100] {processor.py:756} INFO - Processing file /Users/uab910/dev/nnam-poc/pyenv/lib/python3.10/site-packages/airflow/example_dags/example_task_group_decorator.py for tasks to queue
[2023-03-03T17:09:55.402+0100] {logging_mixin.py:137} INFO - [2023-03-03T17:09:55.402+0100] {dagbag.py:537} INFO - Filling up the DagBag from /Users/uab910/dev/nnam-poc/pyenv/lib/python3.10/site-packages/airflow/example_dags/example_task_group_decorator.py
[2023-03-03T17:09:55.458+0100] {processor.py:766} INFO - DAG(s) dict_keys(['example_task_group_decorator']) retrieved from /Users/uab910/dev/nnam-poc/pyenv/lib/python3.10/site-packages/airflow/example_dags/example_task_group_decorator.py
[2023-03-03T17:09:55.615+0100] {logging_mixin.py:137} INFO - [2023-03-03T17:09:55.615+0100] {dag.py:2585} INFO - Sync 1 DAGs
[2023-03-03T17:09:55.628+0100] {logging_mixin.py:137} INFO - [2023-03-03T17:09:55.627+0100] {dag.py:3336} INFO - Setting next_dagrun for example_task_group_decorator to 2023-03-02T16:09:55.627843+00:00, run_after=2023-03-03T16:09:55.627843+00:00
[2023-03-03T17:09:55.643+0100] {processor.py:176} INFO - Processing /Users/uab910/dev/nnam-poc/pyenv/lib/python3.10/site-packages/airflow/example_dags/example_task_group_decorator.py took 0.248 seconds
[2023-03-03T17:11:22.540+0100] {processor.py:154} INFO - Started process (PID=59849) to work on /Users/uab910/dev/nnam-poc/pyenv/lib/python3.10/site-packages/airflow/example_dags/example_task_group_decorator.py
[2023-03-03T17:11:22.544+0100] {processor.py:756} INFO - Processing file /Users/uab910/dev/nnam-poc/pyenv/lib/python3.10/site-packages/airflow/example_dags/example_task_group_decorator.py for tasks to queue
[2023-03-03T17:11:22.545+0100] {logging_mixin.py:137} INFO - [2023-03-03T17:11:22.544+0100] {dagbag.py:537} INFO - Filling up the DagBag from /Users/uab910/dev/nnam-poc/pyenv/lib/python3.10/site-packages/airflow/example_dags/example_task_group_decorator.py
[2023-03-03T17:11:22.600+0100] {processor.py:766} INFO - DAG(s) dict_keys(['example_task_group_decorator']) retrieved from /Users/uab910/dev/nnam-poc/pyenv/lib/python3.10/site-packages/airflow/example_dags/example_task_group_decorator.py
[2023-03-03T17:11:22.766+0100] {logging_mixin.py:137} INFO - [2023-03-03T17:11:22.766+0100] {dag.py:2585} INFO - Sync 1 DAGs
[2023-03-03T17:11:22.780+0100] {logging_mixin.py:137} INFO - [2023-03-03T17:11:22.780+0100] {dag.py:3336} INFO - Setting next_dagrun for example_task_group_decorator to 2023-03-02T16:11:22.780587+00:00, run_after=2023-03-03T16:11:22.780587+00:00
[2023-03-03T17:11:22.796+0100] {processor.py:176} INFO - Processing /Users/uab910/dev/nnam-poc/pyenv/lib/python3.10/site-packages/airflow/example_dags/example_task_group_decorator.py took 0.256 seconds
[2023-03-03T17:12:51.954+0100] {processor.py:154} INFO - Started process (PID=59923) to work on /Users/uab910/dev/nnam-poc/pyenv/lib/python3.10/site-packages/airflow/example_dags/example_task_group_decorator.py
[2023-03-03T17:12:51.958+0100] {processor.py:756} INFO - Processing file /Users/uab910/dev/nnam-poc/pyenv/lib/python3.10/site-packages/airflow/example_dags/example_task_group_decorator.py for tasks to queue
[2023-03-03T17:12:51.958+0100] {logging_mixin.py:137} INFO - [2023-03-03T17:12:51.958+0100] {dagbag.py:537} INFO - Filling up the DagBag from /Users/uab910/dev/nnam-poc/pyenv/lib/python3.10/site-packages/airflow/example_dags/example_task_group_decorator.py
[2023-03-03T17:12:52.028+0100] {processor.py:766} INFO - DAG(s) dict_keys(['example_task_group_decorator']) retrieved from /Users/uab910/dev/nnam-poc/pyenv/lib/python3.10/site-packages/airflow/example_dags/example_task_group_decorator.py
[2023-03-03T17:12:52.190+0100] {logging_mixin.py:137} INFO - [2023-03-03T17:12:52.190+0100] {dag.py:2585} INFO - Sync 1 DAGs
[2023-03-03T17:12:52.208+0100] {logging_mixin.py:137} INFO - [2023-03-03T17:12:52.208+0100] {dag.py:3336} INFO - Setting next_dagrun for example_task_group_decorator to 2023-03-02T16:12:52.207885+00:00, run_after=2023-03-03T16:12:52.207885+00:00
[2023-03-03T17:12:52.225+0100] {processor.py:176} INFO - Processing /Users/uab910/dev/nnam-poc/pyenv/lib/python3.10/site-packages/airflow/example_dags/example_task_group_decorator.py took 0.272 seconds
[2023-03-03T17:14:24.893+0100] {processor.py:154} INFO - Started process (PID=59996) to work on /Users/uab910/dev/nnam-poc/pyenv/lib/python3.10/site-packages/airflow/example_dags/example_task_group_decorator.py
[2023-03-03T17:14:24.899+0100] {processor.py:756} INFO - Processing file /Users/uab910/dev/nnam-poc/pyenv/lib/python3.10/site-packages/airflow/example_dags/example_task_group_decorator.py for tasks to queue
[2023-03-03T17:14:24.899+0100] {logging_mixin.py:137} INFO - [2023-03-03T17:14:24.899+0100] {dagbag.py:537} INFO - Filling up the DagBag from /Users/uab910/dev/nnam-poc/pyenv/lib/python3.10/site-packages/airflow/example_dags/example_task_group_decorator.py
[2023-03-03T17:14:24.967+0100] {processor.py:766} INFO - DAG(s) dict_keys(['example_task_group_decorator']) retrieved from /Users/uab910/dev/nnam-poc/pyenv/lib/python3.10/site-packages/airflow/example_dags/example_task_group_decorator.py
[2023-03-03T17:14:25.150+0100] {logging_mixin.py:137} INFO - [2023-03-03T17:14:25.150+0100] {dag.py:2585} INFO - Sync 1 DAGs
[2023-03-03T17:14:25.166+0100] {logging_mixin.py:137} INFO - [2023-03-03T17:14:25.166+0100] {dag.py:3336} INFO - Setting next_dagrun for example_task_group_decorator to 2023-03-02T16:14:25.166344+00:00, run_after=2023-03-03T16:14:25.166344+00:00
[2023-03-03T17:14:25.184+0100] {processor.py:176} INFO - Processing /Users/uab910/dev/nnam-poc/pyenv/lib/python3.10/site-packages/airflow/example_dags/example_task_group_decorator.py took 0.292 seconds
[2023-03-03T17:15:57.383+0100] {processor.py:154} INFO - Started process (PID=60053) to work on /Users/uab910/dev/nnam-poc/pyenv/lib/python3.10/site-packages/airflow/example_dags/example_task_group_decorator.py
[2023-03-03T17:15:57.388+0100] {processor.py:756} INFO - Processing file /Users/uab910/dev/nnam-poc/pyenv/lib/python3.10/site-packages/airflow/example_dags/example_task_group_decorator.py for tasks to queue
[2023-03-03T17:15:57.389+0100] {logging_mixin.py:137} INFO - [2023-03-03T17:15:57.389+0100] {dagbag.py:537} INFO - Filling up the DagBag from /Users/uab910/dev/nnam-poc/pyenv/lib/python3.10/site-packages/airflow/example_dags/example_task_group_decorator.py
[2023-03-03T17:15:57.451+0100] {processor.py:766} INFO - DAG(s) dict_keys(['example_task_group_decorator']) retrieved from /Users/uab910/dev/nnam-poc/pyenv/lib/python3.10/site-packages/airflow/example_dags/example_task_group_decorator.py
[2023-03-03T17:15:57.616+0100] {logging_mixin.py:137} INFO - [2023-03-03T17:15:57.616+0100] {dag.py:2585} INFO - Sync 1 DAGs
[2023-03-03T17:15:57.629+0100] {logging_mixin.py:137} INFO - [2023-03-03T17:15:57.629+0100] {dag.py:3336} INFO - Setting next_dagrun for example_task_group_decorator to 2023-03-02T16:15:57.629210+00:00, run_after=2023-03-03T16:15:57.629210+00:00
[2023-03-03T17:15:57.643+0100] {processor.py:176} INFO - Processing /Users/uab910/dev/nnam-poc/pyenv/lib/python3.10/site-packages/airflow/example_dags/example_task_group_decorator.py took 0.261 seconds
[2023-03-03T17:17:30.929+0100] {processor.py:154} INFO - Started process (PID=60109) to work on /Users/uab910/dev/nnam-poc/pyenv/lib/python3.10/site-packages/airflow/example_dags/example_task_group_decorator.py
[2023-03-03T17:17:30.934+0100] {processor.py:756} INFO - Processing file /Users/uab910/dev/nnam-poc/pyenv/lib/python3.10/site-packages/airflow/example_dags/example_task_group_decorator.py for tasks to queue
[2023-03-03T17:17:30.935+0100] {logging_mixin.py:137} INFO - [2023-03-03T17:17:30.935+0100] {dagbag.py:537} INFO - Filling up the DagBag from /Users/uab910/dev/nnam-poc/pyenv/lib/python3.10/site-packages/airflow/example_dags/example_task_group_decorator.py
[2023-03-03T17:17:30.995+0100] {processor.py:766} INFO - DAG(s) dict_keys(['example_task_group_decorator']) retrieved from /Users/uab910/dev/nnam-poc/pyenv/lib/python3.10/site-packages/airflow/example_dags/example_task_group_decorator.py
[2023-03-03T17:17:31.153+0100] {logging_mixin.py:137} INFO - [2023-03-03T17:17:31.153+0100] {dag.py:2585} INFO - Sync 1 DAGs
[2023-03-03T17:17:31.167+0100] {logging_mixin.py:137} INFO - [2023-03-03T17:17:31.167+0100] {dag.py:3336} INFO - Setting next_dagrun for example_task_group_decorator to 2023-03-02T16:17:31.167484+00:00, run_after=2023-03-03T16:17:31.167484+00:00
[2023-03-03T17:17:31.183+0100] {processor.py:176} INFO - Processing /Users/uab910/dev/nnam-poc/pyenv/lib/python3.10/site-packages/airflow/example_dags/example_task_group_decorator.py took 0.255 seconds
[2023-03-03T17:18:57.222+0100] {processor.py:154} INFO - Started process (PID=60162) to work on /Users/uab910/dev/nnam-poc/pyenv/lib/python3.10/site-packages/airflow/example_dags/example_task_group_decorator.py
[2023-03-03T17:18:57.227+0100] {processor.py:756} INFO - Processing file /Users/uab910/dev/nnam-poc/pyenv/lib/python3.10/site-packages/airflow/example_dags/example_task_group_decorator.py for tasks to queue
[2023-03-03T17:18:57.227+0100] {logging_mixin.py:137} INFO - [2023-03-03T17:18:57.227+0100] {dagbag.py:537} INFO - Filling up the DagBag from /Users/uab910/dev/nnam-poc/pyenv/lib/python3.10/site-packages/airflow/example_dags/example_task_group_decorator.py
[2023-03-03T17:18:57.287+0100] {processor.py:766} INFO - DAG(s) dict_keys(['example_task_group_decorator']) retrieved from /Users/uab910/dev/nnam-poc/pyenv/lib/python3.10/site-packages/airflow/example_dags/example_task_group_decorator.py
[2023-03-03T17:18:57.442+0100] {logging_mixin.py:137} INFO - [2023-03-03T17:18:57.441+0100] {dag.py:2585} INFO - Sync 1 DAGs
[2023-03-03T17:18:57.455+0100] {logging_mixin.py:137} INFO - [2023-03-03T17:18:57.455+0100] {dag.py:3336} INFO - Setting next_dagrun for example_task_group_decorator to 2023-03-02T16:18:57.454919+00:00, run_after=2023-03-03T16:18:57.454919+00:00
[2023-03-03T17:18:57.468+0100] {processor.py:176} INFO - Processing /Users/uab910/dev/nnam-poc/pyenv/lib/python3.10/site-packages/airflow/example_dags/example_task_group_decorator.py took 0.246 seconds
