[2023-03-03T16:01:00.468+0100] {processor.py:154} INFO - Started process (PID=57137) to work on /Users/uab910/dev/nnam-poc/pyenv/lib/python3.10/site-packages/airflow/example_dags/example_short_circuit_operator.py
[2023-03-03T16:01:00.473+0100] {processor.py:756} INFO - Processing file /Users/uab910/dev/nnam-poc/pyenv/lib/python3.10/site-packages/airflow/example_dags/example_short_circuit_operator.py for tasks to queue
[2023-03-03T16:01:00.473+0100] {logging_mixin.py:137} INFO - [2023-03-03T16:01:00.473+0100] {dagbag.py:537} INFO - Filling up the DagBag from /Users/uab910/dev/nnam-poc/pyenv/lib/python3.10/site-packages/airflow/example_dags/example_short_circuit_operator.py
[2023-03-03T16:01:00.523+0100] {processor.py:766} INFO - DAG(s) dict_keys(['example_short_circuit_operator']) retrieved from /Users/uab910/dev/nnam-poc/pyenv/lib/python3.10/site-packages/airflow/example_dags/example_short_circuit_operator.py
[2023-03-03T16:01:01.707+0100] {logging_mixin.py:137} INFO - [2023-03-03T16:01:01.706+0100] {manager.py:507} INFO - Created Permission View: can edit on DAG:example_short_circuit_operator
[2023-03-03T16:01:01.716+0100] {logging_mixin.py:137} INFO - [2023-03-03T16:01:01.716+0100] {manager.py:507} INFO - Created Permission View: can delete on DAG:example_short_circuit_operator
[2023-03-03T16:01:01.722+0100] {logging_mixin.py:137} INFO - [2023-03-03T16:01:01.722+0100] {manager.py:507} INFO - Created Permission View: can read on DAG:example_short_circuit_operator
[2023-03-03T16:01:01.722+0100] {logging_mixin.py:137} INFO - [2023-03-03T16:01:01.722+0100] {dag.py:2585} INFO - Sync 1 DAGs
[2023-03-03T16:01:01.731+0100] {logging_mixin.py:137} INFO - [2023-03-03T16:01:01.731+0100] {dag.py:2606} INFO - Creating ORM DAG for example_short_circuit_operator
[2023-03-03T16:01:01.738+0100] {logging_mixin.py:137} INFO - [2023-03-03T16:01:01.738+0100] {dag.py:3336} INFO - Setting next_dagrun for example_short_circuit_operator to 2023-03-02T15:01:01.738663+00:00, run_after=2023-03-03T15:01:01.738663+00:00
[2023-03-03T16:01:01.755+0100] {processor.py:176} INFO - Processing /Users/uab910/dev/nnam-poc/pyenv/lib/python3.10/site-packages/airflow/example_dags/example_short_circuit_operator.py took 1.288 seconds
[2023-03-03T16:03:07.183+0100] {processor.py:154} INFO - Started process (PID=57234) to work on /Users/uab910/dev/nnam-poc/pyenv/lib/python3.10/site-packages/airflow/example_dags/example_short_circuit_operator.py
[2023-03-03T16:03:07.188+0100] {processor.py:756} INFO - Processing file /Users/uab910/dev/nnam-poc/pyenv/lib/python3.10/site-packages/airflow/example_dags/example_short_circuit_operator.py for tasks to queue
[2023-03-03T16:03:07.189+0100] {logging_mixin.py:137} INFO - [2023-03-03T16:03:07.188+0100] {dagbag.py:537} INFO - Filling up the DagBag from /Users/uab910/dev/nnam-poc/pyenv/lib/python3.10/site-packages/airflow/example_dags/example_short_circuit_operator.py
[2023-03-03T16:03:07.237+0100] {processor.py:766} INFO - DAG(s) dict_keys(['example_short_circuit_operator']) retrieved from /Users/uab910/dev/nnam-poc/pyenv/lib/python3.10/site-packages/airflow/example_dags/example_short_circuit_operator.py
[2023-03-03T16:03:07.438+0100] {logging_mixin.py:137} INFO - [2023-03-03T16:03:07.438+0100] {dag.py:2585} INFO - Sync 1 DAGs
[2023-03-03T16:03:07.455+0100] {logging_mixin.py:137} INFO - [2023-03-03T16:03:07.455+0100] {dag.py:3336} INFO - Setting next_dagrun for example_short_circuit_operator to 2023-03-02T15:03:07.454939+00:00, run_after=2023-03-03T15:03:07.454939+00:00
[2023-03-03T16:03:07.472+0100] {processor.py:176} INFO - Processing /Users/uab910/dev/nnam-poc/pyenv/lib/python3.10/site-packages/airflow/example_dags/example_short_circuit_operator.py took 0.289 seconds
[2023-03-03T16:04:24.816+0100] {processor.py:154} INFO - Started process (PID=57293) to work on /Users/uab910/dev/nnam-poc/pyenv/lib/python3.10/site-packages/airflow/example_dags/example_short_circuit_operator.py
[2023-03-03T16:04:24.821+0100] {processor.py:756} INFO - Processing file /Users/uab910/dev/nnam-poc/pyenv/lib/python3.10/site-packages/airflow/example_dags/example_short_circuit_operator.py for tasks to queue
[2023-03-03T16:04:24.821+0100] {logging_mixin.py:137} INFO - [2023-03-03T16:04:24.821+0100] {dagbag.py:537} INFO - Filling up the DagBag from /Users/uab910/dev/nnam-poc/pyenv/lib/python3.10/site-packages/airflow/example_dags/example_short_circuit_operator.py
[2023-03-03T16:04:24.870+0100] {processor.py:766} INFO - DAG(s) dict_keys(['example_short_circuit_operator']) retrieved from /Users/uab910/dev/nnam-poc/pyenv/lib/python3.10/site-packages/airflow/example_dags/example_short_circuit_operator.py
[2023-03-03T16:04:25.046+0100] {logging_mixin.py:137} INFO - [2023-03-03T16:04:25.046+0100] {dag.py:2585} INFO - Sync 1 DAGs
[2023-03-03T16:04:25.061+0100] {logging_mixin.py:137} INFO - [2023-03-03T16:04:25.061+0100] {dag.py:3336} INFO - Setting next_dagrun for example_short_circuit_operator to 2023-03-02T15:04:25.061136+00:00, run_after=2023-03-03T15:04:25.061136+00:00
[2023-03-03T16:04:25.078+0100] {processor.py:176} INFO - Processing /Users/uab910/dev/nnam-poc/pyenv/lib/python3.10/site-packages/airflow/example_dags/example_short_circuit_operator.py took 0.263 seconds
[2023-03-03T16:05:37.525+0100] {processor.py:154} INFO - Started process (PID=57340) to work on /Users/uab910/dev/nnam-poc/pyenv/lib/python3.10/site-packages/airflow/example_dags/example_short_circuit_operator.py
[2023-03-03T16:05:37.530+0100] {processor.py:756} INFO - Processing file /Users/uab910/dev/nnam-poc/pyenv/lib/python3.10/site-packages/airflow/example_dags/example_short_circuit_operator.py for tasks to queue
[2023-03-03T16:05:37.531+0100] {logging_mixin.py:137} INFO - [2023-03-03T16:05:37.531+0100] {dagbag.py:537} INFO - Filling up the DagBag from /Users/uab910/dev/nnam-poc/pyenv/lib/python3.10/site-packages/airflow/example_dags/example_short_circuit_operator.py
[2023-03-03T16:05:37.575+0100] {processor.py:766} INFO - DAG(s) dict_keys(['example_short_circuit_operator']) retrieved from /Users/uab910/dev/nnam-poc/pyenv/lib/python3.10/site-packages/airflow/example_dags/example_short_circuit_operator.py
[2023-03-03T16:05:37.741+0100] {logging_mixin.py:137} INFO - [2023-03-03T16:05:37.741+0100] {dag.py:2585} INFO - Sync 1 DAGs
[2023-03-03T16:05:37.757+0100] {logging_mixin.py:137} INFO - [2023-03-03T16:05:37.757+0100] {dag.py:3336} INFO - Setting next_dagrun for example_short_circuit_operator to 2023-03-02T15:05:37.757443+00:00, run_after=2023-03-03T15:05:37.757443+00:00
[2023-03-03T16:05:37.773+0100] {processor.py:176} INFO - Processing /Users/uab910/dev/nnam-poc/pyenv/lib/python3.10/site-packages/airflow/example_dags/example_short_circuit_operator.py took 0.249 seconds
[2023-03-03T16:06:58.976+0100] {processor.py:154} INFO - Started process (PID=57390) to work on /Users/uab910/dev/nnam-poc/pyenv/lib/python3.10/site-packages/airflow/example_dags/example_short_circuit_operator.py
[2023-03-03T16:06:58.982+0100] {processor.py:756} INFO - Processing file /Users/uab910/dev/nnam-poc/pyenv/lib/python3.10/site-packages/airflow/example_dags/example_short_circuit_operator.py for tasks to queue
[2023-03-03T16:06:58.982+0100] {logging_mixin.py:137} INFO - [2023-03-03T16:06:58.982+0100] {dagbag.py:537} INFO - Filling up the DagBag from /Users/uab910/dev/nnam-poc/pyenv/lib/python3.10/site-packages/airflow/example_dags/example_short_circuit_operator.py
[2023-03-03T16:06:59.052+0100] {processor.py:766} INFO - DAG(s) dict_keys(['example_short_circuit_operator']) retrieved from /Users/uab910/dev/nnam-poc/pyenv/lib/python3.10/site-packages/airflow/example_dags/example_short_circuit_operator.py
[2023-03-03T16:06:59.268+0100] {logging_mixin.py:137} INFO - [2023-03-03T16:06:59.268+0100] {dag.py:2585} INFO - Sync 1 DAGs
[2023-03-03T16:06:59.289+0100] {logging_mixin.py:137} INFO - [2023-03-03T16:06:59.289+0100] {dag.py:3336} INFO - Setting next_dagrun for example_short_circuit_operator to 2023-03-02T15:06:59.288918+00:00, run_after=2023-03-03T15:06:59.288918+00:00
[2023-03-03T16:06:59.309+0100] {processor.py:176} INFO - Processing /Users/uab910/dev/nnam-poc/pyenv/lib/python3.10/site-packages/airflow/example_dags/example_short_circuit_operator.py took 0.334 seconds
[2023-03-03T16:08:19.238+0100] {processor.py:154} INFO - Started process (PID=57440) to work on /Users/uab910/dev/nnam-poc/pyenv/lib/python3.10/site-packages/airflow/example_dags/example_short_circuit_operator.py
[2023-03-03T16:08:19.243+0100] {processor.py:756} INFO - Processing file /Users/uab910/dev/nnam-poc/pyenv/lib/python3.10/site-packages/airflow/example_dags/example_short_circuit_operator.py for tasks to queue
[2023-03-03T16:08:19.244+0100] {logging_mixin.py:137} INFO - [2023-03-03T16:08:19.244+0100] {dagbag.py:537} INFO - Filling up the DagBag from /Users/uab910/dev/nnam-poc/pyenv/lib/python3.10/site-packages/airflow/example_dags/example_short_circuit_operator.py
[2023-03-03T16:08:19.293+0100] {processor.py:766} INFO - DAG(s) dict_keys(['example_short_circuit_operator']) retrieved from /Users/uab910/dev/nnam-poc/pyenv/lib/python3.10/site-packages/airflow/example_dags/example_short_circuit_operator.py
[2023-03-03T16:08:19.465+0100] {logging_mixin.py:137} INFO - [2023-03-03T16:08:19.465+0100] {dag.py:2585} INFO - Sync 1 DAGs
[2023-03-03T16:08:19.480+0100] {logging_mixin.py:137} INFO - [2023-03-03T16:08:19.479+0100] {dag.py:3336} INFO - Setting next_dagrun for example_short_circuit_operator to 2023-03-02T15:08:19.479814+00:00, run_after=2023-03-03T15:08:19.479814+00:00
[2023-03-03T16:08:19.494+0100] {processor.py:176} INFO - Processing /Users/uab910/dev/nnam-poc/pyenv/lib/python3.10/site-packages/airflow/example_dags/example_short_circuit_operator.py took 0.257 seconds
[2023-03-03T16:09:35.865+0100] {processor.py:154} INFO - Started process (PID=57496) to work on /Users/uab910/dev/nnam-poc/pyenv/lib/python3.10/site-packages/airflow/example_dags/example_short_circuit_operator.py
[2023-03-03T16:09:35.871+0100] {processor.py:756} INFO - Processing file /Users/uab910/dev/nnam-poc/pyenv/lib/python3.10/site-packages/airflow/example_dags/example_short_circuit_operator.py for tasks to queue
[2023-03-03T16:09:35.871+0100] {logging_mixin.py:137} INFO - [2023-03-03T16:09:35.871+0100] {dagbag.py:537} INFO - Filling up the DagBag from /Users/uab910/dev/nnam-poc/pyenv/lib/python3.10/site-packages/airflow/example_dags/example_short_circuit_operator.py
[2023-03-03T16:09:35.920+0100] {processor.py:766} INFO - DAG(s) dict_keys(['example_short_circuit_operator']) retrieved from /Users/uab910/dev/nnam-poc/pyenv/lib/python3.10/site-packages/airflow/example_dags/example_short_circuit_operator.py
[2023-03-03T16:09:36.088+0100] {logging_mixin.py:137} INFO - [2023-03-03T16:09:36.088+0100] {dag.py:2585} INFO - Sync 1 DAGs
[2023-03-03T16:09:36.102+0100] {logging_mixin.py:137} INFO - [2023-03-03T16:09:36.101+0100] {dag.py:3336} INFO - Setting next_dagrun for example_short_circuit_operator to 2023-03-02T15:09:36.101829+00:00, run_after=2023-03-03T15:09:36.101829+00:00
[2023-03-03T16:09:36.117+0100] {processor.py:176} INFO - Processing /Users/uab910/dev/nnam-poc/pyenv/lib/python3.10/site-packages/airflow/example_dags/example_short_circuit_operator.py took 0.252 seconds
[2023-03-03T16:10:52.151+0100] {processor.py:154} INFO - Started process (PID=57542) to work on /Users/uab910/dev/nnam-poc/pyenv/lib/python3.10/site-packages/airflow/example_dags/example_short_circuit_operator.py
[2023-03-03T16:10:52.157+0100] {processor.py:756} INFO - Processing file /Users/uab910/dev/nnam-poc/pyenv/lib/python3.10/site-packages/airflow/example_dags/example_short_circuit_operator.py for tasks to queue
[2023-03-03T16:10:52.158+0100] {logging_mixin.py:137} INFO - [2023-03-03T16:10:52.158+0100] {dagbag.py:537} INFO - Filling up the DagBag from /Users/uab910/dev/nnam-poc/pyenv/lib/python3.10/site-packages/airflow/example_dags/example_short_circuit_operator.py
[2023-03-03T16:10:52.206+0100] {processor.py:766} INFO - DAG(s) dict_keys(['example_short_circuit_operator']) retrieved from /Users/uab910/dev/nnam-poc/pyenv/lib/python3.10/site-packages/airflow/example_dags/example_short_circuit_operator.py
[2023-03-03T16:10:52.375+0100] {logging_mixin.py:137} INFO - [2023-03-03T16:10:52.374+0100] {dag.py:2585} INFO - Sync 1 DAGs
[2023-03-03T16:10:52.387+0100] {logging_mixin.py:137} INFO - [2023-03-03T16:10:52.387+0100] {dag.py:3336} INFO - Setting next_dagrun for example_short_circuit_operator to 2023-03-02T15:10:52.387132+00:00, run_after=2023-03-03T15:10:52.387132+00:00
[2023-03-03T16:10:52.401+0100] {processor.py:176} INFO - Processing /Users/uab910/dev/nnam-poc/pyenv/lib/python3.10/site-packages/airflow/example_dags/example_short_circuit_operator.py took 0.251 seconds
[2023-03-03T16:12:10.842+0100] {processor.py:154} INFO - Started process (PID=57581) to work on /Users/uab910/dev/nnam-poc/pyenv/lib/python3.10/site-packages/airflow/example_dags/example_short_circuit_operator.py
[2023-03-03T16:12:10.848+0100] {processor.py:756} INFO - Processing file /Users/uab910/dev/nnam-poc/pyenv/lib/python3.10/site-packages/airflow/example_dags/example_short_circuit_operator.py for tasks to queue
[2023-03-03T16:12:10.849+0100] {logging_mixin.py:137} INFO - [2023-03-03T16:12:10.849+0100] {dagbag.py:537} INFO - Filling up the DagBag from /Users/uab910/dev/nnam-poc/pyenv/lib/python3.10/site-packages/airflow/example_dags/example_short_circuit_operator.py
[2023-03-03T16:12:10.908+0100] {processor.py:766} INFO - DAG(s) dict_keys(['example_short_circuit_operator']) retrieved from /Users/uab910/dev/nnam-poc/pyenv/lib/python3.10/site-packages/airflow/example_dags/example_short_circuit_operator.py
[2023-03-03T16:12:11.082+0100] {logging_mixin.py:137} INFO - [2023-03-03T16:12:11.082+0100] {dag.py:2585} INFO - Sync 1 DAGs
[2023-03-03T16:12:11.096+0100] {logging_mixin.py:137} INFO - [2023-03-03T16:12:11.095+0100] {dag.py:3336} INFO - Setting next_dagrun for example_short_circuit_operator to 2023-03-02T15:12:11.095895+00:00, run_after=2023-03-03T15:12:11.095895+00:00
[2023-03-03T16:12:11.109+0100] {processor.py:176} INFO - Processing /Users/uab910/dev/nnam-poc/pyenv/lib/python3.10/site-packages/airflow/example_dags/example_short_circuit_operator.py took 0.268 seconds
[2023-03-03T16:13:23.964+0100] {processor.py:154} INFO - Started process (PID=57619) to work on /Users/uab910/dev/nnam-poc/pyenv/lib/python3.10/site-packages/airflow/example_dags/example_short_circuit_operator.py
[2023-03-03T16:13:23.970+0100] {processor.py:756} INFO - Processing file /Users/uab910/dev/nnam-poc/pyenv/lib/python3.10/site-packages/airflow/example_dags/example_short_circuit_operator.py for tasks to queue
[2023-03-03T16:13:23.971+0100] {logging_mixin.py:137} INFO - [2023-03-03T16:13:23.970+0100] {dagbag.py:537} INFO - Filling up the DagBag from /Users/uab910/dev/nnam-poc/pyenv/lib/python3.10/site-packages/airflow/example_dags/example_short_circuit_operator.py
[2023-03-03T16:13:24.024+0100] {processor.py:766} INFO - DAG(s) dict_keys(['example_short_circuit_operator']) retrieved from /Users/uab910/dev/nnam-poc/pyenv/lib/python3.10/site-packages/airflow/example_dags/example_short_circuit_operator.py
[2023-03-03T16:13:24.254+0100] {logging_mixin.py:137} INFO - [2023-03-03T16:13:24.254+0100] {dag.py:2585} INFO - Sync 1 DAGs
[2023-03-03T16:13:24.277+0100] {logging_mixin.py:137} INFO - [2023-03-03T16:13:24.277+0100] {dag.py:3336} INFO - Setting next_dagrun for example_short_circuit_operator to 2023-03-02T15:13:24.277318+00:00, run_after=2023-03-03T15:13:24.277318+00:00
[2023-03-03T16:13:24.302+0100] {processor.py:176} INFO - Processing /Users/uab910/dev/nnam-poc/pyenv/lib/python3.10/site-packages/airflow/example_dags/example_short_circuit_operator.py took 0.339 seconds
[2023-03-03T16:14:39.528+0100] {processor.py:154} INFO - Started process (PID=57682) to work on /Users/uab910/dev/nnam-poc/pyenv/lib/python3.10/site-packages/airflow/example_dags/example_short_circuit_operator.py
[2023-03-03T16:14:39.534+0100] {processor.py:756} INFO - Processing file /Users/uab910/dev/nnam-poc/pyenv/lib/python3.10/site-packages/airflow/example_dags/example_short_circuit_operator.py for tasks to queue
[2023-03-03T16:14:39.534+0100] {logging_mixin.py:137} INFO - [2023-03-03T16:14:39.534+0100] {dagbag.py:537} INFO - Filling up the DagBag from /Users/uab910/dev/nnam-poc/pyenv/lib/python3.10/site-packages/airflow/example_dags/example_short_circuit_operator.py
[2023-03-03T16:14:39.583+0100] {processor.py:766} INFO - DAG(s) dict_keys(['example_short_circuit_operator']) retrieved from /Users/uab910/dev/nnam-poc/pyenv/lib/python3.10/site-packages/airflow/example_dags/example_short_circuit_operator.py
[2023-03-03T16:14:39.751+0100] {logging_mixin.py:137} INFO - [2023-03-03T16:14:39.751+0100] {dag.py:2585} INFO - Sync 1 DAGs
[2023-03-03T16:14:39.766+0100] {logging_mixin.py:137} INFO - [2023-03-03T16:14:39.766+0100] {dag.py:3336} INFO - Setting next_dagrun for example_short_circuit_operator to 2023-03-02T15:14:39.766163+00:00, run_after=2023-03-03T15:14:39.766163+00:00
[2023-03-03T16:14:39.782+0100] {processor.py:176} INFO - Processing /Users/uab910/dev/nnam-poc/pyenv/lib/python3.10/site-packages/airflow/example_dags/example_short_circuit_operator.py took 0.254 seconds
[2023-03-03T16:15:57.090+0100] {processor.py:154} INFO - Started process (PID=57745) to work on /Users/uab910/dev/nnam-poc/pyenv/lib/python3.10/site-packages/airflow/example_dags/example_short_circuit_operator.py
[2023-03-03T16:15:57.096+0100] {processor.py:756} INFO - Processing file /Users/uab910/dev/nnam-poc/pyenv/lib/python3.10/site-packages/airflow/example_dags/example_short_circuit_operator.py for tasks to queue
[2023-03-03T16:15:57.096+0100] {logging_mixin.py:137} INFO - [2023-03-03T16:15:57.096+0100] {dagbag.py:537} INFO - Filling up the DagBag from /Users/uab910/dev/nnam-poc/pyenv/lib/python3.10/site-packages/airflow/example_dags/example_short_circuit_operator.py
[2023-03-03T16:15:57.146+0100] {processor.py:766} INFO - DAG(s) dict_keys(['example_short_circuit_operator']) retrieved from /Users/uab910/dev/nnam-poc/pyenv/lib/python3.10/site-packages/airflow/example_dags/example_short_circuit_operator.py
[2023-03-03T16:15:57.329+0100] {logging_mixin.py:137} INFO - [2023-03-03T16:15:57.328+0100] {dag.py:2585} INFO - Sync 1 DAGs
[2023-03-03T16:15:57.342+0100] {logging_mixin.py:137} INFO - [2023-03-03T16:15:57.342+0100] {dag.py:3336} INFO - Setting next_dagrun for example_short_circuit_operator to 2023-03-02T15:15:57.342759+00:00, run_after=2023-03-03T15:15:57.342759+00:00
[2023-03-03T16:15:57.358+0100] {processor.py:176} INFO - Processing /Users/uab910/dev/nnam-poc/pyenv/lib/python3.10/site-packages/airflow/example_dags/example_short_circuit_operator.py took 0.269 seconds
[2023-03-03T16:17:17.053+0100] {processor.py:154} INFO - Started process (PID=57834) to work on /Users/uab910/dev/nnam-poc/pyenv/lib/python3.10/site-packages/airflow/example_dags/example_short_circuit_operator.py
[2023-03-03T16:17:17.060+0100] {processor.py:756} INFO - Processing file /Users/uab910/dev/nnam-poc/pyenv/lib/python3.10/site-packages/airflow/example_dags/example_short_circuit_operator.py for tasks to queue
[2023-03-03T16:17:17.060+0100] {logging_mixin.py:137} INFO - [2023-03-03T16:17:17.060+0100] {dagbag.py:537} INFO - Filling up the DagBag from /Users/uab910/dev/nnam-poc/pyenv/lib/python3.10/site-packages/airflow/example_dags/example_short_circuit_operator.py
[2023-03-03T16:17:17.117+0100] {processor.py:766} INFO - DAG(s) dict_keys(['example_short_circuit_operator']) retrieved from /Users/uab910/dev/nnam-poc/pyenv/lib/python3.10/site-packages/airflow/example_dags/example_short_circuit_operator.py
[2023-03-03T16:17:17.316+0100] {logging_mixin.py:137} INFO - [2023-03-03T16:17:17.315+0100] {dag.py:2585} INFO - Sync 1 DAGs
[2023-03-03T16:17:17.332+0100] {logging_mixin.py:137} INFO - [2023-03-03T16:17:17.332+0100] {dag.py:3336} INFO - Setting next_dagrun for example_short_circuit_operator to 2023-03-02T15:17:17.332367+00:00, run_after=2023-03-03T15:17:17.332367+00:00
[2023-03-03T16:17:17.349+0100] {processor.py:176} INFO - Processing /Users/uab910/dev/nnam-poc/pyenv/lib/python3.10/site-packages/airflow/example_dags/example_short_circuit_operator.py took 0.297 seconds
[2023-03-03T16:18:36.247+0100] {processor.py:154} INFO - Started process (PID=57890) to work on /Users/uab910/dev/nnam-poc/pyenv/lib/python3.10/site-packages/airflow/example_dags/example_short_circuit_operator.py
[2023-03-03T16:18:36.253+0100] {processor.py:756} INFO - Processing file /Users/uab910/dev/nnam-poc/pyenv/lib/python3.10/site-packages/airflow/example_dags/example_short_circuit_operator.py for tasks to queue
[2023-03-03T16:18:36.254+0100] {logging_mixin.py:137} INFO - [2023-03-03T16:18:36.254+0100] {dagbag.py:537} INFO - Filling up the DagBag from /Users/uab910/dev/nnam-poc/pyenv/lib/python3.10/site-packages/airflow/example_dags/example_short_circuit_operator.py
[2023-03-03T16:18:36.305+0100] {processor.py:766} INFO - DAG(s) dict_keys(['example_short_circuit_operator']) retrieved from /Users/uab910/dev/nnam-poc/pyenv/lib/python3.10/site-packages/airflow/example_dags/example_short_circuit_operator.py
[2023-03-03T16:18:36.487+0100] {logging_mixin.py:137} INFO - [2023-03-03T16:18:36.487+0100] {dag.py:2585} INFO - Sync 1 DAGs
[2023-03-03T16:18:36.503+0100] {logging_mixin.py:137} INFO - [2023-03-03T16:18:36.503+0100] {dag.py:3336} INFO - Setting next_dagrun for example_short_circuit_operator to 2023-03-02T15:18:36.502886+00:00, run_after=2023-03-03T15:18:36.502886+00:00
[2023-03-03T16:18:36.519+0100] {processor.py:176} INFO - Processing /Users/uab910/dev/nnam-poc/pyenv/lib/python3.10/site-packages/airflow/example_dags/example_short_circuit_operator.py took 0.273 seconds
[2023-03-03T16:19:53.412+0100] {processor.py:154} INFO - Started process (PID=57944) to work on /Users/uab910/dev/nnam-poc/pyenv/lib/python3.10/site-packages/airflow/example_dags/example_short_circuit_operator.py
[2023-03-03T16:19:53.418+0100] {processor.py:756} INFO - Processing file /Users/uab910/dev/nnam-poc/pyenv/lib/python3.10/site-packages/airflow/example_dags/example_short_circuit_operator.py for tasks to queue
[2023-03-03T16:19:53.418+0100] {logging_mixin.py:137} INFO - [2023-03-03T16:19:53.418+0100] {dagbag.py:537} INFO - Filling up the DagBag from /Users/uab910/dev/nnam-poc/pyenv/lib/python3.10/site-packages/airflow/example_dags/example_short_circuit_operator.py
[2023-03-03T16:19:53.469+0100] {processor.py:766} INFO - DAG(s) dict_keys(['example_short_circuit_operator']) retrieved from /Users/uab910/dev/nnam-poc/pyenv/lib/python3.10/site-packages/airflow/example_dags/example_short_circuit_operator.py
[2023-03-03T16:19:53.637+0100] {logging_mixin.py:137} INFO - [2023-03-03T16:19:53.637+0100] {dag.py:2585} INFO - Sync 1 DAGs
[2023-03-03T16:19:53.652+0100] {logging_mixin.py:137} INFO - [2023-03-03T16:19:53.652+0100] {dag.py:3336} INFO - Setting next_dagrun for example_short_circuit_operator to 2023-03-02T15:19:53.652259+00:00, run_after=2023-03-03T15:19:53.652259+00:00
[2023-03-03T16:19:53.668+0100] {processor.py:176} INFO - Processing /Users/uab910/dev/nnam-poc/pyenv/lib/python3.10/site-packages/airflow/example_dags/example_short_circuit_operator.py took 0.257 seconds
[2023-03-03T16:21:09.215+0100] {processor.py:154} INFO - Started process (PID=58024) to work on /Users/uab910/dev/nnam-poc/pyenv/lib/python3.10/site-packages/airflow/example_dags/example_short_circuit_operator.py
[2023-03-03T16:21:09.220+0100] {processor.py:756} INFO - Processing file /Users/uab910/dev/nnam-poc/pyenv/lib/python3.10/site-packages/airflow/example_dags/example_short_circuit_operator.py for tasks to queue
[2023-03-03T16:21:09.220+0100] {logging_mixin.py:137} INFO - [2023-03-03T16:21:09.220+0100] {dagbag.py:537} INFO - Filling up the DagBag from /Users/uab910/dev/nnam-poc/pyenv/lib/python3.10/site-packages/airflow/example_dags/example_short_circuit_operator.py
[2023-03-03T16:21:09.268+0100] {processor.py:766} INFO - DAG(s) dict_keys(['example_short_circuit_operator']) retrieved from /Users/uab910/dev/nnam-poc/pyenv/lib/python3.10/site-packages/airflow/example_dags/example_short_circuit_operator.py
[2023-03-03T16:21:09.440+0100] {logging_mixin.py:137} INFO - [2023-03-03T16:21:09.439+0100] {dag.py:2585} INFO - Sync 1 DAGs
[2023-03-03T16:21:09.453+0100] {logging_mixin.py:137} INFO - [2023-03-03T16:21:09.453+0100] {dag.py:3336} INFO - Setting next_dagrun for example_short_circuit_operator to 2023-03-02T15:21:09.453622+00:00, run_after=2023-03-03T15:21:09.453622+00:00
[2023-03-03T16:21:09.468+0100] {processor.py:176} INFO - Processing /Users/uab910/dev/nnam-poc/pyenv/lib/python3.10/site-packages/airflow/example_dags/example_short_circuit_operator.py took 0.253 seconds
[2023-03-03T16:22:32.501+0100] {processor.py:154} INFO - Started process (PID=58086) to work on /Users/uab910/dev/nnam-poc/pyenv/lib/python3.10/site-packages/airflow/example_dags/example_short_circuit_operator.py
[2023-03-03T16:22:32.506+0100] {processor.py:756} INFO - Processing file /Users/uab910/dev/nnam-poc/pyenv/lib/python3.10/site-packages/airflow/example_dags/example_short_circuit_operator.py for tasks to queue
[2023-03-03T16:22:32.507+0100] {logging_mixin.py:137} INFO - [2023-03-03T16:22:32.507+0100] {dagbag.py:537} INFO - Filling up the DagBag from /Users/uab910/dev/nnam-poc/pyenv/lib/python3.10/site-packages/airflow/example_dags/example_short_circuit_operator.py
[2023-03-03T16:22:32.563+0100] {processor.py:766} INFO - DAG(s) dict_keys(['example_short_circuit_operator']) retrieved from /Users/uab910/dev/nnam-poc/pyenv/lib/python3.10/site-packages/airflow/example_dags/example_short_circuit_operator.py
[2023-03-03T16:22:32.726+0100] {logging_mixin.py:137} INFO - [2023-03-03T16:22:32.725+0100] {dag.py:2585} INFO - Sync 1 DAGs
[2023-03-03T16:22:32.739+0100] {logging_mixin.py:137} INFO - [2023-03-03T16:22:32.738+0100] {dag.py:3336} INFO - Setting next_dagrun for example_short_circuit_operator to 2023-03-02T15:22:32.738831+00:00, run_after=2023-03-03T15:22:32.738831+00:00
[2023-03-03T16:22:32.753+0100] {processor.py:176} INFO - Processing /Users/uab910/dev/nnam-poc/pyenv/lib/python3.10/site-packages/airflow/example_dags/example_short_circuit_operator.py took 0.253 seconds
[2023-03-03T16:23:47.680+0100] {processor.py:154} INFO - Started process (PID=58166) to work on /Users/uab910/dev/nnam-poc/pyenv/lib/python3.10/site-packages/airflow/example_dags/example_short_circuit_operator.py
[2023-03-03T16:23:47.685+0100] {processor.py:756} INFO - Processing file /Users/uab910/dev/nnam-poc/pyenv/lib/python3.10/site-packages/airflow/example_dags/example_short_circuit_operator.py for tasks to queue
[2023-03-03T16:23:47.686+0100] {logging_mixin.py:137} INFO - [2023-03-03T16:23:47.685+0100] {dagbag.py:537} INFO - Filling up the DagBag from /Users/uab910/dev/nnam-poc/pyenv/lib/python3.10/site-packages/airflow/example_dags/example_short_circuit_operator.py
[2023-03-03T16:23:47.735+0100] {processor.py:766} INFO - DAG(s) dict_keys(['example_short_circuit_operator']) retrieved from /Users/uab910/dev/nnam-poc/pyenv/lib/python3.10/site-packages/airflow/example_dags/example_short_circuit_operator.py
[2023-03-03T16:23:47.916+0100] {logging_mixin.py:137} INFO - [2023-03-03T16:23:47.916+0100] {dag.py:2585} INFO - Sync 1 DAGs
[2023-03-03T16:23:47.930+0100] {logging_mixin.py:137} INFO - [2023-03-03T16:23:47.930+0100] {dag.py:3336} INFO - Setting next_dagrun for example_short_circuit_operator to 2023-03-02T15:23:47.930250+00:00, run_after=2023-03-03T15:23:47.930250+00:00
[2023-03-03T16:23:47.944+0100] {processor.py:176} INFO - Processing /Users/uab910/dev/nnam-poc/pyenv/lib/python3.10/site-packages/airflow/example_dags/example_short_circuit_operator.py took 0.265 seconds
[2023-03-03T16:25:04.754+0100] {processor.py:154} INFO - Started process (PID=58214) to work on /Users/uab910/dev/nnam-poc/pyenv/lib/python3.10/site-packages/airflow/example_dags/example_short_circuit_operator.py
[2023-03-03T16:25:04.758+0100] {processor.py:756} INFO - Processing file /Users/uab910/dev/nnam-poc/pyenv/lib/python3.10/site-packages/airflow/example_dags/example_short_circuit_operator.py for tasks to queue
[2023-03-03T16:25:04.759+0100] {logging_mixin.py:137} INFO - [2023-03-03T16:25:04.758+0100] {dagbag.py:537} INFO - Filling up the DagBag from /Users/uab910/dev/nnam-poc/pyenv/lib/python3.10/site-packages/airflow/example_dags/example_short_circuit_operator.py
[2023-03-03T16:25:04.807+0100] {processor.py:766} INFO - DAG(s) dict_keys(['example_short_circuit_operator']) retrieved from /Users/uab910/dev/nnam-poc/pyenv/lib/python3.10/site-packages/airflow/example_dags/example_short_circuit_operator.py
[2023-03-03T16:25:04.977+0100] {logging_mixin.py:137} INFO - [2023-03-03T16:25:04.977+0100] {dag.py:2585} INFO - Sync 1 DAGs
[2023-03-03T16:25:04.989+0100] {logging_mixin.py:137} INFO - [2023-03-03T16:25:04.989+0100] {dag.py:3336} INFO - Setting next_dagrun for example_short_circuit_operator to 2023-03-02T15:25:04.989730+00:00, run_after=2023-03-03T15:25:04.989730+00:00
[2023-03-03T16:25:05.004+0100] {processor.py:176} INFO - Processing /Users/uab910/dev/nnam-poc/pyenv/lib/python3.10/site-packages/airflow/example_dags/example_short_circuit_operator.py took 0.251 seconds
[2023-03-03T16:26:18.537+0100] {processor.py:154} INFO - Started process (PID=58252) to work on /Users/uab910/dev/nnam-poc/pyenv/lib/python3.10/site-packages/airflow/example_dags/example_short_circuit_operator.py
[2023-03-03T16:26:18.541+0100] {processor.py:756} INFO - Processing file /Users/uab910/dev/nnam-poc/pyenv/lib/python3.10/site-packages/airflow/example_dags/example_short_circuit_operator.py for tasks to queue
[2023-03-03T16:26:18.542+0100] {logging_mixin.py:137} INFO - [2023-03-03T16:26:18.542+0100] {dagbag.py:537} INFO - Filling up the DagBag from /Users/uab910/dev/nnam-poc/pyenv/lib/python3.10/site-packages/airflow/example_dags/example_short_circuit_operator.py
[2023-03-03T16:26:18.585+0100] {processor.py:766} INFO - DAG(s) dict_keys(['example_short_circuit_operator']) retrieved from /Users/uab910/dev/nnam-poc/pyenv/lib/python3.10/site-packages/airflow/example_dags/example_short_circuit_operator.py
[2023-03-03T16:26:18.761+0100] {logging_mixin.py:137} INFO - [2023-03-03T16:26:18.761+0100] {dag.py:2585} INFO - Sync 1 DAGs
[2023-03-03T16:26:18.775+0100] {logging_mixin.py:137} INFO - [2023-03-03T16:26:18.775+0100] {dag.py:3336} INFO - Setting next_dagrun for example_short_circuit_operator to 2023-03-02T15:26:18.774935+00:00, run_after=2023-03-03T15:26:18.774935+00:00
[2023-03-03T16:26:18.789+0100] {processor.py:176} INFO - Processing /Users/uab910/dev/nnam-poc/pyenv/lib/python3.10/site-packages/airflow/example_dags/example_short_circuit_operator.py took 0.253 seconds
[2023-03-03T16:27:33.178+0100] {processor.py:154} INFO - Started process (PID=58303) to work on /Users/uab910/dev/nnam-poc/pyenv/lib/python3.10/site-packages/airflow/example_dags/example_short_circuit_operator.py
[2023-03-03T16:27:33.183+0100] {processor.py:756} INFO - Processing file /Users/uab910/dev/nnam-poc/pyenv/lib/python3.10/site-packages/airflow/example_dags/example_short_circuit_operator.py for tasks to queue
[2023-03-03T16:27:33.184+0100] {logging_mixin.py:137} INFO - [2023-03-03T16:27:33.184+0100] {dagbag.py:537} INFO - Filling up the DagBag from /Users/uab910/dev/nnam-poc/pyenv/lib/python3.10/site-packages/airflow/example_dags/example_short_circuit_operator.py
[2023-03-03T16:27:33.235+0100] {processor.py:766} INFO - DAG(s) dict_keys(['example_short_circuit_operator']) retrieved from /Users/uab910/dev/nnam-poc/pyenv/lib/python3.10/site-packages/airflow/example_dags/example_short_circuit_operator.py
[2023-03-03T16:27:33.416+0100] {logging_mixin.py:137} INFO - [2023-03-03T16:27:33.416+0100] {dag.py:2585} INFO - Sync 1 DAGs
[2023-03-03T16:27:33.429+0100] {logging_mixin.py:137} INFO - [2023-03-03T16:27:33.429+0100] {dag.py:3336} INFO - Setting next_dagrun for example_short_circuit_operator to 2023-03-02T15:27:33.429186+00:00, run_after=2023-03-03T15:27:33.429186+00:00
[2023-03-03T16:27:33.443+0100] {processor.py:176} INFO - Processing /Users/uab910/dev/nnam-poc/pyenv/lib/python3.10/site-packages/airflow/example_dags/example_short_circuit_operator.py took 0.266 seconds
[2023-03-03T16:28:48.411+0100] {processor.py:154} INFO - Started process (PID=58341) to work on /Users/uab910/dev/nnam-poc/pyenv/lib/python3.10/site-packages/airflow/example_dags/example_short_circuit_operator.py
[2023-03-03T16:28:48.417+0100] {processor.py:756} INFO - Processing file /Users/uab910/dev/nnam-poc/pyenv/lib/python3.10/site-packages/airflow/example_dags/example_short_circuit_operator.py for tasks to queue
[2023-03-03T16:28:48.418+0100] {logging_mixin.py:137} INFO - [2023-03-03T16:28:48.417+0100] {dagbag.py:537} INFO - Filling up the DagBag from /Users/uab910/dev/nnam-poc/pyenv/lib/python3.10/site-packages/airflow/example_dags/example_short_circuit_operator.py
[2023-03-03T16:28:48.470+0100] {processor.py:766} INFO - DAG(s) dict_keys(['example_short_circuit_operator']) retrieved from /Users/uab910/dev/nnam-poc/pyenv/lib/python3.10/site-packages/airflow/example_dags/example_short_circuit_operator.py
[2023-03-03T16:28:48.657+0100] {logging_mixin.py:137} INFO - [2023-03-03T16:28:48.657+0100] {dag.py:2585} INFO - Sync 1 DAGs
[2023-03-03T16:28:48.673+0100] {logging_mixin.py:137} INFO - [2023-03-03T16:28:48.673+0100] {dag.py:3336} INFO - Setting next_dagrun for example_short_circuit_operator to 2023-03-02T15:28:48.673176+00:00, run_after=2023-03-03T15:28:48.673176+00:00
[2023-03-03T16:28:48.689+0100] {processor.py:176} INFO - Processing /Users/uab910/dev/nnam-poc/pyenv/lib/python3.10/site-packages/airflow/example_dags/example_short_circuit_operator.py took 0.278 seconds
[2023-03-03T16:30:05.261+0100] {processor.py:154} INFO - Started process (PID=58387) to work on /Users/uab910/dev/nnam-poc/pyenv/lib/python3.10/site-packages/airflow/example_dags/example_short_circuit_operator.py
[2023-03-03T16:30:05.267+0100] {processor.py:756} INFO - Processing file /Users/uab910/dev/nnam-poc/pyenv/lib/python3.10/site-packages/airflow/example_dags/example_short_circuit_operator.py for tasks to queue
[2023-03-03T16:30:05.267+0100] {logging_mixin.py:137} INFO - [2023-03-03T16:30:05.267+0100] {dagbag.py:537} INFO - Filling up the DagBag from /Users/uab910/dev/nnam-poc/pyenv/lib/python3.10/site-packages/airflow/example_dags/example_short_circuit_operator.py
[2023-03-03T16:30:05.321+0100] {processor.py:766} INFO - DAG(s) dict_keys(['example_short_circuit_operator']) retrieved from /Users/uab910/dev/nnam-poc/pyenv/lib/python3.10/site-packages/airflow/example_dags/example_short_circuit_operator.py
[2023-03-03T16:30:05.487+0100] {logging_mixin.py:137} INFO - [2023-03-03T16:30:05.487+0100] {dag.py:2585} INFO - Sync 1 DAGs
[2023-03-03T16:30:05.499+0100] {logging_mixin.py:137} INFO - [2023-03-03T16:30:05.499+0100] {dag.py:3336} INFO - Setting next_dagrun for example_short_circuit_operator to 2023-03-02T15:30:05.499687+00:00, run_after=2023-03-03T15:30:05.499687+00:00
[2023-03-03T16:30:05.514+0100] {processor.py:176} INFO - Processing /Users/uab910/dev/nnam-poc/pyenv/lib/python3.10/site-packages/airflow/example_dags/example_short_circuit_operator.py took 0.254 seconds
[2023-03-03T16:31:20.971+0100] {processor.py:154} INFO - Started process (PID=58429) to work on /Users/uab910/dev/nnam-poc/pyenv/lib/python3.10/site-packages/airflow/example_dags/example_short_circuit_operator.py
[2023-03-03T16:31:20.977+0100] {processor.py:756} INFO - Processing file /Users/uab910/dev/nnam-poc/pyenv/lib/python3.10/site-packages/airflow/example_dags/example_short_circuit_operator.py for tasks to queue
[2023-03-03T16:31:20.977+0100] {logging_mixin.py:137} INFO - [2023-03-03T16:31:20.977+0100] {dagbag.py:537} INFO - Filling up the DagBag from /Users/uab910/dev/nnam-poc/pyenv/lib/python3.10/site-packages/airflow/example_dags/example_short_circuit_operator.py
[2023-03-03T16:31:21.027+0100] {processor.py:766} INFO - DAG(s) dict_keys(['example_short_circuit_operator']) retrieved from /Users/uab910/dev/nnam-poc/pyenv/lib/python3.10/site-packages/airflow/example_dags/example_short_circuit_operator.py
[2023-03-03T16:31:21.204+0100] {logging_mixin.py:137} INFO - [2023-03-03T16:31:21.204+0100] {dag.py:2585} INFO - Sync 1 DAGs
[2023-03-03T16:31:21.217+0100] {logging_mixin.py:137} INFO - [2023-03-03T16:31:21.217+0100] {dag.py:3336} INFO - Setting next_dagrun for example_short_circuit_operator to 2023-03-02T15:31:21.217526+00:00, run_after=2023-03-03T15:31:21.217526+00:00
[2023-03-03T16:31:21.232+0100] {processor.py:176} INFO - Processing /Users/uab910/dev/nnam-poc/pyenv/lib/python3.10/site-packages/airflow/example_dags/example_short_circuit_operator.py took 0.262 seconds
[2023-03-03T16:32:37.813+0100] {processor.py:154} INFO - Started process (PID=58466) to work on /Users/uab910/dev/nnam-poc/pyenv/lib/python3.10/site-packages/airflow/example_dags/example_short_circuit_operator.py
[2023-03-03T16:32:37.819+0100] {processor.py:756} INFO - Processing file /Users/uab910/dev/nnam-poc/pyenv/lib/python3.10/site-packages/airflow/example_dags/example_short_circuit_operator.py for tasks to queue
[2023-03-03T16:32:37.819+0100] {logging_mixin.py:137} INFO - [2023-03-03T16:32:37.819+0100] {dagbag.py:537} INFO - Filling up the DagBag from /Users/uab910/dev/nnam-poc/pyenv/lib/python3.10/site-packages/airflow/example_dags/example_short_circuit_operator.py
[2023-03-03T16:32:37.873+0100] {processor.py:766} INFO - DAG(s) dict_keys(['example_short_circuit_operator']) retrieved from /Users/uab910/dev/nnam-poc/pyenv/lib/python3.10/site-packages/airflow/example_dags/example_short_circuit_operator.py
[2023-03-03T16:32:38.043+0100] {logging_mixin.py:137} INFO - [2023-03-03T16:32:38.043+0100] {dag.py:2585} INFO - Sync 1 DAGs
[2023-03-03T16:32:38.056+0100] {logging_mixin.py:137} INFO - [2023-03-03T16:32:38.056+0100] {dag.py:3336} INFO - Setting next_dagrun for example_short_circuit_operator to 2023-03-02T15:32:38.056252+00:00, run_after=2023-03-03T15:32:38.056252+00:00
[2023-03-03T16:32:38.071+0100] {processor.py:176} INFO - Processing /Users/uab910/dev/nnam-poc/pyenv/lib/python3.10/site-packages/airflow/example_dags/example_short_circuit_operator.py took 0.259 seconds
[2023-03-03T16:33:54.635+0100] {processor.py:154} INFO - Started process (PID=58525) to work on /Users/uab910/dev/nnam-poc/pyenv/lib/python3.10/site-packages/airflow/example_dags/example_short_circuit_operator.py
[2023-03-03T16:33:54.641+0100] {processor.py:756} INFO - Processing file /Users/uab910/dev/nnam-poc/pyenv/lib/python3.10/site-packages/airflow/example_dags/example_short_circuit_operator.py for tasks to queue
[2023-03-03T16:33:54.643+0100] {logging_mixin.py:137} INFO - [2023-03-03T16:33:54.642+0100] {dagbag.py:537} INFO - Filling up the DagBag from /Users/uab910/dev/nnam-poc/pyenv/lib/python3.10/site-packages/airflow/example_dags/example_short_circuit_operator.py
[2023-03-03T16:33:54.828+0100] {processor.py:766} INFO - DAG(s) dict_keys(['example_short_circuit_operator']) retrieved from /Users/uab910/dev/nnam-poc/pyenv/lib/python3.10/site-packages/airflow/example_dags/example_short_circuit_operator.py
[2023-03-03T16:33:55.059+0100] {logging_mixin.py:137} INFO - [2023-03-03T16:33:55.059+0100] {dag.py:2585} INFO - Sync 1 DAGs
[2023-03-03T16:33:55.078+0100] {logging_mixin.py:137} INFO - [2023-03-03T16:33:55.078+0100] {dag.py:3336} INFO - Setting next_dagrun for example_short_circuit_operator to 2023-03-02T15:33:55.078084+00:00, run_after=2023-03-03T15:33:55.078084+00:00
[2023-03-03T16:33:55.101+0100] {processor.py:176} INFO - Processing /Users/uab910/dev/nnam-poc/pyenv/lib/python3.10/site-packages/airflow/example_dags/example_short_circuit_operator.py took 0.467 seconds
[2023-03-03T16:35:11.555+0100] {processor.py:154} INFO - Started process (PID=58573) to work on /Users/uab910/dev/nnam-poc/pyenv/lib/python3.10/site-packages/airflow/example_dags/example_short_circuit_operator.py
[2023-03-03T16:35:11.562+0100] {processor.py:756} INFO - Processing file /Users/uab910/dev/nnam-poc/pyenv/lib/python3.10/site-packages/airflow/example_dags/example_short_circuit_operator.py for tasks to queue
[2023-03-03T16:35:11.562+0100] {logging_mixin.py:137} INFO - [2023-03-03T16:35:11.562+0100] {dagbag.py:537} INFO - Filling up the DagBag from /Users/uab910/dev/nnam-poc/pyenv/lib/python3.10/site-packages/airflow/example_dags/example_short_circuit_operator.py
[2023-03-03T16:35:11.620+0100] {processor.py:766} INFO - DAG(s) dict_keys(['example_short_circuit_operator']) retrieved from /Users/uab910/dev/nnam-poc/pyenv/lib/python3.10/site-packages/airflow/example_dags/example_short_circuit_operator.py
[2023-03-03T16:35:11.842+0100] {logging_mixin.py:137} INFO - [2023-03-03T16:35:11.842+0100] {dag.py:2585} INFO - Sync 1 DAGs
[2023-03-03T16:35:11.861+0100] {logging_mixin.py:137} INFO - [2023-03-03T16:35:11.861+0100] {dag.py:3336} INFO - Setting next_dagrun for example_short_circuit_operator to 2023-03-02T15:35:11.861037+00:00, run_after=2023-03-03T15:35:11.861037+00:00
[2023-03-03T16:35:11.881+0100] {processor.py:176} INFO - Processing /Users/uab910/dev/nnam-poc/pyenv/lib/python3.10/site-packages/airflow/example_dags/example_short_circuit_operator.py took 0.327 seconds
[2023-03-03T16:36:28.069+0100] {processor.py:154} INFO - Started process (PID=58616) to work on /Users/uab910/dev/nnam-poc/pyenv/lib/python3.10/site-packages/airflow/example_dags/example_short_circuit_operator.py
[2023-03-03T16:36:28.074+0100] {processor.py:756} INFO - Processing file /Users/uab910/dev/nnam-poc/pyenv/lib/python3.10/site-packages/airflow/example_dags/example_short_circuit_operator.py for tasks to queue
[2023-03-03T16:36:28.074+0100] {logging_mixin.py:137} INFO - [2023-03-03T16:36:28.074+0100] {dagbag.py:537} INFO - Filling up the DagBag from /Users/uab910/dev/nnam-poc/pyenv/lib/python3.10/site-packages/airflow/example_dags/example_short_circuit_operator.py
[2023-03-03T16:36:28.122+0100] {processor.py:766} INFO - DAG(s) dict_keys(['example_short_circuit_operator']) retrieved from /Users/uab910/dev/nnam-poc/pyenv/lib/python3.10/site-packages/airflow/example_dags/example_short_circuit_operator.py
[2023-03-03T16:36:28.294+0100] {logging_mixin.py:137} INFO - [2023-03-03T16:36:28.293+0100] {dag.py:2585} INFO - Sync 1 DAGs
[2023-03-03T16:36:28.306+0100] {logging_mixin.py:137} INFO - [2023-03-03T16:36:28.306+0100] {dag.py:3336} INFO - Setting next_dagrun for example_short_circuit_operator to 2023-03-02T15:36:28.306458+00:00, run_after=2023-03-03T15:36:28.306458+00:00
[2023-03-03T16:36:28.320+0100] {processor.py:176} INFO - Processing /Users/uab910/dev/nnam-poc/pyenv/lib/python3.10/site-packages/airflow/example_dags/example_short_circuit_operator.py took 0.252 seconds
[2023-03-03T16:37:45.124+0100] {processor.py:154} INFO - Started process (PID=58657) to work on /Users/uab910/dev/nnam-poc/pyenv/lib/python3.10/site-packages/airflow/example_dags/example_short_circuit_operator.py
[2023-03-03T16:37:45.131+0100] {processor.py:756} INFO - Processing file /Users/uab910/dev/nnam-poc/pyenv/lib/python3.10/site-packages/airflow/example_dags/example_short_circuit_operator.py for tasks to queue
[2023-03-03T16:37:45.132+0100] {logging_mixin.py:137} INFO - [2023-03-03T16:37:45.132+0100] {dagbag.py:537} INFO - Filling up the DagBag from /Users/uab910/dev/nnam-poc/pyenv/lib/python3.10/site-packages/airflow/example_dags/example_short_circuit_operator.py
[2023-03-03T16:37:45.199+0100] {processor.py:766} INFO - DAG(s) dict_keys(['example_short_circuit_operator']) retrieved from /Users/uab910/dev/nnam-poc/pyenv/lib/python3.10/site-packages/airflow/example_dags/example_short_circuit_operator.py
[2023-03-03T16:37:45.456+0100] {logging_mixin.py:137} INFO - [2023-03-03T16:37:45.455+0100] {dag.py:2585} INFO - Sync 1 DAGs
[2023-03-03T16:37:45.478+0100] {logging_mixin.py:137} INFO - [2023-03-03T16:37:45.478+0100] {dag.py:3336} INFO - Setting next_dagrun for example_short_circuit_operator to 2023-03-02T15:37:45.478088+00:00, run_after=2023-03-03T15:37:45.478088+00:00
[2023-03-03T16:37:45.499+0100] {processor.py:176} INFO - Processing /Users/uab910/dev/nnam-poc/pyenv/lib/python3.10/site-packages/airflow/example_dags/example_short_circuit_operator.py took 0.377 seconds
[2023-03-03T16:39:02.990+0100] {processor.py:154} INFO - Started process (PID=58697) to work on /Users/uab910/dev/nnam-poc/pyenv/lib/python3.10/site-packages/airflow/example_dags/example_short_circuit_operator.py
[2023-03-03T16:39:02.996+0100] {processor.py:756} INFO - Processing file /Users/uab910/dev/nnam-poc/pyenv/lib/python3.10/site-packages/airflow/example_dags/example_short_circuit_operator.py for tasks to queue
[2023-03-03T16:39:02.996+0100] {logging_mixin.py:137} INFO - [2023-03-03T16:39:02.996+0100] {dagbag.py:537} INFO - Filling up the DagBag from /Users/uab910/dev/nnam-poc/pyenv/lib/python3.10/site-packages/airflow/example_dags/example_short_circuit_operator.py
[2023-03-03T16:39:03.047+0100] {processor.py:766} INFO - DAG(s) dict_keys(['example_short_circuit_operator']) retrieved from /Users/uab910/dev/nnam-poc/pyenv/lib/python3.10/site-packages/airflow/example_dags/example_short_circuit_operator.py
[2023-03-03T16:39:03.210+0100] {logging_mixin.py:137} INFO - [2023-03-03T16:39:03.210+0100] {dag.py:2585} INFO - Sync 1 DAGs
[2023-03-03T16:39:03.222+0100] {logging_mixin.py:137} INFO - [2023-03-03T16:39:03.222+0100] {dag.py:3336} INFO - Setting next_dagrun for example_short_circuit_operator to 2023-03-02T15:39:03.222696+00:00, run_after=2023-03-03T15:39:03.222696+00:00
[2023-03-03T16:39:03.236+0100] {processor.py:176} INFO - Processing /Users/uab910/dev/nnam-poc/pyenv/lib/python3.10/site-packages/airflow/example_dags/example_short_circuit_operator.py took 0.247 seconds
[2023-03-03T16:40:39.788+0100] {processor.py:154} INFO - Started process (PID=58752) to work on /Users/uab910/dev/nnam-poc/pyenv/lib/python3.10/site-packages/airflow/example_dags/example_short_circuit_operator.py
[2023-03-03T16:40:39.794+0100] {processor.py:756} INFO - Processing file /Users/uab910/dev/nnam-poc/pyenv/lib/python3.10/site-packages/airflow/example_dags/example_short_circuit_operator.py for tasks to queue
[2023-03-03T16:40:39.794+0100] {logging_mixin.py:137} INFO - [2023-03-03T16:40:39.794+0100] {dagbag.py:537} INFO - Filling up the DagBag from /Users/uab910/dev/nnam-poc/pyenv/lib/python3.10/site-packages/airflow/example_dags/example_short_circuit_operator.py
[2023-03-03T16:40:39.840+0100] {processor.py:766} INFO - DAG(s) dict_keys(['example_short_circuit_operator']) retrieved from /Users/uab910/dev/nnam-poc/pyenv/lib/python3.10/site-packages/airflow/example_dags/example_short_circuit_operator.py
[2023-03-03T16:40:40.004+0100] {logging_mixin.py:137} INFO - [2023-03-03T16:40:40.004+0100] {dag.py:2585} INFO - Sync 1 DAGs
[2023-03-03T16:40:40.018+0100] {logging_mixin.py:137} INFO - [2023-03-03T16:40:40.018+0100] {dag.py:3336} INFO - Setting next_dagrun for example_short_circuit_operator to 2023-03-02T15:40:40.018315+00:00, run_after=2023-03-03T15:40:40.018315+00:00
[2023-03-03T16:40:40.034+0100] {processor.py:176} INFO - Processing /Users/uab910/dev/nnam-poc/pyenv/lib/python3.10/site-packages/airflow/example_dags/example_short_circuit_operator.py took 0.247 seconds
[2023-03-03T16:42:10.837+0100] {processor.py:154} INFO - Started process (PID=58800) to work on /Users/uab910/dev/nnam-poc/pyenv/lib/python3.10/site-packages/airflow/example_dags/example_short_circuit_operator.py
[2023-03-03T16:42:10.846+0100] {processor.py:756} INFO - Processing file /Users/uab910/dev/nnam-poc/pyenv/lib/python3.10/site-packages/airflow/example_dags/example_short_circuit_operator.py for tasks to queue
[2023-03-03T16:42:10.847+0100] {logging_mixin.py:137} INFO - [2023-03-03T16:42:10.847+0100] {dagbag.py:537} INFO - Filling up the DagBag from /Users/uab910/dev/nnam-poc/pyenv/lib/python3.10/site-packages/airflow/example_dags/example_short_circuit_operator.py
[2023-03-03T16:42:10.904+0100] {processor.py:766} INFO - DAG(s) dict_keys(['example_short_circuit_operator']) retrieved from /Users/uab910/dev/nnam-poc/pyenv/lib/python3.10/site-packages/airflow/example_dags/example_short_circuit_operator.py
[2023-03-03T16:42:11.088+0100] {logging_mixin.py:137} INFO - [2023-03-03T16:42:11.088+0100] {dag.py:2585} INFO - Sync 1 DAGs
[2023-03-03T16:42:11.104+0100] {logging_mixin.py:137} INFO - [2023-03-03T16:42:11.103+0100] {dag.py:3336} INFO - Setting next_dagrun for example_short_circuit_operator to 2023-03-02T15:42:11.103794+00:00, run_after=2023-03-03T15:42:11.103794+00:00
[2023-03-03T16:42:11.123+0100] {processor.py:176} INFO - Processing /Users/uab910/dev/nnam-poc/pyenv/lib/python3.10/site-packages/airflow/example_dags/example_short_circuit_operator.py took 0.287 seconds
[2023-03-03T16:43:44.190+0100] {processor.py:154} INFO - Started process (PID=58876) to work on /Users/uab910/dev/nnam-poc/pyenv/lib/python3.10/site-packages/airflow/example_dags/example_short_circuit_operator.py
[2023-03-03T16:43:44.196+0100] {processor.py:756} INFO - Processing file /Users/uab910/dev/nnam-poc/pyenv/lib/python3.10/site-packages/airflow/example_dags/example_short_circuit_operator.py for tasks to queue
[2023-03-03T16:43:44.197+0100] {logging_mixin.py:137} INFO - [2023-03-03T16:43:44.197+0100] {dagbag.py:537} INFO - Filling up the DagBag from /Users/uab910/dev/nnam-poc/pyenv/lib/python3.10/site-packages/airflow/example_dags/example_short_circuit_operator.py
[2023-03-03T16:43:44.250+0100] {processor.py:766} INFO - DAG(s) dict_keys(['example_short_circuit_operator']) retrieved from /Users/uab910/dev/nnam-poc/pyenv/lib/python3.10/site-packages/airflow/example_dags/example_short_circuit_operator.py
[2023-03-03T16:43:44.445+0100] {logging_mixin.py:137} INFO - [2023-03-03T16:43:44.445+0100] {dag.py:2585} INFO - Sync 1 DAGs
[2023-03-03T16:43:44.459+0100] {logging_mixin.py:137} INFO - [2023-03-03T16:43:44.459+0100] {dag.py:3336} INFO - Setting next_dagrun for example_short_circuit_operator to 2023-03-02T15:43:44.459360+00:00, run_after=2023-03-03T15:43:44.459360+00:00
[2023-03-03T16:43:44.475+0100] {processor.py:176} INFO - Processing /Users/uab910/dev/nnam-poc/pyenv/lib/python3.10/site-packages/airflow/example_dags/example_short_circuit_operator.py took 0.286 seconds
[2023-03-03T16:45:19.029+0100] {processor.py:154} INFO - Started process (PID=58931) to work on /Users/uab910/dev/nnam-poc/pyenv/lib/python3.10/site-packages/airflow/example_dags/example_short_circuit_operator.py
[2023-03-03T16:45:19.035+0100] {processor.py:756} INFO - Processing file /Users/uab910/dev/nnam-poc/pyenv/lib/python3.10/site-packages/airflow/example_dags/example_short_circuit_operator.py for tasks to queue
[2023-03-03T16:45:19.036+0100] {logging_mixin.py:137} INFO - [2023-03-03T16:45:19.036+0100] {dagbag.py:537} INFO - Filling up the DagBag from /Users/uab910/dev/nnam-poc/pyenv/lib/python3.10/site-packages/airflow/example_dags/example_short_circuit_operator.py
[2023-03-03T16:45:19.087+0100] {processor.py:766} INFO - DAG(s) dict_keys(['example_short_circuit_operator']) retrieved from /Users/uab910/dev/nnam-poc/pyenv/lib/python3.10/site-packages/airflow/example_dags/example_short_circuit_operator.py
[2023-03-03T16:45:19.253+0100] {logging_mixin.py:137} INFO - [2023-03-03T16:45:19.253+0100] {dag.py:2585} INFO - Sync 1 DAGs
[2023-03-03T16:45:19.268+0100] {logging_mixin.py:137} INFO - [2023-03-03T16:45:19.268+0100] {dag.py:3336} INFO - Setting next_dagrun for example_short_circuit_operator to 2023-03-02T15:45:19.267935+00:00, run_after=2023-03-03T15:45:19.267935+00:00
[2023-03-03T16:45:19.284+0100] {processor.py:176} INFO - Processing /Users/uab910/dev/nnam-poc/pyenv/lib/python3.10/site-packages/airflow/example_dags/example_short_circuit_operator.py took 0.255 seconds
[2023-03-03T16:46:53.374+0100] {processor.py:154} INFO - Started process (PID=59002) to work on /Users/uab910/dev/nnam-poc/pyenv/lib/python3.10/site-packages/airflow/example_dags/example_short_circuit_operator.py
[2023-03-03T16:46:53.379+0100] {processor.py:756} INFO - Processing file /Users/uab910/dev/nnam-poc/pyenv/lib/python3.10/site-packages/airflow/example_dags/example_short_circuit_operator.py for tasks to queue
[2023-03-03T16:46:53.379+0100] {logging_mixin.py:137} INFO - [2023-03-03T16:46:53.379+0100] {dagbag.py:537} INFO - Filling up the DagBag from /Users/uab910/dev/nnam-poc/pyenv/lib/python3.10/site-packages/airflow/example_dags/example_short_circuit_operator.py
[2023-03-03T16:46:53.420+0100] {processor.py:766} INFO - DAG(s) dict_keys(['example_short_circuit_operator']) retrieved from /Users/uab910/dev/nnam-poc/pyenv/lib/python3.10/site-packages/airflow/example_dags/example_short_circuit_operator.py
[2023-03-03T16:46:53.583+0100] {logging_mixin.py:137} INFO - [2023-03-03T16:46:53.583+0100] {dag.py:2585} INFO - Sync 1 DAGs
[2023-03-03T16:46:53.597+0100] {logging_mixin.py:137} INFO - [2023-03-03T16:46:53.597+0100] {dag.py:3336} INFO - Setting next_dagrun for example_short_circuit_operator to 2023-03-02T15:46:53.597462+00:00, run_after=2023-03-03T15:46:53.597462+00:00
[2023-03-03T16:46:53.613+0100] {processor.py:176} INFO - Processing /Users/uab910/dev/nnam-poc/pyenv/lib/python3.10/site-packages/airflow/example_dags/example_short_circuit_operator.py took 0.239 seconds
[2023-03-03T16:48:23.258+0100] {processor.py:154} INFO - Started process (PID=59056) to work on /Users/uab910/dev/nnam-poc/pyenv/lib/python3.10/site-packages/airflow/example_dags/example_short_circuit_operator.py
[2023-03-03T16:48:23.264+0100] {processor.py:756} INFO - Processing file /Users/uab910/dev/nnam-poc/pyenv/lib/python3.10/site-packages/airflow/example_dags/example_short_circuit_operator.py for tasks to queue
[2023-03-03T16:48:23.264+0100] {logging_mixin.py:137} INFO - [2023-03-03T16:48:23.264+0100] {dagbag.py:537} INFO - Filling up the DagBag from /Users/uab910/dev/nnam-poc/pyenv/lib/python3.10/site-packages/airflow/example_dags/example_short_circuit_operator.py
[2023-03-03T16:48:23.311+0100] {processor.py:766} INFO - DAG(s) dict_keys(['example_short_circuit_operator']) retrieved from /Users/uab910/dev/nnam-poc/pyenv/lib/python3.10/site-packages/airflow/example_dags/example_short_circuit_operator.py
[2023-03-03T16:48:23.479+0100] {logging_mixin.py:137} INFO - [2023-03-03T16:48:23.479+0100] {dag.py:2585} INFO - Sync 1 DAGs
[2023-03-03T16:48:23.494+0100] {logging_mixin.py:137} INFO - [2023-03-03T16:48:23.494+0100] {dag.py:3336} INFO - Setting next_dagrun for example_short_circuit_operator to 2023-03-02T15:48:23.494157+00:00, run_after=2023-03-03T15:48:23.494157+00:00
[2023-03-03T16:48:23.509+0100] {processor.py:176} INFO - Processing /Users/uab910/dev/nnam-poc/pyenv/lib/python3.10/site-packages/airflow/example_dags/example_short_circuit_operator.py took 0.252 seconds
[2023-03-03T16:49:57.555+0100] {processor.py:154} INFO - Started process (PID=59110) to work on /Users/uab910/dev/nnam-poc/pyenv/lib/python3.10/site-packages/airflow/example_dags/example_short_circuit_operator.py
[2023-03-03T16:49:57.561+0100] {processor.py:756} INFO - Processing file /Users/uab910/dev/nnam-poc/pyenv/lib/python3.10/site-packages/airflow/example_dags/example_short_circuit_operator.py for tasks to queue
[2023-03-03T16:49:57.561+0100] {logging_mixin.py:137} INFO - [2023-03-03T16:49:57.561+0100] {dagbag.py:537} INFO - Filling up the DagBag from /Users/uab910/dev/nnam-poc/pyenv/lib/python3.10/site-packages/airflow/example_dags/example_short_circuit_operator.py
[2023-03-03T16:49:57.612+0100] {processor.py:766} INFO - DAG(s) dict_keys(['example_short_circuit_operator']) retrieved from /Users/uab910/dev/nnam-poc/pyenv/lib/python3.10/site-packages/airflow/example_dags/example_short_circuit_operator.py
[2023-03-03T16:49:57.797+0100] {logging_mixin.py:137} INFO - [2023-03-03T16:49:57.796+0100] {dag.py:2585} INFO - Sync 1 DAGs
[2023-03-03T16:49:57.812+0100] {logging_mixin.py:137} INFO - [2023-03-03T16:49:57.811+0100] {dag.py:3336} INFO - Setting next_dagrun for example_short_circuit_operator to 2023-03-02T15:49:57.811759+00:00, run_after=2023-03-03T15:49:57.811759+00:00
[2023-03-03T16:49:57.828+0100] {processor.py:176} INFO - Processing /Users/uab910/dev/nnam-poc/pyenv/lib/python3.10/site-packages/airflow/example_dags/example_short_circuit_operator.py took 0.274 seconds
[2023-03-03T16:51:31.104+0100] {processor.py:154} INFO - Started process (PID=59175) to work on /Users/uab910/dev/nnam-poc/pyenv/lib/python3.10/site-packages/airflow/example_dags/example_short_circuit_operator.py
[2023-03-03T16:51:31.108+0100] {processor.py:756} INFO - Processing file /Users/uab910/dev/nnam-poc/pyenv/lib/python3.10/site-packages/airflow/example_dags/example_short_circuit_operator.py for tasks to queue
[2023-03-03T16:51:31.109+0100] {logging_mixin.py:137} INFO - [2023-03-03T16:51:31.109+0100] {dagbag.py:537} INFO - Filling up the DagBag from /Users/uab910/dev/nnam-poc/pyenv/lib/python3.10/site-packages/airflow/example_dags/example_short_circuit_operator.py
[2023-03-03T16:51:31.159+0100] {processor.py:766} INFO - DAG(s) dict_keys(['example_short_circuit_operator']) retrieved from /Users/uab910/dev/nnam-poc/pyenv/lib/python3.10/site-packages/airflow/example_dags/example_short_circuit_operator.py
[2023-03-03T16:51:31.328+0100] {logging_mixin.py:137} INFO - [2023-03-03T16:51:31.327+0100] {dag.py:2585} INFO - Sync 1 DAGs
[2023-03-03T16:51:31.344+0100] {logging_mixin.py:137} INFO - [2023-03-03T16:51:31.344+0100] {dag.py:3336} INFO - Setting next_dagrun for example_short_circuit_operator to 2023-03-02T15:51:31.344287+00:00, run_after=2023-03-03T15:51:31.344287+00:00
[2023-03-03T16:51:31.363+0100] {processor.py:176} INFO - Processing /Users/uab910/dev/nnam-poc/pyenv/lib/python3.10/site-packages/airflow/example_dags/example_short_circuit_operator.py took 0.260 seconds
[2023-03-03T16:53:03.903+0100] {processor.py:154} INFO - Started process (PID=59223) to work on /Users/uab910/dev/nnam-poc/pyenv/lib/python3.10/site-packages/airflow/example_dags/example_short_circuit_operator.py
[2023-03-03T16:53:03.909+0100] {processor.py:756} INFO - Processing file /Users/uab910/dev/nnam-poc/pyenv/lib/python3.10/site-packages/airflow/example_dags/example_short_circuit_operator.py for tasks to queue
[2023-03-03T16:53:03.909+0100] {logging_mixin.py:137} INFO - [2023-03-03T16:53:03.909+0100] {dagbag.py:537} INFO - Filling up the DagBag from /Users/uab910/dev/nnam-poc/pyenv/lib/python3.10/site-packages/airflow/example_dags/example_short_circuit_operator.py
[2023-03-03T16:53:03.959+0100] {processor.py:766} INFO - DAG(s) dict_keys(['example_short_circuit_operator']) retrieved from /Users/uab910/dev/nnam-poc/pyenv/lib/python3.10/site-packages/airflow/example_dags/example_short_circuit_operator.py
[2023-03-03T16:53:04.129+0100] {logging_mixin.py:137} INFO - [2023-03-03T16:53:04.129+0100] {dag.py:2585} INFO - Sync 1 DAGs
[2023-03-03T16:53:04.144+0100] {logging_mixin.py:137} INFO - [2023-03-03T16:53:04.143+0100] {dag.py:3336} INFO - Setting next_dagrun for example_short_circuit_operator to 2023-03-02T15:53:04.143843+00:00, run_after=2023-03-03T15:53:04.143843+00:00
[2023-03-03T16:53:04.160+0100] {processor.py:176} INFO - Processing /Users/uab910/dev/nnam-poc/pyenv/lib/python3.10/site-packages/airflow/example_dags/example_short_circuit_operator.py took 0.258 seconds
[2023-03-03T16:54:29.506+0100] {processor.py:154} INFO - Started process (PID=59282) to work on /Users/uab910/dev/nnam-poc/pyenv/lib/python3.10/site-packages/airflow/example_dags/example_short_circuit_operator.py
[2023-03-03T16:54:29.513+0100] {processor.py:756} INFO - Processing file /Users/uab910/dev/nnam-poc/pyenv/lib/python3.10/site-packages/airflow/example_dags/example_short_circuit_operator.py for tasks to queue
[2023-03-03T16:54:29.514+0100] {logging_mixin.py:137} INFO - [2023-03-03T16:54:29.514+0100] {dagbag.py:537} INFO - Filling up the DagBag from /Users/uab910/dev/nnam-poc/pyenv/lib/python3.10/site-packages/airflow/example_dags/example_short_circuit_operator.py
[2023-03-03T16:54:29.564+0100] {processor.py:766} INFO - DAG(s) dict_keys(['example_short_circuit_operator']) retrieved from /Users/uab910/dev/nnam-poc/pyenv/lib/python3.10/site-packages/airflow/example_dags/example_short_circuit_operator.py
[2023-03-03T16:54:29.738+0100] {logging_mixin.py:137} INFO - [2023-03-03T16:54:29.738+0100] {dag.py:2585} INFO - Sync 1 DAGs
[2023-03-03T16:54:29.753+0100] {logging_mixin.py:137} INFO - [2023-03-03T16:54:29.753+0100] {dag.py:3336} INFO - Setting next_dagrun for example_short_circuit_operator to 2023-03-02T15:54:29.753376+00:00, run_after=2023-03-03T15:54:29.753376+00:00
[2023-03-03T16:54:29.768+0100] {processor.py:176} INFO - Processing /Users/uab910/dev/nnam-poc/pyenv/lib/python3.10/site-packages/airflow/example_dags/example_short_circuit_operator.py took 0.262 seconds
[2023-03-03T16:56:05.178+0100] {processor.py:154} INFO - Started process (PID=59331) to work on /Users/uab910/dev/nnam-poc/pyenv/lib/python3.10/site-packages/airflow/example_dags/example_short_circuit_operator.py
[2023-03-03T16:56:05.183+0100] {processor.py:756} INFO - Processing file /Users/uab910/dev/nnam-poc/pyenv/lib/python3.10/site-packages/airflow/example_dags/example_short_circuit_operator.py for tasks to queue
[2023-03-03T16:56:05.184+0100] {logging_mixin.py:137} INFO - [2023-03-03T16:56:05.184+0100] {dagbag.py:537} INFO - Filling up the DagBag from /Users/uab910/dev/nnam-poc/pyenv/lib/python3.10/site-packages/airflow/example_dags/example_short_circuit_operator.py
[2023-03-03T16:56:05.231+0100] {processor.py:766} INFO - DAG(s) dict_keys(['example_short_circuit_operator']) retrieved from /Users/uab910/dev/nnam-poc/pyenv/lib/python3.10/site-packages/airflow/example_dags/example_short_circuit_operator.py
[2023-03-03T16:56:05.396+0100] {logging_mixin.py:137} INFO - [2023-03-03T16:56:05.395+0100] {dag.py:2585} INFO - Sync 1 DAGs
[2023-03-03T16:56:05.410+0100] {logging_mixin.py:137} INFO - [2023-03-03T16:56:05.410+0100] {dag.py:3336} INFO - Setting next_dagrun for example_short_circuit_operator to 2023-03-02T15:56:05.410107+00:00, run_after=2023-03-03T15:56:05.410107+00:00
[2023-03-03T16:56:05.426+0100] {processor.py:176} INFO - Processing /Users/uab910/dev/nnam-poc/pyenv/lib/python3.10/site-packages/airflow/example_dags/example_short_circuit_operator.py took 0.248 seconds
[2023-03-03T16:57:38.084+0100] {processor.py:154} INFO - Started process (PID=59384) to work on /Users/uab910/dev/nnam-poc/pyenv/lib/python3.10/site-packages/airflow/example_dags/example_short_circuit_operator.py
[2023-03-03T16:57:38.089+0100] {processor.py:756} INFO - Processing file /Users/uab910/dev/nnam-poc/pyenv/lib/python3.10/site-packages/airflow/example_dags/example_short_circuit_operator.py for tasks to queue
[2023-03-03T16:57:38.089+0100] {logging_mixin.py:137} INFO - [2023-03-03T16:57:38.089+0100] {dagbag.py:537} INFO - Filling up the DagBag from /Users/uab910/dev/nnam-poc/pyenv/lib/python3.10/site-packages/airflow/example_dags/example_short_circuit_operator.py
[2023-03-03T16:57:38.133+0100] {processor.py:766} INFO - DAG(s) dict_keys(['example_short_circuit_operator']) retrieved from /Users/uab910/dev/nnam-poc/pyenv/lib/python3.10/site-packages/airflow/example_dags/example_short_circuit_operator.py
[2023-03-03T16:57:38.289+0100] {logging_mixin.py:137} INFO - [2023-03-03T16:57:38.288+0100] {dag.py:2585} INFO - Sync 1 DAGs
[2023-03-03T16:57:38.302+0100] {logging_mixin.py:137} INFO - [2023-03-03T16:57:38.302+0100] {dag.py:3336} INFO - Setting next_dagrun for example_short_circuit_operator to 2023-03-02T15:57:38.302347+00:00, run_after=2023-03-03T15:57:38.302347+00:00
[2023-03-03T16:57:38.317+0100] {processor.py:176} INFO - Processing /Users/uab910/dev/nnam-poc/pyenv/lib/python3.10/site-packages/airflow/example_dags/example_short_circuit_operator.py took 0.234 seconds
[2023-03-03T16:59:11.803+0100] {processor.py:154} INFO - Started process (PID=59429) to work on /Users/uab910/dev/nnam-poc/pyenv/lib/python3.10/site-packages/airflow/example_dags/example_short_circuit_operator.py
[2023-03-03T16:59:11.809+0100] {processor.py:756} INFO - Processing file /Users/uab910/dev/nnam-poc/pyenv/lib/python3.10/site-packages/airflow/example_dags/example_short_circuit_operator.py for tasks to queue
[2023-03-03T16:59:11.809+0100] {logging_mixin.py:137} INFO - [2023-03-03T16:59:11.809+0100] {dagbag.py:537} INFO - Filling up the DagBag from /Users/uab910/dev/nnam-poc/pyenv/lib/python3.10/site-packages/airflow/example_dags/example_short_circuit_operator.py
[2023-03-03T16:59:11.857+0100] {processor.py:766} INFO - DAG(s) dict_keys(['example_short_circuit_operator']) retrieved from /Users/uab910/dev/nnam-poc/pyenv/lib/python3.10/site-packages/airflow/example_dags/example_short_circuit_operator.py
[2023-03-03T16:59:12.021+0100] {logging_mixin.py:137} INFO - [2023-03-03T16:59:12.021+0100] {dag.py:2585} INFO - Sync 1 DAGs
[2023-03-03T16:59:12.034+0100] {logging_mixin.py:137} INFO - [2023-03-03T16:59:12.033+0100] {dag.py:3336} INFO - Setting next_dagrun for example_short_circuit_operator to 2023-03-02T15:59:12.033874+00:00, run_after=2023-03-03T15:59:12.033874+00:00
[2023-03-03T16:59:12.048+0100] {processor.py:176} INFO - Processing /Users/uab910/dev/nnam-poc/pyenv/lib/python3.10/site-packages/airflow/example_dags/example_short_circuit_operator.py took 0.245 seconds
[2023-03-03T17:00:44.486+0100] {processor.py:154} INFO - Started process (PID=59475) to work on /Users/uab910/dev/nnam-poc/pyenv/lib/python3.10/site-packages/airflow/example_dags/example_short_circuit_operator.py
[2023-03-03T17:00:44.492+0100] {processor.py:756} INFO - Processing file /Users/uab910/dev/nnam-poc/pyenv/lib/python3.10/site-packages/airflow/example_dags/example_short_circuit_operator.py for tasks to queue
[2023-03-03T17:00:44.493+0100] {logging_mixin.py:137} INFO - [2023-03-03T17:00:44.492+0100] {dagbag.py:537} INFO - Filling up the DagBag from /Users/uab910/dev/nnam-poc/pyenv/lib/python3.10/site-packages/airflow/example_dags/example_short_circuit_operator.py
[2023-03-03T17:00:44.542+0100] {processor.py:766} INFO - DAG(s) dict_keys(['example_short_circuit_operator']) retrieved from /Users/uab910/dev/nnam-poc/pyenv/lib/python3.10/site-packages/airflow/example_dags/example_short_circuit_operator.py
[2023-03-03T17:00:44.723+0100] {logging_mixin.py:137} INFO - [2023-03-03T17:00:44.723+0100] {dag.py:2585} INFO - Sync 1 DAGs
[2023-03-03T17:00:44.740+0100] {logging_mixin.py:137} INFO - [2023-03-03T17:00:44.739+0100] {dag.py:3336} INFO - Setting next_dagrun for example_short_circuit_operator to 2023-03-02T16:00:44.739734+00:00, run_after=2023-03-03T16:00:44.739734+00:00
[2023-03-03T17:00:44.757+0100] {processor.py:176} INFO - Processing /Users/uab910/dev/nnam-poc/pyenv/lib/python3.10/site-packages/airflow/example_dags/example_short_circuit_operator.py took 0.271 seconds
[2023-03-03T17:02:18.010+0100] {processor.py:154} INFO - Started process (PID=59525) to work on /Users/uab910/dev/nnam-poc/pyenv/lib/python3.10/site-packages/airflow/example_dags/example_short_circuit_operator.py
[2023-03-03T17:02:18.016+0100] {processor.py:756} INFO - Processing file /Users/uab910/dev/nnam-poc/pyenv/lib/python3.10/site-packages/airflow/example_dags/example_short_circuit_operator.py for tasks to queue
[2023-03-03T17:02:18.016+0100] {logging_mixin.py:137} INFO - [2023-03-03T17:02:18.016+0100] {dagbag.py:537} INFO - Filling up the DagBag from /Users/uab910/dev/nnam-poc/pyenv/lib/python3.10/site-packages/airflow/example_dags/example_short_circuit_operator.py
[2023-03-03T17:02:18.061+0100] {processor.py:766} INFO - DAG(s) dict_keys(['example_short_circuit_operator']) retrieved from /Users/uab910/dev/nnam-poc/pyenv/lib/python3.10/site-packages/airflow/example_dags/example_short_circuit_operator.py
[2023-03-03T17:02:18.221+0100] {logging_mixin.py:137} INFO - [2023-03-03T17:02:18.221+0100] {dag.py:2585} INFO - Sync 1 DAGs
[2023-03-03T17:02:18.233+0100] {logging_mixin.py:137} INFO - [2023-03-03T17:02:18.233+0100] {dag.py:3336} INFO - Setting next_dagrun for example_short_circuit_operator to 2023-03-02T16:02:18.233641+00:00, run_after=2023-03-03T16:02:18.233641+00:00
[2023-03-03T17:02:18.248+0100] {processor.py:176} INFO - Processing /Users/uab910/dev/nnam-poc/pyenv/lib/python3.10/site-packages/airflow/example_dags/example_short_circuit_operator.py took 0.238 seconds
[2023-03-03T17:03:49.565+0100] {processor.py:154} INFO - Started process (PID=59591) to work on /Users/uab910/dev/nnam-poc/pyenv/lib/python3.10/site-packages/airflow/example_dags/example_short_circuit_operator.py
[2023-03-03T17:03:49.571+0100] {processor.py:756} INFO - Processing file /Users/uab910/dev/nnam-poc/pyenv/lib/python3.10/site-packages/airflow/example_dags/example_short_circuit_operator.py for tasks to queue
[2023-03-03T17:03:49.571+0100] {logging_mixin.py:137} INFO - [2023-03-03T17:03:49.571+0100] {dagbag.py:537} INFO - Filling up the DagBag from /Users/uab910/dev/nnam-poc/pyenv/lib/python3.10/site-packages/airflow/example_dags/example_short_circuit_operator.py
[2023-03-03T17:03:49.614+0100] {processor.py:766} INFO - DAG(s) dict_keys(['example_short_circuit_operator']) retrieved from /Users/uab910/dev/nnam-poc/pyenv/lib/python3.10/site-packages/airflow/example_dags/example_short_circuit_operator.py
[2023-03-03T17:03:49.771+0100] {logging_mixin.py:137} INFO - [2023-03-03T17:03:49.770+0100] {dag.py:2585} INFO - Sync 1 DAGs
[2023-03-03T17:03:49.784+0100] {logging_mixin.py:137} INFO - [2023-03-03T17:03:49.784+0100] {dag.py:3336} INFO - Setting next_dagrun for example_short_circuit_operator to 2023-03-02T16:03:49.784579+00:00, run_after=2023-03-03T16:03:49.784579+00:00
[2023-03-03T17:03:49.801+0100] {processor.py:176} INFO - Processing /Users/uab910/dev/nnam-poc/pyenv/lib/python3.10/site-packages/airflow/example_dags/example_short_circuit_operator.py took 0.237 seconds
[2023-03-03T17:05:18.444+0100] {processor.py:154} INFO - Started process (PID=59638) to work on /Users/uab910/dev/nnam-poc/pyenv/lib/python3.10/site-packages/airflow/example_dags/example_short_circuit_operator.py
[2023-03-03T17:05:18.452+0100] {processor.py:756} INFO - Processing file /Users/uab910/dev/nnam-poc/pyenv/lib/python3.10/site-packages/airflow/example_dags/example_short_circuit_operator.py for tasks to queue
[2023-03-03T17:05:18.452+0100] {logging_mixin.py:137} INFO - [2023-03-03T17:05:18.452+0100] {dagbag.py:537} INFO - Filling up the DagBag from /Users/uab910/dev/nnam-poc/pyenv/lib/python3.10/site-packages/airflow/example_dags/example_short_circuit_operator.py
[2023-03-03T17:05:18.505+0100] {processor.py:766} INFO - DAG(s) dict_keys(['example_short_circuit_operator']) retrieved from /Users/uab910/dev/nnam-poc/pyenv/lib/python3.10/site-packages/airflow/example_dags/example_short_circuit_operator.py
[2023-03-03T17:05:18.673+0100] {logging_mixin.py:137} INFO - [2023-03-03T17:05:18.673+0100] {dag.py:2585} INFO - Sync 1 DAGs
[2023-03-03T17:05:18.687+0100] {logging_mixin.py:137} INFO - [2023-03-03T17:05:18.687+0100] {dag.py:3336} INFO - Setting next_dagrun for example_short_circuit_operator to 2023-03-02T16:05:18.687066+00:00, run_after=2023-03-03T16:05:18.687066+00:00
[2023-03-03T17:05:18.702+0100] {processor.py:176} INFO - Processing /Users/uab910/dev/nnam-poc/pyenv/lib/python3.10/site-packages/airflow/example_dags/example_short_circuit_operator.py took 0.259 seconds
[2023-03-03T17:06:54.998+0100] {processor.py:154} INFO - Started process (PID=59694) to work on /Users/uab910/dev/nnam-poc/pyenv/lib/python3.10/site-packages/airflow/example_dags/example_short_circuit_operator.py
[2023-03-03T17:06:55.005+0100] {processor.py:756} INFO - Processing file /Users/uab910/dev/nnam-poc/pyenv/lib/python3.10/site-packages/airflow/example_dags/example_short_circuit_operator.py for tasks to queue
[2023-03-03T17:06:55.005+0100] {logging_mixin.py:137} INFO - [2023-03-03T17:06:55.005+0100] {dagbag.py:537} INFO - Filling up the DagBag from /Users/uab910/dev/nnam-poc/pyenv/lib/python3.10/site-packages/airflow/example_dags/example_short_circuit_operator.py
[2023-03-03T17:06:55.072+0100] {processor.py:766} INFO - DAG(s) dict_keys(['example_short_circuit_operator']) retrieved from /Users/uab910/dev/nnam-poc/pyenv/lib/python3.10/site-packages/airflow/example_dags/example_short_circuit_operator.py
[2023-03-03T17:06:55.251+0100] {logging_mixin.py:137} INFO - [2023-03-03T17:06:55.251+0100] {dag.py:2585} INFO - Sync 1 DAGs
[2023-03-03T17:06:55.265+0100] {logging_mixin.py:137} INFO - [2023-03-03T17:06:55.265+0100] {dag.py:3336} INFO - Setting next_dagrun for example_short_circuit_operator to 2023-03-02T16:06:55.265368+00:00, run_after=2023-03-03T16:06:55.265368+00:00
[2023-03-03T17:06:55.282+0100] {processor.py:176} INFO - Processing /Users/uab910/dev/nnam-poc/pyenv/lib/python3.10/site-packages/airflow/example_dags/example_short_circuit_operator.py took 0.285 seconds
[2023-03-03T17:08:36.139+0100] {processor.py:154} INFO - Started process (PID=59757) to work on /Users/uab910/dev/nnam-poc/pyenv/lib/python3.10/site-packages/airflow/example_dags/example_short_circuit_operator.py
[2023-03-03T17:08:36.145+0100] {processor.py:756} INFO - Processing file /Users/uab910/dev/nnam-poc/pyenv/lib/python3.10/site-packages/airflow/example_dags/example_short_circuit_operator.py for tasks to queue
[2023-03-03T17:08:36.145+0100] {logging_mixin.py:137} INFO - [2023-03-03T17:08:36.145+0100] {dagbag.py:537} INFO - Filling up the DagBag from /Users/uab910/dev/nnam-poc/pyenv/lib/python3.10/site-packages/airflow/example_dags/example_short_circuit_operator.py
[2023-03-03T17:08:36.195+0100] {processor.py:766} INFO - DAG(s) dict_keys(['example_short_circuit_operator']) retrieved from /Users/uab910/dev/nnam-poc/pyenv/lib/python3.10/site-packages/airflow/example_dags/example_short_circuit_operator.py
[2023-03-03T17:08:36.356+0100] {logging_mixin.py:137} INFO - [2023-03-03T17:08:36.356+0100] {dag.py:2585} INFO - Sync 1 DAGs
[2023-03-03T17:08:36.368+0100] {logging_mixin.py:137} INFO - [2023-03-03T17:08:36.368+0100] {dag.py:3336} INFO - Setting next_dagrun for example_short_circuit_operator to 2023-03-02T16:08:36.368671+00:00, run_after=2023-03-03T16:08:36.368671+00:00
[2023-03-03T17:08:36.382+0100] {processor.py:176} INFO - Processing /Users/uab910/dev/nnam-poc/pyenv/lib/python3.10/site-packages/airflow/example_dags/example_short_circuit_operator.py took 0.244 seconds
[2023-03-03T17:10:05.305+0100] {processor.py:154} INFO - Started process (PID=59806) to work on /Users/uab910/dev/nnam-poc/pyenv/lib/python3.10/site-packages/airflow/example_dags/example_short_circuit_operator.py
[2023-03-03T17:10:05.310+0100] {processor.py:756} INFO - Processing file /Users/uab910/dev/nnam-poc/pyenv/lib/python3.10/site-packages/airflow/example_dags/example_short_circuit_operator.py for tasks to queue
[2023-03-03T17:10:05.311+0100] {logging_mixin.py:137} INFO - [2023-03-03T17:10:05.311+0100] {dagbag.py:537} INFO - Filling up the DagBag from /Users/uab910/dev/nnam-poc/pyenv/lib/python3.10/site-packages/airflow/example_dags/example_short_circuit_operator.py
[2023-03-03T17:10:05.359+0100] {processor.py:766} INFO - DAG(s) dict_keys(['example_short_circuit_operator']) retrieved from /Users/uab910/dev/nnam-poc/pyenv/lib/python3.10/site-packages/airflow/example_dags/example_short_circuit_operator.py
[2023-03-03T17:10:05.514+0100] {logging_mixin.py:137} INFO - [2023-03-03T17:10:05.513+0100] {dag.py:2585} INFO - Sync 1 DAGs
[2023-03-03T17:10:05.526+0100] {logging_mixin.py:137} INFO - [2023-03-03T17:10:05.526+0100] {dag.py:3336} INFO - Setting next_dagrun for example_short_circuit_operator to 2023-03-02T16:10:05.526283+00:00, run_after=2023-03-03T16:10:05.526283+00:00
[2023-03-03T17:10:05.540+0100] {processor.py:176} INFO - Processing /Users/uab910/dev/nnam-poc/pyenv/lib/python3.10/site-packages/airflow/example_dags/example_short_circuit_operator.py took 0.236 seconds
[2023-03-03T17:11:32.795+0100] {processor.py:154} INFO - Started process (PID=59854) to work on /Users/uab910/dev/nnam-poc/pyenv/lib/python3.10/site-packages/airflow/example_dags/example_short_circuit_operator.py
[2023-03-03T17:11:32.800+0100] {processor.py:756} INFO - Processing file /Users/uab910/dev/nnam-poc/pyenv/lib/python3.10/site-packages/airflow/example_dags/example_short_circuit_operator.py for tasks to queue
[2023-03-03T17:11:32.800+0100] {logging_mixin.py:137} INFO - [2023-03-03T17:11:32.800+0100] {dagbag.py:537} INFO - Filling up the DagBag from /Users/uab910/dev/nnam-poc/pyenv/lib/python3.10/site-packages/airflow/example_dags/example_short_circuit_operator.py
[2023-03-03T17:11:32.845+0100] {processor.py:766} INFO - DAG(s) dict_keys(['example_short_circuit_operator']) retrieved from /Users/uab910/dev/nnam-poc/pyenv/lib/python3.10/site-packages/airflow/example_dags/example_short_circuit_operator.py
[2023-03-03T17:11:33.001+0100] {logging_mixin.py:137} INFO - [2023-03-03T17:11:33.001+0100] {dag.py:2585} INFO - Sync 1 DAGs
[2023-03-03T17:11:33.013+0100] {logging_mixin.py:137} INFO - [2023-03-03T17:11:33.013+0100] {dag.py:3336} INFO - Setting next_dagrun for example_short_circuit_operator to 2023-03-02T16:11:33.013708+00:00, run_after=2023-03-03T16:11:33.013708+00:00
[2023-03-03T17:11:33.031+0100] {processor.py:176} INFO - Processing /Users/uab910/dev/nnam-poc/pyenv/lib/python3.10/site-packages/airflow/example_dags/example_short_circuit_operator.py took 0.237 seconds
[2023-03-03T17:13:02.372+0100] {processor.py:154} INFO - Started process (PID=59933) to work on /Users/uab910/dev/nnam-poc/pyenv/lib/python3.10/site-packages/airflow/example_dags/example_short_circuit_operator.py
[2023-03-03T17:13:02.377+0100] {processor.py:756} INFO - Processing file /Users/uab910/dev/nnam-poc/pyenv/lib/python3.10/site-packages/airflow/example_dags/example_short_circuit_operator.py for tasks to queue
[2023-03-03T17:13:02.378+0100] {logging_mixin.py:137} INFO - [2023-03-03T17:13:02.378+0100] {dagbag.py:537} INFO - Filling up the DagBag from /Users/uab910/dev/nnam-poc/pyenv/lib/python3.10/site-packages/airflow/example_dags/example_short_circuit_operator.py
[2023-03-03T17:13:02.430+0100] {processor.py:766} INFO - DAG(s) dict_keys(['example_short_circuit_operator']) retrieved from /Users/uab910/dev/nnam-poc/pyenv/lib/python3.10/site-packages/airflow/example_dags/example_short_circuit_operator.py
[2023-03-03T17:13:02.618+0100] {logging_mixin.py:137} INFO - [2023-03-03T17:13:02.618+0100] {dag.py:2585} INFO - Sync 1 DAGs
[2023-03-03T17:13:02.632+0100] {logging_mixin.py:137} INFO - [2023-03-03T17:13:02.632+0100] {dag.py:3336} INFO - Setting next_dagrun for example_short_circuit_operator to 2023-03-02T16:13:02.632680+00:00, run_after=2023-03-03T16:13:02.632680+00:00
[2023-03-03T17:13:02.648+0100] {processor.py:176} INFO - Processing /Users/uab910/dev/nnam-poc/pyenv/lib/python3.10/site-packages/airflow/example_dags/example_short_circuit_operator.py took 0.277 seconds
[2023-03-03T17:14:35.053+0100] {processor.py:154} INFO - Started process (PID=60001) to work on /Users/uab910/dev/nnam-poc/pyenv/lib/python3.10/site-packages/airflow/example_dags/example_short_circuit_operator.py
[2023-03-03T17:14:35.057+0100] {processor.py:756} INFO - Processing file /Users/uab910/dev/nnam-poc/pyenv/lib/python3.10/site-packages/airflow/example_dags/example_short_circuit_operator.py for tasks to queue
[2023-03-03T17:14:35.058+0100] {logging_mixin.py:137} INFO - [2023-03-03T17:14:35.058+0100] {dagbag.py:537} INFO - Filling up the DagBag from /Users/uab910/dev/nnam-poc/pyenv/lib/python3.10/site-packages/airflow/example_dags/example_short_circuit_operator.py
[2023-03-03T17:14:35.101+0100] {processor.py:766} INFO - DAG(s) dict_keys(['example_short_circuit_operator']) retrieved from /Users/uab910/dev/nnam-poc/pyenv/lib/python3.10/site-packages/airflow/example_dags/example_short_circuit_operator.py
[2023-03-03T17:14:35.262+0100] {logging_mixin.py:137} INFO - [2023-03-03T17:14:35.262+0100] {dag.py:2585} INFO - Sync 1 DAGs
[2023-03-03T17:14:35.274+0100] {logging_mixin.py:137} INFO - [2023-03-03T17:14:35.274+0100] {dag.py:3336} INFO - Setting next_dagrun for example_short_circuit_operator to 2023-03-02T16:14:35.274502+00:00, run_after=2023-03-03T16:14:35.274502+00:00
[2023-03-03T17:14:35.288+0100] {processor.py:176} INFO - Processing /Users/uab910/dev/nnam-poc/pyenv/lib/python3.10/site-packages/airflow/example_dags/example_short_circuit_operator.py took 0.236 seconds
[2023-03-03T17:16:07.575+0100] {processor.py:154} INFO - Started process (PID=60058) to work on /Users/uab910/dev/nnam-poc/pyenv/lib/python3.10/site-packages/airflow/example_dags/example_short_circuit_operator.py
[2023-03-03T17:16:07.581+0100] {processor.py:756} INFO - Processing file /Users/uab910/dev/nnam-poc/pyenv/lib/python3.10/site-packages/airflow/example_dags/example_short_circuit_operator.py for tasks to queue
[2023-03-03T17:16:07.581+0100] {logging_mixin.py:137} INFO - [2023-03-03T17:16:07.581+0100] {dagbag.py:537} INFO - Filling up the DagBag from /Users/uab910/dev/nnam-poc/pyenv/lib/python3.10/site-packages/airflow/example_dags/example_short_circuit_operator.py
[2023-03-03T17:16:07.629+0100] {processor.py:766} INFO - DAG(s) dict_keys(['example_short_circuit_operator']) retrieved from /Users/uab910/dev/nnam-poc/pyenv/lib/python3.10/site-packages/airflow/example_dags/example_short_circuit_operator.py
[2023-03-03T17:16:07.788+0100] {logging_mixin.py:137} INFO - [2023-03-03T17:16:07.788+0100] {dag.py:2585} INFO - Sync 1 DAGs
[2023-03-03T17:16:07.802+0100] {logging_mixin.py:137} INFO - [2023-03-03T17:16:07.801+0100] {dag.py:3336} INFO - Setting next_dagrun for example_short_circuit_operator to 2023-03-02T16:16:07.801835+00:00, run_after=2023-03-03T16:16:07.801835+00:00
[2023-03-03T17:16:07.816+0100] {processor.py:176} INFO - Processing /Users/uab910/dev/nnam-poc/pyenv/lib/python3.10/site-packages/airflow/example_dags/example_short_circuit_operator.py took 0.242 seconds
[2023-03-03T17:17:39.263+0100] {processor.py:154} INFO - Started process (PID=60114) to work on /Users/uab910/dev/nnam-poc/pyenv/lib/python3.10/site-packages/airflow/example_dags/example_short_circuit_operator.py
[2023-03-03T17:17:39.268+0100] {processor.py:756} INFO - Processing file /Users/uab910/dev/nnam-poc/pyenv/lib/python3.10/site-packages/airflow/example_dags/example_short_circuit_operator.py for tasks to queue
[2023-03-03T17:17:39.269+0100] {logging_mixin.py:137} INFO - [2023-03-03T17:17:39.269+0100] {dagbag.py:537} INFO - Filling up the DagBag from /Users/uab910/dev/nnam-poc/pyenv/lib/python3.10/site-packages/airflow/example_dags/example_short_circuit_operator.py
[2023-03-03T17:17:39.315+0100] {processor.py:766} INFO - DAG(s) dict_keys(['example_short_circuit_operator']) retrieved from /Users/uab910/dev/nnam-poc/pyenv/lib/python3.10/site-packages/airflow/example_dags/example_short_circuit_operator.py
[2023-03-03T17:17:39.475+0100] {logging_mixin.py:137} INFO - [2023-03-03T17:17:39.475+0100] {dag.py:2585} INFO - Sync 1 DAGs
[2023-03-03T17:17:39.489+0100] {logging_mixin.py:137} INFO - [2023-03-03T17:17:39.489+0100] {dag.py:3336} INFO - Setting next_dagrun for example_short_circuit_operator to 2023-03-02T16:17:39.488975+00:00, run_after=2023-03-03T16:17:39.488975+00:00
[2023-03-03T17:17:39.506+0100] {processor.py:176} INFO - Processing /Users/uab910/dev/nnam-poc/pyenv/lib/python3.10/site-packages/airflow/example_dags/example_short_circuit_operator.py took 0.244 seconds
[2023-03-03T17:19:07.557+0100] {processor.py:154} INFO - Started process (PID=60171) to work on /Users/uab910/dev/nnam-poc/pyenv/lib/python3.10/site-packages/airflow/example_dags/example_short_circuit_operator.py
[2023-03-03T17:19:07.563+0100] {processor.py:756} INFO - Processing file /Users/uab910/dev/nnam-poc/pyenv/lib/python3.10/site-packages/airflow/example_dags/example_short_circuit_operator.py for tasks to queue
[2023-03-03T17:19:07.563+0100] {logging_mixin.py:137} INFO - [2023-03-03T17:19:07.563+0100] {dagbag.py:537} INFO - Filling up the DagBag from /Users/uab910/dev/nnam-poc/pyenv/lib/python3.10/site-packages/airflow/example_dags/example_short_circuit_operator.py
[2023-03-03T17:19:07.615+0100] {processor.py:766} INFO - DAG(s) dict_keys(['example_short_circuit_operator']) retrieved from /Users/uab910/dev/nnam-poc/pyenv/lib/python3.10/site-packages/airflow/example_dags/example_short_circuit_operator.py
[2023-03-03T17:19:07.789+0100] {logging_mixin.py:137} INFO - [2023-03-03T17:19:07.788+0100] {dag.py:2585} INFO - Sync 1 DAGs
[2023-03-03T17:19:07.802+0100] {logging_mixin.py:137} INFO - [2023-03-03T17:19:07.802+0100] {dag.py:3336} INFO - Setting next_dagrun for example_short_circuit_operator to 2023-03-02T16:19:07.802159+00:00, run_after=2023-03-03T16:19:07.802159+00:00
[2023-03-03T17:19:07.817+0100] {processor.py:176} INFO - Processing /Users/uab910/dev/nnam-poc/pyenv/lib/python3.10/site-packages/airflow/example_dags/example_short_circuit_operator.py took 0.260 seconds
