[2023-03-03T16:01:45.242+0100] {processor.py:154} INFO - Started process (PID=57152) to work on /Users/uab910/dev/nnam-poc/pyenv/lib/python3.10/site-packages/airflow/example_dags/example_branch_operator_decorator.py
[2023-03-03T16:01:45.247+0100] {processor.py:756} INFO - Processing file /Users/uab910/dev/nnam-poc/pyenv/lib/python3.10/site-packages/airflow/example_dags/example_branch_operator_decorator.py for tasks to queue
[2023-03-03T16:01:45.248+0100] {logging_mixin.py:137} INFO - [2023-03-03T16:01:45.248+0100] {dagbag.py:537} INFO - Filling up the DagBag from /Users/uab910/dev/nnam-poc/pyenv/lib/python3.10/site-packages/airflow/example_dags/example_branch_operator_decorator.py
[2023-03-03T16:01:45.315+0100] {processor.py:766} INFO - DAG(s) dict_keys(['example_branch_python_operator_decorator']) retrieved from /Users/uab910/dev/nnam-poc/pyenv/lib/python3.10/site-packages/airflow/example_dags/example_branch_operator_decorator.py
[2023-03-03T16:01:46.521+0100] {logging_mixin.py:137} INFO - [2023-03-03T16:01:46.521+0100] {manager.py:507} INFO - Created Permission View: can delete on DAG:example_branch_python_operator_decorator
[2023-03-03T16:01:46.529+0100] {logging_mixin.py:137} INFO - [2023-03-03T16:01:46.529+0100] {manager.py:507} INFO - Created Permission View: can edit on DAG:example_branch_python_operator_decorator
[2023-03-03T16:01:46.535+0100] {logging_mixin.py:137} INFO - [2023-03-03T16:01:46.535+0100] {manager.py:507} INFO - Created Permission View: can read on DAG:example_branch_python_operator_decorator
[2023-03-03T16:01:46.535+0100] {logging_mixin.py:137} INFO - [2023-03-03T16:01:46.535+0100] {dag.py:2585} INFO - Sync 1 DAGs
[2023-03-03T16:01:46.545+0100] {logging_mixin.py:137} INFO - [2023-03-03T16:01:46.545+0100] {dag.py:2606} INFO - Creating ORM DAG for example_branch_python_operator_decorator
[2023-03-03T16:01:46.555+0100] {logging_mixin.py:137} INFO - [2023-03-03T16:01:46.555+0100] {dag.py:3336} INFO - Setting next_dagrun for example_branch_python_operator_decorator to 2023-03-02T00:00:00+00:00, run_after=2023-03-03T00:00:00+00:00
[2023-03-03T16:01:46.571+0100] {processor.py:176} INFO - Processing /Users/uab910/dev/nnam-poc/pyenv/lib/python3.10/site-packages/airflow/example_dags/example_branch_operator_decorator.py took 1.330 seconds
[2023-03-03T16:03:39.693+0100] {processor.py:154} INFO - Started process (PID=57266) to work on /Users/uab910/dev/nnam-poc/pyenv/lib/python3.10/site-packages/airflow/example_dags/example_branch_operator_decorator.py
[2023-03-03T16:03:39.698+0100] {processor.py:756} INFO - Processing file /Users/uab910/dev/nnam-poc/pyenv/lib/python3.10/site-packages/airflow/example_dags/example_branch_operator_decorator.py for tasks to queue
[2023-03-03T16:03:39.699+0100] {logging_mixin.py:137} INFO - [2023-03-03T16:03:39.698+0100] {dagbag.py:537} INFO - Filling up the DagBag from /Users/uab910/dev/nnam-poc/pyenv/lib/python3.10/site-packages/airflow/example_dags/example_branch_operator_decorator.py
[2023-03-03T16:03:39.755+0100] {processor.py:766} INFO - DAG(s) dict_keys(['example_branch_python_operator_decorator']) retrieved from /Users/uab910/dev/nnam-poc/pyenv/lib/python3.10/site-packages/airflow/example_dags/example_branch_operator_decorator.py
[2023-03-03T16:03:39.918+0100] {logging_mixin.py:137} INFO - [2023-03-03T16:03:39.918+0100] {dag.py:2585} INFO - Sync 1 DAGs
[2023-03-03T16:03:39.934+0100] {logging_mixin.py:137} INFO - [2023-03-03T16:03:39.934+0100] {dag.py:3336} INFO - Setting next_dagrun for example_branch_python_operator_decorator to 2023-03-02T00:00:00+00:00, run_after=2023-03-03T00:00:00+00:00
[2023-03-03T16:03:39.951+0100] {processor.py:176} INFO - Processing /Users/uab910/dev/nnam-poc/pyenv/lib/python3.10/site-packages/airflow/example_dags/example_branch_operator_decorator.py took 0.258 seconds
[2023-03-03T16:04:55.280+0100] {processor.py:154} INFO - Started process (PID=57312) to work on /Users/uab910/dev/nnam-poc/pyenv/lib/python3.10/site-packages/airflow/example_dags/example_branch_operator_decorator.py
[2023-03-03T16:04:55.285+0100] {processor.py:756} INFO - Processing file /Users/uab910/dev/nnam-poc/pyenv/lib/python3.10/site-packages/airflow/example_dags/example_branch_operator_decorator.py for tasks to queue
[2023-03-03T16:04:55.285+0100] {logging_mixin.py:137} INFO - [2023-03-03T16:04:55.285+0100] {dagbag.py:537} INFO - Filling up the DagBag from /Users/uab910/dev/nnam-poc/pyenv/lib/python3.10/site-packages/airflow/example_dags/example_branch_operator_decorator.py
[2023-03-03T16:04:55.350+0100] {processor.py:766} INFO - DAG(s) dict_keys(['example_branch_python_operator_decorator']) retrieved from /Users/uab910/dev/nnam-poc/pyenv/lib/python3.10/site-packages/airflow/example_dags/example_branch_operator_decorator.py
[2023-03-03T16:04:55.515+0100] {logging_mixin.py:137} INFO - [2023-03-03T16:04:55.515+0100] {dag.py:2585} INFO - Sync 1 DAGs
[2023-03-03T16:04:55.530+0100] {logging_mixin.py:137} INFO - [2023-03-03T16:04:55.530+0100] {dag.py:3336} INFO - Setting next_dagrun for example_branch_python_operator_decorator to 2023-03-02T00:00:00+00:00, run_after=2023-03-03T00:00:00+00:00
[2023-03-03T16:04:55.546+0100] {processor.py:176} INFO - Processing /Users/uab910/dev/nnam-poc/pyenv/lib/python3.10/site-packages/airflow/example_dags/example_branch_operator_decorator.py took 0.267 seconds
[2023-03-03T16:06:09.287+0100] {processor.py:154} INFO - Started process (PID=57356) to work on /Users/uab910/dev/nnam-poc/pyenv/lib/python3.10/site-packages/airflow/example_dags/example_branch_operator_decorator.py
[2023-03-03T16:06:09.293+0100] {processor.py:756} INFO - Processing file /Users/uab910/dev/nnam-poc/pyenv/lib/python3.10/site-packages/airflow/example_dags/example_branch_operator_decorator.py for tasks to queue
[2023-03-03T16:06:09.294+0100] {logging_mixin.py:137} INFO - [2023-03-03T16:06:09.294+0100] {dagbag.py:537} INFO - Filling up the DagBag from /Users/uab910/dev/nnam-poc/pyenv/lib/python3.10/site-packages/airflow/example_dags/example_branch_operator_decorator.py
[2023-03-03T16:06:09.363+0100] {processor.py:766} INFO - DAG(s) dict_keys(['example_branch_python_operator_decorator']) retrieved from /Users/uab910/dev/nnam-poc/pyenv/lib/python3.10/site-packages/airflow/example_dags/example_branch_operator_decorator.py
[2023-03-03T16:06:09.540+0100] {logging_mixin.py:137} INFO - [2023-03-03T16:06:09.540+0100] {dag.py:2585} INFO - Sync 1 DAGs
[2023-03-03T16:06:09.558+0100] {logging_mixin.py:137} INFO - [2023-03-03T16:06:09.558+0100] {dag.py:3336} INFO - Setting next_dagrun for example_branch_python_operator_decorator to 2023-03-02T00:00:00+00:00, run_after=2023-03-03T00:00:00+00:00
[2023-03-03T16:06:09.575+0100] {processor.py:176} INFO - Processing /Users/uab910/dev/nnam-poc/pyenv/lib/python3.10/site-packages/airflow/example_dags/example_branch_operator_decorator.py took 0.288 seconds
[2023-03-03T16:07:34.103+0100] {processor.py:154} INFO - Started process (PID=57415) to work on /Users/uab910/dev/nnam-poc/pyenv/lib/python3.10/site-packages/airflow/example_dags/example_branch_operator_decorator.py
[2023-03-03T16:07:34.110+0100] {processor.py:756} INFO - Processing file /Users/uab910/dev/nnam-poc/pyenv/lib/python3.10/site-packages/airflow/example_dags/example_branch_operator_decorator.py for tasks to queue
[2023-03-03T16:07:34.111+0100] {logging_mixin.py:137} INFO - [2023-03-03T16:07:34.110+0100] {dagbag.py:537} INFO - Filling up the DagBag from /Users/uab910/dev/nnam-poc/pyenv/lib/python3.10/site-packages/airflow/example_dags/example_branch_operator_decorator.py
[2023-03-03T16:07:34.191+0100] {processor.py:766} INFO - DAG(s) dict_keys(['example_branch_python_operator_decorator']) retrieved from /Users/uab910/dev/nnam-poc/pyenv/lib/python3.10/site-packages/airflow/example_dags/example_branch_operator_decorator.py
[2023-03-03T16:07:34.398+0100] {logging_mixin.py:137} INFO - [2023-03-03T16:07:34.398+0100] {dag.py:2585} INFO - Sync 1 DAGs
[2023-03-03T16:07:34.415+0100] {logging_mixin.py:137} INFO - [2023-03-03T16:07:34.415+0100] {dag.py:3336} INFO - Setting next_dagrun for example_branch_python_operator_decorator to 2023-03-02T00:00:00+00:00, run_after=2023-03-03T00:00:00+00:00
[2023-03-03T16:07:34.432+0100] {processor.py:176} INFO - Processing /Users/uab910/dev/nnam-poc/pyenv/lib/python3.10/site-packages/airflow/example_dags/example_branch_operator_decorator.py took 0.329 seconds
[2023-03-03T16:08:51.149+0100] {processor.py:154} INFO - Started process (PID=57465) to work on /Users/uab910/dev/nnam-poc/pyenv/lib/python3.10/site-packages/airflow/example_dags/example_branch_operator_decorator.py
[2023-03-03T16:08:51.155+0100] {processor.py:756} INFO - Processing file /Users/uab910/dev/nnam-poc/pyenv/lib/python3.10/site-packages/airflow/example_dags/example_branch_operator_decorator.py for tasks to queue
[2023-03-03T16:08:51.156+0100] {logging_mixin.py:137} INFO - [2023-03-03T16:08:51.155+0100] {dagbag.py:537} INFO - Filling up the DagBag from /Users/uab910/dev/nnam-poc/pyenv/lib/python3.10/site-packages/airflow/example_dags/example_branch_operator_decorator.py
[2023-03-03T16:08:51.221+0100] {processor.py:766} INFO - DAG(s) dict_keys(['example_branch_python_operator_decorator']) retrieved from /Users/uab910/dev/nnam-poc/pyenv/lib/python3.10/site-packages/airflow/example_dags/example_branch_operator_decorator.py
[2023-03-03T16:08:51.387+0100] {logging_mixin.py:137} INFO - [2023-03-03T16:08:51.386+0100] {dag.py:2585} INFO - Sync 1 DAGs
[2023-03-03T16:08:51.402+0100] {logging_mixin.py:137} INFO - [2023-03-03T16:08:51.402+0100] {dag.py:3336} INFO - Setting next_dagrun for example_branch_python_operator_decorator to 2023-03-02T00:00:00+00:00, run_after=2023-03-03T00:00:00+00:00
[2023-03-03T16:08:51.418+0100] {processor.py:176} INFO - Processing /Users/uab910/dev/nnam-poc/pyenv/lib/python3.10/site-packages/airflow/example_dags/example_branch_operator_decorator.py took 0.270 seconds
[2023-03-03T16:10:07.582+0100] {processor.py:154} INFO - Started process (PID=57511) to work on /Users/uab910/dev/nnam-poc/pyenv/lib/python3.10/site-packages/airflow/example_dags/example_branch_operator_decorator.py
[2023-03-03T16:10:07.588+0100] {processor.py:756} INFO - Processing file /Users/uab910/dev/nnam-poc/pyenv/lib/python3.10/site-packages/airflow/example_dags/example_branch_operator_decorator.py for tasks to queue
[2023-03-03T16:10:07.589+0100] {logging_mixin.py:137} INFO - [2023-03-03T16:10:07.588+0100] {dagbag.py:537} INFO - Filling up the DagBag from /Users/uab910/dev/nnam-poc/pyenv/lib/python3.10/site-packages/airflow/example_dags/example_branch_operator_decorator.py
[2023-03-03T16:10:07.654+0100] {processor.py:766} INFO - DAG(s) dict_keys(['example_branch_python_operator_decorator']) retrieved from /Users/uab910/dev/nnam-poc/pyenv/lib/python3.10/site-packages/airflow/example_dags/example_branch_operator_decorator.py
[2023-03-03T16:10:07.828+0100] {logging_mixin.py:137} INFO - [2023-03-03T16:10:07.828+0100] {dag.py:2585} INFO - Sync 1 DAGs
[2023-03-03T16:10:07.843+0100] {logging_mixin.py:137} INFO - [2023-03-03T16:10:07.843+0100] {dag.py:3336} INFO - Setting next_dagrun for example_branch_python_operator_decorator to 2023-03-02T00:00:00+00:00, run_after=2023-03-03T00:00:00+00:00
[2023-03-03T16:10:07.858+0100] {processor.py:176} INFO - Processing /Users/uab910/dev/nnam-poc/pyenv/lib/python3.10/site-packages/airflow/example_dags/example_branch_operator_decorator.py took 0.276 seconds
[2023-03-03T16:11:25.683+0100] {processor.py:154} INFO - Started process (PID=57558) to work on /Users/uab910/dev/nnam-poc/pyenv/lib/python3.10/site-packages/airflow/example_dags/example_branch_operator_decorator.py
[2023-03-03T16:11:25.691+0100] {processor.py:756} INFO - Processing file /Users/uab910/dev/nnam-poc/pyenv/lib/python3.10/site-packages/airflow/example_dags/example_branch_operator_decorator.py for tasks to queue
[2023-03-03T16:11:25.691+0100] {logging_mixin.py:137} INFO - [2023-03-03T16:11:25.691+0100] {dagbag.py:537} INFO - Filling up the DagBag from /Users/uab910/dev/nnam-poc/pyenv/lib/python3.10/site-packages/airflow/example_dags/example_branch_operator_decorator.py
[2023-03-03T16:11:25.773+0100] {processor.py:766} INFO - DAG(s) dict_keys(['example_branch_python_operator_decorator']) retrieved from /Users/uab910/dev/nnam-poc/pyenv/lib/python3.10/site-packages/airflow/example_dags/example_branch_operator_decorator.py
[2023-03-03T16:11:25.970+0100] {logging_mixin.py:137} INFO - [2023-03-03T16:11:25.970+0100] {dag.py:2585} INFO - Sync 1 DAGs
[2023-03-03T16:11:25.987+0100] {logging_mixin.py:137} INFO - [2023-03-03T16:11:25.987+0100] {dag.py:3336} INFO - Setting next_dagrun for example_branch_python_operator_decorator to 2023-03-02T00:00:00+00:00, run_after=2023-03-03T00:00:00+00:00
[2023-03-03T16:11:26.006+0100] {processor.py:176} INFO - Processing /Users/uab910/dev/nnam-poc/pyenv/lib/python3.10/site-packages/airflow/example_dags/example_branch_operator_decorator.py took 0.324 seconds
[2023-03-03T16:12:41.983+0100] {processor.py:154} INFO - Started process (PID=57595) to work on /Users/uab910/dev/nnam-poc/pyenv/lib/python3.10/site-packages/airflow/example_dags/example_branch_operator_decorator.py
[2023-03-03T16:12:41.989+0100] {processor.py:756} INFO - Processing file /Users/uab910/dev/nnam-poc/pyenv/lib/python3.10/site-packages/airflow/example_dags/example_branch_operator_decorator.py for tasks to queue
[2023-03-03T16:12:41.989+0100] {logging_mixin.py:137} INFO - [2023-03-03T16:12:41.989+0100] {dagbag.py:537} INFO - Filling up the DagBag from /Users/uab910/dev/nnam-poc/pyenv/lib/python3.10/site-packages/airflow/example_dags/example_branch_operator_decorator.py
[2023-03-03T16:12:42.053+0100] {processor.py:766} INFO - DAG(s) dict_keys(['example_branch_python_operator_decorator']) retrieved from /Users/uab910/dev/nnam-poc/pyenv/lib/python3.10/site-packages/airflow/example_dags/example_branch_operator_decorator.py
[2023-03-03T16:12:42.229+0100] {logging_mixin.py:137} INFO - [2023-03-03T16:12:42.229+0100] {dag.py:2585} INFO - Sync 1 DAGs
[2023-03-03T16:12:42.244+0100] {logging_mixin.py:137} INFO - [2023-03-03T16:12:42.244+0100] {dag.py:3336} INFO - Setting next_dagrun for example_branch_python_operator_decorator to 2023-03-02T00:00:00+00:00, run_after=2023-03-03T00:00:00+00:00
[2023-03-03T16:12:42.261+0100] {processor.py:176} INFO - Processing /Users/uab910/dev/nnam-poc/pyenv/lib/python3.10/site-packages/airflow/example_dags/example_branch_operator_decorator.py took 0.279 seconds
[2023-03-03T16:13:55.343+0100] {processor.py:154} INFO - Started process (PID=57647) to work on /Users/uab910/dev/nnam-poc/pyenv/lib/python3.10/site-packages/airflow/example_dags/example_branch_operator_decorator.py
[2023-03-03T16:13:55.349+0100] {processor.py:756} INFO - Processing file /Users/uab910/dev/nnam-poc/pyenv/lib/python3.10/site-packages/airflow/example_dags/example_branch_operator_decorator.py for tasks to queue
[2023-03-03T16:13:55.349+0100] {logging_mixin.py:137} INFO - [2023-03-03T16:13:55.349+0100] {dagbag.py:537} INFO - Filling up the DagBag from /Users/uab910/dev/nnam-poc/pyenv/lib/python3.10/site-packages/airflow/example_dags/example_branch_operator_decorator.py
[2023-03-03T16:13:55.424+0100] {processor.py:766} INFO - DAG(s) dict_keys(['example_branch_python_operator_decorator']) retrieved from /Users/uab910/dev/nnam-poc/pyenv/lib/python3.10/site-packages/airflow/example_dags/example_branch_operator_decorator.py
[2023-03-03T16:13:55.661+0100] {logging_mixin.py:137} INFO - [2023-03-03T16:13:55.661+0100] {dag.py:2585} INFO - Sync 1 DAGs
[2023-03-03T16:13:55.682+0100] {logging_mixin.py:137} INFO - [2023-03-03T16:13:55.682+0100] {dag.py:3336} INFO - Setting next_dagrun for example_branch_python_operator_decorator to 2023-03-02T00:00:00+00:00, run_after=2023-03-03T00:00:00+00:00
[2023-03-03T16:13:55.702+0100] {processor.py:176} INFO - Processing /Users/uab910/dev/nnam-poc/pyenv/lib/python3.10/site-packages/airflow/example_dags/example_branch_operator_decorator.py took 0.360 seconds
[2023-03-03T16:15:11.229+0100] {processor.py:154} INFO - Started process (PID=57711) to work on /Users/uab910/dev/nnam-poc/pyenv/lib/python3.10/site-packages/airflow/example_dags/example_branch_operator_decorator.py
[2023-03-03T16:15:11.235+0100] {processor.py:756} INFO - Processing file /Users/uab910/dev/nnam-poc/pyenv/lib/python3.10/site-packages/airflow/example_dags/example_branch_operator_decorator.py for tasks to queue
[2023-03-03T16:15:11.237+0100] {logging_mixin.py:137} INFO - [2023-03-03T16:15:11.236+0100] {dagbag.py:537} INFO - Filling up the DagBag from /Users/uab910/dev/nnam-poc/pyenv/lib/python3.10/site-packages/airflow/example_dags/example_branch_operator_decorator.py
[2023-03-03T16:15:11.304+0100] {processor.py:766} INFO - DAG(s) dict_keys(['example_branch_python_operator_decorator']) retrieved from /Users/uab910/dev/nnam-poc/pyenv/lib/python3.10/site-packages/airflow/example_dags/example_branch_operator_decorator.py
[2023-03-03T16:15:11.466+0100] {logging_mixin.py:137} INFO - [2023-03-03T16:15:11.466+0100] {dag.py:2585} INFO - Sync 1 DAGs
[2023-03-03T16:15:11.481+0100] {logging_mixin.py:137} INFO - [2023-03-03T16:15:11.481+0100] {dag.py:3336} INFO - Setting next_dagrun for example_branch_python_operator_decorator to 2023-03-02T00:00:00+00:00, run_after=2023-03-03T00:00:00+00:00
[2023-03-03T16:15:11.495+0100] {processor.py:176} INFO - Processing /Users/uab910/dev/nnam-poc/pyenv/lib/python3.10/site-packages/airflow/example_dags/example_branch_operator_decorator.py took 0.267 seconds
[2023-03-03T16:16:30.885+0100] {processor.py:154} INFO - Started process (PID=57766) to work on /Users/uab910/dev/nnam-poc/pyenv/lib/python3.10/site-packages/airflow/example_dags/example_branch_operator_decorator.py
[2023-03-03T16:16:30.892+0100] {processor.py:756} INFO - Processing file /Users/uab910/dev/nnam-poc/pyenv/lib/python3.10/site-packages/airflow/example_dags/example_branch_operator_decorator.py for tasks to queue
[2023-03-03T16:16:30.892+0100] {logging_mixin.py:137} INFO - [2023-03-03T16:16:30.892+0100] {dagbag.py:537} INFO - Filling up the DagBag from /Users/uab910/dev/nnam-poc/pyenv/lib/python3.10/site-packages/airflow/example_dags/example_branch_operator_decorator.py
[2023-03-03T16:16:30.957+0100] {processor.py:766} INFO - DAG(s) dict_keys(['example_branch_python_operator_decorator']) retrieved from /Users/uab910/dev/nnam-poc/pyenv/lib/python3.10/site-packages/airflow/example_dags/example_branch_operator_decorator.py
[2023-03-03T16:16:31.137+0100] {logging_mixin.py:137} INFO - [2023-03-03T16:16:31.137+0100] {dag.py:2585} INFO - Sync 1 DAGs
[2023-03-03T16:16:31.154+0100] {logging_mixin.py:137} INFO - [2023-03-03T16:16:31.154+0100] {dag.py:3336} INFO - Setting next_dagrun for example_branch_python_operator_decorator to 2023-03-02T00:00:00+00:00, run_after=2023-03-03T00:00:00+00:00
[2023-03-03T16:16:31.172+0100] {processor.py:176} INFO - Processing /Users/uab910/dev/nnam-poc/pyenv/lib/python3.10/site-packages/airflow/example_dags/example_branch_operator_decorator.py took 0.287 seconds
[2023-03-03T16:17:49.317+0100] {processor.py:154} INFO - Started process (PID=57851) to work on /Users/uab910/dev/nnam-poc/pyenv/lib/python3.10/site-packages/airflow/example_dags/example_branch_operator_decorator.py
[2023-03-03T16:17:49.324+0100] {processor.py:756} INFO - Processing file /Users/uab910/dev/nnam-poc/pyenv/lib/python3.10/site-packages/airflow/example_dags/example_branch_operator_decorator.py for tasks to queue
[2023-03-03T16:17:49.324+0100] {logging_mixin.py:137} INFO - [2023-03-03T16:17:49.324+0100] {dagbag.py:537} INFO - Filling up the DagBag from /Users/uab910/dev/nnam-poc/pyenv/lib/python3.10/site-packages/airflow/example_dags/example_branch_operator_decorator.py
[2023-03-03T16:17:49.394+0100] {processor.py:766} INFO - DAG(s) dict_keys(['example_branch_python_operator_decorator']) retrieved from /Users/uab910/dev/nnam-poc/pyenv/lib/python3.10/site-packages/airflow/example_dags/example_branch_operator_decorator.py
[2023-03-03T16:17:49.595+0100] {logging_mixin.py:137} INFO - [2023-03-03T16:17:49.595+0100] {dag.py:2585} INFO - Sync 1 DAGs
[2023-03-03T16:17:49.614+0100] {logging_mixin.py:137} INFO - [2023-03-03T16:17:49.614+0100] {dag.py:3336} INFO - Setting next_dagrun for example_branch_python_operator_decorator to 2023-03-02T00:00:00+00:00, run_after=2023-03-03T00:00:00+00:00
[2023-03-03T16:17:49.632+0100] {processor.py:176} INFO - Processing /Users/uab910/dev/nnam-poc/pyenv/lib/python3.10/site-packages/airflow/example_dags/example_branch_operator_decorator.py took 0.315 seconds
[2023-03-03T16:19:08.556+0100] {processor.py:154} INFO - Started process (PID=57905) to work on /Users/uab910/dev/nnam-poc/pyenv/lib/python3.10/site-packages/airflow/example_dags/example_branch_operator_decorator.py
[2023-03-03T16:19:08.562+0100] {processor.py:756} INFO - Processing file /Users/uab910/dev/nnam-poc/pyenv/lib/python3.10/site-packages/airflow/example_dags/example_branch_operator_decorator.py for tasks to queue
[2023-03-03T16:19:08.563+0100] {logging_mixin.py:137} INFO - [2023-03-03T16:19:08.563+0100] {dagbag.py:537} INFO - Filling up the DagBag from /Users/uab910/dev/nnam-poc/pyenv/lib/python3.10/site-packages/airflow/example_dags/example_branch_operator_decorator.py
[2023-03-03T16:19:08.627+0100] {processor.py:766} INFO - DAG(s) dict_keys(['example_branch_python_operator_decorator']) retrieved from /Users/uab910/dev/nnam-poc/pyenv/lib/python3.10/site-packages/airflow/example_dags/example_branch_operator_decorator.py
[2023-03-03T16:19:08.798+0100] {logging_mixin.py:137} INFO - [2023-03-03T16:19:08.798+0100] {dag.py:2585} INFO - Sync 1 DAGs
[2023-03-03T16:19:08.813+0100] {logging_mixin.py:137} INFO - [2023-03-03T16:19:08.813+0100] {dag.py:3336} INFO - Setting next_dagrun for example_branch_python_operator_decorator to 2023-03-02T00:00:00+00:00, run_after=2023-03-03T00:00:00+00:00
[2023-03-03T16:19:08.829+0100] {processor.py:176} INFO - Processing /Users/uab910/dev/nnam-poc/pyenv/lib/python3.10/site-packages/airflow/example_dags/example_branch_operator_decorator.py took 0.273 seconds
[2023-03-03T16:20:23.789+0100] {processor.py:154} INFO - Started process (PID=57991) to work on /Users/uab910/dev/nnam-poc/pyenv/lib/python3.10/site-packages/airflow/example_dags/example_branch_operator_decorator.py
[2023-03-03T16:20:23.795+0100] {processor.py:756} INFO - Processing file /Users/uab910/dev/nnam-poc/pyenv/lib/python3.10/site-packages/airflow/example_dags/example_branch_operator_decorator.py for tasks to queue
[2023-03-03T16:20:23.795+0100] {logging_mixin.py:137} INFO - [2023-03-03T16:20:23.795+0100] {dagbag.py:537} INFO - Filling up the DagBag from /Users/uab910/dev/nnam-poc/pyenv/lib/python3.10/site-packages/airflow/example_dags/example_branch_operator_decorator.py
[2023-03-03T16:20:23.859+0100] {processor.py:766} INFO - DAG(s) dict_keys(['example_branch_python_operator_decorator']) retrieved from /Users/uab910/dev/nnam-poc/pyenv/lib/python3.10/site-packages/airflow/example_dags/example_branch_operator_decorator.py
[2023-03-03T16:20:24.019+0100] {logging_mixin.py:137} INFO - [2023-03-03T16:20:24.019+0100] {dag.py:2585} INFO - Sync 1 DAGs
[2023-03-03T16:20:24.034+0100] {logging_mixin.py:137} INFO - [2023-03-03T16:20:24.034+0100] {dag.py:3336} INFO - Setting next_dagrun for example_branch_python_operator_decorator to 2023-03-02T00:00:00+00:00, run_after=2023-03-03T00:00:00+00:00
[2023-03-03T16:20:24.050+0100] {processor.py:176} INFO - Processing /Users/uab910/dev/nnam-poc/pyenv/lib/python3.10/site-packages/airflow/example_dags/example_branch_operator_decorator.py took 0.261 seconds
[2023-03-03T16:21:49.204+0100] {processor.py:154} INFO - Started process (PID=58057) to work on /Users/uab910/dev/nnam-poc/pyenv/lib/python3.10/site-packages/airflow/example_dags/example_branch_operator_decorator.py
[2023-03-03T16:21:49.209+0100] {processor.py:756} INFO - Processing file /Users/uab910/dev/nnam-poc/pyenv/lib/python3.10/site-packages/airflow/example_dags/example_branch_operator_decorator.py for tasks to queue
[2023-03-03T16:21:49.209+0100] {logging_mixin.py:137} INFO - [2023-03-03T16:21:49.209+0100] {dagbag.py:537} INFO - Filling up the DagBag from /Users/uab910/dev/nnam-poc/pyenv/lib/python3.10/site-packages/airflow/example_dags/example_branch_operator_decorator.py
[2023-03-03T16:21:49.300+0100] {processor.py:766} INFO - DAG(s) dict_keys(['example_branch_python_operator_decorator']) retrieved from /Users/uab910/dev/nnam-poc/pyenv/lib/python3.10/site-packages/airflow/example_dags/example_branch_operator_decorator.py
[2023-03-03T16:21:49.489+0100] {logging_mixin.py:137} INFO - [2023-03-03T16:21:49.489+0100] {dag.py:2585} INFO - Sync 1 DAGs
[2023-03-03T16:21:49.508+0100] {logging_mixin.py:137} INFO - [2023-03-03T16:21:49.508+0100] {dag.py:3336} INFO - Setting next_dagrun for example_branch_python_operator_decorator to 2023-03-02T00:00:00+00:00, run_after=2023-03-03T00:00:00+00:00
[2023-03-03T16:21:49.525+0100] {processor.py:176} INFO - Processing /Users/uab910/dev/nnam-poc/pyenv/lib/python3.10/site-packages/airflow/example_dags/example_branch_operator_decorator.py took 0.322 seconds
[2023-03-03T16:23:03.367+0100] {processor.py:154} INFO - Started process (PID=58100) to work on /Users/uab910/dev/nnam-poc/pyenv/lib/python3.10/site-packages/airflow/example_dags/example_branch_operator_decorator.py
[2023-03-03T16:23:03.371+0100] {processor.py:756} INFO - Processing file /Users/uab910/dev/nnam-poc/pyenv/lib/python3.10/site-packages/airflow/example_dags/example_branch_operator_decorator.py for tasks to queue
[2023-03-03T16:23:03.371+0100] {logging_mixin.py:137} INFO - [2023-03-03T16:23:03.371+0100] {dagbag.py:537} INFO - Filling up the DagBag from /Users/uab910/dev/nnam-poc/pyenv/lib/python3.10/site-packages/airflow/example_dags/example_branch_operator_decorator.py
[2023-03-03T16:23:03.431+0100] {processor.py:766} INFO - DAG(s) dict_keys(['example_branch_python_operator_decorator']) retrieved from /Users/uab910/dev/nnam-poc/pyenv/lib/python3.10/site-packages/airflow/example_dags/example_branch_operator_decorator.py
[2023-03-03T16:23:03.592+0100] {logging_mixin.py:137} INFO - [2023-03-03T16:23:03.592+0100] {dag.py:2585} INFO - Sync 1 DAGs
[2023-03-03T16:23:03.608+0100] {logging_mixin.py:137} INFO - [2023-03-03T16:23:03.607+0100] {dag.py:3336} INFO - Setting next_dagrun for example_branch_python_operator_decorator to 2023-03-02T00:00:00+00:00, run_after=2023-03-03T00:00:00+00:00
[2023-03-03T16:23:03.624+0100] {processor.py:176} INFO - Processing /Users/uab910/dev/nnam-poc/pyenv/lib/python3.10/site-packages/airflow/example_dags/example_branch_operator_decorator.py took 0.258 seconds
[2023-03-03T16:24:19.670+0100] {processor.py:154} INFO - Started process (PID=58189) to work on /Users/uab910/dev/nnam-poc/pyenv/lib/python3.10/site-packages/airflow/example_dags/example_branch_operator_decorator.py
[2023-03-03T16:24:19.675+0100] {processor.py:756} INFO - Processing file /Users/uab910/dev/nnam-poc/pyenv/lib/python3.10/site-packages/airflow/example_dags/example_branch_operator_decorator.py for tasks to queue
[2023-03-03T16:24:19.676+0100] {logging_mixin.py:137} INFO - [2023-03-03T16:24:19.676+0100] {dagbag.py:537} INFO - Filling up the DagBag from /Users/uab910/dev/nnam-poc/pyenv/lib/python3.10/site-packages/airflow/example_dags/example_branch_operator_decorator.py
[2023-03-03T16:24:19.739+0100] {processor.py:766} INFO - DAG(s) dict_keys(['example_branch_python_operator_decorator']) retrieved from /Users/uab910/dev/nnam-poc/pyenv/lib/python3.10/site-packages/airflow/example_dags/example_branch_operator_decorator.py
[2023-03-03T16:24:19.922+0100] {logging_mixin.py:137} INFO - [2023-03-03T16:24:19.921+0100] {dag.py:2585} INFO - Sync 1 DAGs
[2023-03-03T16:24:19.939+0100] {logging_mixin.py:137} INFO - [2023-03-03T16:24:19.938+0100] {dag.py:3336} INFO - Setting next_dagrun for example_branch_python_operator_decorator to 2023-03-02T00:00:00+00:00, run_after=2023-03-03T00:00:00+00:00
[2023-03-03T16:24:19.957+0100] {processor.py:176} INFO - Processing /Users/uab910/dev/nnam-poc/pyenv/lib/python3.10/site-packages/airflow/example_dags/example_branch_operator_decorator.py took 0.287 seconds
[2023-03-03T16:25:35.056+0100] {processor.py:154} INFO - Started process (PID=58229) to work on /Users/uab910/dev/nnam-poc/pyenv/lib/python3.10/site-packages/airflow/example_dags/example_branch_operator_decorator.py
[2023-03-03T16:25:35.061+0100] {processor.py:756} INFO - Processing file /Users/uab910/dev/nnam-poc/pyenv/lib/python3.10/site-packages/airflow/example_dags/example_branch_operator_decorator.py for tasks to queue
[2023-03-03T16:25:35.061+0100] {logging_mixin.py:137} INFO - [2023-03-03T16:25:35.061+0100] {dagbag.py:537} INFO - Filling up the DagBag from /Users/uab910/dev/nnam-poc/pyenv/lib/python3.10/site-packages/airflow/example_dags/example_branch_operator_decorator.py
[2023-03-03T16:25:35.117+0100] {processor.py:766} INFO - DAG(s) dict_keys(['example_branch_python_operator_decorator']) retrieved from /Users/uab910/dev/nnam-poc/pyenv/lib/python3.10/site-packages/airflow/example_dags/example_branch_operator_decorator.py
[2023-03-03T16:25:35.275+0100] {logging_mixin.py:137} INFO - [2023-03-03T16:25:35.275+0100] {dag.py:2585} INFO - Sync 1 DAGs
[2023-03-03T16:25:35.291+0100] {logging_mixin.py:137} INFO - [2023-03-03T16:25:35.290+0100] {dag.py:3336} INFO - Setting next_dagrun for example_branch_python_operator_decorator to 2023-03-02T00:00:00+00:00, run_after=2023-03-03T00:00:00+00:00
[2023-03-03T16:25:35.306+0100] {processor.py:176} INFO - Processing /Users/uab910/dev/nnam-poc/pyenv/lib/python3.10/site-packages/airflow/example_dags/example_branch_operator_decorator.py took 0.251 seconds
[2023-03-03T16:26:48.121+0100] {processor.py:154} INFO - Started process (PID=58272) to work on /Users/uab910/dev/nnam-poc/pyenv/lib/python3.10/site-packages/airflow/example_dags/example_branch_operator_decorator.py
[2023-03-03T16:26:48.126+0100] {processor.py:756} INFO - Processing file /Users/uab910/dev/nnam-poc/pyenv/lib/python3.10/site-packages/airflow/example_dags/example_branch_operator_decorator.py for tasks to queue
[2023-03-03T16:26:48.127+0100] {logging_mixin.py:137} INFO - [2023-03-03T16:26:48.126+0100] {dagbag.py:537} INFO - Filling up the DagBag from /Users/uab910/dev/nnam-poc/pyenv/lib/python3.10/site-packages/airflow/example_dags/example_branch_operator_decorator.py
[2023-03-03T16:26:48.194+0100] {processor.py:766} INFO - DAG(s) dict_keys(['example_branch_python_operator_decorator']) retrieved from /Users/uab910/dev/nnam-poc/pyenv/lib/python3.10/site-packages/airflow/example_dags/example_branch_operator_decorator.py
[2023-03-03T16:26:48.360+0100] {logging_mixin.py:137} INFO - [2023-03-03T16:26:48.359+0100] {dag.py:2585} INFO - Sync 1 DAGs
[2023-03-03T16:26:48.375+0100] {logging_mixin.py:137} INFO - [2023-03-03T16:26:48.375+0100] {dag.py:3336} INFO - Setting next_dagrun for example_branch_python_operator_decorator to 2023-03-02T00:00:00+00:00, run_after=2023-03-03T00:00:00+00:00
[2023-03-03T16:26:48.390+0100] {processor.py:176} INFO - Processing /Users/uab910/dev/nnam-poc/pyenv/lib/python3.10/site-packages/airflow/example_dags/example_branch_operator_decorator.py took 0.271 seconds
[2023-03-03T16:28:03.504+0100] {processor.py:154} INFO - Started process (PID=58317) to work on /Users/uab910/dev/nnam-poc/pyenv/lib/python3.10/site-packages/airflow/example_dags/example_branch_operator_decorator.py
[2023-03-03T16:28:03.509+0100] {processor.py:756} INFO - Processing file /Users/uab910/dev/nnam-poc/pyenv/lib/python3.10/site-packages/airflow/example_dags/example_branch_operator_decorator.py for tasks to queue
[2023-03-03T16:28:03.510+0100] {logging_mixin.py:137} INFO - [2023-03-03T16:28:03.509+0100] {dagbag.py:537} INFO - Filling up the DagBag from /Users/uab910/dev/nnam-poc/pyenv/lib/python3.10/site-packages/airflow/example_dags/example_branch_operator_decorator.py
[2023-03-03T16:28:03.569+0100] {processor.py:766} INFO - DAG(s) dict_keys(['example_branch_python_operator_decorator']) retrieved from /Users/uab910/dev/nnam-poc/pyenv/lib/python3.10/site-packages/airflow/example_dags/example_branch_operator_decorator.py
[2023-03-03T16:28:03.744+0100] {logging_mixin.py:137} INFO - [2023-03-03T16:28:03.744+0100] {dag.py:2585} INFO - Sync 1 DAGs
[2023-03-03T16:28:03.759+0100] {logging_mixin.py:137} INFO - [2023-03-03T16:28:03.759+0100] {dag.py:3336} INFO - Setting next_dagrun for example_branch_python_operator_decorator to 2023-03-02T00:00:00+00:00, run_after=2023-03-03T00:00:00+00:00
[2023-03-03T16:28:03.775+0100] {processor.py:176} INFO - Processing /Users/uab910/dev/nnam-poc/pyenv/lib/python3.10/site-packages/airflow/example_dags/example_branch_operator_decorator.py took 0.271 seconds
[2023-03-03T16:29:20.536+0100] {processor.py:154} INFO - Started process (PID=58362) to work on /Users/uab910/dev/nnam-poc/pyenv/lib/python3.10/site-packages/airflow/example_dags/example_branch_operator_decorator.py
[2023-03-03T16:29:20.541+0100] {processor.py:756} INFO - Processing file /Users/uab910/dev/nnam-poc/pyenv/lib/python3.10/site-packages/airflow/example_dags/example_branch_operator_decorator.py for tasks to queue
[2023-03-03T16:29:20.542+0100] {logging_mixin.py:137} INFO - [2023-03-03T16:29:20.541+0100] {dagbag.py:537} INFO - Filling up the DagBag from /Users/uab910/dev/nnam-poc/pyenv/lib/python3.10/site-packages/airflow/example_dags/example_branch_operator_decorator.py
[2023-03-03T16:29:20.605+0100] {processor.py:766} INFO - DAG(s) dict_keys(['example_branch_python_operator_decorator']) retrieved from /Users/uab910/dev/nnam-poc/pyenv/lib/python3.10/site-packages/airflow/example_dags/example_branch_operator_decorator.py
[2023-03-03T16:29:20.787+0100] {logging_mixin.py:137} INFO - [2023-03-03T16:29:20.787+0100] {dag.py:2585} INFO - Sync 1 DAGs
[2023-03-03T16:29:20.803+0100] {logging_mixin.py:137} INFO - [2023-03-03T16:29:20.803+0100] {dag.py:3336} INFO - Setting next_dagrun for example_branch_python_operator_decorator to 2023-03-02T00:00:00+00:00, run_after=2023-03-03T00:00:00+00:00
[2023-03-03T16:29:20.818+0100] {processor.py:176} INFO - Processing /Users/uab910/dev/nnam-poc/pyenv/lib/python3.10/site-packages/airflow/example_dags/example_branch_operator_decorator.py took 0.283 seconds
[2023-03-03T16:30:35.962+0100] {processor.py:154} INFO - Started process (PID=58403) to work on /Users/uab910/dev/nnam-poc/pyenv/lib/python3.10/site-packages/airflow/example_dags/example_branch_operator_decorator.py
[2023-03-03T16:30:35.968+0100] {processor.py:756} INFO - Processing file /Users/uab910/dev/nnam-poc/pyenv/lib/python3.10/site-packages/airflow/example_dags/example_branch_operator_decorator.py for tasks to queue
[2023-03-03T16:30:35.968+0100] {logging_mixin.py:137} INFO - [2023-03-03T16:30:35.968+0100] {dagbag.py:537} INFO - Filling up the DagBag from /Users/uab910/dev/nnam-poc/pyenv/lib/python3.10/site-packages/airflow/example_dags/example_branch_operator_decorator.py
[2023-03-03T16:30:36.030+0100] {processor.py:766} INFO - DAG(s) dict_keys(['example_branch_python_operator_decorator']) retrieved from /Users/uab910/dev/nnam-poc/pyenv/lib/python3.10/site-packages/airflow/example_dags/example_branch_operator_decorator.py
[2023-03-03T16:30:36.215+0100] {logging_mixin.py:137} INFO - [2023-03-03T16:30:36.215+0100] {dag.py:2585} INFO - Sync 1 DAGs
[2023-03-03T16:30:36.234+0100] {logging_mixin.py:137} INFO - [2023-03-03T16:30:36.234+0100] {dag.py:3336} INFO - Setting next_dagrun for example_branch_python_operator_decorator to 2023-03-02T00:00:00+00:00, run_after=2023-03-03T00:00:00+00:00
[2023-03-03T16:30:36.252+0100] {processor.py:176} INFO - Processing /Users/uab910/dev/nnam-poc/pyenv/lib/python3.10/site-packages/airflow/example_dags/example_branch_operator_decorator.py took 0.290 seconds
[2023-03-03T16:31:52.989+0100] {processor.py:154} INFO - Started process (PID=58443) to work on /Users/uab910/dev/nnam-poc/pyenv/lib/python3.10/site-packages/airflow/example_dags/example_branch_operator_decorator.py
[2023-03-03T16:31:52.995+0100] {processor.py:756} INFO - Processing file /Users/uab910/dev/nnam-poc/pyenv/lib/python3.10/site-packages/airflow/example_dags/example_branch_operator_decorator.py for tasks to queue
[2023-03-03T16:31:52.996+0100] {logging_mixin.py:137} INFO - [2023-03-03T16:31:52.995+0100] {dagbag.py:537} INFO - Filling up the DagBag from /Users/uab910/dev/nnam-poc/pyenv/lib/python3.10/site-packages/airflow/example_dags/example_branch_operator_decorator.py
[2023-03-03T16:31:53.066+0100] {processor.py:766} INFO - DAG(s) dict_keys(['example_branch_python_operator_decorator']) retrieved from /Users/uab910/dev/nnam-poc/pyenv/lib/python3.10/site-packages/airflow/example_dags/example_branch_operator_decorator.py
[2023-03-03T16:31:53.252+0100] {logging_mixin.py:137} INFO - [2023-03-03T16:31:53.252+0100] {dag.py:2585} INFO - Sync 1 DAGs
[2023-03-03T16:31:53.269+0100] {logging_mixin.py:137} INFO - [2023-03-03T16:31:53.269+0100] {dag.py:3336} INFO - Setting next_dagrun for example_branch_python_operator_decorator to 2023-03-02T00:00:00+00:00, run_after=2023-03-03T00:00:00+00:00
[2023-03-03T16:31:53.288+0100] {processor.py:176} INFO - Processing /Users/uab910/dev/nnam-poc/pyenv/lib/python3.10/site-packages/airflow/example_dags/example_branch_operator_decorator.py took 0.300 seconds
[2023-03-03T16:33:09.192+0100] {processor.py:154} INFO - Started process (PID=58481) to work on /Users/uab910/dev/nnam-poc/pyenv/lib/python3.10/site-packages/airflow/example_dags/example_branch_operator_decorator.py
[2023-03-03T16:33:09.197+0100] {processor.py:756} INFO - Processing file /Users/uab910/dev/nnam-poc/pyenv/lib/python3.10/site-packages/airflow/example_dags/example_branch_operator_decorator.py for tasks to queue
[2023-03-03T16:33:09.198+0100] {logging_mixin.py:137} INFO - [2023-03-03T16:33:09.197+0100] {dagbag.py:537} INFO - Filling up the DagBag from /Users/uab910/dev/nnam-poc/pyenv/lib/python3.10/site-packages/airflow/example_dags/example_branch_operator_decorator.py
[2023-03-03T16:33:09.260+0100] {processor.py:766} INFO - DAG(s) dict_keys(['example_branch_python_operator_decorator']) retrieved from /Users/uab910/dev/nnam-poc/pyenv/lib/python3.10/site-packages/airflow/example_dags/example_branch_operator_decorator.py
[2023-03-03T16:33:09.429+0100] {logging_mixin.py:137} INFO - [2023-03-03T16:33:09.428+0100] {dag.py:2585} INFO - Sync 1 DAGs
[2023-03-03T16:33:09.442+0100] {logging_mixin.py:137} INFO - [2023-03-03T16:33:09.442+0100] {dag.py:3336} INFO - Setting next_dagrun for example_branch_python_operator_decorator to 2023-03-02T00:00:00+00:00, run_after=2023-03-03T00:00:00+00:00
[2023-03-03T16:33:09.456+0100] {processor.py:176} INFO - Processing /Users/uab910/dev/nnam-poc/pyenv/lib/python3.10/site-packages/airflow/example_dags/example_branch_operator_decorator.py took 0.265 seconds
[2023-03-03T16:34:25.817+0100] {processor.py:154} INFO - Started process (PID=58545) to work on /Users/uab910/dev/nnam-poc/pyenv/lib/python3.10/site-packages/airflow/example_dags/example_branch_operator_decorator.py
[2023-03-03T16:34:25.823+0100] {processor.py:756} INFO - Processing file /Users/uab910/dev/nnam-poc/pyenv/lib/python3.10/site-packages/airflow/example_dags/example_branch_operator_decorator.py for tasks to queue
[2023-03-03T16:34:25.824+0100] {logging_mixin.py:137} INFO - [2023-03-03T16:34:25.824+0100] {dagbag.py:537} INFO - Filling up the DagBag from /Users/uab910/dev/nnam-poc/pyenv/lib/python3.10/site-packages/airflow/example_dags/example_branch_operator_decorator.py
[2023-03-03T16:34:25.883+0100] {processor.py:766} INFO - DAG(s) dict_keys(['example_branch_python_operator_decorator']) retrieved from /Users/uab910/dev/nnam-poc/pyenv/lib/python3.10/site-packages/airflow/example_dags/example_branch_operator_decorator.py
[2023-03-03T16:34:26.038+0100] {logging_mixin.py:137} INFO - [2023-03-03T16:34:26.038+0100] {dag.py:2585} INFO - Sync 1 DAGs
[2023-03-03T16:34:26.053+0100] {logging_mixin.py:137} INFO - [2023-03-03T16:34:26.053+0100] {dag.py:3336} INFO - Setting next_dagrun for example_branch_python_operator_decorator to 2023-03-02T00:00:00+00:00, run_after=2023-03-03T00:00:00+00:00
[2023-03-03T16:34:26.068+0100] {processor.py:176} INFO - Processing /Users/uab910/dev/nnam-poc/pyenv/lib/python3.10/site-packages/airflow/example_dags/example_branch_operator_decorator.py took 0.251 seconds
[2023-03-03T16:35:44.533+0100] {processor.py:154} INFO - Started process (PID=58588) to work on /Users/uab910/dev/nnam-poc/pyenv/lib/python3.10/site-packages/airflow/example_dags/example_branch_operator_decorator.py
[2023-03-03T16:35:44.540+0100] {processor.py:756} INFO - Processing file /Users/uab910/dev/nnam-poc/pyenv/lib/python3.10/site-packages/airflow/example_dags/example_branch_operator_decorator.py for tasks to queue
[2023-03-03T16:35:44.540+0100] {logging_mixin.py:137} INFO - [2023-03-03T16:35:44.540+0100] {dagbag.py:537} INFO - Filling up the DagBag from /Users/uab910/dev/nnam-poc/pyenv/lib/python3.10/site-packages/airflow/example_dags/example_branch_operator_decorator.py
[2023-03-03T16:35:44.615+0100] {processor.py:766} INFO - DAG(s) dict_keys(['example_branch_python_operator_decorator']) retrieved from /Users/uab910/dev/nnam-poc/pyenv/lib/python3.10/site-packages/airflow/example_dags/example_branch_operator_decorator.py
[2023-03-03T16:35:44.783+0100] {logging_mixin.py:137} INFO - [2023-03-03T16:35:44.783+0100] {dag.py:2585} INFO - Sync 1 DAGs
[2023-03-03T16:35:44.799+0100] {logging_mixin.py:137} INFO - [2023-03-03T16:35:44.798+0100] {dag.py:3336} INFO - Setting next_dagrun for example_branch_python_operator_decorator to 2023-03-02T00:00:00+00:00, run_after=2023-03-03T00:00:00+00:00
[2023-03-03T16:35:44.815+0100] {processor.py:176} INFO - Processing /Users/uab910/dev/nnam-poc/pyenv/lib/python3.10/site-packages/airflow/example_dags/example_branch_operator_decorator.py took 0.283 seconds
[2023-03-03T16:36:59.496+0100] {processor.py:154} INFO - Started process (PID=58632) to work on /Users/uab910/dev/nnam-poc/pyenv/lib/python3.10/site-packages/airflow/example_dags/example_branch_operator_decorator.py
[2023-03-03T16:36:59.501+0100] {processor.py:756} INFO - Processing file /Users/uab910/dev/nnam-poc/pyenv/lib/python3.10/site-packages/airflow/example_dags/example_branch_operator_decorator.py for tasks to queue
[2023-03-03T16:36:59.502+0100] {logging_mixin.py:137} INFO - [2023-03-03T16:36:59.502+0100] {dagbag.py:537} INFO - Filling up the DagBag from /Users/uab910/dev/nnam-poc/pyenv/lib/python3.10/site-packages/airflow/example_dags/example_branch_operator_decorator.py
[2023-03-03T16:36:59.555+0100] {processor.py:766} INFO - DAG(s) dict_keys(['example_branch_python_operator_decorator']) retrieved from /Users/uab910/dev/nnam-poc/pyenv/lib/python3.10/site-packages/airflow/example_dags/example_branch_operator_decorator.py
[2023-03-03T16:36:59.709+0100] {logging_mixin.py:137} INFO - [2023-03-03T16:36:59.708+0100] {dag.py:2585} INFO - Sync 1 DAGs
[2023-03-03T16:36:59.722+0100] {logging_mixin.py:137} INFO - [2023-03-03T16:36:59.722+0100] {dag.py:3336} INFO - Setting next_dagrun for example_branch_python_operator_decorator to 2023-03-02T00:00:00+00:00, run_after=2023-03-03T00:00:00+00:00
[2023-03-03T16:36:59.736+0100] {processor.py:176} INFO - Processing /Users/uab910/dev/nnam-poc/pyenv/lib/python3.10/site-packages/airflow/example_dags/example_branch_operator_decorator.py took 0.240 seconds
[2023-03-03T16:38:18.367+0100] {processor.py:154} INFO - Started process (PID=58674) to work on /Users/uab910/dev/nnam-poc/pyenv/lib/python3.10/site-packages/airflow/example_dags/example_branch_operator_decorator.py
[2023-03-03T16:38:18.373+0100] {processor.py:756} INFO - Processing file /Users/uab910/dev/nnam-poc/pyenv/lib/python3.10/site-packages/airflow/example_dags/example_branch_operator_decorator.py for tasks to queue
[2023-03-03T16:38:18.374+0100] {logging_mixin.py:137} INFO - [2023-03-03T16:38:18.374+0100] {dagbag.py:537} INFO - Filling up the DagBag from /Users/uab910/dev/nnam-poc/pyenv/lib/python3.10/site-packages/airflow/example_dags/example_branch_operator_decorator.py
[2023-03-03T16:38:18.446+0100] {processor.py:766} INFO - DAG(s) dict_keys(['example_branch_python_operator_decorator']) retrieved from /Users/uab910/dev/nnam-poc/pyenv/lib/python3.10/site-packages/airflow/example_dags/example_branch_operator_decorator.py
[2023-03-03T16:38:18.611+0100] {logging_mixin.py:137} INFO - [2023-03-03T16:38:18.610+0100] {dag.py:2585} INFO - Sync 1 DAGs
[2023-03-03T16:38:18.626+0100] {logging_mixin.py:137} INFO - [2023-03-03T16:38:18.626+0100] {dag.py:3336} INFO - Setting next_dagrun for example_branch_python_operator_decorator to 2023-03-02T00:00:00+00:00, run_after=2023-03-03T00:00:00+00:00
[2023-03-03T16:38:18.643+0100] {processor.py:176} INFO - Processing /Users/uab910/dev/nnam-poc/pyenv/lib/python3.10/site-packages/airflow/example_dags/example_branch_operator_decorator.py took 0.276 seconds
[2023-03-03T16:39:57.548+0100] {processor.py:154} INFO - Started process (PID=58727) to work on /Users/uab910/dev/nnam-poc/pyenv/lib/python3.10/site-packages/airflow/example_dags/example_branch_operator_decorator.py
[2023-03-03T16:39:57.554+0100] {processor.py:756} INFO - Processing file /Users/uab910/dev/nnam-poc/pyenv/lib/python3.10/site-packages/airflow/example_dags/example_branch_operator_decorator.py for tasks to queue
[2023-03-03T16:39:57.555+0100] {logging_mixin.py:137} INFO - [2023-03-03T16:39:57.555+0100] {dagbag.py:537} INFO - Filling up the DagBag from /Users/uab910/dev/nnam-poc/pyenv/lib/python3.10/site-packages/airflow/example_dags/example_branch_operator_decorator.py
[2023-03-03T16:39:57.618+0100] {processor.py:766} INFO - DAG(s) dict_keys(['example_branch_python_operator_decorator']) retrieved from /Users/uab910/dev/nnam-poc/pyenv/lib/python3.10/site-packages/airflow/example_dags/example_branch_operator_decorator.py
[2023-03-03T16:39:57.780+0100] {logging_mixin.py:137} INFO - [2023-03-03T16:39:57.780+0100] {dag.py:2585} INFO - Sync 1 DAGs
[2023-03-03T16:39:57.796+0100] {logging_mixin.py:137} INFO - [2023-03-03T16:39:57.796+0100] {dag.py:3336} INFO - Setting next_dagrun for example_branch_python_operator_decorator to 2023-03-02T00:00:00+00:00, run_after=2023-03-03T00:00:00+00:00
[2023-03-03T16:39:57.813+0100] {processor.py:176} INFO - Processing /Users/uab910/dev/nnam-poc/pyenv/lib/python3.10/site-packages/airflow/example_dags/example_branch_operator_decorator.py took 0.265 seconds
[2023-03-03T16:41:30.814+0100] {processor.py:154} INFO - Started process (PID=58780) to work on /Users/uab910/dev/nnam-poc/pyenv/lib/python3.10/site-packages/airflow/example_dags/example_branch_operator_decorator.py
[2023-03-03T16:41:30.820+0100] {processor.py:756} INFO - Processing file /Users/uab910/dev/nnam-poc/pyenv/lib/python3.10/site-packages/airflow/example_dags/example_branch_operator_decorator.py for tasks to queue
[2023-03-03T16:41:30.820+0100] {logging_mixin.py:137} INFO - [2023-03-03T16:41:30.820+0100] {dagbag.py:537} INFO - Filling up the DagBag from /Users/uab910/dev/nnam-poc/pyenv/lib/python3.10/site-packages/airflow/example_dags/example_branch_operator_decorator.py
[2023-03-03T16:41:30.884+0100] {processor.py:766} INFO - DAG(s) dict_keys(['example_branch_python_operator_decorator']) retrieved from /Users/uab910/dev/nnam-poc/pyenv/lib/python3.10/site-packages/airflow/example_dags/example_branch_operator_decorator.py
[2023-03-03T16:41:31.071+0100] {logging_mixin.py:137} INFO - [2023-03-03T16:41:31.071+0100] {dag.py:2585} INFO - Sync 1 DAGs
[2023-03-03T16:41:31.087+0100] {logging_mixin.py:137} INFO - [2023-03-03T16:41:31.087+0100] {dag.py:3336} INFO - Setting next_dagrun for example_branch_python_operator_decorator to 2023-03-02T00:00:00+00:00, run_after=2023-03-03T00:00:00+00:00
[2023-03-03T16:41:31.105+0100] {processor.py:176} INFO - Processing /Users/uab910/dev/nnam-poc/pyenv/lib/python3.10/site-packages/airflow/example_dags/example_branch_operator_decorator.py took 0.292 seconds
[2023-03-03T16:43:01.625+0100] {processor.py:154} INFO - Started process (PID=58824) to work on /Users/uab910/dev/nnam-poc/pyenv/lib/python3.10/site-packages/airflow/example_dags/example_branch_operator_decorator.py
[2023-03-03T16:43:01.630+0100] {processor.py:756} INFO - Processing file /Users/uab910/dev/nnam-poc/pyenv/lib/python3.10/site-packages/airflow/example_dags/example_branch_operator_decorator.py for tasks to queue
[2023-03-03T16:43:01.631+0100] {logging_mixin.py:137} INFO - [2023-03-03T16:43:01.631+0100] {dagbag.py:537} INFO - Filling up the DagBag from /Users/uab910/dev/nnam-poc/pyenv/lib/python3.10/site-packages/airflow/example_dags/example_branch_operator_decorator.py
[2023-03-03T16:43:01.692+0100] {processor.py:766} INFO - DAG(s) dict_keys(['example_branch_python_operator_decorator']) retrieved from /Users/uab910/dev/nnam-poc/pyenv/lib/python3.10/site-packages/airflow/example_dags/example_branch_operator_decorator.py
[2023-03-03T16:43:01.857+0100] {logging_mixin.py:137} INFO - [2023-03-03T16:43:01.857+0100] {dag.py:2585} INFO - Sync 1 DAGs
[2023-03-03T16:43:01.871+0100] {logging_mixin.py:137} INFO - [2023-03-03T16:43:01.871+0100] {dag.py:3336} INFO - Setting next_dagrun for example_branch_python_operator_decorator to 2023-03-02T00:00:00+00:00, run_after=2023-03-03T00:00:00+00:00
[2023-03-03T16:43:01.884+0100] {processor.py:176} INFO - Processing /Users/uab910/dev/nnam-poc/pyenv/lib/python3.10/site-packages/airflow/example_dags/example_branch_operator_decorator.py took 0.260 seconds
[2023-03-03T16:44:36.443+0100] {processor.py:154} INFO - Started process (PID=58903) to work on /Users/uab910/dev/nnam-poc/pyenv/lib/python3.10/site-packages/airflow/example_dags/example_branch_operator_decorator.py
[2023-03-03T16:44:36.449+0100] {processor.py:756} INFO - Processing file /Users/uab910/dev/nnam-poc/pyenv/lib/python3.10/site-packages/airflow/example_dags/example_branch_operator_decorator.py for tasks to queue
[2023-03-03T16:44:36.449+0100] {logging_mixin.py:137} INFO - [2023-03-03T16:44:36.449+0100] {dagbag.py:537} INFO - Filling up the DagBag from /Users/uab910/dev/nnam-poc/pyenv/lib/python3.10/site-packages/airflow/example_dags/example_branch_operator_decorator.py
[2023-03-03T16:44:36.511+0100] {processor.py:766} INFO - DAG(s) dict_keys(['example_branch_python_operator_decorator']) retrieved from /Users/uab910/dev/nnam-poc/pyenv/lib/python3.10/site-packages/airflow/example_dags/example_branch_operator_decorator.py
[2023-03-03T16:44:36.673+0100] {logging_mixin.py:137} INFO - [2023-03-03T16:44:36.672+0100] {dag.py:2585} INFO - Sync 1 DAGs
[2023-03-03T16:44:36.687+0100] {logging_mixin.py:137} INFO - [2023-03-03T16:44:36.687+0100] {dag.py:3336} INFO - Setting next_dagrun for example_branch_python_operator_decorator to 2023-03-02T00:00:00+00:00, run_after=2023-03-03T00:00:00+00:00
[2023-03-03T16:44:36.702+0100] {processor.py:176} INFO - Processing /Users/uab910/dev/nnam-poc/pyenv/lib/python3.10/site-packages/airflow/example_dags/example_branch_operator_decorator.py took 0.259 seconds
[2023-03-03T16:46:10.533+0100] {processor.py:154} INFO - Started process (PID=58968) to work on /Users/uab910/dev/nnam-poc/pyenv/lib/python3.10/site-packages/airflow/example_dags/example_branch_operator_decorator.py
[2023-03-03T16:46:10.540+0100] {processor.py:756} INFO - Processing file /Users/uab910/dev/nnam-poc/pyenv/lib/python3.10/site-packages/airflow/example_dags/example_branch_operator_decorator.py for tasks to queue
[2023-03-03T16:46:10.540+0100] {logging_mixin.py:137} INFO - [2023-03-03T16:46:10.540+0100] {dagbag.py:537} INFO - Filling up the DagBag from /Users/uab910/dev/nnam-poc/pyenv/lib/python3.10/site-packages/airflow/example_dags/example_branch_operator_decorator.py
[2023-03-03T16:46:10.615+0100] {processor.py:766} INFO - DAG(s) dict_keys(['example_branch_python_operator_decorator']) retrieved from /Users/uab910/dev/nnam-poc/pyenv/lib/python3.10/site-packages/airflow/example_dags/example_branch_operator_decorator.py
[2023-03-03T16:46:10.829+0100] {logging_mixin.py:137} INFO - [2023-03-03T16:46:10.828+0100] {dag.py:2585} INFO - Sync 1 DAGs
[2023-03-03T16:46:10.849+0100] {logging_mixin.py:137} INFO - [2023-03-03T16:46:10.848+0100] {dag.py:3336} INFO - Setting next_dagrun for example_branch_python_operator_decorator to 2023-03-02T00:00:00+00:00, run_after=2023-03-03T00:00:00+00:00
[2023-03-03T16:46:10.868+0100] {processor.py:176} INFO - Processing /Users/uab910/dev/nnam-poc/pyenv/lib/python3.10/site-packages/airflow/example_dags/example_branch_operator_decorator.py took 0.335 seconds
[2023-03-03T16:47:42.172+0100] {processor.py:154} INFO - Started process (PID=59032) to work on /Users/uab910/dev/nnam-poc/pyenv/lib/python3.10/site-packages/airflow/example_dags/example_branch_operator_decorator.py
[2023-03-03T16:47:42.178+0100] {processor.py:756} INFO - Processing file /Users/uab910/dev/nnam-poc/pyenv/lib/python3.10/site-packages/airflow/example_dags/example_branch_operator_decorator.py for tasks to queue
[2023-03-03T16:47:42.178+0100] {logging_mixin.py:137} INFO - [2023-03-03T16:47:42.178+0100] {dagbag.py:537} INFO - Filling up the DagBag from /Users/uab910/dev/nnam-poc/pyenv/lib/python3.10/site-packages/airflow/example_dags/example_branch_operator_decorator.py
[2023-03-03T16:47:42.245+0100] {processor.py:766} INFO - DAG(s) dict_keys(['example_branch_python_operator_decorator']) retrieved from /Users/uab910/dev/nnam-poc/pyenv/lib/python3.10/site-packages/airflow/example_dags/example_branch_operator_decorator.py
[2023-03-03T16:47:42.407+0100] {logging_mixin.py:137} INFO - [2023-03-03T16:47:42.407+0100] {dag.py:2585} INFO - Sync 1 DAGs
[2023-03-03T16:47:42.423+0100] {logging_mixin.py:137} INFO - [2023-03-03T16:47:42.423+0100] {dag.py:3336} INFO - Setting next_dagrun for example_branch_python_operator_decorator to 2023-03-02T00:00:00+00:00, run_after=2023-03-03T00:00:00+00:00
[2023-03-03T16:47:42.438+0100] {processor.py:176} INFO - Processing /Users/uab910/dev/nnam-poc/pyenv/lib/python3.10/site-packages/airflow/example_dags/example_branch_operator_decorator.py took 0.267 seconds
[2023-03-03T16:49:14.391+0100] {processor.py:154} INFO - Started process (PID=59080) to work on /Users/uab910/dev/nnam-poc/pyenv/lib/python3.10/site-packages/airflow/example_dags/example_branch_operator_decorator.py
[2023-03-03T16:49:14.396+0100] {processor.py:756} INFO - Processing file /Users/uab910/dev/nnam-poc/pyenv/lib/python3.10/site-packages/airflow/example_dags/example_branch_operator_decorator.py for tasks to queue
[2023-03-03T16:49:14.397+0100] {logging_mixin.py:137} INFO - [2023-03-03T16:49:14.397+0100] {dagbag.py:537} INFO - Filling up the DagBag from /Users/uab910/dev/nnam-poc/pyenv/lib/python3.10/site-packages/airflow/example_dags/example_branch_operator_decorator.py
[2023-03-03T16:49:14.468+0100] {processor.py:766} INFO - DAG(s) dict_keys(['example_branch_python_operator_decorator']) retrieved from /Users/uab910/dev/nnam-poc/pyenv/lib/python3.10/site-packages/airflow/example_dags/example_branch_operator_decorator.py
[2023-03-03T16:49:14.662+0100] {logging_mixin.py:137} INFO - [2023-03-03T16:49:14.662+0100] {dag.py:2585} INFO - Sync 1 DAGs
[2023-03-03T16:49:14.680+0100] {logging_mixin.py:137} INFO - [2023-03-03T16:49:14.680+0100] {dag.py:3336} INFO - Setting next_dagrun for example_branch_python_operator_decorator to 2023-03-02T00:00:00+00:00, run_after=2023-03-03T00:00:00+00:00
[2023-03-03T16:49:14.697+0100] {processor.py:176} INFO - Processing /Users/uab910/dev/nnam-poc/pyenv/lib/python3.10/site-packages/airflow/example_dags/example_branch_operator_decorator.py took 0.307 seconds
[2023-03-03T16:50:48.573+0100] {processor.py:154} INFO - Started process (PID=59145) to work on /Users/uab910/dev/nnam-poc/pyenv/lib/python3.10/site-packages/airflow/example_dags/example_branch_operator_decorator.py
[2023-03-03T16:50:48.578+0100] {processor.py:756} INFO - Processing file /Users/uab910/dev/nnam-poc/pyenv/lib/python3.10/site-packages/airflow/example_dags/example_branch_operator_decorator.py for tasks to queue
[2023-03-03T16:50:48.579+0100] {logging_mixin.py:137} INFO - [2023-03-03T16:50:48.578+0100] {dagbag.py:537} INFO - Filling up the DagBag from /Users/uab910/dev/nnam-poc/pyenv/lib/python3.10/site-packages/airflow/example_dags/example_branch_operator_decorator.py
[2023-03-03T16:50:48.647+0100] {processor.py:766} INFO - DAG(s) dict_keys(['example_branch_python_operator_decorator']) retrieved from /Users/uab910/dev/nnam-poc/pyenv/lib/python3.10/site-packages/airflow/example_dags/example_branch_operator_decorator.py
[2023-03-03T16:50:48.845+0100] {logging_mixin.py:137} INFO - [2023-03-03T16:50:48.845+0100] {dag.py:2585} INFO - Sync 1 DAGs
[2023-03-03T16:50:48.864+0100] {logging_mixin.py:137} INFO - [2023-03-03T16:50:48.864+0100] {dag.py:3336} INFO - Setting next_dagrun for example_branch_python_operator_decorator to 2023-03-02T00:00:00+00:00, run_after=2023-03-03T00:00:00+00:00
[2023-03-03T16:50:48.883+0100] {processor.py:176} INFO - Processing /Users/uab910/dev/nnam-poc/pyenv/lib/python3.10/site-packages/airflow/example_dags/example_branch_operator_decorator.py took 0.310 seconds
[2023-03-03T16:52:20.639+0100] {processor.py:154} INFO - Started process (PID=59200) to work on /Users/uab910/dev/nnam-poc/pyenv/lib/python3.10/site-packages/airflow/example_dags/example_branch_operator_decorator.py
[2023-03-03T16:52:20.645+0100] {processor.py:756} INFO - Processing file /Users/uab910/dev/nnam-poc/pyenv/lib/python3.10/site-packages/airflow/example_dags/example_branch_operator_decorator.py for tasks to queue
[2023-03-03T16:52:20.646+0100] {logging_mixin.py:137} INFO - [2023-03-03T16:52:20.646+0100] {dagbag.py:537} INFO - Filling up the DagBag from /Users/uab910/dev/nnam-poc/pyenv/lib/python3.10/site-packages/airflow/example_dags/example_branch_operator_decorator.py
[2023-03-03T16:52:20.715+0100] {processor.py:766} INFO - DAG(s) dict_keys(['example_branch_python_operator_decorator']) retrieved from /Users/uab910/dev/nnam-poc/pyenv/lib/python3.10/site-packages/airflow/example_dags/example_branch_operator_decorator.py
[2023-03-03T16:52:20.876+0100] {logging_mixin.py:137} INFO - [2023-03-03T16:52:20.876+0100] {dag.py:2585} INFO - Sync 1 DAGs
[2023-03-03T16:52:20.890+0100] {logging_mixin.py:137} INFO - [2023-03-03T16:52:20.890+0100] {dag.py:3336} INFO - Setting next_dagrun for example_branch_python_operator_decorator to 2023-03-02T00:00:00+00:00, run_after=2023-03-03T00:00:00+00:00
[2023-03-03T16:52:20.905+0100] {processor.py:176} INFO - Processing /Users/uab910/dev/nnam-poc/pyenv/lib/python3.10/site-packages/airflow/example_dags/example_branch_operator_decorator.py took 0.266 seconds
[2023-03-03T16:53:48.486+0100] {processor.py:154} INFO - Started process (PID=59259) to work on /Users/uab910/dev/nnam-poc/pyenv/lib/python3.10/site-packages/airflow/example_dags/example_branch_operator_decorator.py
[2023-03-03T16:53:48.492+0100] {processor.py:756} INFO - Processing file /Users/uab910/dev/nnam-poc/pyenv/lib/python3.10/site-packages/airflow/example_dags/example_branch_operator_decorator.py for tasks to queue
[2023-03-03T16:53:48.492+0100] {logging_mixin.py:137} INFO - [2023-03-03T16:53:48.492+0100] {dagbag.py:537} INFO - Filling up the DagBag from /Users/uab910/dev/nnam-poc/pyenv/lib/python3.10/site-packages/airflow/example_dags/example_branch_operator_decorator.py
[2023-03-03T16:53:48.563+0100] {processor.py:766} INFO - DAG(s) dict_keys(['example_branch_python_operator_decorator']) retrieved from /Users/uab910/dev/nnam-poc/pyenv/lib/python3.10/site-packages/airflow/example_dags/example_branch_operator_decorator.py
[2023-03-03T16:53:48.739+0100] {logging_mixin.py:137} INFO - [2023-03-03T16:53:48.739+0100] {dag.py:2585} INFO - Sync 1 DAGs
[2023-03-03T16:53:48.754+0100] {logging_mixin.py:137} INFO - [2023-03-03T16:53:48.754+0100] {dag.py:3336} INFO - Setting next_dagrun for example_branch_python_operator_decorator to 2023-03-02T00:00:00+00:00, run_after=2023-03-03T00:00:00+00:00
[2023-03-03T16:53:48.770+0100] {processor.py:176} INFO - Processing /Users/uab910/dev/nnam-poc/pyenv/lib/python3.10/site-packages/airflow/example_dags/example_branch_operator_decorator.py took 0.285 seconds
[2023-03-03T16:55:22.048+0100] {processor.py:154} INFO - Started process (PID=59309) to work on /Users/uab910/dev/nnam-poc/pyenv/lib/python3.10/site-packages/airflow/example_dags/example_branch_operator_decorator.py
[2023-03-03T16:55:22.053+0100] {processor.py:756} INFO - Processing file /Users/uab910/dev/nnam-poc/pyenv/lib/python3.10/site-packages/airflow/example_dags/example_branch_operator_decorator.py for tasks to queue
[2023-03-03T16:55:22.053+0100] {logging_mixin.py:137} INFO - [2023-03-03T16:55:22.053+0100] {dagbag.py:537} INFO - Filling up the DagBag from /Users/uab910/dev/nnam-poc/pyenv/lib/python3.10/site-packages/airflow/example_dags/example_branch_operator_decorator.py
[2023-03-03T16:55:22.115+0100] {processor.py:766} INFO - DAG(s) dict_keys(['example_branch_python_operator_decorator']) retrieved from /Users/uab910/dev/nnam-poc/pyenv/lib/python3.10/site-packages/airflow/example_dags/example_branch_operator_decorator.py
[2023-03-03T16:55:22.275+0100] {logging_mixin.py:137} INFO - [2023-03-03T16:55:22.275+0100] {dag.py:2585} INFO - Sync 1 DAGs
[2023-03-03T16:55:22.290+0100] {logging_mixin.py:137} INFO - [2023-03-03T16:55:22.290+0100] {dag.py:3336} INFO - Setting next_dagrun for example_branch_python_operator_decorator to 2023-03-02T00:00:00+00:00, run_after=2023-03-03T00:00:00+00:00
[2023-03-03T16:55:22.305+0100] {processor.py:176} INFO - Processing /Users/uab910/dev/nnam-poc/pyenv/lib/python3.10/site-packages/airflow/example_dags/example_branch_operator_decorator.py took 0.258 seconds
[2023-03-03T16:56:55.292+0100] {processor.py:154} INFO - Started process (PID=59358) to work on /Users/uab910/dev/nnam-poc/pyenv/lib/python3.10/site-packages/airflow/example_dags/example_branch_operator_decorator.py
[2023-03-03T16:56:55.298+0100] {processor.py:756} INFO - Processing file /Users/uab910/dev/nnam-poc/pyenv/lib/python3.10/site-packages/airflow/example_dags/example_branch_operator_decorator.py for tasks to queue
[2023-03-03T16:56:55.299+0100] {logging_mixin.py:137} INFO - [2023-03-03T16:56:55.299+0100] {dagbag.py:537} INFO - Filling up the DagBag from /Users/uab910/dev/nnam-poc/pyenv/lib/python3.10/site-packages/airflow/example_dags/example_branch_operator_decorator.py
[2023-03-03T16:56:55.366+0100] {processor.py:766} INFO - DAG(s) dict_keys(['example_branch_python_operator_decorator']) retrieved from /Users/uab910/dev/nnam-poc/pyenv/lib/python3.10/site-packages/airflow/example_dags/example_branch_operator_decorator.py
[2023-03-03T16:56:55.565+0100] {logging_mixin.py:137} INFO - [2023-03-03T16:56:55.565+0100] {dag.py:2585} INFO - Sync 1 DAGs
[2023-03-03T16:56:55.583+0100] {logging_mixin.py:137} INFO - [2023-03-03T16:56:55.583+0100] {dag.py:3336} INFO - Setting next_dagrun for example_branch_python_operator_decorator to 2023-03-02T00:00:00+00:00, run_after=2023-03-03T00:00:00+00:00
[2023-03-03T16:56:55.601+0100] {processor.py:176} INFO - Processing /Users/uab910/dev/nnam-poc/pyenv/lib/python3.10/site-packages/airflow/example_dags/example_branch_operator_decorator.py took 0.310 seconds
[2023-03-03T16:58:28.632+0100] {processor.py:154} INFO - Started process (PID=59407) to work on /Users/uab910/dev/nnam-poc/pyenv/lib/python3.10/site-packages/airflow/example_dags/example_branch_operator_decorator.py
[2023-03-03T16:58:28.638+0100] {processor.py:756} INFO - Processing file /Users/uab910/dev/nnam-poc/pyenv/lib/python3.10/site-packages/airflow/example_dags/example_branch_operator_decorator.py for tasks to queue
[2023-03-03T16:58:28.638+0100] {logging_mixin.py:137} INFO - [2023-03-03T16:58:28.638+0100] {dagbag.py:537} INFO - Filling up the DagBag from /Users/uab910/dev/nnam-poc/pyenv/lib/python3.10/site-packages/airflow/example_dags/example_branch_operator_decorator.py
[2023-03-03T16:58:28.704+0100] {processor.py:766} INFO - DAG(s) dict_keys(['example_branch_python_operator_decorator']) retrieved from /Users/uab910/dev/nnam-poc/pyenv/lib/python3.10/site-packages/airflow/example_dags/example_branch_operator_decorator.py
[2023-03-03T16:58:28.879+0100] {logging_mixin.py:137} INFO - [2023-03-03T16:58:28.879+0100] {dag.py:2585} INFO - Sync 1 DAGs
[2023-03-03T16:58:28.897+0100] {logging_mixin.py:137} INFO - [2023-03-03T16:58:28.896+0100] {dag.py:3336} INFO - Setting next_dagrun for example_branch_python_operator_decorator to 2023-03-02T00:00:00+00:00, run_after=2023-03-03T00:00:00+00:00
[2023-03-03T16:58:28.914+0100] {processor.py:176} INFO - Processing /Users/uab910/dev/nnam-poc/pyenv/lib/python3.10/site-packages/airflow/example_dags/example_branch_operator_decorator.py took 0.283 seconds
[2023-03-03T17:00:02.157+0100] {processor.py:154} INFO - Started process (PID=59452) to work on /Users/uab910/dev/nnam-poc/pyenv/lib/python3.10/site-packages/airflow/example_dags/example_branch_operator_decorator.py
[2023-03-03T17:00:02.164+0100] {processor.py:756} INFO - Processing file /Users/uab910/dev/nnam-poc/pyenv/lib/python3.10/site-packages/airflow/example_dags/example_branch_operator_decorator.py for tasks to queue
[2023-03-03T17:00:02.165+0100] {logging_mixin.py:137} INFO - [2023-03-03T17:00:02.165+0100] {dagbag.py:537} INFO - Filling up the DagBag from /Users/uab910/dev/nnam-poc/pyenv/lib/python3.10/site-packages/airflow/example_dags/example_branch_operator_decorator.py
[2023-03-03T17:00:02.234+0100] {processor.py:766} INFO - DAG(s) dict_keys(['example_branch_python_operator_decorator']) retrieved from /Users/uab910/dev/nnam-poc/pyenv/lib/python3.10/site-packages/airflow/example_dags/example_branch_operator_decorator.py
[2023-03-03T17:00:02.397+0100] {logging_mixin.py:137} INFO - [2023-03-03T17:00:02.397+0100] {dag.py:2585} INFO - Sync 1 DAGs
[2023-03-03T17:00:02.415+0100] {logging_mixin.py:137} INFO - [2023-03-03T17:00:02.414+0100] {dag.py:3336} INFO - Setting next_dagrun for example_branch_python_operator_decorator to 2023-03-02T00:00:00+00:00, run_after=2023-03-03T00:00:00+00:00
[2023-03-03T17:00:02.432+0100] {processor.py:176} INFO - Processing /Users/uab910/dev/nnam-poc/pyenv/lib/python3.10/site-packages/airflow/example_dags/example_branch_operator_decorator.py took 0.275 seconds
[2023-03-03T17:01:34.917+0100] {processor.py:154} INFO - Started process (PID=59503) to work on /Users/uab910/dev/nnam-poc/pyenv/lib/python3.10/site-packages/airflow/example_dags/example_branch_operator_decorator.py
[2023-03-03T17:01:34.922+0100] {processor.py:756} INFO - Processing file /Users/uab910/dev/nnam-poc/pyenv/lib/python3.10/site-packages/airflow/example_dags/example_branch_operator_decorator.py for tasks to queue
[2023-03-03T17:01:34.922+0100] {logging_mixin.py:137} INFO - [2023-03-03T17:01:34.922+0100] {dagbag.py:537} INFO - Filling up the DagBag from /Users/uab910/dev/nnam-poc/pyenv/lib/python3.10/site-packages/airflow/example_dags/example_branch_operator_decorator.py
[2023-03-03T17:01:34.975+0100] {processor.py:766} INFO - DAG(s) dict_keys(['example_branch_python_operator_decorator']) retrieved from /Users/uab910/dev/nnam-poc/pyenv/lib/python3.10/site-packages/airflow/example_dags/example_branch_operator_decorator.py
[2023-03-03T17:01:35.130+0100] {logging_mixin.py:137} INFO - [2023-03-03T17:01:35.129+0100] {dag.py:2585} INFO - Sync 1 DAGs
[2023-03-03T17:01:35.143+0100] {logging_mixin.py:137} INFO - [2023-03-03T17:01:35.143+0100] {dag.py:3336} INFO - Setting next_dagrun for example_branch_python_operator_decorator to 2023-03-02T00:00:00+00:00, run_after=2023-03-03T00:00:00+00:00
[2023-03-03T17:01:35.157+0100] {processor.py:176} INFO - Processing /Users/uab910/dev/nnam-poc/pyenv/lib/python3.10/site-packages/airflow/example_dags/example_branch_operator_decorator.py took 0.241 seconds
[2023-03-03T17:03:07.148+0100] {processor.py:154} INFO - Started process (PID=59550) to work on /Users/uab910/dev/nnam-poc/pyenv/lib/python3.10/site-packages/airflow/example_dags/example_branch_operator_decorator.py
[2023-03-03T17:03:07.153+0100] {processor.py:756} INFO - Processing file /Users/uab910/dev/nnam-poc/pyenv/lib/python3.10/site-packages/airflow/example_dags/example_branch_operator_decorator.py for tasks to queue
[2023-03-03T17:03:07.153+0100] {logging_mixin.py:137} INFO - [2023-03-03T17:03:07.153+0100] {dagbag.py:537} INFO - Filling up the DagBag from /Users/uab910/dev/nnam-poc/pyenv/lib/python3.10/site-packages/airflow/example_dags/example_branch_operator_decorator.py
[2023-03-03T17:03:07.208+0100] {processor.py:766} INFO - DAG(s) dict_keys(['example_branch_python_operator_decorator']) retrieved from /Users/uab910/dev/nnam-poc/pyenv/lib/python3.10/site-packages/airflow/example_dags/example_branch_operator_decorator.py
[2023-03-03T17:03:07.362+0100] {logging_mixin.py:137} INFO - [2023-03-03T17:03:07.362+0100] {dag.py:2585} INFO - Sync 1 DAGs
[2023-03-03T17:03:07.378+0100] {logging_mixin.py:137} INFO - [2023-03-03T17:03:07.378+0100] {dag.py:3336} INFO - Setting next_dagrun for example_branch_python_operator_decorator to 2023-03-02T00:00:00+00:00, run_after=2023-03-03T00:00:00+00:00
[2023-03-03T17:03:07.396+0100] {processor.py:176} INFO - Processing /Users/uab910/dev/nnam-poc/pyenv/lib/python3.10/site-packages/airflow/example_dags/example_branch_operator_decorator.py took 0.249 seconds
[2023-03-03T17:04:37.969+0100] {processor.py:154} INFO - Started process (PID=59616) to work on /Users/uab910/dev/nnam-poc/pyenv/lib/python3.10/site-packages/airflow/example_dags/example_branch_operator_decorator.py
[2023-03-03T17:04:37.975+0100] {processor.py:756} INFO - Processing file /Users/uab910/dev/nnam-poc/pyenv/lib/python3.10/site-packages/airflow/example_dags/example_branch_operator_decorator.py for tasks to queue
[2023-03-03T17:04:37.975+0100] {logging_mixin.py:137} INFO - [2023-03-03T17:04:37.975+0100] {dagbag.py:537} INFO - Filling up the DagBag from /Users/uab910/dev/nnam-poc/pyenv/lib/python3.10/site-packages/airflow/example_dags/example_branch_operator_decorator.py
[2023-03-03T17:04:38.034+0100] {processor.py:766} INFO - DAG(s) dict_keys(['example_branch_python_operator_decorator']) retrieved from /Users/uab910/dev/nnam-poc/pyenv/lib/python3.10/site-packages/airflow/example_dags/example_branch_operator_decorator.py
[2023-03-03T17:04:38.189+0100] {logging_mixin.py:137} INFO - [2023-03-03T17:04:38.189+0100] {dag.py:2585} INFO - Sync 1 DAGs
[2023-03-03T17:04:38.203+0100] {logging_mixin.py:137} INFO - [2023-03-03T17:04:38.203+0100] {dag.py:3336} INFO - Setting next_dagrun for example_branch_python_operator_decorator to 2023-03-02T00:00:00+00:00, run_after=2023-03-03T00:00:00+00:00
[2023-03-03T17:04:38.217+0100] {processor.py:176} INFO - Processing /Users/uab910/dev/nnam-poc/pyenv/lib/python3.10/site-packages/airflow/example_dags/example_branch_operator_decorator.py took 0.248 seconds
[2023-03-03T17:06:07.531+0100] {processor.py:154} INFO - Started process (PID=59665) to work on /Users/uab910/dev/nnam-poc/pyenv/lib/python3.10/site-packages/airflow/example_dags/example_branch_operator_decorator.py
[2023-03-03T17:06:07.537+0100] {processor.py:756} INFO - Processing file /Users/uab910/dev/nnam-poc/pyenv/lib/python3.10/site-packages/airflow/example_dags/example_branch_operator_decorator.py for tasks to queue
[2023-03-03T17:06:07.537+0100] {logging_mixin.py:137} INFO - [2023-03-03T17:06:07.537+0100] {dagbag.py:537} INFO - Filling up the DagBag from /Users/uab910/dev/nnam-poc/pyenv/lib/python3.10/site-packages/airflow/example_dags/example_branch_operator_decorator.py
[2023-03-03T17:06:07.601+0100] {processor.py:766} INFO - DAG(s) dict_keys(['example_branch_python_operator_decorator']) retrieved from /Users/uab910/dev/nnam-poc/pyenv/lib/python3.10/site-packages/airflow/example_dags/example_branch_operator_decorator.py
[2023-03-03T17:06:07.768+0100] {logging_mixin.py:137} INFO - [2023-03-03T17:06:07.768+0100] {dag.py:2585} INFO - Sync 1 DAGs
[2023-03-03T17:06:07.783+0100] {logging_mixin.py:137} INFO - [2023-03-03T17:06:07.783+0100] {dag.py:3336} INFO - Setting next_dagrun for example_branch_python_operator_decorator to 2023-03-02T00:00:00+00:00, run_after=2023-03-03T00:00:00+00:00
[2023-03-03T17:06:07.800+0100] {processor.py:176} INFO - Processing /Users/uab910/dev/nnam-poc/pyenv/lib/python3.10/site-packages/airflow/example_dags/example_branch_operator_decorator.py took 0.269 seconds
[2023-03-03T17:07:50.762+0100] {processor.py:154} INFO - Started process (PID=59720) to work on /Users/uab910/dev/nnam-poc/pyenv/lib/python3.10/site-packages/airflow/example_dags/example_branch_operator_decorator.py
[2023-03-03T17:07:50.768+0100] {processor.py:756} INFO - Processing file /Users/uab910/dev/nnam-poc/pyenv/lib/python3.10/site-packages/airflow/example_dags/example_branch_operator_decorator.py for tasks to queue
[2023-03-03T17:07:50.769+0100] {logging_mixin.py:137} INFO - [2023-03-03T17:07:50.769+0100] {dagbag.py:537} INFO - Filling up the DagBag from /Users/uab910/dev/nnam-poc/pyenv/lib/python3.10/site-packages/airflow/example_dags/example_branch_operator_decorator.py
[2023-03-03T17:07:50.831+0100] {processor.py:766} INFO - DAG(s) dict_keys(['example_branch_python_operator_decorator']) retrieved from /Users/uab910/dev/nnam-poc/pyenv/lib/python3.10/site-packages/airflow/example_dags/example_branch_operator_decorator.py
[2023-03-03T17:07:50.987+0100] {logging_mixin.py:137} INFO - [2023-03-03T17:07:50.987+0100] {dag.py:2585} INFO - Sync 1 DAGs
[2023-03-03T17:07:51.001+0100] {logging_mixin.py:137} INFO - [2023-03-03T17:07:51.001+0100] {dag.py:3336} INFO - Setting next_dagrun for example_branch_python_operator_decorator to 2023-03-02T00:00:00+00:00, run_after=2023-03-03T00:00:00+00:00
[2023-03-03T17:07:51.014+0100] {processor.py:176} INFO - Processing /Users/uab910/dev/nnam-poc/pyenv/lib/python3.10/site-packages/airflow/example_dags/example_branch_operator_decorator.py took 0.252 seconds
[2023-03-03T17:09:27.881+0100] {processor.py:154} INFO - Started process (PID=59787) to work on /Users/uab910/dev/nnam-poc/pyenv/lib/python3.10/site-packages/airflow/example_dags/example_branch_operator_decorator.py
[2023-03-03T17:09:27.888+0100] {processor.py:756} INFO - Processing file /Users/uab910/dev/nnam-poc/pyenv/lib/python3.10/site-packages/airflow/example_dags/example_branch_operator_decorator.py for tasks to queue
[2023-03-03T17:09:27.888+0100] {logging_mixin.py:137} INFO - [2023-03-03T17:09:27.888+0100] {dagbag.py:537} INFO - Filling up the DagBag from /Users/uab910/dev/nnam-poc/pyenv/lib/python3.10/site-packages/airflow/example_dags/example_branch_operator_decorator.py
[2023-03-03T17:09:27.944+0100] {processor.py:766} INFO - DAG(s) dict_keys(['example_branch_python_operator_decorator']) retrieved from /Users/uab910/dev/nnam-poc/pyenv/lib/python3.10/site-packages/airflow/example_dags/example_branch_operator_decorator.py
[2023-03-03T17:09:28.101+0100] {logging_mixin.py:137} INFO - [2023-03-03T17:09:28.101+0100] {dag.py:2585} INFO - Sync 1 DAGs
[2023-03-03T17:09:28.114+0100] {logging_mixin.py:137} INFO - [2023-03-03T17:09:28.114+0100] {dag.py:3336} INFO - Setting next_dagrun for example_branch_python_operator_decorator to 2023-03-02T00:00:00+00:00, run_after=2023-03-03T00:00:00+00:00
[2023-03-03T17:09:28.128+0100] {processor.py:176} INFO - Processing /Users/uab910/dev/nnam-poc/pyenv/lib/python3.10/site-packages/airflow/example_dags/example_branch_operator_decorator.py took 0.248 seconds
[2023-03-03T17:10:54.932+0100] {processor.py:154} INFO - Started process (PID=59835) to work on /Users/uab910/dev/nnam-poc/pyenv/lib/python3.10/site-packages/airflow/example_dags/example_branch_operator_decorator.py
[2023-03-03T17:10:54.936+0100] {processor.py:756} INFO - Processing file /Users/uab910/dev/nnam-poc/pyenv/lib/python3.10/site-packages/airflow/example_dags/example_branch_operator_decorator.py for tasks to queue
[2023-03-03T17:10:54.937+0100] {logging_mixin.py:137} INFO - [2023-03-03T17:10:54.937+0100] {dagbag.py:537} INFO - Filling up the DagBag from /Users/uab910/dev/nnam-poc/pyenv/lib/python3.10/site-packages/airflow/example_dags/example_branch_operator_decorator.py
[2023-03-03T17:10:54.994+0100] {processor.py:766} INFO - DAG(s) dict_keys(['example_branch_python_operator_decorator']) retrieved from /Users/uab910/dev/nnam-poc/pyenv/lib/python3.10/site-packages/airflow/example_dags/example_branch_operator_decorator.py
[2023-03-03T17:10:55.146+0100] {logging_mixin.py:137} INFO - [2023-03-03T17:10:55.146+0100] {dag.py:2585} INFO - Sync 1 DAGs
[2023-03-03T17:10:55.161+0100] {logging_mixin.py:137} INFO - [2023-03-03T17:10:55.161+0100] {dag.py:3336} INFO - Setting next_dagrun for example_branch_python_operator_decorator to 2023-03-02T00:00:00+00:00, run_after=2023-03-03T00:00:00+00:00
[2023-03-03T17:10:55.177+0100] {processor.py:176} INFO - Processing /Users/uab910/dev/nnam-poc/pyenv/lib/python3.10/site-packages/airflow/example_dags/example_branch_operator_decorator.py took 0.245 seconds
[2023-03-03T17:12:24.927+0100] {processor.py:154} INFO - Started process (PID=59898) to work on /Users/uab910/dev/nnam-poc/pyenv/lib/python3.10/site-packages/airflow/example_dags/example_branch_operator_decorator.py
[2023-03-03T17:12:24.933+0100] {processor.py:756} INFO - Processing file /Users/uab910/dev/nnam-poc/pyenv/lib/python3.10/site-packages/airflow/example_dags/example_branch_operator_decorator.py for tasks to queue
[2023-03-03T17:12:24.933+0100] {logging_mixin.py:137} INFO - [2023-03-03T17:12:24.933+0100] {dagbag.py:537} INFO - Filling up the DagBag from /Users/uab910/dev/nnam-poc/pyenv/lib/python3.10/site-packages/airflow/example_dags/example_branch_operator_decorator.py
[2023-03-03T17:12:25.000+0100] {processor.py:766} INFO - DAG(s) dict_keys(['example_branch_python_operator_decorator']) retrieved from /Users/uab910/dev/nnam-poc/pyenv/lib/python3.10/site-packages/airflow/example_dags/example_branch_operator_decorator.py
[2023-03-03T17:12:25.189+0100] {logging_mixin.py:137} INFO - [2023-03-03T17:12:25.189+0100] {dag.py:2585} INFO - Sync 1 DAGs
[2023-03-03T17:12:25.207+0100] {logging_mixin.py:137} INFO - [2023-03-03T17:12:25.206+0100] {dag.py:3336} INFO - Setting next_dagrun for example_branch_python_operator_decorator to 2023-03-02T00:00:00+00:00, run_after=2023-03-03T00:00:00+00:00
[2023-03-03T17:12:25.223+0100] {processor.py:176} INFO - Processing /Users/uab910/dev/nnam-poc/pyenv/lib/python3.10/site-packages/airflow/example_dags/example_branch_operator_decorator.py took 0.297 seconds
[2023-03-03T17:13:54.390+0100] {processor.py:154} INFO - Started process (PID=59981) to work on /Users/uab910/dev/nnam-poc/pyenv/lib/python3.10/site-packages/airflow/example_dags/example_branch_operator_decorator.py
[2023-03-03T17:13:54.396+0100] {processor.py:756} INFO - Processing file /Users/uab910/dev/nnam-poc/pyenv/lib/python3.10/site-packages/airflow/example_dags/example_branch_operator_decorator.py for tasks to queue
[2023-03-03T17:13:54.396+0100] {logging_mixin.py:137} INFO - [2023-03-03T17:13:54.396+0100] {dagbag.py:537} INFO - Filling up the DagBag from /Users/uab910/dev/nnam-poc/pyenv/lib/python3.10/site-packages/airflow/example_dags/example_branch_operator_decorator.py
[2023-03-03T17:13:54.466+0100] {processor.py:766} INFO - DAG(s) dict_keys(['example_branch_python_operator_decorator']) retrieved from /Users/uab910/dev/nnam-poc/pyenv/lib/python3.10/site-packages/airflow/example_dags/example_branch_operator_decorator.py
[2023-03-03T17:13:54.655+0100] {logging_mixin.py:137} INFO - [2023-03-03T17:13:54.655+0100] {dag.py:2585} INFO - Sync 1 DAGs
[2023-03-03T17:13:54.672+0100] {logging_mixin.py:137} INFO - [2023-03-03T17:13:54.672+0100] {dag.py:3336} INFO - Setting next_dagrun for example_branch_python_operator_decorator to 2023-03-02T00:00:00+00:00, run_after=2023-03-03T00:00:00+00:00
[2023-03-03T17:13:54.691+0100] {processor.py:176} INFO - Processing /Users/uab910/dev/nnam-poc/pyenv/lib/python3.10/site-packages/airflow/example_dags/example_branch_operator_decorator.py took 0.302 seconds
[2023-03-03T17:15:27.390+0100] {processor.py:154} INFO - Started process (PID=60036) to work on /Users/uab910/dev/nnam-poc/pyenv/lib/python3.10/site-packages/airflow/example_dags/example_branch_operator_decorator.py
[2023-03-03T17:15:27.396+0100] {processor.py:756} INFO - Processing file /Users/uab910/dev/nnam-poc/pyenv/lib/python3.10/site-packages/airflow/example_dags/example_branch_operator_decorator.py for tasks to queue
[2023-03-03T17:15:27.397+0100] {logging_mixin.py:137} INFO - [2023-03-03T17:15:27.397+0100] {dagbag.py:537} INFO - Filling up the DagBag from /Users/uab910/dev/nnam-poc/pyenv/lib/python3.10/site-packages/airflow/example_dags/example_branch_operator_decorator.py
[2023-03-03T17:15:27.466+0100] {processor.py:766} INFO - DAG(s) dict_keys(['example_branch_python_operator_decorator']) retrieved from /Users/uab910/dev/nnam-poc/pyenv/lib/python3.10/site-packages/airflow/example_dags/example_branch_operator_decorator.py
[2023-03-03T17:15:27.657+0100] {logging_mixin.py:137} INFO - [2023-03-03T17:15:27.657+0100] {dag.py:2585} INFO - Sync 1 DAGs
[2023-03-03T17:15:27.676+0100] {logging_mixin.py:137} INFO - [2023-03-03T17:15:27.676+0100] {dag.py:3336} INFO - Setting next_dagrun for example_branch_python_operator_decorator to 2023-03-02T00:00:00+00:00, run_after=2023-03-03T00:00:00+00:00
[2023-03-03T17:15:27.694+0100] {processor.py:176} INFO - Processing /Users/uab910/dev/nnam-poc/pyenv/lib/python3.10/site-packages/airflow/example_dags/example_branch_operator_decorator.py took 0.304 seconds
[2023-03-03T17:17:00.202+0100] {processor.py:154} INFO - Started process (PID=60090) to work on /Users/uab910/dev/nnam-poc/pyenv/lib/python3.10/site-packages/airflow/example_dags/example_branch_operator_decorator.py
[2023-03-03T17:17:00.207+0100] {processor.py:756} INFO - Processing file /Users/uab910/dev/nnam-poc/pyenv/lib/python3.10/site-packages/airflow/example_dags/example_branch_operator_decorator.py for tasks to queue
[2023-03-03T17:17:00.208+0100] {logging_mixin.py:137} INFO - [2023-03-03T17:17:00.208+0100] {dagbag.py:537} INFO - Filling up the DagBag from /Users/uab910/dev/nnam-poc/pyenv/lib/python3.10/site-packages/airflow/example_dags/example_branch_operator_decorator.py
[2023-03-03T17:17:00.276+0100] {processor.py:766} INFO - DAG(s) dict_keys(['example_branch_python_operator_decorator']) retrieved from /Users/uab910/dev/nnam-poc/pyenv/lib/python3.10/site-packages/airflow/example_dags/example_branch_operator_decorator.py
[2023-03-03T17:17:00.441+0100] {logging_mixin.py:137} INFO - [2023-03-03T17:17:00.441+0100] {dag.py:2585} INFO - Sync 1 DAGs
[2023-03-03T17:17:00.456+0100] {logging_mixin.py:137} INFO - [2023-03-03T17:17:00.456+0100] {dag.py:3336} INFO - Setting next_dagrun for example_branch_python_operator_decorator to 2023-03-02T00:00:00+00:00, run_after=2023-03-03T00:00:00+00:00
[2023-03-03T17:17:00.472+0100] {processor.py:176} INFO - Processing /Users/uab910/dev/nnam-poc/pyenv/lib/python3.10/site-packages/airflow/example_dags/example_branch_operator_decorator.py took 0.270 seconds
[2023-03-03T17:18:27.381+0100] {processor.py:154} INFO - Started process (PID=60141) to work on /Users/uab910/dev/nnam-poc/pyenv/lib/python3.10/site-packages/airflow/example_dags/example_branch_operator_decorator.py
[2023-03-03T17:18:27.386+0100] {processor.py:756} INFO - Processing file /Users/uab910/dev/nnam-poc/pyenv/lib/python3.10/site-packages/airflow/example_dags/example_branch_operator_decorator.py for tasks to queue
[2023-03-03T17:18:27.386+0100] {logging_mixin.py:137} INFO - [2023-03-03T17:18:27.386+0100] {dagbag.py:537} INFO - Filling up the DagBag from /Users/uab910/dev/nnam-poc/pyenv/lib/python3.10/site-packages/airflow/example_dags/example_branch_operator_decorator.py
[2023-03-03T17:18:27.442+0100] {processor.py:766} INFO - DAG(s) dict_keys(['example_branch_python_operator_decorator']) retrieved from /Users/uab910/dev/nnam-poc/pyenv/lib/python3.10/site-packages/airflow/example_dags/example_branch_operator_decorator.py
[2023-03-03T17:18:27.593+0100] {logging_mixin.py:137} INFO - [2023-03-03T17:18:27.593+0100] {dag.py:2585} INFO - Sync 1 DAGs
[2023-03-03T17:18:27.608+0100] {logging_mixin.py:137} INFO - [2023-03-03T17:18:27.608+0100] {dag.py:3336} INFO - Setting next_dagrun for example_branch_python_operator_decorator to 2023-03-02T00:00:00+00:00, run_after=2023-03-03T00:00:00+00:00
[2023-03-03T17:18:27.622+0100] {processor.py:176} INFO - Processing /Users/uab910/dev/nnam-poc/pyenv/lib/python3.10/site-packages/airflow/example_dags/example_branch_operator_decorator.py took 0.242 seconds
