[2023-03-04T15:59:08.748+0100] {processor.py:154} INFO - Started process (PID=64130) to work on /Users/uab910/dev/nnam-poc/pyenv/lib/python3.10/site-packages/airflow/example_dags/subdags/subdag.py
[2023-03-04T15:59:08.753+0100] {processor.py:756} INFO - Processing file /Users/uab910/dev/nnam-poc/pyenv/lib/python3.10/site-packages/airflow/example_dags/subdags/subdag.py for tasks to queue
[2023-03-04T15:59:08.753+0100] {logging_mixin.py:137} INFO - [2023-03-04T15:59:08.753+0100] {dagbag.py:537} INFO - Filling up the DagBag from /Users/uab910/dev/nnam-poc/pyenv/lib/python3.10/site-packages/airflow/example_dags/subdags/subdag.py
[2023-03-04T15:59:08.769+0100] {processor.py:768} WARNING - No viable dags retrieved from /Users/uab910/dev/nnam-poc/pyenv/lib/python3.10/site-packages/airflow/example_dags/subdags/subdag.py
[2023-03-04T15:59:08.876+0100] {processor.py:176} INFO - Processing /Users/uab910/dev/nnam-poc/pyenv/lib/python3.10/site-packages/airflow/example_dags/subdags/subdag.py took 0.128 seconds
[2023-03-04T16:00:27.393+0100] {processor.py:154} INFO - Started process (PID=64217) to work on /Users/uab910/dev/nnam-poc/pyenv/lib/python3.10/site-packages/airflow/example_dags/subdags/subdag.py
[2023-03-04T16:00:27.398+0100] {processor.py:756} INFO - Processing file /Users/uab910/dev/nnam-poc/pyenv/lib/python3.10/site-packages/airflow/example_dags/subdags/subdag.py for tasks to queue
[2023-03-04T16:00:27.399+0100] {logging_mixin.py:137} INFO - [2023-03-04T16:00:27.399+0100] {dagbag.py:537} INFO - Filling up the DagBag from /Users/uab910/dev/nnam-poc/pyenv/lib/python3.10/site-packages/airflow/example_dags/subdags/subdag.py
[2023-03-04T16:00:27.414+0100] {processor.py:768} WARNING - No viable dags retrieved from /Users/uab910/dev/nnam-poc/pyenv/lib/python3.10/site-packages/airflow/example_dags/subdags/subdag.py
[2023-03-04T16:00:27.556+0100] {processor.py:176} INFO - Processing /Users/uab910/dev/nnam-poc/pyenv/lib/python3.10/site-packages/airflow/example_dags/subdags/subdag.py took 0.164 seconds
[2023-03-04T16:01:14.247+0100] {processor.py:154} INFO - Started process (PID=64247) to work on /Users/uab910/dev/nnam-poc/pyenv/lib/python3.10/site-packages/airflow/example_dags/subdags/subdag.py
[2023-03-04T16:01:14.253+0100] {processor.py:756} INFO - Processing file /Users/uab910/dev/nnam-poc/pyenv/lib/python3.10/site-packages/airflow/example_dags/subdags/subdag.py for tasks to queue
[2023-03-04T16:01:14.253+0100] {logging_mixin.py:137} INFO - [2023-03-04T16:01:14.253+0100] {dagbag.py:537} INFO - Filling up the DagBag from /Users/uab910/dev/nnam-poc/pyenv/lib/python3.10/site-packages/airflow/example_dags/subdags/subdag.py
[2023-03-04T16:01:14.268+0100] {processor.py:768} WARNING - No viable dags retrieved from /Users/uab910/dev/nnam-poc/pyenv/lib/python3.10/site-packages/airflow/example_dags/subdags/subdag.py
[2023-03-04T16:01:14.405+0100] {processor.py:176} INFO - Processing /Users/uab910/dev/nnam-poc/pyenv/lib/python3.10/site-packages/airflow/example_dags/subdags/subdag.py took 0.158 seconds
[2023-03-04T16:02:00.140+0100] {processor.py:154} INFO - Started process (PID=64282) to work on /Users/uab910/dev/nnam-poc/pyenv/lib/python3.10/site-packages/airflow/example_dags/subdags/subdag.py
[2023-03-04T16:02:00.146+0100] {processor.py:756} INFO - Processing file /Users/uab910/dev/nnam-poc/pyenv/lib/python3.10/site-packages/airflow/example_dags/subdags/subdag.py for tasks to queue
[2023-03-04T16:02:00.147+0100] {logging_mixin.py:137} INFO - [2023-03-04T16:02:00.147+0100] {dagbag.py:537} INFO - Filling up the DagBag from /Users/uab910/dev/nnam-poc/pyenv/lib/python3.10/site-packages/airflow/example_dags/subdags/subdag.py
[2023-03-04T16:02:00.164+0100] {processor.py:768} WARNING - No viable dags retrieved from /Users/uab910/dev/nnam-poc/pyenv/lib/python3.10/site-packages/airflow/example_dags/subdags/subdag.py
[2023-03-04T16:02:00.303+0100] {processor.py:176} INFO - Processing /Users/uab910/dev/nnam-poc/pyenv/lib/python3.10/site-packages/airflow/example_dags/subdags/subdag.py took 0.164 seconds
[2023-03-04T16:02:46.955+0100] {processor.py:154} INFO - Started process (PID=64310) to work on /Users/uab910/dev/nnam-poc/pyenv/lib/python3.10/site-packages/airflow/example_dags/subdags/subdag.py
[2023-03-04T16:02:46.960+0100] {processor.py:756} INFO - Processing file /Users/uab910/dev/nnam-poc/pyenv/lib/python3.10/site-packages/airflow/example_dags/subdags/subdag.py for tasks to queue
[2023-03-04T16:02:46.960+0100] {logging_mixin.py:137} INFO - [2023-03-04T16:02:46.960+0100] {dagbag.py:537} INFO - Filling up the DagBag from /Users/uab910/dev/nnam-poc/pyenv/lib/python3.10/site-packages/airflow/example_dags/subdags/subdag.py
[2023-03-04T16:02:46.976+0100] {processor.py:768} WARNING - No viable dags retrieved from /Users/uab910/dev/nnam-poc/pyenv/lib/python3.10/site-packages/airflow/example_dags/subdags/subdag.py
[2023-03-04T16:02:47.109+0100] {processor.py:176} INFO - Processing /Users/uab910/dev/nnam-poc/pyenv/lib/python3.10/site-packages/airflow/example_dags/subdags/subdag.py took 0.155 seconds
[2023-03-04T16:03:33.225+0100] {processor.py:154} INFO - Started process (PID=64357) to work on /Users/uab910/dev/nnam-poc/pyenv/lib/python3.10/site-packages/airflow/example_dags/subdags/subdag.py
[2023-03-04T16:03:33.230+0100] {processor.py:756} INFO - Processing file /Users/uab910/dev/nnam-poc/pyenv/lib/python3.10/site-packages/airflow/example_dags/subdags/subdag.py for tasks to queue
[2023-03-04T16:03:33.230+0100] {logging_mixin.py:137} INFO - [2023-03-04T16:03:33.230+0100] {dagbag.py:537} INFO - Filling up the DagBag from /Users/uab910/dev/nnam-poc/pyenv/lib/python3.10/site-packages/airflow/example_dags/subdags/subdag.py
[2023-03-04T16:03:33.246+0100] {processor.py:768} WARNING - No viable dags retrieved from /Users/uab910/dev/nnam-poc/pyenv/lib/python3.10/site-packages/airflow/example_dags/subdags/subdag.py
[2023-03-04T16:03:33.360+0100] {processor.py:176} INFO - Processing /Users/uab910/dev/nnam-poc/pyenv/lib/python3.10/site-packages/airflow/example_dags/subdags/subdag.py took 0.136 seconds
[2023-03-04T16:04:18.288+0100] {processor.py:154} INFO - Started process (PID=64390) to work on /Users/uab910/dev/nnam-poc/pyenv/lib/python3.10/site-packages/airflow/example_dags/subdags/subdag.py
[2023-03-04T16:04:18.292+0100] {processor.py:756} INFO - Processing file /Users/uab910/dev/nnam-poc/pyenv/lib/python3.10/site-packages/airflow/example_dags/subdags/subdag.py for tasks to queue
[2023-03-04T16:04:18.292+0100] {logging_mixin.py:137} INFO - [2023-03-04T16:04:18.292+0100] {dagbag.py:537} INFO - Filling up the DagBag from /Users/uab910/dev/nnam-poc/pyenv/lib/python3.10/site-packages/airflow/example_dags/subdags/subdag.py
[2023-03-04T16:04:18.306+0100] {processor.py:768} WARNING - No viable dags retrieved from /Users/uab910/dev/nnam-poc/pyenv/lib/python3.10/site-packages/airflow/example_dags/subdags/subdag.py
[2023-03-04T16:04:18.420+0100] {processor.py:176} INFO - Processing /Users/uab910/dev/nnam-poc/pyenv/lib/python3.10/site-packages/airflow/example_dags/subdags/subdag.py took 0.133 seconds
